[0.522s] Invoking command in '/home/qty/ros2_ws/build/hoverboard_msgs': CMAKE_PREFIX_PATH=${CMAKE_PREFIX_PATH}:/home/qty/ros2_ws/install/hoverboard_controller:/home/qty/ros2_ws/install/hoverBoardController:/home/qty/ros2_ws/install/examples_rclpy_minimal_subscriber:/home/qty/ros2_ws/install/examples_rclpy_minimal_service:/home/qty/ros2_ws/install/examples_rclpy_minimal_publisher:/home/qty/ros2_ws/install/examples_rclpy_minimal_client:/home/qty/ros2_ws/install/examples_rclpy_minimal_action_server:/home/qty/ros2_ws/install/examples_rclpy_minimal_action_client:/home/qty/ros2_ws/install/examples_rclpy_executors:/opt/ros/foxy /usr/bin/cmake --build /home/qty/ros2_ws/build/hoverboard_msgs -- -j16 -l16
[0.543s] -- Found ament_cmake: 0.9.12 (/opt/ros/foxy/share/ament_cmake/cmake)
[0.575s] -- Found PythonInterp: /usr/bin/python3 (found suitable version "3.8.10", minimum required is "3") 
[0.575s] -- Using PYTHON_EXECUTABLE: /usr/bin/python3
[0.742s] -- Override CMake install command with custom implementation using symlinks instead of copying resources
[0.749s] -- Found ament_lint_auto: 0.9.8 (/opt/ros/foxy/share/ament_lint_auto/cmake)
[0.805s] -- Found rosidl_default_generators: 1.0.1 (/opt/ros/foxy/share/rosidl_default_generators/cmake)
[0.809s] -- Using all available rosidl_typesupport_c: rosidl_typesupport_fastrtps_c;rosidl_typesupport_introspection_c
[0.812s] -- Found rosidl_adapter: 1.3.1 (/opt/ros/foxy/share/rosidl_adapter/cmake)
[0.909s] -- Using all available rosidl_typesupport_cpp: rosidl_typesupport_fastrtps_cpp;rosidl_typesupport_introspection_cpp
[0.950s] -- Found PythonInterp: /usr/bin/python3 (found version "3.8.10") 
[1.008s] -- Found ament_cmake_ros: 0.9.2 (/opt/ros/foxy/share/ament_cmake_ros/cmake)
[1.089s] -- Using all available rosidl_typesupport_c: rosidl_typesupport_fastrtps_c;rosidl_typesupport_introspection_c
[1.096s] -- Using all available rosidl_typesupport_cpp: rosidl_typesupport_fastrtps_cpp;rosidl_typesupport_introspection_cpp
[1.124s] -- Found PythonInterp: /usr/bin/python3 (found suitable version "3.8.10", minimum required is "3.5") 
[1.124s] -- Found python_cmake_module: 0.8.1 (/opt/ros/foxy/share/python_cmake_module/cmake)
[1.152s] -- Using PYTHON_EXECUTABLE: /usr/bin/python3
[1.152s] -- Using PYTHON_INCLUDE_DIRS: /usr/include/python3.8
[1.152s] -- Using PYTHON_LIBRARIES: /usr/lib/x86_64-linux-gnu/libpython3.8.so
[1.173s] -- Added test 'copyright' to check source files copyright and LICENSE
[1.174s] -- Added test 'lint_cmake' to check CMake code style
[1.174s] -- Added test 'xmllint' to check XML markup files
[1.180s] -- Configuring done
[1.200s] -- Generating done
[1.202s] -- Build files have been written to: /home/qty/ros2_ws/build/hoverboard_msgs
[1.219s] [  2%] [34m[1mGenerating C code for ROS interfaces[0m
[1.227s] [  5%] [34m[1mGenerating C++ code for ROS interfaces[0m
[1.436s] [  5%] Built target hoverboard_msgs__cpp
[1.443s] [ 12%] [34m[1mGenerating C++ type support for eProsima Fast-RTPS[0m
[1.443s] [ 12%] [34m[1mGenerating C++ type support dispatch for ROS interfaces[0m
[1.443s] [ 12%] [34m[1mGenerating C++ introspection for ROS interfaces[0m
[1.443s] [35m[1mScanning dependencies of target hoverboard_msgs__rosidl_generator_c[0m
[1.452s] [ 17%] [32mBuilding C object CMakeFiles/hoverboard_msgs__rosidl_generator_c.dir/rosidl_generator_c/hoverboard_msgs/msg/detail/sonar_msg__functions.c.o[0m
[1.452s] [ 17%] [32mBuilding C object CMakeFiles/hoverboard_msgs__rosidl_generator_c.dir/rosidl_generator_c/hoverboard_msgs/msg/detail/temp_msg__functions.c.o[0m
[1.463s] In file included from [01m[K/home/qty/ros2_ws/build/hoverboard_msgs/rosidl_generator_c/hoverboard_msgs/msg/detail/temp_msg__functions.h:19[m[K,
[1.463s]                  from [01m[K/home/qty/ros2_ws/build/hoverboard_msgs/rosidl_generator_c/hoverboard_msgs/msg/detail/temp_msg__functions.c:4[m[K:
[1.463s] [01m[K/home/qty/ros2_ws/build/hoverboard_msgs/rosidl_generator_c/hoverboard_msgs/msg/detail/temp_msg__struct.h:22:10:[m[K [01;31m[Kfatal error: [m[Khoverboard_msgs/msg/detail/time__struct.h: No such file or directory
[1.463s]    22 | #include [01;31m[K"hoverboard_msgs/msg/detail/time__struct.h"[m[K
[1.463s]       |          [01;31m[K^~~~~~~~~~~~~~~~~~~~~~~~~~~~~~~~~~~~~~~~~~~[m[K
[1.463s] compilation terminated.
[1.463s] make[2]: *** [CMakeFiles/hoverboard_msgs__rosidl_generator_c.dir/build.make:121: CMakeFiles/hoverboard_msgs__rosidl_generator_c.dir/rosidl_generator_c/hoverboard_msgs/msg/detail/temp_msg__functions.c.o] Error 1
[1.463s] make[2]: *** Waiting for unfinished jobs....
[1.480s] make[1]: *** [CMakeFiles/Makefile2:362: CMakeFiles/hoverboard_msgs__rosidl_generator_c.dir/all] Error 2
[1.480s] make[1]: *** Waiting for unfinished jobs....
[1.620s] [35m[1mScanning dependencies of target hoverboard_msgs__rosidl_typesupport_cpp[0m
[1.628s] [ 23%] [32mBuilding CXX object CMakeFiles/hoverboard_msgs__rosidl_typesupport_cpp.dir/rosidl_typesupport_cpp/hoverboard_msgs/msg/temp_msg__type_support.cpp.o[0m
[1.628s] [ 23%] [32mBuilding CXX object CMakeFiles/hoverboard_msgs__rosidl_typesupport_cpp.dir/rosidl_typesupport_cpp/hoverboard_msgs/msg/sonar_msg__type_support.cpp.o[0m
[1.633s] [35m[1mScanning dependencies of target hoverboard_msgs__rosidl_typesupport_introspection_cpp[0m
[1.643s] [ 25%] [32mBuilding CXX object CMakeFiles/hoverboard_msgs__rosidl_typesupport_introspection_cpp.dir/rosidl_typesupport_introspection_cpp/hoverboard_msgs/msg/detail/sonar_msg__type_support.cpp.o[0m
[1.644s] [ 28%] [32mBuilding CXX object CMakeFiles/hoverboard_msgs__rosidl_typesupport_introspection_cpp.dir/rosidl_typesupport_introspection_cpp/hoverboard_msgs/msg/detail/temp_msg__type_support.cpp.o[0m
[1.651s] [35m[1mScanning dependencies of target hoverboard_msgs__rosidl_typesupport_fastrtps_cpp[0m
[1.660s] [ 33%] [32mBuilding CXX object CMakeFiles/hoverboard_msgs__rosidl_typesupport_fastrtps_cpp.dir/rosidl_typesupport_fastrtps_cpp/hoverboard_msgs/msg/detail/dds_fastrtps/temp_msg__type_support.cpp.o[0m
[1.661s] [ 33%] [32mBuilding CXX object CMakeFiles/hoverboard_msgs__rosidl_typesupport_fastrtps_cpp.dir/rosidl_typesupport_fastrtps_cpp/hoverboard_msgs/msg/detail/dds_fastrtps/sonar_msg__type_support.cpp.o[0m
[1.661s] In file included from [01m[K/home/qty/ros2_ws/build/hoverboard_msgs/rosidl_typesupport_cpp/hoverboard_msgs/msg/temp_msg__type_support.cpp:7[m[K:
[1.661s] [01m[K/home/qty/ros2_ws/build/hoverboard_msgs/rosidl_generator_cpp/hoverboard_msgs/msg/detail/temp_msg__struct.hpp:19:10:[m[K [01;31m[Kfatal error: [m[Khoverboard_msgs/msg/detail/time__struct.hpp: No such file or directory
[1.661s]    19 | #include [01;31m[K"hoverboard_msgs/msg/detail/time__struct.hpp"[m[K
[1.662s]       |          [01;31m[K^~~~~~~~~~~~~~~~~~~~~~~~~~~~~~~~~~~~~~~~~~~~~[m[K
[1.662s] compilation terminated.
[1.662s] make[2]: *** [CMakeFiles/hoverboard_msgs__rosidl_typesupport_cpp.dir/build.make:90: CMakeFiles/hoverboard_msgs__rosidl_typesupport_cpp.dir/rosidl_typesupport_cpp/hoverboard_msgs/msg/temp_msg__type_support.cpp.o] Error 1
[1.662s] make[2]: *** Waiting for unfinished jobs....
[1.678s] In file included from [01m[K/home/qty/ros2_ws/build/hoverboard_msgs/rosidl_typesupport_introspection_cpp/hoverboard_msgs/msg/detail/temp_msg__type_support.cpp:12[m[K:
[1.678s] [01m[K/home/qty/ros2_ws/build/hoverboard_msgs/rosidl_generator_cpp/hoverboard_msgs/msg/detail/temp_msg__struct.hpp:19:10:[m[K [01;31m[Kfatal error: [m[Khoverboard_msgs/msg/detail/time__struct.hpp: No such file or directory
[1.678s]    19 | #include [01;31m[K"hoverboard_msgs/msg/detail/time__struct.hpp"[m[K
[1.678s]       |          [01;31m[K^~~~~~~~~~~~~~~~~~~~~~~~~~~~~~~~~~~~~~~~~~~~~[m[K
[1.679s] compilation terminated.
[1.679s] make[2]: *** [CMakeFiles/hoverboard_msgs__rosidl_typesupport_introspection_cpp.dir/build.make:98: CMakeFiles/hoverboard_msgs__rosidl_typesupport_introspection_cpp.dir/rosidl_typesupport_introspection_cpp/hoverboard_msgs/msg/detail/temp_msg__type_support.cpp.o] Error 1
[1.679s] make[2]: *** Waiting for unfinished jobs....
[1.692s] In file included from [01m[K/home/qty/ros2_ws/build/hoverboard_msgs/rosidl_typesupport_fastrtps_cpp/hoverboard_msgs/msg/detail/temp_msg__rosidl_typesupport_fastrtps_cpp.hpp:11[m[K,
[1.693s]                  from [01m[K/home/qty/ros2_ws/build/hoverboard_msgs/rosidl_typesupport_fastrtps_cpp/hoverboard_msgs/msg/detail/dds_fastrtps/temp_msg__type_support.cpp:4[m[K:
[1.693s] [01m[K/home/qty/ros2_ws/build/hoverboard_msgs/rosidl_generator_cpp/hoverboard_msgs/msg/detail/temp_msg__struct.hpp:19:10:[m[K [01;31m[Kfatal error: [m[Khoverboard_msgs/msg/detail/time__struct.hpp: No such file or directory
[1.693s]    19 | #include [01;31m[K"hoverboard_msgs/msg/detail/time__struct.hpp"[m[K
[1.694s]       |          [01;31m[K^~~~~~~~~~~~~~~~~~~~~~~~~~~~~~~~~~~~~~~~~~~~~[m[K
[1.694s] compilation terminated.
[1.694s] make[2]: *** [CMakeFiles/hoverboard_msgs__rosidl_typesupport_fastrtps_cpp.dir/build.make:98: CMakeFiles/hoverboard_msgs__rosidl_typesupport_fastrtps_cpp.dir/rosidl_typesupport_fastrtps_cpp/hoverboard_msgs/msg/detail/dds_fastrtps/temp_msg__type_support.cpp.o] Error 1
[1.694s] make[2]: *** Waiting for unfinished jobs....
[1.828s] make[1]: *** [CMakeFiles/Makefile2:526: CMakeFiles/hoverboard_msgs__rosidl_typesupport_cpp.dir/all] Error 2
[1.840s] make[1]: *** [CMakeFiles/Makefile2:244: CMakeFiles/hoverboard_msgs__rosidl_typesupport_introspection_cpp.dir/all] Error 2
[1.956s] make[1]: *** [CMakeFiles/Makefile2:445: CMakeFiles/hoverboard_msgs__rosidl_typesupport_fastrtps_cpp.dir/all] Error 2
[1.956s] make: *** [Makefile:141: all] Error 2
[1.959s] Invoked command in '/home/qty/ros2_ws/build/hoverboard_msgs' returned '2': CMAKE_PREFIX_PATH=${CMAKE_PREFIX_PATH}:/home/qty/ros2_ws/install/hoverboard_controller:/home/qty/ros2_ws/install/hoverBoardController:/home/qty/ros2_ws/install/examples_rclpy_minimal_subscriber:/home/qty/ros2_ws/install/examples_rclpy_minimal_service:/home/qty/ros2_ws/install/examples_rclpy_minimal_publisher:/home/qty/ros2_ws/install/examples_rclpy_minimal_client:/home/qty/ros2_ws/install/examples_rclpy_minimal_action_server:/home/qty/ros2_ws/install/examples_rclpy_minimal_action_client:/home/qty/ros2_ws/install/examples_rclpy_executors:/opt/ros/foxy /usr/bin/cmake --build /home/qty/ros2_ws/build/hoverboard_msgs -- -j16 -l16
