[0.498s] Invoking command in '/home/qty/ros2_ws/build/rplidar_ros': CMAKE_PREFIX_PATH=${CMAKE_PREFIX_PATH}:/home/qty/ros2_ws/install/hoverboard_controller:/opt/ros/foxy /usr/bin/cmake --build /home/qty/ros2_ws/build/rplidar_ros -- -j16 -l16
[0.585s] [ 77%] Built target rplidar_composition_node
[0.585s] [ 77%] Built target rplidarNode
[0.586s] [ 88%] Built target rplidarNodeClient
[0.629s] [100%] Built target rplidar_composition
[0.643s] Invoked command in '/home/qty/ros2_ws/build/rplidar_ros' returned '0': CMAKE_PREFIX_PATH=${CMAKE_PREFIX_PATH}:/home/qty/ros2_ws/install/hoverboard_controller:/opt/ros/foxy /usr/bin/cmake --build /home/qty/ros2_ws/build/rplidar_ros -- -j16 -l16
[0.870s] Invoking command in '/home/qty/ros2_ws/build/rplidar_ros': CMAKE_PREFIX_PATH=${CMAKE_PREFIX_PATH}:/home/qty/ros2_ws/install/hoverboard_controller:/opt/ros/foxy /usr/bin/cmake --install /home/qty/ros2_ws/build/rplidar_ros
[0.886s] -- Install configuration: ""
[0.886s] -- Execute custom install script
[0.887s] -- Up-to-date symlink: /home/qty/ros2_ws/install/rplidar_ros/lib/rplidar_ros/rplidarNode
[0.887s] -- Up-to-date symlink: /home/qty/ros2_ws/install/rplidar_ros/lib/rplidar_ros/rplidarNodeClient
[0.888s] -- Up-to-date symlink: /home/qty/ros2_ws/install/rplidar_ros/lib/rplidar_ros/rplidar_composition
[0.889s] -- Up-to-date symlink: /home/qty/ros2_ws/install/rplidar_ros/share/rplidar_ros/launch/rplidar.launch.py
[0.889s] -- Up-to-date symlink: /home/qty/ros2_ws/install/rplidar_ros/share/rplidar_ros/launch/rplidar_a3.launch.py
[0.889s] -- Up-to-date symlink: /home/qty/ros2_ws/install/rplidar_ros/share/rplidar_ros/launch/rplidar_s1.launch.py
[0.889s] -- Up-to-date symlink: /home/qty/ros2_ws/install/rplidar_ros/share/rplidar_ros/launch/rplidar_s1_tcp.launch.py
[0.889s] -- Up-to-date symlink: /home/qty/ros2_ws/install/rplidar_ros/share/rplidar_ros/launch/test_rplidar.launch.py
[0.889s] -- Up-to-date symlink: /home/qty/ros2_ws/install/rplidar_ros/share/rplidar_ros/launch/test_rplidar_a3.launch.py
[0.889s] -- Up-to-date symlink: /home/qty/ros2_ws/install/rplidar_ros/share/rplidar_ros/launch/view_rplidar.launch.py
[0.890s] -- Up-to-date symlink: /home/qty/ros2_ws/install/rplidar_ros/share/rplidar_ros/launch/view_rplidar_a3.launch.py
[0.890s] -- Up-to-date symlink: /home/qty/ros2_ws/install/rplidar_ros/share/rplidar_ros/launch/view_rplidar_s1.launch.py
[0.890s] -- Up-to-date symlink: /home/qty/ros2_ws/install/rplidar_ros/share/rplidar_ros/launch/view_rplidar_s1_tcp.launch.py
[0.890s] -- Up-to-date symlink: /home/qty/ros2_ws/install/rplidar_ros/share/rplidar_ros/rviz/rplidar.rviz
[0.890s] -- Up-to-date symlink: /home/qty/ros2_ws/install/rplidar_ros/lib/librplidar_composition_node.so
[0.891s] -- Up-to-date symlink: /home/qty/ros2_ws/install/rplidar_ros/include/rplidar_node.hpp
[0.891s] -- Up-to-date symlink: /home/qty/ros2_ws/install/rplidar_ros/include/visibility.h
[0.891s] -- Up-to-date symlink: /home/qty/ros2_ws/install/rplidar_ros/lib/rplidar_ros/rplidarNode
[0.892s] -- Up-to-date symlink: /home/qty/ros2_ws/install/rplidar_ros/lib/rplidar_ros/rplidarNodeClient
[0.893s] -- Up-to-date symlink: /home/qty/ros2_ws/install/rplidar_ros/lib/rplidar_ros/rplidar_composition
[0.893s] -- Up-to-date symlink: /home/qty/ros2_ws/install/rplidar_ros/share/ament_index/resource_index/package_run_dependencies/rplidar_ros
[0.894s] -- Up-to-date symlink: /home/qty/ros2_ws/install/rplidar_ros/share/ament_index/resource_index/parent_prefix_path/rplidar_ros
[0.894s] -- Up-to-date symlink: /home/qty/ros2_ws/install/rplidar_ros/share/rplidar_ros/environment/ament_prefix_path.sh
[0.895s] -- Up-to-date symlink: /home/qty/ros2_ws/install/rplidar_ros/share/rplidar_ros/environment/ament_prefix_path.dsv
[0.895s] -- Up-to-date symlink: /home/qty/ros2_ws/install/rplidar_ros/share/rplidar_ros/environment/path.sh
[0.896s] -- Up-to-date symlink: /home/qty/ros2_ws/install/rplidar_ros/share/rplidar_ros/environment/path.dsv
[0.896s] -- Up-to-date symlink: /home/qty/ros2_ws/install/rplidar_ros/share/rplidar_ros/local_setup.bash
[0.897s] -- Up-to-date symlink: /home/qty/ros2_ws/install/rplidar_ros/share/rplidar_ros/local_setup.sh
[0.897s] -- Up-to-date symlink: /home/qty/ros2_ws/install/rplidar_ros/share/rplidar_ros/local_setup.zsh
[0.898s] -- Up-to-date symlink: /home/qty/ros2_ws/install/rplidar_ros/share/rplidar_ros/local_setup.dsv
[0.898s] -- Symlinking: /home/qty/ros2_ws/install/rplidar_ros/share/rplidar_ros/package.dsv
[0.908s] -- Up-to-date symlink: /home/qty/ros2_ws/install/rplidar_ros/share/ament_index/resource_index/packages/rplidar_ros
[0.908s] -- Up-to-date symlink: /home/qty/ros2_ws/install/rplidar_ros/share/rplidar_ros/cmake/ament_cmake_export_dependencies-extras.cmake
[0.909s] -- Up-to-date symlink: /home/qty/ros2_ws/install/rplidar_ros/share/rplidar_ros/cmake/ament_cmake_export_include_directories-extras.cmake
[0.909s] -- Up-to-date symlink: /home/qty/ros2_ws/install/rplidar_ros/share/rplidar_ros/cmake/rplidar_rosConfig.cmake
[0.910s] -- Up-to-date symlink: /home/qty/ros2_ws/install/rplidar_ros/share/rplidar_ros/cmake/rplidar_rosConfig-version.cmake
[0.911s] -- Up-to-date symlink: /home/qty/ros2_ws/install/rplidar_ros/share/rplidar_ros/package.xml
[1.428s] Invoked command in '/home/qty/ros2_ws/build/rplidar_ros' returned '0': CMAKE_PREFIX_PATH=${CMAKE_PREFIX_PATH}:/home/qty/ros2_ws/install/hoverboard_controller:/opt/ros/foxy /usr/bin/cmake --install /home/qty/ros2_ws/build/rplidar_ros
