[0.323s] Invoking command in '/home/qty/ros2_ws/build/hoverboard_msgs': CMAKE_PREFIX_PATH=${CMAKE_PREFIX_PATH}:/home/qty/ros2_ws/install/hoverboard_controller:/opt/ros/foxy /usr/bin/cmake /home/qty/ros2_ws/src/hoverboard_msgs -DCMAKE_INSTALL_PREFIX=/home/qty/ros2_ws/install/hoverboard_msgs
[0.350s] -- Found ament_cmake: 0.9.12 (/opt/ros/foxy/share/ament_cmake/cmake)
[0.383s] -- Found PythonInterp: /usr/bin/python3 (found suitable version "3.8.10", minimum required is "3") 
[0.384s] -- Using PYTHON_EXECUTABLE: /usr/bin/python3
[0.617s] -- Override CMake install command with custom implementation using symlinks instead of copying resources
[0.633s] -- Found ament_lint_auto: 0.9.8 (/opt/ros/foxy/share/ament_lint_auto/cmake)
[0.717s] -- Found rosidl_default_generators: 1.0.1 (/opt/ros/foxy/share/rosidl_default_generators/cmake)
[0.723s] -- Using all available rosidl_typesupport_c: rosidl_typesupport_fastrtps_c;rosidl_typesupport_introspection_c
[0.727s] -- Found rosidl_adapter: 1.3.1 (/opt/ros/foxy/share/rosidl_adapter/cmake)
[0.919s] -- Using all available rosidl_typesupport_cpp: rosidl_typesupport_fastrtps_cpp;rosidl_typesupport_introspection_cpp
[0.948s] -- Found builtin_interfaces: 1.0.0 (/opt/ros/foxy/share/builtin_interfaces/cmake)
[0.962s] -- Found std_msgs: 2.0.5 (/opt/ros/foxy/share/std_msgs/cmake)
[1.021s] -- Found PythonInterp: /usr/bin/python3 (found version "3.8.10") 
[1.178s] -- Found ament_cmake_ros: 0.9.2 (/opt/ros/foxy/share/ament_cmake_ros/cmake)
[1.399s] -- Using all available rosidl_typesupport_c: rosidl_typesupport_fastrtps_c;rosidl_typesupport_introspection_c
[1.479s] -- Using all available rosidl_typesupport_cpp: rosidl_typesupport_fastrtps_cpp;rosidl_typesupport_introspection_cpp
[1.522s] -- Found PythonInterp: /usr/bin/python3 (found suitable version "3.8.10", minimum required is "3.5") 
[1.522s] -- Found python_cmake_module: 0.8.1 (/opt/ros/foxy/share/python_cmake_module/cmake)
[1.560s] -- Using PYTHON_EXECUTABLE: /usr/bin/python3
[1.560s] -- Using PYTHON_INCLUDE_DIRS: /usr/include/python3.8
[1.561s] -- Using PYTHON_LIBRARIES: /usr/lib/x86_64-linux-gnu/libpython3.8.so
[1.626s] -- Added test 'copyright' to check source files copyright and LICENSE
[1.629s] -- Added test 'lint_cmake' to check CMake code style
[1.630s] -- Added test 'xmllint' to check XML markup files
[1.644s] -- Configuring done
[1.727s] -- Generating done
[1.731s] -- Build files have been written to: /home/qty/ros2_ws/build/hoverboard_msgs
[1.864s] Invoked command in '/home/qty/ros2_ws/build/hoverboard_msgs' returned '0': CMAKE_PREFIX_PATH=${CMAKE_PREFIX_PATH}:/home/qty/ros2_ws/install/hoverboard_controller:/opt/ros/foxy /usr/bin/cmake /home/qty/ros2_ws/src/hoverboard_msgs -DCMAKE_INSTALL_PREFIX=/home/qty/ros2_ws/install/hoverboard_msgs
[1.868s] Invoking command in '/home/qty/ros2_ws/build/hoverboard_msgs': CMAKE_PREFIX_PATH=${CMAKE_PREFIX_PATH}:/home/qty/ros2_ws/install/hoverboard_controller:/opt/ros/foxy /usr/bin/cmake --build /home/qty/ros2_ws/build/hoverboard_msgs -- -j16 -l16
[1.965s] [  2%] Built target hoverboard_msgs__cpp
[1.966s] [ 12%] Built target hoverboard_msgs__rosidl_generator_c
[1.966s] [ 43%] Built target hoverboard_msgs__rosidl_typesupport_c
[1.966s] [ 43%] Built target hoverboard_msgs__rosidl_typesupport_introspection_c
[1.966s] [ 43%] Built target hoverboard_msgs__rosidl_typesupport_introspection_cpp
[1.966s] [ 53%] Built target hoverboard_msgs__rosidl_typesupport_cpp
[1.967s] [ 64%] Built target hoverboard_msgs__rosidl_typesupport_fastrtps_cpp
[1.988s] [ 74%] Built target hoverboard_msgs__rosidl_typesupport_fastrtps_c
[2.014s] [ 74%] Built target hoverboard_msgs
[2.037s] [ 76%] Built target hoverboard_msgs__py
[2.068s] [ 84%] Built target hoverboard_msgs__python
[2.101s] [ 89%] Built target hoverboard_msgs__rosidl_typesupport_fastrtps_c__pyext
[2.103s] [ 94%] Built target hoverboard_msgs__rosidl_typesupport_c__pyext
[2.104s] [100%] Built target hoverboard_msgs__rosidl_typesupport_introspection_c__pyext
[2.119s] Invoked command in '/home/qty/ros2_ws/build/hoverboard_msgs' returned '0': CMAKE_PREFIX_PATH=${CMAKE_PREFIX_PATH}:/home/qty/ros2_ws/install/hoverboard_controller:/opt/ros/foxy /usr/bin/cmake --build /home/qty/ros2_ws/build/hoverboard_msgs -- -j16 -l16
[2.193s] Invoking command in '/home/qty/ros2_ws/build/hoverboard_msgs': CMAKE_PREFIX_PATH=${CMAKE_PREFIX_PATH}:/home/qty/ros2_ws/install/hoverboard_controller:/opt/ros/foxy /usr/bin/cmake --install /home/qty/ros2_ws/build/hoverboard_msgs
[2.202s] -- Install configuration: ""
[2.203s] -- Execute custom install script
[2.203s] -- Up-to-date symlink: /home/qty/ros2_ws/install/hoverboard_msgs/share/ament_index/resource_index/rosidl_interfaces/hoverboard_msgs
[2.204s] -- Up-to-date symlink: /home/qty/ros2_ws/install/hoverboard_msgs/include/hoverboard_msgs/msg/detail/sonar_msg__functions.h
[2.204s] -- Up-to-date symlink: /home/qty/ros2_ws/install/hoverboard_msgs/include/hoverboard_msgs/msg/detail/sonar_msg__struct.h
[2.204s] -- Up-to-date symlink: /home/qty/ros2_ws/install/hoverboard_msgs/include/hoverboard_msgs/msg/detail/sonar_msg__type_support.h
[2.204s] -- Up-to-date symlink: /home/qty/ros2_ws/install/hoverboard_msgs/include/hoverboard_msgs/msg/detail/temp_msg__functions.h
[2.204s] -- Up-to-date symlink: /home/qty/ros2_ws/install/hoverboard_msgs/include/hoverboard_msgs/msg/detail/temp_msg__struct.h
[2.205s] -- Up-to-date symlink: /home/qty/ros2_ws/install/hoverboard_msgs/include/hoverboard_msgs/msg/detail/temp_msg__type_support.h
[2.205s] -- Up-to-date symlink: /home/qty/ros2_ws/install/hoverboard_msgs/include/hoverboard_msgs/msg/rosidl_generator_c__visibility_control.h
[2.205s] -- Up-to-date symlink: /home/qty/ros2_ws/install/hoverboard_msgs/include/hoverboard_msgs/msg/sonar_msg.h
[2.205s] -- Up-to-date symlink: /home/qty/ros2_ws/install/hoverboard_msgs/include/hoverboard_msgs/msg/temp_msg.h
[2.205s] -- Up-to-date symlink: /home/qty/ros2_ws/install/hoverboard_msgs/share/hoverboard_msgs/environment/library_path.sh
[2.206s] -- Up-to-date symlink: /home/qty/ros2_ws/install/hoverboard_msgs/share/hoverboard_msgs/environment/library_path.dsv
[2.206s] -- Up-to-date symlink: /home/qty/ros2_ws/install/hoverboard_msgs/include/hoverboard_msgs/msg/detail/sonar_msg__rosidl_typesupport_fastrtps_c.h
[2.206s] -- Up-to-date symlink: /home/qty/ros2_ws/install/hoverboard_msgs/include/hoverboard_msgs/msg/detail/temp_msg__rosidl_typesupport_fastrtps_c.h
[2.207s] -- Up-to-date symlink: /home/qty/ros2_ws/install/hoverboard_msgs/include/hoverboard_msgs/msg/rosidl_typesupport_fastrtps_c__visibility_control.h
[2.207s] -- Up-to-date symlink: /home/qty/ros2_ws/install/hoverboard_msgs/lib/libhoverboard_msgs__rosidl_typesupport_fastrtps_c.so
[2.208s] -- Up-to-date symlink: /home/qty/ros2_ws/install/hoverboard_msgs/include/hoverboard_msgs/msg/detail/sonar_msg__rosidl_typesupport_fastrtps_cpp.hpp
[2.208s] -- Up-to-date symlink: /home/qty/ros2_ws/install/hoverboard_msgs/include/hoverboard_msgs/msg/detail/temp_msg__rosidl_typesupport_fastrtps_cpp.hpp
[2.208s] -- Up-to-date symlink: /home/qty/ros2_ws/install/hoverboard_msgs/include/hoverboard_msgs/msg/rosidl_typesupport_fastrtps_cpp__visibility_control.h
[2.208s] -- Up-to-date symlink: /home/qty/ros2_ws/install/hoverboard_msgs/lib/libhoverboard_msgs__rosidl_typesupport_fastrtps_cpp.so
[2.209s] -- Up-to-date symlink: /home/qty/ros2_ws/install/hoverboard_msgs/include/hoverboard_msgs/msg/detail/sonar_msg__rosidl_typesupport_introspection_c.h
[2.209s] -- Up-to-date symlink: /home/qty/ros2_ws/install/hoverboard_msgs/include/hoverboard_msgs/msg/detail/temp_msg__rosidl_typesupport_introspection_c.h
[2.209s] -- Up-to-date symlink: /home/qty/ros2_ws/install/hoverboard_msgs/include/hoverboard_msgs/msg/rosidl_typesupport_introspection_c__visibility_control.h
[2.210s] -- Up-to-date symlink: /home/qty/ros2_ws/install/hoverboard_msgs/include/hoverboard_msgs/msg/detail/sonar_msg__builder.hpp
[2.210s] -- Up-to-date symlink: /home/qty/ros2_ws/install/hoverboard_msgs/include/hoverboard_msgs/msg/detail/sonar_msg__struct.hpp
[2.210s] -- Up-to-date symlink: /home/qty/ros2_ws/install/hoverboard_msgs/include/hoverboard_msgs/msg/detail/sonar_msg__traits.hpp
[2.211s] -- Up-to-date symlink: /home/qty/ros2_ws/install/hoverboard_msgs/include/hoverboard_msgs/msg/detail/sonar_msg__type_support.hpp
[2.211s] -- Up-to-date symlink: /home/qty/ros2_ws/install/hoverboard_msgs/include/hoverboard_msgs/msg/detail/temp_msg__builder.hpp
[2.211s] -- Up-to-date symlink: /home/qty/ros2_ws/install/hoverboard_msgs/include/hoverboard_msgs/msg/detail/temp_msg__struct.hpp
[2.211s] -- Up-to-date symlink: /home/qty/ros2_ws/install/hoverboard_msgs/include/hoverboard_msgs/msg/detail/temp_msg__traits.hpp
[2.211s] -- Up-to-date symlink: /home/qty/ros2_ws/install/hoverboard_msgs/include/hoverboard_msgs/msg/detail/temp_msg__type_support.hpp
[2.211s] -- Up-to-date symlink: /home/qty/ros2_ws/install/hoverboard_msgs/include/hoverboard_msgs/msg/rosidl_generator_cpp__visibility_control.hpp
[2.211s] -- Up-to-date symlink: /home/qty/ros2_ws/install/hoverboard_msgs/include/hoverboard_msgs/msg/sonar_msg.hpp
[2.212s] -- Up-to-date symlink: /home/qty/ros2_ws/install/hoverboard_msgs/include/hoverboard_msgs/msg/temp_msg.hpp
[2.212s] -- Up-to-date symlink: /home/qty/ros2_ws/install/hoverboard_msgs/include/hoverboard_msgs/msg/detail/sonar_msg__rosidl_typesupport_introspection_cpp.hpp
[2.212s] -- Up-to-date symlink: /home/qty/ros2_ws/install/hoverboard_msgs/include/hoverboard_msgs/msg/detail/temp_msg__rosidl_typesupport_introspection_cpp.hpp
[2.213s] -- Up-to-date symlink: /home/qty/ros2_ws/install/hoverboard_msgs/share/hoverboard_msgs/environment/pythonpath.sh
[2.213s] -- Up-to-date symlink: /home/qty/ros2_ws/install/hoverboard_msgs/share/hoverboard_msgs/environment/pythonpath.dsv
[2.213s] -- Up-to-date symlink: /home/qty/ros2_ws/install/hoverboard_msgs/lib/python3.8/site-packages/hoverboard_msgs/__init__.py
[2.214s] -- Up-to-date symlink: /home/qty/ros2_ws/install/hoverboard_msgs/lib/python3.8/site-packages/hoverboard_msgs/msg/__init__.py
[2.214s] -- Up-to-date symlink: /home/qty/ros2_ws/install/hoverboard_msgs/lib/python3.8/site-packages/hoverboard_msgs/msg/_sonar_msg.py
[2.214s] -- Up-to-date symlink: /home/qty/ros2_ws/install/hoverboard_msgs/lib/python3.8/site-packages/hoverboard_msgs/msg/_temp_msg.py
[2.215s] -- Up-to-date symlink: /home/qty/ros2_ws/install/hoverboard_msgs/lib/python3.8/site-packages/hoverboard_msgs/hoverboard_msgs_s__rosidl_typesupport_fastrtps_c.cpython-38-x86_64-linux-gnu.so
[2.215s] -- Up-to-date symlink: /home/qty/ros2_ws/install/hoverboard_msgs/lib/python3.8/site-packages/hoverboard_msgs/hoverboard_msgs_s__rosidl_typesupport_introspection_c.cpython-38-x86_64-linux-gnu.so
[2.216s] -- Up-to-date symlink: /home/qty/ros2_ws/install/hoverboard_msgs/lib/python3.8/site-packages/hoverboard_msgs/hoverboard_msgs_s__rosidl_typesupport_c.cpython-38-x86_64-linux-gnu.so
[2.216s] -- Up-to-date symlink: /home/qty/ros2_ws/install/hoverboard_msgs/lib/libhoverboard_msgs__python.so
[2.216s] -- Up-to-date symlink: /home/qty/ros2_ws/install/hoverboard_msgs/share/hoverboard_msgs/msg/SonarMsg.idl
[2.217s] -- Up-to-date symlink: /home/qty/ros2_ws/install/hoverboard_msgs/share/hoverboard_msgs/msg/TempMsg.idl
[2.217s] -- Up-to-date symlink: /home/qty/ros2_ws/install/hoverboard_msgs/share/hoverboard_msgs/msg/SonarMsg.msg
[2.217s] -- Up-to-date symlink: /home/qty/ros2_ws/install/hoverboard_msgs/share/hoverboard_msgs/msg/TempMsg.msg
[2.218s] -- Up-to-date symlink: /home/qty/ros2_ws/install/hoverboard_msgs/share/ament_index/resource_index/package_run_dependencies/hoverboard_msgs
[2.218s] -- Up-to-date symlink: /home/qty/ros2_ws/install/hoverboard_msgs/share/ament_index/resource_index/parent_prefix_path/hoverboard_msgs
[2.218s] -- Up-to-date symlink: /home/qty/ros2_ws/install/hoverboard_msgs/share/hoverboard_msgs/environment/ament_prefix_path.sh
[2.218s] -- Up-to-date symlink: /home/qty/ros2_ws/install/hoverboard_msgs/share/hoverboard_msgs/environment/ament_prefix_path.dsv
[2.219s] -- Up-to-date symlink: /home/qty/ros2_ws/install/hoverboard_msgs/share/hoverboard_msgs/environment/path.sh
[2.219s] -- Up-to-date symlink: /home/qty/ros2_ws/install/hoverboard_msgs/share/hoverboard_msgs/environment/path.dsv
[2.219s] -- Up-to-date symlink: /home/qty/ros2_ws/install/hoverboard_msgs/share/hoverboard_msgs/local_setup.bash
[2.220s] -- Up-to-date symlink: /home/qty/ros2_ws/install/hoverboard_msgs/share/hoverboard_msgs/local_setup.sh
[2.220s] -- Up-to-date symlink: /home/qty/ros2_ws/install/hoverboard_msgs/share/hoverboard_msgs/local_setup.zsh
[2.220s] -- Up-to-date symlink: /home/qty/ros2_ws/install/hoverboard_msgs/share/hoverboard_msgs/local_setup.dsv
[2.220s] -- Symlinking: /home/qty/ros2_ws/install/hoverboard_msgs/share/hoverboard_msgs/package.dsv
[2.230s] -- Up-to-date symlink: /home/qty/ros2_ws/install/hoverboard_msgs/share/ament_index/resource_index/packages/hoverboard_msgs
[2.230s] -- Up-to-date symlink: /home/qty/ros2_ws/install/hoverboard_msgs/share/hoverboard_msgs/cmake/rosidl_cmake-extras.cmake
[2.230s] -- Up-to-date symlink: /home/qty/ros2_ws/install/hoverboard_msgs/share/hoverboard_msgs/cmake/ament_cmake_export_dependencies-extras.cmake
[2.231s] -- Up-to-date symlink: /home/qty/ros2_ws/install/hoverboard_msgs/share/hoverboard_msgs/cmake/ament_cmake_export_libraries-extras.cmake
[2.231s] -- Up-to-date symlink: /home/qty/ros2_ws/install/hoverboard_msgs/share/hoverboard_msgs/cmake/ament_cmake_export_targets-extras.cmake
[2.231s] -- Up-to-date symlink: /home/qty/ros2_ws/install/hoverboard_msgs/share/hoverboard_msgs/cmake/ament_cmake_export_include_directories-extras.cmake
[2.231s] -- Up-to-date symlink: /home/qty/ros2_ws/install/hoverboard_msgs/share/hoverboard_msgs/cmake/rosidl_cmake_export_typesupport_libraries-extras.cmake
[2.232s] -- Up-to-date symlink: /home/qty/ros2_ws/install/hoverboard_msgs/share/hoverboard_msgs/cmake/rosidl_cmake_export_typesupport_targets-extras.cmake
[2.232s] -- Up-to-date symlink: /home/qty/ros2_ws/install/hoverboard_msgs/share/hoverboard_msgs/cmake/hoverboard_msgsConfig.cmake
[2.232s] -- Up-to-date symlink: /home/qty/ros2_ws/install/hoverboard_msgs/share/hoverboard_msgs/cmake/hoverboard_msgsConfig-version.cmake
[2.232s] -- Up-to-date symlink: /home/qty/ros2_ws/install/hoverboard_msgs/share/hoverboard_msgs/package.xml
[2.233s] -- Up-to-date: /home/qty/ros2_ws/install/hoverboard_msgs/lib/libhoverboard_msgs__rosidl_generator_c.so
[2.233s] -- Up-to-date: /home/qty/ros2_ws/install/hoverboard_msgs/lib/libhoverboard_msgs__rosidl_typesupport_introspection_c.so
[2.234s] -- Up-to-date: /home/qty/ros2_ws/install/hoverboard_msgs/lib/libhoverboard_msgs__rosidl_typesupport_c.so
[2.234s] -- Up-to-date: /home/qty/ros2_ws/install/hoverboard_msgs/lib/libhoverboard_msgs__rosidl_typesupport_introspection_cpp.so
[2.235s] -- Up-to-date: /home/qty/ros2_ws/install/hoverboard_msgs/lib/libhoverboard_msgs__rosidl_typesupport_cpp.so
[2.269s] Compiling '/home/qty/ros2_ws/install/hoverboard_msgs/lib/python3.8/site-packages/hoverboard_msgs/__init__.py'...
[2.273s] -- Up-to-date: /home/qty/ros2_ws/install/hoverboard_msgs/share/hoverboard_msgs/cmake/hoverboard_msgs__rosidl_generator_cExport.cmake
[2.274s] -- Installing: /home/qty/ros2_ws/install/hoverboard_msgs/share/hoverboard_msgs/cmake/hoverboard_msgs__rosidl_generator_cExport-noconfig.cmake
[2.274s] -- Up-to-date: /home/qty/ros2_ws/install/hoverboard_msgs/share/hoverboard_msgs/cmake/hoverboard_msgs__rosidl_typesupport_introspection_cExport.cmake
[2.274s] -- Installing: /home/qty/ros2_ws/install/hoverboard_msgs/share/hoverboard_msgs/cmake/hoverboard_msgs__rosidl_typesupport_introspection_cExport-noconfig.cmake
[2.275s] -- Up-to-date: /home/qty/ros2_ws/install/hoverboard_msgs/share/hoverboard_msgs/cmake/hoverboard_msgs__rosidl_typesupport_cExport.cmake
[2.275s] -- Installing: /home/qty/ros2_ws/install/hoverboard_msgs/share/hoverboard_msgs/cmake/hoverboard_msgs__rosidl_typesupport_cExport-noconfig.cmake
[2.275s] -- Up-to-date: /home/qty/ros2_ws/install/hoverboard_msgs/share/hoverboard_msgs/cmake/hoverboard_msgs__rosidl_generator_cppExport.cmake
[2.275s] -- Up-to-date: /home/qty/ros2_ws/install/hoverboard_msgs/share/hoverboard_msgs/cmake/hoverboard_msgs__rosidl_typesupport_introspection_cppExport.cmake
[2.275s] -- Installing: /home/qty/ros2_ws/install/hoverboard_msgs/share/hoverboard_msgs/cmake/hoverboard_msgs__rosidl_typesupport_introspection_cppExport-noconfig.cmake
[2.276s] -- Up-to-date: /home/qty/ros2_ws/install/hoverboard_msgs/share/hoverboard_msgs/cmake/hoverboard_msgs__rosidl_typesupport_cppExport.cmake
[2.276s] -- Installing: /home/qty/ros2_ws/install/hoverboard_msgs/share/hoverboard_msgs/cmake/hoverboard_msgs__rosidl_typesupport_cppExport-noconfig.cmake
[2.278s] Invoked command in '/home/qty/ros2_ws/build/hoverboard_msgs' returned '0': CMAKE_PREFIX_PATH=${CMAKE_PREFIX_PATH}:/home/qty/ros2_ws/install/hoverboard_controller:/opt/ros/foxy /usr/bin/cmake --install /home/qty/ros2_ws/build/hoverboard_msgs
