[0.093s] Invoking command in '/home/qty/ros2_ws/build/ros2_laser_scan_matcher': AMENT_PREFIX_PATH=/home/qty/ros2_ws/install/csm:${AMENT_PREFIX_PATH} CMAKE_PREFIX_PATH=/home/qty/ros2_ws/install/csm:/opt/ros/foxy LD_LIBRARY_PATH=/home/qty/ros2_ws/install/csm/lib:${LD_LIBRARY_PATH} /usr/bin/cmake --build /home/qty/ros2_ws/build/ros2_laser_scan_matcher -- -j16 -l16
[0.148s] [100%] Built target laser_scan_matcher
[0.156s] Invoked command in '/home/qty/ros2_ws/build/ros2_laser_scan_matcher' returned '0': AMENT_PREFIX_PATH=/home/qty/ros2_ws/install/csm:${AMENT_PREFIX_PATH} CMAKE_PREFIX_PATH=/home/qty/ros2_ws/install/csm:/opt/ros/foxy LD_LIBRARY_PATH=/home/qty/ros2_ws/install/csm/lib:${LD_LIBRARY_PATH} /usr/bin/cmake --build /home/qty/ros2_ws/build/ros2_laser_scan_matcher -- -j16 -l16
[0.170s] Invoking command in '/home/qty/ros2_ws/build/ros2_laser_scan_matcher': AMENT_PREFIX_PATH=/home/qty/ros2_ws/install/csm:${AMENT_PREFIX_PATH} CMAKE_PREFIX_PATH=/home/qty/ros2_ws/install/csm:/opt/ros/foxy LD_LIBRARY_PATH=/home/qty/ros2_ws/install/csm/lib:${LD_LIBRARY_PATH} /usr/bin/cmake --install /home/qty/ros2_ws/build/ros2_laser_scan_matcher
[0.175s] -- Install configuration: ""
[0.175s] -- Execute custom install script
[0.176s] -- Up-to-date symlink: /home/qty/ros2_ws/install/ros2_laser_scan_matcher/lib/ros2_laser_scan_matcher/laser_scan_matcher
[0.176s] -- Up-to-date symlink: /home/qty/ros2_ws/install/ros2_laser_scan_matcher/share/ament_index/resource_index/package_run_dependencies/ros2_laser_scan_matcher
[0.177s] -- Up-to-date symlink: /home/qty/ros2_ws/install/ros2_laser_scan_matcher/share/ament_index/resource_index/parent_prefix_path/ros2_laser_scan_matcher
[0.177s] -- Up-to-date symlink: /home/qty/ros2_ws/install/ros2_laser_scan_matcher/share/ros2_laser_scan_matcher/environment/ament_prefix_path.sh
[0.177s] -- Up-to-date symlink: /home/qty/ros2_ws/install/ros2_laser_scan_matcher/share/ros2_laser_scan_matcher/environment/ament_prefix_path.dsv
[0.178s] -- Up-to-date symlink: /home/qty/ros2_ws/install/ros2_laser_scan_matcher/share/ros2_laser_scan_matcher/environment/path.sh
[0.178s] -- Up-to-date symlink: /home/qty/ros2_ws/install/ros2_laser_scan_matcher/share/ros2_laser_scan_matcher/environment/path.dsv
[0.178s] -- Up-to-date symlink: /home/qty/ros2_ws/install/ros2_laser_scan_matcher/share/ros2_laser_scan_matcher/local_setup.bash
[0.178s] -- Up-to-date symlink: /home/qty/ros2_ws/install/ros2_laser_scan_matcher/share/ros2_laser_scan_matcher/local_setup.sh
[0.178s] -- Up-to-date symlink: /home/qty/ros2_ws/install/ros2_laser_scan_matcher/share/ros2_laser_scan_matcher/local_setup.zsh
[0.179s] -- Up-to-date symlink: /home/qty/ros2_ws/install/ros2_laser_scan_matcher/share/ros2_laser_scan_matcher/local_setup.dsv
[0.179s] -- Symlinking: /home/qty/ros2_ws/install/ros2_laser_scan_matcher/share/ros2_laser_scan_matcher/package.dsv
[0.185s] -- Up-to-date symlink: /home/qty/ros2_ws/install/ros2_laser_scan_matcher/share/ament_index/resource_index/packages/ros2_laser_scan_matcher
[0.185s] -- Up-to-date symlink: /home/qty/ros2_ws/install/ros2_laser_scan_matcher/share/ros2_laser_scan_matcher/cmake/ros2_laser_scan_matcherConfig.cmake
[0.185s] -- Up-to-date symlink: /home/qty/ros2_ws/install/ros2_laser_scan_matcher/share/ros2_laser_scan_matcher/cmake/ros2_laser_scan_matcherConfig-version.cmake
[0.185s] -- Up-to-date symlink: /home/qty/ros2_ws/install/ros2_laser_scan_matcher/share/ros2_laser_scan_matcher/package.xml
[0.187s] Invoked command in '/home/qty/ros2_ws/build/ros2_laser_scan_matcher' returned '0': AMENT_PREFIX_PATH=/home/qty/ros2_ws/install/csm:${AMENT_PREFIX_PATH} CMAKE_PREFIX_PATH=/home/qty/ros2_ws/install/csm:/opt/ros/foxy LD_LIBRARY_PATH=/home/qty/ros2_ws/install/csm/lib:${LD_LIBRARY_PATH} /usr/bin/cmake --install /home/qty/ros2_ws/build/ros2_laser_scan_matcher
