[0.399s] Invoking command in '/home/qty/ros2_ws/build/slam_toolbox': CMAKE_PREFIX_PATH=${CMAKE_PREFIX_PATH}:/home/qty/ros2_ws/install/hoverboard_controller:/opt/ros/foxy /usr/bin/cmake --build /home/qty/ros2_ws/build/slam_toolbox -- -j16 -l16
[0.494s] [  1%] Built target slam_toolbox__cpp
[0.507s] [ 10%] Built target slam_toolbox__rosidl_generator_c
[0.515s] [ 12%] Built target kartoSlamToolbox
[0.537s] [ 21%] Built target slam_toolbox__rosidl_typesupport_cpp
[0.542s] [ 30%] Built target slam_toolbox__rosidl_typesupport_fastrtps_cpp
[0.542s] [ 39%] Built target slam_toolbox__rosidl_typesupport_introspection_cpp
[0.543s] [ 48%] Built target slam_toolbox__rosidl_typesupport_c
[0.554s] [ 57%] Built target slam_toolbox__rosidl_typesupport_introspection_c
[0.588s] [ 66%] Built target slam_toolbox__rosidl_typesupport_fastrtps_c
[0.618s] [ 66%] Built target slam_toolbox
[0.642s] [ 67%] Built target slam_toolbox__py
[0.664s] [ 69%] Built target ceres_solver_plugin
[0.682s] [ 71%] Built target SlamToolboxPlugin
[0.683s] [ 79%] Built target slam_toolbox__python
[0.692s] [ 84%] Built target toolbox_common
[0.716s] [ 86%] Built target slam_toolbox__rosidl_typesupport_fastrtps_c__pyext
[0.716s] [ 86%] Built target slam_toolbox__rosidl_typesupport_c__pyext
[0.717s] [ 87%] Built target slam_toolbox__rosidl_typesupport_introspection_c__pyext
[0.742s] [ 88%] Built target merge_maps_kinematic
[0.745s] [ 90%] Built target lifelong_slam_toolbox
[0.748s] [ 92%] Built target async_slam_toolbox
[0.761s] [ 93%] Built target localization_slam_toolbox
[0.762s] [ 95%] Built target sync_slam_toolbox
[0.806s] [ 96%] Built target lifelong_slam_toolbox_node
[0.809s] [ 97%] Built target async_slam_toolbox_node
[0.831s] [ 99%] Built target localization_slam_toolbox_node
[0.832s] [100%] Built target sync_slam_toolbox_node
[1.486s] Invoked command in '/home/qty/ros2_ws/build/slam_toolbox' returned '0': CMAKE_PREFIX_PATH=${CMAKE_PREFIX_PATH}:/home/qty/ros2_ws/install/hoverboard_controller:/opt/ros/foxy /usr/bin/cmake --build /home/qty/ros2_ws/build/slam_toolbox -- -j16 -l16
[2.413s] Invoking command in '/home/qty/ros2_ws/build/slam_toolbox': CMAKE_PREFIX_PATH=${CMAKE_PREFIX_PATH}:/home/qty/ros2_ws/install/hoverboard_controller:/opt/ros/foxy /usr/bin/cmake --install /home/qty/ros2_ws/build/slam_toolbox
[2.815s] -- Install configuration: "Release"
[2.815s] -- Execute custom install script
[2.816s] -- Up-to-date symlink: /home/qty/ros2_ws/install/slam_toolbox/include//karto_sdk/Karto.h
[2.816s] -- Up-to-date symlink: /home/qty/ros2_ws/install/slam_toolbox/include//karto_sdk/Macros.h
[2.816s] -- Up-to-date symlink: /home/qty/ros2_ws/install/slam_toolbox/include//karto_sdk/Mapper.h
[2.816s] -- Up-to-date symlink: /home/qty/ros2_ws/install/slam_toolbox/include//karto_sdk/Math.h
[2.816s] -- Up-to-date symlink: /home/qty/ros2_ws/install/slam_toolbox/include//karto_sdk/Types.h
[2.817s] -- Up-to-date symlink: /home/qty/ros2_ws/install/slam_toolbox/include//karto_sdk/nanoflann.hpp
[2.817s] -- Up-to-date symlink: /home/qty/ros2_ws/install/slam_toolbox/include//karto_sdk/nanoflann_adaptors.h
[2.817s] -- Up-to-date symlink: /home/qty/ros2_ws/install/slam_toolbox/lib/libkartoSlamToolbox.so
[2.817s] -- Up-to-date symlink: /home/qty/ros2_ws/install/slam_toolbox/share/karto_sdk/environment/library_path.sh
[2.817s] -- Up-to-date symlink: /home/qty/ros2_ws/install/slam_toolbox/share/karto_sdk/environment/library_path.dsv
[2.817s] -- Up-to-date symlink: /home/qty/ros2_ws/install/slam_toolbox/share/ament_index/resource_index/package_run_dependencies/karto_sdk
[2.817s] -- Up-to-date symlink: /home/qty/ros2_ws/install/slam_toolbox/share/ament_index/resource_index/parent_prefix_path/karto_sdk
[2.817s] -- Up-to-date symlink: /home/qty/ros2_ws/install/slam_toolbox/share/karto_sdk/environment/ament_prefix_path.sh
[2.818s] -- Up-to-date symlink: /home/qty/ros2_ws/install/slam_toolbox/share/karto_sdk/environment/ament_prefix_path.dsv
[2.818s] -- Up-to-date symlink: /home/qty/ros2_ws/install/slam_toolbox/share/karto_sdk/environment/path.sh
[2.818s] -- Up-to-date symlink: /home/qty/ros2_ws/install/slam_toolbox/share/karto_sdk/environment/path.dsv
[2.819s] -- Up-to-date symlink: /home/qty/ros2_ws/install/slam_toolbox/share/karto_sdk/local_setup.bash
[2.819s] -- Up-to-date symlink: /home/qty/ros2_ws/install/slam_toolbox/share/karto_sdk/local_setup.sh
[2.819s] -- Up-to-date symlink: /home/qty/ros2_ws/install/slam_toolbox/share/karto_sdk/local_setup.zsh
[2.819s] -- Up-to-date symlink: /home/qty/ros2_ws/install/slam_toolbox/share/karto_sdk/local_setup.dsv
[2.819s] -- Up-to-date symlink: /home/qty/ros2_ws/install/slam_toolbox/share/karto_sdk/package.dsv
[2.819s] -- Up-to-date symlink: /home/qty/ros2_ws/install/slam_toolbox/share/ament_index/resource_index/packages/karto_sdk
[2.820s] -- Up-to-date symlink: /home/qty/ros2_ws/install/slam_toolbox/share/karto_sdk/cmake/ament_cmake_export_libraries-extras.cmake
[2.820s] -- Up-to-date symlink: /home/qty/ros2_ws/install/slam_toolbox/share/karto_sdk/cmake/ament_cmake_export_include_directories-extras.cmake
[2.820s] -- Up-to-date symlink: /home/qty/ros2_ws/install/slam_toolbox/share/karto_sdk/cmake/ament_cmake_export_dependencies-extras.cmake
[2.820s] -- Up-to-date symlink: /home/qty/ros2_ws/install/slam_toolbox/share/karto_sdk/cmake/karto_sdkConfig.cmake
[2.820s] -- Up-to-date symlink: /home/qty/ros2_ws/install/slam_toolbox/share/karto_sdk/cmake/karto_sdkConfig-version.cmake
[2.820s] -- Up-to-date symlink: /home/qty/ros2_ws/install/slam_toolbox/share/karto_sdk/package.xml
[2.820s] -- Up-to-date symlink: /home/qty/ros2_ws/install/slam_toolbox/share/ament_index/resource_index/rosidl_interfaces/slam_toolbox
[2.821s] -- Up-to-date symlink: /home/qty/ros2_ws/install/slam_toolbox/include/slam_toolbox/msg/rosidl_generator_c__visibility_control.h
[2.821s] -- Up-to-date symlink: /home/qty/ros2_ws/install/slam_toolbox/include/slam_toolbox/srv/add_submap.h
[2.821s] -- Up-to-date symlink: /home/qty/ros2_ws/install/slam_toolbox/include/slam_toolbox/srv/clear.h
[2.821s] -- Up-to-date symlink: /home/qty/ros2_ws/install/slam_toolbox/include/slam_toolbox/srv/clear_queue.h
[2.821s] -- Up-to-date symlink: /home/qty/ros2_ws/install/slam_toolbox/include/slam_toolbox/srv/deserialize_pose_graph.h
[2.821s] -- Up-to-date symlink: /home/qty/ros2_ws/install/slam_toolbox/include/slam_toolbox/srv/detail/add_submap__functions.h
[2.821s] -- Up-to-date symlink: /home/qty/ros2_ws/install/slam_toolbox/include/slam_toolbox/srv/detail/add_submap__struct.h
[2.822s] -- Up-to-date symlink: /home/qty/ros2_ws/install/slam_toolbox/include/slam_toolbox/srv/detail/add_submap__type_support.h
[2.822s] -- Up-to-date symlink: /home/qty/ros2_ws/install/slam_toolbox/include/slam_toolbox/srv/detail/clear__functions.h
[2.822s] -- Up-to-date symlink: /home/qty/ros2_ws/install/slam_toolbox/include/slam_toolbox/srv/detail/clear__struct.h
[2.822s] -- Up-to-date symlink: /home/qty/ros2_ws/install/slam_toolbox/include/slam_toolbox/srv/detail/clear__type_support.h
[2.822s] -- Up-to-date symlink: /home/qty/ros2_ws/install/slam_toolbox/include/slam_toolbox/srv/detail/clear_queue__functions.h
[2.822s] -- Up-to-date symlink: /home/qty/ros2_ws/install/slam_toolbox/include/slam_toolbox/srv/detail/clear_queue__struct.h
[2.823s] -- Up-to-date symlink: /home/qty/ros2_ws/install/slam_toolbox/include/slam_toolbox/srv/detail/clear_queue__type_support.h
[2.823s] -- Up-to-date symlink: /home/qty/ros2_ws/install/slam_toolbox/include/slam_toolbox/srv/detail/deserialize_pose_graph__functions.h
[2.823s] -- Up-to-date symlink: /home/qty/ros2_ws/install/slam_toolbox/include/slam_toolbox/srv/detail/deserialize_pose_graph__struct.h
[2.823s] -- Up-to-date symlink: /home/qty/ros2_ws/install/slam_toolbox/include/slam_toolbox/srv/detail/deserialize_pose_graph__type_support.h
[2.823s] -- Up-to-date symlink: /home/qty/ros2_ws/install/slam_toolbox/include/slam_toolbox/srv/detail/loop_closure__functions.h
[2.823s] -- Up-to-date symlink: /home/qty/ros2_ws/install/slam_toolbox/include/slam_toolbox/srv/detail/loop_closure__struct.h
[2.823s] -- Up-to-date symlink: /home/qty/ros2_ws/install/slam_toolbox/include/slam_toolbox/srv/detail/loop_closure__type_support.h
[2.824s] -- Up-to-date symlink: /home/qty/ros2_ws/install/slam_toolbox/include/slam_toolbox/srv/detail/merge_maps__functions.h
[2.826s] -- Up-to-date symlink: /home/qty/ros2_ws/install/slam_toolbox/include/slam_toolbox/srv/detail/merge_maps__struct.h
[2.826s] -- Up-to-date symlink: /home/qty/ros2_ws/install/slam_toolbox/include/slam_toolbox/srv/detail/merge_maps__type_support.h
[2.826s] -- Up-to-date symlink: /home/qty/ros2_ws/install/slam_toolbox/include/slam_toolbox/srv/detail/pause__functions.h
[2.826s] -- Up-to-date symlink: /home/qty/ros2_ws/install/slam_toolbox/include/slam_toolbox/srv/detail/pause__struct.h
[2.827s] -- Up-to-date symlink: /home/qty/ros2_ws/install/slam_toolbox/include/slam_toolbox/srv/detail/pause__type_support.h
[2.827s] -- Up-to-date symlink: /home/qty/ros2_ws/install/slam_toolbox/include/slam_toolbox/srv/detail/save_map__functions.h
[2.827s] -- Up-to-date symlink: /home/qty/ros2_ws/install/slam_toolbox/include/slam_toolbox/srv/detail/save_map__struct.h
[2.827s] -- Up-to-date symlink: /home/qty/ros2_ws/install/slam_toolbox/include/slam_toolbox/srv/detail/save_map__type_support.h
[2.828s] -- Up-to-date symlink: /home/qty/ros2_ws/install/slam_toolbox/include/slam_toolbox/srv/detail/serialize_pose_graph__functions.h
[2.828s] -- Up-to-date symlink: /home/qty/ros2_ws/install/slam_toolbox/include/slam_toolbox/srv/detail/serialize_pose_graph__struct.h
[2.828s] -- Up-to-date symlink: /home/qty/ros2_ws/install/slam_toolbox/include/slam_toolbox/srv/detail/serialize_pose_graph__type_support.h
[2.828s] -- Up-to-date symlink: /home/qty/ros2_ws/install/slam_toolbox/include/slam_toolbox/srv/detail/toggle_interactive__functions.h
[2.828s] -- Up-to-date symlink: /home/qty/ros2_ws/install/slam_toolbox/include/slam_toolbox/srv/detail/toggle_interactive__struct.h
[2.828s] -- Up-to-date symlink: /home/qty/ros2_ws/install/slam_toolbox/include/slam_toolbox/srv/detail/toggle_interactive__type_support.h
[2.828s] -- Up-to-date symlink: /home/qty/ros2_ws/install/slam_toolbox/include/slam_toolbox/srv/loop_closure.h
[2.829s] -- Up-to-date symlink: /home/qty/ros2_ws/install/slam_toolbox/include/slam_toolbox/srv/merge_maps.h
[2.829s] -- Up-to-date symlink: /home/qty/ros2_ws/install/slam_toolbox/include/slam_toolbox/srv/pause.h
[2.829s] -- Up-to-date symlink: /home/qty/ros2_ws/install/slam_toolbox/include/slam_toolbox/srv/save_map.h
[2.830s] -- Up-to-date symlink: /home/qty/ros2_ws/install/slam_toolbox/include/slam_toolbox/srv/serialize_pose_graph.h
[2.830s] -- Up-to-date symlink: /home/qty/ros2_ws/install/slam_toolbox/include/slam_toolbox/srv/toggle_interactive.h
[2.830s] -- Up-to-date symlink: /home/qty/ros2_ws/install/slam_toolbox/share/slam_toolbox/environment/library_path.sh
[2.831s] -- Up-to-date symlink: /home/qty/ros2_ws/install/slam_toolbox/share/slam_toolbox/environment/library_path.dsv
[2.832s] -- Up-to-date symlink: /home/qty/ros2_ws/install/slam_toolbox/include/slam_toolbox/msg/rosidl_typesupport_fastrtps_c__visibility_control.h
[2.832s] -- Up-to-date symlink: /home/qty/ros2_ws/install/slam_toolbox/include/slam_toolbox/srv/detail/add_submap__rosidl_typesupport_fastrtps_c.h
[2.832s] -- Up-to-date symlink: /home/qty/ros2_ws/install/slam_toolbox/include/slam_toolbox/srv/detail/clear__rosidl_typesupport_fastrtps_c.h
[2.833s] -- Up-to-date symlink: /home/qty/ros2_ws/install/slam_toolbox/include/slam_toolbox/srv/detail/clear_queue__rosidl_typesupport_fastrtps_c.h
[2.833s] -- Up-to-date symlink: /home/qty/ros2_ws/install/slam_toolbox/include/slam_toolbox/srv/detail/deserialize_pose_graph__rosidl_typesupport_fastrtps_c.h
[2.834s] -- Up-to-date symlink: /home/qty/ros2_ws/install/slam_toolbox/include/slam_toolbox/srv/detail/loop_closure__rosidl_typesupport_fastrtps_c.h
[2.834s] -- Up-to-date symlink: /home/qty/ros2_ws/install/slam_toolbox/include/slam_toolbox/srv/detail/merge_maps__rosidl_typesupport_fastrtps_c.h
[2.835s] -- Up-to-date symlink: /home/qty/ros2_ws/install/slam_toolbox/include/slam_toolbox/srv/detail/pause__rosidl_typesupport_fastrtps_c.h
[2.835s] -- Up-to-date symlink: /home/qty/ros2_ws/install/slam_toolbox/include/slam_toolbox/srv/detail/save_map__rosidl_typesupport_fastrtps_c.h
[2.836s] -- Up-to-date symlink: /home/qty/ros2_ws/install/slam_toolbox/include/slam_toolbox/srv/detail/serialize_pose_graph__rosidl_typesupport_fastrtps_c.h
[2.836s] -- Up-to-date symlink: /home/qty/ros2_ws/install/slam_toolbox/include/slam_toolbox/srv/detail/toggle_interactive__rosidl_typesupport_fastrtps_c.h
[2.837s] -- Up-to-date symlink: /home/qty/ros2_ws/install/slam_toolbox/lib/libslam_toolbox__rosidl_typesupport_fastrtps_c.so
[2.837s] -- Up-to-date symlink: /home/qty/ros2_ws/install/slam_toolbox/include/slam_toolbox/msg/rosidl_typesupport_fastrtps_cpp__visibility_control.h
[2.837s] -- Up-to-date symlink: /home/qty/ros2_ws/install/slam_toolbox/include/slam_toolbox/srv/detail/add_submap__rosidl_typesupport_fastrtps_cpp.hpp
[2.838s] -- Up-to-date symlink: /home/qty/ros2_ws/install/slam_toolbox/include/slam_toolbox/srv/detail/clear__rosidl_typesupport_fastrtps_cpp.hpp
[2.838s] -- Up-to-date symlink: /home/qty/ros2_ws/install/slam_toolbox/include/slam_toolbox/srv/detail/clear_queue__rosidl_typesupport_fastrtps_cpp.hpp
[2.840s] -- Up-to-date symlink: /home/qty/ros2_ws/install/slam_toolbox/include/slam_toolbox/srv/detail/deserialize_pose_graph__rosidl_typesupport_fastrtps_cpp.hpp
[2.840s] -- Up-to-date symlink: /home/qty/ros2_ws/install/slam_toolbox/include/slam_toolbox/srv/detail/loop_closure__rosidl_typesupport_fastrtps_cpp.hpp
[2.841s] -- Up-to-date symlink: /home/qty/ros2_ws/install/slam_toolbox/include/slam_toolbox/srv/detail/merge_maps__rosidl_typesupport_fastrtps_cpp.hpp
[2.841s] -- Up-to-date symlink: /home/qty/ros2_ws/install/slam_toolbox/include/slam_toolbox/srv/detail/pause__rosidl_typesupport_fastrtps_cpp.hpp
[2.842s] -- Up-to-date symlink: /home/qty/ros2_ws/install/slam_toolbox/include/slam_toolbox/srv/detail/save_map__rosidl_typesupport_fastrtps_cpp.hpp
[2.842s] -- Up-to-date symlink: /home/qty/ros2_ws/install/slam_toolbox/include/slam_toolbox/srv/detail/serialize_pose_graph__rosidl_typesupport_fastrtps_cpp.hpp
[2.842s] -- Up-to-date symlink: /home/qty/ros2_ws/install/slam_toolbox/include/slam_toolbox/srv/detail/toggle_interactive__rosidl_typesupport_fastrtps_cpp.hpp
[2.843s] -- Up-to-date symlink: /home/qty/ros2_ws/install/slam_toolbox/lib/libslam_toolbox__rosidl_typesupport_fastrtps_cpp.so
[2.843s] -- Up-to-date symlink: /home/qty/ros2_ws/install/slam_toolbox/include/slam_toolbox/msg/rosidl_typesupport_introspection_c__visibility_control.h
[2.843s] -- Up-to-date symlink: /home/qty/ros2_ws/install/slam_toolbox/include/slam_toolbox/srv/detail/add_submap__rosidl_typesupport_introspection_c.h
[2.844s] -- Up-to-date symlink: /home/qty/ros2_ws/install/slam_toolbox/include/slam_toolbox/srv/detail/clear__rosidl_typesupport_introspection_c.h
[2.844s] -- Up-to-date symlink: /home/qty/ros2_ws/install/slam_toolbox/include/slam_toolbox/srv/detail/clear_queue__rosidl_typesupport_introspection_c.h
[2.845s] -- Up-to-date symlink: /home/qty/ros2_ws/install/slam_toolbox/include/slam_toolbox/srv/detail/deserialize_pose_graph__rosidl_typesupport_introspection_c.h
[2.845s] -- Up-to-date symlink: /home/qty/ros2_ws/install/slam_toolbox/include/slam_toolbox/srv/detail/loop_closure__rosidl_typesupport_introspection_c.h
[2.846s] -- Up-to-date symlink: /home/qty/ros2_ws/install/slam_toolbox/include/slam_toolbox/srv/detail/merge_maps__rosidl_typesupport_introspection_c.h
[2.846s] -- Up-to-date symlink: /home/qty/ros2_ws/install/slam_toolbox/include/slam_toolbox/srv/detail/pause__rosidl_typesupport_introspection_c.h
[2.847s] -- Up-to-date symlink: /home/qty/ros2_ws/install/slam_toolbox/include/slam_toolbox/srv/detail/save_map__rosidl_typesupport_introspection_c.h
[2.848s] -- Up-to-date symlink: /home/qty/ros2_ws/install/slam_toolbox/include/slam_toolbox/srv/detail/serialize_pose_graph__rosidl_typesupport_introspection_c.h
[2.848s] -- Up-to-date symlink: /home/qty/ros2_ws/install/slam_toolbox/include/slam_toolbox/srv/detail/toggle_interactive__rosidl_typesupport_introspection_c.h
[2.849s] -- Up-to-date symlink: /home/qty/ros2_ws/install/slam_toolbox/include/slam_toolbox/msg/rosidl_generator_cpp__visibility_control.hpp
[2.849s] -- Up-to-date symlink: /home/qty/ros2_ws/install/slam_toolbox/include/slam_toolbox/srv/add_submap.hpp
[2.849s] -- Up-to-date symlink: /home/qty/ros2_ws/install/slam_toolbox/include/slam_toolbox/srv/clear.hpp
[2.850s] -- Up-to-date symlink: /home/qty/ros2_ws/install/slam_toolbox/include/slam_toolbox/srv/clear_queue.hpp
[2.850s] -- Up-to-date symlink: /home/qty/ros2_ws/install/slam_toolbox/include/slam_toolbox/srv/deserialize_pose_graph.hpp
[2.850s] -- Up-to-date symlink: /home/qty/ros2_ws/install/slam_toolbox/include/slam_toolbox/srv/detail/add_submap__builder.hpp
[2.851s] -- Up-to-date symlink: /home/qty/ros2_ws/install/slam_toolbox/include/slam_toolbox/srv/detail/add_submap__struct.hpp
[2.851s] -- Up-to-date symlink: /home/qty/ros2_ws/install/slam_toolbox/include/slam_toolbox/srv/detail/add_submap__traits.hpp
[2.852s] -- Up-to-date symlink: /home/qty/ros2_ws/install/slam_toolbox/include/slam_toolbox/srv/detail/add_submap__type_support.hpp
[2.852s] -- Up-to-date symlink: /home/qty/ros2_ws/install/slam_toolbox/include/slam_toolbox/srv/detail/clear__builder.hpp
[2.853s] -- Up-to-date symlink: /home/qty/ros2_ws/install/slam_toolbox/include/slam_toolbox/srv/detail/clear__struct.hpp
[2.853s] -- Up-to-date symlink: /home/qty/ros2_ws/install/slam_toolbox/include/slam_toolbox/srv/detail/clear__traits.hpp
[2.853s] -- Up-to-date symlink: /home/qty/ros2_ws/install/slam_toolbox/include/slam_toolbox/srv/detail/clear__type_support.hpp
[2.853s] -- Up-to-date symlink: /home/qty/ros2_ws/install/slam_toolbox/include/slam_toolbox/srv/detail/clear_queue__builder.hpp
[2.854s] -- Up-to-date symlink: /home/qty/ros2_ws/install/slam_toolbox/include/slam_toolbox/srv/detail/clear_queue__struct.hpp
[2.854s] -- Up-to-date symlink: /home/qty/ros2_ws/install/slam_toolbox/include/slam_toolbox/srv/detail/clear_queue__traits.hpp
[2.854s] -- Up-to-date symlink: /home/qty/ros2_ws/install/slam_toolbox/include/slam_toolbox/srv/detail/clear_queue__type_support.hpp
[2.855s] -- Up-to-date symlink: /home/qty/ros2_ws/install/slam_toolbox/include/slam_toolbox/srv/detail/deserialize_pose_graph__builder.hpp
[2.855s] -- Up-to-date symlink: /home/qty/ros2_ws/install/slam_toolbox/include/slam_toolbox/srv/detail/deserialize_pose_graph__struct.hpp
[2.855s] -- Up-to-date symlink: /home/qty/ros2_ws/install/slam_toolbox/include/slam_toolbox/srv/detail/deserialize_pose_graph__traits.hpp
[2.856s] -- Up-to-date symlink: /home/qty/ros2_ws/install/slam_toolbox/include/slam_toolbox/srv/detail/deserialize_pose_graph__type_support.hpp
[2.856s] -- Up-to-date symlink: /home/qty/ros2_ws/install/slam_toolbox/include/slam_toolbox/srv/detail/loop_closure__builder.hpp
[2.856s] -- Up-to-date symlink: /home/qty/ros2_ws/install/slam_toolbox/include/slam_toolbox/srv/detail/loop_closure__struct.hpp
[2.857s] -- Up-to-date symlink: /home/qty/ros2_ws/install/slam_toolbox/include/slam_toolbox/srv/detail/loop_closure__traits.hpp
[2.857s] -- Up-to-date symlink: /home/qty/ros2_ws/install/slam_toolbox/include/slam_toolbox/srv/detail/loop_closure__type_support.hpp
[2.857s] -- Up-to-date symlink: /home/qty/ros2_ws/install/slam_toolbox/include/slam_toolbox/srv/detail/merge_maps__builder.hpp
[2.858s] -- Up-to-date symlink: /home/qty/ros2_ws/install/slam_toolbox/include/slam_toolbox/srv/detail/merge_maps__struct.hpp
[2.858s] -- Up-to-date symlink: /home/qty/ros2_ws/install/slam_toolbox/include/slam_toolbox/srv/detail/merge_maps__traits.hpp
[2.858s] -- Up-to-date symlink: /home/qty/ros2_ws/install/slam_toolbox/include/slam_toolbox/srv/detail/merge_maps__type_support.hpp
[2.859s] -- Up-to-date symlink: /home/qty/ros2_ws/install/slam_toolbox/include/slam_toolbox/srv/detail/pause__builder.hpp
[2.859s] -- Up-to-date symlink: /home/qty/ros2_ws/install/slam_toolbox/include/slam_toolbox/srv/detail/pause__struct.hpp
[2.860s] -- Up-to-date symlink: /home/qty/ros2_ws/install/slam_toolbox/include/slam_toolbox/srv/detail/pause__traits.hpp
[2.860s] -- Up-to-date symlink: /home/qty/ros2_ws/install/slam_toolbox/include/slam_toolbox/srv/detail/pause__type_support.hpp
[2.860s] -- Up-to-date symlink: /home/qty/ros2_ws/install/slam_toolbox/include/slam_toolbox/srv/detail/save_map__builder.hpp
[2.861s] -- Up-to-date symlink: /home/qty/ros2_ws/install/slam_toolbox/include/slam_toolbox/srv/detail/save_map__struct.hpp
[2.861s] -- Up-to-date symlink: /home/qty/ros2_ws/install/slam_toolbox/include/slam_toolbox/srv/detail/save_map__traits.hpp
[2.862s] -- Up-to-date symlink: /home/qty/ros2_ws/install/slam_toolbox/include/slam_toolbox/srv/detail/save_map__type_support.hpp
[2.862s] -- Up-to-date symlink: /home/qty/ros2_ws/install/slam_toolbox/include/slam_toolbox/srv/detail/serialize_pose_graph__builder.hpp
[2.862s] -- Up-to-date symlink: /home/qty/ros2_ws/install/slam_toolbox/include/slam_toolbox/srv/detail/serialize_pose_graph__struct.hpp
[2.863s] -- Up-to-date symlink: /home/qty/ros2_ws/install/slam_toolbox/include/slam_toolbox/srv/detail/serialize_pose_graph__traits.hpp
[2.863s] -- Up-to-date symlink: /home/qty/ros2_ws/install/slam_toolbox/include/slam_toolbox/srv/detail/serialize_pose_graph__type_support.hpp
[2.864s] -- Up-to-date symlink: /home/qty/ros2_ws/install/slam_toolbox/include/slam_toolbox/srv/detail/toggle_interactive__builder.hpp
[2.864s] -- Up-to-date symlink: /home/qty/ros2_ws/install/slam_toolbox/include/slam_toolbox/srv/detail/toggle_interactive__struct.hpp
[2.864s] -- Up-to-date symlink: /home/qty/ros2_ws/install/slam_toolbox/include/slam_toolbox/srv/detail/toggle_interactive__traits.hpp
[2.865s] -- Up-to-date symlink: /home/qty/ros2_ws/install/slam_toolbox/include/slam_toolbox/srv/detail/toggle_interactive__type_support.hpp
[2.865s] -- Up-to-date symlink: /home/qty/ros2_ws/install/slam_toolbox/include/slam_toolbox/srv/loop_closure.hpp
[2.866s] -- Up-to-date symlink: /home/qty/ros2_ws/install/slam_toolbox/include/slam_toolbox/srv/merge_maps.hpp
[2.866s] -- Up-to-date symlink: /home/qty/ros2_ws/install/slam_toolbox/include/slam_toolbox/srv/pause.hpp
[2.866s] -- Up-to-date symlink: /home/qty/ros2_ws/install/slam_toolbox/include/slam_toolbox/srv/save_map.hpp
[2.866s] -- Up-to-date symlink: /home/qty/ros2_ws/install/slam_toolbox/include/slam_toolbox/srv/serialize_pose_graph.hpp
[2.866s] -- Up-to-date symlink: /home/qty/ros2_ws/install/slam_toolbox/include/slam_toolbox/srv/toggle_interactive.hpp
[2.866s] -- Up-to-date symlink: /home/qty/ros2_ws/install/slam_toolbox/include/slam_toolbox/srv/detail/add_submap__rosidl_typesupport_introspection_cpp.hpp
[2.867s] -- Up-to-date symlink: /home/qty/ros2_ws/install/slam_toolbox/include/slam_toolbox/srv/detail/clear__rosidl_typesupport_introspection_cpp.hpp
[2.867s] -- Up-to-date symlink: /home/qty/ros2_ws/install/slam_toolbox/include/slam_toolbox/srv/detail/clear_queue__rosidl_typesupport_introspection_cpp.hpp
[2.867s] -- Up-to-date symlink: /home/qty/ros2_ws/install/slam_toolbox/include/slam_toolbox/srv/detail/deserialize_pose_graph__rosidl_typesupport_introspection_cpp.hpp
[2.867s] -- Up-to-date symlink: /home/qty/ros2_ws/install/slam_toolbox/include/slam_toolbox/srv/detail/loop_closure__rosidl_typesupport_introspection_cpp.hpp
[2.867s] -- Up-to-date symlink: /home/qty/ros2_ws/install/slam_toolbox/include/slam_toolbox/srv/detail/merge_maps__rosidl_typesupport_introspection_cpp.hpp
[2.867s] -- Up-to-date symlink: /home/qty/ros2_ws/install/slam_toolbox/include/slam_toolbox/srv/detail/pause__rosidl_typesupport_introspection_cpp.hpp
[2.867s] -- Up-to-date symlink: /home/qty/ros2_ws/install/slam_toolbox/include/slam_toolbox/srv/detail/save_map__rosidl_typesupport_introspection_cpp.hpp
[2.868s] -- Up-to-date symlink: /home/qty/ros2_ws/install/slam_toolbox/include/slam_toolbox/srv/detail/serialize_pose_graph__rosidl_typesupport_introspection_cpp.hpp
[2.868s] -- Up-to-date symlink: /home/qty/ros2_ws/install/slam_toolbox/include/slam_toolbox/srv/detail/toggle_interactive__rosidl_typesupport_introspection_cpp.hpp
[2.869s] -- Up-to-date symlink: /home/qty/ros2_ws/install/slam_toolbox/share/slam_toolbox/environment/pythonpath.sh
[2.870s] -- Up-to-date symlink: /home/qty/ros2_ws/install/slam_toolbox/share/slam_toolbox/environment/pythonpath.dsv
[2.871s] -- Up-to-date symlink: /home/qty/ros2_ws/install/slam_toolbox/lib/python3.8/site-packages/slam_toolbox/__init__.py
[2.871s] -- Up-to-date symlink: /home/qty/ros2_ws/install/slam_toolbox/lib/python3.8/site-packages/slam_toolbox/srv/__init__.py
[2.872s] -- Up-to-date symlink: /home/qty/ros2_ws/install/slam_toolbox/lib/python3.8/site-packages/slam_toolbox/srv/_add_submap.py
[2.873s] -- Up-to-date symlink: /home/qty/ros2_ws/install/slam_toolbox/lib/python3.8/site-packages/slam_toolbox/srv/_clear.py
[2.873s] -- Up-to-date symlink: /home/qty/ros2_ws/install/slam_toolbox/lib/python3.8/site-packages/slam_toolbox/srv/_clear_queue.py
[2.874s] -- Up-to-date symlink: /home/qty/ros2_ws/install/slam_toolbox/lib/python3.8/site-packages/slam_toolbox/srv/_deserialize_pose_graph.py
[2.874s] -- Up-to-date symlink: /home/qty/ros2_ws/install/slam_toolbox/lib/python3.8/site-packages/slam_toolbox/srv/_loop_closure.py
[2.874s] -- Up-to-date symlink: /home/qty/ros2_ws/install/slam_toolbox/lib/python3.8/site-packages/slam_toolbox/srv/_merge_maps.py
[2.875s] -- Up-to-date symlink: /home/qty/ros2_ws/install/slam_toolbox/lib/python3.8/site-packages/slam_toolbox/srv/_pause.py
[2.875s] -- Up-to-date symlink: /home/qty/ros2_ws/install/slam_toolbox/lib/python3.8/site-packages/slam_toolbox/srv/_save_map.py
[2.876s] -- Up-to-date symlink: /home/qty/ros2_ws/install/slam_toolbox/lib/python3.8/site-packages/slam_toolbox/srv/_serialize_pose_graph.py
[2.877s] -- Up-to-date symlink: /home/qty/ros2_ws/install/slam_toolbox/lib/python3.8/site-packages/slam_toolbox/srv/_toggle_interactive.py
[2.877s] -- Up-to-date symlink: /home/qty/ros2_ws/install/slam_toolbox/lib/python3.8/site-packages/slam_toolbox/slam_toolbox_s__rosidl_typesupport_fastrtps_c.cpython-38-x86_64-linux-gnu.so
[2.877s] -- Up-to-date symlink: /home/qty/ros2_ws/install/slam_toolbox/lib/python3.8/site-packages/slam_toolbox/slam_toolbox_s__rosidl_typesupport_introspection_c.cpython-38-x86_64-linux-gnu.so
[2.877s] -- Up-to-date symlink: /home/qty/ros2_ws/install/slam_toolbox/lib/python3.8/site-packages/slam_toolbox/slam_toolbox_s__rosidl_typesupport_c.cpython-38-x86_64-linux-gnu.so
[2.877s] -- Up-to-date symlink: /home/qty/ros2_ws/install/slam_toolbox/lib/libslam_toolbox__python.so
[2.877s] -- Up-to-date symlink: /home/qty/ros2_ws/install/slam_toolbox/share/slam_toolbox/srv/Pause.idl
[2.878s] -- Up-to-date symlink: /home/qty/ros2_ws/install/slam_toolbox/share/slam_toolbox/srv/ClearQueue.idl
[2.878s] -- Up-to-date symlink: /home/qty/ros2_ws/install/slam_toolbox/share/slam_toolbox/srv/ToggleInteractive.idl
[2.878s] -- Up-to-date symlink: /home/qty/ros2_ws/install/slam_toolbox/share/slam_toolbox/srv/Clear.idl
[2.878s] -- Up-to-date symlink: /home/qty/ros2_ws/install/slam_toolbox/share/slam_toolbox/srv/SaveMap.idl
[2.878s] -- Up-to-date symlink: /home/qty/ros2_ws/install/slam_toolbox/share/slam_toolbox/srv/LoopClosure.idl
[2.878s] -- Up-to-date symlink: /home/qty/ros2_ws/install/slam_toolbox/share/slam_toolbox/srv/MergeMaps.idl
[2.879s] -- Up-to-date symlink: /home/qty/ros2_ws/install/slam_toolbox/share/slam_toolbox/srv/AddSubmap.idl
[2.879s] -- Up-to-date symlink: /home/qty/ros2_ws/install/slam_toolbox/share/slam_toolbox/srv/DeserializePoseGraph.idl
[2.879s] -- Up-to-date symlink: /home/qty/ros2_ws/install/slam_toolbox/share/slam_toolbox/srv/SerializePoseGraph.idl
[2.879s] -- Up-to-date symlink: /home/qty/ros2_ws/install/slam_toolbox/share/slam_toolbox/srvs/Pause.srv
[2.879s] -- Up-to-date symlink: /home/qty/ros2_ws/install/slam_toolbox/share/slam_toolbox/srvs/Pause_Request.msg
[2.880s] -- Up-to-date symlink: /home/qty/ros2_ws/install/slam_toolbox/share/slam_toolbox/srvs/Pause_Response.msg
[2.880s] -- Up-to-date symlink: /home/qty/ros2_ws/install/slam_toolbox/share/slam_toolbox/srvs/ClearQueue.srv
[2.880s] -- Up-to-date symlink: /home/qty/ros2_ws/install/slam_toolbox/share/slam_toolbox/srvs/ClearQueue_Request.msg
[2.881s] -- Up-to-date symlink: /home/qty/ros2_ws/install/slam_toolbox/share/slam_toolbox/srvs/ClearQueue_Response.msg
[2.882s] -- Up-to-date symlink: /home/qty/ros2_ws/install/slam_toolbox/share/slam_toolbox/srvs/ToggleInteractive.srv
[2.882s] -- Up-to-date symlink: /home/qty/ros2_ws/install/slam_toolbox/share/slam_toolbox/srvs/ToggleInteractive_Request.msg
[2.883s] -- Up-to-date symlink: /home/qty/ros2_ws/install/slam_toolbox/share/slam_toolbox/srvs/ToggleInteractive_Response.msg
[2.883s] -- Up-to-date symlink: /home/qty/ros2_ws/install/slam_toolbox/share/slam_toolbox/srvs/Clear.srv
[2.884s] -- Up-to-date symlink: /home/qty/ros2_ws/install/slam_toolbox/share/slam_toolbox/srvs/Clear_Request.msg
[2.884s] -- Up-to-date symlink: /home/qty/ros2_ws/install/slam_toolbox/share/slam_toolbox/srvs/Clear_Response.msg
[2.888s] -- Up-to-date symlink: /home/qty/ros2_ws/install/slam_toolbox/share/slam_toolbox/srvs/SaveMap.srv
[2.888s] -- Up-to-date symlink: /home/qty/ros2_ws/install/slam_toolbox/share/slam_toolbox/srvs/SaveMap_Request.msg
[2.888s] -- Up-to-date symlink: /home/qty/ros2_ws/install/slam_toolbox/share/slam_toolbox/srvs/SaveMap_Response.msg
[2.888s] -- Up-to-date symlink: /home/qty/ros2_ws/install/slam_toolbox/share/slam_toolbox/srvs/LoopClosure.srv
[2.888s] -- Up-to-date symlink: /home/qty/ros2_ws/install/slam_toolbox/share/slam_toolbox/srvs/LoopClosure_Request.msg
[2.890s] -- Up-to-date symlink: /home/qty/ros2_ws/install/slam_toolbox/share/slam_toolbox/srvs/LoopClosure_Response.msg
[2.890s] -- Up-to-date symlink: /home/qty/ros2_ws/install/slam_toolbox/share/slam_toolbox/srvs/MergeMaps.srv
[2.891s] -- Up-to-date symlink: /home/qty/ros2_ws/install/slam_toolbox/share/slam_toolbox/srvs/MergeMaps_Request.msg
[2.891s] -- Up-to-date symlink: /home/qty/ros2_ws/install/slam_toolbox/share/slam_toolbox/srvs/MergeMaps_Response.msg
[2.892s] -- Up-to-date symlink: /home/qty/ros2_ws/install/slam_toolbox/share/slam_toolbox/srvs/AddSubmap.srv
[2.892s] -- Up-to-date symlink: /home/qty/ros2_ws/install/slam_toolbox/share/slam_toolbox/srvs/AddSubmap_Request.msg
[2.893s] -- Up-to-date symlink: /home/qty/ros2_ws/install/slam_toolbox/share/slam_toolbox/srvs/AddSubmap_Response.msg
[2.893s] -- Up-to-date symlink: /home/qty/ros2_ws/install/slam_toolbox/share/slam_toolbox/srvs/DeserializePoseGraph.srv
[2.893s] -- Up-to-date symlink: /home/qty/ros2_ws/install/slam_toolbox/share/slam_toolbox/srvs/DeserializePoseGraph_Request.msg
[2.894s] -- Up-to-date symlink: /home/qty/ros2_ws/install/slam_toolbox/share/slam_toolbox/srvs/DeserializePoseGraph_Response.msg
[2.894s] -- Up-to-date symlink: /home/qty/ros2_ws/install/slam_toolbox/share/slam_toolbox/srvs/SerializePoseGraph.srv
[2.895s] -- Up-to-date symlink: /home/qty/ros2_ws/install/slam_toolbox/share/slam_toolbox/srvs/SerializePoseGraph_Request.msg
[2.895s] -- Up-to-date symlink: /home/qty/ros2_ws/install/slam_toolbox/share/slam_toolbox/srvs/SerializePoseGraph_Response.msg
[2.895s] -- Up-to-date symlink: /home/qty/ros2_ws/install/slam_toolbox/share/slam_toolbox//rviz_plugins.xml
[2.896s] -- Up-to-date symlink: /home/qty/ros2_ws/install/slam_toolbox/share/slam_toolbox//solver_plugins.xml
[2.896s] -- Up-to-date symlink: /home/qty/ros2_ws/install/slam_toolbox/lib/slam_toolbox/async_slam_toolbox_node
[2.896s] -- Up-to-date symlink: /home/qty/ros2_ws/install/slam_toolbox/lib/slam_toolbox/sync_slam_toolbox_node
[2.897s] -- Up-to-date symlink: /home/qty/ros2_ws/install/slam_toolbox/lib/slam_toolbox/localization_slam_toolbox_node
[2.898s] -- Up-to-date symlink: /home/qty/ros2_ws/install/slam_toolbox/lib/slam_toolbox/lifelong_slam_toolbox_node
[2.898s] -- Up-to-date symlink: /home/qty/ros2_ws/install/slam_toolbox/lib/slam_toolbox/merge_maps_kinematic
[2.898s] -- Up-to-date symlink: /home/qty/ros2_ws/install/slam_toolbox/lib/libtoolbox_common.so
[2.899s] -- Up-to-date symlink: /home/qty/ros2_ws/install/slam_toolbox/lib/libSlamToolboxPlugin.so
[2.900s] -- Up-to-date symlink: /home/qty/ros2_ws/install/slam_toolbox/lib/libceres_solver_plugin.so
[2.900s] -- Up-to-date symlink: /home/qty/ros2_ws/install/slam_toolbox/lib/libasync_slam_toolbox.so
[2.901s] -- Up-to-date symlink: /home/qty/ros2_ws/install/slam_toolbox/lib/libsync_slam_toolbox.so
[2.901s] -- Up-to-date symlink: /home/qty/ros2_ws/install/slam_toolbox/lib/liblocalization_slam_toolbox.so
[2.902s] -- Up-to-date symlink: /home/qty/ros2_ws/install/slam_toolbox/lib/liblifelong_slam_toolbox.so
[2.903s] -- Up-to-date symlink: /home/qty/ros2_ws/install/slam_toolbox/include/slam_toolbox/experimental/slam_toolbox_lifelong.hpp
[2.903s] -- Up-to-date symlink: /home/qty/ros2_ws/install/slam_toolbox/include/slam_toolbox/get_pose_helper.hpp
[2.904s] -- Up-to-date symlink: /home/qty/ros2_ws/install/slam_toolbox/include/slam_toolbox/laser_utils.hpp
[2.904s] -- Up-to-date symlink: /home/qty/ros2_ws/install/slam_toolbox/include/slam_toolbox/loop_closure_assistant.hpp
[2.904s] -- Up-to-date symlink: /home/qty/ros2_ws/install/slam_toolbox/include/slam_toolbox/map_saver.hpp
[2.905s] -- Up-to-date symlink: /home/qty/ros2_ws/install/slam_toolbox/include/slam_toolbox/merge_maps_kinematic.hpp
[2.905s] -- Up-to-date symlink: /home/qty/ros2_ws/install/slam_toolbox/include/slam_toolbox/serialization.hpp
[2.906s] -- Up-to-date symlink: /home/qty/ros2_ws/install/slam_toolbox/include/slam_toolbox/slam_mapper.hpp
[2.906s] -- Up-to-date symlink: /home/qty/ros2_ws/install/slam_toolbox/include/slam_toolbox/slam_toolbox_async.hpp
[2.906s] -- Up-to-date symlink: /home/qty/ros2_ws/install/slam_toolbox/include/slam_toolbox/slam_toolbox_common.hpp
[2.907s] -- Up-to-date symlink: /home/qty/ros2_ws/install/slam_toolbox/include/slam_toolbox/slam_toolbox_localization.hpp
[2.907s] -- Up-to-date symlink: /home/qty/ros2_ws/install/slam_toolbox/include/slam_toolbox/slam_toolbox_sync.hpp
[2.908s] -- Up-to-date symlink: /home/qty/ros2_ws/install/slam_toolbox/include/slam_toolbox/snap_utils.hpp
[2.909s] -- Up-to-date symlink: /home/qty/ros2_ws/install/slam_toolbox/include/slam_toolbox/toolbox_msgs.hpp
[2.910s] -- Up-to-date symlink: /home/qty/ros2_ws/install/slam_toolbox/include/slam_toolbox/toolbox_types.hpp
[2.911s] -- Up-to-date symlink: /home/qty/ros2_ws/install/slam_toolbox/include/slam_toolbox/visualization_utils.hpp
[2.911s] -- Up-to-date symlink: /home/qty/ros2_ws/install/slam_toolbox/share/slam_toolbox/launch/__pycache__/online_async_launch.cpython-38.pyc
[2.911s] -- Up-to-date symlink: /home/qty/ros2_ws/install/slam_toolbox/share/slam_toolbox/launch/__pycache__/online_async_launch_localization.cpython-38.pyc
[2.912s] -- Up-to-date symlink: /home/qty/ros2_ws/install/slam_toolbox/share/slam_toolbox/launch/lifelong_launch.py
[2.912s] -- Up-to-date symlink: /home/qty/ros2_ws/install/slam_toolbox/share/slam_toolbox/launch/localization_launch.py
[2.913s] -- Up-to-date symlink: /home/qty/ros2_ws/install/slam_toolbox/share/slam_toolbox/launch/merge_maps_kinematic_launch.py
[2.913s] -- Up-to-date symlink: /home/qty/ros2_ws/install/slam_toolbox/share/slam_toolbox/launch/offline_launch.py
[2.914s] -- Up-to-date symlink: /home/qty/ros2_ws/install/slam_toolbox/share/slam_toolbox/launch/online_async_launch.py
[2.914s] -- Up-to-date symlink: /home/qty/ros2_ws/install/slam_toolbox/share/slam_toolbox/launch/online_async_launch_localization.py
[2.915s] -- Up-to-date symlink: /home/qty/ros2_ws/install/slam_toolbox/share/slam_toolbox/launch/online_sync_launch.py
[2.915s] -- Up-to-date symlink: /home/qty/ros2_ws/install/slam_toolbox/share/slam_toolbox/config/mapper_params_lifelong.yaml
[2.916s] -- Up-to-date symlink: /home/qty/ros2_ws/install/slam_toolbox/share/slam_toolbox/config/mapper_params_localization.yaml
[2.916s] -- Up-to-date symlink: /home/qty/ros2_ws/install/slam_toolbox/share/slam_toolbox/config/mapper_params_offline.yaml
[2.917s] -- Up-to-date symlink: /home/qty/ros2_ws/install/slam_toolbox/share/slam_toolbox/config/mapper_params_online_async.yaml
[2.917s] -- Up-to-date symlink: /home/qty/ros2_ws/install/slam_toolbox/share/slam_toolbox/config/mapper_params_online_async_localization.yaml
[2.917s] -- Up-to-date symlink: /home/qty/ros2_ws/install/slam_toolbox/share/slam_toolbox/config/mapper_params_online_sync.yaml
[2.918s] -- Up-to-date symlink: /home/qty/ros2_ws/install/slam_toolbox/share/solver_plugins.xml
[2.918s] -- Up-to-date symlink: /home/qty/ros2_ws/install/slam_toolbox/share/rviz_plugins.xml
[2.919s] -- Up-to-date symlink: /home/qty/ros2_ws/install/slam_toolbox/share/ament_index/resource_index/package_run_dependencies/slam_toolbox
[2.919s] -- Up-to-date symlink: /home/qty/ros2_ws/install/slam_toolbox/share/ament_index/resource_index/parent_prefix_path/slam_toolbox
[2.919s] -- Up-to-date symlink: /home/qty/ros2_ws/install/slam_toolbox/share/slam_toolbox/environment/ament_prefix_path.sh
[2.920s] -- Up-to-date symlink: /home/qty/ros2_ws/install/slam_toolbox/share/slam_toolbox/environment/ament_prefix_path.dsv
[2.920s] -- Up-to-date symlink: /home/qty/ros2_ws/install/slam_toolbox/share/slam_toolbox/environment/path.sh
[2.921s] -- Up-to-date symlink: /home/qty/ros2_ws/install/slam_toolbox/share/slam_toolbox/environment/path.dsv
[2.921s] -- Up-to-date symlink: /home/qty/ros2_ws/install/slam_toolbox/share/slam_toolbox/local_setup.bash
[2.921s] -- Up-to-date symlink: /home/qty/ros2_ws/install/slam_toolbox/share/slam_toolbox/local_setup.sh
[2.922s] -- Up-to-date symlink: /home/qty/ros2_ws/install/slam_toolbox/share/slam_toolbox/local_setup.zsh
[2.922s] -- Up-to-date symlink: /home/qty/ros2_ws/install/slam_toolbox/share/slam_toolbox/local_setup.dsv
[2.923s] -- Symlinking: /home/qty/ros2_ws/install/slam_toolbox/share/slam_toolbox/package.dsv
[2.924s] -- Up-to-date symlink: /home/qty/ros2_ws/install/slam_toolbox/share/ament_index/resource_index/packages/slam_toolbox
[2.924s] -- Up-to-date symlink: /home/qty/ros2_ws/install/slam_toolbox/share/ament_index/resource_index/rviz_common__pluginlib__plugin/slam_toolbox
[2.924s] -- Up-to-date symlink: /home/qty/ros2_ws/install/slam_toolbox/share/ament_index/resource_index/slam_toolbox__pluginlib__plugin/slam_toolbox
[2.924s] -- Up-to-date symlink: /home/qty/ros2_ws/install/slam_toolbox/share/slam_toolbox/cmake/rosidl_cmake-extras.cmake
[2.925s] -- Up-to-date symlink: /home/qty/ros2_ws/install/slam_toolbox/share/slam_toolbox/cmake/ament_cmake_export_dependencies-extras.cmake
[2.925s] -- Up-to-date symlink: /home/qty/ros2_ws/install/slam_toolbox/share/slam_toolbox/cmake/ament_cmake_export_libraries-extras.cmake
[2.926s] -- Up-to-date symlink: /home/qty/ros2_ws/install/slam_toolbox/share/slam_toolbox/cmake/ament_cmake_export_targets-extras.cmake
[2.926s] -- Up-to-date symlink: /home/qty/ros2_ws/install/slam_toolbox/share/slam_toolbox/cmake/ament_cmake_export_include_directories-extras.cmake
[2.926s] -- Up-to-date symlink: /home/qty/ros2_ws/install/slam_toolbox/share/slam_toolbox/cmake/rosidl_cmake_export_typesupport_libraries-extras.cmake
[2.927s] -- Up-to-date symlink: /home/qty/ros2_ws/install/slam_toolbox/share/slam_toolbox/cmake/rosidl_cmake_export_typesupport_targets-extras.cmake
[2.927s] -- Up-to-date symlink: /home/qty/ros2_ws/install/slam_toolbox/share/slam_toolbox/cmake/slam_toolboxConfig.cmake
[2.928s] -- Up-to-date symlink: /home/qty/ros2_ws/install/slam_toolbox/share/slam_toolbox/cmake/slam_toolboxConfig-version.cmake
[2.928s] -- Up-to-date symlink: /home/qty/ros2_ws/install/slam_toolbox/share/slam_toolbox/package.xml
[2.928s] -- Up-to-date: /home/qty/ros2_ws/install/slam_toolbox/lib/libslam_toolbox__rosidl_generator_c.so
[2.929s] -- Up-to-date: /home/qty/ros2_ws/install/slam_toolbox/lib/libslam_toolbox__rosidl_typesupport_introspection_c.so
[2.929s] -- Up-to-date: /home/qty/ros2_ws/install/slam_toolbox/lib/libslam_toolbox__rosidl_typesupport_c.so
[2.930s] -- Up-to-date: /home/qty/ros2_ws/install/slam_toolbox/lib/libslam_toolbox__rosidl_typesupport_introspection_cpp.so
[2.930s] -- Up-to-date: /home/qty/ros2_ws/install/slam_toolbox/lib/libslam_toolbox__rosidl_typesupport_cpp.so
[2.933s] -- Up-to-date: /home/qty/ros2_ws/install/slam_toolbox/share/slam_toolbox/cmake/slam_toolbox__rosidl_generator_cExport.cmake
[2.933s] -- Up-to-date: /home/qty/ros2_ws/install/slam_toolbox/share/slam_toolbox/cmake/slam_toolbox__rosidl_generator_cExport-release.cmake
[2.934s] -- Up-to-date: /home/qty/ros2_ws/install/slam_toolbox/share/slam_toolbox/cmake/slam_toolbox__rosidl_typesupport_introspection_cExport.cmake
[2.935s] -- Up-to-date: /home/qty/ros2_ws/install/slam_toolbox/share/slam_toolbox/cmake/slam_toolbox__rosidl_typesupport_introspection_cExport-release.cmake
[2.936s] -- Up-to-date: /home/qty/ros2_ws/install/slam_toolbox/share/slam_toolbox/cmake/slam_toolbox__rosidl_typesupport_cExport.cmake
[2.936s] -- Up-to-date: /home/qty/ros2_ws/install/slam_toolbox/share/slam_toolbox/cmake/slam_toolbox__rosidl_typesupport_cExport-release.cmake
[2.938s] -- Up-to-date: /home/qty/ros2_ws/install/slam_toolbox/share/slam_toolbox/cmake/slam_toolbox__rosidl_generator_cppExport.cmake
[2.938s] -- Up-to-date: /home/qty/ros2_ws/install/slam_toolbox/share/slam_toolbox/cmake/slam_toolbox__rosidl_typesupport_introspection_cppExport.cmake
[2.938s] -- Up-to-date: /home/qty/ros2_ws/install/slam_toolbox/share/slam_toolbox/cmake/slam_toolbox__rosidl_typesupport_introspection_cppExport-release.cmake
[2.938s] -- Up-to-date: /home/qty/ros2_ws/install/slam_toolbox/share/slam_toolbox/cmake/slam_toolbox__rosidl_typesupport_cppExport.cmake
[2.938s] -- Up-to-date: /home/qty/ros2_ws/install/slam_toolbox/share/slam_toolbox/cmake/slam_toolbox__rosidl_typesupport_cppExport-release.cmake
[2.938s] -- Up-to-date: /home/qty/ros2_ws/install/slam_toolbox/share/slam_toolbox/cmake/SlamToolboxPluginExport.cmake
[2.939s] -- Up-to-date: /home/qty/ros2_ws/install/slam_toolbox/share/slam_toolbox/cmake/SlamToolboxPluginExport-release.cmake
[3.376s] Invoked command in '/home/qty/ros2_ws/build/slam_toolbox' returned '0': CMAKE_PREFIX_PATH=${CMAKE_PREFIX_PATH}:/home/qty/ros2_ws/install/hoverboard_controller:/opt/ros/foxy /usr/bin/cmake --install /home/qty/ros2_ws/build/slam_toolbox
