[0.507s] Invoking command in '/home/qty/ros2_ws/build/hoverboard_msgs': CMAKE_PREFIX_PATH=${CMAKE_PREFIX_PATH}:/home/qty/ros2_ws/install/hoverboard_controller:/home/qty/ros2_ws/install/hoverBoardController:/home/qty/ros2_ws/install/examples_rclpy_minimal_subscriber:/home/qty/ros2_ws/install/examples_rclpy_minimal_service:/home/qty/ros2_ws/install/examples_rclpy_minimal_publisher:/home/qty/ros2_ws/install/examples_rclpy_minimal_client:/home/qty/ros2_ws/install/examples_rclpy_minimal_action_server:/home/qty/ros2_ws/install/examples_rclpy_minimal_action_client:/home/qty/ros2_ws/install/examples_rclpy_executors:/opt/ros/foxy /usr/bin/cmake --build /home/qty/ros2_ws/build/hoverboard_msgs -- -j16 -l16
[0.526s] -- Found ament_cmake: 0.9.12 (/opt/ros/foxy/share/ament_cmake/cmake)
[0.551s] -- Found PythonInterp: /usr/bin/python3 (found suitable version "3.8.10", minimum required is "3") 
[0.551s] -- Using PYTHON_EXECUTABLE: /usr/bin/python3
[0.712s] -- Override CMake install command with custom implementation using symlinks instead of copying resources
[0.721s] -- Found ament_lint_auto: 0.9.8 (/opt/ros/foxy/share/ament_lint_auto/cmake)
[0.775s] -- Found rosidl_default_generators: 1.0.1 (/opt/ros/foxy/share/rosidl_default_generators/cmake)
[0.780s] -- Using all available rosidl_typesupport_c: rosidl_typesupport_fastrtps_c;rosidl_typesupport_introspection_c
[0.783s] -- Found rosidl_adapter: 1.3.1 (/opt/ros/foxy/share/rosidl_adapter/cmake)
[0.880s] -- Using all available rosidl_typesupport_cpp: rosidl_typesupport_fastrtps_cpp;rosidl_typesupport_introspection_cpp
[0.897s] -- Found builtin_interfaces: 1.0.0 (/opt/ros/foxy/share/builtin_interfaces/cmake)
[0.929s] -- Found PythonInterp: /usr/bin/python3 (found version "3.8.10") 
[0.983s] -- Found ament_cmake_ros: 0.9.2 (/opt/ros/foxy/share/ament_cmake_ros/cmake)
[1.052s] -- Using all available rosidl_typesupport_c: rosidl_typesupport_fastrtps_c;rosidl_typesupport_introspection_c
[1.061s] -- Using all available rosidl_typesupport_cpp: rosidl_typesupport_fastrtps_cpp;rosidl_typesupport_introspection_cpp
[1.082s] -- Found PythonInterp: /usr/bin/python3 (found suitable version "3.8.10", minimum required is "3.5") 
[1.083s] -- Found python_cmake_module: 0.8.1 (/opt/ros/foxy/share/python_cmake_module/cmake)
[1.106s] -- Using PYTHON_EXECUTABLE: /usr/bin/python3
[1.106s] -- Using PYTHON_INCLUDE_DIRS: /usr/include/python3.8
[1.106s] -- Using PYTHON_LIBRARIES: /usr/lib/x86_64-linux-gnu/libpython3.8.so
[1.124s] -- Added test 'copyright' to check source files copyright and LICENSE
[1.124s] -- Added test 'lint_cmake' to check CMake code style
[1.125s] -- Added test 'xmllint' to check XML markup files
[1.129s] -- Configuring done
[1.149s] -- Generating done
[1.150s] -- Build files have been written to: /home/qty/ros2_ws/build/hoverboard_msgs
[1.169s] [  2%] [34m[1mGenerating C code for ROS interfaces[0m
[1.176s] [  5%] [34m[1mGenerating C++ code for ROS interfaces[0m
[1.382s] [  5%] Built target hoverboard_msgs__cpp
[1.389s] [35m[1mScanning dependencies of target hoverboard_msgs__rosidl_generator_c[0m
[1.389s] [ 12%] [34m[1mGenerating C++ introspection for ROS interfaces[0m
[1.389s] [ 12%] [34m[1mGenerating C++ type support dispatch for ROS interfaces[0m
[1.392s] [ 12%] [34m[1mGenerating C++ type support for eProsima Fast-RTPS[0m
[1.397s] [ 17%] [32mBuilding C object CMakeFiles/hoverboard_msgs__rosidl_generator_c.dir/rosidl_generator_c/hoverboard_msgs/msg/detail/temp_msg__functions.c.o[0m
[1.398s] [ 17%] [32mBuilding C object CMakeFiles/hoverboard_msgs__rosidl_generator_c.dir/rosidl_generator_c/hoverboard_msgs/msg/detail/sonar_msg__functions.c.o[0m
[1.406s] In file included from [01m[K/home/qty/ros2_ws/build/hoverboard_msgs/rosidl_generator_c/hoverboard_msgs/msg/detail/temp_msg__functions.h:19[m[K,
[1.406s]                  from [01m[K/home/qty/ros2_ws/build/hoverboard_msgs/rosidl_generator_c/hoverboard_msgs/msg/detail/temp_msg__functions.c:4[m[K:
[1.406s] [01m[K/home/qty/ros2_ws/build/hoverboard_msgs/rosidl_generator_c/hoverboard_msgs/msg/detail/temp_msg__struct.h:22:10:[m[K [01;31m[Kfatal error: [m[Khoverboard_msgs/msg/detail/header__struct.h: No such file or directory
[1.406s]    22 | #include [01;31m[K"hoverboard_msgs/msg/detail/header__struct.h"[m[K
[1.406s]       |          [01;31m[K^~~~~~~~~~~~~~~~~~~~~~~~~~~~~~~~~~~~~~~~~~~~~[m[K
[1.406s] compilation terminated.
[1.406s] make[2]: *** [CMakeFiles/hoverboard_msgs__rosidl_generator_c.dir/build.make:121: CMakeFiles/hoverboard_msgs__rosidl_generator_c.dir/rosidl_generator_c/hoverboard_msgs/msg/detail/temp_msg__functions.c.o] Error 1
[1.406s] make[2]: *** Waiting for unfinished jobs....
[1.428s] make[1]: *** [CMakeFiles/Makefile2:362: CMakeFiles/hoverboard_msgs__rosidl_generator_c.dir/all] Error 2
[1.428s] make[1]: *** Waiting for unfinished jobs....
[1.558s] [35m[1mScanning dependencies of target hoverboard_msgs__rosidl_typesupport_cpp[0m
[1.568s] [ 23%] [32mBuilding CXX object CMakeFiles/hoverboard_msgs__rosidl_typesupport_cpp.dir/rosidl_typesupport_cpp/hoverboard_msgs/msg/sonar_msg__type_support.cpp.o[0m
[1.568s] [ 23%] [32mBuilding CXX object CMakeFiles/hoverboard_msgs__rosidl_typesupport_cpp.dir/rosidl_typesupport_cpp/hoverboard_msgs/msg/temp_msg__type_support.cpp.o[0m
[1.571s] [35m[1mScanning dependencies of target hoverboard_msgs__rosidl_typesupport_introspection_cpp[0m
[1.580s] [ 28%] [32mBuilding CXX object CMakeFiles/hoverboard_msgs__rosidl_typesupport_introspection_cpp.dir/rosidl_typesupport_introspection_cpp/hoverboard_msgs/msg/detail/temp_msg__type_support.cpp.o[0m
[1.581s] [ 28%] [32mBuilding CXX object CMakeFiles/hoverboard_msgs__rosidl_typesupport_introspection_cpp.dir/rosidl_typesupport_introspection_cpp/hoverboard_msgs/msg/detail/sonar_msg__type_support.cpp.o[0m
[1.592s] [35m[1mScanning dependencies of target hoverboard_msgs__rosidl_typesupport_fastrtps_cpp[0m
[1.602s] In file included from [01m[K/home/qty/ros2_ws/build/hoverboard_msgs/rosidl_typesupport_cpp/hoverboard_msgs/msg/temp_msg__type_support.cpp:7[m[K:
[1.602s] [01m[K/home/qty/ros2_ws/build/hoverboard_msgs/rosidl_generator_cpp/hoverboard_msgs/msg/detail/temp_msg__struct.hpp:19:10:[m[K [01;31m[Kfatal error: [m[Khoverboard_msgs/msg/detail/header__struct.hpp: No such file or directory
[1.602s]    19 | #include [01;31m[K"hoverboard_msgs/msg/detail/header__struct.hpp"[m[K
[1.602s]       |          [01;31m[K^~~~~~~~~~~~~~~~~~~~~~~~~~~~~~~~~~~~~~~~~~~~~~~[m[K
[1.602s] compilation terminated.
[1.602s] make[2]: *** [CMakeFiles/hoverboard_msgs__rosidl_typesupport_cpp.dir/build.make:90: CMakeFiles/hoverboard_msgs__rosidl_typesupport_cpp.dir/rosidl_typesupport_cpp/hoverboard_msgs/msg/temp_msg__type_support.cpp.o] Error 1
[1.602s] [ 33%] [32mBuilding CXX object CMakeFiles/hoverboard_msgs__rosidl_typesupport_fastrtps_cpp.dir/rosidl_typesupport_fastrtps_cpp/hoverboard_msgs/msg/detail/dds_fastrtps/temp_msg__type_support.cpp.o[0m
[1.602s] [ 33%] [32mBuilding CXX object CMakeFiles/hoverboard_msgs__rosidl_typesupport_fastrtps_cpp.dir/rosidl_typesupport_fastrtps_cpp/hoverboard_msgs/msg/detail/dds_fastrtps/sonar_msg__type_support.cpp.o[0m
[1.603s] make[2]: *** Waiting for unfinished jobs....
[1.613s] In file included from [01m[K/home/qty/ros2_ws/build/hoverboard_msgs/rosidl_typesupport_introspection_cpp/hoverboard_msgs/msg/detail/temp_msg__type_support.cpp:12[m[K:
[1.613s] [01m[K/home/qty/ros2_ws/build/hoverboard_msgs/rosidl_generator_cpp/hoverboard_msgs/msg/detail/temp_msg__struct.hpp:19:10:[m[K [01;31m[Kfatal error: [m[Khoverboard_msgs/msg/detail/header__struct.hpp: No such file or directory
[1.613s]    19 | #include [01;31m[K"hoverboard_msgs/msg/detail/header__struct.hpp"[m[K
[1.613s]       |          [01;31m[K^~~~~~~~~~~~~~~~~~~~~~~~~~~~~~~~~~~~~~~~~~~~~~~[m[K
[1.613s] compilation terminated.
[1.614s] make[2]: *** [CMakeFiles/hoverboard_msgs__rosidl_typesupport_introspection_cpp.dir/build.make:98: CMakeFiles/hoverboard_msgs__rosidl_typesupport_introspection_cpp.dir/rosidl_typesupport_introspection_cpp/hoverboard_msgs/msg/detail/temp_msg__type_support.cpp.o] Error 1
[1.614s] make[2]: *** Waiting for unfinished jobs....
[1.635s] In file included from [01m[K/home/qty/ros2_ws/build/hoverboard_msgs/rosidl_typesupport_fastrtps_cpp/hoverboard_msgs/msg/detail/temp_msg__rosidl_typesupport_fastrtps_cpp.hpp:11[m[K,
[1.635s]                  from [01m[K/home/qty/ros2_ws/build/hoverboard_msgs/rosidl_typesupport_fastrtps_cpp/hoverboard_msgs/msg/detail/dds_fastrtps/temp_msg__type_support.cpp:4[m[K:
[1.635s] [01m[K/home/qty/ros2_ws/build/hoverboard_msgs/rosidl_generator_cpp/hoverboard_msgs/msg/detail/temp_msg__struct.hpp:19:10:[m[K [01;31m[Kfatal error: [m[Khoverboard_msgs/msg/detail/header__struct.hpp: No such file or directory
[1.635s]    19 | #include [01;31m[K"hoverboard_msgs/msg/detail/header__struct.hpp"[m[K
[1.635s]       |          [01;31m[K^~~~~~~~~~~~~~~~~~~~~~~~~~~~~~~~~~~~~~~~~~~~~~~[m[K
[1.635s] compilation terminated.
[1.637s] make[2]: *** [CMakeFiles/hoverboard_msgs__rosidl_typesupport_fastrtps_cpp.dir/build.make:98: CMakeFiles/hoverboard_msgs__rosidl_typesupport_fastrtps_cpp.dir/rosidl_typesupport_fastrtps_cpp/hoverboard_msgs/msg/detail/dds_fastrtps/temp_msg__type_support.cpp.o] Error 1
[1.637s] make[2]: *** Waiting for unfinished jobs....
[1.769s] make[1]: *** [CMakeFiles/Makefile2:526: CMakeFiles/hoverboard_msgs__rosidl_typesupport_cpp.dir/all] Error 2
[1.798s] make[1]: *** [CMakeFiles/Makefile2:244: CMakeFiles/hoverboard_msgs__rosidl_typesupport_introspection_cpp.dir/all] Error 2
[1.898s] make[1]: *** [CMakeFiles/Makefile2:445: CMakeFiles/hoverboard_msgs__rosidl_typesupport_fastrtps_cpp.dir/all] Error 2
[1.898s] make: *** [Makefile:141: all] Error 2
[1.899s] Invoked command in '/home/qty/ros2_ws/build/hoverboard_msgs' returned '2': CMAKE_PREFIX_PATH=${CMAKE_PREFIX_PATH}:/home/qty/ros2_ws/install/hoverboard_controller:/home/qty/ros2_ws/install/hoverBoardController:/home/qty/ros2_ws/install/examples_rclpy_minimal_subscriber:/home/qty/ros2_ws/install/examples_rclpy_minimal_service:/home/qty/ros2_ws/install/examples_rclpy_minimal_publisher:/home/qty/ros2_ws/install/examples_rclpy_minimal_client:/home/qty/ros2_ws/install/examples_rclpy_minimal_action_server:/home/qty/ros2_ws/install/examples_rclpy_minimal_action_client:/home/qty/ros2_ws/install/examples_rclpy_executors:/opt/ros/foxy /usr/bin/cmake --build /home/qty/ros2_ws/build/hoverboard_msgs -- -j16 -l16
