[0.325s] Invoking command in '/home/qty/ros2_ws/build/openslam_gmapping': CMAKE_PREFIX_PATH=${CMAKE_PREFIX_PATH}:/home/qty/ros2_ws/install/hoverboard_controller:/opt/ros/foxy /usr/bin/cmake /home/qty/ros2_ws/src/slam_gmapping/openslam_gmapping -DCMAKE_INSTALL_PREFIX=/home/qty/ros2_ws/install/openslam_gmapping
[0.350s] -- Found ament_cmake: 0.9.12 (/opt/ros/foxy/share/ament_cmake/cmake)
[0.383s] -- Using PYTHON_EXECUTABLE: /usr/bin/python3
[0.639s] -- Override CMake install command with custom implementation using symlinks instead of copying resources
[0.758s] -- Configuring done
[0.777s] -- Generating done
[0.780s] -- Build files have been written to: /home/qty/ros2_ws/build/openslam_gmapping
[0.783s] Invoked command in '/home/qty/ros2_ws/build/openslam_gmapping' returned '0': CMAKE_PREFIX_PATH=${CMAKE_PREFIX_PATH}:/home/qty/ros2_ws/install/hoverboard_controller:/opt/ros/foxy /usr/bin/cmake /home/qty/ros2_ws/src/slam_gmapping/openslam_gmapping -DCMAKE_INSTALL_PREFIX=/home/qty/ros2_ws/install/openslam_gmapping
[0.787s] Invoking command in '/home/qty/ros2_ws/build/openslam_gmapping': CMAKE_PREFIX_PATH=${CMAKE_PREFIX_PATH}:/home/qty/ros2_ws/install/hoverboard_controller:/opt/ros/foxy /usr/bin/cmake --build /home/qty/ros2_ws/build/openslam_gmapping -- -j16 -l16
[0.850s] [ 13%] Built target utils
[0.855s] [ 27%] Built target sensor_base
[0.881s] [ 40%] Built target sensor_range
[0.882s] [ 54%] Built target sensor_odometry
[0.906s] [ 77%] Built target scanmatcher
[0.932s] [100%] Built target gridfastslam
[0.966s] Invoked command in '/home/qty/ros2_ws/build/openslam_gmapping' returned '0': CMAKE_PREFIX_PATH=${CMAKE_PREFIX_PATH}:/home/qty/ros2_ws/install/hoverboard_controller:/opt/ros/foxy /usr/bin/cmake --build /home/qty/ros2_ws/build/openslam_gmapping -- -j16 -l16
[1.070s] Invoking command in '/home/qty/ros2_ws/build/openslam_gmapping': CMAKE_PREFIX_PATH=${CMAKE_PREFIX_PATH}:/home/qty/ros2_ws/install/hoverboard_controller:/opt/ros/foxy /usr/bin/cmake --install /home/qty/ros2_ws/build/openslam_gmapping
[1.080s] -- Install configuration: ""
[1.080s] -- Execute custom install script
[1.081s] -- Up-to-date symlink: /home/qty/ros2_ws/install/openslam_gmapping/lib/libgridfastslam.a
[1.081s] -- Up-to-date symlink: /home/qty/ros2_ws/install/openslam_gmapping/lib/libscanmatcher.a
[1.082s] -- Up-to-date symlink: /home/qty/ros2_ws/install/openslam_gmapping/lib/libsensor_base.a
[1.082s] -- Up-to-date symlink: /home/qty/ros2_ws/install/openslam_gmapping/share/openslam_gmapping/environment/library_path.sh
[1.083s] -- Up-to-date symlink: /home/qty/ros2_ws/install/openslam_gmapping/share/openslam_gmapping/environment/library_path.dsv
[1.083s] -- Up-to-date symlink: /home/qty/ros2_ws/install/openslam_gmapping/share/openslam_gmapping/environment/library_path.sh
[1.083s] -- Up-to-date symlink: /home/qty/ros2_ws/install/openslam_gmapping/share/openslam_gmapping/environment/library_path.dsv
[1.084s] -- Up-to-date symlink: /home/qty/ros2_ws/install/openslam_gmapping/lib/libsensor_odometry.a
[1.085s] -- Up-to-date symlink: /home/qty/ros2_ws/install/openslam_gmapping/lib/libsensor_range.a
[1.085s] -- Up-to-date symlink: /home/qty/ros2_ws/install/openslam_gmapping/lib/libutils.a
[1.085s] -- Up-to-date symlink: /home/qty/ros2_ws/install/openslam_gmapping/share/openslam_gmapping/environment/library_path.sh
[1.086s] -- Up-to-date symlink: /home/qty/ros2_ws/install/openslam_gmapping/share/openslam_gmapping/environment/library_path.dsv
[1.086s] -- Up-to-date symlink: /home/qty/ros2_ws/install/openslam_gmapping/share/openslam_gmapping/environment/library_path.sh
[1.086s] -- Up-to-date symlink: /home/qty/ros2_ws/install/openslam_gmapping/share/openslam_gmapping/environment/library_path.dsv
[1.087s] -- Up-to-date symlink: /home/qty/ros2_ws/install/openslam_gmapping/include//gmapping/grid/accessstate.h
[1.088s] -- Up-to-date symlink: /home/qty/ros2_ws/install/openslam_gmapping/include//gmapping/grid/array2d.h
[1.088s] -- Up-to-date symlink: /home/qty/ros2_ws/install/openslam_gmapping/include//gmapping/grid/harray2d.h
[1.089s] -- Up-to-date symlink: /home/qty/ros2_ws/install/openslam_gmapping/include//gmapping/grid/map.h
[1.089s] -- Up-to-date symlink: /home/qty/ros2_ws/install/openslam_gmapping/include//gmapping/gridfastslam/gridslamprocessor.h
[1.089s] -- Up-to-date symlink: /home/qty/ros2_ws/install/openslam_gmapping/include//gmapping/gridfastslam/gridslamprocessor.hxx
[1.089s] -- Up-to-date symlink: /home/qty/ros2_ws/install/openslam_gmapping/include//gmapping/gridfastslam/motionmodel.h
[1.090s] -- Up-to-date symlink: /home/qty/ros2_ws/install/openslam_gmapping/include//gmapping/log/configuration.h
[1.090s] -- Up-to-date symlink: /home/qty/ros2_ws/install/openslam_gmapping/include//gmapping/log/sensorlog.h
[1.090s] -- Up-to-date symlink: /home/qty/ros2_ws/install/openslam_gmapping/include//gmapping/particlefilter/particlefilter.h
[1.090s] -- Up-to-date symlink: /home/qty/ros2_ws/install/openslam_gmapping/include//gmapping/scanmatcher/icp.h
[1.090s] -- Up-to-date symlink: /home/qty/ros2_ws/install/openslam_gmapping/include//gmapping/scanmatcher/scanmatcher.h
[1.091s] -- Up-to-date symlink: /home/qty/ros2_ws/install/openslam_gmapping/include//gmapping/scanmatcher/smmap.h
[1.091s] -- Up-to-date symlink: /home/qty/ros2_ws/install/openslam_gmapping/include//gmapping/sensor/sensor_base/sensor.h
[1.091s] -- Up-to-date symlink: /home/qty/ros2_ws/install/openslam_gmapping/include//gmapping/sensor/sensor_base/sensorreading.h
[1.091s] -- Up-to-date symlink: /home/qty/ros2_ws/install/openslam_gmapping/include//gmapping/sensor/sensor_odometry/odometryreading.h
[1.091s] -- Up-to-date symlink: /home/qty/ros2_ws/install/openslam_gmapping/include//gmapping/sensor/sensor_odometry/odometrysensor.h
[1.092s] -- Up-to-date symlink: /home/qty/ros2_ws/install/openslam_gmapping/include//gmapping/sensor/sensor_range/rangereading.h
[1.092s] -- Up-to-date symlink: /home/qty/ros2_ws/install/openslam_gmapping/include//gmapping/sensor/sensor_range/rangesensor.h
[1.092s] -- Up-to-date symlink: /home/qty/ros2_ws/install/openslam_gmapping/include//gmapping/utils/autoptr.h
[1.093s] -- Up-to-date symlink: /home/qty/ros2_ws/install/openslam_gmapping/include//gmapping/utils/commandline.h
[1.093s] -- Up-to-date symlink: /home/qty/ros2_ws/install/openslam_gmapping/include//gmapping/utils/gvalues.h
[1.093s] -- Up-to-date symlink: /home/qty/ros2_ws/install/openslam_gmapping/include//gmapping/utils/macro_params.h
[1.093s] -- Up-to-date symlink: /home/qty/ros2_ws/install/openslam_gmapping/include//gmapping/utils/point.h
[1.094s] -- Up-to-date symlink: /home/qty/ros2_ws/install/openslam_gmapping/include//gmapping/utils/stat.h
[1.094s] -- Up-to-date symlink: /home/qty/ros2_ws/install/openslam_gmapping/share/ament_index/resource_index/package_run_dependencies/openslam_gmapping
[1.095s] -- Up-to-date symlink: /home/qty/ros2_ws/install/openslam_gmapping/share/ament_index/resource_index/parent_prefix_path/openslam_gmapping
[1.095s] -- Up-to-date symlink: /home/qty/ros2_ws/install/openslam_gmapping/share/openslam_gmapping/environment/ament_prefix_path.sh
[1.095s] -- Up-to-date symlink: /home/qty/ros2_ws/install/openslam_gmapping/share/openslam_gmapping/environment/ament_prefix_path.dsv
[1.095s] -- Up-to-date symlink: /home/qty/ros2_ws/install/openslam_gmapping/share/openslam_gmapping/environment/path.sh
[1.096s] -- Up-to-date symlink: /home/qty/ros2_ws/install/openslam_gmapping/share/openslam_gmapping/environment/path.dsv
[1.096s] -- Up-to-date symlink: /home/qty/ros2_ws/install/openslam_gmapping/share/openslam_gmapping/local_setup.bash
[1.097s] -- Up-to-date symlink: /home/qty/ros2_ws/install/openslam_gmapping/share/openslam_gmapping/local_setup.sh
[1.097s] -- Up-to-date symlink: /home/qty/ros2_ws/install/openslam_gmapping/share/openslam_gmapping/local_setup.zsh
[1.097s] -- Up-to-date symlink: /home/qty/ros2_ws/install/openslam_gmapping/share/openslam_gmapping/local_setup.dsv
[1.098s] -- Symlinking: /home/qty/ros2_ws/install/openslam_gmapping/share/openslam_gmapping/package.dsv
[1.109s] -- Up-to-date symlink: /home/qty/ros2_ws/install/openslam_gmapping/share/ament_index/resource_index/packages/openslam_gmapping
[1.109s] -- Up-to-date symlink: /home/qty/ros2_ws/install/openslam_gmapping/share/openslam_gmapping/cmake/ament_cmake_export_libraries-extras.cmake
[1.109s] -- Up-to-date symlink: /home/qty/ros2_ws/install/openslam_gmapping/share/openslam_gmapping/cmake/ament_cmake_export_include_directories-extras.cmake
[1.110s] -- Up-to-date symlink: /home/qty/ros2_ws/install/openslam_gmapping/share/openslam_gmapping/cmake/openslam_gmappingConfig.cmake
[1.110s] -- Up-to-date symlink: /home/qty/ros2_ws/install/openslam_gmapping/share/openslam_gmapping/cmake/openslam_gmappingConfig-version.cmake
[1.110s] -- Up-to-date symlink: /home/qty/ros2_ws/install/openslam_gmapping/share/openslam_gmapping/package.xml
[1.114s] Invoked command in '/home/qty/ros2_ws/build/openslam_gmapping' returned '0': CMAKE_PREFIX_PATH=${CMAKE_PREFIX_PATH}:/home/qty/ros2_ws/install/hoverboard_controller:/opt/ros/foxy /usr/bin/cmake --install /home/qty/ros2_ws/build/openslam_gmapping
