running develop
running egg_info
creating hoverBoardController.egg-info
writing hoverBoardController.egg-info/PKG-INFO
writing dependency_links to hoverBoardController.egg-info/dependency_links.txt
writing entry points to hoverBoardController.egg-info/entry_points.txt
writing requirements to hoverBoardController.egg-info/requires.txt
writing top-level names to hoverBoardController.egg-info/top_level.txt
writing manifest file 'hoverBoardController.egg-info/SOURCES.txt'
reading manifest file 'hoverBoardController.egg-info/SOURCES.txt'
writing manifest file 'hoverBoardController.egg-info/SOURCES.txt'
running build_ext
Creating /home/qty/ros2_ws/install/hoverBoardController/lib/python3.8/site-packages/site.py
Creating /home/qty/ros2_ws/install/hoverBoardController/lib/python3.8/site-packages/hoverBoardController.egg-link (link to .)

Installed /home/qty/ros2_ws/build/hoverBoardController
running install_data
creating /home/qty/ros2_ws/install/hoverBoardController/share/ament_index
creating /home/qty/ros2_ws/install/hoverBoardController/share/ament_index/resource_index
creating /home/qty/ros2_ws/install/hoverBoardController/share/ament_index/resource_index/packages
copying resource/hoverBoardController -> /home/qty/ros2_ws/install/hoverBoardController/share/ament_index/resource_index/packages
copying package.xml -> /home/qty/ros2_ws/install/hoverBoardController/share/hoverBoardController
