[1.718s] Invoking command in '/home/qty/ros2_ws/build/ros2_laser_scan_matcher': CMAKE_PREFIX_PATH=/home/qty/ros2_ws/install/csm:/home/qty/ros2_ws/install/slam_toolbox:/home/qty/ros2_ws/install/slam_gmapping:/home/qty/ros2_ws/install/rplidar_ros:/home/qty/ros2_ws/install/ros2_laser_scan_matcher:/home/qty/ros2_ws/install/openslam_gmapping:/home/qty/ros2_ws/install/hoverboard_msgs:/home/qty/ros2_ws/install/articubot_one:/home/qty/ros2_ws/install/hoverboard_controller:/opt/ros/foxy LD_LIBRARY_PATH=/home/qty/ros2_ws/install/csm/lib:/home/qty/ros2_ws/install/slam_toolbox/lib:/home/qty/ros2_ws/install/rplidar_ros/lib:/home/qty/ros2_ws/install/openslam_gmapping/lib:/home/qty/ros2_ws/install/hoverboard_msgs/lib:/usr/lib/x86_64-linux-gnu/gazebo-11/plugins:/opt/ros/foxy/opt/yaml_cpp_vendor/lib:/opt/ros/foxy/opt/rviz_ogre_vendor/lib:/opt/ros/foxy/lib/x86_64-linux-gnu:/opt/ros/foxy/lib /usr/bin/cmake --build /home/qty/ros2_ws/build/ros2_laser_scan_matcher -- -j16 -l16
[1.855s] [100%] Built target laser_scan_matcher
[2.724s] Invoked command in '/home/qty/ros2_ws/build/ros2_laser_scan_matcher' returned '0': CMAKE_PREFIX_PATH=/home/qty/ros2_ws/install/csm:/home/qty/ros2_ws/install/slam_toolbox:/home/qty/ros2_ws/install/slam_gmapping:/home/qty/ros2_ws/install/rplidar_ros:/home/qty/ros2_ws/install/ros2_laser_scan_matcher:/home/qty/ros2_ws/install/openslam_gmapping:/home/qty/ros2_ws/install/hoverboard_msgs:/home/qty/ros2_ws/install/articubot_one:/home/qty/ros2_ws/install/hoverboard_controller:/opt/ros/foxy LD_LIBRARY_PATH=/home/qty/ros2_ws/install/csm/lib:/home/qty/ros2_ws/install/slam_toolbox/lib:/home/qty/ros2_ws/install/rplidar_ros/lib:/home/qty/ros2_ws/install/openslam_gmapping/lib:/home/qty/ros2_ws/install/hoverboard_msgs/lib:/usr/lib/x86_64-linux-gnu/gazebo-11/plugins:/opt/ros/foxy/opt/yaml_cpp_vendor/lib:/opt/ros/foxy/opt/rviz_ogre_vendor/lib:/opt/ros/foxy/lib/x86_64-linux-gnu:/opt/ros/foxy/lib /usr/bin/cmake --build /home/qty/ros2_ws/build/ros2_laser_scan_matcher -- -j16 -l16
[3.469s] Invoking command in '/home/qty/ros2_ws/build/ros2_laser_scan_matcher': CMAKE_PREFIX_PATH=/home/qty/ros2_ws/install/csm:/home/qty/ros2_ws/install/slam_toolbox:/home/qty/ros2_ws/install/slam_gmapping:/home/qty/ros2_ws/install/rplidar_ros:/home/qty/ros2_ws/install/ros2_laser_scan_matcher:/home/qty/ros2_ws/install/openslam_gmapping:/home/qty/ros2_ws/install/hoverboard_msgs:/home/qty/ros2_ws/install/articubot_one:/home/qty/ros2_ws/install/hoverboard_controller:/opt/ros/foxy LD_LIBRARY_PATH=/home/qty/ros2_ws/install/csm/lib:/home/qty/ros2_ws/install/slam_toolbox/lib:/home/qty/ros2_ws/install/rplidar_ros/lib:/home/qty/ros2_ws/install/openslam_gmapping/lib:/home/qty/ros2_ws/install/hoverboard_msgs/lib:/usr/lib/x86_64-linux-gnu/gazebo-11/plugins:/opt/ros/foxy/opt/yaml_cpp_vendor/lib:/opt/ros/foxy/opt/rviz_ogre_vendor/lib:/opt/ros/foxy/lib/x86_64-linux-gnu:/opt/ros/foxy/lib /usr/bin/cmake --install /home/qty/ros2_ws/build/ros2_laser_scan_matcher
[3.481s] -- Install configuration: ""
[3.484s] -- Execute custom install script
[3.485s] -- Up-to-date symlink: /home/qty/ros2_ws/install/ros2_laser_scan_matcher/share/ros2_laser_scan_matcher/launch/__pycache__/laser_scan_matcher.launch.cpython-38.pyc
[3.485s] -- Up-to-date symlink: /home/qty/ros2_ws/install/ros2_laser_scan_matcher/share/ros2_laser_scan_matcher/launch/laser_scan_matcher.launch.py
[3.486s] -- Up-to-date symlink: /home/qty/ros2_ws/install/ros2_laser_scan_matcher/lib/ros2_laser_scan_matcher/laser_scan_matcher
[3.486s] -- Up-to-date symlink: /home/qty/ros2_ws/install/ros2_laser_scan_matcher/share/ament_index/resource_index/package_run_dependencies/ros2_laser_scan_matcher
[3.486s] -- Up-to-date symlink: /home/qty/ros2_ws/install/ros2_laser_scan_matcher/share/ament_index/resource_index/parent_prefix_path/ros2_laser_scan_matcher
[3.486s] -- Up-to-date symlink: /home/qty/ros2_ws/install/ros2_laser_scan_matcher/share/ros2_laser_scan_matcher/environment/ament_prefix_path.sh
[3.486s] -- Up-to-date symlink: /home/qty/ros2_ws/install/ros2_laser_scan_matcher/share/ros2_laser_scan_matcher/environment/ament_prefix_path.dsv
[3.487s] -- Up-to-date symlink: /home/qty/ros2_ws/install/ros2_laser_scan_matcher/share/ros2_laser_scan_matcher/environment/path.sh
[3.487s] -- Up-to-date symlink: /home/qty/ros2_ws/install/ros2_laser_scan_matcher/share/ros2_laser_scan_matcher/environment/path.dsv
[3.487s] -- Up-to-date symlink: /home/qty/ros2_ws/install/ros2_laser_scan_matcher/share/ros2_laser_scan_matcher/local_setup.bash
[3.488s] -- Up-to-date symlink: /home/qty/ros2_ws/install/ros2_laser_scan_matcher/share/ros2_laser_scan_matcher/local_setup.sh
[3.489s] -- Up-to-date symlink: /home/qty/ros2_ws/install/ros2_laser_scan_matcher/share/ros2_laser_scan_matcher/local_setup.zsh
[3.492s] -- Up-to-date symlink: /home/qty/ros2_ws/install/ros2_laser_scan_matcher/share/ros2_laser_scan_matcher/local_setup.dsv
[3.492s] -- Symlinking: /home/qty/ros2_ws/install/ros2_laser_scan_matcher/share/ros2_laser_scan_matcher/package.dsv
[3.521s] -- Up-to-date symlink: /home/qty/ros2_ws/install/ros2_laser_scan_matcher/share/ament_index/resource_index/packages/ros2_laser_scan_matcher
[3.522s] -- Up-to-date symlink: /home/qty/ros2_ws/install/ros2_laser_scan_matcher/share/ros2_laser_scan_matcher/cmake/ros2_laser_scan_matcherConfig.cmake
[3.522s] -- Up-to-date symlink: /home/qty/ros2_ws/install/ros2_laser_scan_matcher/share/ros2_laser_scan_matcher/cmake/ros2_laser_scan_matcherConfig-version.cmake
[3.522s] -- Up-to-date symlink: /home/qty/ros2_ws/install/ros2_laser_scan_matcher/share/ros2_laser_scan_matcher/package.xml
[4.083s] Invoked command in '/home/qty/ros2_ws/build/ros2_laser_scan_matcher' returned '0': CMAKE_PREFIX_PATH=/home/qty/ros2_ws/install/csm:/home/qty/ros2_ws/install/slam_toolbox:/home/qty/ros2_ws/install/slam_gmapping:/home/qty/ros2_ws/install/rplidar_ros:/home/qty/ros2_ws/install/ros2_laser_scan_matcher:/home/qty/ros2_ws/install/openslam_gmapping:/home/qty/ros2_ws/install/hoverboard_msgs:/home/qty/ros2_ws/install/articubot_one:/home/qty/ros2_ws/install/hoverboard_controller:/opt/ros/foxy LD_LIBRARY_PATH=/home/qty/ros2_ws/install/csm/lib:/home/qty/ros2_ws/install/slam_toolbox/lib:/home/qty/ros2_ws/install/rplidar_ros/lib:/home/qty/ros2_ws/install/openslam_gmapping/lib:/home/qty/ros2_ws/install/hoverboard_msgs/lib:/usr/lib/x86_64-linux-gnu/gazebo-11/plugins:/opt/ros/foxy/opt/yaml_cpp_vendor/lib:/opt/ros/foxy/opt/rviz_ogre_vendor/lib:/opt/ros/foxy/lib/x86_64-linux-gnu:/opt/ros/foxy/lib /usr/bin/cmake --install /home/qty/ros2_ws/build/ros2_laser_scan_matcher
