[0.849s] Invoking command in '/home/qty/ros2_ws/build/hoverboard_controller': CMAKE_PREFIX_PATH=/home/qty/ros2_ws/install/slam_toolbox:/home/qty/ros2_ws/install/rplidar_ros:/home/qty/ros2_ws/install/hoverboard_msgs:/home/qty/ros2_ws/install/ros2_laser_scan_matcher:/home/qty/ros2_ws/install/csm:/home/qty/ros2_ws/install/articubot_one PYTHONPATH=/home/qty/ros2_ws/build/hoverboard_controller/prefix_override:/home/qty/ros2_ws/install/hoverboard_controller/lib/python3.8/site-packages:/home/qty/ros2_ws/install/slam_toolbox/lib/python3.8/site-packages:/home/qty/ros2_ws/install/hoverboard_msgs/lib/python3.8/site-packages:/home/qty/ros2_ws/build/hoverboard_controller:/home/qty/ros2_ws/install/hoverboard_controller/lib/python3.8/site-packages:/opt/ros/foxy/lib/python3.8/site-packages /usr/bin/python3 setup.py develop --editable --build-directory /home/qty/ros2_ws/build/hoverboard_controller/build --no-deps install_data
[1.014s] running develop
[1.123s] running egg_info
[1.123s] writing hoverboard_controller.egg-info/PKG-INFO
[1.124s] writing dependency_links to hoverboard_controller.egg-info/dependency_links.txt
[1.124s] writing entry points to hoverboard_controller.egg-info/entry_points.txt
[1.124s] writing requirements to hoverboard_controller.egg-info/requires.txt
[1.124s] writing top-level names to hoverboard_controller.egg-info/top_level.txt
[1.148s] reading manifest file 'hoverboard_controller.egg-info/SOURCES.txt'
[1.149s] writing manifest file 'hoverboard_controller.egg-info/SOURCES.txt'
[1.174s] running build_ext
[1.175s] Creating /home/qty/ros2_ws/install/hoverboard_controller/lib/python3.8/site-packages/hoverboard-controller.egg-link (link to .)
[1.175s] Installing heat_map_creator script to /home/qty/ros2_ws/install/hoverboard_controller/lib/hoverboard_controller
[1.176s] Installing heat_map_tester script to /home/qty/ros2_ws/install/hoverboard_controller/lib/hoverboard_controller
[1.176s] Installing hoverboard_controller script to /home/qty/ros2_ws/install/hoverboard_controller/lib/hoverboard_controller
[1.176s] Installing joystick_controller script to /home/qty/ros2_ws/install/hoverboard_controller/lib/hoverboard_controller
[1.176s] Installing navigation_controller script to /home/qty/ros2_ws/install/hoverboard_controller/lib/hoverboard_controller
[1.176s] Installing navigation_controller_tester script to /home/qty/ros2_ws/install/hoverboard_controller/lib/hoverboard_controller
[1.176s] 
[1.176s] Installed /home/qty/ros2_ws/build/hoverboard_controller
[1.176s] running install_data
[1.195s] Invoked command in '/home/qty/ros2_ws/build/hoverboard_controller' returned '0': CMAKE_PREFIX_PATH=/home/qty/ros2_ws/install/slam_toolbox:/home/qty/ros2_ws/install/rplidar_ros:/home/qty/ros2_ws/install/hoverboard_msgs:/home/qty/ros2_ws/install/ros2_laser_scan_matcher:/home/qty/ros2_ws/install/csm:/home/qty/ros2_ws/install/articubot_one PYTHONPATH=/home/qty/ros2_ws/build/hoverboard_controller/prefix_override:/home/qty/ros2_ws/install/hoverboard_controller/lib/python3.8/site-packages:/home/qty/ros2_ws/install/slam_toolbox/lib/python3.8/site-packages:/home/qty/ros2_ws/install/hoverboard_msgs/lib/python3.8/site-packages:/home/qty/ros2_ws/build/hoverboard_controller:/home/qty/ros2_ws/install/hoverboard_controller/lib/python3.8/site-packages:/opt/ros/foxy/lib/python3.8/site-packages /usr/bin/python3 setup.py develop --editable --build-directory /home/qty/ros2_ws/build/hoverboard_controller/build --no-deps install_data
