[0.149s] Invoking command in '/home/qty/ros2_ws/build/slam_toolbox': CMAKE_PREFIX_PATH=${CMAKE_PREFIX_PATH}:/home/qty/ros2_ws/install/hoverboard_controller:/opt/ros/foxy /usr/bin/cmake /home/qty/ros2_ws/src/slam_toolbox -DCMAKE_INSTALL_PREFIX=/home/qty/ros2_ws/install/slam_toolbox
[0.171s] -- Found ament_cmake: 0.9.12 (/opt/ros/foxy/share/ament_cmake/cmake)
[0.206s] -- Found PythonInterp: /usr/bin/python3 (found suitable version "3.8.10", minimum required is "3") 
[0.206s] -- Using PYTHON_EXECUTABLE: /usr/bin/python3
[0.437s] -- Override CMake install command with custom implementation using symlinks instead of copying resources
[0.447s] -- Found message_filters: 3.2.7 (/opt/ros/foxy/share/message_filters/cmake)
[0.452s] -- Found nav_msgs: 2.0.5 (/opt/ros/foxy/share/nav_msgs/cmake)
[0.481s] -- Using all available rosidl_typesupport_c: rosidl_typesupport_fastrtps_c;rosidl_typesupport_introspection_c
[0.486s] -- Found rosidl_adapter: 1.3.1 (/opt/ros/foxy/share/rosidl_adapter/cmake)
[0.644s] -- Using all available rosidl_typesupport_cpp: rosidl_typesupport_fastrtps_cpp;rosidl_typesupport_introspection_cpp
[0.868s] -- Found rclcpp: 2.4.3 (/opt/ros/foxy/share/rclcpp/cmake)
[0.916s] -- Found rmw_implementation_cmake: 1.0.4 (/opt/ros/foxy/share/rmw_implementation_cmake/cmake)
[0.919s] -- Using RMW implementation 'rmw_fastrtps_cpp' as default
[1.078s] -- Found sensor_msgs: 2.0.5 (/opt/ros/foxy/share/sensor_msgs/cmake)
[1.162s] -- Found tf2: 0.13.14 (/opt/ros/foxy/share/tf2/cmake)
[1.177s] -- Found tf2_ros: 0.13.14 (/opt/ros/foxy/share/tf2_ros/cmake)
[1.609s] -- Found visualization_msgs: 2.0.5 (/opt/ros/foxy/share/visualization_msgs/cmake)
[1.711s] -- Found pluginlib: 2.5.4 (/opt/ros/foxy/share/pluginlib/cmake)
[1.744s] -- Found tf2_geometry_msgs: 0.13.14 (/opt/ros/foxy/share/tf2_geometry_msgs/cmake)
[1.764s] -- Found eigen3_cmake_module: 0.1.1 (/opt/ros/foxy/share/eigen3_cmake_module/cmake)
[1.826s] -- Found tf2_sensor_msgs: 0.13.14 (/opt/ros/foxy/share/tf2_sensor_msgs/cmake)
[1.847s] -- Found std_srvs: 2.0.5 (/opt/ros/foxy/share/std_srvs/cmake)
[1.859s] -- Found rosidl_default_generators: 1.0.1 (/opt/ros/foxy/share/rosidl_default_generators/cmake)
[1.872s] -- Found nav2_map_server: 0.4.7 (/opt/ros/foxy/share/nav2_map_server/cmake)
[1.875s] -- Found rviz_common: 8.2.8 (/opt/ros/foxy/share/rviz_common/cmake)
[1.896s] -- Setting OGRE_DIR to: '/opt/ros/foxy/share/rviz_ogre_vendor/cmake/../../../opt/rviz_ogre_vendor/lib/OGRE/cmake'
[1.900s] -- Found OGRE
[1.901s] --   static     : OFF
[1.901s] --   components : HLMS;MeshLodGenerator;Overlay;Paging;Property;RTShaderSystem;Terrain;Volume
[1.902s] --   plugins    : Plugin_BSPSceneManager;Plugin_OctreeSceneManager;Plugin_PCZSceneManager;Plugin_ParticleFX;RenderSystem_GL;RenderSystem_GL3Plus;Codec_STBI
[1.902s] --   media      : /opt/ros/foxy/opt/rviz_ogre_vendor/share/OGRE/Media
[1.903s] -- OGRE_LIBRARIES: OgreHLMS;OgreMeshLodGenerator;OgreOverlay;OgrePaging;OgreProperty;OgreRTShaderSystem;OgreTerrain;OgreVolume;OgreMain
[1.903s] -- OGRE_LIBRARY_DIRS: /opt/ros/foxy/opt/rviz_ogre_vendor/lib
[1.904s] -- OGRE_PLUGINS: Plugin_BSPSceneManager;Plugin_OctreeSceneManager;Plugin_PCZSceneManager;Plugin_ParticleFX;RenderSystem_GL;RenderSystem_GL3Plus;Codec_STBI
[1.904s] -- OGRE_PLUGIN_DIR: /opt/ros/foxy/opt/rviz_ogre_vendor/lib/OGRE
[1.905s] -- rviz_ogre_vendor::OgreOverlay for IMPORTED_LOCATION_RELEASE: /opt/ros/foxy/opt/rviz_ogre_vendor/lib/libOgreOverlay.so
[1.905s] -- rviz_ogre_vendor::OgreOverlay for IMPORTED_LOCATION_DEBUG: /opt/ros/foxy/opt/rviz_ogre_vendor/lib/libOgreOverlay.so
[1.905s] -- rviz_ogre_vendor::OgreMain for IMPORTED_LOCATION_RELEASE: /opt/ros/foxy/opt/rviz_ogre_vendor/lib/libOgreMain.so
[1.905s] -- rviz_ogre_vendor::OgreMain for IMPORTED_LOCATION_DEBUG: /opt/ros/foxy/opt/rviz_ogre_vendor/lib/libOgreMain.so
[1.954s] -- rviz_ogre_vendor::RenderSystem_GL for IMPORTED_LOCATION_RELEASE: _render_system_gl_static_library_abs-NOTFOUND
[1.954s] -- rviz_ogre_vendor::RenderSystem_GL for IMPORTED_LOCATION_DEBUG: _render_system_gl_static_library_abs-NOTFOUND
[1.957s] -- library: libassimp.so.5
[1.986s] -- library: /usr/lib/x86_64-linux-gnu/libcurl.so
[2.078s] -- Setting yaml-cpp_DIR to: '/opt/ros/foxy/share/yaml_cpp_vendor/cmake/../../../opt/yaml_cpp_vendor/lib/cmake/yaml-cpp'
[2.083s] -- Found rviz_default_plugins: 8.2.8 (/opt/ros/foxy/share/rviz_default_plugins/cmake)
[2.651s] -- A library with LAPACK API found.
[2.653s] -- Found installed version of Eigen: /usr/lib/cmake/eigen3
[2.655s] -- Found required Ceres dependency: Eigen version 3.3.7 in /usr/include/eigen3
[2.656s] -- Found required Ceres dependency: glog
[2.659s] -- Found installed version of gflags: /usr/lib/x86_64-linux-gnu/cmake/gflags
[2.659s] -- Detected gflags version: 2.2.2
[2.661s] -- Found required Ceres dependency: gflags
[2.662s] -- Found Ceres version: 1.14.0 installed in: /usr with components: [EigenSparse, SparseLinearAlgebraLibrary, LAPACK, SuiteSparse, CXSparse, SchurSpecializations, OpenMP, Multithreading]
[2.703s] -- Found PythonInterp: /usr/bin/python3 (found version "3.8.10") 
[3.009s] -- Found ament_cmake_ros: 0.9.2 (/opt/ros/foxy/share/ament_cmake_ros/cmake)
[3.322s] -- Using all available rosidl_typesupport_c: rosidl_typesupport_fastrtps_c;rosidl_typesupport_introspection_c
[3.472s] -- Using all available rosidl_typesupport_cpp: rosidl_typesupport_fastrtps_cpp;rosidl_typesupport_introspection_cpp
[3.504s] -- Found PythonInterp: /usr/bin/python3 (found suitable version "3.8.10", minimum required is "3.5") 
[3.504s] -- Found python_cmake_module: 0.8.1 (/opt/ros/foxy/share/python_cmake_module/cmake)
[3.533s] -- Using PYTHON_EXECUTABLE: /usr/bin/python3
[3.533s] -- Using PYTHON_INCLUDE_DIRS: /usr/include/python3.8
[3.533s] -- Using PYTHON_LIBRARIES: /usr/lib/x86_64-linux-gnu/libpython3.8.so
[3.671s] -- Configuring done
[3.958s] -- Generating done
[3.963s] -- Build files have been written to: /home/qty/ros2_ws/build/slam_toolbox
[3.975s] Invoked command in '/home/qty/ros2_ws/build/slam_toolbox' returned '0': CMAKE_PREFIX_PATH=${CMAKE_PREFIX_PATH}:/home/qty/ros2_ws/install/hoverboard_controller:/opt/ros/foxy /usr/bin/cmake /home/qty/ros2_ws/src/slam_toolbox -DCMAKE_INSTALL_PREFIX=/home/qty/ros2_ws/install/slam_toolbox
[3.978s] Invoking command in '/home/qty/ros2_ws/build/slam_toolbox': CMAKE_PREFIX_PATH=${CMAKE_PREFIX_PATH}:/home/qty/ros2_ws/install/hoverboard_controller:/opt/ros/foxy /usr/bin/cmake --build /home/qty/ros2_ws/build/slam_toolbox -- -j16 -l16
[4.043s] [  1%] Built target slam_toolbox__cpp
[4.048s] [ 10%] Built target slam_toolbox__rosidl_generator_c
[4.055s] [ 12%] Built target kartoSlamToolbox
[4.070s] [ 21%] Built target slam_toolbox__rosidl_typesupport_cpp
[4.071s] [ 30%] Built target slam_toolbox__rosidl_typesupport_introspection_cpp
[4.076s] [ 39%] Built target slam_toolbox__rosidl_typesupport_introspection_c
[4.076s] [ 48%] Built target slam_toolbox__rosidl_typesupport_c
[4.079s] [ 57%] Built target slam_toolbox__rosidl_typesupport_fastrtps_cpp
[4.115s] [ 66%] Built target slam_toolbox__rosidl_typesupport_fastrtps_c
[4.136s] [ 66%] Built target slam_toolbox
[4.157s] [ 67%] Built target slam_toolbox__py
[4.177s] [ 69%] Built target ceres_solver_plugin
[4.190s] [ 77%] Built target slam_toolbox__python
[4.191s] [ 79%] Built target SlamToolboxPlugin
[4.197s] [ 84%] Built target toolbox_common
[4.223s] [ 87%] Built target slam_toolbox__rosidl_typesupport_c__pyext
[4.223s] [ 87%] Built target slam_toolbox__rosidl_typesupport_introspection_c__pyext
[4.224s] [ 87%] Built target slam_toolbox__rosidl_typesupport_fastrtps_c__pyext
[4.247s] [ 93%] Built target lifelong_slam_toolbox
[4.247s] [ 93%] Built target async_slam_toolbox
[4.248s] [ 93%] Built target sync_slam_toolbox
[4.256s] [ 94%] Built target merge_maps_kinematic
[4.260s] [ 95%] Built target localization_slam_toolbox
[4.297s] [ 97%] Built target sync_slam_toolbox_node
[4.297s] [ 97%] Built target lifelong_slam_toolbox_node
[4.303s] [ 98%] Built target async_slam_toolbox_node
[4.307s] [100%] Built target localization_slam_toolbox_node
[4.317s] Invoked command in '/home/qty/ros2_ws/build/slam_toolbox' returned '0': CMAKE_PREFIX_PATH=${CMAKE_PREFIX_PATH}:/home/qty/ros2_ws/install/hoverboard_controller:/opt/ros/foxy /usr/bin/cmake --build /home/qty/ros2_ws/build/slam_toolbox -- -j16 -l16
[4.529s] Invoking command in '/home/qty/ros2_ws/build/slam_toolbox': CMAKE_PREFIX_PATH=${CMAKE_PREFIX_PATH}:/home/qty/ros2_ws/install/hoverboard_controller:/opt/ros/foxy /usr/bin/cmake --install /home/qty/ros2_ws/build/slam_toolbox
[4.536s] -- Install configuration: "Release"
[4.537s] -- Execute custom install script
[4.538s] -- Up-to-date symlink: /home/qty/ros2_ws/install/slam_toolbox/include//karto_sdk/Karto.h
[4.538s] -- Up-to-date symlink: /home/qty/ros2_ws/install/slam_toolbox/include//karto_sdk/Macros.h
[4.538s] -- Up-to-date symlink: /home/qty/ros2_ws/install/slam_toolbox/include//karto_sdk/Mapper.h
[4.538s] -- Up-to-date symlink: /home/qty/ros2_ws/install/slam_toolbox/include//karto_sdk/Math.h
[4.538s] -- Up-to-date symlink: /home/qty/ros2_ws/install/slam_toolbox/include//karto_sdk/Types.h
[4.538s] -- Up-to-date symlink: /home/qty/ros2_ws/install/slam_toolbox/include//karto_sdk/nanoflann.hpp
[4.538s] -- Up-to-date symlink: /home/qty/ros2_ws/install/slam_toolbox/include//karto_sdk/nanoflann_adaptors.h
[4.539s] -- Up-to-date symlink: /home/qty/ros2_ws/install/slam_toolbox/lib/libkartoSlamToolbox.so
[4.539s] -- Up-to-date symlink: /home/qty/ros2_ws/install/slam_toolbox/share/karto_sdk/environment/library_path.sh
[4.539s] -- Up-to-date symlink: /home/qty/ros2_ws/install/slam_toolbox/share/karto_sdk/environment/library_path.dsv
[4.539s] -- Up-to-date symlink: /home/qty/ros2_ws/install/slam_toolbox/share/ament_index/resource_index/package_run_dependencies/karto_sdk
[4.540s] -- Up-to-date symlink: /home/qty/ros2_ws/install/slam_toolbox/share/ament_index/resource_index/parent_prefix_path/karto_sdk
[4.540s] -- Up-to-date symlink: /home/qty/ros2_ws/install/slam_toolbox/share/karto_sdk/environment/ament_prefix_path.sh
[4.540s] -- Up-to-date symlink: /home/qty/ros2_ws/install/slam_toolbox/share/karto_sdk/environment/ament_prefix_path.dsv
[4.540s] -- Up-to-date symlink: /home/qty/ros2_ws/install/slam_toolbox/share/karto_sdk/environment/path.sh
[4.541s] -- Up-to-date symlink: /home/qty/ros2_ws/install/slam_toolbox/share/karto_sdk/environment/path.dsv
[4.541s] -- Up-to-date symlink: /home/qty/ros2_ws/install/slam_toolbox/share/karto_sdk/local_setup.bash
[4.541s] -- Up-to-date symlink: /home/qty/ros2_ws/install/slam_toolbox/share/karto_sdk/local_setup.sh
[4.542s] -- Up-to-date symlink: /home/qty/ros2_ws/install/slam_toolbox/share/karto_sdk/local_setup.zsh
[4.542s] -- Up-to-date symlink: /home/qty/ros2_ws/install/slam_toolbox/share/karto_sdk/local_setup.dsv
[4.542s] -- Up-to-date symlink: /home/qty/ros2_ws/install/slam_toolbox/share/karto_sdk/package.dsv
[4.543s] -- Up-to-date symlink: /home/qty/ros2_ws/install/slam_toolbox/share/ament_index/resource_index/packages/karto_sdk
[4.543s] -- Up-to-date symlink: /home/qty/ros2_ws/install/slam_toolbox/share/karto_sdk/cmake/ament_cmake_export_libraries-extras.cmake
[4.543s] -- Up-to-date symlink: /home/qty/ros2_ws/install/slam_toolbox/share/karto_sdk/cmake/ament_cmake_export_include_directories-extras.cmake
[4.544s] -- Up-to-date symlink: /home/qty/ros2_ws/install/slam_toolbox/share/karto_sdk/cmake/ament_cmake_export_dependencies-extras.cmake
[4.544s] -- Up-to-date symlink: /home/qty/ros2_ws/install/slam_toolbox/share/karto_sdk/cmake/karto_sdkConfig.cmake
[4.544s] -- Up-to-date symlink: /home/qty/ros2_ws/install/slam_toolbox/share/karto_sdk/cmake/karto_sdkConfig-version.cmake
[4.544s] -- Up-to-date symlink: /home/qty/ros2_ws/install/slam_toolbox/share/karto_sdk/package.xml
[4.545s] -- Up-to-date symlink: /home/qty/ros2_ws/install/slam_toolbox/share/ament_index/resource_index/rosidl_interfaces/slam_toolbox
[4.546s] -- Up-to-date symlink: /home/qty/ros2_ws/install/slam_toolbox/include/slam_toolbox/msg/rosidl_generator_c__visibility_control.h
[4.546s] -- Up-to-date symlink: /home/qty/ros2_ws/install/slam_toolbox/include/slam_toolbox/srv/add_submap.h
[4.546s] -- Up-to-date symlink: /home/qty/ros2_ws/install/slam_toolbox/include/slam_toolbox/srv/clear.h
[4.546s] -- Up-to-date symlink: /home/qty/ros2_ws/install/slam_toolbox/include/slam_toolbox/srv/clear_queue.h
[4.547s] -- Up-to-date symlink: /home/qty/ros2_ws/install/slam_toolbox/include/slam_toolbox/srv/deserialize_pose_graph.h
[4.547s] -- Up-to-date symlink: /home/qty/ros2_ws/install/slam_toolbox/include/slam_toolbox/srv/detail/add_submap__functions.h
[4.547s] -- Up-to-date symlink: /home/qty/ros2_ws/install/slam_toolbox/include/slam_toolbox/srv/detail/add_submap__struct.h
[4.547s] -- Up-to-date symlink: /home/qty/ros2_ws/install/slam_toolbox/include/slam_toolbox/srv/detail/add_submap__type_support.h
[4.548s] -- Up-to-date symlink: /home/qty/ros2_ws/install/slam_toolbox/include/slam_toolbox/srv/detail/clear__functions.h
[4.548s] -- Up-to-date symlink: /home/qty/ros2_ws/install/slam_toolbox/include/slam_toolbox/srv/detail/clear__struct.h
[4.548s] -- Up-to-date symlink: /home/qty/ros2_ws/install/slam_toolbox/include/slam_toolbox/srv/detail/clear__type_support.h
[4.548s] -- Up-to-date symlink: /home/qty/ros2_ws/install/slam_toolbox/include/slam_toolbox/srv/detail/clear_queue__functions.h
[4.548s] -- Up-to-date symlink: /home/qty/ros2_ws/install/slam_toolbox/include/slam_toolbox/srv/detail/clear_queue__struct.h
[4.549s] -- Up-to-date symlink: /home/qty/ros2_ws/install/slam_toolbox/include/slam_toolbox/srv/detail/clear_queue__type_support.h
[4.549s] -- Up-to-date symlink: /home/qty/ros2_ws/install/slam_toolbox/include/slam_toolbox/srv/detail/deserialize_pose_graph__functions.h
[4.549s] -- Up-to-date symlink: /home/qty/ros2_ws/install/slam_toolbox/include/slam_toolbox/srv/detail/deserialize_pose_graph__struct.h
[4.549s] -- Up-to-date symlink: /home/qty/ros2_ws/install/slam_toolbox/include/slam_toolbox/srv/detail/deserialize_pose_graph__type_support.h
[4.549s] -- Up-to-date symlink: /home/qty/ros2_ws/install/slam_toolbox/include/slam_toolbox/srv/detail/loop_closure__functions.h
[4.550s] -- Up-to-date symlink: /home/qty/ros2_ws/install/slam_toolbox/include/slam_toolbox/srv/detail/loop_closure__struct.h
[4.550s] -- Up-to-date symlink: /home/qty/ros2_ws/install/slam_toolbox/include/slam_toolbox/srv/detail/loop_closure__type_support.h
[4.550s] -- Up-to-date symlink: /home/qty/ros2_ws/install/slam_toolbox/include/slam_toolbox/srv/detail/merge_maps__functions.h
[4.550s] -- Up-to-date symlink: /home/qty/ros2_ws/install/slam_toolbox/include/slam_toolbox/srv/detail/merge_maps__struct.h
[4.550s] -- Up-to-date symlink: /home/qty/ros2_ws/install/slam_toolbox/include/slam_toolbox/srv/detail/merge_maps__type_support.h
[4.551s] -- Up-to-date symlink: /home/qty/ros2_ws/install/slam_toolbox/include/slam_toolbox/srv/detail/pause__functions.h
[4.551s] -- Up-to-date symlink: /home/qty/ros2_ws/install/slam_toolbox/include/slam_toolbox/srv/detail/pause__struct.h
[4.551s] -- Up-to-date symlink: /home/qty/ros2_ws/install/slam_toolbox/include/slam_toolbox/srv/detail/pause__type_support.h
[4.551s] -- Up-to-date symlink: /home/qty/ros2_ws/install/slam_toolbox/include/slam_toolbox/srv/detail/save_map__functions.h
[4.551s] -- Up-to-date symlink: /home/qty/ros2_ws/install/slam_toolbox/include/slam_toolbox/srv/detail/save_map__struct.h
[4.552s] -- Up-to-date symlink: /home/qty/ros2_ws/install/slam_toolbox/include/slam_toolbox/srv/detail/save_map__type_support.h
[4.552s] -- Up-to-date symlink: /home/qty/ros2_ws/install/slam_toolbox/include/slam_toolbox/srv/detail/serialize_pose_graph__functions.h
[4.552s] -- Up-to-date symlink: /home/qty/ros2_ws/install/slam_toolbox/include/slam_toolbox/srv/detail/serialize_pose_graph__struct.h
[4.552s] -- Up-to-date symlink: /home/qty/ros2_ws/install/slam_toolbox/include/slam_toolbox/srv/detail/serialize_pose_graph__type_support.h
[4.552s] -- Up-to-date symlink: /home/qty/ros2_ws/install/slam_toolbox/include/slam_toolbox/srv/detail/toggle_interactive__functions.h
[4.552s] -- Up-to-date symlink: /home/qty/ros2_ws/install/slam_toolbox/include/slam_toolbox/srv/detail/toggle_interactive__struct.h
[4.553s] -- Up-to-date symlink: /home/qty/ros2_ws/install/slam_toolbox/include/slam_toolbox/srv/detail/toggle_interactive__type_support.h
[4.553s] -- Up-to-date symlink: /home/qty/ros2_ws/install/slam_toolbox/include/slam_toolbox/srv/loop_closure.h
[4.553s] -- Up-to-date symlink: /home/qty/ros2_ws/install/slam_toolbox/include/slam_toolbox/srv/merge_maps.h
[4.553s] -- Up-to-date symlink: /home/qty/ros2_ws/install/slam_toolbox/include/slam_toolbox/srv/pause.h
[4.554s] -- Up-to-date symlink: /home/qty/ros2_ws/install/slam_toolbox/include/slam_toolbox/srv/save_map.h
[4.554s] -- Up-to-date symlink: /home/qty/ros2_ws/install/slam_toolbox/include/slam_toolbox/srv/serialize_pose_graph.h
[4.554s] -- Up-to-date symlink: /home/qty/ros2_ws/install/slam_toolbox/include/slam_toolbox/srv/toggle_interactive.h
[4.554s] -- Up-to-date symlink: /home/qty/ros2_ws/install/slam_toolbox/share/slam_toolbox/environment/library_path.sh
[4.555s] -- Up-to-date symlink: /home/qty/ros2_ws/install/slam_toolbox/share/slam_toolbox/environment/library_path.dsv
[4.556s] -- Up-to-date symlink: /home/qty/ros2_ws/install/slam_toolbox/include/slam_toolbox/msg/rosidl_typesupport_fastrtps_c__visibility_control.h
[4.556s] -- Up-to-date symlink: /home/qty/ros2_ws/install/slam_toolbox/include/slam_toolbox/srv/detail/add_submap__rosidl_typesupport_fastrtps_c.h
[4.556s] -- Up-to-date symlink: /home/qty/ros2_ws/install/slam_toolbox/include/slam_toolbox/srv/detail/clear__rosidl_typesupport_fastrtps_c.h
[4.556s] -- Up-to-date symlink: /home/qty/ros2_ws/install/slam_toolbox/include/slam_toolbox/srv/detail/clear_queue__rosidl_typesupport_fastrtps_c.h
[4.556s] -- Up-to-date symlink: /home/qty/ros2_ws/install/slam_toolbox/include/slam_toolbox/srv/detail/deserialize_pose_graph__rosidl_typesupport_fastrtps_c.h
[4.557s] -- Up-to-date symlink: /home/qty/ros2_ws/install/slam_toolbox/include/slam_toolbox/srv/detail/loop_closure__rosidl_typesupport_fastrtps_c.h
[4.557s] -- Up-to-date symlink: /home/qty/ros2_ws/install/slam_toolbox/include/slam_toolbox/srv/detail/merge_maps__rosidl_typesupport_fastrtps_c.h
[4.557s] -- Up-to-date symlink: /home/qty/ros2_ws/install/slam_toolbox/include/slam_toolbox/srv/detail/pause__rosidl_typesupport_fastrtps_c.h
[4.557s] -- Up-to-date symlink: /home/qty/ros2_ws/install/slam_toolbox/include/slam_toolbox/srv/detail/save_map__rosidl_typesupport_fastrtps_c.h
[4.557s] -- Up-to-date symlink: /home/qty/ros2_ws/install/slam_toolbox/include/slam_toolbox/srv/detail/serialize_pose_graph__rosidl_typesupport_fastrtps_c.h
[4.558s] -- Up-to-date symlink: /home/qty/ros2_ws/install/slam_toolbox/include/slam_toolbox/srv/detail/toggle_interactive__rosidl_typesupport_fastrtps_c.h
[4.558s] -- Up-to-date symlink: /home/qty/ros2_ws/install/slam_toolbox/lib/libslam_toolbox__rosidl_typesupport_fastrtps_c.so
[4.559s] -- Up-to-date symlink: /home/qty/ros2_ws/install/slam_toolbox/include/slam_toolbox/msg/rosidl_typesupport_fastrtps_cpp__visibility_control.h
[4.559s] -- Up-to-date symlink: /home/qty/ros2_ws/install/slam_toolbox/include/slam_toolbox/srv/detail/add_submap__rosidl_typesupport_fastrtps_cpp.hpp
[4.559s] -- Up-to-date symlink: /home/qty/ros2_ws/install/slam_toolbox/include/slam_toolbox/srv/detail/clear__rosidl_typesupport_fastrtps_cpp.hpp
[4.560s] -- Up-to-date symlink: /home/qty/ros2_ws/install/slam_toolbox/include/slam_toolbox/srv/detail/clear_queue__rosidl_typesupport_fastrtps_cpp.hpp
[4.560s] -- Up-to-date symlink: /home/qty/ros2_ws/install/slam_toolbox/include/slam_toolbox/srv/detail/deserialize_pose_graph__rosidl_typesupport_fastrtps_cpp.hpp
[4.560s] -- Up-to-date symlink: /home/qty/ros2_ws/install/slam_toolbox/include/slam_toolbox/srv/detail/loop_closure__rosidl_typesupport_fastrtps_cpp.hpp
[4.560s] -- Up-to-date symlink: /home/qty/ros2_ws/install/slam_toolbox/include/slam_toolbox/srv/detail/merge_maps__rosidl_typesupport_fastrtps_cpp.hpp
[4.560s] -- Up-to-date symlink: /home/qty/ros2_ws/install/slam_toolbox/include/slam_toolbox/srv/detail/pause__rosidl_typesupport_fastrtps_cpp.hpp
[4.561s] -- Up-to-date symlink: /home/qty/ros2_ws/install/slam_toolbox/include/slam_toolbox/srv/detail/save_map__rosidl_typesupport_fastrtps_cpp.hpp
[4.561s] -- Up-to-date symlink: /home/qty/ros2_ws/install/slam_toolbox/include/slam_toolbox/srv/detail/serialize_pose_graph__rosidl_typesupport_fastrtps_cpp.hpp
[4.561s] -- Up-to-date symlink: /home/qty/ros2_ws/install/slam_toolbox/include/slam_toolbox/srv/detail/toggle_interactive__rosidl_typesupport_fastrtps_cpp.hpp
[4.561s] -- Up-to-date symlink: /home/qty/ros2_ws/install/slam_toolbox/lib/libslam_toolbox__rosidl_typesupport_fastrtps_cpp.so
[4.562s] -- Up-to-date symlink: /home/qty/ros2_ws/install/slam_toolbox/include/slam_toolbox/msg/rosidl_typesupport_introspection_c__visibility_control.h
[4.562s] -- Up-to-date symlink: /home/qty/ros2_ws/install/slam_toolbox/include/slam_toolbox/srv/detail/add_submap__rosidl_typesupport_introspection_c.h
[4.563s] -- Up-to-date symlink: /home/qty/ros2_ws/install/slam_toolbox/include/slam_toolbox/srv/detail/clear__rosidl_typesupport_introspection_c.h
[4.563s] -- Up-to-date symlink: /home/qty/ros2_ws/install/slam_toolbox/include/slam_toolbox/srv/detail/clear_queue__rosidl_typesupport_introspection_c.h
[4.563s] -- Up-to-date symlink: /home/qty/ros2_ws/install/slam_toolbox/include/slam_toolbox/srv/detail/deserialize_pose_graph__rosidl_typesupport_introspection_c.h
[4.563s] -- Up-to-date symlink: /home/qty/ros2_ws/install/slam_toolbox/include/slam_toolbox/srv/detail/loop_closure__rosidl_typesupport_introspection_c.h
[4.563s] -- Up-to-date symlink: /home/qty/ros2_ws/install/slam_toolbox/include/slam_toolbox/srv/detail/merge_maps__rosidl_typesupport_introspection_c.h
[4.564s] -- Up-to-date symlink: /home/qty/ros2_ws/install/slam_toolbox/include/slam_toolbox/srv/detail/pause__rosidl_typesupport_introspection_c.h
[4.564s] -- Up-to-date symlink: /home/qty/ros2_ws/install/slam_toolbox/include/slam_toolbox/srv/detail/save_map__rosidl_typesupport_introspection_c.h
[4.564s] -- Up-to-date symlink: /home/qty/ros2_ws/install/slam_toolbox/include/slam_toolbox/srv/detail/serialize_pose_graph__rosidl_typesupport_introspection_c.h
[4.564s] -- Up-to-date symlink: /home/qty/ros2_ws/install/slam_toolbox/include/slam_toolbox/srv/detail/toggle_interactive__rosidl_typesupport_introspection_c.h
[4.565s] -- Up-to-date symlink: /home/qty/ros2_ws/install/slam_toolbox/include/slam_toolbox/msg/rosidl_generator_cpp__visibility_control.hpp
[4.566s] -- Up-to-date symlink: /home/qty/ros2_ws/install/slam_toolbox/include/slam_toolbox/srv/add_submap.hpp
[4.566s] -- Up-to-date symlink: /home/qty/ros2_ws/install/slam_toolbox/include/slam_toolbox/srv/clear.hpp
[4.566s] -- Up-to-date symlink: /home/qty/ros2_ws/install/slam_toolbox/include/slam_toolbox/srv/clear_queue.hpp
[4.566s] -- Up-to-date symlink: /home/qty/ros2_ws/install/slam_toolbox/include/slam_toolbox/srv/deserialize_pose_graph.hpp
[4.567s] -- Up-to-date symlink: /home/qty/ros2_ws/install/slam_toolbox/include/slam_toolbox/srv/detail/add_submap__builder.hpp
[4.567s] -- Up-to-date symlink: /home/qty/ros2_ws/install/slam_toolbox/include/slam_toolbox/srv/detail/add_submap__struct.hpp
[4.567s] -- Up-to-date symlink: /home/qty/ros2_ws/install/slam_toolbox/include/slam_toolbox/srv/detail/add_submap__traits.hpp
[4.567s] -- Up-to-date symlink: /home/qty/ros2_ws/install/slam_toolbox/include/slam_toolbox/srv/detail/add_submap__type_support.hpp
[4.567s] -- Up-to-date symlink: /home/qty/ros2_ws/install/slam_toolbox/include/slam_toolbox/srv/detail/clear__builder.hpp
[4.568s] -- Up-to-date symlink: /home/qty/ros2_ws/install/slam_toolbox/include/slam_toolbox/srv/detail/clear__struct.hpp
[4.568s] -- Up-to-date symlink: /home/qty/ros2_ws/install/slam_toolbox/include/slam_toolbox/srv/detail/clear__traits.hpp
[4.568s] -- Up-to-date symlink: /home/qty/ros2_ws/install/slam_toolbox/include/slam_toolbox/srv/detail/clear__type_support.hpp
[4.568s] -- Up-to-date symlink: /home/qty/ros2_ws/install/slam_toolbox/include/slam_toolbox/srv/detail/clear_queue__builder.hpp
[4.568s] -- Up-to-date symlink: /home/qty/ros2_ws/install/slam_toolbox/include/slam_toolbox/srv/detail/clear_queue__struct.hpp
[4.569s] -- Up-to-date symlink: /home/qty/ros2_ws/install/slam_toolbox/include/slam_toolbox/srv/detail/clear_queue__traits.hpp
[4.569s] -- Up-to-date symlink: /home/qty/ros2_ws/install/slam_toolbox/include/slam_toolbox/srv/detail/clear_queue__type_support.hpp
[4.569s] -- Up-to-date symlink: /home/qty/ros2_ws/install/slam_toolbox/include/slam_toolbox/srv/detail/deserialize_pose_graph__builder.hpp
[4.569s] -- Up-to-date symlink: /home/qty/ros2_ws/install/slam_toolbox/include/slam_toolbox/srv/detail/deserialize_pose_graph__struct.hpp
[4.570s] -- Up-to-date symlink: /home/qty/ros2_ws/install/slam_toolbox/include/slam_toolbox/srv/detail/deserialize_pose_graph__traits.hpp
[4.570s] -- Up-to-date symlink: /home/qty/ros2_ws/install/slam_toolbox/include/slam_toolbox/srv/detail/deserialize_pose_graph__type_support.hpp
[4.570s] -- Up-to-date symlink: /home/qty/ros2_ws/install/slam_toolbox/include/slam_toolbox/srv/detail/loop_closure__builder.hpp
[4.570s] -- Up-to-date symlink: /home/qty/ros2_ws/install/slam_toolbox/include/slam_toolbox/srv/detail/loop_closure__struct.hpp
[4.570s] -- Up-to-date symlink: /home/qty/ros2_ws/install/slam_toolbox/include/slam_toolbox/srv/detail/loop_closure__traits.hpp
[4.571s] -- Up-to-date symlink: /home/qty/ros2_ws/install/slam_toolbox/include/slam_toolbox/srv/detail/loop_closure__type_support.hpp
[4.571s] -- Up-to-date symlink: /home/qty/ros2_ws/install/slam_toolbox/include/slam_toolbox/srv/detail/merge_maps__builder.hpp
[4.571s] -- Up-to-date symlink: /home/qty/ros2_ws/install/slam_toolbox/include/slam_toolbox/srv/detail/merge_maps__struct.hpp
[4.571s] -- Up-to-date symlink: /home/qty/ros2_ws/install/slam_toolbox/include/slam_toolbox/srv/detail/merge_maps__traits.hpp
[4.571s] -- Up-to-date symlink: /home/qty/ros2_ws/install/slam_toolbox/include/slam_toolbox/srv/detail/merge_maps__type_support.hpp
[4.571s] -- Up-to-date symlink: /home/qty/ros2_ws/install/slam_toolbox/include/slam_toolbox/srv/detail/pause__builder.hpp
[4.572s] -- Up-to-date symlink: /home/qty/ros2_ws/install/slam_toolbox/include/slam_toolbox/srv/detail/pause__struct.hpp
[4.572s] -- Up-to-date symlink: /home/qty/ros2_ws/install/slam_toolbox/include/slam_toolbox/srv/detail/pause__traits.hpp
[4.572s] -- Up-to-date symlink: /home/qty/ros2_ws/install/slam_toolbox/include/slam_toolbox/srv/detail/pause__type_support.hpp
[4.572s] -- Up-to-date symlink: /home/qty/ros2_ws/install/slam_toolbox/include/slam_toolbox/srv/detail/save_map__builder.hpp
[4.572s] -- Up-to-date symlink: /home/qty/ros2_ws/install/slam_toolbox/include/slam_toolbox/srv/detail/save_map__struct.hpp
[4.573s] -- Up-to-date symlink: /home/qty/ros2_ws/install/slam_toolbox/include/slam_toolbox/srv/detail/save_map__traits.hpp
[4.573s] -- Up-to-date symlink: /home/qty/ros2_ws/install/slam_toolbox/include/slam_toolbox/srv/detail/save_map__type_support.hpp
[4.573s] -- Up-to-date symlink: /home/qty/ros2_ws/install/slam_toolbox/include/slam_toolbox/srv/detail/serialize_pose_graph__builder.hpp
[4.573s] -- Up-to-date symlink: /home/qty/ros2_ws/install/slam_toolbox/include/slam_toolbox/srv/detail/serialize_pose_graph__struct.hpp
[4.573s] -- Up-to-date symlink: /home/qty/ros2_ws/install/slam_toolbox/include/slam_toolbox/srv/detail/serialize_pose_graph__traits.hpp
[4.574s] -- Up-to-date symlink: /home/qty/ros2_ws/install/slam_toolbox/include/slam_toolbox/srv/detail/serialize_pose_graph__type_support.hpp
[4.574s] -- Up-to-date symlink: /home/qty/ros2_ws/install/slam_toolbox/include/slam_toolbox/srv/detail/toggle_interactive__builder.hpp
[4.574s] -- Up-to-date symlink: /home/qty/ros2_ws/install/slam_toolbox/include/slam_toolbox/srv/detail/toggle_interactive__struct.hpp
[4.574s] -- Up-to-date symlink: /home/qty/ros2_ws/install/slam_toolbox/include/slam_toolbox/srv/detail/toggle_interactive__traits.hpp
[4.574s] -- Up-to-date symlink: /home/qty/ros2_ws/install/slam_toolbox/include/slam_toolbox/srv/detail/toggle_interactive__type_support.hpp
[4.575s] -- Up-to-date symlink: /home/qty/ros2_ws/install/slam_toolbox/include/slam_toolbox/srv/loop_closure.hpp
[4.575s] -- Up-to-date symlink: /home/qty/ros2_ws/install/slam_toolbox/include/slam_toolbox/srv/merge_maps.hpp
[4.575s] -- Up-to-date symlink: /home/qty/ros2_ws/install/slam_toolbox/include/slam_toolbox/srv/pause.hpp
[4.575s] -- Up-to-date symlink: /home/qty/ros2_ws/install/slam_toolbox/include/slam_toolbox/srv/save_map.hpp
[4.575s] -- Up-to-date symlink: /home/qty/ros2_ws/install/slam_toolbox/include/slam_toolbox/srv/serialize_pose_graph.hpp
[4.576s] -- Up-to-date symlink: /home/qty/ros2_ws/install/slam_toolbox/include/slam_toolbox/srv/toggle_interactive.hpp
[4.576s] -- Up-to-date symlink: /home/qty/ros2_ws/install/slam_toolbox/include/slam_toolbox/srv/detail/add_submap__rosidl_typesupport_introspection_cpp.hpp
[4.577s] -- Up-to-date symlink: /home/qty/ros2_ws/install/slam_toolbox/include/slam_toolbox/srv/detail/clear__rosidl_typesupport_introspection_cpp.hpp
[4.577s] -- Up-to-date symlink: /home/qty/ros2_ws/install/slam_toolbox/include/slam_toolbox/srv/detail/clear_queue__rosidl_typesupport_introspection_cpp.hpp
[4.577s] -- Up-to-date symlink: /home/qty/ros2_ws/install/slam_toolbox/include/slam_toolbox/srv/detail/deserialize_pose_graph__rosidl_typesupport_introspection_cpp.hpp
[4.577s] -- Up-to-date symlink: /home/qty/ros2_ws/install/slam_toolbox/include/slam_toolbox/srv/detail/loop_closure__rosidl_typesupport_introspection_cpp.hpp
[4.578s] -- Up-to-date symlink: /home/qty/ros2_ws/install/slam_toolbox/include/slam_toolbox/srv/detail/merge_maps__rosidl_typesupport_introspection_cpp.hpp
[4.578s] -- Up-to-date symlink: /home/qty/ros2_ws/install/slam_toolbox/include/slam_toolbox/srv/detail/pause__rosidl_typesupport_introspection_cpp.hpp
[4.578s] -- Up-to-date symlink: /home/qty/ros2_ws/install/slam_toolbox/include/slam_toolbox/srv/detail/save_map__rosidl_typesupport_introspection_cpp.hpp
[4.578s] -- Up-to-date symlink: /home/qty/ros2_ws/install/slam_toolbox/include/slam_toolbox/srv/detail/serialize_pose_graph__rosidl_typesupport_introspection_cpp.hpp
[4.579s] -- Up-to-date symlink: /home/qty/ros2_ws/install/slam_toolbox/include/slam_toolbox/srv/detail/toggle_interactive__rosidl_typesupport_introspection_cpp.hpp
[4.579s] -- Up-to-date symlink: /home/qty/ros2_ws/install/slam_toolbox/share/slam_toolbox/environment/pythonpath.sh
[4.580s] -- Up-to-date symlink: /home/qty/ros2_ws/install/slam_toolbox/share/slam_toolbox/environment/pythonpath.dsv
[4.580s] -- Up-to-date symlink: /home/qty/ros2_ws/install/slam_toolbox/lib/python3.8/site-packages/slam_toolbox/__init__.py
[4.581s] -- Up-to-date symlink: /home/qty/ros2_ws/install/slam_toolbox/lib/python3.8/site-packages/slam_toolbox/srv/__init__.py
[4.581s] -- Up-to-date symlink: /home/qty/ros2_ws/install/slam_toolbox/lib/python3.8/site-packages/slam_toolbox/srv/_add_submap.py
[4.582s] -- Up-to-date symlink: /home/qty/ros2_ws/install/slam_toolbox/lib/python3.8/site-packages/slam_toolbox/srv/_clear.py
[4.582s] -- Up-to-date symlink: /home/qty/ros2_ws/install/slam_toolbox/lib/python3.8/site-packages/slam_toolbox/srv/_clear_queue.py
[4.582s] -- Up-to-date symlink: /home/qty/ros2_ws/install/slam_toolbox/lib/python3.8/site-packages/slam_toolbox/srv/_deserialize_pose_graph.py
[4.582s] -- Up-to-date symlink: /home/qty/ros2_ws/install/slam_toolbox/lib/python3.8/site-packages/slam_toolbox/srv/_loop_closure.py
[4.582s] -- Up-to-date symlink: /home/qty/ros2_ws/install/slam_toolbox/lib/python3.8/site-packages/slam_toolbox/srv/_merge_maps.py
[4.582s] -- Up-to-date symlink: /home/qty/ros2_ws/install/slam_toolbox/lib/python3.8/site-packages/slam_toolbox/srv/_pause.py
[4.583s] -- Up-to-date symlink: /home/qty/ros2_ws/install/slam_toolbox/lib/python3.8/site-packages/slam_toolbox/srv/_save_map.py
[4.583s] -- Up-to-date symlink: /home/qty/ros2_ws/install/slam_toolbox/lib/python3.8/site-packages/slam_toolbox/srv/_serialize_pose_graph.py
[4.583s] -- Up-to-date symlink: /home/qty/ros2_ws/install/slam_toolbox/lib/python3.8/site-packages/slam_toolbox/srv/_toggle_interactive.py
[4.584s] -- Up-to-date symlink: /home/qty/ros2_ws/install/slam_toolbox/lib/python3.8/site-packages/slam_toolbox/slam_toolbox_s__rosidl_typesupport_fastrtps_c.cpython-38-x86_64-linux-gnu.so
[4.584s] -- Up-to-date symlink: /home/qty/ros2_ws/install/slam_toolbox/lib/python3.8/site-packages/slam_toolbox/slam_toolbox_s__rosidl_typesupport_introspection_c.cpython-38-x86_64-linux-gnu.so
[4.585s] -- Up-to-date symlink: /home/qty/ros2_ws/install/slam_toolbox/lib/python3.8/site-packages/slam_toolbox/slam_toolbox_s__rosidl_typesupport_c.cpython-38-x86_64-linux-gnu.so
[4.585s] -- Up-to-date symlink: /home/qty/ros2_ws/install/slam_toolbox/lib/libslam_toolbox__python.so
[4.585s] -- Up-to-date symlink: /home/qty/ros2_ws/install/slam_toolbox/share/slam_toolbox/srv/Pause.idl
[4.586s] -- Up-to-date symlink: /home/qty/ros2_ws/install/slam_toolbox/share/slam_toolbox/srv/ClearQueue.idl
[4.586s] -- Up-to-date symlink: /home/qty/ros2_ws/install/slam_toolbox/share/slam_toolbox/srv/ToggleInteractive.idl
[4.586s] -- Up-to-date symlink: /home/qty/ros2_ws/install/slam_toolbox/share/slam_toolbox/srv/Clear.idl
[4.587s] -- Up-to-date symlink: /home/qty/ros2_ws/install/slam_toolbox/share/slam_toolbox/srv/SaveMap.idl
[4.587s] -- Up-to-date symlink: /home/qty/ros2_ws/install/slam_toolbox/share/slam_toolbox/srv/LoopClosure.idl
[4.587s] -- Up-to-date symlink: /home/qty/ros2_ws/install/slam_toolbox/share/slam_toolbox/srv/MergeMaps.idl
[4.588s] -- Up-to-date symlink: /home/qty/ros2_ws/install/slam_toolbox/share/slam_toolbox/srv/AddSubmap.idl
[4.588s] -- Up-to-date symlink: /home/qty/ros2_ws/install/slam_toolbox/share/slam_toolbox/srv/DeserializePoseGraph.idl
[4.588s] -- Up-to-date symlink: /home/qty/ros2_ws/install/slam_toolbox/share/slam_toolbox/srv/SerializePoseGraph.idl
[4.589s] -- Up-to-date symlink: /home/qty/ros2_ws/install/slam_toolbox/share/slam_toolbox/srvs/Pause.srv
[4.589s] -- Up-to-date symlink: /home/qty/ros2_ws/install/slam_toolbox/share/slam_toolbox/srvs/Pause_Request.msg
[4.589s] -- Up-to-date symlink: /home/qty/ros2_ws/install/slam_toolbox/share/slam_toolbox/srvs/Pause_Response.msg
[4.590s] -- Up-to-date symlink: /home/qty/ros2_ws/install/slam_toolbox/share/slam_toolbox/srvs/ClearQueue.srv
[4.590s] -- Up-to-date symlink: /home/qty/ros2_ws/install/slam_toolbox/share/slam_toolbox/srvs/ClearQueue_Request.msg
[4.590s] -- Up-to-date symlink: /home/qty/ros2_ws/install/slam_toolbox/share/slam_toolbox/srvs/ClearQueue_Response.msg
[4.591s] -- Up-to-date symlink: /home/qty/ros2_ws/install/slam_toolbox/share/slam_toolbox/srvs/ToggleInteractive.srv
[4.591s] -- Up-to-date symlink: /home/qty/ros2_ws/install/slam_toolbox/share/slam_toolbox/srvs/ToggleInteractive_Request.msg
[4.591s] -- Up-to-date symlink: /home/qty/ros2_ws/install/slam_toolbox/share/slam_toolbox/srvs/ToggleInteractive_Response.msg
[4.591s] -- Up-to-date symlink: /home/qty/ros2_ws/install/slam_toolbox/share/slam_toolbox/srvs/Clear.srv
[4.592s] -- Up-to-date symlink: /home/qty/ros2_ws/install/slam_toolbox/share/slam_toolbox/srvs/Clear_Request.msg
[4.592s] -- Up-to-date symlink: /home/qty/ros2_ws/install/slam_toolbox/share/slam_toolbox/srvs/Clear_Response.msg
[4.592s] -- Up-to-date symlink: /home/qty/ros2_ws/install/slam_toolbox/share/slam_toolbox/srvs/SaveMap.srv
[4.593s] -- Up-to-date symlink: /home/qty/ros2_ws/install/slam_toolbox/share/slam_toolbox/srvs/SaveMap_Request.msg
[4.593s] -- Up-to-date symlink: /home/qty/ros2_ws/install/slam_toolbox/share/slam_toolbox/srvs/SaveMap_Response.msg
[4.593s] -- Up-to-date symlink: /home/qty/ros2_ws/install/slam_toolbox/share/slam_toolbox/srvs/LoopClosure.srv
[4.594s] -- Up-to-date symlink: /home/qty/ros2_ws/install/slam_toolbox/share/slam_toolbox/srvs/LoopClosure_Request.msg
[4.594s] -- Up-to-date symlink: /home/qty/ros2_ws/install/slam_toolbox/share/slam_toolbox/srvs/LoopClosure_Response.msg
[4.594s] -- Up-to-date symlink: /home/qty/ros2_ws/install/slam_toolbox/share/slam_toolbox/srvs/MergeMaps.srv
[4.594s] -- Up-to-date symlink: /home/qty/ros2_ws/install/slam_toolbox/share/slam_toolbox/srvs/MergeMaps_Request.msg
[4.595s] -- Up-to-date symlink: /home/qty/ros2_ws/install/slam_toolbox/share/slam_toolbox/srvs/MergeMaps_Response.msg
[4.595s] -- Up-to-date symlink: /home/qty/ros2_ws/install/slam_toolbox/share/slam_toolbox/srvs/AddSubmap.srv
[4.595s] -- Up-to-date symlink: /home/qty/ros2_ws/install/slam_toolbox/share/slam_toolbox/srvs/AddSubmap_Request.msg
[4.596s] -- Up-to-date symlink: /home/qty/ros2_ws/install/slam_toolbox/share/slam_toolbox/srvs/AddSubmap_Response.msg
[4.596s] -- Up-to-date symlink: /home/qty/ros2_ws/install/slam_toolbox/share/slam_toolbox/srvs/DeserializePoseGraph.srv
[4.596s] -- Up-to-date symlink: /home/qty/ros2_ws/install/slam_toolbox/share/slam_toolbox/srvs/DeserializePoseGraph_Request.msg
[4.597s] -- Up-to-date symlink: /home/qty/ros2_ws/install/slam_toolbox/share/slam_toolbox/srvs/DeserializePoseGraph_Response.msg
[4.597s] -- Up-to-date symlink: /home/qty/ros2_ws/install/slam_toolbox/share/slam_toolbox/srvs/SerializePoseGraph.srv
[4.597s] -- Up-to-date symlink: /home/qty/ros2_ws/install/slam_toolbox/share/slam_toolbox/srvs/SerializePoseGraph_Request.msg
[4.598s] -- Up-to-date symlink: /home/qty/ros2_ws/install/slam_toolbox/share/slam_toolbox/srvs/SerializePoseGraph_Response.msg
[4.598s] -- Up-to-date symlink: /home/qty/ros2_ws/install/slam_toolbox/share/slam_toolbox//rviz_plugins.xml
[4.598s] -- Up-to-date symlink: /home/qty/ros2_ws/install/slam_toolbox/share/slam_toolbox//solver_plugins.xml
[4.599s] -- Up-to-date symlink: /home/qty/ros2_ws/install/slam_toolbox/lib/slam_toolbox/async_slam_toolbox_node
[4.599s] -- Up-to-date symlink: /home/qty/ros2_ws/install/slam_toolbox/lib/slam_toolbox/sync_slam_toolbox_node
[4.599s] -- Up-to-date symlink: /home/qty/ros2_ws/install/slam_toolbox/lib/slam_toolbox/localization_slam_toolbox_node
[4.599s] -- Up-to-date symlink: /home/qty/ros2_ws/install/slam_toolbox/lib/slam_toolbox/lifelong_slam_toolbox_node
[4.600s] -- Up-to-date symlink: /home/qty/ros2_ws/install/slam_toolbox/lib/slam_toolbox/merge_maps_kinematic
[4.600s] -- Up-to-date symlink: /home/qty/ros2_ws/install/slam_toolbox/lib/libtoolbox_common.so
[4.600s] -- Up-to-date symlink: /home/qty/ros2_ws/install/slam_toolbox/lib/libSlamToolboxPlugin.so
[4.601s] -- Up-to-date symlink: /home/qty/ros2_ws/install/slam_toolbox/lib/libceres_solver_plugin.so
[4.601s] -- Up-to-date symlink: /home/qty/ros2_ws/install/slam_toolbox/lib/libasync_slam_toolbox.so
[4.601s] -- Up-to-date symlink: /home/qty/ros2_ws/install/slam_toolbox/lib/libsync_slam_toolbox.so
[4.602s] -- Up-to-date symlink: /home/qty/ros2_ws/install/slam_toolbox/lib/liblocalization_slam_toolbox.so
[4.602s] -- Up-to-date symlink: /home/qty/ros2_ws/install/slam_toolbox/lib/liblifelong_slam_toolbox.so
[4.603s] -- Up-to-date symlink: /home/qty/ros2_ws/install/slam_toolbox/include/slam_toolbox/experimental/slam_toolbox_lifelong.hpp
[4.603s] -- Up-to-date symlink: /home/qty/ros2_ws/install/slam_toolbox/include/slam_toolbox/get_pose_helper.hpp
[4.603s] -- Up-to-date symlink: /home/qty/ros2_ws/install/slam_toolbox/include/slam_toolbox/laser_utils.hpp
[4.603s] -- Up-to-date symlink: /home/qty/ros2_ws/install/slam_toolbox/include/slam_toolbox/loop_closure_assistant.hpp
[4.603s] -- Up-to-date symlink: /home/qty/ros2_ws/install/slam_toolbox/include/slam_toolbox/map_saver.hpp
[4.604s] -- Up-to-date symlink: /home/qty/ros2_ws/install/slam_toolbox/include/slam_toolbox/merge_maps_kinematic.hpp
[4.604s] -- Up-to-date symlink: /home/qty/ros2_ws/install/slam_toolbox/include/slam_toolbox/serialization.hpp
[4.604s] -- Up-to-date symlink: /home/qty/ros2_ws/install/slam_toolbox/include/slam_toolbox/slam_mapper.hpp
[4.604s] -- Up-to-date symlink: /home/qty/ros2_ws/install/slam_toolbox/include/slam_toolbox/slam_toolbox_async.hpp
[4.604s] -- Up-to-date symlink: /home/qty/ros2_ws/install/slam_toolbox/include/slam_toolbox/slam_toolbox_common.hpp
[4.605s] -- Up-to-date symlink: /home/qty/ros2_ws/install/slam_toolbox/include/slam_toolbox/slam_toolbox_localization.hpp
[4.605s] -- Up-to-date symlink: /home/qty/ros2_ws/install/slam_toolbox/include/slam_toolbox/slam_toolbox_sync.hpp
[4.605s] -- Up-to-date symlink: /home/qty/ros2_ws/install/slam_toolbox/include/slam_toolbox/snap_utils.hpp
[4.605s] -- Up-to-date symlink: /home/qty/ros2_ws/install/slam_toolbox/include/slam_toolbox/toolbox_msgs.hpp
[4.605s] -- Up-to-date symlink: /home/qty/ros2_ws/install/slam_toolbox/include/slam_toolbox/toolbox_types.hpp
[4.606s] -- Up-to-date symlink: /home/qty/ros2_ws/install/slam_toolbox/include/slam_toolbox/visualization_utils.hpp
[4.606s] -- Up-to-date symlink: /home/qty/ros2_ws/install/slam_toolbox/share/slam_toolbox/launch/__pycache__/online_async_launch.cpython-38.pyc
[4.606s] -- Up-to-date symlink: /home/qty/ros2_ws/install/slam_toolbox/share/slam_toolbox/launch/__pycache__/online_async_launch_localization.cpython-38.pyc
[4.607s] -- Up-to-date symlink: /home/qty/ros2_ws/install/slam_toolbox/share/slam_toolbox/launch/lifelong_launch.py
[4.607s] -- Up-to-date symlink: /home/qty/ros2_ws/install/slam_toolbox/share/slam_toolbox/launch/localization_launch.py
[4.607s] -- Up-to-date symlink: /home/qty/ros2_ws/install/slam_toolbox/share/slam_toolbox/launch/merge_maps_kinematic_launch.py
[4.607s] -- Up-to-date symlink: /home/qty/ros2_ws/install/slam_toolbox/share/slam_toolbox/launch/offline_launch.py
[4.607s] -- Up-to-date symlink: /home/qty/ros2_ws/install/slam_toolbox/share/slam_toolbox/launch/online_async_launch.py
[4.608s] -- Up-to-date symlink: /home/qty/ros2_ws/install/slam_toolbox/share/slam_toolbox/launch/online_async_launch_localization.py
[4.608s] -- Up-to-date symlink: /home/qty/ros2_ws/install/slam_toolbox/share/slam_toolbox/launch/online_sync_launch.py
[4.608s] -- Up-to-date symlink: /home/qty/ros2_ws/install/slam_toolbox/share/slam_toolbox/config/mapper_params_lifelong.yaml
[4.609s] -- Up-to-date symlink: /home/qty/ros2_ws/install/slam_toolbox/share/slam_toolbox/config/mapper_params_localization.yaml
[4.609s] -- Up-to-date symlink: /home/qty/ros2_ws/install/slam_toolbox/share/slam_toolbox/config/mapper_params_offline.yaml
[4.609s] -- Up-to-date symlink: /home/qty/ros2_ws/install/slam_toolbox/share/slam_toolbox/config/mapper_params_online_async.yaml
[4.609s] -- Up-to-date symlink: /home/qty/ros2_ws/install/slam_toolbox/share/slam_toolbox/config/mapper_params_online_async_localization.yaml
[4.609s] -- Up-to-date symlink: /home/qty/ros2_ws/install/slam_toolbox/share/slam_toolbox/config/mapper_params_online_sync.yaml
[4.610s] -- Up-to-date symlink: /home/qty/ros2_ws/install/slam_toolbox/share/solver_plugins.xml
[4.610s] -- Up-to-date symlink: /home/qty/ros2_ws/install/slam_toolbox/share/rviz_plugins.xml
[4.610s] -- Up-to-date symlink: /home/qty/ros2_ws/install/slam_toolbox/share/ament_index/resource_index/package_run_dependencies/slam_toolbox
[4.611s] -- Up-to-date symlink: /home/qty/ros2_ws/install/slam_toolbox/share/ament_index/resource_index/parent_prefix_path/slam_toolbox
[4.611s] -- Up-to-date symlink: /home/qty/ros2_ws/install/slam_toolbox/share/slam_toolbox/environment/ament_prefix_path.sh
[4.611s] -- Up-to-date symlink: /home/qty/ros2_ws/install/slam_toolbox/share/slam_toolbox/environment/ament_prefix_path.dsv
[4.612s] -- Up-to-date symlink: /home/qty/ros2_ws/install/slam_toolbox/share/slam_toolbox/environment/path.sh
[4.612s] -- Up-to-date symlink: /home/qty/ros2_ws/install/slam_toolbox/share/slam_toolbox/environment/path.dsv
[4.612s] -- Up-to-date symlink: /home/qty/ros2_ws/install/slam_toolbox/share/slam_toolbox/local_setup.bash
[4.613s] -- Up-to-date symlink: /home/qty/ros2_ws/install/slam_toolbox/share/slam_toolbox/local_setup.sh
[4.613s] -- Up-to-date symlink: /home/qty/ros2_ws/install/slam_toolbox/share/slam_toolbox/local_setup.zsh
[4.613s] -- Up-to-date symlink: /home/qty/ros2_ws/install/slam_toolbox/share/slam_toolbox/local_setup.dsv
[4.614s] -- Symlinking: /home/qty/ros2_ws/install/slam_toolbox/share/slam_toolbox/package.dsv
[4.624s] -- Up-to-date symlink: /home/qty/ros2_ws/install/slam_toolbox/share/ament_index/resource_index/packages/slam_toolbox
[4.625s] -- Up-to-date symlink: /home/qty/ros2_ws/install/slam_toolbox/share/ament_index/resource_index/rviz_common__pluginlib__plugin/slam_toolbox
[4.625s] -- Up-to-date symlink: /home/qty/ros2_ws/install/slam_toolbox/share/ament_index/resource_index/slam_toolbox__pluginlib__plugin/slam_toolbox
[4.626s] -- Up-to-date symlink: /home/qty/ros2_ws/install/slam_toolbox/share/slam_toolbox/cmake/rosidl_cmake-extras.cmake
[4.626s] -- Up-to-date symlink: /home/qty/ros2_ws/install/slam_toolbox/share/slam_toolbox/cmake/ament_cmake_export_dependencies-extras.cmake
[4.626s] -- Up-to-date symlink: /home/qty/ros2_ws/install/slam_toolbox/share/slam_toolbox/cmake/ament_cmake_export_libraries-extras.cmake
[4.626s] -- Up-to-date symlink: /home/qty/ros2_ws/install/slam_toolbox/share/slam_toolbox/cmake/ament_cmake_export_targets-extras.cmake
[4.627s] -- Up-to-date symlink: /home/qty/ros2_ws/install/slam_toolbox/share/slam_toolbox/cmake/ament_cmake_export_include_directories-extras.cmake
[4.627s] -- Up-to-date symlink: /home/qty/ros2_ws/install/slam_toolbox/share/slam_toolbox/cmake/rosidl_cmake_export_typesupport_libraries-extras.cmake
[4.627s] -- Up-to-date symlink: /home/qty/ros2_ws/install/slam_toolbox/share/slam_toolbox/cmake/rosidl_cmake_export_typesupport_targets-extras.cmake
[4.627s] -- Up-to-date symlink: /home/qty/ros2_ws/install/slam_toolbox/share/slam_toolbox/cmake/slam_toolboxConfig.cmake
[4.628s] -- Up-to-date symlink: /home/qty/ros2_ws/install/slam_toolbox/share/slam_toolbox/cmake/slam_toolboxConfig-version.cmake
[4.628s] -- Up-to-date symlink: /home/qty/ros2_ws/install/slam_toolbox/share/slam_toolbox/package.xml
[4.628s] -- Up-to-date: /home/qty/ros2_ws/install/slam_toolbox/lib/libslam_toolbox__rosidl_generator_c.so
[4.628s] -- Up-to-date: /home/qty/ros2_ws/install/slam_toolbox/lib/libslam_toolbox__rosidl_typesupport_introspection_c.so
[4.629s] -- Up-to-date: /home/qty/ros2_ws/install/slam_toolbox/lib/libslam_toolbox__rosidl_typesupport_c.so
[4.629s] -- Up-to-date: /home/qty/ros2_ws/install/slam_toolbox/lib/libslam_toolbox__rosidl_typesupport_introspection_cpp.so
[4.629s] -- Up-to-date: /home/qty/ros2_ws/install/slam_toolbox/lib/libslam_toolbox__rosidl_typesupport_cpp.so
[4.659s] Compiling '/home/qty/ros2_ws/install/slam_toolbox/lib/python3.8/site-packages/slam_toolbox/__init__.py'...
[4.663s] -- Up-to-date: /home/qty/ros2_ws/install/slam_toolbox/share/slam_toolbox/cmake/slam_toolbox__rosidl_generator_cExport.cmake
[4.663s] -- Installing: /home/qty/ros2_ws/install/slam_toolbox/share/slam_toolbox/cmake/slam_toolbox__rosidl_generator_cExport-release.cmake
[4.663s] -- Up-to-date: /home/qty/ros2_ws/install/slam_toolbox/share/slam_toolbox/cmake/slam_toolbox__rosidl_typesupport_introspection_cExport.cmake
[4.663s] -- Installing: /home/qty/ros2_ws/install/slam_toolbox/share/slam_toolbox/cmake/slam_toolbox__rosidl_typesupport_introspection_cExport-release.cmake
[4.664s] -- Up-to-date: /home/qty/ros2_ws/install/slam_toolbox/share/slam_toolbox/cmake/slam_toolbox__rosidl_typesupport_cExport.cmake
[4.664s] -- Installing: /home/qty/ros2_ws/install/slam_toolbox/share/slam_toolbox/cmake/slam_toolbox__rosidl_typesupport_cExport-release.cmake
[4.664s] -- Up-to-date: /home/qty/ros2_ws/install/slam_toolbox/share/slam_toolbox/cmake/slam_toolbox__rosidl_generator_cppExport.cmake
[4.665s] -- Up-to-date: /home/qty/ros2_ws/install/slam_toolbox/share/slam_toolbox/cmake/slam_toolbox__rosidl_typesupport_introspection_cppExport.cmake
[4.665s] -- Installing: /home/qty/ros2_ws/install/slam_toolbox/share/slam_toolbox/cmake/slam_toolbox__rosidl_typesupport_introspection_cppExport-release.cmake
[4.665s] -- Up-to-date: /home/qty/ros2_ws/install/slam_toolbox/share/slam_toolbox/cmake/slam_toolbox__rosidl_typesupport_cppExport.cmake
[4.665s] -- Installing: /home/qty/ros2_ws/install/slam_toolbox/share/slam_toolbox/cmake/slam_toolbox__rosidl_typesupport_cppExport-release.cmake
[4.666s] -- Up-to-date: /home/qty/ros2_ws/install/slam_toolbox/share/slam_toolbox/cmake/SlamToolboxPluginExport.cmake
[4.666s] -- Installing: /home/qty/ros2_ws/install/slam_toolbox/share/slam_toolbox/cmake/SlamToolboxPluginExport-release.cmake
[4.668s] Invoked command in '/home/qty/ros2_ws/build/slam_toolbox' returned '0': CMAKE_PREFIX_PATH=${CMAKE_PREFIX_PATH}:/home/qty/ros2_ws/install/hoverboard_controller:/opt/ros/foxy /usr/bin/cmake --install /home/qty/ros2_ws/build/slam_toolbox
