[1.853s] DEBUG:colcon:Command line arguments: ['/usr/bin/colcon', 'build', '--symlink-install']
[1.853s] DEBUG:colcon:Parsed command line arguments: Namespace(allow_overriding=[], ament_cmake_args=None, base_paths=['.'], build_base='build', catkin_cmake_args=None, catkin_skip_building_tests=False, cmake_args=None, cmake_clean_cache=False, cmake_clean_first=False, cmake_force_configure=False, cmake_target=None, cmake_target_skip_unavailable=False, continue_on_error=False, event_handlers=None, executor='parallel', ignore_user_meta=False, install_base='install', log_base=None, log_level=None, main=<bound method BuildVerb.main of <colcon_core.verb.build.BuildVerb object at 0x7f8b1974a190>>, merge_install=False, metas=['./colcon.meta'], packages_above=None, packages_above_and_dependencies=None, packages_above_depth=None, packages_end=None, packages_ignore=None, packages_ignore_regex=None, packages_select=None, packages_select_build_failed=False, packages_select_by_dep=None, packages_select_regex=None, packages_select_test_failures=False, packages_skip=None, packages_skip_build_finished=False, packages_skip_by_dep=None, packages_skip_regex=None, packages_skip_test_passed=False, packages_skip_up_to=None, packages_start=None, packages_up_to=None, packages_up_to_regex=None, parallel_workers=16, paths=None, symlink_install=True, test_result_base=None, verb_extension=<colcon_core.verb.build.BuildVerb object at 0x7f8b1974a190>, verb_name='build', verb_parser=<colcon_defaults.argument_parser.defaults.DefaultArgumentsDecorator object at 0x7f8b193bf670>)
[1.925s] Level 1:colcon.colcon_core.package_discovery:discover_packages(colcon_meta) check parameters
[1.925s] Level 1:colcon.colcon_core.package_discovery:discover_packages(recursive) check parameters
[1.925s] Level 1:colcon.colcon_core.package_discovery:discover_packages(ignore) check parameters
[1.925s] Level 1:colcon.colcon_core.package_discovery:discover_packages(path) check parameters
[1.925s] Level 1:colcon.colcon_core.package_discovery:discover_packages(colcon_meta) discover
[1.925s] Level 1:colcon.colcon_core.package_discovery:discover_packages(recursive) discover
[1.925s] INFO:colcon.colcon_core.package_discovery:Crawling recursively for packages in '/home/qty/ros2_ws'
[1.925s] Level 1:colcon.colcon_core.package_identification:_identify(.) by extensions ['ignore', 'ignore_ament_install']
[1.925s] Level 1:colcon.colcon_core.package_identification:_identify(.) by extension 'ignore'
[1.925s] Level 1:colcon.colcon_core.package_identification:_identify(.) by extension 'ignore_ament_install'
[1.926s] Level 1:colcon.colcon_core.package_identification:_identify(.) by extensions ['colcon_pkg']
[1.926s] Level 1:colcon.colcon_core.package_identification:_identify(.) by extension 'colcon_pkg'
[1.926s] Level 1:colcon.colcon_core.package_identification:_identify(.) by extensions ['colcon_meta']
[1.926s] Level 1:colcon.colcon_core.package_identification:_identify(.) by extension 'colcon_meta'
[1.926s] Level 1:colcon.colcon_core.package_identification:_identify(.) by extensions ['ros']
[1.926s] Level 1:colcon.colcon_core.package_identification:_identify(.) by extension 'ros'
[1.933s] Level 1:colcon.colcon_core.package_identification:_identify(.) by extensions ['cmake', 'python']
[1.933s] Level 1:colcon.colcon_core.package_identification:_identify(.) by extension 'cmake'
[1.933s] Level 1:colcon.colcon_core.package_identification:_identify(.) by extension 'python'
[1.933s] Level 1:colcon.colcon_core.package_identification:_identify(.) by extensions ['python_setup_py']
[1.933s] Level 1:colcon.colcon_core.package_identification:_identify(.) by extension 'python_setup_py'
[1.934s] Level 1:colcon.colcon_core.package_identification:_identify(build) by extensions ['ignore', 'ignore_ament_install']
[1.934s] Level 1:colcon.colcon_core.package_identification:_identify(build) by extension 'ignore'
[1.934s] Level 1:colcon.colcon_core.package_identification:_identify(build) ignored
[1.934s] Level 1:colcon.colcon_core.package_identification:_identify(install) by extensions ['ignore', 'ignore_ament_install']
[1.934s] Level 1:colcon.colcon_core.package_identification:_identify(install) by extension 'ignore'
[1.934s] Level 1:colcon.colcon_core.package_identification:_identify(install) ignored
[1.934s] Level 1:colcon.colcon_core.package_identification:_identify(log) by extensions ['ignore', 'ignore_ament_install']
[1.934s] Level 1:colcon.colcon_core.package_identification:_identify(log) by extension 'ignore'
[1.934s] Level 1:colcon.colcon_core.package_identification:_identify(log) ignored
[1.934s] Level 1:colcon.colcon_core.package_identification:_identify(src) by extensions ['ignore', 'ignore_ament_install']
[1.934s] Level 1:colcon.colcon_core.package_identification:_identify(src) by extension 'ignore'
[1.934s] Level 1:colcon.colcon_core.package_identification:_identify(src) by extension 'ignore_ament_install'
[1.934s] Level 1:colcon.colcon_core.package_identification:_identify(src) by extensions ['colcon_pkg']
[1.934s] Level 1:colcon.colcon_core.package_identification:_identify(src) by extension 'colcon_pkg'
[1.934s] Level 1:colcon.colcon_core.package_identification:_identify(src) by extensions ['colcon_meta']
[1.934s] Level 1:colcon.colcon_core.package_identification:_identify(src) by extension 'colcon_meta'
[1.934s] Level 1:colcon.colcon_core.package_identification:_identify(src) by extensions ['ros']
[1.934s] Level 1:colcon.colcon_core.package_identification:_identify(src) by extension 'ros'
[1.934s] Level 1:colcon.colcon_core.package_identification:_identify(src) by extensions ['cmake', 'python']
[1.934s] Level 1:colcon.colcon_core.package_identification:_identify(src) by extension 'cmake'
[1.934s] Level 1:colcon.colcon_core.package_identification:_identify(src) by extension 'python'
[1.935s] Level 1:colcon.colcon_core.package_identification:_identify(src) by extensions ['python_setup_py']
[1.935s] Level 1:colcon.colcon_core.package_identification:_identify(src) by extension 'python_setup_py'
[1.935s] Level 1:colcon.colcon_core.package_identification:_identify(src/articubot_one) by extensions ['ignore', 'ignore_ament_install']
[1.935s] Level 1:colcon.colcon_core.package_identification:_identify(src/articubot_one) by extension 'ignore'
[1.935s] Level 1:colcon.colcon_core.package_identification:_identify(src/articubot_one) by extension 'ignore_ament_install'
[1.935s] Level 1:colcon.colcon_core.package_identification:_identify(src/articubot_one) by extensions ['colcon_pkg']
[1.935s] Level 1:colcon.colcon_core.package_identification:_identify(src/articubot_one) by extension 'colcon_pkg'
[1.935s] Level 1:colcon.colcon_core.package_identification:_identify(src/articubot_one) by extensions ['colcon_meta']
[1.935s] Level 1:colcon.colcon_core.package_identification:_identify(src/articubot_one) by extension 'colcon_meta'
[1.935s] Level 1:colcon.colcon_core.package_identification:_identify(src/articubot_one) by extensions ['ros']
[1.935s] Level 1:colcon.colcon_core.package_identification:_identify(src/articubot_one) by extension 'ros'
[1.936s] DEBUG:colcon.colcon_core.package_identification:Package 'src/articubot_one' with type 'ros.ament_cmake' and name 'articubot_one'
[1.936s] Level 1:colcon.colcon_core.package_identification:_identify(src/csm) by extensions ['ignore', 'ignore_ament_install']
[1.937s] Level 1:colcon.colcon_core.package_identification:_identify(src/csm) by extension 'ignore'
[1.937s] Level 1:colcon.colcon_core.package_identification:_identify(src/csm) by extension 'ignore_ament_install'
[1.937s] Level 1:colcon.colcon_core.package_identification:_identify(src/csm) by extensions ['colcon_pkg']
[1.937s] Level 1:colcon.colcon_core.package_identification:_identify(src/csm) by extension 'colcon_pkg'
[1.937s] Level 1:colcon.colcon_core.package_identification:_identify(src/csm) by extensions ['colcon_meta']
[1.937s] Level 1:colcon.colcon_core.package_identification:_identify(src/csm) by extension 'colcon_meta'
[1.937s] Level 1:colcon.colcon_core.package_identification:_identify(src/csm) by extensions ['ros']
[1.937s] Level 1:colcon.colcon_core.package_identification:_identify(src/csm) by extension 'ros'
[1.937s] DEBUG:colcon.colcon_core.package_identification:Package 'src/csm' with type 'ros.ament_cmake' and name 'csm'
[1.937s] Level 1:colcon.colcon_core.package_identification:_identify(src/hoverBoardController) by extensions ['ignore', 'ignore_ament_install']
[1.937s] Level 1:colcon.colcon_core.package_identification:_identify(src/hoverBoardController) by extension 'ignore'
[1.937s] Level 1:colcon.colcon_core.package_identification:_identify(src/hoverBoardController) by extension 'ignore_ament_install'
[1.938s] Level 1:colcon.colcon_core.package_identification:_identify(src/hoverBoardController) by extensions ['colcon_pkg']
[1.938s] Level 1:colcon.colcon_core.package_identification:_identify(src/hoverBoardController) by extension 'colcon_pkg'
[1.938s] Level 1:colcon.colcon_core.package_identification:_identify(src/hoverBoardController) by extensions ['colcon_meta']
[1.938s] Level 1:colcon.colcon_core.package_identification:_identify(src/hoverBoardController) by extension 'colcon_meta'
[1.938s] Level 1:colcon.colcon_core.package_identification:_identify(src/hoverBoardController) by extensions ['ros']
[1.938s] Level 1:colcon.colcon_core.package_identification:_identify(src/hoverBoardController) by extension 'ros'
[1.938s] DEBUG:colcon.colcon_core.package_identification:Package 'src/hoverBoardController' with type 'ros.ament_python' and name 'hoverBoardController'
[1.938s] Level 1:colcon.colcon_core.package_identification:_identify(src/ros2_laser_scan_matcher) by extensions ['ignore', 'ignore_ament_install']
[1.938s] Level 1:colcon.colcon_core.package_identification:_identify(src/ros2_laser_scan_matcher) by extension 'ignore'
[1.938s] Level 1:colcon.colcon_core.package_identification:_identify(src/ros2_laser_scan_matcher) by extension 'ignore_ament_install'
[1.938s] Level 1:colcon.colcon_core.package_identification:_identify(src/ros2_laser_scan_matcher) by extensions ['colcon_pkg']
[1.938s] Level 1:colcon.colcon_core.package_identification:_identify(src/ros2_laser_scan_matcher) by extension 'colcon_pkg'
[1.938s] Level 1:colcon.colcon_core.package_identification:_identify(src/ros2_laser_scan_matcher) by extensions ['colcon_meta']
[1.938s] Level 1:colcon.colcon_core.package_identification:_identify(src/ros2_laser_scan_matcher) by extension 'colcon_meta'
[1.938s] Level 1:colcon.colcon_core.package_identification:_identify(src/ros2_laser_scan_matcher) by extensions ['ros']
[1.938s] Level 1:colcon.colcon_core.package_identification:_identify(src/ros2_laser_scan_matcher) by extension 'ros'
[1.939s] DEBUG:colcon.colcon_core.package_identification:Package 'src/ros2_laser_scan_matcher' with type 'ros.ament_cmake' and name 'ros2_laser_scan_matcher'
[1.939s] Level 1:colcon.colcon_core.package_identification:_identify(src/rplidar_ros2) by extensions ['ignore', 'ignore_ament_install']
[1.939s] Level 1:colcon.colcon_core.package_identification:_identify(src/rplidar_ros2) by extension 'ignore'
[1.939s] Level 1:colcon.colcon_core.package_identification:_identify(src/rplidar_ros2) by extension 'ignore_ament_install'
[1.939s] Level 1:colcon.colcon_core.package_identification:_identify(src/rplidar_ros2) by extensions ['colcon_pkg']
[1.939s] Level 1:colcon.colcon_core.package_identification:_identify(src/rplidar_ros2) by extension 'colcon_pkg'
[1.939s] Level 1:colcon.colcon_core.package_identification:_identify(src/rplidar_ros2) by extensions ['colcon_meta']
[1.939s] Level 1:colcon.colcon_core.package_identification:_identify(src/rplidar_ros2) by extension 'colcon_meta'
[1.939s] Level 1:colcon.colcon_core.package_identification:_identify(src/rplidar_ros2) by extensions ['ros']
[1.939s] Level 1:colcon.colcon_core.package_identification:_identify(src/rplidar_ros2) by extension 'ros'
[1.940s] DEBUG:colcon.colcon_core.package_identification:Package 'src/rplidar_ros2' with type 'ros.ament_cmake' and name 'rplidar_ros'
[1.940s] Level 1:colcon.colcon_core.package_identification:_identify(src/slam_toolbox) by extensions ['ignore', 'ignore_ament_install']
[1.940s] Level 1:colcon.colcon_core.package_identification:_identify(src/slam_toolbox) by extension 'ignore'
[1.940s] Level 1:colcon.colcon_core.package_identification:_identify(src/slam_toolbox) by extension 'ignore_ament_install'
[1.940s] Level 1:colcon.colcon_core.package_identification:_identify(src/slam_toolbox) by extensions ['colcon_pkg']
[1.940s] Level 1:colcon.colcon_core.package_identification:_identify(src/slam_toolbox) by extension 'colcon_pkg'
[1.940s] Level 1:colcon.colcon_core.package_identification:_identify(src/slam_toolbox) by extensions ['colcon_meta']
[1.940s] Level 1:colcon.colcon_core.package_identification:_identify(src/slam_toolbox) by extension 'colcon_meta'
[1.940s] Level 1:colcon.colcon_core.package_identification:_identify(src/slam_toolbox) by extensions ['ros']
[1.940s] Level 1:colcon.colcon_core.package_identification:_identify(src/slam_toolbox) by extension 'ros'
[1.941s] DEBUG:colcon.colcon_core.package_identification:Package 'src/slam_toolbox' with type 'ros.ament_cmake' and name 'slam_toolbox'
[1.941s] Level 1:colcon.colcon_core.package_discovery:discover_packages(recursive) using defaults
[1.941s] Level 1:colcon.colcon_core.package_discovery:discover_packages(ignore) discover
[1.941s] Level 1:colcon.colcon_core.package_discovery:discover_packages(ignore) using defaults
[1.941s] Level 1:colcon.colcon_core.package_discovery:discover_packages(path) discover
[1.941s] Level 1:colcon.colcon_core.package_discovery:discover_packages(path) using defaults
[2.094s] Level 1:colcon.colcon_core.package_discovery:discover_packages(prefix_path) check parameters
[2.094s] Level 1:colcon.colcon_core.package_discovery:discover_packages(prefix_path) discover
[2.156s] DEBUG:colcon.colcon_installed_package_information.package_discovery:Found 23 installed packages in /home/qty/ros2_ws/install
[2.185s] DEBUG:colcon.colcon_installed_package_information.package_discovery:Found 275 installed packages in /opt/ros/foxy
[2.187s] Level 1:colcon.colcon_core.package_discovery:discover_packages(prefix_path) using defaults
[2.298s] Level 5:colcon.colcon_core.verb:set package 'articubot_one' build argument 'cmake_args' from command line to 'None'
[2.298s] Level 5:colcon.colcon_core.verb:set package 'articubot_one' build argument 'cmake_target' from command line to 'None'
[2.298s] Level 5:colcon.colcon_core.verb:set package 'articubot_one' build argument 'cmake_target_skip_unavailable' from command line to 'False'
[2.298s] Level 5:colcon.colcon_core.verb:set package 'articubot_one' build argument 'cmake_clean_cache' from command line to 'False'
[2.298s] Level 5:colcon.colcon_core.verb:set package 'articubot_one' build argument 'cmake_clean_first' from command line to 'False'
[2.298s] Level 5:colcon.colcon_core.verb:set package 'articubot_one' build argument 'cmake_force_configure' from command line to 'False'
[2.298s] Level 5:colcon.colcon_core.verb:set package 'articubot_one' build argument 'ament_cmake_args' from command line to 'None'
[2.298s] Level 5:colcon.colcon_core.verb:set package 'articubot_one' build argument 'catkin_cmake_args' from command line to 'None'
[2.298s] Level 5:colcon.colcon_core.verb:set package 'articubot_one' build argument 'catkin_skip_building_tests' from command line to 'False'
[2.298s] DEBUG:colcon.colcon_core.verb:Building package 'articubot_one' with the following arguments: {'ament_cmake_args': None, 'build_base': '/home/qty/ros2_ws/build/articubot_one', 'catkin_cmake_args': None, 'catkin_skip_building_tests': False, 'cmake_args': None, 'cmake_clean_cache': False, 'cmake_clean_first': False, 'cmake_force_configure': False, 'cmake_target': None, 'cmake_target_skip_unavailable': False, 'install_base': '/home/qty/ros2_ws/install/articubot_one', 'merge_install': False, 'path': '/home/qty/ros2_ws/src/articubot_one', 'symlink_install': True, 'test_result_base': None}
[2.325s] Level 5:colcon.colcon_core.verb:set package 'csm' build argument 'cmake_args' from command line to 'None'
[2.325s] Level 5:colcon.colcon_core.verb:set package 'csm' build argument 'cmake_target' from command line to 'None'
[2.325s] Level 5:colcon.colcon_core.verb:set package 'csm' build argument 'cmake_target_skip_unavailable' from command line to 'False'
[2.326s] Level 5:colcon.colcon_core.verb:set package 'csm' build argument 'cmake_clean_cache' from command line to 'False'
[2.326s] Level 5:colcon.colcon_core.verb:set package 'csm' build argument 'cmake_clean_first' from command line to 'False'
[2.326s] Level 5:colcon.colcon_core.verb:set package 'csm' build argument 'cmake_force_configure' from command line to 'False'
[2.326s] Level 5:colcon.colcon_core.verb:set package 'csm' build argument 'ament_cmake_args' from command line to 'None'
[2.326s] Level 5:colcon.colcon_core.verb:set package 'csm' build argument 'catkin_cmake_args' from command line to 'None'
[2.326s] Level 5:colcon.colcon_core.verb:set package 'csm' build argument 'catkin_skip_building_tests' from command line to 'False'
[2.326s] DEBUG:colcon.colcon_core.verb:Building package 'csm' with the following arguments: {'ament_cmake_args': None, 'build_base': '/home/qty/ros2_ws/build/csm', 'catkin_cmake_args': None, 'catkin_skip_building_tests': False, 'cmake_args': None, 'cmake_clean_cache': False, 'cmake_clean_first': False, 'cmake_force_configure': False, 'cmake_target': None, 'cmake_target_skip_unavailable': False, 'install_base': '/home/qty/ros2_ws/install/csm', 'merge_install': False, 'path': '/home/qty/ros2_ws/src/csm', 'symlink_install': True, 'test_result_base': None}
[2.353s] Level 5:colcon.colcon_core.verb:set package 'hoverBoardController' build argument 'cmake_args' from command line to 'None'
[2.353s] Level 5:colcon.colcon_core.verb:set package 'hoverBoardController' build argument 'cmake_target' from command line to 'None'
[2.353s] Level 5:colcon.colcon_core.verb:set package 'hoverBoardController' build argument 'cmake_target_skip_unavailable' from command line to 'False'
[2.353s] Level 5:colcon.colcon_core.verb:set package 'hoverBoardController' build argument 'cmake_clean_cache' from command line to 'False'
[2.353s] Level 5:colcon.colcon_core.verb:set package 'hoverBoardController' build argument 'cmake_clean_first' from command line to 'False'
[2.353s] Level 5:colcon.colcon_core.verb:set package 'hoverBoardController' build argument 'cmake_force_configure' from command line to 'False'
[2.353s] Level 5:colcon.colcon_core.verb:set package 'hoverBoardController' build argument 'ament_cmake_args' from command line to 'None'
[2.353s] Level 5:colcon.colcon_core.verb:set package 'hoverBoardController' build argument 'catkin_cmake_args' from command line to 'None'
[2.353s] Level 5:colcon.colcon_core.verb:set package 'hoverBoardController' build argument 'catkin_skip_building_tests' from command line to 'False'
[2.353s] DEBUG:colcon.colcon_core.verb:Building package 'hoverBoardController' with the following arguments: {'ament_cmake_args': None, 'build_base': '/home/qty/ros2_ws/build/hoverBoardController', 'catkin_cmake_args': None, 'catkin_skip_building_tests': False, 'cmake_args': None, 'cmake_clean_cache': False, 'cmake_clean_first': False, 'cmake_force_configure': False, 'cmake_target': None, 'cmake_target_skip_unavailable': False, 'install_base': '/home/qty/ros2_ws/install/hoverBoardController', 'merge_install': False, 'path': '/home/qty/ros2_ws/src/hoverBoardController', 'symlink_install': True, 'test_result_base': None}
[2.380s] Level 5:colcon.colcon_core.verb:set package 'rplidar_ros' build argument 'cmake_args' from command line to 'None'
[2.380s] Level 5:colcon.colcon_core.verb:set package 'rplidar_ros' build argument 'cmake_target' from command line to 'None'
[2.381s] Level 5:colcon.colcon_core.verb:set package 'rplidar_ros' build argument 'cmake_target_skip_unavailable' from command line to 'False'
[2.381s] Level 5:colcon.colcon_core.verb:set package 'rplidar_ros' build argument 'cmake_clean_cache' from command line to 'False'
[2.381s] Level 5:colcon.colcon_core.verb:set package 'rplidar_ros' build argument 'cmake_clean_first' from command line to 'False'
[2.381s] Level 5:colcon.colcon_core.verb:set package 'rplidar_ros' build argument 'cmake_force_configure' from command line to 'False'
[2.381s] Level 5:colcon.colcon_core.verb:set package 'rplidar_ros' build argument 'ament_cmake_args' from command line to 'None'
[2.381s] Level 5:colcon.colcon_core.verb:set package 'rplidar_ros' build argument 'catkin_cmake_args' from command line to 'None'
[2.381s] Level 5:colcon.colcon_core.verb:set package 'rplidar_ros' build argument 'catkin_skip_building_tests' from command line to 'False'
[2.381s] DEBUG:colcon.colcon_core.verb:Building package 'rplidar_ros' with the following arguments: {'ament_cmake_args': None, 'build_base': '/home/qty/ros2_ws/build/rplidar_ros', 'catkin_cmake_args': None, 'catkin_skip_building_tests': False, 'cmake_args': None, 'cmake_clean_cache': False, 'cmake_clean_first': False, 'cmake_force_configure': False, 'cmake_target': None, 'cmake_target_skip_unavailable': False, 'install_base': '/home/qty/ros2_ws/install/rplidar_ros', 'merge_install': False, 'path': '/home/qty/ros2_ws/src/rplidar_ros2', 'symlink_install': True, 'test_result_base': None}
[2.408s] Level 5:colcon.colcon_core.verb:set package 'slam_toolbox' build argument 'cmake_args' from command line to 'None'
[2.408s] Level 5:colcon.colcon_core.verb:set package 'slam_toolbox' build argument 'cmake_target' from command line to 'None'
[2.408s] Level 5:colcon.colcon_core.verb:set package 'slam_toolbox' build argument 'cmake_target_skip_unavailable' from command line to 'False'
[2.408s] Level 5:colcon.colcon_core.verb:set package 'slam_toolbox' build argument 'cmake_clean_cache' from command line to 'False'
[2.408s] Level 5:colcon.colcon_core.verb:set package 'slam_toolbox' build argument 'cmake_clean_first' from command line to 'False'
[2.408s] Level 5:colcon.colcon_core.verb:set package 'slam_toolbox' build argument 'cmake_force_configure' from command line to 'False'
[2.408s] Level 5:colcon.colcon_core.verb:set package 'slam_toolbox' build argument 'ament_cmake_args' from command line to 'None'
[2.408s] Level 5:colcon.colcon_core.verb:set package 'slam_toolbox' build argument 'catkin_cmake_args' from command line to 'None'
[2.408s] Level 5:colcon.colcon_core.verb:set package 'slam_toolbox' build argument 'catkin_skip_building_tests' from command line to 'False'
[2.408s] DEBUG:colcon.colcon_core.verb:Building package 'slam_toolbox' with the following arguments: {'ament_cmake_args': None, 'build_base': '/home/qty/ros2_ws/build/slam_toolbox', 'catkin_cmake_args': None, 'catkin_skip_building_tests': False, 'cmake_args': None, 'cmake_clean_cache': False, 'cmake_clean_first': False, 'cmake_force_configure': False, 'cmake_target': None, 'cmake_target_skip_unavailable': False, 'install_base': '/home/qty/ros2_ws/install/slam_toolbox', 'merge_install': False, 'path': '/home/qty/ros2_ws/src/slam_toolbox', 'symlink_install': True, 'test_result_base': None}
[2.435s] Level 5:colcon.colcon_core.verb:set package 'ros2_laser_scan_matcher' build argument 'cmake_args' from command line to 'None'
[2.435s] Level 5:colcon.colcon_core.verb:set package 'ros2_laser_scan_matcher' build argument 'cmake_target' from command line to 'None'
[2.435s] Level 5:colcon.colcon_core.verb:set package 'ros2_laser_scan_matcher' build argument 'cmake_target_skip_unavailable' from command line to 'False'
[2.435s] Level 5:colcon.colcon_core.verb:set package 'ros2_laser_scan_matcher' build argument 'cmake_clean_cache' from command line to 'False'
[2.435s] Level 5:colcon.colcon_core.verb:set package 'ros2_laser_scan_matcher' build argument 'cmake_clean_first' from command line to 'False'
[2.435s] Level 5:colcon.colcon_core.verb:set package 'ros2_laser_scan_matcher' build argument 'cmake_force_configure' from command line to 'False'
[2.435s] Level 5:colcon.colcon_core.verb:set package 'ros2_laser_scan_matcher' build argument 'ament_cmake_args' from command line to 'None'
[2.435s] Level 5:colcon.colcon_core.verb:set package 'ros2_laser_scan_matcher' build argument 'catkin_cmake_args' from command line to 'None'
[2.435s] Level 5:colcon.colcon_core.verb:set package 'ros2_laser_scan_matcher' build argument 'catkin_skip_building_tests' from command line to 'False'
[2.435s] DEBUG:colcon.colcon_core.verb:Building package 'ros2_laser_scan_matcher' with the following arguments: {'ament_cmake_args': None, 'build_base': '/home/qty/ros2_ws/build/ros2_laser_scan_matcher', 'catkin_cmake_args': None, 'catkin_skip_building_tests': False, 'cmake_args': None, 'cmake_clean_cache': False, 'cmake_clean_first': False, 'cmake_force_configure': False, 'cmake_target': None, 'cmake_target_skip_unavailable': False, 'install_base': '/home/qty/ros2_ws/install/ros2_laser_scan_matcher', 'merge_install': False, 'path': '/home/qty/ros2_ws/src/ros2_laser_scan_matcher', 'symlink_install': True, 'test_result_base': None}
[2.462s] INFO:colcon.colcon_core.executor:Executing jobs using 'parallel' executor
[2.490s] DEBUG:colcon.colcon_parallel_executor.executor.parallel:run_until_complete
[2.490s] INFO:colcon.colcon_ros.task.ament_cmake.build:Building ROS package in '/home/qty/ros2_ws/src/csm' with build type 'ament_cmake'
[2.490s] INFO:colcon.colcon_cmake.task.cmake.build:Building CMake package in '/home/qty/ros2_ws/src/csm'
[2.521s] INFO:colcon.colcon_core.plugin_system:Skipping extension 'colcon_core.shell.bat': Not used on non-Windows systems
[2.521s] INFO:colcon.colcon_core.shell:Skip shell extension 'powershell' for command environment: Not usable outside of PowerShell
[2.521s] DEBUG:colcon.colcon_core.shell:Skip shell extension 'dsv' for command environment
[2.615s] INFO:colcon.colcon_ros.task.ament_cmake.build:Building ROS package in '/home/qty/ros2_ws/src/articubot_one' with build type 'ament_cmake'
[2.616s] INFO:colcon.colcon_cmake.task.cmake.build:Building CMake package in '/home/qty/ros2_ws/src/articubot_one'
[2.645s] INFO:colcon.colcon_core.shell:Skip shell extension 'powershell' for command environment: Not usable outside of PowerShell
[2.645s] DEBUG:colcon.colcon_core.shell:Skip shell extension 'dsv' for command environment
[2.736s] INFO:colcon.colcon_ros.task.ament_python.build:Building ROS package in '/home/qty/ros2_ws/src/hoverBoardController' with build type 'ament_python'
[2.736s] Level 1:colcon.colcon_core.shell:create_environment_hook('hoverBoardController', 'ament_prefix_path')
[2.766s] INFO:colcon.colcon_core.shell:Creating environment hook '/home/qty/ros2_ws/install/hoverBoardController/share/hoverBoardController/hook/ament_prefix_path.ps1'
[2.767s] INFO:colcon.colcon_core.shell:Creating environment descriptor '/home/qty/ros2_ws/install/hoverBoardController/share/hoverBoardController/hook/ament_prefix_path.dsv'
[2.767s] INFO:colcon.colcon_core.shell:Creating environment hook '/home/qty/ros2_ws/install/hoverBoardController/share/hoverBoardController/hook/ament_prefix_path.sh'
[2.796s] INFO:colcon.colcon_core.shell:Skip shell extension 'powershell' for command environment: Not usable outside of PowerShell
[2.796s] DEBUG:colcon.colcon_core.shell:Skip shell extension 'dsv' for command environment
[2.887s] INFO:colcon.colcon_ros.task.ament_cmake.build:Building ROS package in '/home/qty/ros2_ws/src/rplidar_ros2' with build type 'ament_cmake'
[2.887s] INFO:colcon.colcon_cmake.task.cmake.build:Building CMake package in '/home/qty/ros2_ws/src/rplidar_ros2'
[2.918s] INFO:colcon.colcon_core.shell:Skip shell extension 'powershell' for command environment: Not usable outside of PowerShell
[2.918s] DEBUG:colcon.colcon_core.shell:Skip shell extension 'dsv' for command environment
[3.008s] INFO:colcon.colcon_ros.task.ament_cmake.build:Building ROS package in '/home/qty/ros2_ws/src/slam_toolbox' with build type 'ament_cmake'
[3.008s] INFO:colcon.colcon_cmake.task.cmake.build:Building CMake package in '/home/qty/ros2_ws/src/slam_toolbox'
[3.038s] INFO:colcon.colcon_core.shell:Skip shell extension 'powershell' for command environment: Not usable outside of PowerShell
[3.038s] DEBUG:colcon.colcon_core.shell:Skip shell extension 'dsv' for command environment
[3.134s] DEBUG:colcon.colcon_core.event_handler.log_command:Invoking command in '/home/qty/ros2_ws/build/csm': CMAKE_PREFIX_PATH=${CMAKE_PREFIX_PATH}:/home/qty/ros2_ws/install/hoverBoardController:/home/qty/ros2_ws/install/examples_rclpy_minimal_subscriber:/home/qty/ros2_ws/install/examples_rclpy_minimal_service:/home/qty/ros2_ws/install/examples_rclpy_minimal_publisher:/home/qty/ros2_ws/install/examples_rclpy_minimal_client:/home/qty/ros2_ws/install/examples_rclpy_minimal_action_server:/home/qty/ros2_ws/install/examples_rclpy_minimal_action_client:/home/qty/ros2_ws/install/examples_rclpy_executors:/opt/ros/foxy /usr/bin/cmake --build /home/qty/ros2_ws/build/csm -- -j16 -l16
[3.138s] DEBUG:colcon.colcon_core.event_handler.log_command:Invoking command in '/home/qty/ros2_ws/build/articubot_one': CMAKE_PREFIX_PATH=${CMAKE_PREFIX_PATH}:/home/qty/ros2_ws/install/hoverBoardController:/home/qty/ros2_ws/install/examples_rclpy_minimal_subscriber:/home/qty/ros2_ws/install/examples_rclpy_minimal_service:/home/qty/ros2_ws/install/examples_rclpy_minimal_publisher:/home/qty/ros2_ws/install/examples_rclpy_minimal_client:/home/qty/ros2_ws/install/examples_rclpy_minimal_action_server:/home/qty/ros2_ws/install/examples_rclpy_minimal_action_client:/home/qty/ros2_ws/install/examples_rclpy_executors:/opt/ros/foxy /usr/bin/cmake --build /home/qty/ros2_ws/build/articubot_one -- -j16 -l16
[3.317s] INFO:colcon.colcon_core.task.python.build:Building Python package in '/home/qty/ros2_ws/src/hoverBoardController'
[3.346s] INFO:colcon.colcon_core.shell:Skip shell extension 'powershell' for command environment: Not usable outside of PowerShell
[3.346s] DEBUG:colcon.colcon_core.shell:Skip shell extension 'dsv' for command environment
[3.439s] DEBUG:colcon.colcon_core.event_handler.log_command:Invoking command in '/home/qty/ros2_ws/build/rplidar_ros': CMAKE_PREFIX_PATH=${CMAKE_PREFIX_PATH}:/home/qty/ros2_ws/install/hoverBoardController:/home/qty/ros2_ws/install/examples_rclpy_minimal_subscriber:/home/qty/ros2_ws/install/examples_rclpy_minimal_service:/home/qty/ros2_ws/install/examples_rclpy_minimal_publisher:/home/qty/ros2_ws/install/examples_rclpy_minimal_client:/home/qty/ros2_ws/install/examples_rclpy_minimal_action_server:/home/qty/ros2_ws/install/examples_rclpy_minimal_action_client:/home/qty/ros2_ws/install/examples_rclpy_executors:/opt/ros/foxy /usr/bin/cmake --build /home/qty/ros2_ws/build/rplidar_ros -- -j16 -l16
[3.441s] DEBUG:colcon.colcon_core.event_handler.log_command:Invoking command in '/home/qty/ros2_ws/build/slam_toolbox': CMAKE_PREFIX_PATH=${CMAKE_PREFIX_PATH}:/home/qty/ros2_ws/install/hoverBoardController:/home/qty/ros2_ws/install/examples_rclpy_minimal_subscriber:/home/qty/ros2_ws/install/examples_rclpy_minimal_service:/home/qty/ros2_ws/install/examples_rclpy_minimal_publisher:/home/qty/ros2_ws/install/examples_rclpy_minimal_client:/home/qty/ros2_ws/install/examples_rclpy_minimal_action_server:/home/qty/ros2_ws/install/examples_rclpy_minimal_action_client:/home/qty/ros2_ws/install/examples_rclpy_executors:/opt/ros/foxy /usr/bin/cmake --build /home/qty/ros2_ws/build/slam_toolbox -- -j16 -l16
[3.444s] DEBUG:colcon.colcon_core.event_handler.log_command:Invoked command in '/home/qty/ros2_ws/build/csm' returned '0': CMAKE_PREFIX_PATH=${CMAKE_PREFIX_PATH}:/home/qty/ros2_ws/install/hoverBoardController:/home/qty/ros2_ws/install/examples_rclpy_minimal_subscriber:/home/qty/ros2_ws/install/examples_rclpy_minimal_service:/home/qty/ros2_ws/install/examples_rclpy_minimal_publisher:/home/qty/ros2_ws/install/examples_rclpy_minimal_client:/home/qty/ros2_ws/install/examples_rclpy_minimal_action_server:/home/qty/ros2_ws/install/examples_rclpy_minimal_action_client:/home/qty/ros2_ws/install/examples_rclpy_executors:/opt/ros/foxy /usr/bin/cmake --build /home/qty/ros2_ws/build/csm -- -j16 -l16
[3.447s] DEBUG:colcon.colcon_core.event_handler.log_command:Invoked command in '/home/qty/ros2_ws/build/articubot_one' returned '0': CMAKE_PREFIX_PATH=${CMAKE_PREFIX_PATH}:/home/qty/ros2_ws/install/hoverBoardController:/home/qty/ros2_ws/install/examples_rclpy_minimal_subscriber:/home/qty/ros2_ws/install/examples_rclpy_minimal_service:/home/qty/ros2_ws/install/examples_rclpy_minimal_publisher:/home/qty/ros2_ws/install/examples_rclpy_minimal_client:/home/qty/ros2_ws/install/examples_rclpy_minimal_action_server:/home/qty/ros2_ws/install/examples_rclpy_minimal_action_client:/home/qty/ros2_ws/install/examples_rclpy_executors:/opt/ros/foxy /usr/bin/cmake --build /home/qty/ros2_ws/build/articubot_one -- -j16 -l16
[3.472s] DEBUG:colcon.colcon_core.event_handler.log_command:Invoking command in '/home/qty/ros2_ws/build/articubot_one': CMAKE_PREFIX_PATH=${CMAKE_PREFIX_PATH}:/home/qty/ros2_ws/install/hoverBoardController:/home/qty/ros2_ws/install/examples_rclpy_minimal_subscriber:/home/qty/ros2_ws/install/examples_rclpy_minimal_service:/home/qty/ros2_ws/install/examples_rclpy_minimal_publisher:/home/qty/ros2_ws/install/examples_rclpy_minimal_client:/home/qty/ros2_ws/install/examples_rclpy_minimal_action_server:/home/qty/ros2_ws/install/examples_rclpy_minimal_action_client:/home/qty/ros2_ws/install/examples_rclpy_executors:/opt/ros/foxy /usr/bin/cmake --install /home/qty/ros2_ws/build/articubot_one
[3.490s] DEBUG:colcon.colcon_core.event_handler.log_command:Invoking command in '/home/qty/ros2_ws/build/csm': CMAKE_PREFIX_PATH=${CMAKE_PREFIX_PATH}:/home/qty/ros2_ws/install/hoverBoardController:/home/qty/ros2_ws/install/examples_rclpy_minimal_subscriber:/home/qty/ros2_ws/install/examples_rclpy_minimal_service:/home/qty/ros2_ws/install/examples_rclpy_minimal_publisher:/home/qty/ros2_ws/install/examples_rclpy_minimal_client:/home/qty/ros2_ws/install/examples_rclpy_minimal_action_server:/home/qty/ros2_ws/install/examples_rclpy_minimal_action_client:/home/qty/ros2_ws/install/examples_rclpy_executors:/opt/ros/foxy /usr/bin/cmake --install /home/qty/ros2_ws/build/csm
[3.495s] Level 1:colcon.colcon_core.environment:create_environment_scripts_only(articubot_one)
[3.496s] DEBUG:colcon.colcon_core.event_handler.log_command:Invoked command in '/home/qty/ros2_ws/build/articubot_one' returned '0': CMAKE_PREFIX_PATH=${CMAKE_PREFIX_PATH}:/home/qty/ros2_ws/install/hoverBoardController:/home/qty/ros2_ws/install/examples_rclpy_minimal_subscriber:/home/qty/ros2_ws/install/examples_rclpy_minimal_service:/home/qty/ros2_ws/install/examples_rclpy_minimal_publisher:/home/qty/ros2_ws/install/examples_rclpy_minimal_client:/home/qty/ros2_ws/install/examples_rclpy_minimal_action_server:/home/qty/ros2_ws/install/examples_rclpy_minimal_action_client:/home/qty/ros2_ws/install/examples_rclpy_executors:/opt/ros/foxy /usr/bin/cmake --install /home/qty/ros2_ws/build/articubot_one
[3.540s] Level 1:colcon.colcon_core.environment:checking '/home/qty/ros2_ws/install/articubot_one' for CMake module files
[3.540s] Level 1:colcon.colcon_core.environment:checking '/home/qty/ros2_ws/install/articubot_one' for CMake config files
[3.540s] Level 1:colcon.colcon_core.shell:create_environment_hook('articubot_one', 'cmake_prefix_path')
[3.573s] INFO:colcon.colcon_core.shell:Creating environment hook '/home/qty/ros2_ws/install/articubot_one/share/articubot_one/hook/cmake_prefix_path.ps1'
[3.574s] INFO:colcon.colcon_core.shell:Creating environment descriptor '/home/qty/ros2_ws/install/articubot_one/share/articubot_one/hook/cmake_prefix_path.dsv'
[3.574s] INFO:colcon.colcon_core.shell:Creating environment hook '/home/qty/ros2_ws/install/articubot_one/share/articubot_one/hook/cmake_prefix_path.sh'
[3.575s] Level 1:colcon.colcon_core.environment:checking '/home/qty/ros2_ws/install/articubot_one/bin'
[3.575s] Level 1:colcon.colcon_core.environment:checking '/home/qty/ros2_ws/install/articubot_one/lib/pkgconfig/articubot_one.pc'
[3.575s] Level 1:colcon.colcon_core.environment:checking '/home/qty/ros2_ws/install/articubot_one/lib/python3.8/site-packages'
[3.575s] Level 1:colcon.colcon_core.environment:checking '/home/qty/ros2_ws/install/articubot_one/bin'
[3.617s] INFO:colcon.colcon_core.shell:Creating package script '/home/qty/ros2_ws/install/articubot_one/share/articubot_one/package.ps1'
[3.617s] INFO:colcon.colcon_core.shell:Creating package descriptor '/home/qty/ros2_ws/install/articubot_one/share/articubot_one/package.dsv'
[3.618s] INFO:colcon.colcon_core.shell:Creating package script '/home/qty/ros2_ws/install/articubot_one/share/articubot_one/package.sh'
[3.618s] INFO:colcon.colcon_core.shell:Creating package script '/home/qty/ros2_ws/install/articubot_one/share/articubot_one/package.bash'
[3.619s] INFO:colcon.colcon_core.shell:Creating package script '/home/qty/ros2_ws/install/articubot_one/share/articubot_one/package.zsh'
[3.619s] Level 1:colcon.colcon_core.environment:create_file_with_runtime_dependencies(/home/qty/ros2_ws/install/articubot_one/share/colcon-core/packages/articubot_one)
[3.623s] Level 1:colcon.colcon_core.environment:create_environment_scripts_only(csm)
[3.624s] DEBUG:colcon.colcon_core.event_handler.log_command:Invoked command in '/home/qty/ros2_ws/build/csm' returned '0': CMAKE_PREFIX_PATH=${CMAKE_PREFIX_PATH}:/home/qty/ros2_ws/install/hoverBoardController:/home/qty/ros2_ws/install/examples_rclpy_minimal_subscriber:/home/qty/ros2_ws/install/examples_rclpy_minimal_service:/home/qty/ros2_ws/install/examples_rclpy_minimal_publisher:/home/qty/ros2_ws/install/examples_rclpy_minimal_client:/home/qty/ros2_ws/install/examples_rclpy_minimal_action_server:/home/qty/ros2_ws/install/examples_rclpy_minimal_action_client:/home/qty/ros2_ws/install/examples_rclpy_executors:/opt/ros/foxy /usr/bin/cmake --install /home/qty/ros2_ws/build/csm
[3.663s] Level 1:colcon.colcon_core.environment:checking '/home/qty/ros2_ws/install/csm' for CMake module files
[3.664s] Level 1:colcon.colcon_core.environment:checking '/home/qty/ros2_ws/install/csm' for CMake config files
[3.664s] Level 1:colcon.colcon_core.shell:create_environment_hook('csm', 'cmake_prefix_path')
[3.708s] INFO:colcon.colcon_core.shell:Creating environment hook '/home/qty/ros2_ws/install/csm/share/csm/hook/cmake_prefix_path.ps1'
[3.709s] INFO:colcon.colcon_core.shell:Creating environment descriptor '/home/qty/ros2_ws/install/csm/share/csm/hook/cmake_prefix_path.dsv'
[3.709s] INFO:colcon.colcon_core.shell:Creating environment hook '/home/qty/ros2_ws/install/csm/share/csm/hook/cmake_prefix_path.sh'
[3.709s] Level 1:colcon.colcon_core.environment:checking '/home/qty/ros2_ws/install/csm/lib'
[3.709s] Level 1:colcon.colcon_core.shell:create_environment_hook('csm', 'ld_library_path_lib')
[3.741s] INFO:colcon.colcon_core.shell:Creating environment hook '/home/qty/ros2_ws/install/csm/share/csm/hook/ld_library_path_lib.ps1'
[3.741s] INFO:colcon.colcon_core.shell:Creating environment descriptor '/home/qty/ros2_ws/install/csm/share/csm/hook/ld_library_path_lib.dsv'
[3.741s] INFO:colcon.colcon_core.shell:Creating environment hook '/home/qty/ros2_ws/install/csm/share/csm/hook/ld_library_path_lib.sh'
[3.742s] Level 1:colcon.colcon_core.environment:checking '/home/qty/ros2_ws/install/csm/bin'
[3.742s] Level 1:colcon.colcon_core.environment:checking '/home/qty/ros2_ws/install/csm/lib/pkgconfig/csm.pc'
[3.742s] Level 1:colcon.colcon_core.environment:checking '/home/qty/ros2_ws/install/csm/lib/python3.8/site-packages'
[3.742s] Level 1:colcon.colcon_core.environment:checking '/home/qty/ros2_ws/install/csm/bin'
[3.773s] INFO:colcon.colcon_core.shell:Creating package script '/home/qty/ros2_ws/install/csm/share/csm/package.ps1'
[3.773s] INFO:colcon.colcon_core.shell:Creating package descriptor '/home/qty/ros2_ws/install/csm/share/csm/package.dsv'
[3.774s] INFO:colcon.colcon_core.shell:Creating package script '/home/qty/ros2_ws/install/csm/share/csm/package.sh'
[3.774s] INFO:colcon.colcon_core.shell:Creating package script '/home/qty/ros2_ws/install/csm/share/csm/package.bash'
[3.774s] INFO:colcon.colcon_core.shell:Creating package script '/home/qty/ros2_ws/install/csm/share/csm/package.zsh'
[3.774s] Level 1:colcon.colcon_core.environment:create_file_with_runtime_dependencies(/home/qty/ros2_ws/install/csm/share/colcon-core/packages/csm)
[3.809s] Level 1:colcon.colcon_core.environment:create_environment_scripts_only(articubot_one)
[3.840s] Level 1:colcon.colcon_core.environment:checking '/home/qty/ros2_ws/install/articubot_one' for CMake module files
[3.840s] Level 1:colcon.colcon_core.environment:checking '/home/qty/ros2_ws/install/articubot_one' for CMake config files
[3.840s] Level 1:colcon.colcon_core.shell:create_environment_hook('articubot_one', 'cmake_prefix_path')
[3.870s] INFO:colcon.colcon_core.shell:Creating environment hook '/home/qty/ros2_ws/install/articubot_one/share/articubot_one/hook/cmake_prefix_path.ps1'
[3.870s] INFO:colcon.colcon_core.shell:Creating environment descriptor '/home/qty/ros2_ws/install/articubot_one/share/articubot_one/hook/cmake_prefix_path.dsv'
[3.871s] INFO:colcon.colcon_core.shell:Creating environment hook '/home/qty/ros2_ws/install/articubot_one/share/articubot_one/hook/cmake_prefix_path.sh'
[3.871s] Level 1:colcon.colcon_core.environment:checking '/home/qty/ros2_ws/install/articubot_one/bin'
[3.871s] Level 1:colcon.colcon_core.environment:checking '/home/qty/ros2_ws/install/articubot_one/lib/pkgconfig/articubot_one.pc'
[3.871s] Level 1:colcon.colcon_core.environment:checking '/home/qty/ros2_ws/install/articubot_one/lib/python3.8/site-packages'
[3.871s] Level 1:colcon.colcon_core.environment:checking '/home/qty/ros2_ws/install/articubot_one/bin'
[3.902s] INFO:colcon.colcon_core.shell:Creating package script '/home/qty/ros2_ws/install/articubot_one/share/articubot_one/package.ps1'
[3.902s] INFO:colcon.colcon_core.shell:Creating package descriptor '/home/qty/ros2_ws/install/articubot_one/share/articubot_one/package.dsv'
[3.902s] INFO:colcon.colcon_core.shell:Creating package script '/home/qty/ros2_ws/install/articubot_one/share/articubot_one/package.sh'
[3.903s] INFO:colcon.colcon_core.shell:Creating package script '/home/qty/ros2_ws/install/articubot_one/share/articubot_one/package.bash'
[3.903s] INFO:colcon.colcon_core.shell:Creating package script '/home/qty/ros2_ws/install/articubot_one/share/articubot_one/package.zsh'
[3.903s] Level 1:colcon.colcon_core.environment:create_file_with_runtime_dependencies(/home/qty/ros2_ws/install/articubot_one/share/colcon-core/packages/articubot_one)
[3.904s] DEBUG:colcon.colcon_core.event_handler.log_command:Invoked command in '/home/qty/ros2_ws/build/slam_toolbox' returned '0': CMAKE_PREFIX_PATH=${CMAKE_PREFIX_PATH}:/home/qty/ros2_ws/install/hoverBoardController:/home/qty/ros2_ws/install/examples_rclpy_minimal_subscriber:/home/qty/ros2_ws/install/examples_rclpy_minimal_service:/home/qty/ros2_ws/install/examples_rclpy_minimal_publisher:/home/qty/ros2_ws/install/examples_rclpy_minimal_client:/home/qty/ros2_ws/install/examples_rclpy_minimal_action_server:/home/qty/ros2_ws/install/examples_rclpy_minimal_action_client:/home/qty/ros2_ws/install/examples_rclpy_executors:/opt/ros/foxy /usr/bin/cmake --build /home/qty/ros2_ws/build/slam_toolbox -- -j16 -l16
[3.908s] DEBUG:colcon.colcon_core.event_handler.log_command:Invoking command in '/home/qty/ros2_ws/build/hoverBoardController': PYTHONPATH=/home/qty/ros2_ws/build/hoverBoardController/prefix_override:/home/qty/ros2_ws/install/hoverBoardController/lib/python3.8/site-packages:${PYTHONPATH} /usr/bin/python3 setup.py develop --editable --build-directory /home/qty/ros2_ws/build/hoverBoardController/build --no-deps install_data
[3.943s] Level 1:colcon.colcon_core.environment:create_environment_scripts_only(csm)
[3.974s] Level 1:colcon.colcon_core.environment:checking '/home/qty/ros2_ws/install/csm' for CMake module files
[3.974s] Level 1:colcon.colcon_core.environment:checking '/home/qty/ros2_ws/install/csm' for CMake config files
[3.974s] Level 1:colcon.colcon_core.shell:create_environment_hook('csm', 'cmake_prefix_path')
[4.005s] INFO:colcon.colcon_core.shell:Creating environment hook '/home/qty/ros2_ws/install/csm/share/csm/hook/cmake_prefix_path.ps1'
[4.006s] INFO:colcon.colcon_core.shell:Creating environment descriptor '/home/qty/ros2_ws/install/csm/share/csm/hook/cmake_prefix_path.dsv'
[4.006s] INFO:colcon.colcon_core.shell:Creating environment hook '/home/qty/ros2_ws/install/csm/share/csm/hook/cmake_prefix_path.sh'
[4.006s] Level 1:colcon.colcon_core.environment:checking '/home/qty/ros2_ws/install/csm/lib'
[4.006s] Level 1:colcon.colcon_core.shell:create_environment_hook('csm', 'ld_library_path_lib')
[4.039s] INFO:colcon.colcon_core.shell:Creating environment hook '/home/qty/ros2_ws/install/csm/share/csm/hook/ld_library_path_lib.ps1'
[4.039s] INFO:colcon.colcon_core.shell:Creating environment descriptor '/home/qty/ros2_ws/install/csm/share/csm/hook/ld_library_path_lib.dsv'
[4.040s] INFO:colcon.colcon_core.shell:Creating environment hook '/home/qty/ros2_ws/install/csm/share/csm/hook/ld_library_path_lib.sh'
[4.040s] Level 1:colcon.colcon_core.environment:checking '/home/qty/ros2_ws/install/csm/bin'
[4.040s] Level 1:colcon.colcon_core.environment:checking '/home/qty/ros2_ws/install/csm/lib/pkgconfig/csm.pc'
[4.040s] Level 1:colcon.colcon_core.environment:checking '/home/qty/ros2_ws/install/csm/lib/python3.8/site-packages'
[4.040s] Level 1:colcon.colcon_core.environment:checking '/home/qty/ros2_ws/install/csm/bin'
[4.071s] INFO:colcon.colcon_core.shell:Creating package script '/home/qty/ros2_ws/install/csm/share/csm/package.ps1'
[4.071s] INFO:colcon.colcon_core.shell:Creating package descriptor '/home/qty/ros2_ws/install/csm/share/csm/package.dsv'
[4.072s] INFO:colcon.colcon_core.shell:Creating package script '/home/qty/ros2_ws/install/csm/share/csm/package.sh'
[4.072s] INFO:colcon.colcon_core.shell:Creating package script '/home/qty/ros2_ws/install/csm/share/csm/package.bash'
[4.072s] INFO:colcon.colcon_core.shell:Creating package script '/home/qty/ros2_ws/install/csm/share/csm/package.zsh'
[4.072s] Level 1:colcon.colcon_core.environment:create_file_with_runtime_dependencies(/home/qty/ros2_ws/install/csm/share/colcon-core/packages/csm)
[4.073s] INFO:colcon.colcon_ros.task.ament_cmake.build:Building ROS package in '/home/qty/ros2_ws/src/ros2_laser_scan_matcher' with build type 'ament_cmake'
[4.073s] INFO:colcon.colcon_cmake.task.cmake.build:Building CMake package in '/home/qty/ros2_ws/src/ros2_laser_scan_matcher'
[4.107s] INFO:colcon.colcon_core.shell:Skip shell extension 'powershell' for command environment: Not usable outside of PowerShell
[4.107s] DEBUG:colcon.colcon_core.shell:Skip shell extension 'dsv' for command environment
[4.205s] DEBUG:colcon.colcon_core.event_handler.log_command:Invoking command in '/home/qty/ros2_ws/build/slam_toolbox': CMAKE_PREFIX_PATH=${CMAKE_PREFIX_PATH}:/home/qty/ros2_ws/install/hoverBoardController:/home/qty/ros2_ws/install/examples_rclpy_minimal_subscriber:/home/qty/ros2_ws/install/examples_rclpy_minimal_service:/home/qty/ros2_ws/install/examples_rclpy_minimal_publisher:/home/qty/ros2_ws/install/examples_rclpy_minimal_client:/home/qty/ros2_ws/install/examples_rclpy_minimal_action_server:/home/qty/ros2_ws/install/examples_rclpy_minimal_action_client:/home/qty/ros2_ws/install/examples_rclpy_executors:/opt/ros/foxy /usr/bin/cmake --install /home/qty/ros2_ws/build/slam_toolbox
[4.210s] DEBUG:colcon.colcon_core.event_handler.log_command:Invoking command in '/home/qty/ros2_ws/build/ros2_laser_scan_matcher': CMAKE_PREFIX_PATH=/home/qty/ros2_ws/install/csm:/home/qty/ros2_ws/install/slam_toolbox:/home/qty/ros2_ws/install/turtlesim:/home/qty/ros2_ws/install/rplidar_ros:/home/qty/ros2_ws/install/ros2_laser_scan_matcher:/home/qty/ros2_ws/install/examples_rclcpp_multithreaded_executor:/home/qty/ros2_ws/install/examples_rclcpp_minimal_timer:/home/qty/ros2_ws/install/examples_rclcpp_minimal_subscriber:/home/qty/ros2_ws/install/examples_rclcpp_minimal_service:/home/qty/ros2_ws/install/examples_rclcpp_minimal_publisher:/home/qty/ros2_ws/install/examples_rclcpp_minimal_composition:/home/qty/ros2_ws/install/examples_rclcpp_minimal_client:/home/qty/ros2_ws/install/examples_rclcpp_minimal_action_server:/home/qty/ros2_ws/install/examples_rclcpp_minimal_action_client:/home/qty/ros2_ws/install/articubot_one:/home/qty/ros2_ws/install/hoverBoardController:/home/qty/ros2_ws/install/examples_rclpy_minimal_subscriber:/home/qty/ros2_ws/install/examples_rclpy_minimal_service:/home/qty/ros2_ws/install/examples_rclpy_minimal_publisher:/home/qty/ros2_ws/install/examples_rclpy_minimal_client:/home/qty/ros2_ws/install/examples_rclpy_minimal_action_server:/home/qty/ros2_ws/install/examples_rclpy_minimal_action_client:/home/qty/ros2_ws/install/examples_rclpy_executors:/opt/ros/foxy LD_LIBRARY_PATH=/home/qty/ros2_ws/install/csm/lib:/home/qty/ros2_ws/install/slam_toolbox/lib:/home/qty/ros2_ws/install/turtlesim/lib:/home/qty/ros2_ws/install/rplidar_ros/lib:/home/qty/ros2_ws/install/examples_rclcpp_minimal_composition/lib:/usr/lib/x86_64-linux-gnu/gazebo-11/plugins:/opt/ros/foxy/opt/yaml_cpp_vendor/lib:/opt/ros/foxy/opt/rviz_ogre_vendor/lib:/opt/ros/foxy/lib/x86_64-linux-gnu:/opt/ros/foxy/lib /usr/bin/cmake --build /home/qty/ros2_ws/build/ros2_laser_scan_matcher -- -j16 -l16
[4.269s] DEBUG:colcon.colcon_core.event_handler.log_command:Invoked command in '/home/qty/ros2_ws/build/ros2_laser_scan_matcher' returned '0': CMAKE_PREFIX_PATH=/home/qty/ros2_ws/install/csm:/home/qty/ros2_ws/install/slam_toolbox:/home/qty/ros2_ws/install/turtlesim:/home/qty/ros2_ws/install/rplidar_ros:/home/qty/ros2_ws/install/ros2_laser_scan_matcher:/home/qty/ros2_ws/install/examples_rclcpp_multithreaded_executor:/home/qty/ros2_ws/install/examples_rclcpp_minimal_timer:/home/qty/ros2_ws/install/examples_rclcpp_minimal_subscriber:/home/qty/ros2_ws/install/examples_rclcpp_minimal_service:/home/qty/ros2_ws/install/examples_rclcpp_minimal_publisher:/home/qty/ros2_ws/install/examples_rclcpp_minimal_composition:/home/qty/ros2_ws/install/examples_rclcpp_minimal_client:/home/qty/ros2_ws/install/examples_rclcpp_minimal_action_server:/home/qty/ros2_ws/install/examples_rclcpp_minimal_action_client:/home/qty/ros2_ws/install/articubot_one:/home/qty/ros2_ws/install/hoverBoardController:/home/qty/ros2_ws/install/examples_rclpy_minimal_subscriber:/home/qty/ros2_ws/install/examples_rclpy_minimal_service:/home/qty/ros2_ws/install/examples_rclpy_minimal_publisher:/home/qty/ros2_ws/install/examples_rclpy_minimal_client:/home/qty/ros2_ws/install/examples_rclpy_minimal_action_server:/home/qty/ros2_ws/install/examples_rclpy_minimal_action_client:/home/qty/ros2_ws/install/examples_rclpy_executors:/opt/ros/foxy LD_LIBRARY_PATH=/home/qty/ros2_ws/install/csm/lib:/home/qty/ros2_ws/install/slam_toolbox/lib:/home/qty/ros2_ws/install/turtlesim/lib:/home/qty/ros2_ws/install/rplidar_ros/lib:/home/qty/ros2_ws/install/examples_rclcpp_minimal_composition/lib:/usr/lib/x86_64-linux-gnu/gazebo-11/plugins:/opt/ros/foxy/opt/yaml_cpp_vendor/lib:/opt/ros/foxy/opt/rviz_ogre_vendor/lib:/opt/ros/foxy/lib/x86_64-linux-gnu:/opt/ros/foxy/lib /usr/bin/cmake --build /home/qty/ros2_ws/build/ros2_laser_scan_matcher -- -j16 -l16
[4.289s] DEBUG:colcon.colcon_core.event_handler.log_command:Invoking command in '/home/qty/ros2_ws/build/ros2_laser_scan_matcher': CMAKE_PREFIX_PATH=/home/qty/ros2_ws/install/csm:/home/qty/ros2_ws/install/slam_toolbox:/home/qty/ros2_ws/install/turtlesim:/home/qty/ros2_ws/install/rplidar_ros:/home/qty/ros2_ws/install/ros2_laser_scan_matcher:/home/qty/ros2_ws/install/examples_rclcpp_multithreaded_executor:/home/qty/ros2_ws/install/examples_rclcpp_minimal_timer:/home/qty/ros2_ws/install/examples_rclcpp_minimal_subscriber:/home/qty/ros2_ws/install/examples_rclcpp_minimal_service:/home/qty/ros2_ws/install/examples_rclcpp_minimal_publisher:/home/qty/ros2_ws/install/examples_rclcpp_minimal_composition:/home/qty/ros2_ws/install/examples_rclcpp_minimal_client:/home/qty/ros2_ws/install/examples_rclcpp_minimal_action_server:/home/qty/ros2_ws/install/examples_rclcpp_minimal_action_client:/home/qty/ros2_ws/install/articubot_one:/home/qty/ros2_ws/install/hoverBoardController:/home/qty/ros2_ws/install/examples_rclpy_minimal_subscriber:/home/qty/ros2_ws/install/examples_rclpy_minimal_service:/home/qty/ros2_ws/install/examples_rclpy_minimal_publisher:/home/qty/ros2_ws/install/examples_rclpy_minimal_client:/home/qty/ros2_ws/install/examples_rclpy_minimal_action_server:/home/qty/ros2_ws/install/examples_rclpy_minimal_action_client:/home/qty/ros2_ws/install/examples_rclpy_executors:/opt/ros/foxy LD_LIBRARY_PATH=/home/qty/ros2_ws/install/csm/lib:/home/qty/ros2_ws/install/slam_toolbox/lib:/home/qty/ros2_ws/install/turtlesim/lib:/home/qty/ros2_ws/install/rplidar_ros/lib:/home/qty/ros2_ws/install/examples_rclcpp_minimal_composition/lib:/usr/lib/x86_64-linux-gnu/gazebo-11/plugins:/opt/ros/foxy/opt/yaml_cpp_vendor/lib:/opt/ros/foxy/opt/rviz_ogre_vendor/lib:/opt/ros/foxy/lib/x86_64-linux-gnu:/opt/ros/foxy/lib /usr/bin/cmake --install /home/qty/ros2_ws/build/ros2_laser_scan_matcher
[4.305s] Level 1:colcon.colcon_core.shell:create_environment_hook('hoverBoardController', 'pythonpath_develop')
[4.306s] DEBUG:colcon.colcon_core.event_handler.log_command:Invoked command in '/home/qty/ros2_ws/build/hoverBoardController' returned '0': PYTHONPATH=/home/qty/ros2_ws/build/hoverBoardController/prefix_override:/home/qty/ros2_ws/install/hoverBoardController/lib/python3.8/site-packages:${PYTHONPATH} /usr/bin/python3 setup.py develop --editable --build-directory /home/qty/ros2_ws/build/hoverBoardController/build --no-deps install_data
[4.338s] INFO:colcon.colcon_core.shell:Creating environment hook '/home/qty/ros2_ws/build/hoverBoardController/share/hoverBoardController/hook/pythonpath_develop.ps1'
[4.338s] INFO:colcon.colcon_core.shell:Creating environment descriptor '/home/qty/ros2_ws/build/hoverBoardController/share/hoverBoardController/hook/pythonpath_develop.dsv'
[4.338s] INFO:colcon.colcon_core.shell:Creating environment hook '/home/qty/ros2_ws/build/hoverBoardController/share/hoverBoardController/hook/pythonpath_develop.sh'
[4.369s] Level 1:colcon.colcon_core.environment:checking '/home/qty/ros2_ws/install/hoverBoardController' for CMake module files
[4.369s] Level 1:colcon.colcon_core.environment:checking '/home/qty/ros2_ws/install/hoverBoardController' for CMake config files
[4.370s] Level 1:colcon.colcon_core.environment:checking '/home/qty/ros2_ws/install/hoverBoardController/lib'
[4.370s] Level 1:colcon.colcon_core.environment:checking '/home/qty/ros2_ws/install/hoverBoardController/bin'
[4.370s] Level 1:colcon.colcon_core.environment:checking '/home/qty/ros2_ws/install/hoverBoardController/lib/pkgconfig/hoverBoardController.pc'
[4.370s] Level 1:colcon.colcon_core.environment:checking '/home/qty/ros2_ws/install/hoverBoardController/lib/python3.8/site-packages'
[4.370s] Level 1:colcon.colcon_core.shell:create_environment_hook('hoverBoardController', 'pythonpath')
[4.400s] INFO:colcon.colcon_core.shell:Creating environment hook '/home/qty/ros2_ws/install/hoverBoardController/share/hoverBoardController/hook/pythonpath.ps1'
[4.401s] INFO:colcon.colcon_core.shell:Creating environment descriptor '/home/qty/ros2_ws/install/hoverBoardController/share/hoverBoardController/hook/pythonpath.dsv'
[4.401s] INFO:colcon.colcon_core.shell:Creating environment hook '/home/qty/ros2_ws/install/hoverBoardController/share/hoverBoardController/hook/pythonpath.sh'
[4.401s] Level 1:colcon.colcon_core.environment:checking '/home/qty/ros2_ws/install/hoverBoardController/bin'
[4.401s] Level 1:colcon.colcon_core.environment:create_environment_scripts_only(hoverBoardController)
[4.432s] INFO:colcon.colcon_core.shell:Creating package script '/home/qty/ros2_ws/install/hoverBoardController/share/hoverBoardController/package.ps1'
[4.433s] INFO:colcon.colcon_core.shell:Creating package descriptor '/home/qty/ros2_ws/install/hoverBoardController/share/hoverBoardController/package.dsv'
[4.433s] INFO:colcon.colcon_core.shell:Creating package script '/home/qty/ros2_ws/install/hoverBoardController/share/hoverBoardController/package.sh'
[4.434s] INFO:colcon.colcon_core.shell:Creating package script '/home/qty/ros2_ws/install/hoverBoardController/share/hoverBoardController/package.bash'
[4.434s] INFO:colcon.colcon_core.shell:Creating package script '/home/qty/ros2_ws/install/hoverBoardController/share/hoverBoardController/package.zsh'
[4.434s] Level 1:colcon.colcon_core.environment:create_file_with_runtime_dependencies(/home/qty/ros2_ws/install/hoverBoardController/share/colcon-core/packages/hoverBoardController)
[4.436s] Level 1:colcon.colcon_core.environment:create_environment_scripts_only(ros2_laser_scan_matcher)
[4.436s] DEBUG:colcon.colcon_core.event_handler.log_command:Invoked command in '/home/qty/ros2_ws/build/ros2_laser_scan_matcher' returned '0': CMAKE_PREFIX_PATH=/home/qty/ros2_ws/install/csm:/home/qty/ros2_ws/install/slam_toolbox:/home/qty/ros2_ws/install/turtlesim:/home/qty/ros2_ws/install/rplidar_ros:/home/qty/ros2_ws/install/ros2_laser_scan_matcher:/home/qty/ros2_ws/install/examples_rclcpp_multithreaded_executor:/home/qty/ros2_ws/install/examples_rclcpp_minimal_timer:/home/qty/ros2_ws/install/examples_rclcpp_minimal_subscriber:/home/qty/ros2_ws/install/examples_rclcpp_minimal_service:/home/qty/ros2_ws/install/examples_rclcpp_minimal_publisher:/home/qty/ros2_ws/install/examples_rclcpp_minimal_composition:/home/qty/ros2_ws/install/examples_rclcpp_minimal_client:/home/qty/ros2_ws/install/examples_rclcpp_minimal_action_server:/home/qty/ros2_ws/install/examples_rclcpp_minimal_action_client:/home/qty/ros2_ws/install/articubot_one:/home/qty/ros2_ws/install/hoverBoardController:/home/qty/ros2_ws/install/examples_rclpy_minimal_subscriber:/home/qty/ros2_ws/install/examples_rclpy_minimal_service:/home/qty/ros2_ws/install/examples_rclpy_minimal_publisher:/home/qty/ros2_ws/install/examples_rclpy_minimal_client:/home/qty/ros2_ws/install/examples_rclpy_minimal_action_server:/home/qty/ros2_ws/install/examples_rclpy_minimal_action_client:/home/qty/ros2_ws/install/examples_rclpy_executors:/opt/ros/foxy LD_LIBRARY_PATH=/home/qty/ros2_ws/install/csm/lib:/home/qty/ros2_ws/install/slam_toolbox/lib:/home/qty/ros2_ws/install/turtlesim/lib:/home/qty/ros2_ws/install/rplidar_ros/lib:/home/qty/ros2_ws/install/examples_rclcpp_minimal_composition/lib:/usr/lib/x86_64-linux-gnu/gazebo-11/plugins:/opt/ros/foxy/opt/yaml_cpp_vendor/lib:/opt/ros/foxy/opt/rviz_ogre_vendor/lib:/opt/ros/foxy/lib/x86_64-linux-gnu:/opt/ros/foxy/lib /usr/bin/cmake --install /home/qty/ros2_ws/build/ros2_laser_scan_matcher
[4.467s] Level 1:colcon.colcon_core.environment:checking '/home/qty/ros2_ws/install/ros2_laser_scan_matcher' for CMake module files
[4.468s] Level 1:colcon.colcon_core.environment:checking '/home/qty/ros2_ws/install/ros2_laser_scan_matcher' for CMake config files
[4.468s] Level 1:colcon.colcon_core.shell:create_environment_hook('ros2_laser_scan_matcher', 'cmake_prefix_path')
[4.498s] INFO:colcon.colcon_core.shell:Creating environment hook '/home/qty/ros2_ws/install/ros2_laser_scan_matcher/share/ros2_laser_scan_matcher/hook/cmake_prefix_path.ps1'
[4.498s] INFO:colcon.colcon_core.shell:Creating environment descriptor '/home/qty/ros2_ws/install/ros2_laser_scan_matcher/share/ros2_laser_scan_matcher/hook/cmake_prefix_path.dsv'
[4.499s] INFO:colcon.colcon_core.shell:Creating environment hook '/home/qty/ros2_ws/install/ros2_laser_scan_matcher/share/ros2_laser_scan_matcher/hook/cmake_prefix_path.sh'
[4.499s] Level 1:colcon.colcon_core.environment:checking '/home/qty/ros2_ws/install/ros2_laser_scan_matcher/lib'
[4.499s] Level 1:colcon.colcon_core.environment:checking '/home/qty/ros2_ws/install/ros2_laser_scan_matcher/bin'
[4.499s] Level 1:colcon.colcon_core.environment:checking '/home/qty/ros2_ws/install/ros2_laser_scan_matcher/lib/pkgconfig/ros2_laser_scan_matcher.pc'
[4.499s] Level 1:colcon.colcon_core.environment:checking '/home/qty/ros2_ws/install/ros2_laser_scan_matcher/lib/python3.8/site-packages'
[4.499s] Level 1:colcon.colcon_core.environment:checking '/home/qty/ros2_ws/install/ros2_laser_scan_matcher/bin'
[4.530s] INFO:colcon.colcon_core.shell:Creating package script '/home/qty/ros2_ws/install/ros2_laser_scan_matcher/share/ros2_laser_scan_matcher/package.ps1'
[4.531s] INFO:colcon.colcon_core.shell:Creating package descriptor '/home/qty/ros2_ws/install/ros2_laser_scan_matcher/share/ros2_laser_scan_matcher/package.dsv'
[4.531s] INFO:colcon.colcon_core.shell:Creating package script '/home/qty/ros2_ws/install/ros2_laser_scan_matcher/share/ros2_laser_scan_matcher/package.sh'
[4.531s] INFO:colcon.colcon_core.shell:Creating package script '/home/qty/ros2_ws/install/ros2_laser_scan_matcher/share/ros2_laser_scan_matcher/package.bash'
[4.531s] INFO:colcon.colcon_core.shell:Creating package script '/home/qty/ros2_ws/install/ros2_laser_scan_matcher/share/ros2_laser_scan_matcher/package.zsh'
[4.532s] Level 1:colcon.colcon_core.environment:create_file_with_runtime_dependencies(/home/qty/ros2_ws/install/ros2_laser_scan_matcher/share/colcon-core/packages/ros2_laser_scan_matcher)
[4.534s] Level 1:colcon.colcon_core.environment:create_environment_scripts_only(slam_toolbox)
[4.534s] DEBUG:colcon.colcon_core.event_handler.log_command:Invoked command in '/home/qty/ros2_ws/build/slam_toolbox' returned '0': CMAKE_PREFIX_PATH=${CMAKE_PREFIX_PATH}:/home/qty/ros2_ws/install/hoverBoardController:/home/qty/ros2_ws/install/examples_rclpy_minimal_subscriber:/home/qty/ros2_ws/install/examples_rclpy_minimal_service:/home/qty/ros2_ws/install/examples_rclpy_minimal_publisher:/home/qty/ros2_ws/install/examples_rclpy_minimal_client:/home/qty/ros2_ws/install/examples_rclpy_minimal_action_server:/home/qty/ros2_ws/install/examples_rclpy_minimal_action_client:/home/qty/ros2_ws/install/examples_rclpy_executors:/opt/ros/foxy /usr/bin/cmake --install /home/qty/ros2_ws/build/slam_toolbox
[4.567s] Level 1:colcon.colcon_core.environment:checking '/home/qty/ros2_ws/install/slam_toolbox' for CMake module files
[4.567s] Level 1:colcon.colcon_core.environment:checking '/home/qty/ros2_ws/install/slam_toolbox' for CMake config files
[4.568s] Level 1:colcon.colcon_core.shell:create_environment_hook('slam_toolbox', 'cmake_prefix_path')
[4.599s] INFO:colcon.colcon_core.shell:Creating environment hook '/home/qty/ros2_ws/install/slam_toolbox/share/slam_toolbox/hook/cmake_prefix_path.ps1'
[4.600s] INFO:colcon.colcon_core.shell:Creating environment descriptor '/home/qty/ros2_ws/install/slam_toolbox/share/slam_toolbox/hook/cmake_prefix_path.dsv'
[4.600s] INFO:colcon.colcon_core.shell:Creating environment hook '/home/qty/ros2_ws/install/slam_toolbox/share/slam_toolbox/hook/cmake_prefix_path.sh'
[4.600s] Level 1:colcon.colcon_core.environment:checking '/home/qty/ros2_ws/install/slam_toolbox/lib'
[4.600s] Level 1:colcon.colcon_core.shell:create_environment_hook('slam_toolbox', 'ld_library_path_lib')
[4.630s] INFO:colcon.colcon_core.shell:Creating environment hook '/home/qty/ros2_ws/install/slam_toolbox/share/slam_toolbox/hook/ld_library_path_lib.ps1'
[4.630s] INFO:colcon.colcon_core.shell:Creating environment descriptor '/home/qty/ros2_ws/install/slam_toolbox/share/slam_toolbox/hook/ld_library_path_lib.dsv'
[4.630s] INFO:colcon.colcon_core.shell:Creating environment hook '/home/qty/ros2_ws/install/slam_toolbox/share/slam_toolbox/hook/ld_library_path_lib.sh'
[4.631s] Level 1:colcon.colcon_core.environment:checking '/home/qty/ros2_ws/install/slam_toolbox/bin'
[4.631s] Level 1:colcon.colcon_core.environment:checking '/home/qty/ros2_ws/install/slam_toolbox/lib/pkgconfig/slam_toolbox.pc'
[4.631s] Level 1:colcon.colcon_core.environment:checking '/home/qty/ros2_ws/install/slam_toolbox/lib/python3.8/site-packages'
[4.631s] Level 1:colcon.colcon_core.shell:create_environment_hook('slam_toolbox', 'pythonpath')
[4.660s] INFO:colcon.colcon_core.shell:Creating environment hook '/home/qty/ros2_ws/install/slam_toolbox/share/slam_toolbox/hook/pythonpath.ps1'
[4.661s] INFO:colcon.colcon_core.shell:Creating environment descriptor '/home/qty/ros2_ws/install/slam_toolbox/share/slam_toolbox/hook/pythonpath.dsv'
[4.661s] INFO:colcon.colcon_core.shell:Creating environment hook '/home/qty/ros2_ws/install/slam_toolbox/share/slam_toolbox/hook/pythonpath.sh'
[4.661s] Level 1:colcon.colcon_core.environment:checking '/home/qty/ros2_ws/install/slam_toolbox/bin'
[4.690s] INFO:colcon.colcon_core.shell:Creating package script '/home/qty/ros2_ws/install/slam_toolbox/share/slam_toolbox/package.ps1'
[4.691s] INFO:colcon.colcon_core.shell:Creating package descriptor '/home/qty/ros2_ws/install/slam_toolbox/share/slam_toolbox/package.dsv'
[4.691s] INFO:colcon.colcon_core.shell:Creating package script '/home/qty/ros2_ws/install/slam_toolbox/share/slam_toolbox/package.sh'
[4.691s] INFO:colcon.colcon_core.shell:Creating package script '/home/qty/ros2_ws/install/slam_toolbox/share/slam_toolbox/package.bash'
[4.692s] INFO:colcon.colcon_core.shell:Creating package script '/home/qty/ros2_ws/install/slam_toolbox/share/slam_toolbox/package.zsh'
[4.692s] Level 1:colcon.colcon_core.environment:create_file_with_runtime_dependencies(/home/qty/ros2_ws/install/slam_toolbox/share/colcon-core/packages/slam_toolbox)
[4.726s] Level 1:colcon.colcon_core.environment:create_environment_scripts_only(ros2_laser_scan_matcher)
[4.758s] Level 1:colcon.colcon_core.environment:checking '/home/qty/ros2_ws/install/ros2_laser_scan_matcher' for CMake module files
[4.758s] Level 1:colcon.colcon_core.environment:checking '/home/qty/ros2_ws/install/ros2_laser_scan_matcher' for CMake config files
[4.759s] Level 1:colcon.colcon_core.shell:create_environment_hook('ros2_laser_scan_matcher', 'cmake_prefix_path')
[4.789s] INFO:colcon.colcon_core.shell:Creating environment hook '/home/qty/ros2_ws/install/ros2_laser_scan_matcher/share/ros2_laser_scan_matcher/hook/cmake_prefix_path.ps1'
[4.790s] INFO:colcon.colcon_core.shell:Creating environment descriptor '/home/qty/ros2_ws/install/ros2_laser_scan_matcher/share/ros2_laser_scan_matcher/hook/cmake_prefix_path.dsv'
[4.790s] INFO:colcon.colcon_core.shell:Creating environment hook '/home/qty/ros2_ws/install/ros2_laser_scan_matcher/share/ros2_laser_scan_matcher/hook/cmake_prefix_path.sh'
[4.791s] Level 1:colcon.colcon_core.environment:checking '/home/qty/ros2_ws/install/ros2_laser_scan_matcher/lib'
[4.791s] Level 1:colcon.colcon_core.environment:checking '/home/qty/ros2_ws/install/ros2_laser_scan_matcher/bin'
[4.791s] Level 1:colcon.colcon_core.environment:checking '/home/qty/ros2_ws/install/ros2_laser_scan_matcher/lib/pkgconfig/ros2_laser_scan_matcher.pc'
[4.791s] Level 1:colcon.colcon_core.environment:checking '/home/qty/ros2_ws/install/ros2_laser_scan_matcher/lib/python3.8/site-packages'
[4.791s] Level 1:colcon.colcon_core.environment:checking '/home/qty/ros2_ws/install/ros2_laser_scan_matcher/bin'
[4.831s] INFO:colcon.colcon_core.shell:Creating package script '/home/qty/ros2_ws/install/ros2_laser_scan_matcher/share/ros2_laser_scan_matcher/package.ps1'
[4.831s] INFO:colcon.colcon_core.shell:Creating package descriptor '/home/qty/ros2_ws/install/ros2_laser_scan_matcher/share/ros2_laser_scan_matcher/package.dsv'
[4.831s] INFO:colcon.colcon_core.shell:Creating package script '/home/qty/ros2_ws/install/ros2_laser_scan_matcher/share/ros2_laser_scan_matcher/package.sh'
[4.832s] INFO:colcon.colcon_core.shell:Creating package script '/home/qty/ros2_ws/install/ros2_laser_scan_matcher/share/ros2_laser_scan_matcher/package.bash'
[4.832s] INFO:colcon.colcon_core.shell:Creating package script '/home/qty/ros2_ws/install/ros2_laser_scan_matcher/share/ros2_laser_scan_matcher/package.zsh'
[4.832s] Level 1:colcon.colcon_core.environment:create_file_with_runtime_dependencies(/home/qty/ros2_ws/install/ros2_laser_scan_matcher/share/colcon-core/packages/ros2_laser_scan_matcher)
[4.863s] Level 1:colcon.colcon_core.environment:create_environment_scripts_only(slam_toolbox)
[4.893s] Level 1:colcon.colcon_core.environment:checking '/home/qty/ros2_ws/install/slam_toolbox' for CMake module files
[4.893s] Level 1:colcon.colcon_core.environment:checking '/home/qty/ros2_ws/install/slam_toolbox' for CMake config files
[4.894s] Level 1:colcon.colcon_core.shell:create_environment_hook('slam_toolbox', 'cmake_prefix_path')
[4.924s] INFO:colcon.colcon_core.shell:Creating environment hook '/home/qty/ros2_ws/install/slam_toolbox/share/slam_toolbox/hook/cmake_prefix_path.ps1'
[4.924s] INFO:colcon.colcon_core.shell:Creating environment descriptor '/home/qty/ros2_ws/install/slam_toolbox/share/slam_toolbox/hook/cmake_prefix_path.dsv'
[4.925s] INFO:colcon.colcon_core.shell:Creating environment hook '/home/qty/ros2_ws/install/slam_toolbox/share/slam_toolbox/hook/cmake_prefix_path.sh'
[4.925s] Level 1:colcon.colcon_core.environment:checking '/home/qty/ros2_ws/install/slam_toolbox/lib'
[4.925s] Level 1:colcon.colcon_core.shell:create_environment_hook('slam_toolbox', 'ld_library_path_lib')
[4.955s] INFO:colcon.colcon_core.shell:Creating environment hook '/home/qty/ros2_ws/install/slam_toolbox/share/slam_toolbox/hook/ld_library_path_lib.ps1'
[4.956s] INFO:colcon.colcon_core.shell:Creating environment descriptor '/home/qty/ros2_ws/install/slam_toolbox/share/slam_toolbox/hook/ld_library_path_lib.dsv'
[4.956s] INFO:colcon.colcon_core.shell:Creating environment hook '/home/qty/ros2_ws/install/slam_toolbox/share/slam_toolbox/hook/ld_library_path_lib.sh'
[4.956s] Level 1:colcon.colcon_core.environment:checking '/home/qty/ros2_ws/install/slam_toolbox/bin'
[4.956s] Level 1:colcon.colcon_core.environment:checking '/home/qty/ros2_ws/install/slam_toolbox/lib/pkgconfig/slam_toolbox.pc'
[4.956s] Level 1:colcon.colcon_core.environment:checking '/home/qty/ros2_ws/install/slam_toolbox/lib/python3.8/site-packages'
[4.956s] Level 1:colcon.colcon_core.shell:create_environment_hook('slam_toolbox', 'pythonpath')
[4.985s] INFO:colcon.colcon_core.shell:Creating environment hook '/home/qty/ros2_ws/install/slam_toolbox/share/slam_toolbox/hook/pythonpath.ps1'
[4.985s] INFO:colcon.colcon_core.shell:Creating environment descriptor '/home/qty/ros2_ws/install/slam_toolbox/share/slam_toolbox/hook/pythonpath.dsv'
[4.985s] INFO:colcon.colcon_core.shell:Creating environment hook '/home/qty/ros2_ws/install/slam_toolbox/share/slam_toolbox/hook/pythonpath.sh'
[4.986s] Level 1:colcon.colcon_core.environment:checking '/home/qty/ros2_ws/install/slam_toolbox/bin'
[5.015s] INFO:colcon.colcon_core.shell:Creating package script '/home/qty/ros2_ws/install/slam_toolbox/share/slam_toolbox/package.ps1'
[5.016s] INFO:colcon.colcon_core.shell:Creating package descriptor '/home/qty/ros2_ws/install/slam_toolbox/share/slam_toolbox/package.dsv'
[5.016s] INFO:colcon.colcon_core.shell:Creating package script '/home/qty/ros2_ws/install/slam_toolbox/share/slam_toolbox/package.sh'
[5.016s] INFO:colcon.colcon_core.shell:Creating package script '/home/qty/ros2_ws/install/slam_toolbox/share/slam_toolbox/package.bash'
[5.016s] INFO:colcon.colcon_core.shell:Creating package script '/home/qty/ros2_ws/install/slam_toolbox/share/slam_toolbox/package.zsh'
[5.017s] Level 1:colcon.colcon_core.environment:create_file_with_runtime_dependencies(/home/qty/ros2_ws/install/slam_toolbox/share/colcon-core/packages/slam_toolbox)
[6.472s] DEBUG:colcon.colcon_core.event_handler.log_command:Invoked command in '/home/qty/ros2_ws/build/rplidar_ros' returned '0': CMAKE_PREFIX_PATH=${CMAKE_PREFIX_PATH}:/home/qty/ros2_ws/install/hoverBoardController:/home/qty/ros2_ws/install/examples_rclpy_minimal_subscriber:/home/qty/ros2_ws/install/examples_rclpy_minimal_service:/home/qty/ros2_ws/install/examples_rclpy_minimal_publisher:/home/qty/ros2_ws/install/examples_rclpy_minimal_client:/home/qty/ros2_ws/install/examples_rclpy_minimal_action_server:/home/qty/ros2_ws/install/examples_rclpy_minimal_action_client:/home/qty/ros2_ws/install/examples_rclpy_executors:/opt/ros/foxy /usr/bin/cmake --build /home/qty/ros2_ws/build/rplidar_ros -- -j16 -l16
[6.497s] DEBUG:colcon.colcon_core.event_handler.log_command:Invoking command in '/home/qty/ros2_ws/build/rplidar_ros': CMAKE_PREFIX_PATH=${CMAKE_PREFIX_PATH}:/home/qty/ros2_ws/install/hoverBoardController:/home/qty/ros2_ws/install/examples_rclpy_minimal_subscriber:/home/qty/ros2_ws/install/examples_rclpy_minimal_service:/home/qty/ros2_ws/install/examples_rclpy_minimal_publisher:/home/qty/ros2_ws/install/examples_rclpy_minimal_client:/home/qty/ros2_ws/install/examples_rclpy_minimal_action_server:/home/qty/ros2_ws/install/examples_rclpy_minimal_action_client:/home/qty/ros2_ws/install/examples_rclpy_executors:/opt/ros/foxy /usr/bin/cmake --install /home/qty/ros2_ws/build/rplidar_ros
[6.517s] Level 1:colcon.colcon_core.environment:create_environment_scripts_only(rplidar_ros)
[6.517s] DEBUG:colcon.colcon_core.event_handler.log_command:Invoked command in '/home/qty/ros2_ws/build/rplidar_ros' returned '0': CMAKE_PREFIX_PATH=${CMAKE_PREFIX_PATH}:/home/qty/ros2_ws/install/hoverBoardController:/home/qty/ros2_ws/install/examples_rclpy_minimal_subscriber:/home/qty/ros2_ws/install/examples_rclpy_minimal_service:/home/qty/ros2_ws/install/examples_rclpy_minimal_publisher:/home/qty/ros2_ws/install/examples_rclpy_minimal_client:/home/qty/ros2_ws/install/examples_rclpy_minimal_action_server:/home/qty/ros2_ws/install/examples_rclpy_minimal_action_client:/home/qty/ros2_ws/install/examples_rclpy_executors:/opt/ros/foxy /usr/bin/cmake --install /home/qty/ros2_ws/build/rplidar_ros
[6.546s] Level 1:colcon.colcon_core.environment:checking '/home/qty/ros2_ws/install/rplidar_ros' for CMake module files
[6.547s] Level 1:colcon.colcon_core.environment:checking '/home/qty/ros2_ws/install/rplidar_ros' for CMake config files
[6.547s] Level 1:colcon.colcon_core.shell:create_environment_hook('rplidar_ros', 'cmake_prefix_path')
[6.576s] INFO:colcon.colcon_core.shell:Creating environment hook '/home/qty/ros2_ws/install/rplidar_ros/share/rplidar_ros/hook/cmake_prefix_path.ps1'
[6.577s] INFO:colcon.colcon_core.shell:Creating environment descriptor '/home/qty/ros2_ws/install/rplidar_ros/share/rplidar_ros/hook/cmake_prefix_path.dsv'
[6.577s] INFO:colcon.colcon_core.shell:Creating environment hook '/home/qty/ros2_ws/install/rplidar_ros/share/rplidar_ros/hook/cmake_prefix_path.sh'
[6.577s] Level 1:colcon.colcon_core.environment:checking '/home/qty/ros2_ws/install/rplidar_ros/lib'
[6.578s] Level 1:colcon.colcon_core.shell:create_environment_hook('rplidar_ros', 'ld_library_path_lib')
[6.607s] INFO:colcon.colcon_core.shell:Creating environment hook '/home/qty/ros2_ws/install/rplidar_ros/share/rplidar_ros/hook/ld_library_path_lib.ps1'
[6.607s] INFO:colcon.colcon_core.shell:Creating environment descriptor '/home/qty/ros2_ws/install/rplidar_ros/share/rplidar_ros/hook/ld_library_path_lib.dsv'
[6.607s] INFO:colcon.colcon_core.shell:Creating environment hook '/home/qty/ros2_ws/install/rplidar_ros/share/rplidar_ros/hook/ld_library_path_lib.sh'
[6.608s] Level 1:colcon.colcon_core.environment:checking '/home/qty/ros2_ws/install/rplidar_ros/bin'
[6.608s] Level 1:colcon.colcon_core.environment:checking '/home/qty/ros2_ws/install/rplidar_ros/lib/pkgconfig/rplidar_ros.pc'
[6.608s] Level 1:colcon.colcon_core.environment:checking '/home/qty/ros2_ws/install/rplidar_ros/lib/python3.8/site-packages'
[6.608s] Level 1:colcon.colcon_core.environment:checking '/home/qty/ros2_ws/install/rplidar_ros/bin'
[6.638s] INFO:colcon.colcon_core.shell:Creating package script '/home/qty/ros2_ws/install/rplidar_ros/share/rplidar_ros/package.ps1'
[6.638s] INFO:colcon.colcon_core.shell:Creating package descriptor '/home/qty/ros2_ws/install/rplidar_ros/share/rplidar_ros/package.dsv'
[6.638s] INFO:colcon.colcon_core.shell:Creating package script '/home/qty/ros2_ws/install/rplidar_ros/share/rplidar_ros/package.sh'
[6.639s] INFO:colcon.colcon_core.shell:Creating package script '/home/qty/ros2_ws/install/rplidar_ros/share/rplidar_ros/package.bash'
[6.639s] INFO:colcon.colcon_core.shell:Creating package script '/home/qty/ros2_ws/install/rplidar_ros/share/rplidar_ros/package.zsh'
[6.639s] Level 1:colcon.colcon_core.environment:create_file_with_runtime_dependencies(/home/qty/ros2_ws/install/rplidar_ros/share/colcon-core/packages/rplidar_ros)
[6.693s] Level 1:colcon.colcon_core.environment:create_environment_scripts_only(rplidar_ros)
[6.722s] Level 1:colcon.colcon_core.environment:checking '/home/qty/ros2_ws/install/rplidar_ros' for CMake module files
[6.723s] Level 1:colcon.colcon_core.environment:checking '/home/qty/ros2_ws/install/rplidar_ros' for CMake config files
[6.723s] Level 1:colcon.colcon_core.shell:create_environment_hook('rplidar_ros', 'cmake_prefix_path')
[6.752s] INFO:colcon.colcon_core.shell:Creating environment hook '/home/qty/ros2_ws/install/rplidar_ros/share/rplidar_ros/hook/cmake_prefix_path.ps1'
[6.757s] INFO:colcon.colcon_core.shell:Creating environment descriptor '/home/qty/ros2_ws/install/rplidar_ros/share/rplidar_ros/hook/cmake_prefix_path.dsv'
[6.758s] INFO:colcon.colcon_core.shell:Creating environment hook '/home/qty/ros2_ws/install/rplidar_ros/share/rplidar_ros/hook/cmake_prefix_path.sh'
[6.760s] Level 1:colcon.colcon_core.environment:checking '/home/qty/ros2_ws/install/rplidar_ros/lib'
[6.760s] Level 1:colcon.colcon_core.shell:create_environment_hook('rplidar_ros', 'ld_library_path_lib')
[6.818s] INFO:colcon.colcon_core.shell:Creating environment hook '/home/qty/ros2_ws/install/rplidar_ros/share/rplidar_ros/hook/ld_library_path_lib.ps1'
[6.818s] INFO:colcon.colcon_core.shell:Creating environment descriptor '/home/qty/ros2_ws/install/rplidar_ros/share/rplidar_ros/hook/ld_library_path_lib.dsv'
[6.818s] INFO:colcon.colcon_core.shell:Creating environment hook '/home/qty/ros2_ws/install/rplidar_ros/share/rplidar_ros/hook/ld_library_path_lib.sh'
[6.819s] Level 1:colcon.colcon_core.environment:checking '/home/qty/ros2_ws/install/rplidar_ros/bin'
[6.819s] Level 1:colcon.colcon_core.environment:checking '/home/qty/ros2_ws/install/rplidar_ros/lib/pkgconfig/rplidar_ros.pc'
[6.819s] Level 1:colcon.colcon_core.environment:checking '/home/qty/ros2_ws/install/rplidar_ros/lib/python3.8/site-packages'
[6.819s] Level 1:colcon.colcon_core.environment:checking '/home/qty/ros2_ws/install/rplidar_ros/bin'
[6.847s] INFO:colcon.colcon_core.shell:Creating package script '/home/qty/ros2_ws/install/rplidar_ros/share/rplidar_ros/package.ps1'
[6.848s] INFO:colcon.colcon_core.shell:Creating package descriptor '/home/qty/ros2_ws/install/rplidar_ros/share/rplidar_ros/package.dsv'
[6.848s] INFO:colcon.colcon_core.shell:Creating package script '/home/qty/ros2_ws/install/rplidar_ros/share/rplidar_ros/package.sh'
[6.849s] INFO:colcon.colcon_core.shell:Creating package script '/home/qty/ros2_ws/install/rplidar_ros/share/rplidar_ros/package.bash'
[6.849s] INFO:colcon.colcon_core.shell:Creating package script '/home/qty/ros2_ws/install/rplidar_ros/share/rplidar_ros/package.zsh'
[6.849s] Level 1:colcon.colcon_core.environment:create_file_with_runtime_dependencies(/home/qty/ros2_ws/install/rplidar_ros/share/colcon-core/packages/rplidar_ros)
[6.850s] DEBUG:colcon.colcon_parallel_executor.executor.parallel:closing loop
[6.850s] DEBUG:colcon.colcon_parallel_executor.executor.parallel:loop closed
[6.850s] DEBUG:colcon.colcon_parallel_executor.executor.parallel:run_until_complete finished with '0'
[6.850s] DEBUG:colcon.colcon_core.event_reactor:joining thread
[6.883s] INFO:colcon.colcon_core.plugin_system:Skipping extension 'colcon_notification.desktop_notification.terminal_notifier': Not used on non-Darwin systems
[6.883s] INFO:colcon.colcon_core.plugin_system:Skipping extension 'colcon_notification.desktop_notification.win32': Not used on non-Windows systems
[6.883s] INFO:colcon.colcon_notification.desktop_notification:Sending desktop notification using 'notify2'
[6.893s] DEBUG:colcon.colcon_core.event_reactor:joined thread
[6.923s] INFO:colcon.colcon_core.shell:Creating prefix script '/home/qty/ros2_ws/install/local_setup.ps1'
[6.923s] INFO:colcon.colcon_core.shell:Creating prefix util module '/home/qty/ros2_ws/install/_local_setup_util_ps1.py'
[6.924s] INFO:colcon.colcon_core.shell:Creating prefix chain script '/home/qty/ros2_ws/install/setup.ps1'
[6.954s] INFO:colcon.colcon_core.shell:Creating prefix script '/home/qty/ros2_ws/install/local_setup.sh'
[6.955s] INFO:colcon.colcon_core.shell:Creating prefix util module '/home/qty/ros2_ws/install/_local_setup_util_sh.py'
[6.955s] INFO:colcon.colcon_core.shell:Creating prefix chain script '/home/qty/ros2_ws/install/setup.sh'
[6.985s] INFO:colcon.colcon_core.shell:Creating prefix script '/home/qty/ros2_ws/install/local_setup.bash'
[6.985s] INFO:colcon.colcon_core.shell:Creating prefix chain script '/home/qty/ros2_ws/install/setup.bash'
[7.016s] INFO:colcon.colcon_core.shell:Creating prefix script '/home/qty/ros2_ws/install/local_setup.zsh'
[7.016s] INFO:colcon.colcon_core.shell:Creating prefix chain script '/home/qty/ros2_ws/install/setup.zsh'
