[0.122s] Invoking command in '/home/qty/ros2_ws/build/turtlesim': CMAKE_PREFIX_PATH=${CMAKE_PREFIX_PATH}:/home/qty/ros2_ws/install/examples_rclpy_minimal_subscriber:/home/qty/ros2_ws/install/examples_rclpy_minimal_service:/home/qty/ros2_ws/install/examples_rclpy_minimal_publisher:/home/qty/ros2_ws/install/examples_rclpy_minimal_client:/home/qty/ros2_ws/install/examples_rclpy_minimal_action_server:/home/qty/ros2_ws/install/examples_rclpy_minimal_action_client:/home/qty/ros2_ws/install/examples_rclpy_executors:/opt/ros/foxy /usr/bin/cmake /home/qty/ros2_ws/src/ros_tutorials/turtlesim -DCMAKE_INSTALL_PREFIX=/home/qty/ros2_ws/install/turtlesim
[0.156s] -- The C compiler identification is GNU 9.4.0
[0.190s] -- The CXX compiler identification is GNU 9.4.0
[0.193s] -- Check for working C compiler: /usr/bin/cc
[0.236s] -- Check for working C compiler: /usr/bin/cc -- works
[0.236s] -- Detecting C compiler ABI info
[0.283s] -- Detecting C compiler ABI info - done
[0.292s] -- Detecting C compile features
[0.293s] -- Detecting C compile features - done
[0.295s] -- Check for working CXX compiler: /usr/bin/c++
[0.356s] -- Check for working CXX compiler: /usr/bin/c++ -- works
[0.357s] -- Detecting CXX compiler ABI info
[0.426s] -- Detecting CXX compiler ABI info - done
[0.435s] -- Detecting CXX compile features
[0.435s] -- Detecting CXX compile features - done
[0.437s] -- Found ament_cmake: 0.9.12 (/opt/ros/foxy/share/ament_cmake/cmake)
[0.462s] -- Found PythonInterp: /usr/bin/python3 (found suitable version "3.8.10", minimum required is "3") 
[0.462s] -- Using PYTHON_EXECUTABLE: /usr/bin/python3
[0.607s] -- Found ament_index_cpp: 1.1.0 (/opt/ros/foxy/share/ament_index_cpp/cmake)
[0.615s] -- Found geometry_msgs: 2.0.5 (/opt/ros/foxy/share/geometry_msgs/cmake)
[0.665s] -- Using all available rosidl_typesupport_c: rosidl_typesupport_fastrtps_c;rosidl_typesupport_introspection_c
[0.671s] -- Found rosidl_adapter: 1.3.1 (/opt/ros/foxy/share/rosidl_adapter/cmake)
[0.717s] -- Found OpenSSL: /usr/lib/x86_64-linux-gnu/libcrypto.so (found version "1.1.1f")  
[0.735s] -- Found FastRTPS: /opt/ros/foxy/include  
[0.788s] -- Using all available rosidl_typesupport_cpp: rosidl_typesupport_fastrtps_cpp;rosidl_typesupport_introspection_cpp
[0.868s] -- Found rclcpp: 2.4.3 (/opt/ros/foxy/share/rclcpp/cmake)
[0.901s] -- Found rmw_implementation_cmake: 1.0.4 (/opt/ros/foxy/share/rmw_implementation_cmake/cmake)
[0.903s] -- Using RMW implementation 'rmw_fastrtps_cpp' as default
[0.903s] -- Looking for pthread.h
[0.947s] -- Looking for pthread.h - found
[0.947s] -- Performing Test CMAKE_HAVE_LIBC_PTHREAD
[0.996s] -- Performing Test CMAKE_HAVE_LIBC_PTHREAD - Failed
[0.996s] -- Looking for pthread_create in pthreads
[1.031s] -- Looking for pthread_create in pthreads - not found
[1.031s] -- Looking for pthread_create in pthread
[1.079s] -- Looking for pthread_create in pthread - found
[1.080s] -- Found Threads: TRUE  
[1.189s] -- Found rclcpp_action: 2.4.3 (/opt/ros/foxy/share/rclcpp_action/cmake)
[1.246s] -- Found rosidl_default_generators: 1.0.1 (/opt/ros/foxy/share/rosidl_default_generators/cmake)
[1.258s] -- Found std_srvs: 2.0.5 (/opt/ros/foxy/share/std_srvs/cmake)
[1.286s] -- Found PythonInterp: /usr/bin/python3 (found version "3.8.10") 
[1.438s] -- Found ament_cmake_ros: 0.9.2 (/opt/ros/foxy/share/ament_cmake_ros/cmake)
[1.540s] -- Using all available rosidl_typesupport_c: rosidl_typesupport_fastrtps_c;rosidl_typesupport_introspection_c
[1.563s] -- Using all available rosidl_typesupport_cpp: rosidl_typesupport_fastrtps_cpp;rosidl_typesupport_introspection_cpp
[1.590s] -- Found PythonInterp: /usr/bin/python3 (found suitable version "3.8.10", minimum required is "3.5") 
[1.592s] -- Found python_cmake_module: 0.8.1 (/opt/ros/foxy/share/python_cmake_module/cmake)
[1.620s] -- Found PythonLibs: /usr/lib/x86_64-linux-gnu/libpython3.8.so (found suitable version "3.8.10", minimum required is "3.5") 
[1.620s] -- Using PYTHON_EXECUTABLE: /usr/bin/python3
[1.620s] -- Using PYTHON_INCLUDE_DIRS: /usr/include/python3.8
[1.620s] -- Using PYTHON_LIBRARIES: /usr/lib/x86_64-linux-gnu/libpython3.8.so
[1.643s] -- Found PythonExtra: .so  
[1.706s] -- Configuring done
[1.764s] -- Generating done
[1.766s] -- Build files have been written to: /home/qty/ros2_ws/build/turtlesim
[1.773s] Invoked command in '/home/qty/ros2_ws/build/turtlesim' returned '0': CMAKE_PREFIX_PATH=${CMAKE_PREFIX_PATH}:/home/qty/ros2_ws/install/examples_rclpy_minimal_subscriber:/home/qty/ros2_ws/install/examples_rclpy_minimal_service:/home/qty/ros2_ws/install/examples_rclpy_minimal_publisher:/home/qty/ros2_ws/install/examples_rclpy_minimal_client:/home/qty/ros2_ws/install/examples_rclpy_minimal_action_server:/home/qty/ros2_ws/install/examples_rclpy_minimal_action_client:/home/qty/ros2_ws/install/examples_rclpy_executors:/opt/ros/foxy /usr/bin/cmake /home/qty/ros2_ws/src/ros_tutorials/turtlesim -DCMAKE_INSTALL_PREFIX=/home/qty/ros2_ws/install/turtlesim
[1.775s] Invoking command in '/home/qty/ros2_ws/build/turtlesim': CMAKE_PREFIX_PATH=${CMAKE_PREFIX_PATH}:/home/qty/ros2_ws/install/examples_rclpy_minimal_subscriber:/home/qty/ros2_ws/install/examples_rclpy_minimal_service:/home/qty/ros2_ws/install/examples_rclpy_minimal_publisher:/home/qty/ros2_ws/install/examples_rclpy_minimal_client:/home/qty/ros2_ws/install/examples_rclpy_minimal_action_server:/home/qty/ros2_ws/install/examples_rclpy_minimal_action_client:/home/qty/ros2_ws/install/examples_rclpy_executors:/opt/ros/foxy /usr/bin/cmake --build /home/qty/ros2_ws/build/turtlesim -- -j16 -l16
[1.801s] [35m[1mScanning dependencies of target turtlesim__cpp[0m
[1.801s] [  1%] [34m[1mGenerating C code for ROS interfaces[0m
[1.808s] [  2%] [34m[1mGenerating C++ code for ROS interfaces[0m
[2.409s] [  2%] Built target turtlesim__cpp
[2.416s] [  5%] [34m[1mGenerating C++ introspection for ROS interfaces[0m
[2.416s] [  5%] [34m[1mGenerating C++ type support for eProsima Fast-RTPS[0m
[2.417s] [  5%] [34m[1mGenerating C++ type support dispatch for ROS interfaces[0m
[2.470s] [35m[1mScanning dependencies of target turtlesim__rosidl_generator_c[0m
[2.484s] [  8%] [32mBuilding C object CMakeFiles/turtlesim__rosidl_generator_c.dir/rosidl_generator_c/turtlesim/srv/detail/set_pen__functions.c.o[0m
[2.484s] [  9%] [32mBuilding C object CMakeFiles/turtlesim__rosidl_generator_c.dir/rosidl_generator_c/turtlesim/msg/detail/color__functions.c.o[0m
[2.484s] [  9%] [32mBuilding C object CMakeFiles/turtlesim__rosidl_generator_c.dir/rosidl_generator_c/turtlesim/msg/detail/pose__functions.c.o[0m
[2.484s] [  8%] [32mBuilding C object CMakeFiles/turtlesim__rosidl_generator_c.dir/rosidl_generator_c/turtlesim/srv/detail/kill__functions.c.o[0m
[2.485s] [ 10%] [32mBuilding C object CMakeFiles/turtlesim__rosidl_generator_c.dir/rosidl_generator_c/turtlesim/action/detail/rotate_absolute__functions.c.o[0m
[2.486s] [ 11%] [32mBuilding C object CMakeFiles/turtlesim__rosidl_generator_c.dir/rosidl_generator_c/turtlesim/srv/detail/teleport_absolute__functions.c.o[0m
[2.486s] [ 12%] [32mBuilding C object CMakeFiles/turtlesim__rosidl_generator_c.dir/rosidl_generator_c/turtlesim/srv/detail/spawn__functions.c.o[0m
[2.487s] [ 13%] [32mBuilding C object CMakeFiles/turtlesim__rosidl_generator_c.dir/rosidl_generator_c/turtlesim/srv/detail/teleport_relative__functions.c.o[0m
[2.600s] [ 14%] [32m[1mLinking C shared library libturtlesim__rosidl_generator_c.so[0m
[2.626s] [ 14%] Built target turtlesim__rosidl_generator_c
[2.634s] [ 16%] [34m[1mGenerating C introspection for ROS interfaces[0m
[2.634s] [ 16%] [34m[1mGenerating C type support dispatch for ROS interfaces[0m
[2.842s] [35m[1mScanning dependencies of target turtlesim__rosidl_typesupport_cpp[0m
[2.855s] [ 18%] [32mBuilding CXX object CMakeFiles/turtlesim__rosidl_typesupport_cpp.dir/rosidl_typesupport_cpp/turtlesim/srv/set_pen__type_support.cpp.o[0m
[2.855s] [ 18%] [32mBuilding CXX object CMakeFiles/turtlesim__rosidl_typesupport_cpp.dir/rosidl_typesupport_cpp/turtlesim/msg/color__type_support.cpp.o[0m
[2.855s] [ 19%] [32mBuilding CXX object CMakeFiles/turtlesim__rosidl_typesupport_cpp.dir/rosidl_typesupport_cpp/turtlesim/srv/teleport_relative__type_support.cpp.o[0m
[2.856s] [ 20%] [32mBuilding CXX object CMakeFiles/turtlesim__rosidl_typesupport_cpp.dir/rosidl_typesupport_cpp/turtlesim/action/rotate_absolute__type_support.cpp.o[0m
[2.857s] [ 21%] [32mBuilding CXX object CMakeFiles/turtlesim__rosidl_typesupport_cpp.dir/rosidl_typesupport_cpp/turtlesim/msg/pose__type_support.cpp.o[0m
[2.857s] [ 22%] [32mBuilding CXX object CMakeFiles/turtlesim__rosidl_typesupport_cpp.dir/rosidl_typesupport_cpp/turtlesim/srv/kill__type_support.cpp.o[0m
[2.857s] [ 23%] [32mBuilding CXX object CMakeFiles/turtlesim__rosidl_typesupport_cpp.dir/rosidl_typesupport_cpp/turtlesim/srv/spawn__type_support.cpp.o[0m
[2.857s] [ 24%] [32mBuilding CXX object CMakeFiles/turtlesim__rosidl_typesupport_cpp.dir/rosidl_typesupport_cpp/turtlesim/srv/teleport_absolute__type_support.cpp.o[0m
[2.954s] [35m[1mScanning dependencies of target turtlesim__rosidl_typesupport_introspection_cpp[0m
[2.975s] [ 29%] [32mBuilding CXX object CMakeFiles/turtlesim__rosidl_typesupport_introspection_cpp.dir/rosidl_typesupport_introspection_cpp/turtlesim/msg/detail/pose__type_support.cpp.o[0m
[2.976s] [ 29%] [32mBuilding CXX object CMakeFiles/turtlesim__rosidl_typesupport_introspection_cpp.dir/rosidl_typesupport_introspection_cpp/turtlesim/srv/detail/set_pen__type_support.cpp.o[0m
[2.976s] [ 29%] [32mBuilding CXX object CMakeFiles/turtlesim__rosidl_typesupport_introspection_cpp.dir/rosidl_typesupport_introspection_cpp/turtlesim/action/detail/rotate_absolute__type_support.cpp.o[0m
[2.976s] [ 29%] [32mBuilding CXX object CMakeFiles/turtlesim__rosidl_typesupport_introspection_cpp.dir/rosidl_typesupport_introspection_cpp/turtlesim/msg/detail/color__type_support.cpp.o[0m
[2.976s] [ 29%] [32mBuilding CXX object CMakeFiles/turtlesim__rosidl_typesupport_introspection_cpp.dir/rosidl_typesupport_introspection_cpp/turtlesim/srv/detail/kill__type_support.cpp.o[0m
[3.198s] [ 30%] [32mBuilding CXX object CMakeFiles/turtlesim__rosidl_typesupport_introspection_cpp.dir/rosidl_typesupport_introspection_cpp/turtlesim/srv/detail/spawn__type_support.cpp.o[0m
[3.202s] [35m[1mScanning dependencies of target turtlesim__rosidl_typesupport_c[0m
[3.210s] [ 31%] [32mBuilding CXX object CMakeFiles/turtlesim__rosidl_typesupport_introspection_cpp.dir/rosidl_typesupport_introspection_cpp/turtlesim/srv/detail/teleport_absolute__type_support.cpp.o[0m
[3.222s] [ 32%] [32mBuilding CXX object CMakeFiles/turtlesim__rosidl_typesupport_c.dir/rosidl_typesupport_c/turtlesim/action/rotate_absolute__type_support.cpp.o[0m
[3.223s] [ 33%] [32mBuilding CXX object CMakeFiles/turtlesim__rosidl_typesupport_c.dir/rosidl_typesupport_c/turtlesim/msg/color__type_support.cpp.o[0m
[3.225s] [ 34%] [32mBuilding CXX object CMakeFiles/turtlesim__rosidl_typesupport_c.dir/rosidl_typesupport_c/turtlesim/msg/pose__type_support.cpp.o[0m
[3.227s] [ 35%] [32mBuilding CXX object CMakeFiles/turtlesim__rosidl_typesupport_c.dir/rosidl_typesupport_c/turtlesim/srv/kill__type_support.cpp.o[0m
[3.232s] [35m[1mScanning dependencies of target turtlesim__rosidl_typesupport_fastrtps_cpp[0m
[3.237s] [ 36%] [32mBuilding CXX object CMakeFiles/turtlesim__rosidl_typesupport_introspection_cpp.dir/rosidl_typesupport_introspection_cpp/turtlesim/srv/detail/teleport_relative__type_support.cpp.o[0m
[3.253s] [ 37%] [32mBuilding CXX object CMakeFiles/turtlesim__rosidl_typesupport_c.dir/rosidl_typesupport_c/turtlesim/srv/set_pen__type_support.cpp.o[0m
[3.260s] [ 39%] [32mBuilding CXX object CMakeFiles/turtlesim__rosidl_typesupport_c.dir/rosidl_typesupport_c/turtlesim/srv/spawn__type_support.cpp.o[0m
[3.260s] [ 39%] [32mBuilding CXX object CMakeFiles/turtlesim__rosidl_typesupport_c.dir/rosidl_typesupport_c/turtlesim/srv/teleport_absolute__type_support.cpp.o[0m
[3.267s] [ 40%] [32mBuilding CXX object CMakeFiles/turtlesim__rosidl_typesupport_c.dir/rosidl_typesupport_c/turtlesim/srv/teleport_relative__type_support.cpp.o[0m
[3.271s] [ 41%] [32mBuilding CXX object CMakeFiles/turtlesim__rosidl_typesupport_fastrtps_cpp.dir/rosidl_typesupport_fastrtps_cpp/turtlesim/action/detail/dds_fastrtps/rotate_absolute__type_support.cpp.o[0m
[3.280s] [ 42%] [32m[1mLinking CXX shared library libturtlesim__rosidl_typesupport_cpp.so[0m
[3.283s] [ 43%] [32mBuilding CXX object CMakeFiles/turtlesim__rosidl_typesupport_fastrtps_cpp.dir/rosidl_typesupport_fastrtps_cpp/turtlesim/msg/detail/dds_fastrtps/color__type_support.cpp.o[0m
[3.290s] [ 44%] [32mBuilding CXX object CMakeFiles/turtlesim__rosidl_typesupport_fastrtps_cpp.dir/rosidl_typesupport_fastrtps_cpp/turtlesim/msg/detail/dds_fastrtps/pose__type_support.cpp.o[0m
[3.297s] [ 46%] [32mBuilding CXX object CMakeFiles/turtlesim__rosidl_typesupport_fastrtps_cpp.dir/rosidl_typesupport_fastrtps_cpp/turtlesim/srv/detail/dds_fastrtps/kill__type_support.cpp.o[0m
[3.297s] [ 46%] [32mBuilding CXX object CMakeFiles/turtlesim__rosidl_typesupport_fastrtps_cpp.dir/rosidl_typesupport_fastrtps_cpp/turtlesim/srv/detail/dds_fastrtps/set_pen__type_support.cpp.o[0m
[3.304s] [ 47%] [32m[1mLinking CXX shared library libturtlesim__rosidl_typesupport_c.so[0m
[3.332s] [ 47%] Built target turtlesim__rosidl_typesupport_cpp
[3.350s] [ 48%] [32mBuilding CXX object CMakeFiles/turtlesim__rosidl_typesupport_fastrtps_cpp.dir/rosidl_typesupport_fastrtps_cpp/turtlesim/srv/detail/dds_fastrtps/teleport_absolute__type_support.cpp.o[0m
[3.360s] [ 49%] [32mBuilding CXX object CMakeFiles/turtlesim__rosidl_typesupport_fastrtps_cpp.dir/rosidl_typesupport_fastrtps_cpp/turtlesim/srv/detail/dds_fastrtps/spawn__type_support.cpp.o[0m
[3.367s] [ 49%] Built target turtlesim__rosidl_typesupport_c
[3.379s] [ 50%] [32mBuilding CXX object CMakeFiles/turtlesim__rosidl_typesupport_fastrtps_cpp.dir/rosidl_typesupport_fastrtps_cpp/turtlesim/srv/detail/dds_fastrtps/teleport_relative__type_support.cpp.o[0m
[3.388s] [35m[1mScanning dependencies of target turtlesim__rosidl_typesupport_introspection_c[0m
[3.408s] [ 51%] [32mBuilding C object CMakeFiles/turtlesim__rosidl_typesupport_introspection_c.dir/rosidl_typesupport_introspection_c/turtlesim/srv/detail/kill__type_support.c.o[0m
[3.409s] [ 52%] [32mBuilding C object CMakeFiles/turtlesim__rosidl_typesupport_introspection_c.dir/rosidl_typesupport_introspection_c/turtlesim/action/detail/rotate_absolute__type_support.c.o[0m
[3.410s] [ 53%] [32mBuilding C object CMakeFiles/turtlesim__rosidl_typesupport_introspection_c.dir/rosidl_typesupport_introspection_c/turtlesim/msg/detail/color__type_support.c.o[0m
[3.419s] [ 54%] [32mBuilding C object CMakeFiles/turtlesim__rosidl_typesupport_introspection_c.dir/rosidl_typesupport_introspection_c/turtlesim/msg/detail/pose__type_support.c.o[0m
[3.424s] [ 55%] [32mBuilding C object CMakeFiles/turtlesim__rosidl_typesupport_introspection_c.dir/rosidl_typesupport_introspection_c/turtlesim/srv/detail/set_pen__type_support.c.o[0m
[3.450s] [ 57%] [32mBuilding C object CMakeFiles/turtlesim__rosidl_typesupport_introspection_c.dir/rosidl_typesupport_introspection_c/turtlesim/srv/detail/spawn__type_support.c.o[0m
[3.451s] [ 57%] [32mBuilding C object CMakeFiles/turtlesim__rosidl_typesupport_introspection_c.dir/rosidl_typesupport_introspection_c/turtlesim/srv/detail/teleport_absolute__type_support.c.o[0m
[3.460s] [ 58%] [32mBuilding C object CMakeFiles/turtlesim__rosidl_typesupport_introspection_c.dir/rosidl_typesupport_introspection_c/turtlesim/srv/detail/teleport_relative__type_support.c.o[0m
[3.489s] [ 59%] [32m[1mLinking C shared library libturtlesim__rosidl_typesupport_introspection_c.so[0m
[3.515s] [ 59%] Built target turtlesim__rosidl_typesupport_introspection_c
[3.603s] [ 60%] [32m[1mLinking CXX shared library libturtlesim__rosidl_typesupport_introspection_cpp.so[0m
[3.666s] [ 60%] Built target turtlesim__rosidl_typesupport_introspection_cpp
[3.851s] [ 61%] [32m[1mLinking CXX shared library libturtlesim__rosidl_typesupport_fastrtps_cpp.so[0m
[3.908s] [ 61%] Built target turtlesim__rosidl_typesupport_fastrtps_cpp
[3.914s] [ 62%] [34m[1mGenerating C type support for eProsima Fast-RTPS[0m
[4.429s] [35m[1mScanning dependencies of target turtlesim__rosidl_typesupport_fastrtps_c[0m
[4.476s] [ 65%] [32mBuilding CXX object CMakeFiles/turtlesim__rosidl_typesupport_fastrtps_c.dir/rosidl_typesupport_fastrtps_c/turtlesim/srv/detail/set_pen__type_support_c.cpp.o[0m
[4.476s] [ 65%] [32mBuilding CXX object CMakeFiles/turtlesim__rosidl_typesupport_fastrtps_c.dir/rosidl_typesupport_fastrtps_c/turtlesim/msg/detail/color__type_support_c.cpp.o[0m
[4.476s] [ 65%] [32mBuilding CXX object CMakeFiles/turtlesim__rosidl_typesupport_fastrtps_c.dir/rosidl_typesupport_fastrtps_c/turtlesim/srv/detail/kill__type_support_c.cpp.o[0m
[4.476s] [ 66%] [32mBuilding CXX object CMakeFiles/turtlesim__rosidl_typesupport_fastrtps_c.dir/rosidl_typesupport_fastrtps_c/turtlesim/srv/detail/spawn__type_support_c.cpp.o[0m
[4.476s] [ 67%] [32mBuilding CXX object CMakeFiles/turtlesim__rosidl_typesupport_fastrtps_c.dir/rosidl_typesupport_fastrtps_c/turtlesim/msg/detail/pose__type_support_c.cpp.o[0m
[4.476s] [ 68%] [32mBuilding CXX object CMakeFiles/turtlesim__rosidl_typesupport_fastrtps_c.dir/rosidl_typesupport_fastrtps_c/turtlesim/srv/detail/teleport_absolute__type_support_c.cpp.o[0m
[4.477s] [ 69%] [32mBuilding CXX object CMakeFiles/turtlesim__rosidl_typesupport_fastrtps_c.dir/rosidl_typesupport_fastrtps_c/turtlesim/action/detail/rotate_absolute__type_support_c.cpp.o[0m
[4.479s] [ 70%] [32mBuilding CXX object CMakeFiles/turtlesim__rosidl_typesupport_fastrtps_c.dir/rosidl_typesupport_fastrtps_c/turtlesim/srv/detail/teleport_relative__type_support_c.cpp.o[0m
[4.785s] [ 71%] [32m[1mLinking CXX shared library libturtlesim__rosidl_typesupport_fastrtps_c.so[0m
[4.840s] [ 71%] Built target turtlesim__rosidl_typesupport_fastrtps_c
[4.846s] [35m[1mScanning dependencies of target turtlesim[0m
[4.852s] [ 71%] Built target turtlesim
[4.860s] [35m[1mScanning dependencies of target mimic[0m
[4.860s] [35m[1mScanning dependencies of target draw_square[0m
[4.860s] [35m[1mScanning dependencies of target turtlesim__py[0m
[4.860s] [35m[1mScanning dependencies of target turtle_teleop_key[0m
[4.860s] [ 72%] [34m[1mGenerating include/turtlesim/moc_turtle_frame.cpp[0m
[4.867s] [ 73%] [34m[1mGenerating Python code for ROS interfaces[0m
[4.891s] [ 75%] [32mBuilding CXX object CMakeFiles/mimic.dir/tutorials/mimic.cpp.o[0m
[4.891s] [ 75%] [32mBuilding CXX object CMakeFiles/draw_square.dir/tutorials/draw_square.cpp.o[0m
[4.892s] [ 76%] [32mBuilding CXX object CMakeFiles/turtle_teleop_key.dir/tutorials/teleop_turtle_key.cpp.o[0m
[4.916s] [35m[1mScanning dependencies of target turtlesim_node[0m
[4.975s] [ 78%] [32mBuilding CXX object CMakeFiles/turtlesim_node.dir/src/turtle.cpp.o[0m
[4.975s] [ 78%] [32mBuilding CXX object CMakeFiles/turtlesim_node.dir/src/turtle_frame.cpp.o[0m
[4.976s] [ 79%] [32mBuilding CXX object CMakeFiles/turtlesim_node.dir/src/turtlesim.cpp.o[0m
[4.978s] [ 80%] [32mBuilding CXX object CMakeFiles/turtlesim_node.dir/include/turtlesim/moc_turtle_frame.cpp.o[0m
[6.456s] [ 80%] Built target turtlesim__py
[6.465s] [35m[1mScanning dependencies of target turtlesim__python[0m
[6.505s] [ 87%] [32mBuilding C object CMakeFiles/turtlesim__python.dir/rosidl_generator_py/turtlesim/msg/_color_s.c.o[0m
[6.505s] [ 87%] [32mBuilding C object CMakeFiles/turtlesim__python.dir/rosidl_generator_py/turtlesim/msg/_pose_s.c.o[0m
[6.505s] [ 87%] [32mBuilding C object CMakeFiles/turtlesim__python.dir/rosidl_generator_py/turtlesim/srv/_set_pen_s.c.o[0m
[6.505s] [ 87%] [32mBuilding C object CMakeFiles/turtlesim__python.dir/rosidl_generator_py/turtlesim/action/_rotate_absolute_s.c.o[0m
[6.505s] [ 87%] [32mBuilding C object CMakeFiles/turtlesim__python.dir/rosidl_generator_py/turtlesim/srv/_kill_s.c.o[0m
[6.505s] [ 87%] [32mBuilding C object CMakeFiles/turtlesim__python.dir/rosidl_generator_py/turtlesim/srv/_teleport_absolute_s.c.o[0m
[6.505s] [ 87%] [32mBuilding C object CMakeFiles/turtlesim__python.dir/rosidl_generator_py/turtlesim/srv/_teleport_relative_s.c.o[0m
[6.505s] [ 88%] [32mBuilding C object CMakeFiles/turtlesim__python.dir/rosidl_generator_py/turtlesim/srv/_spawn_s.c.o[0m
[6.656s] [ 89%] [32m[1mLinking C shared library rosidl_generator_py/turtlesim/libturtlesim__python.so[0m
[6.695s] [ 89%] Built target turtlesim__python
[6.704s] [35m[1mScanning dependencies of target turtlesim__rosidl_typesupport_fastrtps_c__pyext[0m
[6.705s] [35m[1mScanning dependencies of target turtlesim__rosidl_typesupport_introspection_c__pyext[0m
[6.706s] [35m[1mScanning dependencies of target turtlesim__rosidl_typesupport_c__pyext[0m
[6.723s] [ 90%] [32mBuilding C object CMakeFiles/turtlesim__rosidl_typesupport_fastrtps_c__pyext.dir/rosidl_generator_py/turtlesim/_turtlesim_s.ep.rosidl_typesupport_fastrtps_c.c.o[0m
[6.726s] [ 91%] [32mBuilding C object CMakeFiles/turtlesim__rosidl_typesupport_introspection_c__pyext.dir/rosidl_generator_py/turtlesim/_turtlesim_s.ep.rosidl_typesupport_introspection_c.c.o[0m
[6.730s] [ 92%] [32mBuilding C object CMakeFiles/turtlesim__rosidl_typesupport_c__pyext.dir/rosidl_generator_py/turtlesim/_turtlesim_s.ep.rosidl_typesupport_c.c.o[0m
[6.843s] [ 93%] [32m[1mLinking C shared library rosidl_generator_py/turtlesim/turtlesim_s__rosidl_typesupport_introspection_c.cpython-38-x86_64-linux-gnu.so[0m
[6.875s] [ 93%] Built target turtlesim__rosidl_typesupport_introspection_c__pyext
[6.906s] [ 94%] [32m[1mLinking CXX shared library rosidl_generator_py/turtlesim/turtlesim_s__rosidl_typesupport_fastrtps_c.cpython-38-x86_64-linux-gnu.so[0m
[6.909s] [ 95%] [32m[1mLinking C shared library rosidl_generator_py/turtlesim/turtlesim_s__rosidl_typesupport_c.cpython-38-x86_64-linux-gnu.so[0m
[6.946s] [ 95%] Built target turtlesim__rosidl_typesupport_c__pyext
[6.998s] [ 95%] Built target turtlesim__rosidl_typesupport_fastrtps_c__pyext
[8.413s] [ 96%] [32m[1mLinking CXX executable turtle_teleop_key[0m
[8.579s] [ 96%] Built target turtle_teleop_key
[9.099s] [ 97%] [32m[1mLinking CXX executable mimic[0m
[9.270s] [ 97%] Built target mimic
[9.767s] [ 98%] [32m[1mLinking CXX executable draw_square[0m
[10.012s] [ 98%] Built target draw_square
[11.247s] [100%] [32m[1mLinking CXX executable turtlesim_node[0m
[12.188s] [100%] Built target turtlesim_node
[12.195s] Invoked command in '/home/qty/ros2_ws/build/turtlesim' returned '0': CMAKE_PREFIX_PATH=${CMAKE_PREFIX_PATH}:/home/qty/ros2_ws/install/examples_rclpy_minimal_subscriber:/home/qty/ros2_ws/install/examples_rclpy_minimal_service:/home/qty/ros2_ws/install/examples_rclpy_minimal_publisher:/home/qty/ros2_ws/install/examples_rclpy_minimal_client:/home/qty/ros2_ws/install/examples_rclpy_minimal_action_server:/home/qty/ros2_ws/install/examples_rclpy_minimal_action_client:/home/qty/ros2_ws/install/examples_rclpy_executors:/opt/ros/foxy /usr/bin/cmake --build /home/qty/ros2_ws/build/turtlesim -- -j16 -l16
[12.283s] Invoking command in '/home/qty/ros2_ws/build/turtlesim': CMAKE_PREFIX_PATH=${CMAKE_PREFIX_PATH}:/home/qty/ros2_ws/install/examples_rclpy_minimal_subscriber:/home/qty/ros2_ws/install/examples_rclpy_minimal_service:/home/qty/ros2_ws/install/examples_rclpy_minimal_publisher:/home/qty/ros2_ws/install/examples_rclpy_minimal_client:/home/qty/ros2_ws/install/examples_rclpy_minimal_action_server:/home/qty/ros2_ws/install/examples_rclpy_minimal_action_client:/home/qty/ros2_ws/install/examples_rclpy_executors:/opt/ros/foxy /usr/bin/cmake --install /home/qty/ros2_ws/build/turtlesim
[12.289s] -- Install configuration: ""
[12.289s] -- Installing: /home/qty/ros2_ws/install/turtlesim/share/ament_index/resource_index/rosidl_interfaces/turtlesim
[12.289s] -- Installing: /home/qty/ros2_ws/install/turtlesim/include/turtlesim
[12.289s] -- Installing: /home/qty/ros2_ws/install/turtlesim/include/turtlesim/msg
[12.289s] -- Installing: /home/qty/ros2_ws/install/turtlesim/include/turtlesim/msg/color.h
[12.289s] -- Installing: /home/qty/ros2_ws/install/turtlesim/include/turtlesim/msg/rosidl_generator_c__visibility_control.h
[12.289s] -- Installing: /home/qty/ros2_ws/install/turtlesim/include/turtlesim/msg/pose.h
[12.289s] -- Installing: /home/qty/ros2_ws/install/turtlesim/include/turtlesim/msg/detail
[12.289s] -- Installing: /home/qty/ros2_ws/install/turtlesim/include/turtlesim/msg/detail/color__functions.h
[12.290s] -- Installing: /home/qty/ros2_ws/install/turtlesim/include/turtlesim/msg/detail/color__functions.c
[12.290s] -- Installing: /home/qty/ros2_ws/install/turtlesim/include/turtlesim/msg/detail/pose__type_support.h
[12.290s] -- Installing: /home/qty/ros2_ws/install/turtlesim/include/turtlesim/msg/detail/color__type_support.h
[12.290s] -- Installing: /home/qty/ros2_ws/install/turtlesim/include/turtlesim/msg/detail/pose__functions.h
[12.290s] -- Installing: /home/qty/ros2_ws/install/turtlesim/include/turtlesim/msg/detail/pose__functions.c
[12.290s] -- Installing: /home/qty/ros2_ws/install/turtlesim/include/turtlesim/msg/detail/color__struct.h
[12.290s] -- Installing: /home/qty/ros2_ws/install/turtlesim/include/turtlesim/msg/detail/pose__struct.h
[12.290s] -- Installing: /home/qty/ros2_ws/install/turtlesim/include/turtlesim/srv
[12.290s] -- Installing: /home/qty/ros2_ws/install/turtlesim/include/turtlesim/srv/set_pen.h
[12.290s] -- Installing: /home/qty/ros2_ws/install/turtlesim/include/turtlesim/srv/teleport_absolute.h
[12.290s] -- Installing: /home/qty/ros2_ws/install/turtlesim/include/turtlesim/srv/kill.h
[12.290s] -- Installing: /home/qty/ros2_ws/install/turtlesim/include/turtlesim/srv/spawn.h
[12.290s] -- Installing: /home/qty/ros2_ws/install/turtlesim/include/turtlesim/srv/detail
[12.290s] -- Installing: /home/qty/ros2_ws/install/turtlesim/include/turtlesim/srv/detail/set_pen__functions.c
[12.290s] -- Installing: /home/qty/ros2_ws/install/turtlesim/include/turtlesim/srv/detail/spawn__functions.c
[12.290s] -- Installing: /home/qty/ros2_ws/install/turtlesim/include/turtlesim/srv/detail/set_pen__struct.h
[12.290s] -- Installing: /home/qty/ros2_ws/install/turtlesim/include/turtlesim/srv/detail/teleport_absolute__type_support.h
[12.290s] -- Installing: /home/qty/ros2_ws/install/turtlesim/include/turtlesim/srv/detail/spawn__type_support.h
[12.290s] -- Installing: /home/qty/ros2_ws/install/turtlesim/include/turtlesim/srv/detail/teleport_absolute__functions.c
[12.290s] -- Installing: /home/qty/ros2_ws/install/turtlesim/include/turtlesim/srv/detail/set_pen__type_support.h
[12.291s] -- Installing: /home/qty/ros2_ws/install/turtlesim/include/turtlesim/srv/detail/spawn__struct.h
[12.291s] -- Installing: /home/qty/ros2_ws/install/turtlesim/include/turtlesim/srv/detail/teleport_relative__functions.c
[12.291s] -- Installing: /home/qty/ros2_ws/install/turtlesim/include/turtlesim/srv/detail/set_pen__functions.h
[12.291s] -- Installing: /home/qty/ros2_ws/install/turtlesim/include/turtlesim/srv/detail/teleport_relative__struct.h
[12.291s] -- Installing: /home/qty/ros2_ws/install/turtlesim/include/turtlesim/srv/detail/spawn__functions.h
[12.291s] -- Installing: /home/qty/ros2_ws/install/turtlesim/include/turtlesim/srv/detail/kill__struct.h
[12.291s] -- Installing: /home/qty/ros2_ws/install/turtlesim/include/turtlesim/srv/detail/teleport_relative__type_support.h
[12.291s] -- Installing: /home/qty/ros2_ws/install/turtlesim/include/turtlesim/srv/detail/teleport_absolute__struct.h
[12.291s] -- Installing: /home/qty/ros2_ws/install/turtlesim/include/turtlesim/srv/detail/kill__type_support.h
[12.291s] -- Installing: /home/qty/ros2_ws/install/turtlesim/include/turtlesim/srv/detail/kill__functions.h
[12.291s] -- Installing: /home/qty/ros2_ws/install/turtlesim/include/turtlesim/srv/detail/teleport_absolute__functions.h
[12.291s] -- Installing: /home/qty/ros2_ws/install/turtlesim/include/turtlesim/srv/detail/kill__functions.c
[12.291s] -- Installing: /home/qty/ros2_ws/install/turtlesim/include/turtlesim/srv/detail/teleport_relative__functions.h
[12.291s] -- Installing: /home/qty/ros2_ws/install/turtlesim/include/turtlesim/srv/teleport_relative.h
[12.291s] -- Installing: /home/qty/ros2_ws/install/turtlesim/include/turtlesim/action
[12.291s] -- Installing: /home/qty/ros2_ws/install/turtlesim/include/turtlesim/action/detail
[12.291s] -- Installing: /home/qty/ros2_ws/install/turtlesim/include/turtlesim/action/detail/rotate_absolute__type_support.h
[12.292s] -- Installing: /home/qty/ros2_ws/install/turtlesim/include/turtlesim/action/detail/rotate_absolute__functions.h
[12.292s] -- Installing: /home/qty/ros2_ws/install/turtlesim/include/turtlesim/action/detail/rotate_absolute__struct.h
[12.292s] -- Installing: /home/qty/ros2_ws/install/turtlesim/include/turtlesim/action/detail/rotate_absolute__functions.c
[12.292s] -- Installing: /home/qty/ros2_ws/install/turtlesim/include/turtlesim/action/rotate_absolute.h
[12.292s] -- Installing: /home/qty/ros2_ws/install/turtlesim/share/turtlesim/environment/library_path.sh
[12.292s] -- Installing: /home/qty/ros2_ws/install/turtlesim/share/turtlesim/environment/library_path.dsv
[12.292s] -- Installing: /home/qty/ros2_ws/install/turtlesim/lib/libturtlesim__rosidl_generator_c.so
[12.292s] -- Set runtime path of "/home/qty/ros2_ws/install/turtlesim/lib/libturtlesim__rosidl_generator_c.so" to ""
[12.292s] -- Up-to-date: /home/qty/ros2_ws/install/turtlesim/include/turtlesim
[12.292s] -- Up-to-date: /home/qty/ros2_ws/install/turtlesim/include/turtlesim/msg
[12.292s] -- Installing: /home/qty/ros2_ws/install/turtlesim/include/turtlesim/msg/rosidl_typesupport_fastrtps_c__visibility_control.h
[12.292s] -- Up-to-date: /home/qty/ros2_ws/install/turtlesim/include/turtlesim/msg/detail
[12.292s] -- Installing: /home/qty/ros2_ws/install/turtlesim/include/turtlesim/msg/detail/color__rosidl_typesupport_fastrtps_c.h
[12.292s] -- Installing: /home/qty/ros2_ws/install/turtlesim/include/turtlesim/msg/detail/pose__rosidl_typesupport_fastrtps_c.h
[12.292s] -- Up-to-date: /home/qty/ros2_ws/install/turtlesim/include/turtlesim/srv
[12.292s] -- Up-to-date: /home/qty/ros2_ws/install/turtlesim/include/turtlesim/srv/detail
[12.292s] -- Installing: /home/qty/ros2_ws/install/turtlesim/include/turtlesim/srv/detail/kill__rosidl_typesupport_fastrtps_c.h
[12.292s] -- Installing: /home/qty/ros2_ws/install/turtlesim/include/turtlesim/srv/detail/spawn__rosidl_typesupport_fastrtps_c.h
[12.292s] -- Installing: /home/qty/ros2_ws/install/turtlesim/include/turtlesim/srv/detail/set_pen__rosidl_typesupport_fastrtps_c.h
[12.292s] -- Installing: /home/qty/ros2_ws/install/turtlesim/include/turtlesim/srv/detail/teleport_relative__rosidl_typesupport_fastrtps_c.h
[12.293s] -- Installing: /home/qty/ros2_ws/install/turtlesim/include/turtlesim/srv/detail/teleport_absolute__rosidl_typesupport_fastrtps_c.h
[12.293s] -- Up-to-date: /home/qty/ros2_ws/install/turtlesim/include/turtlesim/action
[12.293s] -- Up-to-date: /home/qty/ros2_ws/install/turtlesim/include/turtlesim/action/detail
[12.293s] -- Installing: /home/qty/ros2_ws/install/turtlesim/include/turtlesim/action/detail/rotate_absolute__rosidl_typesupport_fastrtps_c.h
[12.293s] -- Installing: /home/qty/ros2_ws/install/turtlesim/lib/libturtlesim__rosidl_typesupport_fastrtps_c.so
[12.293s] -- Set runtime path of "/home/qty/ros2_ws/install/turtlesim/lib/libturtlesim__rosidl_typesupport_fastrtps_c.so" to ""
[12.293s] -- Up-to-date: /home/qty/ros2_ws/install/turtlesim/include/turtlesim
[12.293s] -- Up-to-date: /home/qty/ros2_ws/install/turtlesim/include/turtlesim/msg
[12.293s] -- Installing: /home/qty/ros2_ws/install/turtlesim/include/turtlesim/msg/rosidl_typesupport_fastrtps_cpp__visibility_control.h
[12.293s] -- Up-to-date: /home/qty/ros2_ws/install/turtlesim/include/turtlesim/msg/detail
[12.293s] -- Installing: /home/qty/ros2_ws/install/turtlesim/include/turtlesim/msg/detail/pose__rosidl_typesupport_fastrtps_cpp.hpp
[12.293s] -- Installing: /home/qty/ros2_ws/install/turtlesim/include/turtlesim/msg/detail/dds_fastrtps
[12.293s] -- Installing: /home/qty/ros2_ws/install/turtlesim/include/turtlesim/msg/detail/color__rosidl_typesupport_fastrtps_cpp.hpp
[12.293s] -- Up-to-date: /home/qty/ros2_ws/install/turtlesim/include/turtlesim/srv
[12.293s] -- Up-to-date: /home/qty/ros2_ws/install/turtlesim/include/turtlesim/srv/detail
[12.293s] -- Installing: /home/qty/ros2_ws/install/turtlesim/include/turtlesim/srv/detail/teleport_absolute__rosidl_typesupport_fastrtps_cpp.hpp
[12.293s] -- Installing: /home/qty/ros2_ws/install/turtlesim/include/turtlesim/srv/detail/set_pen__rosidl_typesupport_fastrtps_cpp.hpp
[12.293s] -- Installing: /home/qty/ros2_ws/install/turtlesim/include/turtlesim/srv/detail/dds_fastrtps
[12.293s] -- Installing: /home/qty/ros2_ws/install/turtlesim/include/turtlesim/srv/detail/spawn__rosidl_typesupport_fastrtps_cpp.hpp
[12.294s] -- Installing: /home/qty/ros2_ws/install/turtlesim/include/turtlesim/srv/detail/kill__rosidl_typesupport_fastrtps_cpp.hpp
[12.294s] -- Installing: /home/qty/ros2_ws/install/turtlesim/include/turtlesim/srv/detail/teleport_relative__rosidl_typesupport_fastrtps_cpp.hpp
[12.294s] -- Up-to-date: /home/qty/ros2_ws/install/turtlesim/include/turtlesim/action
[12.294s] -- Up-to-date: /home/qty/ros2_ws/install/turtlesim/include/turtlesim/action/detail
[12.294s] -- Installing: /home/qty/ros2_ws/install/turtlesim/include/turtlesim/action/detail/dds_fastrtps
[12.294s] -- Installing: /home/qty/ros2_ws/install/turtlesim/include/turtlesim/action/detail/rotate_absolute__rosidl_typesupport_fastrtps_cpp.hpp
[12.294s] -- Installing: /home/qty/ros2_ws/install/turtlesim/lib/libturtlesim__rosidl_typesupport_fastrtps_cpp.so
[12.294s] -- Set runtime path of "/home/qty/ros2_ws/install/turtlesim/lib/libturtlesim__rosidl_typesupport_fastrtps_cpp.so" to ""
[12.294s] -- Up-to-date: /home/qty/ros2_ws/install/turtlesim/include/turtlesim
[12.294s] -- Up-to-date: /home/qty/ros2_ws/install/turtlesim/include/turtlesim/msg
[12.294s] -- Installing: /home/qty/ros2_ws/install/turtlesim/include/turtlesim/msg/rosidl_typesupport_introspection_c__visibility_control.h
[12.294s] -- Up-to-date: /home/qty/ros2_ws/install/turtlesim/include/turtlesim/msg/detail
[12.294s] -- Installing: /home/qty/ros2_ws/install/turtlesim/include/turtlesim/msg/detail/color__rosidl_typesupport_introspection_c.h
[12.294s] -- Installing: /home/qty/ros2_ws/install/turtlesim/include/turtlesim/msg/detail/color__type_support.c
[12.294s] -- Installing: /home/qty/ros2_ws/install/turtlesim/include/turtlesim/msg/detail/pose__rosidl_typesupport_introspection_c.h
[12.294s] -- Installing: /home/qty/ros2_ws/install/turtlesim/include/turtlesim/msg/detail/pose__type_support.c
[12.294s] -- Up-to-date: /home/qty/ros2_ws/install/turtlesim/include/turtlesim/srv
[12.294s] -- Up-to-date: /home/qty/ros2_ws/install/turtlesim/include/turtlesim/srv/detail
[12.294s] -- Installing: /home/qty/ros2_ws/install/turtlesim/include/turtlesim/srv/detail/kill__type_support.c
[12.295s] -- Installing: /home/qty/ros2_ws/install/turtlesim/include/turtlesim/srv/detail/set_pen__type_support.c
[12.295s] -- Installing: /home/qty/ros2_ws/install/turtlesim/include/turtlesim/srv/detail/teleport_relative__rosidl_typesupport_introspection_c.h
[12.295s] -- Installing: /home/qty/ros2_ws/install/turtlesim/include/turtlesim/srv/detail/spawn__type_support.c
[12.295s] -- Installing: /home/qty/ros2_ws/install/turtlesim/include/turtlesim/srv/detail/teleport_absolute__type_support.c
[12.295s] -- Installing: /home/qty/ros2_ws/install/turtlesim/include/turtlesim/srv/detail/teleport_relative__type_support.c
[12.295s] -- Installing: /home/qty/ros2_ws/install/turtlesim/include/turtlesim/srv/detail/teleport_absolute__rosidl_typesupport_introspection_c.h
[12.295s] -- Installing: /home/qty/ros2_ws/install/turtlesim/include/turtlesim/srv/detail/set_pen__rosidl_typesupport_introspection_c.h
[12.295s] -- Installing: /home/qty/ros2_ws/install/turtlesim/include/turtlesim/srv/detail/kill__rosidl_typesupport_introspection_c.h
[12.295s] -- Installing: /home/qty/ros2_ws/install/turtlesim/include/turtlesim/srv/detail/spawn__rosidl_typesupport_introspection_c.h
[12.295s] -- Up-to-date: /home/qty/ros2_ws/install/turtlesim/include/turtlesim/action
[12.295s] -- Up-to-date: /home/qty/ros2_ws/install/turtlesim/include/turtlesim/action/detail
[12.295s] -- Installing: /home/qty/ros2_ws/install/turtlesim/include/turtlesim/action/detail/rotate_absolute__type_support.c
[12.295s] -- Installing: /home/qty/ros2_ws/install/turtlesim/include/turtlesim/action/detail/rotate_absolute__rosidl_typesupport_introspection_c.h
[12.295s] -- Installing: /home/qty/ros2_ws/install/turtlesim/lib/libturtlesim__rosidl_typesupport_introspection_c.so
[12.295s] -- Set runtime path of "/home/qty/ros2_ws/install/turtlesim/lib/libturtlesim__rosidl_typesupport_introspection_c.so" to ""
[12.295s] -- Installing: /home/qty/ros2_ws/install/turtlesim/lib/libturtlesim__rosidl_typesupport_c.so
[12.295s] -- Set runtime path of "/home/qty/ros2_ws/install/turtlesim/lib/libturtlesim__rosidl_typesupport_c.so" to ""
[12.296s] -- Up-to-date: /home/qty/ros2_ws/install/turtlesim/include/turtlesim
[12.296s] -- Up-to-date: /home/qty/ros2_ws/install/turtlesim/include/turtlesim/msg
[12.296s] -- Installing: /home/qty/ros2_ws/install/turtlesim/include/turtlesim/msg/pose.hpp
[12.296s] -- Installing: /home/qty/ros2_ws/install/turtlesim/include/turtlesim/msg/color.hpp
[12.296s] -- Up-to-date: /home/qty/ros2_ws/install/turtlesim/include/turtlesim/msg/detail
[12.296s] -- Installing: /home/qty/ros2_ws/install/turtlesim/include/turtlesim/msg/detail/pose__builder.hpp
[12.296s] -- Installing: /home/qty/ros2_ws/install/turtlesim/include/turtlesim/msg/detail/pose__traits.hpp
[12.296s] -- Installing: /home/qty/ros2_ws/install/turtlesim/include/turtlesim/msg/detail/color__traits.hpp
[12.296s] -- Installing: /home/qty/ros2_ws/install/turtlesim/include/turtlesim/msg/detail/color__builder.hpp
[12.296s] -- Installing: /home/qty/ros2_ws/install/turtlesim/include/turtlesim/msg/detail/pose__type_support.hpp
[12.296s] -- Installing: /home/qty/ros2_ws/install/turtlesim/include/turtlesim/msg/detail/color__struct.hpp
[12.296s] -- Installing: /home/qty/ros2_ws/install/turtlesim/include/turtlesim/msg/detail/pose__struct.hpp
[12.296s] -- Installing: /home/qty/ros2_ws/install/turtlesim/include/turtlesim/msg/detail/color__type_support.hpp
[12.296s] -- Installing: /home/qty/ros2_ws/install/turtlesim/include/turtlesim/msg/rosidl_generator_cpp__visibility_control.hpp
[12.296s] -- Up-to-date: /home/qty/ros2_ws/install/turtlesim/include/turtlesim/srv
[12.296s] -- Installing: /home/qty/ros2_ws/install/turtlesim/include/turtlesim/srv/teleport_absolute.hpp
[12.296s] -- Installing: /home/qty/ros2_ws/install/turtlesim/include/turtlesim/srv/kill.hpp
[12.296s] -- Installing: /home/qty/ros2_ws/install/turtlesim/include/turtlesim/srv/set_pen.hpp
[12.296s] -- Installing: /home/qty/ros2_ws/install/turtlesim/include/turtlesim/srv/teleport_relative.hpp
[12.296s] -- Up-to-date: /home/qty/ros2_ws/install/turtlesim/include/turtlesim/srv/detail
[12.297s] -- Installing: /home/qty/ros2_ws/install/turtlesim/include/turtlesim/srv/detail/kill__struct.hpp
[12.297s] -- Installing: /home/qty/ros2_ws/install/turtlesim/include/turtlesim/srv/detail/spawn__builder.hpp
[12.297s] -- Installing: /home/qty/ros2_ws/install/turtlesim/include/turtlesim/srv/detail/set_pen__builder.hpp
[12.297s] -- Installing: /home/qty/ros2_ws/install/turtlesim/include/turtlesim/srv/detail/kill__type_support.hpp
[12.297s] -- Installing: /home/qty/ros2_ws/install/turtlesim/include/turtlesim/srv/detail/teleport_absolute__struct.hpp
[12.297s] -- Installing: /home/qty/ros2_ws/install/turtlesim/include/turtlesim/srv/detail/teleport_absolute__builder.hpp
[12.297s] -- Installing: /home/qty/ros2_ws/install/turtlesim/include/turtlesim/srv/detail/spawn__struct.hpp
[12.297s] -- Installing: /home/qty/ros2_ws/install/turtlesim/include/turtlesim/srv/detail/set_pen__type_support.hpp
[12.297s] -- Installing: /home/qty/ros2_ws/install/turtlesim/include/turtlesim/srv/detail/teleport_relative__struct.hpp
[12.297s] -- Installing: /home/qty/ros2_ws/install/turtlesim/include/turtlesim/srv/detail/spawn__traits.hpp
[12.297s] -- Installing: /home/qty/ros2_ws/install/turtlesim/include/turtlesim/srv/detail/teleport_absolute__traits.hpp
[12.297s] -- Installing: /home/qty/ros2_ws/install/turtlesim/include/turtlesim/srv/detail/teleport_relative__type_support.hpp
[12.297s] -- Installing: /home/qty/ros2_ws/install/turtlesim/include/turtlesim/srv/detail/teleport_absolute__type_support.hpp
[12.297s] -- Installing: /home/qty/ros2_ws/install/turtlesim/include/turtlesim/srv/detail/teleport_relative__traits.hpp
[12.297s] -- Installing: /home/qty/ros2_ws/install/turtlesim/include/turtlesim/srv/detail/set_pen__traits.hpp
[12.297s] -- Installing: /home/qty/ros2_ws/install/turtlesim/include/turtlesim/srv/detail/kill__traits.hpp
[12.297s] -- Installing: /home/qty/ros2_ws/install/turtlesim/include/turtlesim/srv/detail/teleport_relative__builder.hpp
[12.297s] -- Installing: /home/qty/ros2_ws/install/turtlesim/include/turtlesim/srv/detail/kill__builder.hpp
[12.297s] -- Installing: /home/qty/ros2_ws/install/turtlesim/include/turtlesim/srv/detail/set_pen__struct.hpp
[12.298s] -- Installing: /home/qty/ros2_ws/install/turtlesim/include/turtlesim/srv/detail/spawn__type_support.hpp
[12.298s] -- Installing: /home/qty/ros2_ws/install/turtlesim/include/turtlesim/srv/spawn.hpp
[12.298s] -- Up-to-date: /home/qty/ros2_ws/install/turtlesim/include/turtlesim/action
[12.298s] -- Installing: /home/qty/ros2_ws/install/turtlesim/include/turtlesim/action/rotate_absolute.hpp
[12.298s] -- Up-to-date: /home/qty/ros2_ws/install/turtlesim/include/turtlesim/action/detail
[12.298s] -- Installing: /home/qty/ros2_ws/install/turtlesim/include/turtlesim/action/detail/rotate_absolute__traits.hpp
[12.298s] -- Installing: /home/qty/ros2_ws/install/turtlesim/include/turtlesim/action/detail/rotate_absolute__type_support.hpp
[12.298s] -- Installing: /home/qty/ros2_ws/install/turtlesim/include/turtlesim/action/detail/rotate_absolute__builder.hpp
[12.298s] -- Installing: /home/qty/ros2_ws/install/turtlesim/include/turtlesim/action/detail/rotate_absolute__struct.hpp
[12.298s] -- Up-to-date: /home/qty/ros2_ws/install/turtlesim/include/turtlesim
[12.298s] -- Up-to-date: /home/qty/ros2_ws/install/turtlesim/include/turtlesim/msg
[12.298s] -- Up-to-date: /home/qty/ros2_ws/install/turtlesim/include/turtlesim/msg/detail
[12.298s] -- Installing: /home/qty/ros2_ws/install/turtlesim/include/turtlesim/msg/detail/color__rosidl_typesupport_introspection_cpp.hpp
[12.298s] -- Installing: /home/qty/ros2_ws/install/turtlesim/include/turtlesim/msg/detail/color__type_support.cpp
[12.298s] -- Installing: /home/qty/ros2_ws/install/turtlesim/include/turtlesim/msg/detail/pose__type_support.cpp
[12.298s] -- Installing: /home/qty/ros2_ws/install/turtlesim/include/turtlesim/msg/detail/pose__rosidl_typesupport_introspection_cpp.hpp
[12.298s] -- Up-to-date: /home/qty/ros2_ws/install/turtlesim/include/turtlesim/srv
[12.298s] -- Up-to-date: /home/qty/ros2_ws/install/turtlesim/include/turtlesim/srv/detail
[12.298s] -- Installing: /home/qty/ros2_ws/install/turtlesim/include/turtlesim/srv/detail/kill__rosidl_typesupport_introspection_cpp.hpp
[12.298s] -- Installing: /home/qty/ros2_ws/install/turtlesim/include/turtlesim/srv/detail/set_pen__rosidl_typesupport_introspection_cpp.hpp
[12.299s] -- Installing: /home/qty/ros2_ws/install/turtlesim/include/turtlesim/srv/detail/teleport_relative__type_support.cpp
[12.299s] -- Installing: /home/qty/ros2_ws/install/turtlesim/include/turtlesim/srv/detail/kill__type_support.cpp
[12.299s] -- Installing: /home/qty/ros2_ws/install/turtlesim/include/turtlesim/srv/detail/teleport_absolute__type_support.cpp
[12.299s] -- Installing: /home/qty/ros2_ws/install/turtlesim/include/turtlesim/srv/detail/spawn__rosidl_typesupport_introspection_cpp.hpp
[12.299s] -- Installing: /home/qty/ros2_ws/install/turtlesim/include/turtlesim/srv/detail/teleport_relative__rosidl_typesupport_introspection_cpp.hpp
[12.299s] -- Installing: /home/qty/ros2_ws/install/turtlesim/include/turtlesim/srv/detail/set_pen__type_support.cpp
[12.299s] -- Installing: /home/qty/ros2_ws/install/turtlesim/include/turtlesim/srv/detail/spawn__type_support.cpp
[12.299s] -- Installing: /home/qty/ros2_ws/install/turtlesim/include/turtlesim/srv/detail/teleport_absolute__rosidl_typesupport_introspection_cpp.hpp
[12.299s] -- Up-to-date: /home/qty/ros2_ws/install/turtlesim/include/turtlesim/action
[12.299s] -- Up-to-date: /home/qty/ros2_ws/install/turtlesim/include/turtlesim/action/detail
[12.299s] -- Installing: /home/qty/ros2_ws/install/turtlesim/include/turtlesim/action/detail/rotate_absolute__type_support.cpp
[12.299s] -- Installing: /home/qty/ros2_ws/install/turtlesim/include/turtlesim/action/detail/rotate_absolute__rosidl_typesupport_introspection_cpp.hpp
[12.299s] -- Installing: /home/qty/ros2_ws/install/turtlesim/lib/libturtlesim__rosidl_typesupport_introspection_cpp.so
[12.299s] -- Set runtime path of "/home/qty/ros2_ws/install/turtlesim/lib/libturtlesim__rosidl_typesupport_introspection_cpp.so" to ""
[12.299s] -- Installing: /home/qty/ros2_ws/install/turtlesim/lib/libturtlesim__rosidl_typesupport_cpp.so
[12.299s] -- Set runtime path of "/home/qty/ros2_ws/install/turtlesim/lib/libturtlesim__rosidl_typesupport_cpp.so" to ""
[12.299s] -- Installing: /home/qty/ros2_ws/install/turtlesim/share/turtlesim/environment/pythonpath.sh
[12.299s] -- Installing: /home/qty/ros2_ws/install/turtlesim/share/turtlesim/environment/pythonpath.dsv
[12.300s] -- Installing: /home/qty/ros2_ws/install/turtlesim/lib/python3.8/site-packages/turtlesim/__init__.py
[12.329s] Compiling '/home/qty/ros2_ws/install/turtlesim/lib/python3.8/site-packages/turtlesim/__init__.py'...
[12.332s] -- Installing: /home/qty/ros2_ws/install/turtlesim/lib/python3.8/site-packages/turtlesim/action
[12.332s] -- Installing: /home/qty/ros2_ws/install/turtlesim/lib/python3.8/site-packages/turtlesim/action/_rotate_absolute.py
[12.332s] -- Installing: /home/qty/ros2_ws/install/turtlesim/lib/python3.8/site-packages/turtlesim/action/__init__.py
[12.332s] -- Installing: /home/qty/ros2_ws/install/turtlesim/lib/python3.8/site-packages/turtlesim/action/_rotate_absolute_s.c
[12.332s] -- Installing: /home/qty/ros2_ws/install/turtlesim/lib/python3.8/site-packages/turtlesim/msg
[12.332s] -- Installing: /home/qty/ros2_ws/install/turtlesim/lib/python3.8/site-packages/turtlesim/msg/_color.py
[12.332s] -- Installing: /home/qty/ros2_ws/install/turtlesim/lib/python3.8/site-packages/turtlesim/msg/__init__.py
[12.332s] -- Installing: /home/qty/ros2_ws/install/turtlesim/lib/python3.8/site-packages/turtlesim/msg/_pose.py
[12.332s] -- Installing: /home/qty/ros2_ws/install/turtlesim/lib/python3.8/site-packages/turtlesim/msg/_color_s.c
[12.333s] -- Installing: /home/qty/ros2_ws/install/turtlesim/lib/python3.8/site-packages/turtlesim/msg/_pose_s.c
[12.333s] -- Installing: /home/qty/ros2_ws/install/turtlesim/lib/python3.8/site-packages/turtlesim/srv
[12.333s] -- Installing: /home/qty/ros2_ws/install/turtlesim/lib/python3.8/site-packages/turtlesim/srv/_teleport_relative.py
[12.333s] -- Installing: /home/qty/ros2_ws/install/turtlesim/lib/python3.8/site-packages/turtlesim/srv/_kill.py
[12.333s] -- Installing: /home/qty/ros2_ws/install/turtlesim/lib/python3.8/site-packages/turtlesim/srv/_teleport_absolute_s.c
[12.333s] -- Installing: /home/qty/ros2_ws/install/turtlesim/lib/python3.8/site-packages/turtlesim/srv/_spawn_s.c
[12.333s] -- Installing: /home/qty/ros2_ws/install/turtlesim/lib/python3.8/site-packages/turtlesim/srv/_set_pen_s.c
[12.333s] -- Installing: /home/qty/ros2_ws/install/turtlesim/lib/python3.8/site-packages/turtlesim/srv/__init__.py
[12.333s] -- Installing: /home/qty/ros2_ws/install/turtlesim/lib/python3.8/site-packages/turtlesim/srv/_set_pen.py
[12.333s] -- Installing: /home/qty/ros2_ws/install/turtlesim/lib/python3.8/site-packages/turtlesim/srv/_spawn.py
[12.333s] -- Installing: /home/qty/ros2_ws/install/turtlesim/lib/python3.8/site-packages/turtlesim/srv/_teleport_absolute.py
[12.333s] -- Installing: /home/qty/ros2_ws/install/turtlesim/lib/python3.8/site-packages/turtlesim/srv/_kill_s.c
[12.333s] -- Installing: /home/qty/ros2_ws/install/turtlesim/lib/python3.8/site-packages/turtlesim/srv/_teleport_relative_s.c
[12.333s] -- Installing: /home/qty/ros2_ws/install/turtlesim/lib/python3.8/site-packages/turtlesim/turtlesim_s__rosidl_typesupport_fastrtps_c.cpython-38-x86_64-linux-gnu.so
[12.333s] -- Set runtime path of "/home/qty/ros2_ws/install/turtlesim/lib/python3.8/site-packages/turtlesim/turtlesim_s__rosidl_typesupport_fastrtps_c.cpython-38-x86_64-linux-gnu.so" to ""
[12.334s] -- Installing: /home/qty/ros2_ws/install/turtlesim/lib/python3.8/site-packages/turtlesim/turtlesim_s__rosidl_typesupport_introspection_c.cpython-38-x86_64-linux-gnu.so
[12.334s] -- Set runtime path of "/home/qty/ros2_ws/install/turtlesim/lib/python3.8/site-packages/turtlesim/turtlesim_s__rosidl_typesupport_introspection_c.cpython-38-x86_64-linux-gnu.so" to ""
[12.334s] -- Installing: /home/qty/ros2_ws/install/turtlesim/lib/python3.8/site-packages/turtlesim/turtlesim_s__rosidl_typesupport_c.cpython-38-x86_64-linux-gnu.so
[12.334s] -- Set runtime path of "/home/qty/ros2_ws/install/turtlesim/lib/python3.8/site-packages/turtlesim/turtlesim_s__rosidl_typesupport_c.cpython-38-x86_64-linux-gnu.so" to ""
[12.334s] -- Installing: /home/qty/ros2_ws/install/turtlesim/lib/libturtlesim__python.so
[12.335s] -- Set runtime path of "/home/qty/ros2_ws/install/turtlesim/lib/libturtlesim__python.so" to ""
[12.335s] -- Installing: /home/qty/ros2_ws/install/turtlesim/share/turtlesim/action/RotateAbsolute.idl
[12.335s] -- Installing: /home/qty/ros2_ws/install/turtlesim/share/turtlesim/msg/Color.idl
[12.335s] -- Installing: /home/qty/ros2_ws/install/turtlesim/share/turtlesim/msg/Pose.idl
[12.335s] -- Installing: /home/qty/ros2_ws/install/turtlesim/share/turtlesim/srv/Kill.idl
[12.335s] -- Installing: /home/qty/ros2_ws/install/turtlesim/share/turtlesim/srv/SetPen.idl
[12.335s] -- Installing: /home/qty/ros2_ws/install/turtlesim/share/turtlesim/srv/Spawn.idl
[12.335s] -- Installing: /home/qty/ros2_ws/install/turtlesim/share/turtlesim/srv/TeleportAbsolute.idl
[12.335s] -- Installing: /home/qty/ros2_ws/install/turtlesim/share/turtlesim/srv/TeleportRelative.idl
[12.335s] -- Installing: /home/qty/ros2_ws/install/turtlesim/share/turtlesim/action/RotateAbsolute.action
[12.335s] -- Installing: /home/qty/ros2_ws/install/turtlesim/share/turtlesim/msg/Color.msg
[12.335s] -- Installing: /home/qty/ros2_ws/install/turtlesim/share/turtlesim/msg/Pose.msg
[12.335s] -- Installing: /home/qty/ros2_ws/install/turtlesim/share/turtlesim/srv/Kill.srv
[12.336s] -- Installing: /home/qty/ros2_ws/install/turtlesim/share/turtlesim/srv/Kill_Request.msg
[12.336s] -- Installing: /home/qty/ros2_ws/install/turtlesim/share/turtlesim/srv/Kill_Response.msg
[12.336s] -- Installing: /home/qty/ros2_ws/install/turtlesim/share/turtlesim/srv/SetPen.srv
[12.336s] -- Installing: /home/qty/ros2_ws/install/turtlesim/share/turtlesim/srv/SetPen_Request.msg
[12.336s] -- Installing: /home/qty/ros2_ws/install/turtlesim/share/turtlesim/srv/SetPen_Response.msg
[12.336s] -- Installing: /home/qty/ros2_ws/install/turtlesim/share/turtlesim/srv/Spawn.srv
[12.336s] -- Installing: /home/qty/ros2_ws/install/turtlesim/share/turtlesim/srv/Spawn_Request.msg
[12.336s] -- Installing: /home/qty/ros2_ws/install/turtlesim/share/turtlesim/srv/Spawn_Response.msg
[12.336s] -- Installing: /home/qty/ros2_ws/install/turtlesim/share/turtlesim/srv/TeleportAbsolute.srv
[12.336s] -- Installing: /home/qty/ros2_ws/install/turtlesim/share/turtlesim/srv/TeleportAbsolute_Request.msg
[12.336s] -- Installing: /home/qty/ros2_ws/install/turtlesim/share/turtlesim/srv/TeleportAbsolute_Response.msg
[12.336s] -- Installing: /home/qty/ros2_ws/install/turtlesim/share/turtlesim/srv/TeleportRelative.srv
[12.336s] -- Installing: /home/qty/ros2_ws/install/turtlesim/share/turtlesim/srv/TeleportRelative_Request.msg
[12.336s] -- Installing: /home/qty/ros2_ws/install/turtlesim/share/turtlesim/srv/TeleportRelative_Response.msg
[12.337s] -- Installing: /home/qty/ros2_ws/install/turtlesim/lib/turtlesim/turtlesim_node
[12.339s] -- Set runtime path of "/home/qty/ros2_ws/install/turtlesim/lib/turtlesim/turtlesim_node" to ""
[12.339s] -- Installing: /home/qty/ros2_ws/install/turtlesim/lib/turtlesim/turtle_teleop_key
[12.340s] -- Set runtime path of "/home/qty/ros2_ws/install/turtlesim/lib/turtlesim/turtle_teleop_key" to ""
[12.340s] -- Installing: /home/qty/ros2_ws/install/turtlesim/lib/turtlesim/draw_square
[12.341s] -- Set runtime path of "/home/qty/ros2_ws/install/turtlesim/lib/turtlesim/draw_square" to ""
[12.341s] -- Installing: /home/qty/ros2_ws/install/turtlesim/lib/turtlesim/mimic
[12.342s] -- Set runtime path of "/home/qty/ros2_ws/install/turtlesim/lib/turtlesim/mimic" to ""
[12.342s] -- Installing: /home/qty/ros2_ws/install/turtlesim/share/turtlesim/images
[12.342s] -- Installing: /home/qty/ros2_ws/install/turtlesim/share/turtlesim/images/eloquent.png
[12.342s] -- Installing: /home/qty/ros2_ws/install/turtlesim/share/turtlesim/images/ardent.png
[12.342s] -- Installing: /home/qty/ros2_ws/install/turtlesim/share/turtlesim/images/dashing.png
[12.342s] -- Installing: /home/qty/ros2_ws/install/turtlesim/share/turtlesim/images/foxy.png
[12.342s] -- Installing: /home/qty/ros2_ws/install/turtlesim/share/turtlesim/images/bouncy.png
[12.342s] -- Installing: /home/qty/ros2_ws/install/turtlesim/share/turtlesim/images/crystal.png
[12.342s] -- Installing: /home/qty/ros2_ws/install/turtlesim/share/turtlesim/launch
[12.343s] -- Installing: /home/qty/ros2_ws/install/turtlesim/share/turtlesim/launch/multisim.launch.py
[12.343s] -- Installing: /home/qty/ros2_ws/install/turtlesim/share/ament_index/resource_index/package_run_dependencies/turtlesim
[12.343s] -- Installing: /home/qty/ros2_ws/install/turtlesim/share/ament_index/resource_index/parent_prefix_path/turtlesim
[12.343s] -- Installing: /home/qty/ros2_ws/install/turtlesim/share/turtlesim/environment/ament_prefix_path.sh
[12.343s] -- Installing: /home/qty/ros2_ws/install/turtlesim/share/turtlesim/environment/ament_prefix_path.dsv
[12.343s] -- Installing: /home/qty/ros2_ws/install/turtlesim/share/turtlesim/environment/path.sh
[12.343s] -- Installing: /home/qty/ros2_ws/install/turtlesim/share/turtlesim/environment/path.dsv
[12.343s] -- Installing: /home/qty/ros2_ws/install/turtlesim/share/turtlesim/local_setup.bash
[12.343s] -- Installing: /home/qty/ros2_ws/install/turtlesim/share/turtlesim/local_setup.sh
[12.343s] -- Installing: /home/qty/ros2_ws/install/turtlesim/share/turtlesim/local_setup.zsh
[12.343s] -- Installing: /home/qty/ros2_ws/install/turtlesim/share/turtlesim/local_setup.dsv
[12.344s] -- Installing: /home/qty/ros2_ws/install/turtlesim/share/turtlesim/package.dsv
[12.344s] -- Installing: /home/qty/ros2_ws/install/turtlesim/share/ament_index/resource_index/packages/turtlesim
[12.344s] -- Installing: /home/qty/ros2_ws/install/turtlesim/share/turtlesim/cmake/turtlesim__rosidl_generator_cExport.cmake
[12.344s] -- Installing: /home/qty/ros2_ws/install/turtlesim/share/turtlesim/cmake/turtlesim__rosidl_generator_cExport-noconfig.cmake
[12.344s] -- Installing: /home/qty/ros2_ws/install/turtlesim/share/turtlesim/cmake/turtlesim__rosidl_typesupport_introspection_cExport.cmake
[12.344s] -- Installing: /home/qty/ros2_ws/install/turtlesim/share/turtlesim/cmake/turtlesim__rosidl_typesupport_introspection_cExport-noconfig.cmake
[12.344s] -- Installing: /home/qty/ros2_ws/install/turtlesim/share/turtlesim/cmake/turtlesim__rosidl_typesupport_cExport.cmake
[12.344s] -- Installing: /home/qty/ros2_ws/install/turtlesim/share/turtlesim/cmake/turtlesim__rosidl_typesupport_cExport-noconfig.cmake
[12.344s] -- Installing: /home/qty/ros2_ws/install/turtlesim/share/turtlesim/cmake/turtlesim__rosidl_generator_cppExport.cmake
[12.344s] -- Installing: /home/qty/ros2_ws/install/turtlesim/share/turtlesim/cmake/turtlesim__rosidl_typesupport_introspection_cppExport.cmake
[12.344s] -- Installing: /home/qty/ros2_ws/install/turtlesim/share/turtlesim/cmake/turtlesim__rosidl_typesupport_introspection_cppExport-noconfig.cmake
[12.345s] -- Installing: /home/qty/ros2_ws/install/turtlesim/share/turtlesim/cmake/turtlesim__rosidl_typesupport_cppExport.cmake
[12.345s] -- Installing: /home/qty/ros2_ws/install/turtlesim/share/turtlesim/cmake/turtlesim__rosidl_typesupport_cppExport-noconfig.cmake
[12.345s] -- Installing: /home/qty/ros2_ws/install/turtlesim/share/turtlesim/cmake/rosidl_cmake-extras.cmake
[12.345s] -- Installing: /home/qty/ros2_ws/install/turtlesim/share/turtlesim/cmake/ament_cmake_export_dependencies-extras.cmake
[12.345s] -- Installing: /home/qty/ros2_ws/install/turtlesim/share/turtlesim/cmake/ament_cmake_export_libraries-extras.cmake
[12.345s] -- Installing: /home/qty/ros2_ws/install/turtlesim/share/turtlesim/cmake/ament_cmake_export_targets-extras.cmake
[12.345s] -- Installing: /home/qty/ros2_ws/install/turtlesim/share/turtlesim/cmake/ament_cmake_export_include_directories-extras.cmake
[12.345s] -- Installing: /home/qty/ros2_ws/install/turtlesim/share/turtlesim/cmake/rosidl_cmake_export_typesupport_libraries-extras.cmake
[12.345s] -- Installing: /home/qty/ros2_ws/install/turtlesim/share/turtlesim/cmake/rosidl_cmake_export_typesupport_targets-extras.cmake
[12.345s] -- Installing: /home/qty/ros2_ws/install/turtlesim/share/turtlesim/cmake/turtlesimConfig.cmake
[12.345s] -- Installing: /home/qty/ros2_ws/install/turtlesim/share/turtlesim/cmake/turtlesimConfig-version.cmake
[12.345s] -- Installing: /home/qty/ros2_ws/install/turtlesim/share/turtlesim/package.xml
[12.347s] Invoked command in '/home/qty/ros2_ws/build/turtlesim' returned '0': CMAKE_PREFIX_PATH=${CMAKE_PREFIX_PATH}:/home/qty/ros2_ws/install/examples_rclpy_minimal_subscriber:/home/qty/ros2_ws/install/examples_rclpy_minimal_service:/home/qty/ros2_ws/install/examples_rclpy_minimal_publisher:/home/qty/ros2_ws/install/examples_rclpy_minimal_client:/home/qty/ros2_ws/install/examples_rclpy_minimal_action_server:/home/qty/ros2_ws/install/examples_rclpy_minimal_action_client:/home/qty/ros2_ws/install/examples_rclpy_executors:/opt/ros/foxy /usr/bin/cmake --install /home/qty/ros2_ws/build/turtlesim
