[0.884s] Invoking command in '/home/qty/ros2_ws/build/hoverboard_controller': CMAKE_PREFIX_PATH=/home/qty/ros2_ws/install/slam_toolbox:/home/qty/ros2_ws/install/rplidar_ros:/home/qty/ros2_ws/install/hoverboard_msgs:/home/qty/ros2_ws/install/ros2_laser_scan_matcher:/home/qty/ros2_ws/install/csm:/home/qty/ros2_ws/install/articubot_one PYTHONPATH=/home/qty/ros2_ws/build/hoverboard_controller/prefix_override:/home/qty/ros2_ws/install/hoverboard_controller/lib/python3.8/site-packages:/home/qty/ros2_ws/install/slam_toolbox/lib/python3.8/site-packages:/home/qty/ros2_ws/install/hoverboard_msgs/lib/python3.8/site-packages:/home/qty/ros2_ws/build/hoverboard_controller:/home/qty/ros2_ws/install/hoverboard_controller/lib/python3.8/site-packages:/opt/ros/foxy/lib/python3.8/site-packages /usr/bin/python3 setup.py develop --editable --build-directory /home/qty/ros2_ws/build/hoverboard_controller/build --no-deps install_data
[1.076s] running develop
[1.190s] running egg_info
[1.190s] writing hoverboard_controller.egg-info/PKG-INFO
[1.190s] writing dependency_links to hoverboard_controller.egg-info/dependency_links.txt
[1.190s] writing entry points to hoverboard_controller.egg-info/entry_points.txt
[1.190s] writing requirements to hoverboard_controller.egg-info/requires.txt
[1.190s] writing top-level names to hoverboard_controller.egg-info/top_level.txt
[1.225s] reading manifest file 'hoverboard_controller.egg-info/SOURCES.txt'
[1.226s] writing manifest file 'hoverboard_controller.egg-info/SOURCES.txt'
[1.253s] running build_ext
[1.253s] Creating /home/qty/ros2_ws/install/hoverboard_controller/lib/python3.8/site-packages/hoverboard-controller.egg-link (link to .)
[1.254s] Installing heat_map_controller script to /home/qty/ros2_ws/install/hoverboard_controller/lib/hoverboard_controller
[1.254s] Installing heat_map_tester script to /home/qty/ros2_ws/install/hoverboard_controller/lib/hoverboard_controller
[1.254s] Installing hoverboard_controller script to /home/qty/ros2_ws/install/hoverboard_controller/lib/hoverboard_controller
[1.254s] Installing joystick_controller script to /home/qty/ros2_ws/install/hoverboard_controller/lib/hoverboard_controller
[1.254s] Installing navigation_controller script to /home/qty/ros2_ws/install/hoverboard_controller/lib/hoverboard_controller
[1.254s] Installing navigation_controller_tester script to /home/qty/ros2_ws/install/hoverboard_controller/lib/hoverboard_controller
[1.254s] 
[1.255s] Installed /home/qty/ros2_ws/build/hoverboard_controller
[1.255s] running install_data
[1.273s] Invoked command in '/home/qty/ros2_ws/build/hoverboard_controller' returned '0': CMAKE_PREFIX_PATH=/home/qty/ros2_ws/install/slam_toolbox:/home/qty/ros2_ws/install/rplidar_ros:/home/qty/ros2_ws/install/hoverboard_msgs:/home/qty/ros2_ws/install/ros2_laser_scan_matcher:/home/qty/ros2_ws/install/csm:/home/qty/ros2_ws/install/articubot_one PYTHONPATH=/home/qty/ros2_ws/build/hoverboard_controller/prefix_override:/home/qty/ros2_ws/install/hoverboard_controller/lib/python3.8/site-packages:/home/qty/ros2_ws/install/slam_toolbox/lib/python3.8/site-packages:/home/qty/ros2_ws/install/hoverboard_msgs/lib/python3.8/site-packages:/home/qty/ros2_ws/build/hoverboard_controller:/home/qty/ros2_ws/install/hoverboard_controller/lib/python3.8/site-packages:/opt/ros/foxy/lib/python3.8/site-packages /usr/bin/python3 setup.py develop --editable --build-directory /home/qty/ros2_ws/build/hoverboard_controller/build --no-deps install_data
