[0.936s] Invoking command in '/home/qty/ros2_ws/build/rplidar_ros': CMAKE_PREFIX_PATH=${CMAKE_PREFIX_PATH}:/home/qty/ros2_ws/install/hoverboard_controller:/opt/ros/foxy /usr/bin/cmake /home/qty/ros2_ws/src/rplidar_ros2 -DAMENT_CMAKE_SYMLINK_INSTALL=1 -DCMAKE_INSTALL_PREFIX=/home/qty/ros2_ws/install/rplidar_ros
[0.972s] -- Found ament_cmake_auto: 0.9.12 (/opt/ros/foxy/share/ament_cmake_auto/cmake)
[1.071s] -- Using PYTHON_EXECUTABLE: /usr/bin/python3
[1.695s] -- Override CMake install command with custom implementation using symlinks instead of copying resources
[1.723s] -- Found ament_cmake_ros: 0.9.2 (/opt/ros/foxy/share/ament_cmake_ros/cmake)
[2.062s] -- Using all available rosidl_typesupport_c: rosidl_typesupport_fastrtps_c;rosidl_typesupport_introspection_c
[2.070s] -- Found rosidl_adapter: 1.3.1 (/opt/ros/foxy/share/rosidl_adapter/cmake)
[2.358s] -- Using all available rosidl_typesupport_cpp: rosidl_typesupport_fastrtps_cpp;rosidl_typesupport_introspection_cpp
[2.461s] -- Found rmw_implementation_cmake: 1.0.4 (/opt/ros/foxy/share/rmw_implementation_cmake/cmake)
[2.466s] -- Using RMW implementation 'rmw_fastrtps_cpp' as default
[3.334s] -- Configuring done
[3.400s] -- Generating done
[3.407s] -- Build files have been written to: /home/qty/ros2_ws/build/rplidar_ros
[3.580s] Invoked command in '/home/qty/ros2_ws/build/rplidar_ros' returned '0': CMAKE_PREFIX_PATH=${CMAKE_PREFIX_PATH}:/home/qty/ros2_ws/install/hoverboard_controller:/opt/ros/foxy /usr/bin/cmake /home/qty/ros2_ws/src/rplidar_ros2 -DAMENT_CMAKE_SYMLINK_INSTALL=1 -DCMAKE_INSTALL_PREFIX=/home/qty/ros2_ws/install/rplidar_ros
[3.586s] Invoking command in '/home/qty/ros2_ws/build/rplidar_ros': CMAKE_PREFIX_PATH=${CMAKE_PREFIX_PATH}:/home/qty/ros2_ws/install/hoverboard_controller:/opt/ros/foxy /usr/bin/cmake --build /home/qty/ros2_ws/build/rplidar_ros -- -j16 -l16
[3.780s] [ 27%] Built target rplidarNodeClient
[3.781s] [ 50%] Built target rplidar_composition_node
[3.787s] [ 88%] Built target rplidarNode
[3.865s] [100%] Built target rplidar_composition
[4.334s] Invoked command in '/home/qty/ros2_ws/build/rplidar_ros' returned '0': CMAKE_PREFIX_PATH=${CMAKE_PREFIX_PATH}:/home/qty/ros2_ws/install/hoverboard_controller:/opt/ros/foxy /usr/bin/cmake --build /home/qty/ros2_ws/build/rplidar_ros -- -j16 -l16
[4.449s] Invoking command in '/home/qty/ros2_ws/build/rplidar_ros': CMAKE_PREFIX_PATH=${CMAKE_PREFIX_PATH}:/home/qty/ros2_ws/install/hoverboard_controller:/opt/ros/foxy /usr/bin/cmake --install /home/qty/ros2_ws/build/rplidar_ros
[4.470s] -- Install configuration: ""
[4.475s] -- Execute custom install script
[4.475s] -- Up-to-date symlink: /home/qty/ros2_ws/install/rplidar_ros/lib/rplidar_ros/rplidarNode
[4.476s] -- Up-to-date symlink: /home/qty/ros2_ws/install/rplidar_ros/lib/rplidar_ros/rplidarNodeClient
[4.476s] -- Up-to-date symlink: /home/qty/ros2_ws/install/rplidar_ros/lib/rplidar_ros/rplidar_composition
[4.476s] -- Up-to-date symlink: /home/qty/ros2_ws/install/rplidar_ros/share/rplidar_ros/launch/rplidar.launch.py
[4.476s] -- Up-to-date symlink: /home/qty/ros2_ws/install/rplidar_ros/share/rplidar_ros/launch/rplidar_a3.launch.py
[4.477s] -- Up-to-date symlink: /home/qty/ros2_ws/install/rplidar_ros/share/rplidar_ros/launch/rplidar_s1.launch.py
[4.477s] -- Up-to-date symlink: /home/qty/ros2_ws/install/rplidar_ros/share/rplidar_ros/launch/rplidar_s1_tcp.launch.py
[4.477s] -- Up-to-date symlink: /home/qty/ros2_ws/install/rplidar_ros/share/rplidar_ros/launch/test_rplidar.launch.py
[4.477s] -- Up-to-date symlink: /home/qty/ros2_ws/install/rplidar_ros/share/rplidar_ros/launch/test_rplidar_a3.launch.py
[4.477s] -- Up-to-date symlink: /home/qty/ros2_ws/install/rplidar_ros/share/rplidar_ros/launch/view_rplidar.launch.py
[4.478s] -- Up-to-date symlink: /home/qty/ros2_ws/install/rplidar_ros/share/rplidar_ros/launch/view_rplidar_a3.launch.py
[4.478s] -- Up-to-date symlink: /home/qty/ros2_ws/install/rplidar_ros/share/rplidar_ros/launch/view_rplidar_s1.launch.py
[4.478s] -- Up-to-date symlink: /home/qty/ros2_ws/install/rplidar_ros/share/rplidar_ros/launch/view_rplidar_s1_tcp.launch.py
[4.478s] -- Up-to-date symlink: /home/qty/ros2_ws/install/rplidar_ros/share/rplidar_ros/rviz/rplidar.rviz
[4.478s] -- Up-to-date symlink: /home/qty/ros2_ws/install/rplidar_ros/lib/librplidar_composition_node.so
[4.478s] -- Up-to-date symlink: /home/qty/ros2_ws/install/rplidar_ros/include/rplidar_node.hpp
[4.479s] -- Up-to-date symlink: /home/qty/ros2_ws/install/rplidar_ros/include/visibility.h
[4.479s] -- Up-to-date symlink: /home/qty/ros2_ws/install/rplidar_ros/lib/rplidar_ros/rplidarNode
[4.480s] -- Up-to-date symlink: /home/qty/ros2_ws/install/rplidar_ros/lib/rplidar_ros/rplidarNodeClient
[4.482s] -- Up-to-date symlink: /home/qty/ros2_ws/install/rplidar_ros/lib/rplidar_ros/rplidar_composition
[4.483s] -- Up-to-date symlink: /home/qty/ros2_ws/install/rplidar_ros/share/ament_index/resource_index/package_run_dependencies/rplidar_ros
[4.484s] -- Up-to-date symlink: /home/qty/ros2_ws/install/rplidar_ros/share/ament_index/resource_index/parent_prefix_path/rplidar_ros
[4.490s] -- Up-to-date symlink: /home/qty/ros2_ws/install/rplidar_ros/share/rplidar_ros/environment/ament_prefix_path.sh
[4.494s] -- Up-to-date symlink: /home/qty/ros2_ws/install/rplidar_ros/share/rplidar_ros/environment/ament_prefix_path.dsv
[4.495s] -- Up-to-date symlink: /home/qty/ros2_ws/install/rplidar_ros/share/rplidar_ros/environment/path.sh
[4.496s] -- Up-to-date symlink: /home/qty/ros2_ws/install/rplidar_ros/share/rplidar_ros/environment/path.dsv
[4.496s] -- Up-to-date symlink: /home/qty/ros2_ws/install/rplidar_ros/share/rplidar_ros/local_setup.bash
[4.496s] -- Up-to-date symlink: /home/qty/ros2_ws/install/rplidar_ros/share/rplidar_ros/local_setup.sh
[4.496s] -- Up-to-date symlink: /home/qty/ros2_ws/install/rplidar_ros/share/rplidar_ros/local_setup.zsh
[4.496s] -- Up-to-date symlink: /home/qty/ros2_ws/install/rplidar_ros/share/rplidar_ros/local_setup.dsv
[4.504s] -- Symlinking: /home/qty/ros2_ws/install/rplidar_ros/share/rplidar_ros/package.dsv
[4.515s] -- Up-to-date symlink: /home/qty/ros2_ws/install/rplidar_ros/share/ament_index/resource_index/packages/rplidar_ros
[4.515s] -- Up-to-date symlink: /home/qty/ros2_ws/install/rplidar_ros/share/rplidar_ros/cmake/ament_cmake_export_dependencies-extras.cmake
[4.515s] -- Up-to-date symlink: /home/qty/ros2_ws/install/rplidar_ros/share/rplidar_ros/cmake/ament_cmake_export_include_directories-extras.cmake
[4.516s] -- Up-to-date symlink: /home/qty/ros2_ws/install/rplidar_ros/share/rplidar_ros/cmake/rplidar_rosConfig.cmake
[4.521s] -- Up-to-date symlink: /home/qty/ros2_ws/install/rplidar_ros/share/rplidar_ros/cmake/rplidar_rosConfig-version.cmake
[4.523s] -- Up-to-date symlink: /home/qty/ros2_ws/install/rplidar_ros/share/rplidar_ros/package.xml
[5.485s] Invoked command in '/home/qty/ros2_ws/build/rplidar_ros' returned '0': CMAKE_PREFIX_PATH=${CMAKE_PREFIX_PATH}:/home/qty/ros2_ws/install/hoverboard_controller:/opt/ros/foxy /usr/bin/cmake --install /home/qty/ros2_ws/build/rplidar_ros
