[0.928s] Invoking command in '/home/qty/ros2_ws/build/hoverboard_controller': CMAKE_PREFIX_PATH=/home/qty/ros2_ws/install/slam_toolbox:/home/qty/ros2_ws/install/rplidar_ros:/home/qty/ros2_ws/install/hoverboard_msgs:/home/qty/ros2_ws/install/slam_gmapping:/home/qty/ros2_ws/install/ros2_laser_scan_matcher:/home/qty/ros2_ws/install/openslam_gmapping:/home/qty/ros2_ws/install/csm:/home/qty/ros2_ws/install/articubot_one LD_LIBRARY_PATH=/home/qty/ros2_ws/install/slam_toolbox/lib:/home/qty/ros2_ws/install/rplidar_ros/lib:/home/qty/ros2_ws/install/hoverboard_msgs/lib:/home/qty/ros2_ws/install/openslam_gmapping/lib:/home/qty/ros2_ws/install/csm/lib:/usr/lib/x86_64-linux-gnu/gazebo-11/plugins:/opt/ros/foxy/opt/yaml_cpp_vendor/lib:/opt/ros/foxy/opt/rviz_ogre_vendor/lib:/opt/ros/foxy/lib/x86_64-linux-gnu:/opt/ros/foxy/lib PYTHONPATH=/home/qty/ros2_ws/build/hoverboard_controller/prefix_override:/home/qty/ros2_ws/install/hoverboard_controller/lib/python3.8/site-packages:/home/qty/ros2_ws/install/slam_toolbox/lib/python3.8/site-packages:/home/qty/ros2_ws/install/hoverboard_msgs/lib/python3.8/site-packages:/home/qty/ros2_ws/build/hoverboard_controller:/home/qty/ros2_ws/install/hoverboard_controller/lib/python3.8/site-packages:/opt/ros/foxy/lib/python3.8/site-packages /usr/bin/python3 setup.py develop --editable --build-directory /home/qty/ros2_ws/build/hoverboard_controller/build --no-deps install_data
[1.058s] /home/qty/.local/lib/python3.8/site-packages/setuptools/dist.py:472: SetuptoolsDeprecationWarning: Invalid dash-separated options
[1.058s] !!
[1.058s] 
[1.058s]         ********************************************************************************
[1.058s]         Usage of dash-separated 'script-dir' will not be supported in future
[1.059s]         versions. Please use the underscore name 'script_dir' instead.
[1.059s] 
[1.059s]         By 2024-Sep-26, you need to update your project and remove deprecated calls
[1.059s]         or your builds will no longer be supported.
[1.059s] 
[1.059s]         See https://setuptools.pypa.io/en/latest/userguide/declarative_config.html for details.
[1.059s]         ********************************************************************************
[1.060s] 
[1.060s] !!
[1.060s]   opt = self.warn_dash_deprecation(opt, section)
[1.268s] running develop
[1.268s] /home/qty/.local/lib/python3.8/site-packages/setuptools/command/develop.py:39: EasyInstallDeprecationWarning: easy_install command is deprecated.
[1.268s] !!
[1.268s] 
[1.268s]         ********************************************************************************
[1.269s]         Please avoid running ``setup.py`` and ``easy_install``.
[1.269s]         Instead, use pypa/build, pypa/installer or other
[1.269s]         standards-based tools.
[1.269s] 
[1.269s]         See https://github.com/pypa/setuptools/issues/917 for details.
[1.269s]         ********************************************************************************
[1.269s] 
[1.269s] !!
[1.269s]   easy_install.initialize_options(self)
[1.302s] /home/qty/.local/lib/python3.8/site-packages/setuptools/_distutils/cmd.py:66: SetuptoolsDeprecationWarning: setup.py install is deprecated.
[1.302s] !!
[1.302s] 
[1.302s]         ********************************************************************************
[1.302s]         Please avoid running ``setup.py`` directly.
[1.302s]         Instead, use pypa/build, pypa/installer or other
[1.302s]         standards-based tools.
[1.302s] 
[1.302s]         See https://blog.ganssle.io/articles/2021/10/setup-py-deprecated.html for details.
[1.302s]         ********************************************************************************
[1.303s] 
[1.303s] !!
[1.303s]   self.initialize_options()
[1.474s] running egg_info
[1.490s] writing hoverboard_controller.egg-info/PKG-INFO
[1.491s] writing dependency_links to hoverboard_controller.egg-info/dependency_links.txt
[1.491s] writing entry points to hoverboard_controller.egg-info/entry_points.txt
[1.492s] writing requirements to hoverboard_controller.egg-info/requires.txt
[1.492s] writing top-level names to hoverboard_controller.egg-info/top_level.txt
[1.525s] reading manifest file 'hoverboard_controller.egg-info/SOURCES.txt'
[1.526s] writing manifest file 'hoverboard_controller.egg-info/SOURCES.txt'
[1.573s] running build_ext
[1.573s] Creating /home/qty/ros2_ws/install/hoverboard_controller/lib/python3.8/site-packages/hoverboard_controller.egg-link (link to .)
[1.574s] Installing fire_detector script to /home/qty/ros2_ws/install/hoverboard_controller/lib/hoverboard_controller
[1.574s] Installing heat_map_controller script to /home/qty/ros2_ws/install/hoverboard_controller/lib/hoverboard_controller
[1.575s] Installing heat_map_tester script to /home/qty/ros2_ws/install/hoverboard_controller/lib/hoverboard_controller
[1.575s] Installing hoverboard_controller script to /home/qty/ros2_ws/install/hoverboard_controller/lib/hoverboard_controller
[1.575s] Installing joystick_controller script to /home/qty/ros2_ws/install/hoverboard_controller/lib/hoverboard_controller
[1.575s] Installing map_saver script to /home/qty/ros2_ws/install/hoverboard_controller/lib/hoverboard_controller
[1.575s] Installing mapping_controller script to /home/qty/ros2_ws/install/hoverboard_controller/lib/hoverboard_controller
[1.575s] Installing navigation_controller script to /home/qty/ros2_ws/install/hoverboard_controller/lib/hoverboard_controller
[1.575s] Installing navigation_controller_tester script to /home/qty/ros2_ws/install/hoverboard_controller/lib/hoverboard_controller
[1.576s] 
[1.576s] Installed /home/qty/ros2_ws/build/hoverboard_controller
[1.576s] running install_data
[1.576s] copying resource/hoverboard_controller -> /home/qty/ros2_ws/install/hoverboard_controller/share/ament_index/resource_index/packages
[1.576s] copying package.xml -> /home/qty/ros2_ws/install/hoverboard_controller/share/hoverboard_controller
[1.576s] copying launch/hoverboard_joystick_control.launch.py -> /home/qty/ros2_ws/install/hoverboard_controller/share/hoverboard_controller
[1.577s] copying launch/rsp.launch.py -> /home/qty/ros2_ws/install/hoverboard_controller/share/hoverboard_controller
[1.577s] copying launch/mapper.launch.py -> /home/qty/ros2_ws/install/hoverboard_controller/share/hoverboard_controller
[1.577s] copying launch/localization.launch.py -> /home/qty/ros2_ws/install/hoverboard_controller/share/hoverboard_controller
[1.604s] Invoked command in '/home/qty/ros2_ws/build/hoverboard_controller' returned '0': CMAKE_PREFIX_PATH=/home/qty/ros2_ws/install/slam_toolbox:/home/qty/ros2_ws/install/rplidar_ros:/home/qty/ros2_ws/install/hoverboard_msgs:/home/qty/ros2_ws/install/slam_gmapping:/home/qty/ros2_ws/install/ros2_laser_scan_matcher:/home/qty/ros2_ws/install/openslam_gmapping:/home/qty/ros2_ws/install/csm:/home/qty/ros2_ws/install/articubot_one LD_LIBRARY_PATH=/home/qty/ros2_ws/install/slam_toolbox/lib:/home/qty/ros2_ws/install/rplidar_ros/lib:/home/qty/ros2_ws/install/hoverboard_msgs/lib:/home/qty/ros2_ws/install/openslam_gmapping/lib:/home/qty/ros2_ws/install/csm/lib:/usr/lib/x86_64-linux-gnu/gazebo-11/plugins:/opt/ros/foxy/opt/yaml_cpp_vendor/lib:/opt/ros/foxy/opt/rviz_ogre_vendor/lib:/opt/ros/foxy/lib/x86_64-linux-gnu:/opt/ros/foxy/lib PYTHONPATH=/home/qty/ros2_ws/build/hoverboard_controller/prefix_override:/home/qty/ros2_ws/install/hoverboard_controller/lib/python3.8/site-packages:/home/qty/ros2_ws/install/slam_toolbox/lib/python3.8/site-packages:/home/qty/ros2_ws/install/hoverboard_msgs/lib/python3.8/site-packages:/home/qty/ros2_ws/build/hoverboard_controller:/home/qty/ros2_ws/install/hoverboard_controller/lib/python3.8/site-packages:/opt/ros/foxy/lib/python3.8/site-packages /usr/bin/python3 setup.py develop --editable --build-directory /home/qty/ros2_ws/build/hoverboard_controller/build --no-deps install_data
