[0.573s] Invoking command in '/home/qty/ros2_ws/build/openslam_gmapping': CMAKE_PREFIX_PATH=${CMAKE_PREFIX_PATH}:/home/qty/ros2_ws/install/hoverboard_controller:/opt/ros/foxy /usr/bin/cmake --build /home/qty/ros2_ws/build/openslam_gmapping -- -j16 -l16
[0.617s] [ 13%] Built target utils
[0.617s] [ 27%] Built target sensor_base
[0.639s] [ 40%] Built target sensor_odometry
[0.642s] [ 54%] Built target sensor_range
[0.662s] [ 77%] Built target scanmatcher
[0.687s] [100%] Built target gridfastslam
[0.828s] Invoked command in '/home/qty/ros2_ws/build/openslam_gmapping' returned '0': CMAKE_PREFIX_PATH=${CMAKE_PREFIX_PATH}:/home/qty/ros2_ws/install/hoverboard_controller:/opt/ros/foxy /usr/bin/cmake --build /home/qty/ros2_ws/build/openslam_gmapping -- -j16 -l16
[1.009s] Invoking command in '/home/qty/ros2_ws/build/openslam_gmapping': CMAKE_PREFIX_PATH=${CMAKE_PREFIX_PATH}:/home/qty/ros2_ws/install/hoverboard_controller:/opt/ros/foxy /usr/bin/cmake --install /home/qty/ros2_ws/build/openslam_gmapping
[1.018s] -- Install configuration: ""
[1.018s] -- Execute custom install script
[1.019s] -- Up-to-date symlink: /home/qty/ros2_ws/install/openslam_gmapping/lib/libgridfastslam.a
[1.019s] -- Up-to-date symlink: /home/qty/ros2_ws/install/openslam_gmapping/lib/libscanmatcher.a
[1.019s] -- Up-to-date symlink: /home/qty/ros2_ws/install/openslam_gmapping/lib/libsensor_base.a
[1.019s] -- Up-to-date symlink: /home/qty/ros2_ws/install/openslam_gmapping/share/openslam_gmapping/environment/library_path.sh
[1.020s] -- Up-to-date symlink: /home/qty/ros2_ws/install/openslam_gmapping/share/openslam_gmapping/environment/library_path.dsv
[1.021s] -- Up-to-date symlink: /home/qty/ros2_ws/install/openslam_gmapping/share/openslam_gmapping/environment/library_path.sh
[1.021s] -- Up-to-date symlink: /home/qty/ros2_ws/install/openslam_gmapping/share/openslam_gmapping/environment/library_path.dsv
[1.022s] -- Up-to-date symlink: /home/qty/ros2_ws/install/openslam_gmapping/lib/libsensor_odometry.a
[1.022s] -- Up-to-date symlink: /home/qty/ros2_ws/install/openslam_gmapping/lib/libsensor_range.a
[1.025s] -- Up-to-date symlink: /home/qty/ros2_ws/install/openslam_gmapping/lib/libutils.a
[1.025s] -- Up-to-date symlink: /home/qty/ros2_ws/install/openslam_gmapping/share/openslam_gmapping/environment/library_path.sh
[1.026s] -- Up-to-date symlink: /home/qty/ros2_ws/install/openslam_gmapping/share/openslam_gmapping/environment/library_path.dsv
[1.026s] -- Up-to-date symlink: /home/qty/ros2_ws/install/openslam_gmapping/share/openslam_gmapping/environment/library_path.sh
[1.027s] -- Up-to-date symlink: /home/qty/ros2_ws/install/openslam_gmapping/share/openslam_gmapping/environment/library_path.dsv
[1.028s] -- Up-to-date symlink: /home/qty/ros2_ws/install/openslam_gmapping/include//gmapping/grid/accessstate.h
[1.028s] -- Up-to-date symlink: /home/qty/ros2_ws/install/openslam_gmapping/include//gmapping/grid/array2d.h
[1.028s] -- Up-to-date symlink: /home/qty/ros2_ws/install/openslam_gmapping/include//gmapping/grid/harray2d.h
[1.029s] -- Up-to-date symlink: /home/qty/ros2_ws/install/openslam_gmapping/include//gmapping/grid/map.h
[1.029s] -- Up-to-date symlink: /home/qty/ros2_ws/install/openslam_gmapping/include//gmapping/gridfastslam/gridslamprocessor.h
[1.029s] -- Up-to-date symlink: /home/qty/ros2_ws/install/openslam_gmapping/include//gmapping/gridfastslam/gridslamprocessor.hxx
[1.030s] -- Up-to-date symlink: /home/qty/ros2_ws/install/openslam_gmapping/include//gmapping/gridfastslam/motionmodel.h
[1.030s] -- Up-to-date symlink: /home/qty/ros2_ws/install/openslam_gmapping/include//gmapping/log/configuration.h
[1.030s] -- Up-to-date symlink: /home/qty/ros2_ws/install/openslam_gmapping/include//gmapping/log/sensorlog.h
[1.030s] -- Up-to-date symlink: /home/qty/ros2_ws/install/openslam_gmapping/include//gmapping/particlefilter/particlefilter.h
[1.031s] -- Up-to-date symlink: /home/qty/ros2_ws/install/openslam_gmapping/include//gmapping/scanmatcher/icp.h
[1.031s] -- Up-to-date symlink: /home/qty/ros2_ws/install/openslam_gmapping/include//gmapping/scanmatcher/scanmatcher.h
[1.031s] -- Up-to-date symlink: /home/qty/ros2_ws/install/openslam_gmapping/include//gmapping/scanmatcher/smmap.h
[1.032s] -- Up-to-date symlink: /home/qty/ros2_ws/install/openslam_gmapping/include//gmapping/sensor/sensor_base/sensor.h
[1.032s] -- Up-to-date symlink: /home/qty/ros2_ws/install/openslam_gmapping/include//gmapping/sensor/sensor_base/sensorreading.h
[1.032s] -- Up-to-date symlink: /home/qty/ros2_ws/install/openslam_gmapping/include//gmapping/sensor/sensor_odometry/odometryreading.h
[1.033s] -- Up-to-date symlink: /home/qty/ros2_ws/install/openslam_gmapping/include//gmapping/sensor/sensor_odometry/odometrysensor.h
[1.033s] -- Up-to-date symlink: /home/qty/ros2_ws/install/openslam_gmapping/include//gmapping/sensor/sensor_range/rangereading.h
[1.033s] -- Up-to-date symlink: /home/qty/ros2_ws/install/openslam_gmapping/include//gmapping/sensor/sensor_range/rangesensor.h
[1.034s] -- Up-to-date symlink: /home/qty/ros2_ws/install/openslam_gmapping/include//gmapping/utils/autoptr.h
[1.035s] -- Up-to-date symlink: /home/qty/ros2_ws/install/openslam_gmapping/include//gmapping/utils/commandline.h
[1.035s] -- Up-to-date symlink: /home/qty/ros2_ws/install/openslam_gmapping/include//gmapping/utils/gvalues.h
[1.036s] -- Up-to-date symlink: /home/qty/ros2_ws/install/openslam_gmapping/include//gmapping/utils/macro_params.h
[1.037s] -- Up-to-date symlink: /home/qty/ros2_ws/install/openslam_gmapping/include//gmapping/utils/point.h
[1.037s] -- Up-to-date symlink: /home/qty/ros2_ws/install/openslam_gmapping/include//gmapping/utils/stat.h
[1.038s] -- Up-to-date symlink: /home/qty/ros2_ws/install/openslam_gmapping/share/ament_index/resource_index/package_run_dependencies/openslam_gmapping
[1.038s] -- Up-to-date symlink: /home/qty/ros2_ws/install/openslam_gmapping/share/ament_index/resource_index/parent_prefix_path/openslam_gmapping
[1.039s] -- Up-to-date symlink: /home/qty/ros2_ws/install/openslam_gmapping/share/openslam_gmapping/environment/ament_prefix_path.sh
[1.039s] -- Up-to-date symlink: /home/qty/ros2_ws/install/openslam_gmapping/share/openslam_gmapping/environment/ament_prefix_path.dsv
[1.039s] -- Up-to-date symlink: /home/qty/ros2_ws/install/openslam_gmapping/share/openslam_gmapping/environment/path.sh
[1.039s] -- Up-to-date symlink: /home/qty/ros2_ws/install/openslam_gmapping/share/openslam_gmapping/environment/path.dsv
[1.040s] -- Up-to-date symlink: /home/qty/ros2_ws/install/openslam_gmapping/share/openslam_gmapping/local_setup.bash
[1.040s] -- Up-to-date symlink: /home/qty/ros2_ws/install/openslam_gmapping/share/openslam_gmapping/local_setup.sh
[1.041s] -- Up-to-date symlink: /home/qty/ros2_ws/install/openslam_gmapping/share/openslam_gmapping/local_setup.zsh
[1.042s] -- Up-to-date symlink: /home/qty/ros2_ws/install/openslam_gmapping/share/openslam_gmapping/local_setup.dsv
[1.042s] -- Symlinking: /home/qty/ros2_ws/install/openslam_gmapping/share/openslam_gmapping/package.dsv
[1.048s] -- Up-to-date symlink: /home/qty/ros2_ws/install/openslam_gmapping/share/ament_index/resource_index/packages/openslam_gmapping
[1.048s] -- Up-to-date symlink: /home/qty/ros2_ws/install/openslam_gmapping/share/openslam_gmapping/cmake/ament_cmake_export_libraries-extras.cmake
[1.049s] -- Up-to-date symlink: /home/qty/ros2_ws/install/openslam_gmapping/share/openslam_gmapping/cmake/ament_cmake_export_include_directories-extras.cmake
[1.049s] -- Up-to-date symlink: /home/qty/ros2_ws/install/openslam_gmapping/share/openslam_gmapping/cmake/openslam_gmappingConfig.cmake
[1.049s] -- Up-to-date symlink: /home/qty/ros2_ws/install/openslam_gmapping/share/openslam_gmapping/cmake/openslam_gmappingConfig-version.cmake
[1.050s] -- Up-to-date symlink: /home/qty/ros2_ws/install/openslam_gmapping/share/openslam_gmapping/package.xml
[1.345s] Invoked command in '/home/qty/ros2_ws/build/openslam_gmapping' returned '0': CMAKE_PREFIX_PATH=${CMAKE_PREFIX_PATH}:/home/qty/ros2_ws/install/hoverboard_controller:/opt/ros/foxy /usr/bin/cmake --install /home/qty/ros2_ws/build/openslam_gmapping
