[0.495s] Invoking command in '/home/qty/ros2_ws/build/hoverboard_msgs': CMAKE_PREFIX_PATH=${CMAKE_PREFIX_PATH}:/home/qty/ros2_ws/install/hoverboard_controller:/opt/ros/foxy /usr/bin/cmake --build /home/qty/ros2_ws/build/hoverboard_msgs -- -j16 -l16
[0.534s] [  2%] Built target hoverboard_msgs__cpp
[0.534s] [ 12%] Built target hoverboard_msgs__rosidl_generator_c
[0.553s] [ 23%] Built target hoverboard_msgs__rosidl_typesupport_c
[0.554s] [ 33%] Built target hoverboard_msgs__rosidl_typesupport_cpp
[0.555s] [ 43%] Built target hoverboard_msgs__rosidl_typesupport_introspection_c
[0.557s] [ 53%] Built target hoverboard_msgs__rosidl_typesupport_introspection_cpp
[0.558s] [ 64%] Built target hoverboard_msgs__rosidl_typesupport_fastrtps_cpp
[0.578s] [ 74%] Built target hoverboard_msgs__rosidl_typesupport_fastrtps_c
[0.594s] [ 74%] Built target hoverboard_msgs
[0.607s] [ 76%] Built target hoverboard_msgs__py
[0.627s] [ 84%] Built target hoverboard_msgs__python
[0.646s] [100%] Built target hoverboard_msgs__rosidl_typesupport_introspection_c__pyext
[0.647s] [100%] Built target hoverboard_msgs__rosidl_typesupport_c__pyext
[0.647s] [100%] Built target hoverboard_msgs__rosidl_typesupport_fastrtps_c__pyext
[0.726s] Invoked command in '/home/qty/ros2_ws/build/hoverboard_msgs' returned '0': CMAKE_PREFIX_PATH=${CMAKE_PREFIX_PATH}:/home/qty/ros2_ws/install/hoverboard_controller:/opt/ros/foxy /usr/bin/cmake --build /home/qty/ros2_ws/build/hoverboard_msgs -- -j16 -l16
[0.866s] Invoking command in '/home/qty/ros2_ws/build/hoverboard_msgs': CMAKE_PREFIX_PATH=${CMAKE_PREFIX_PATH}:/home/qty/ros2_ws/install/hoverboard_controller:/opt/ros/foxy /usr/bin/cmake --install /home/qty/ros2_ws/build/hoverboard_msgs
[0.872s] -- Install configuration: ""
[0.874s] -- Execute custom install script
[0.874s] -- Up-to-date symlink: /home/qty/ros2_ws/install/hoverboard_msgs/share/ament_index/resource_index/rosidl_interfaces/hoverboard_msgs
[0.874s] -- Up-to-date symlink: /home/qty/ros2_ws/install/hoverboard_msgs/include/hoverboard_msgs/msg/detail/sonar_msg__functions.h
[0.874s] -- Up-to-date symlink: /home/qty/ros2_ws/install/hoverboard_msgs/include/hoverboard_msgs/msg/detail/sonar_msg__struct.h
[0.874s] -- Up-to-date symlink: /home/qty/ros2_ws/install/hoverboard_msgs/include/hoverboard_msgs/msg/detail/sonar_msg__type_support.h
[0.874s] -- Up-to-date symlink: /home/qty/ros2_ws/install/hoverboard_msgs/include/hoverboard_msgs/msg/detail/temp_msg__functions.h
[0.874s] -- Up-to-date symlink: /home/qty/ros2_ws/install/hoverboard_msgs/include/hoverboard_msgs/msg/detail/temp_msg__struct.h
[0.875s] -- Up-to-date symlink: /home/qty/ros2_ws/install/hoverboard_msgs/include/hoverboard_msgs/msg/detail/temp_msg__type_support.h
[0.875s] -- Up-to-date symlink: /home/qty/ros2_ws/install/hoverboard_msgs/include/hoverboard_msgs/msg/rosidl_generator_c__visibility_control.h
[0.875s] -- Up-to-date symlink: /home/qty/ros2_ws/install/hoverboard_msgs/include/hoverboard_msgs/msg/sonar_msg.h
[0.875s] -- Up-to-date symlink: /home/qty/ros2_ws/install/hoverboard_msgs/include/hoverboard_msgs/msg/temp_msg.h
[0.875s] -- Up-to-date symlink: /home/qty/ros2_ws/install/hoverboard_msgs/share/hoverboard_msgs/environment/library_path.sh
[0.875s] -- Up-to-date symlink: /home/qty/ros2_ws/install/hoverboard_msgs/share/hoverboard_msgs/environment/library_path.dsv
[0.875s] -- Up-to-date symlink: /home/qty/ros2_ws/install/hoverboard_msgs/include/hoverboard_msgs/msg/detail/sonar_msg__rosidl_typesupport_fastrtps_c.h
[0.876s] -- Up-to-date symlink: /home/qty/ros2_ws/install/hoverboard_msgs/include/hoverboard_msgs/msg/detail/temp_msg__rosidl_typesupport_fastrtps_c.h
[0.876s] -- Up-to-date symlink: /home/qty/ros2_ws/install/hoverboard_msgs/include/hoverboard_msgs/msg/rosidl_typesupport_fastrtps_c__visibility_control.h
[0.876s] -- Up-to-date symlink: /home/qty/ros2_ws/install/hoverboard_msgs/lib/libhoverboard_msgs__rosidl_typesupport_fastrtps_c.so
[0.876s] -- Up-to-date symlink: /home/qty/ros2_ws/install/hoverboard_msgs/include/hoverboard_msgs/msg/detail/sonar_msg__rosidl_typesupport_fastrtps_cpp.hpp
[0.876s] -- Up-to-date symlink: /home/qty/ros2_ws/install/hoverboard_msgs/include/hoverboard_msgs/msg/detail/temp_msg__rosidl_typesupport_fastrtps_cpp.hpp
[0.877s] -- Up-to-date symlink: /home/qty/ros2_ws/install/hoverboard_msgs/include/hoverboard_msgs/msg/rosidl_typesupport_fastrtps_cpp__visibility_control.h
[0.877s] -- Up-to-date symlink: /home/qty/ros2_ws/install/hoverboard_msgs/lib/libhoverboard_msgs__rosidl_typesupport_fastrtps_cpp.so
[0.877s] -- Up-to-date symlink: /home/qty/ros2_ws/install/hoverboard_msgs/include/hoverboard_msgs/msg/detail/sonar_msg__rosidl_typesupport_introspection_c.h
[0.878s] -- Up-to-date symlink: /home/qty/ros2_ws/install/hoverboard_msgs/include/hoverboard_msgs/msg/detail/temp_msg__rosidl_typesupport_introspection_c.h
[0.878s] -- Up-to-date symlink: /home/qty/ros2_ws/install/hoverboard_msgs/include/hoverboard_msgs/msg/rosidl_typesupport_introspection_c__visibility_control.h
[0.878s] -- Up-to-date symlink: /home/qty/ros2_ws/install/hoverboard_msgs/include/hoverboard_msgs/msg/detail/sonar_msg__builder.hpp
[0.878s] -- Up-to-date symlink: /home/qty/ros2_ws/install/hoverboard_msgs/include/hoverboard_msgs/msg/detail/sonar_msg__struct.hpp
[0.878s] -- Up-to-date symlink: /home/qty/ros2_ws/install/hoverboard_msgs/include/hoverboard_msgs/msg/detail/sonar_msg__traits.hpp
[0.878s] -- Up-to-date symlink: /home/qty/ros2_ws/install/hoverboard_msgs/include/hoverboard_msgs/msg/detail/sonar_msg__type_support.hpp
[0.879s] -- Up-to-date symlink: /home/qty/ros2_ws/install/hoverboard_msgs/include/hoverboard_msgs/msg/detail/temp_msg__builder.hpp
[0.879s] -- Up-to-date symlink: /home/qty/ros2_ws/install/hoverboard_msgs/include/hoverboard_msgs/msg/detail/temp_msg__struct.hpp
[0.879s] -- Up-to-date symlink: /home/qty/ros2_ws/install/hoverboard_msgs/include/hoverboard_msgs/msg/detail/temp_msg__traits.hpp
[0.879s] -- Up-to-date symlink: /home/qty/ros2_ws/install/hoverboard_msgs/include/hoverboard_msgs/msg/detail/temp_msg__type_support.hpp
[0.879s] -- Up-to-date symlink: /home/qty/ros2_ws/install/hoverboard_msgs/include/hoverboard_msgs/msg/rosidl_generator_cpp__visibility_control.hpp
[0.879s] -- Up-to-date symlink: /home/qty/ros2_ws/install/hoverboard_msgs/include/hoverboard_msgs/msg/sonar_msg.hpp
[0.879s] -- Up-to-date symlink: /home/qty/ros2_ws/install/hoverboard_msgs/include/hoverboard_msgs/msg/temp_msg.hpp
[0.880s] -- Up-to-date symlink: /home/qty/ros2_ws/install/hoverboard_msgs/include/hoverboard_msgs/msg/detail/sonar_msg__rosidl_typesupport_introspection_cpp.hpp
[0.880s] -- Up-to-date symlink: /home/qty/ros2_ws/install/hoverboard_msgs/include/hoverboard_msgs/msg/detail/temp_msg__rosidl_typesupport_introspection_cpp.hpp
[0.881s] -- Up-to-date symlink: /home/qty/ros2_ws/install/hoverboard_msgs/share/hoverboard_msgs/environment/pythonpath.sh
[0.881s] -- Up-to-date symlink: /home/qty/ros2_ws/install/hoverboard_msgs/share/hoverboard_msgs/environment/pythonpath.dsv
[0.881s] -- Up-to-date symlink: /home/qty/ros2_ws/install/hoverboard_msgs/lib/python3.8/site-packages/hoverboard_msgs/__init__.py
[0.881s] -- Up-to-date symlink: /home/qty/ros2_ws/install/hoverboard_msgs/lib/python3.8/site-packages/hoverboard_msgs/msg/__init__.py
[0.881s] -- Up-to-date symlink: /home/qty/ros2_ws/install/hoverboard_msgs/lib/python3.8/site-packages/hoverboard_msgs/msg/_sonar_msg.py
[0.881s] -- Up-to-date symlink: /home/qty/ros2_ws/install/hoverboard_msgs/lib/python3.8/site-packages/hoverboard_msgs/msg/_temp_msg.py
[0.881s] -- Up-to-date symlink: /home/qty/ros2_ws/install/hoverboard_msgs/lib/python3.8/site-packages/hoverboard_msgs/hoverboard_msgs_s__rosidl_typesupport_fastrtps_c.cpython-38-x86_64-linux-gnu.so
[0.882s] -- Up-to-date symlink: /home/qty/ros2_ws/install/hoverboard_msgs/lib/python3.8/site-packages/hoverboard_msgs/hoverboard_msgs_s__rosidl_typesupport_introspection_c.cpython-38-x86_64-linux-gnu.so
[0.882s] -- Up-to-date symlink: /home/qty/ros2_ws/install/hoverboard_msgs/lib/python3.8/site-packages/hoverboard_msgs/hoverboard_msgs_s__rosidl_typesupport_c.cpython-38-x86_64-linux-gnu.so
[0.882s] -- Up-to-date symlink: /home/qty/ros2_ws/install/hoverboard_msgs/lib/libhoverboard_msgs__python.so
[0.883s] -- Up-to-date symlink: /home/qty/ros2_ws/install/hoverboard_msgs/share/hoverboard_msgs/msg/SonarMsg.idl
[0.883s] -- Up-to-date symlink: /home/qty/ros2_ws/install/hoverboard_msgs/share/hoverboard_msgs/msg/TempMsg.idl
[0.883s] -- Up-to-date symlink: /home/qty/ros2_ws/install/hoverboard_msgs/share/hoverboard_msgs/msg/SonarMsg.msg
[0.884s] -- Up-to-date symlink: /home/qty/ros2_ws/install/hoverboard_msgs/share/hoverboard_msgs/msg/TempMsg.msg
[0.884s] -- Up-to-date symlink: /home/qty/ros2_ws/install/hoverboard_msgs/share/ament_index/resource_index/package_run_dependencies/hoverboard_msgs
[0.884s] -- Up-to-date symlink: /home/qty/ros2_ws/install/hoverboard_msgs/share/ament_index/resource_index/parent_prefix_path/hoverboard_msgs
[0.884s] -- Up-to-date symlink: /home/qty/ros2_ws/install/hoverboard_msgs/share/hoverboard_msgs/environment/ament_prefix_path.sh
[0.884s] -- Up-to-date symlink: /home/qty/ros2_ws/install/hoverboard_msgs/share/hoverboard_msgs/environment/ament_prefix_path.dsv
[0.885s] -- Up-to-date symlink: /home/qty/ros2_ws/install/hoverboard_msgs/share/hoverboard_msgs/environment/path.sh
[0.885s] -- Up-to-date symlink: /home/qty/ros2_ws/install/hoverboard_msgs/share/hoverboard_msgs/environment/path.dsv
[0.885s] -- Up-to-date symlink: /home/qty/ros2_ws/install/hoverboard_msgs/share/hoverboard_msgs/local_setup.bash
[0.886s] -- Up-to-date symlink: /home/qty/ros2_ws/install/hoverboard_msgs/share/hoverboard_msgs/local_setup.sh
[0.886s] -- Up-to-date symlink: /home/qty/ros2_ws/install/hoverboard_msgs/share/hoverboard_msgs/local_setup.zsh
[0.886s] -- Up-to-date symlink: /home/qty/ros2_ws/install/hoverboard_msgs/share/hoverboard_msgs/local_setup.dsv
[0.886s] -- Symlinking: /home/qty/ros2_ws/install/hoverboard_msgs/share/hoverboard_msgs/package.dsv
[0.892s] -- Up-to-date symlink: /home/qty/ros2_ws/install/hoverboard_msgs/share/ament_index/resource_index/packages/hoverboard_msgs
[0.893s] -- Up-to-date symlink: /home/qty/ros2_ws/install/hoverboard_msgs/share/hoverboard_msgs/cmake/rosidl_cmake-extras.cmake
[0.893s] -- Up-to-date symlink: /home/qty/ros2_ws/install/hoverboard_msgs/share/hoverboard_msgs/cmake/ament_cmake_export_dependencies-extras.cmake
[0.894s] -- Up-to-date symlink: /home/qty/ros2_ws/install/hoverboard_msgs/share/hoverboard_msgs/cmake/ament_cmake_export_libraries-extras.cmake
[0.894s] -- Up-to-date symlink: /home/qty/ros2_ws/install/hoverboard_msgs/share/hoverboard_msgs/cmake/ament_cmake_export_targets-extras.cmake
[0.894s] -- Up-to-date symlink: /home/qty/ros2_ws/install/hoverboard_msgs/share/hoverboard_msgs/cmake/ament_cmake_export_include_directories-extras.cmake
[0.895s] -- Up-to-date symlink: /home/qty/ros2_ws/install/hoverboard_msgs/share/hoverboard_msgs/cmake/rosidl_cmake_export_typesupport_libraries-extras.cmake
[0.895s] -- Up-to-date symlink: /home/qty/ros2_ws/install/hoverboard_msgs/share/hoverboard_msgs/cmake/rosidl_cmake_export_typesupport_targets-extras.cmake
[0.895s] -- Up-to-date symlink: /home/qty/ros2_ws/install/hoverboard_msgs/share/hoverboard_msgs/cmake/hoverboard_msgsConfig.cmake
[0.895s] -- Up-to-date symlink: /home/qty/ros2_ws/install/hoverboard_msgs/share/hoverboard_msgs/cmake/hoverboard_msgsConfig-version.cmake
[0.895s] -- Up-to-date symlink: /home/qty/ros2_ws/install/hoverboard_msgs/share/hoverboard_msgs/package.xml
[0.895s] -- Up-to-date: /home/qty/ros2_ws/install/hoverboard_msgs/lib/libhoverboard_msgs__rosidl_generator_c.so
[0.895s] -- Up-to-date: /home/qty/ros2_ws/install/hoverboard_msgs/lib/libhoverboard_msgs__rosidl_typesupport_introspection_c.so
[0.895s] -- Up-to-date: /home/qty/ros2_ws/install/hoverboard_msgs/lib/libhoverboard_msgs__rosidl_typesupport_c.so
[0.895s] -- Up-to-date: /home/qty/ros2_ws/install/hoverboard_msgs/lib/libhoverboard_msgs__rosidl_typesupport_introspection_cpp.so
[0.896s] -- Up-to-date: /home/qty/ros2_ws/install/hoverboard_msgs/lib/libhoverboard_msgs__rosidl_typesupport_cpp.so
[0.923s] -- Up-to-date: /home/qty/ros2_ws/install/hoverboard_msgs/share/hoverboard_msgs/cmake/hoverboard_msgs__rosidl_generator_cExport.cmake
[0.923s] -- Up-to-date: /home/qty/ros2_ws/install/hoverboard_msgs/share/hoverboard_msgs/cmake/hoverboard_msgs__rosidl_generator_cExport-noconfig.cmake
[0.924s] -- Up-to-date: /home/qty/ros2_ws/install/hoverboard_msgs/share/hoverboard_msgs/cmake/hoverboard_msgs__rosidl_typesupport_introspection_cExport.cmake
[0.924s] -- Up-to-date: /home/qty/ros2_ws/install/hoverboard_msgs/share/hoverboard_msgs/cmake/hoverboard_msgs__rosidl_typesupport_introspection_cExport-noconfig.cmake
[0.924s] -- Up-to-date: /home/qty/ros2_ws/install/hoverboard_msgs/share/hoverboard_msgs/cmake/hoverboard_msgs__rosidl_typesupport_cExport.cmake
[0.925s] -- Up-to-date: /home/qty/ros2_ws/install/hoverboard_msgs/share/hoverboard_msgs/cmake/hoverboard_msgs__rosidl_typesupport_cExport-noconfig.cmake
[0.925s] -- Up-to-date: /home/qty/ros2_ws/install/hoverboard_msgs/share/hoverboard_msgs/cmake/hoverboard_msgs__rosidl_generator_cppExport.cmake
[0.925s] -- Up-to-date: /home/qty/ros2_ws/install/hoverboard_msgs/share/hoverboard_msgs/cmake/hoverboard_msgs__rosidl_typesupport_introspection_cppExport.cmake
[0.925s] -- Up-to-date: /home/qty/ros2_ws/install/hoverboard_msgs/share/hoverboard_msgs/cmake/hoverboard_msgs__rosidl_typesupport_introspection_cppExport-noconfig.cmake
[0.925s] -- Up-to-date: /home/qty/ros2_ws/install/hoverboard_msgs/share/hoverboard_msgs/cmake/hoverboard_msgs__rosidl_typesupport_cppExport.cmake
[0.925s] -- Up-to-date: /home/qty/ros2_ws/install/hoverboard_msgs/share/hoverboard_msgs/cmake/hoverboard_msgs__rosidl_typesupport_cppExport-noconfig.cmake
[1.296s] Invoked command in '/home/qty/ros2_ws/build/hoverboard_msgs' returned '0': CMAKE_PREFIX_PATH=${CMAKE_PREFIX_PATH}:/home/qty/ros2_ws/install/hoverboard_controller:/opt/ros/foxy /usr/bin/cmake --install /home/qty/ros2_ws/build/hoverboard_msgs
