[1.606s] DEBUG:colcon:Command line arguments: ['/usr/bin/colcon', 'build', '--symlink-install']
[1.606s] DEBUG:colcon:Parsed command line arguments: Namespace(allow_overriding=[], ament_cmake_args=None, base_paths=['.'], build_base='build', catkin_cmake_args=None, catkin_skip_building_tests=False, cmake_args=None, cmake_clean_cache=False, cmake_clean_first=False, cmake_force_configure=False, cmake_target=None, cmake_target_skip_unavailable=False, continue_on_error=False, event_handlers=None, executor='parallel', ignore_user_meta=False, install_base='install', log_base=None, log_level=None, main=<bound method BuildVerb.main of <colcon_core.verb.build.BuildVerb object at 0x7f642d651be0>>, merge_install=False, metas=['./colcon.meta'], packages_above=None, packages_above_and_dependencies=None, packages_above_depth=None, packages_end=None, packages_ignore=None, packages_ignore_regex=None, packages_select=None, packages_select_build_failed=False, packages_select_by_dep=None, packages_select_regex=None, packages_select_test_failures=False, packages_skip=None, packages_skip_build_finished=False, packages_skip_by_dep=None, packages_skip_regex=None, packages_skip_test_passed=False, packages_skip_up_to=None, packages_start=None, packages_up_to=None, packages_up_to_regex=None, parallel_workers=16, paths=None, symlink_install=True, test_result_base=None, verb_extension=<colcon_core.verb.build.BuildVerb object at 0x7f642d651be0>, verb_name='build', verb_parser=<colcon_defaults.argument_parser.defaults.DefaultArgumentsDecorator object at 0x7f642d27f130>)
[1.675s] Level 1:colcon.colcon_core.package_discovery:discover_packages(colcon_meta) check parameters
[1.675s] Level 1:colcon.colcon_core.package_discovery:discover_packages(recursive) check parameters
[1.675s] Level 1:colcon.colcon_core.package_discovery:discover_packages(ignore) check parameters
[1.675s] Level 1:colcon.colcon_core.package_discovery:discover_packages(path) check parameters
[1.675s] Level 1:colcon.colcon_core.package_discovery:discover_packages(colcon_meta) discover
[1.675s] Level 1:colcon.colcon_core.package_discovery:discover_packages(recursive) discover
[1.675s] INFO:colcon.colcon_core.package_discovery:Crawling recursively for packages in '/home/qty/ros2_ws'
[1.675s] Level 1:colcon.colcon_core.package_identification:_identify(.) by extensions ['ignore', 'ignore_ament_install']
[1.675s] Level 1:colcon.colcon_core.package_identification:_identify(.) by extension 'ignore'
[1.675s] Level 1:colcon.colcon_core.package_identification:_identify(.) by extension 'ignore_ament_install'
[1.675s] Level 1:colcon.colcon_core.package_identification:_identify(.) by extensions ['colcon_pkg']
[1.675s] Level 1:colcon.colcon_core.package_identification:_identify(.) by extension 'colcon_pkg'
[1.675s] Level 1:colcon.colcon_core.package_identification:_identify(.) by extensions ['colcon_meta']
[1.675s] Level 1:colcon.colcon_core.package_identification:_identify(.) by extension 'colcon_meta'
[1.675s] Level 1:colcon.colcon_core.package_identification:_identify(.) by extensions ['ros']
[1.675s] Level 1:colcon.colcon_core.package_identification:_identify(.) by extension 'ros'
[1.683s] Level 1:colcon.colcon_core.package_identification:_identify(.) by extensions ['cmake', 'python']
[1.683s] Level 1:colcon.colcon_core.package_identification:_identify(.) by extension 'cmake'
[1.683s] Level 1:colcon.colcon_core.package_identification:_identify(.) by extension 'python'
[1.683s] Level 1:colcon.colcon_core.package_identification:_identify(.) by extensions ['python_setup_py']
[1.683s] Level 1:colcon.colcon_core.package_identification:_identify(.) by extension 'python_setup_py'
[1.683s] Level 1:colcon.colcon_core.package_identification:_identify(build) by extensions ['ignore', 'ignore_ament_install']
[1.683s] Level 1:colcon.colcon_core.package_identification:_identify(build) by extension 'ignore'
[1.683s] Level 1:colcon.colcon_core.package_identification:_identify(build) ignored
[1.683s] Level 1:colcon.colcon_core.package_identification:_identify(install) by extensions ['ignore', 'ignore_ament_install']
[1.683s] Level 1:colcon.colcon_core.package_identification:_identify(install) by extension 'ignore'
[1.683s] Level 1:colcon.colcon_core.package_identification:_identify(install) ignored
[1.683s] Level 1:colcon.colcon_core.package_identification:_identify(log) by extensions ['ignore', 'ignore_ament_install']
[1.683s] Level 1:colcon.colcon_core.package_identification:_identify(log) by extension 'ignore'
[1.683s] Level 1:colcon.colcon_core.package_identification:_identify(log) ignored
[1.684s] Level 1:colcon.colcon_core.package_identification:_identify(src) by extensions ['ignore', 'ignore_ament_install']
[1.684s] Level 1:colcon.colcon_core.package_identification:_identify(src) by extension 'ignore'
[1.684s] Level 1:colcon.colcon_core.package_identification:_identify(src) by extension 'ignore_ament_install'
[1.684s] Level 1:colcon.colcon_core.package_identification:_identify(src) by extensions ['colcon_pkg']
[1.684s] Level 1:colcon.colcon_core.package_identification:_identify(src) by extension 'colcon_pkg'
[1.684s] Level 1:colcon.colcon_core.package_identification:_identify(src) by extensions ['colcon_meta']
[1.684s] Level 1:colcon.colcon_core.package_identification:_identify(src) by extension 'colcon_meta'
[1.684s] Level 1:colcon.colcon_core.package_identification:_identify(src) by extensions ['ros']
[1.684s] Level 1:colcon.colcon_core.package_identification:_identify(src) by extension 'ros'
[1.684s] Level 1:colcon.colcon_core.package_identification:_identify(src) by extensions ['cmake', 'python']
[1.684s] Level 1:colcon.colcon_core.package_identification:_identify(src) by extension 'cmake'
[1.684s] Level 1:colcon.colcon_core.package_identification:_identify(src) by extension 'python'
[1.684s] Level 1:colcon.colcon_core.package_identification:_identify(src) by extensions ['python_setup_py']
[1.684s] Level 1:colcon.colcon_core.package_identification:_identify(src) by extension 'python_setup_py'
[1.684s] Level 1:colcon.colcon_core.package_identification:_identify(src/articubot_one) by extensions ['ignore', 'ignore_ament_install']
[1.684s] Level 1:colcon.colcon_core.package_identification:_identify(src/articubot_one) by extension 'ignore'
[1.684s] Level 1:colcon.colcon_core.package_identification:_identify(src/articubot_one) by extension 'ignore_ament_install'
[1.684s] Level 1:colcon.colcon_core.package_identification:_identify(src/articubot_one) by extensions ['colcon_pkg']
[1.684s] Level 1:colcon.colcon_core.package_identification:_identify(src/articubot_one) by extension 'colcon_pkg'
[1.684s] Level 1:colcon.colcon_core.package_identification:_identify(src/articubot_one) by extensions ['colcon_meta']
[1.684s] Level 1:colcon.colcon_core.package_identification:_identify(src/articubot_one) by extension 'colcon_meta'
[1.684s] Level 1:colcon.colcon_core.package_identification:_identify(src/articubot_one) by extensions ['ros']
[1.684s] Level 1:colcon.colcon_core.package_identification:_identify(src/articubot_one) by extension 'ros'
[1.686s] DEBUG:colcon.colcon_core.package_identification:Package 'src/articubot_one' with type 'ros.ament_cmake' and name 'articubot_one'
[1.686s] Level 1:colcon.colcon_core.package_identification:_identify(src/csm) by extensions ['ignore', 'ignore_ament_install']
[1.686s] Level 1:colcon.colcon_core.package_identification:_identify(src/csm) by extension 'ignore'
[1.686s] Level 1:colcon.colcon_core.package_identification:_identify(src/csm) by extension 'ignore_ament_install'
[1.686s] Level 1:colcon.colcon_core.package_identification:_identify(src/csm) by extensions ['colcon_pkg']
[1.686s] Level 1:colcon.colcon_core.package_identification:_identify(src/csm) by extension 'colcon_pkg'
[1.686s] Level 1:colcon.colcon_core.package_identification:_identify(src/csm) by extensions ['colcon_meta']
[1.686s] Level 1:colcon.colcon_core.package_identification:_identify(src/csm) by extension 'colcon_meta'
[1.686s] Level 1:colcon.colcon_core.package_identification:_identify(src/csm) by extensions ['ros']
[1.686s] Level 1:colcon.colcon_core.package_identification:_identify(src/csm) by extension 'ros'
[1.687s] DEBUG:colcon.colcon_core.package_identification:Package 'src/csm' with type 'ros.ament_cmake' and name 'csm'
[1.687s] Level 1:colcon.colcon_core.package_identification:_identify(src/hoverboard_controller) by extensions ['ignore', 'ignore_ament_install']
[1.687s] Level 1:colcon.colcon_core.package_identification:_identify(src/hoverboard_controller) by extension 'ignore'
[1.687s] Level 1:colcon.colcon_core.package_identification:_identify(src/hoverboard_controller) by extension 'ignore_ament_install'
[1.687s] Level 1:colcon.colcon_core.package_identification:_identify(src/hoverboard_controller) by extensions ['colcon_pkg']
[1.687s] Level 1:colcon.colcon_core.package_identification:_identify(src/hoverboard_controller) by extension 'colcon_pkg'
[1.687s] Level 1:colcon.colcon_core.package_identification:_identify(src/hoverboard_controller) by extensions ['colcon_meta']
[1.687s] Level 1:colcon.colcon_core.package_identification:_identify(src/hoverboard_controller) by extension 'colcon_meta'
[1.687s] Level 1:colcon.colcon_core.package_identification:_identify(src/hoverboard_controller) by extensions ['ros']
[1.687s] Level 1:colcon.colcon_core.package_identification:_identify(src/hoverboard_controller) by extension 'ros'
[1.687s] DEBUG:colcon.colcon_core.package_identification:Package 'src/hoverboard_controller' with type 'ros.ament_python' and name 'hoverboard_controller'
[1.687s] Level 1:colcon.colcon_core.package_identification:_identify(src/ros2_laser_scan_matcher) by extensions ['ignore', 'ignore_ament_install']
[1.687s] Level 1:colcon.colcon_core.package_identification:_identify(src/ros2_laser_scan_matcher) by extension 'ignore'
[1.687s] Level 1:colcon.colcon_core.package_identification:_identify(src/ros2_laser_scan_matcher) by extension 'ignore_ament_install'
[1.687s] Level 1:colcon.colcon_core.package_identification:_identify(src/ros2_laser_scan_matcher) by extensions ['colcon_pkg']
[1.687s] Level 1:colcon.colcon_core.package_identification:_identify(src/ros2_laser_scan_matcher) by extension 'colcon_pkg'
[1.688s] Level 1:colcon.colcon_core.package_identification:_identify(src/ros2_laser_scan_matcher) by extensions ['colcon_meta']
[1.688s] Level 1:colcon.colcon_core.package_identification:_identify(src/ros2_laser_scan_matcher) by extension 'colcon_meta'
[1.688s] Level 1:colcon.colcon_core.package_identification:_identify(src/ros2_laser_scan_matcher) by extensions ['ros']
[1.688s] Level 1:colcon.colcon_core.package_identification:_identify(src/ros2_laser_scan_matcher) by extension 'ros'
[1.688s] DEBUG:colcon.colcon_core.package_identification:Package 'src/ros2_laser_scan_matcher' with type 'ros.ament_cmake' and name 'ros2_laser_scan_matcher'
[1.688s] Level 1:colcon.colcon_core.package_identification:_identify(src/rplidar_ros2) by extensions ['ignore', 'ignore_ament_install']
[1.688s] Level 1:colcon.colcon_core.package_identification:_identify(src/rplidar_ros2) by extension 'ignore'
[1.688s] Level 1:colcon.colcon_core.package_identification:_identify(src/rplidar_ros2) by extension 'ignore_ament_install'
[1.688s] Level 1:colcon.colcon_core.package_identification:_identify(src/rplidar_ros2) by extensions ['colcon_pkg']
[1.688s] Level 1:colcon.colcon_core.package_identification:_identify(src/rplidar_ros2) by extension 'colcon_pkg'
[1.688s] Level 1:colcon.colcon_core.package_identification:_identify(src/rplidar_ros2) by extensions ['colcon_meta']
[1.688s] Level 1:colcon.colcon_core.package_identification:_identify(src/rplidar_ros2) by extension 'colcon_meta'
[1.688s] Level 1:colcon.colcon_core.package_identification:_identify(src/rplidar_ros2) by extensions ['ros']
[1.688s] Level 1:colcon.colcon_core.package_identification:_identify(src/rplidar_ros2) by extension 'ros'
[1.689s] DEBUG:colcon.colcon_core.package_identification:Package 'src/rplidar_ros2' with type 'ros.ament_cmake' and name 'rplidar_ros'
[1.689s] Level 1:colcon.colcon_core.package_identification:_identify(src/slam_toolbox) by extensions ['ignore', 'ignore_ament_install']
[1.689s] Level 1:colcon.colcon_core.package_identification:_identify(src/slam_toolbox) by extension 'ignore'
[1.689s] Level 1:colcon.colcon_core.package_identification:_identify(src/slam_toolbox) by extension 'ignore_ament_install'
[1.689s] Level 1:colcon.colcon_core.package_identification:_identify(src/slam_toolbox) by extensions ['colcon_pkg']
[1.689s] Level 1:colcon.colcon_core.package_identification:_identify(src/slam_toolbox) by extension 'colcon_pkg'
[1.689s] Level 1:colcon.colcon_core.package_identification:_identify(src/slam_toolbox) by extensions ['colcon_meta']
[1.689s] Level 1:colcon.colcon_core.package_identification:_identify(src/slam_toolbox) by extension 'colcon_meta'
[1.689s] Level 1:colcon.colcon_core.package_identification:_identify(src/slam_toolbox) by extensions ['ros']
[1.689s] Level 1:colcon.colcon_core.package_identification:_identify(src/slam_toolbox) by extension 'ros'
[1.690s] DEBUG:colcon.colcon_core.package_identification:Package 'src/slam_toolbox' with type 'ros.ament_cmake' and name 'slam_toolbox'
[1.690s] Level 1:colcon.colcon_core.package_discovery:discover_packages(recursive) using defaults
[1.690s] Level 1:colcon.colcon_core.package_discovery:discover_packages(ignore) discover
[1.690s] Level 1:colcon.colcon_core.package_discovery:discover_packages(ignore) using defaults
[1.690s] Level 1:colcon.colcon_core.package_discovery:discover_packages(path) discover
[1.690s] Level 1:colcon.colcon_core.package_discovery:discover_packages(path) using defaults
[1.838s] Level 1:colcon.colcon_core.package_discovery:discover_packages(prefix_path) check parameters
[1.838s] Level 1:colcon.colcon_core.package_discovery:discover_packages(prefix_path) discover
[1.900s] DEBUG:colcon.colcon_installed_package_information.package_discovery:Found 23 installed packages in /home/qty/ros2_ws/install
[1.928s] DEBUG:colcon.colcon_installed_package_information.package_discovery:Found 275 installed packages in /opt/ros/foxy
[1.929s] Level 1:colcon.colcon_core.package_discovery:discover_packages(prefix_path) using defaults
[2.038s] Level 5:colcon.colcon_core.verb:set package 'articubot_one' build argument 'cmake_args' from command line to 'None'
[2.038s] Level 5:colcon.colcon_core.verb:set package 'articubot_one' build argument 'cmake_target' from command line to 'None'
[2.038s] Level 5:colcon.colcon_core.verb:set package 'articubot_one' build argument 'cmake_target_skip_unavailable' from command line to 'False'
[2.038s] Level 5:colcon.colcon_core.verb:set package 'articubot_one' build argument 'cmake_clean_cache' from command line to 'False'
[2.038s] Level 5:colcon.colcon_core.verb:set package 'articubot_one' build argument 'cmake_clean_first' from command line to 'False'
[2.038s] Level 5:colcon.colcon_core.verb:set package 'articubot_one' build argument 'cmake_force_configure' from command line to 'False'
[2.038s] Level 5:colcon.colcon_core.verb:set package 'articubot_one' build argument 'ament_cmake_args' from command line to 'None'
[2.038s] Level 5:colcon.colcon_core.verb:set package 'articubot_one' build argument 'catkin_cmake_args' from command line to 'None'
[2.038s] Level 5:colcon.colcon_core.verb:set package 'articubot_one' build argument 'catkin_skip_building_tests' from command line to 'False'
[2.038s] DEBUG:colcon.colcon_core.verb:Building package 'articubot_one' with the following arguments: {'ament_cmake_args': None, 'build_base': '/home/qty/ros2_ws/build/articubot_one', 'catkin_cmake_args': None, 'catkin_skip_building_tests': False, 'cmake_args': None, 'cmake_clean_cache': False, 'cmake_clean_first': False, 'cmake_force_configure': False, 'cmake_target': None, 'cmake_target_skip_unavailable': False, 'install_base': '/home/qty/ros2_ws/install/articubot_one', 'merge_install': False, 'path': '/home/qty/ros2_ws/src/articubot_one', 'symlink_install': True, 'test_result_base': None}
[2.065s] Level 5:colcon.colcon_core.verb:set package 'csm' build argument 'cmake_args' from command line to 'None'
[2.065s] Level 5:colcon.colcon_core.verb:set package 'csm' build argument 'cmake_target' from command line to 'None'
[2.065s] Level 5:colcon.colcon_core.verb:set package 'csm' build argument 'cmake_target_skip_unavailable' from command line to 'False'
[2.065s] Level 5:colcon.colcon_core.verb:set package 'csm' build argument 'cmake_clean_cache' from command line to 'False'
[2.065s] Level 5:colcon.colcon_core.verb:set package 'csm' build argument 'cmake_clean_first' from command line to 'False'
[2.065s] Level 5:colcon.colcon_core.verb:set package 'csm' build argument 'cmake_force_configure' from command line to 'False'
[2.065s] Level 5:colcon.colcon_core.verb:set package 'csm' build argument 'ament_cmake_args' from command line to 'None'
[2.065s] Level 5:colcon.colcon_core.verb:set package 'csm' build argument 'catkin_cmake_args' from command line to 'None'
[2.065s] Level 5:colcon.colcon_core.verb:set package 'csm' build argument 'catkin_skip_building_tests' from command line to 'False'
[2.065s] DEBUG:colcon.colcon_core.verb:Building package 'csm' with the following arguments: {'ament_cmake_args': None, 'build_base': '/home/qty/ros2_ws/build/csm', 'catkin_cmake_args': None, 'catkin_skip_building_tests': False, 'cmake_args': None, 'cmake_clean_cache': False, 'cmake_clean_first': False, 'cmake_force_configure': False, 'cmake_target': None, 'cmake_target_skip_unavailable': False, 'install_base': '/home/qty/ros2_ws/install/csm', 'merge_install': False, 'path': '/home/qty/ros2_ws/src/csm', 'symlink_install': True, 'test_result_base': None}
[2.092s] Level 5:colcon.colcon_core.verb:set package 'hoverboard_controller' build argument 'cmake_args' from command line to 'None'
[2.092s] Level 5:colcon.colcon_core.verb:set package 'hoverboard_controller' build argument 'cmake_target' from command line to 'None'
[2.092s] Level 5:colcon.colcon_core.verb:set package 'hoverboard_controller' build argument 'cmake_target_skip_unavailable' from command line to 'False'
[2.092s] Level 5:colcon.colcon_core.verb:set package 'hoverboard_controller' build argument 'cmake_clean_cache' from command line to 'False'
[2.092s] Level 5:colcon.colcon_core.verb:set package 'hoverboard_controller' build argument 'cmake_clean_first' from command line to 'False'
[2.092s] Level 5:colcon.colcon_core.verb:set package 'hoverboard_controller' build argument 'cmake_force_configure' from command line to 'False'
[2.092s] Level 5:colcon.colcon_core.verb:set package 'hoverboard_controller' build argument 'ament_cmake_args' from command line to 'None'
[2.092s] Level 5:colcon.colcon_core.verb:set package 'hoverboard_controller' build argument 'catkin_cmake_args' from command line to 'None'
[2.092s] Level 5:colcon.colcon_core.verb:set package 'hoverboard_controller' build argument 'catkin_skip_building_tests' from command line to 'False'
[2.092s] DEBUG:colcon.colcon_core.verb:Building package 'hoverboard_controller' with the following arguments: {'ament_cmake_args': None, 'build_base': '/home/qty/ros2_ws/build/hoverboard_controller', 'catkin_cmake_args': None, 'catkin_skip_building_tests': False, 'cmake_args': None, 'cmake_clean_cache': False, 'cmake_clean_first': False, 'cmake_force_configure': False, 'cmake_target': None, 'cmake_target_skip_unavailable': False, 'install_base': '/home/qty/ros2_ws/install/hoverboard_controller', 'merge_install': False, 'path': '/home/qty/ros2_ws/src/hoverboard_controller', 'symlink_install': True, 'test_result_base': None}
[2.119s] Level 5:colcon.colcon_core.verb:set package 'rplidar_ros' build argument 'cmake_args' from command line to 'None'
[2.119s] Level 5:colcon.colcon_core.verb:set package 'rplidar_ros' build argument 'cmake_target' from command line to 'None'
[2.119s] Level 5:colcon.colcon_core.verb:set package 'rplidar_ros' build argument 'cmake_target_skip_unavailable' from command line to 'False'
[2.119s] Level 5:colcon.colcon_core.verb:set package 'rplidar_ros' build argument 'cmake_clean_cache' from command line to 'False'
[2.119s] Level 5:colcon.colcon_core.verb:set package 'rplidar_ros' build argument 'cmake_clean_first' from command line to 'False'
[2.119s] Level 5:colcon.colcon_core.verb:set package 'rplidar_ros' build argument 'cmake_force_configure' from command line to 'False'
[2.119s] Level 5:colcon.colcon_core.verb:set package 'rplidar_ros' build argument 'ament_cmake_args' from command line to 'None'
[2.119s] Level 5:colcon.colcon_core.verb:set package 'rplidar_ros' build argument 'catkin_cmake_args' from command line to 'None'
[2.119s] Level 5:colcon.colcon_core.verb:set package 'rplidar_ros' build argument 'catkin_skip_building_tests' from command line to 'False'
[2.119s] DEBUG:colcon.colcon_core.verb:Building package 'rplidar_ros' with the following arguments: {'ament_cmake_args': None, 'build_base': '/home/qty/ros2_ws/build/rplidar_ros', 'catkin_cmake_args': None, 'catkin_skip_building_tests': False, 'cmake_args': None, 'cmake_clean_cache': False, 'cmake_clean_first': False, 'cmake_force_configure': False, 'cmake_target': None, 'cmake_target_skip_unavailable': False, 'install_base': '/home/qty/ros2_ws/install/rplidar_ros', 'merge_install': False, 'path': '/home/qty/ros2_ws/src/rplidar_ros2', 'symlink_install': True, 'test_result_base': None}
[2.146s] Level 5:colcon.colcon_core.verb:set package 'slam_toolbox' build argument 'cmake_args' from command line to 'None'
[2.146s] Level 5:colcon.colcon_core.verb:set package 'slam_toolbox' build argument 'cmake_target' from command line to 'None'
[2.146s] Level 5:colcon.colcon_core.verb:set package 'slam_toolbox' build argument 'cmake_target_skip_unavailable' from command line to 'False'
[2.146s] Level 5:colcon.colcon_core.verb:set package 'slam_toolbox' build argument 'cmake_clean_cache' from command line to 'False'
[2.146s] Level 5:colcon.colcon_core.verb:set package 'slam_toolbox' build argument 'cmake_clean_first' from command line to 'False'
[2.146s] Level 5:colcon.colcon_core.verb:set package 'slam_toolbox' build argument 'cmake_force_configure' from command line to 'False'
[2.146s] Level 5:colcon.colcon_core.verb:set package 'slam_toolbox' build argument 'ament_cmake_args' from command line to 'None'
[2.146s] Level 5:colcon.colcon_core.verb:set package 'slam_toolbox' build argument 'catkin_cmake_args' from command line to 'None'
[2.146s] Level 5:colcon.colcon_core.verb:set package 'slam_toolbox' build argument 'catkin_skip_building_tests' from command line to 'False'
[2.146s] DEBUG:colcon.colcon_core.verb:Building package 'slam_toolbox' with the following arguments: {'ament_cmake_args': None, 'build_base': '/home/qty/ros2_ws/build/slam_toolbox', 'catkin_cmake_args': None, 'catkin_skip_building_tests': False, 'cmake_args': None, 'cmake_clean_cache': False, 'cmake_clean_first': False, 'cmake_force_configure': False, 'cmake_target': None, 'cmake_target_skip_unavailable': False, 'install_base': '/home/qty/ros2_ws/install/slam_toolbox', 'merge_install': False, 'path': '/home/qty/ros2_ws/src/slam_toolbox', 'symlink_install': True, 'test_result_base': None}
[2.173s] Level 5:colcon.colcon_core.verb:set package 'ros2_laser_scan_matcher' build argument 'cmake_args' from command line to 'None'
[2.173s] Level 5:colcon.colcon_core.verb:set package 'ros2_laser_scan_matcher' build argument 'cmake_target' from command line to 'None'
[2.173s] Level 5:colcon.colcon_core.verb:set package 'ros2_laser_scan_matcher' build argument 'cmake_target_skip_unavailable' from command line to 'False'
[2.173s] Level 5:colcon.colcon_core.verb:set package 'ros2_laser_scan_matcher' build argument 'cmake_clean_cache' from command line to 'False'
[2.173s] Level 5:colcon.colcon_core.verb:set package 'ros2_laser_scan_matcher' build argument 'cmake_clean_first' from command line to 'False'
[2.173s] Level 5:colcon.colcon_core.verb:set package 'ros2_laser_scan_matcher' build argument 'cmake_force_configure' from command line to 'False'
[2.173s] Level 5:colcon.colcon_core.verb:set package 'ros2_laser_scan_matcher' build argument 'ament_cmake_args' from command line to 'None'
[2.173s] Level 5:colcon.colcon_core.verb:set package 'ros2_laser_scan_matcher' build argument 'catkin_cmake_args' from command line to 'None'
[2.173s] Level 5:colcon.colcon_core.verb:set package 'ros2_laser_scan_matcher' build argument 'catkin_skip_building_tests' from command line to 'False'
[2.173s] DEBUG:colcon.colcon_core.verb:Building package 'ros2_laser_scan_matcher' with the following arguments: {'ament_cmake_args': None, 'build_base': '/home/qty/ros2_ws/build/ros2_laser_scan_matcher', 'catkin_cmake_args': None, 'catkin_skip_building_tests': False, 'cmake_args': None, 'cmake_clean_cache': False, 'cmake_clean_first': False, 'cmake_force_configure': False, 'cmake_target': None, 'cmake_target_skip_unavailable': False, 'install_base': '/home/qty/ros2_ws/install/ros2_laser_scan_matcher', 'merge_install': False, 'path': '/home/qty/ros2_ws/src/ros2_laser_scan_matcher', 'symlink_install': True, 'test_result_base': None}
[2.200s] INFO:colcon.colcon_core.executor:Executing jobs using 'parallel' executor
[2.228s] DEBUG:colcon.colcon_parallel_executor.executor.parallel:run_until_complete
[2.228s] INFO:colcon.colcon_ros.task.ament_cmake.build:Building ROS package in '/home/qty/ros2_ws/src/csm' with build type 'ament_cmake'
[2.228s] INFO:colcon.colcon_cmake.task.cmake.build:Building CMake package in '/home/qty/ros2_ws/src/csm'
[2.265s] INFO:colcon.colcon_core.plugin_system:Skipping extension 'colcon_core.shell.bat': Not used on non-Windows systems
[2.265s] INFO:colcon.colcon_core.shell:Skip shell extension 'powershell' for command environment: Not usable outside of PowerShell
[2.265s] DEBUG:colcon.colcon_core.shell:Skip shell extension 'dsv' for command environment
[2.353s] INFO:colcon.colcon_ros.task.ament_cmake.build:Building ROS package in '/home/qty/ros2_ws/src/articubot_one' with build type 'ament_cmake'
[2.353s] INFO:colcon.colcon_cmake.task.cmake.build:Building CMake package in '/home/qty/ros2_ws/src/articubot_one'
[2.382s] INFO:colcon.colcon_core.shell:Skip shell extension 'powershell' for command environment: Not usable outside of PowerShell
[2.382s] DEBUG:colcon.colcon_core.shell:Skip shell extension 'dsv' for command environment
[2.471s] INFO:colcon.colcon_ros.task.ament_python.build:Building ROS package in '/home/qty/ros2_ws/src/hoverboard_controller' with build type 'ament_python'
[2.471s] Level 1:colcon.colcon_core.shell:create_environment_hook('hoverboard_controller', 'ament_prefix_path')
[2.500s] INFO:colcon.colcon_core.shell:Creating environment hook '/home/qty/ros2_ws/install/hoverboard_controller/share/hoverboard_controller/hook/ament_prefix_path.ps1'
[2.500s] INFO:colcon.colcon_core.shell:Creating environment descriptor '/home/qty/ros2_ws/install/hoverboard_controller/share/hoverboard_controller/hook/ament_prefix_path.dsv'
[2.501s] INFO:colcon.colcon_core.shell:Creating environment hook '/home/qty/ros2_ws/install/hoverboard_controller/share/hoverboard_controller/hook/ament_prefix_path.sh'
[2.529s] INFO:colcon.colcon_core.shell:Skip shell extension 'powershell' for command environment: Not usable outside of PowerShell
[2.529s] DEBUG:colcon.colcon_core.shell:Skip shell extension 'dsv' for command environment
[2.617s] INFO:colcon.colcon_ros.task.ament_cmake.build:Building ROS package in '/home/qty/ros2_ws/src/rplidar_ros2' with build type 'ament_cmake'
[2.617s] INFO:colcon.colcon_cmake.task.cmake.build:Building CMake package in '/home/qty/ros2_ws/src/rplidar_ros2'
[2.647s] INFO:colcon.colcon_core.shell:Skip shell extension 'powershell' for command environment: Not usable outside of PowerShell
[2.647s] DEBUG:colcon.colcon_core.shell:Skip shell extension 'dsv' for command environment
[2.735s] INFO:colcon.colcon_ros.task.ament_cmake.build:Building ROS package in '/home/qty/ros2_ws/src/slam_toolbox' with build type 'ament_cmake'
[2.735s] INFO:colcon.colcon_cmake.task.cmake.build:Building CMake package in '/home/qty/ros2_ws/src/slam_toolbox'
[2.764s] INFO:colcon.colcon_core.shell:Skip shell extension 'powershell' for command environment: Not usable outside of PowerShell
[2.764s] DEBUG:colcon.colcon_core.shell:Skip shell extension 'dsv' for command environment
[2.857s] DEBUG:colcon.colcon_core.event_handler.log_command:Invoking command in '/home/qty/ros2_ws/build/csm': CMAKE_PREFIX_PATH=${CMAKE_PREFIX_PATH}:/home/qty/ros2_ws/install/hoverBoardController:/home/qty/ros2_ws/install/examples_rclpy_minimal_subscriber:/home/qty/ros2_ws/install/examples_rclpy_minimal_service:/home/qty/ros2_ws/install/examples_rclpy_minimal_publisher:/home/qty/ros2_ws/install/examples_rclpy_minimal_client:/home/qty/ros2_ws/install/examples_rclpy_minimal_action_server:/home/qty/ros2_ws/install/examples_rclpy_minimal_action_client:/home/qty/ros2_ws/install/examples_rclpy_executors:/opt/ros/foxy /usr/bin/cmake --build /home/qty/ros2_ws/build/csm -- -j16 -l16
[2.860s] DEBUG:colcon.colcon_core.event_handler.log_command:Invoking command in '/home/qty/ros2_ws/build/articubot_one': CMAKE_PREFIX_PATH=${CMAKE_PREFIX_PATH}:/home/qty/ros2_ws/install/hoverBoardController:/home/qty/ros2_ws/install/examples_rclpy_minimal_subscriber:/home/qty/ros2_ws/install/examples_rclpy_minimal_service:/home/qty/ros2_ws/install/examples_rclpy_minimal_publisher:/home/qty/ros2_ws/install/examples_rclpy_minimal_client:/home/qty/ros2_ws/install/examples_rclpy_minimal_action_server:/home/qty/ros2_ws/install/examples_rclpy_minimal_action_client:/home/qty/ros2_ws/install/examples_rclpy_executors:/opt/ros/foxy /usr/bin/cmake --build /home/qty/ros2_ws/build/articubot_one -- -j16 -l16
[3.022s] INFO:colcon.colcon_core.task.python.build:Building Python package in '/home/qty/ros2_ws/src/hoverboard_controller'
[3.051s] INFO:colcon.colcon_core.shell:Skip shell extension 'powershell' for command environment: Not usable outside of PowerShell
[3.051s] DEBUG:colcon.colcon_core.shell:Skip shell extension 'dsv' for command environment
[3.141s] DEBUG:colcon.colcon_core.event_handler.log_command:Invoking command in '/home/qty/ros2_ws/build/rplidar_ros': CMAKE_PREFIX_PATH=${CMAKE_PREFIX_PATH}:/home/qty/ros2_ws/install/hoverBoardController:/home/qty/ros2_ws/install/examples_rclpy_minimal_subscriber:/home/qty/ros2_ws/install/examples_rclpy_minimal_service:/home/qty/ros2_ws/install/examples_rclpy_minimal_publisher:/home/qty/ros2_ws/install/examples_rclpy_minimal_client:/home/qty/ros2_ws/install/examples_rclpy_minimal_action_server:/home/qty/ros2_ws/install/examples_rclpy_minimal_action_client:/home/qty/ros2_ws/install/examples_rclpy_executors:/opt/ros/foxy /usr/bin/cmake --build /home/qty/ros2_ws/build/rplidar_ros -- -j16 -l16
[3.146s] DEBUG:colcon.colcon_core.event_handler.log_command:Invoking command in '/home/qty/ros2_ws/build/slam_toolbox': CMAKE_PREFIX_PATH=${CMAKE_PREFIX_PATH}:/home/qty/ros2_ws/install/hoverBoardController:/home/qty/ros2_ws/install/examples_rclpy_minimal_subscriber:/home/qty/ros2_ws/install/examples_rclpy_minimal_service:/home/qty/ros2_ws/install/examples_rclpy_minimal_publisher:/home/qty/ros2_ws/install/examples_rclpy_minimal_client:/home/qty/ros2_ws/install/examples_rclpy_minimal_action_server:/home/qty/ros2_ws/install/examples_rclpy_minimal_action_client:/home/qty/ros2_ws/install/examples_rclpy_executors:/opt/ros/foxy /usr/bin/cmake --build /home/qty/ros2_ws/build/slam_toolbox -- -j16 -l16
[3.147s] DEBUG:colcon.colcon_core.event_handler.log_command:Invoked command in '/home/qty/ros2_ws/build/csm' returned '0': CMAKE_PREFIX_PATH=${CMAKE_PREFIX_PATH}:/home/qty/ros2_ws/install/hoverBoardController:/home/qty/ros2_ws/install/examples_rclpy_minimal_subscriber:/home/qty/ros2_ws/install/examples_rclpy_minimal_service:/home/qty/ros2_ws/install/examples_rclpy_minimal_publisher:/home/qty/ros2_ws/install/examples_rclpy_minimal_client:/home/qty/ros2_ws/install/examples_rclpy_minimal_action_server:/home/qty/ros2_ws/install/examples_rclpy_minimal_action_client:/home/qty/ros2_ws/install/examples_rclpy_executors:/opt/ros/foxy /usr/bin/cmake --build /home/qty/ros2_ws/build/csm -- -j16 -l16
[3.149s] DEBUG:colcon.colcon_core.event_handler.log_command:Invoked command in '/home/qty/ros2_ws/build/articubot_one' returned '0': CMAKE_PREFIX_PATH=${CMAKE_PREFIX_PATH}:/home/qty/ros2_ws/install/hoverBoardController:/home/qty/ros2_ws/install/examples_rclpy_minimal_subscriber:/home/qty/ros2_ws/install/examples_rclpy_minimal_service:/home/qty/ros2_ws/install/examples_rclpy_minimal_publisher:/home/qty/ros2_ws/install/examples_rclpy_minimal_client:/home/qty/ros2_ws/install/examples_rclpy_minimal_action_server:/home/qty/ros2_ws/install/examples_rclpy_minimal_action_client:/home/qty/ros2_ws/install/examples_rclpy_executors:/opt/ros/foxy /usr/bin/cmake --build /home/qty/ros2_ws/build/articubot_one -- -j16 -l16
[3.176s] DEBUG:colcon.colcon_core.event_handler.log_command:Invoking command in '/home/qty/ros2_ws/build/articubot_one': CMAKE_PREFIX_PATH=${CMAKE_PREFIX_PATH}:/home/qty/ros2_ws/install/hoverBoardController:/home/qty/ros2_ws/install/examples_rclpy_minimal_subscriber:/home/qty/ros2_ws/install/examples_rclpy_minimal_service:/home/qty/ros2_ws/install/examples_rclpy_minimal_publisher:/home/qty/ros2_ws/install/examples_rclpy_minimal_client:/home/qty/ros2_ws/install/examples_rclpy_minimal_action_server:/home/qty/ros2_ws/install/examples_rclpy_minimal_action_client:/home/qty/ros2_ws/install/examples_rclpy_executors:/opt/ros/foxy /usr/bin/cmake --install /home/qty/ros2_ws/build/articubot_one
[3.195s] DEBUG:colcon.colcon_core.event_handler.log_command:Invoking command in '/home/qty/ros2_ws/build/csm': CMAKE_PREFIX_PATH=${CMAKE_PREFIX_PATH}:/home/qty/ros2_ws/install/hoverBoardController:/home/qty/ros2_ws/install/examples_rclpy_minimal_subscriber:/home/qty/ros2_ws/install/examples_rclpy_minimal_service:/home/qty/ros2_ws/install/examples_rclpy_minimal_publisher:/home/qty/ros2_ws/install/examples_rclpy_minimal_client:/home/qty/ros2_ws/install/examples_rclpy_minimal_action_server:/home/qty/ros2_ws/install/examples_rclpy_minimal_action_client:/home/qty/ros2_ws/install/examples_rclpy_executors:/opt/ros/foxy /usr/bin/cmake --install /home/qty/ros2_ws/build/csm
[3.200s] Level 1:colcon.colcon_core.environment:create_environment_scripts_only(articubot_one)
[3.201s] DEBUG:colcon.colcon_core.event_handler.log_command:Invoked command in '/home/qty/ros2_ws/build/articubot_one' returned '0': CMAKE_PREFIX_PATH=${CMAKE_PREFIX_PATH}:/home/qty/ros2_ws/install/hoverBoardController:/home/qty/ros2_ws/install/examples_rclpy_minimal_subscriber:/home/qty/ros2_ws/install/examples_rclpy_minimal_service:/home/qty/ros2_ws/install/examples_rclpy_minimal_publisher:/home/qty/ros2_ws/install/examples_rclpy_minimal_client:/home/qty/ros2_ws/install/examples_rclpy_minimal_action_server:/home/qty/ros2_ws/install/examples_rclpy_minimal_action_client:/home/qty/ros2_ws/install/examples_rclpy_executors:/opt/ros/foxy /usr/bin/cmake --install /home/qty/ros2_ws/build/articubot_one
[3.244s] Level 1:colcon.colcon_core.environment:checking '/home/qty/ros2_ws/install/articubot_one' for CMake module files
[3.244s] Level 1:colcon.colcon_core.environment:checking '/home/qty/ros2_ws/install/articubot_one' for CMake config files
[3.245s] Level 1:colcon.colcon_core.shell:create_environment_hook('articubot_one', 'cmake_prefix_path')
[3.287s] INFO:colcon.colcon_core.shell:Creating environment hook '/home/qty/ros2_ws/install/articubot_one/share/articubot_one/hook/cmake_prefix_path.ps1'
[3.287s] INFO:colcon.colcon_core.shell:Creating environment descriptor '/home/qty/ros2_ws/install/articubot_one/share/articubot_one/hook/cmake_prefix_path.dsv'
[3.287s] INFO:colcon.colcon_core.shell:Creating environment hook '/home/qty/ros2_ws/install/articubot_one/share/articubot_one/hook/cmake_prefix_path.sh'
[3.288s] Level 1:colcon.colcon_core.environment:checking '/home/qty/ros2_ws/install/articubot_one/bin'
[3.288s] Level 1:colcon.colcon_core.environment:checking '/home/qty/ros2_ws/install/articubot_one/lib/pkgconfig/articubot_one.pc'
[3.288s] Level 1:colcon.colcon_core.environment:checking '/home/qty/ros2_ws/install/articubot_one/lib/python3.8/site-packages'
[3.288s] Level 1:colcon.colcon_core.environment:checking '/home/qty/ros2_ws/install/articubot_one/bin'
[3.327s] INFO:colcon.colcon_core.shell:Creating package script '/home/qty/ros2_ws/install/articubot_one/share/articubot_one/package.ps1'
[3.328s] INFO:colcon.colcon_core.shell:Creating package descriptor '/home/qty/ros2_ws/install/articubot_one/share/articubot_one/package.dsv'
[3.328s] INFO:colcon.colcon_core.shell:Creating package script '/home/qty/ros2_ws/install/articubot_one/share/articubot_one/package.sh'
[3.329s] INFO:colcon.colcon_core.shell:Creating package script '/home/qty/ros2_ws/install/articubot_one/share/articubot_one/package.bash'
[3.329s] INFO:colcon.colcon_core.shell:Creating package script '/home/qty/ros2_ws/install/articubot_one/share/articubot_one/package.zsh'
[3.330s] Level 1:colcon.colcon_core.environment:create_file_with_runtime_dependencies(/home/qty/ros2_ws/install/articubot_one/share/colcon-core/packages/articubot_one)
[3.335s] DEBUG:colcon.colcon_core.event_handler.log_command:Invoked command in '/home/qty/ros2_ws/build/rplidar_ros' returned '0': CMAKE_PREFIX_PATH=${CMAKE_PREFIX_PATH}:/home/qty/ros2_ws/install/hoverBoardController:/home/qty/ros2_ws/install/examples_rclpy_minimal_subscriber:/home/qty/ros2_ws/install/examples_rclpy_minimal_service:/home/qty/ros2_ws/install/examples_rclpy_minimal_publisher:/home/qty/ros2_ws/install/examples_rclpy_minimal_client:/home/qty/ros2_ws/install/examples_rclpy_minimal_action_server:/home/qty/ros2_ws/install/examples_rclpy_minimal_action_client:/home/qty/ros2_ws/install/examples_rclpy_executors:/opt/ros/foxy /usr/bin/cmake --build /home/qty/ros2_ws/build/rplidar_ros -- -j16 -l16
[3.336s] Level 1:colcon.colcon_core.environment:create_environment_scripts_only(csm)
[3.337s] DEBUG:colcon.colcon_core.event_handler.log_command:Invoked command in '/home/qty/ros2_ws/build/csm' returned '0': CMAKE_PREFIX_PATH=${CMAKE_PREFIX_PATH}:/home/qty/ros2_ws/install/hoverBoardController:/home/qty/ros2_ws/install/examples_rclpy_minimal_subscriber:/home/qty/ros2_ws/install/examples_rclpy_minimal_service:/home/qty/ros2_ws/install/examples_rclpy_minimal_publisher:/home/qty/ros2_ws/install/examples_rclpy_minimal_client:/home/qty/ros2_ws/install/examples_rclpy_minimal_action_server:/home/qty/ros2_ws/install/examples_rclpy_minimal_action_client:/home/qty/ros2_ws/install/examples_rclpy_executors:/opt/ros/foxy /usr/bin/cmake --install /home/qty/ros2_ws/build/csm
[3.372s] Level 1:colcon.colcon_core.environment:checking '/home/qty/ros2_ws/install/csm' for CMake module files
[3.372s] Level 1:colcon.colcon_core.environment:checking '/home/qty/ros2_ws/install/csm' for CMake config files
[3.373s] Level 1:colcon.colcon_core.shell:create_environment_hook('csm', 'cmake_prefix_path')
[3.404s] INFO:colcon.colcon_core.shell:Creating environment hook '/home/qty/ros2_ws/install/csm/share/csm/hook/cmake_prefix_path.ps1'
[3.404s] INFO:colcon.colcon_core.shell:Creating environment descriptor '/home/qty/ros2_ws/install/csm/share/csm/hook/cmake_prefix_path.dsv'
[3.405s] INFO:colcon.colcon_core.shell:Creating environment hook '/home/qty/ros2_ws/install/csm/share/csm/hook/cmake_prefix_path.sh'
[3.405s] Level 1:colcon.colcon_core.environment:checking '/home/qty/ros2_ws/install/csm/lib'
[3.405s] Level 1:colcon.colcon_core.shell:create_environment_hook('csm', 'ld_library_path_lib')
[3.436s] INFO:colcon.colcon_core.shell:Creating environment hook '/home/qty/ros2_ws/install/csm/share/csm/hook/ld_library_path_lib.ps1'
[3.436s] INFO:colcon.colcon_core.shell:Creating environment descriptor '/home/qty/ros2_ws/install/csm/share/csm/hook/ld_library_path_lib.dsv'
[3.437s] INFO:colcon.colcon_core.shell:Creating environment hook '/home/qty/ros2_ws/install/csm/share/csm/hook/ld_library_path_lib.sh'
[3.437s] Level 1:colcon.colcon_core.environment:checking '/home/qty/ros2_ws/install/csm/bin'
[3.437s] Level 1:colcon.colcon_core.environment:checking '/home/qty/ros2_ws/install/csm/lib/pkgconfig/csm.pc'
[3.437s] Level 1:colcon.colcon_core.environment:checking '/home/qty/ros2_ws/install/csm/lib/python3.8/site-packages'
[3.437s] Level 1:colcon.colcon_core.environment:checking '/home/qty/ros2_ws/install/csm/bin'
[3.468s] INFO:colcon.colcon_core.shell:Creating package script '/home/qty/ros2_ws/install/csm/share/csm/package.ps1'
[3.469s] INFO:colcon.colcon_core.shell:Creating package descriptor '/home/qty/ros2_ws/install/csm/share/csm/package.dsv'
[3.469s] INFO:colcon.colcon_core.shell:Creating package script '/home/qty/ros2_ws/install/csm/share/csm/package.sh'
[3.469s] INFO:colcon.colcon_core.shell:Creating package script '/home/qty/ros2_ws/install/csm/share/csm/package.bash'
[3.470s] INFO:colcon.colcon_core.shell:Creating package script '/home/qty/ros2_ws/install/csm/share/csm/package.zsh'
[3.470s] Level 1:colcon.colcon_core.environment:create_file_with_runtime_dependencies(/home/qty/ros2_ws/install/csm/share/colcon-core/packages/csm)
[3.503s] Level 1:colcon.colcon_core.environment:create_environment_scripts_only(articubot_one)
[3.532s] Level 1:colcon.colcon_core.environment:checking '/home/qty/ros2_ws/install/articubot_one' for CMake module files
[3.532s] Level 1:colcon.colcon_core.environment:checking '/home/qty/ros2_ws/install/articubot_one' for CMake config files
[3.532s] Level 1:colcon.colcon_core.shell:create_environment_hook('articubot_one', 'cmake_prefix_path')
[3.561s] INFO:colcon.colcon_core.shell:Creating environment hook '/home/qty/ros2_ws/install/articubot_one/share/articubot_one/hook/cmake_prefix_path.ps1'
[3.561s] INFO:colcon.colcon_core.shell:Creating environment descriptor '/home/qty/ros2_ws/install/articubot_one/share/articubot_one/hook/cmake_prefix_path.dsv'
[3.561s] INFO:colcon.colcon_core.shell:Creating environment hook '/home/qty/ros2_ws/install/articubot_one/share/articubot_one/hook/cmake_prefix_path.sh'
[3.562s] Level 1:colcon.colcon_core.environment:checking '/home/qty/ros2_ws/install/articubot_one/bin'
[3.562s] Level 1:colcon.colcon_core.environment:checking '/home/qty/ros2_ws/install/articubot_one/lib/pkgconfig/articubot_one.pc'
[3.562s] Level 1:colcon.colcon_core.environment:checking '/home/qty/ros2_ws/install/articubot_one/lib/python3.8/site-packages'
[3.562s] Level 1:colcon.colcon_core.environment:checking '/home/qty/ros2_ws/install/articubot_one/bin'
[3.592s] INFO:colcon.colcon_core.shell:Creating package script '/home/qty/ros2_ws/install/articubot_one/share/articubot_one/package.ps1'
[3.592s] INFO:colcon.colcon_core.shell:Creating package descriptor '/home/qty/ros2_ws/install/articubot_one/share/articubot_one/package.dsv'
[3.592s] INFO:colcon.colcon_core.shell:Creating package script '/home/qty/ros2_ws/install/articubot_one/share/articubot_one/package.sh'
[3.592s] INFO:colcon.colcon_core.shell:Creating package script '/home/qty/ros2_ws/install/articubot_one/share/articubot_one/package.bash'
[3.593s] INFO:colcon.colcon_core.shell:Creating package script '/home/qty/ros2_ws/install/articubot_one/share/articubot_one/package.zsh'
[3.593s] Level 1:colcon.colcon_core.environment:create_file_with_runtime_dependencies(/home/qty/ros2_ws/install/articubot_one/share/colcon-core/packages/articubot_one)
[3.596s] DEBUG:colcon.colcon_core.event_handler.log_command:Invoking command in '/home/qty/ros2_ws/build/rplidar_ros': CMAKE_PREFIX_PATH=${CMAKE_PREFIX_PATH}:/home/qty/ros2_ws/install/hoverBoardController:/home/qty/ros2_ws/install/examples_rclpy_minimal_subscriber:/home/qty/ros2_ws/install/examples_rclpy_minimal_service:/home/qty/ros2_ws/install/examples_rclpy_minimal_publisher:/home/qty/ros2_ws/install/examples_rclpy_minimal_client:/home/qty/ros2_ws/install/examples_rclpy_minimal_action_server:/home/qty/ros2_ws/install/examples_rclpy_minimal_action_client:/home/qty/ros2_ws/install/examples_rclpy_executors:/opt/ros/foxy /usr/bin/cmake --install /home/qty/ros2_ws/build/rplidar_ros
[3.598s] DEBUG:colcon.colcon_core.event_handler.log_command:Invoking command in '/home/qty/ros2_ws/build/hoverboard_controller': PYTHONPATH=/home/qty/ros2_ws/build/hoverboard_controller/prefix_override:/home/qty/ros2_ws/install/hoverboard_controller/lib/python3.8/site-packages:${PYTHONPATH} /usr/bin/python3 setup.py develop --editable --build-directory /home/qty/ros2_ws/build/hoverboard_controller/build --no-deps install_data
[3.599s] DEBUG:colcon.colcon_core.event_handler.log_command:Invoked command in '/home/qty/ros2_ws/build/slam_toolbox' returned '0': CMAKE_PREFIX_PATH=${CMAKE_PREFIX_PATH}:/home/qty/ros2_ws/install/hoverBoardController:/home/qty/ros2_ws/install/examples_rclpy_minimal_subscriber:/home/qty/ros2_ws/install/examples_rclpy_minimal_service:/home/qty/ros2_ws/install/examples_rclpy_minimal_publisher:/home/qty/ros2_ws/install/examples_rclpy_minimal_client:/home/qty/ros2_ws/install/examples_rclpy_minimal_action_server:/home/qty/ros2_ws/install/examples_rclpy_minimal_action_client:/home/qty/ros2_ws/install/examples_rclpy_executors:/opt/ros/foxy /usr/bin/cmake --build /home/qty/ros2_ws/build/slam_toolbox -- -j16 -l16
[3.640s] Level 1:colcon.colcon_core.environment:create_environment_scripts_only(csm)
[3.670s] Level 1:colcon.colcon_core.environment:checking '/home/qty/ros2_ws/install/csm' for CMake module files
[3.671s] Level 1:colcon.colcon_core.environment:checking '/home/qty/ros2_ws/install/csm' for CMake config files
[3.671s] Level 1:colcon.colcon_core.shell:create_environment_hook('csm', 'cmake_prefix_path')
[3.701s] INFO:colcon.colcon_core.shell:Creating environment hook '/home/qty/ros2_ws/install/csm/share/csm/hook/cmake_prefix_path.ps1'
[3.701s] INFO:colcon.colcon_core.shell:Creating environment descriptor '/home/qty/ros2_ws/install/csm/share/csm/hook/cmake_prefix_path.dsv'
[3.701s] INFO:colcon.colcon_core.shell:Creating environment hook '/home/qty/ros2_ws/install/csm/share/csm/hook/cmake_prefix_path.sh'
[3.702s] Level 1:colcon.colcon_core.environment:checking '/home/qty/ros2_ws/install/csm/lib'
[3.702s] Level 1:colcon.colcon_core.shell:create_environment_hook('csm', 'ld_library_path_lib')
[3.732s] INFO:colcon.colcon_core.shell:Creating environment hook '/home/qty/ros2_ws/install/csm/share/csm/hook/ld_library_path_lib.ps1'
[3.732s] INFO:colcon.colcon_core.shell:Creating environment descriptor '/home/qty/ros2_ws/install/csm/share/csm/hook/ld_library_path_lib.dsv'
[3.732s] INFO:colcon.colcon_core.shell:Creating environment hook '/home/qty/ros2_ws/install/csm/share/csm/hook/ld_library_path_lib.sh'
[3.732s] Level 1:colcon.colcon_core.environment:checking '/home/qty/ros2_ws/install/csm/bin'
[3.732s] Level 1:colcon.colcon_core.environment:checking '/home/qty/ros2_ws/install/csm/lib/pkgconfig/csm.pc'
[3.733s] Level 1:colcon.colcon_core.environment:checking '/home/qty/ros2_ws/install/csm/lib/python3.8/site-packages'
[3.733s] Level 1:colcon.colcon_core.environment:checking '/home/qty/ros2_ws/install/csm/bin'
[3.763s] INFO:colcon.colcon_core.shell:Creating package script '/home/qty/ros2_ws/install/csm/share/csm/package.ps1'
[3.763s] INFO:colcon.colcon_core.shell:Creating package descriptor '/home/qty/ros2_ws/install/csm/share/csm/package.dsv'
[3.763s] INFO:colcon.colcon_core.shell:Creating package script '/home/qty/ros2_ws/install/csm/share/csm/package.sh'
[3.764s] INFO:colcon.colcon_core.shell:Creating package script '/home/qty/ros2_ws/install/csm/share/csm/package.bash'
[3.764s] INFO:colcon.colcon_core.shell:Creating package script '/home/qty/ros2_ws/install/csm/share/csm/package.zsh'
[3.764s] Level 1:colcon.colcon_core.environment:create_file_with_runtime_dependencies(/home/qty/ros2_ws/install/csm/share/colcon-core/packages/csm)
[3.765s] INFO:colcon.colcon_ros.task.ament_cmake.build:Building ROS package in '/home/qty/ros2_ws/src/ros2_laser_scan_matcher' with build type 'ament_cmake'
[3.765s] INFO:colcon.colcon_cmake.task.cmake.build:Building CMake package in '/home/qty/ros2_ws/src/ros2_laser_scan_matcher'
[3.795s] INFO:colcon.colcon_core.shell:Skip shell extension 'powershell' for command environment: Not usable outside of PowerShell
[3.795s] DEBUG:colcon.colcon_core.shell:Skip shell extension 'dsv' for command environment
[3.888s] Level 1:colcon.colcon_core.environment:create_environment_scripts_only(rplidar_ros)
[3.888s] DEBUG:colcon.colcon_core.event_handler.log_command:Invoked command in '/home/qty/ros2_ws/build/rplidar_ros' returned '0': CMAKE_PREFIX_PATH=${CMAKE_PREFIX_PATH}:/home/qty/ros2_ws/install/hoverBoardController:/home/qty/ros2_ws/install/examples_rclpy_minimal_subscriber:/home/qty/ros2_ws/install/examples_rclpy_minimal_service:/home/qty/ros2_ws/install/examples_rclpy_minimal_publisher:/home/qty/ros2_ws/install/examples_rclpy_minimal_client:/home/qty/ros2_ws/install/examples_rclpy_minimal_action_server:/home/qty/ros2_ws/install/examples_rclpy_minimal_action_client:/home/qty/ros2_ws/install/examples_rclpy_executors:/opt/ros/foxy /usr/bin/cmake --install /home/qty/ros2_ws/build/rplidar_ros
[3.918s] Level 1:colcon.colcon_core.environment:checking '/home/qty/ros2_ws/install/rplidar_ros' for CMake module files
[3.918s] Level 1:colcon.colcon_core.environment:checking '/home/qty/ros2_ws/install/rplidar_ros' for CMake config files
[3.919s] Level 1:colcon.colcon_core.shell:create_environment_hook('rplidar_ros', 'cmake_prefix_path')
[3.948s] INFO:colcon.colcon_core.shell:Creating environment hook '/home/qty/ros2_ws/install/rplidar_ros/share/rplidar_ros/hook/cmake_prefix_path.ps1'
[3.948s] INFO:colcon.colcon_core.shell:Creating environment descriptor '/home/qty/ros2_ws/install/rplidar_ros/share/rplidar_ros/hook/cmake_prefix_path.dsv'
[3.948s] INFO:colcon.colcon_core.shell:Creating environment hook '/home/qty/ros2_ws/install/rplidar_ros/share/rplidar_ros/hook/cmake_prefix_path.sh'
[3.948s] Level 1:colcon.colcon_core.environment:checking '/home/qty/ros2_ws/install/rplidar_ros/lib'
[3.948s] Level 1:colcon.colcon_core.shell:create_environment_hook('rplidar_ros', 'ld_library_path_lib')
[3.977s] INFO:colcon.colcon_core.shell:Creating environment hook '/home/qty/ros2_ws/install/rplidar_ros/share/rplidar_ros/hook/ld_library_path_lib.ps1'
[3.977s] INFO:colcon.colcon_core.shell:Creating environment descriptor '/home/qty/ros2_ws/install/rplidar_ros/share/rplidar_ros/hook/ld_library_path_lib.dsv'
[3.977s] INFO:colcon.colcon_core.shell:Creating environment hook '/home/qty/ros2_ws/install/rplidar_ros/share/rplidar_ros/hook/ld_library_path_lib.sh'
[3.978s] Level 1:colcon.colcon_core.environment:checking '/home/qty/ros2_ws/install/rplidar_ros/bin'
[3.978s] Level 1:colcon.colcon_core.environment:checking '/home/qty/ros2_ws/install/rplidar_ros/lib/pkgconfig/rplidar_ros.pc'
[3.978s] Level 1:colcon.colcon_core.environment:checking '/home/qty/ros2_ws/install/rplidar_ros/lib/python3.8/site-packages'
[3.978s] Level 1:colcon.colcon_core.environment:checking '/home/qty/ros2_ws/install/rplidar_ros/bin'
[4.006s] INFO:colcon.colcon_core.shell:Creating package script '/home/qty/ros2_ws/install/rplidar_ros/share/rplidar_ros/package.ps1'
[4.006s] INFO:colcon.colcon_core.shell:Creating package descriptor '/home/qty/ros2_ws/install/rplidar_ros/share/rplidar_ros/package.dsv'
[4.007s] INFO:colcon.colcon_core.shell:Creating package script '/home/qty/ros2_ws/install/rplidar_ros/share/rplidar_ros/package.sh'
[4.007s] INFO:colcon.colcon_core.shell:Creating package script '/home/qty/ros2_ws/install/rplidar_ros/share/rplidar_ros/package.bash'
[4.007s] INFO:colcon.colcon_core.shell:Creating package script '/home/qty/ros2_ws/install/rplidar_ros/share/rplidar_ros/package.zsh'
[4.007s] Level 1:colcon.colcon_core.environment:create_file_with_runtime_dependencies(/home/qty/ros2_ws/install/rplidar_ros/share/colcon-core/packages/rplidar_ros)
[4.012s] DEBUG:colcon.colcon_core.event_handler.log_command:Invoking command in '/home/qty/ros2_ws/build/slam_toolbox': CMAKE_PREFIX_PATH=${CMAKE_PREFIX_PATH}:/home/qty/ros2_ws/install/hoverBoardController:/home/qty/ros2_ws/install/examples_rclpy_minimal_subscriber:/home/qty/ros2_ws/install/examples_rclpy_minimal_service:/home/qty/ros2_ws/install/examples_rclpy_minimal_publisher:/home/qty/ros2_ws/install/examples_rclpy_minimal_client:/home/qty/ros2_ws/install/examples_rclpy_minimal_action_server:/home/qty/ros2_ws/install/examples_rclpy_minimal_action_client:/home/qty/ros2_ws/install/examples_rclpy_executors:/opt/ros/foxy /usr/bin/cmake --install /home/qty/ros2_ws/build/slam_toolbox
[4.016s] DEBUG:colcon.colcon_core.event_handler.log_command:Invoking command in '/home/qty/ros2_ws/build/ros2_laser_scan_matcher': CMAKE_PREFIX_PATH=/home/qty/ros2_ws/install/csm:/home/qty/ros2_ws/install/turtlesim:/home/qty/ros2_ws/install/slam_toolbox:/home/qty/ros2_ws/install/rplidar_ros:/home/qty/ros2_ws/install/ros2_laser_scan_matcher:/home/qty/ros2_ws/install/examples_rclcpp_multithreaded_executor:/home/qty/ros2_ws/install/examples_rclcpp_minimal_timer:/home/qty/ros2_ws/install/examples_rclcpp_minimal_subscriber:/home/qty/ros2_ws/install/examples_rclcpp_minimal_service:/home/qty/ros2_ws/install/examples_rclcpp_minimal_publisher:/home/qty/ros2_ws/install/examples_rclcpp_minimal_composition:/home/qty/ros2_ws/install/examples_rclcpp_minimal_client:/home/qty/ros2_ws/install/examples_rclcpp_minimal_action_server:/home/qty/ros2_ws/install/examples_rclcpp_minimal_action_client:/home/qty/ros2_ws/install/articubot_one:/home/qty/ros2_ws/install/hoverBoardController:/home/qty/ros2_ws/install/examples_rclpy_minimal_subscriber:/home/qty/ros2_ws/install/examples_rclpy_minimal_service:/home/qty/ros2_ws/install/examples_rclpy_minimal_publisher:/home/qty/ros2_ws/install/examples_rclpy_minimal_client:/home/qty/ros2_ws/install/examples_rclpy_minimal_action_server:/home/qty/ros2_ws/install/examples_rclpy_minimal_action_client:/home/qty/ros2_ws/install/examples_rclpy_executors:/opt/ros/foxy LD_LIBRARY_PATH=/home/qty/ros2_ws/install/csm/lib:/home/qty/ros2_ws/install/turtlesim/lib:/home/qty/ros2_ws/install/slam_toolbox/lib:/home/qty/ros2_ws/install/rplidar_ros/lib:/home/qty/ros2_ws/install/examples_rclcpp_minimal_composition/lib:/opt/ros/foxy/opt/yaml_cpp_vendor/lib:/opt/ros/foxy/opt/rviz_ogre_vendor/lib:/opt/ros/foxy/lib/x86_64-linux-gnu:/opt/ros/foxy/lib /usr/bin/cmake --build /home/qty/ros2_ws/build/ros2_laser_scan_matcher -- -j16 -l16
[4.017s] DEBUG:colcon.colcon_core.event_handler.log_command:Invoked command in '/home/qty/ros2_ws/build/hoverboard_controller' returned '1': PYTHONPATH=/home/qty/ros2_ws/build/hoverboard_controller/prefix_override:/home/qty/ros2_ws/install/hoverboard_controller/lib/python3.8/site-packages:${PYTHONPATH} /usr/bin/python3 setup.py develop --editable --build-directory /home/qty/ros2_ws/build/hoverboard_controller/build --no-deps install_data
[4.118s] DEBUG:colcon.colcon_parallel_executor.executor.parallel:closing loop
[4.118s] DEBUG:colcon.colcon_parallel_executor.executor.parallel:loop closed
[4.119s] DEBUG:colcon.colcon_parallel_executor.executor.parallel:run_until_complete finished with '1'
[4.119s] DEBUG:colcon.colcon_core.event_reactor:joining thread
[4.191s] INFO:colcon.colcon_core.plugin_system:Skipping extension 'colcon_notification.desktop_notification.terminal_notifier': Not used on non-Darwin systems
[4.191s] INFO:colcon.colcon_core.plugin_system:Skipping extension 'colcon_notification.desktop_notification.win32': Not used on non-Windows systems
[4.191s] INFO:colcon.colcon_notification.desktop_notification:Sending desktop notification using 'notify2'
[4.202s] DEBUG:colcon.colcon_core.event_reactor:joined thread
[4.230s] INFO:colcon.colcon_core.shell:Creating prefix script '/home/qty/ros2_ws/install/local_setup.ps1'
[4.231s] INFO:colcon.colcon_core.shell:Creating prefix util module '/home/qty/ros2_ws/install/_local_setup_util_ps1.py'
[4.231s] INFO:colcon.colcon_core.shell:Creating prefix chain script '/home/qty/ros2_ws/install/setup.ps1'
[4.260s] INFO:colcon.colcon_core.shell:Creating prefix script '/home/qty/ros2_ws/install/local_setup.sh'
[4.260s] INFO:colcon.colcon_core.shell:Creating prefix util module '/home/qty/ros2_ws/install/_local_setup_util_sh.py'
[4.261s] INFO:colcon.colcon_core.shell:Creating prefix chain script '/home/qty/ros2_ws/install/setup.sh'
[4.289s] INFO:colcon.colcon_core.shell:Creating prefix script '/home/qty/ros2_ws/install/local_setup.bash'
[4.289s] INFO:colcon.colcon_core.shell:Creating prefix chain script '/home/qty/ros2_ws/install/setup.bash'
[4.318s] INFO:colcon.colcon_core.shell:Creating prefix script '/home/qty/ros2_ws/install/local_setup.zsh'
[4.318s] INFO:colcon.colcon_core.shell:Creating prefix chain script '/home/qty/ros2_ws/install/setup.zsh'
