[2.535s] Invoking command in '/home/qty/ros2_ws/src/hoverboard_controller': CMAKE_PREFIX_PATH=/home/qty/ros2_ws/install/slam_toolbox:/home/qty/ros2_ws/install/rplidar_ros:/home/qty/ros2_ws/install/hoverboard_msgs:/home/qty/ros2_ws/install/ros2_laser_scan_matcher:/home/qty/ros2_ws/install/csm:/home/qty/ros2_ws/install/articubot_one PYTHONPATH=/home/qty/ros2_ws/build/hoverboard_controller/prefix_override:/home/qty/ros2_ws/install/hoverboard_controller/lib/python3.8/site-packages:/home/qty/ros2_ws/install/slam_toolbox/lib/python3.8/site-packages:/home/qty/ros2_ws/install/hoverboard_msgs/lib/python3.8/site-packages:/home/qty/ros2_ws/install/hoverboard_controller/lib/python3.8/site-packages:/opt/ros/foxy/lib/python3.8/site-packages /usr/bin/python3 setup.py egg_info --egg-base ../../build/hoverboard_controller build --build-base /home/qty/ros2_ws/build/hoverboard_controller/build install --record /home/qty/ros2_ws/build/hoverboard_controller/install.log --install-scripts $base/lib/hoverboard_controller --single-version-externally-managed
[2.989s] running egg_info
[2.990s] writing ../../build/hoverboard_controller/hoverboard_controller.egg-info/PKG-INFO
[2.990s] writing dependency_links to ../../build/hoverboard_controller/hoverboard_controller.egg-info/dependency_links.txt
[2.991s] writing entry points to ../../build/hoverboard_controller/hoverboard_controller.egg-info/entry_points.txt
[2.991s] writing requirements to ../../build/hoverboard_controller/hoverboard_controller.egg-info/requires.txt
[2.991s] writing top-level names to ../../build/hoverboard_controller/hoverboard_controller.egg-info/top_level.txt
[3.057s] reading manifest file '../../build/hoverboard_controller/hoverboard_controller.egg-info/SOURCES.txt'
[3.058s] writing manifest file '../../build/hoverboard_controller/hoverboard_controller.egg-info/SOURCES.txt'
[3.059s] running build
[3.060s] running build_py
[3.062s] copying hoverboard_controller/mapping_controller_tester.py -> /home/qty/ros2_ws/build/hoverboard_controller/build/lib/hoverboard_controller
[3.064s] copying hoverboard_controller/save_map_tester.py -> /home/qty/ros2_ws/build/hoverboard_controller/build/lib/hoverboard_controller
[3.065s] copying hoverboard_controller/mapping_controller.py -> /home/qty/ros2_ws/build/hoverboard_controller/build/lib/hoverboard_controller
[3.066s] copying hoverboard_controller/fire_detector.py -> /home/qty/ros2_ws/build/hoverboard_controller/build/lib/hoverboard_controller
[3.067s] copying hoverboard_controller/heat_map_controller.py -> /home/qty/ros2_ws/build/hoverboard_controller/build/lib/hoverboard_controller
[3.069s] running install
[3.070s] running install_lib
[3.072s] copying /home/qty/ros2_ws/build/hoverboard_controller/build/lib/hoverboard_controller/mapping_controller_tester.py -> /home/qty/ros2_ws/install/hoverboard_controller/lib/python3.8/site-packages/hoverboard_controller
[3.073s] copying /home/qty/ros2_ws/build/hoverboard_controller/build/lib/hoverboard_controller/save_map_tester.py -> /home/qty/ros2_ws/install/hoverboard_controller/lib/python3.8/site-packages/hoverboard_controller
[3.073s] copying /home/qty/ros2_ws/build/hoverboard_controller/build/lib/hoverboard_controller/mapping_controller.py -> /home/qty/ros2_ws/install/hoverboard_controller/lib/python3.8/site-packages/hoverboard_controller
[3.073s] copying /home/qty/ros2_ws/build/hoverboard_controller/build/lib/hoverboard_controller/fire_detector.py -> /home/qty/ros2_ws/install/hoverboard_controller/lib/python3.8/site-packages/hoverboard_controller
[3.073s] copying /home/qty/ros2_ws/build/hoverboard_controller/build/lib/hoverboard_controller/heat_map_controller.py -> /home/qty/ros2_ws/install/hoverboard_controller/lib/python3.8/site-packages/hoverboard_controller
[3.074s] byte-compiling /home/qty/ros2_ws/install/hoverboard_controller/lib/python3.8/site-packages/hoverboard_controller/mapping_controller_tester.py to mapping_controller_tester.cpython-38.pyc
[3.076s] byte-compiling /home/qty/ros2_ws/install/hoverboard_controller/lib/python3.8/site-packages/hoverboard_controller/save_map_tester.py to save_map_tester.cpython-38.pyc
[3.078s] byte-compiling /home/qty/ros2_ws/install/hoverboard_controller/lib/python3.8/site-packages/hoverboard_controller/mapping_controller.py to mapping_controller.cpython-38.pyc
[3.082s] byte-compiling /home/qty/ros2_ws/install/hoverboard_controller/lib/python3.8/site-packages/hoverboard_controller/fire_detector.py to fire_detector.cpython-38.pyc
[3.084s] byte-compiling /home/qty/ros2_ws/install/hoverboard_controller/lib/python3.8/site-packages/hoverboard_controller/heat_map_controller.py to heat_map_controller.cpython-38.pyc
[3.086s] running install_data
[3.087s] running install_egg_info
[3.089s] removing '/home/qty/ros2_ws/install/hoverboard_controller/lib/python3.8/site-packages/hoverboard_controller-0.0.0-py3.8.egg-info' (and everything under it)
[3.089s] Copying ../../build/hoverboard_controller/hoverboard_controller.egg-info to /home/qty/ros2_ws/install/hoverboard_controller/lib/python3.8/site-packages/hoverboard_controller-0.0.0-py3.8.egg-info
[3.089s] running install_scripts
[3.124s] Installing heat_map_controller script to /home/qty/ros2_ws/install/hoverboard_controller/lib/hoverboard_controller
[3.124s] Installing heat_map_tester script to /home/qty/ros2_ws/install/hoverboard_controller/lib/hoverboard_controller
[3.125s] Installing hoverboard_controller script to /home/qty/ros2_ws/install/hoverboard_controller/lib/hoverboard_controller
[3.126s] Installing joystick_controller script to /home/qty/ros2_ws/install/hoverboard_controller/lib/hoverboard_controller
[3.127s] Installing navigation_controller script to /home/qty/ros2_ws/install/hoverboard_controller/lib/hoverboard_controller
[3.128s] Installing navigation_controller_tester script to /home/qty/ros2_ws/install/hoverboard_controller/lib/hoverboard_controller
[3.129s] writing list of installed files to '/home/qty/ros2_ws/build/hoverboard_controller/install.log'
[3.180s] Invoked command in '/home/qty/ros2_ws/src/hoverboard_controller' returned '0': CMAKE_PREFIX_PATH=/home/qty/ros2_ws/install/slam_toolbox:/home/qty/ros2_ws/install/rplidar_ros:/home/qty/ros2_ws/install/hoverboard_msgs:/home/qty/ros2_ws/install/ros2_laser_scan_matcher:/home/qty/ros2_ws/install/csm:/home/qty/ros2_ws/install/articubot_one PYTHONPATH=/home/qty/ros2_ws/build/hoverboard_controller/prefix_override:/home/qty/ros2_ws/install/hoverboard_controller/lib/python3.8/site-packages:/home/qty/ros2_ws/install/slam_toolbox/lib/python3.8/site-packages:/home/qty/ros2_ws/install/hoverboard_msgs/lib/python3.8/site-packages:/home/qty/ros2_ws/install/hoverboard_controller/lib/python3.8/site-packages:/opt/ros/foxy/lib/python3.8/site-packages /usr/bin/python3 setup.py egg_info --egg-base ../../build/hoverboard_controller build --build-base /home/qty/ros2_ws/build/hoverboard_controller/build install --record /home/qty/ros2_ws/build/hoverboard_controller/install.log --install-scripts $base/lib/hoverboard_controller --single-version-externally-managed
