[0.893s] Invoking command in '/home/qty/ros2_ws/build/examples_rclcpp_multithreaded_executor': CMAKE_PREFIX_PATH=/opt/ros/foxy /usr/bin/cmake /home/qty/ros2_ws/src/examples/rclcpp/executors/multithreaded_executor -DAMENT_CMAKE_SYMLINK_INSTALL=1 -DCMAKE_INSTALL_PREFIX=/home/qty/ros2_ws/install/examples_rclcpp_multithreaded_executor
[3.022s] -- The C compiler identification is GNU 9.4.0
[3.022s] -- The CXX compiler identification is GNU 9.4.0
[3.023s] -- Check for working C compiler: /usr/bin/cc
[3.023s] -- Check for working C compiler: /usr/bin/cc -- works
[3.024s] -- Detecting C compiler ABI info
[3.025s] -- Detecting C compiler ABI info - done
[3.025s] -- Detecting C compile features
[3.025s] -- Detecting C compile features - done
[3.025s] -- Check for working CXX compiler: /usr/bin/c++
[3.025s] -- Check for working CXX compiler: /usr/bin/c++ -- works
[3.025s] -- Detecting CXX compiler ABI info
[3.025s] -- Detecting CXX compiler ABI info - done
[3.025s] -- Detecting CXX compile features
[3.025s] -- Detecting CXX compile features - done
[3.026s] -- Found ament_cmake: 0.9.12 (/opt/ros/foxy/share/ament_cmake/cmake)
[3.026s] -- Found PythonInterp: /usr/bin/python3 (found suitable version "3.8.10", minimum required is "3") 
[3.026s] -- Using PYTHON_EXECUTABLE: /usr/bin/python3
[3.026s] -- Override CMake install command with custom implementation using symlinks instead of copying resources
[3.026s] -- Found rclcpp: 2.4.3 (/opt/ros/foxy/share/rclcpp/cmake)
[3.026s] -- Using all available rosidl_typesupport_c: rosidl_typesupport_fastrtps_c;rosidl_typesupport_introspection_c
[3.026s] -- Found rosidl_adapter: 1.3.1 (/opt/ros/foxy/share/rosidl_adapter/cmake)
[3.026s] -- Found OpenSSL: /usr/lib/x86_64-linux-gnu/libcrypto.so (found version "1.1.1f")  
[3.026s] -- Found FastRTPS: /opt/ros/foxy/include  
[3.026s] -- Using all available rosidl_typesupport_cpp: rosidl_typesupport_fastrtps_cpp;rosidl_typesupport_introspection_cpp
[3.026s] -- Found rmw_implementation_cmake: 1.0.4 (/opt/ros/foxy/share/rmw_implementation_cmake/cmake)
[3.026s] -- Using RMW implementation 'rmw_fastrtps_cpp' as default
[3.027s] -- Looking for pthread.h
[3.027s] -- Looking for pthread.h - found
[3.027s] -- Performing Test CMAKE_HAVE_LIBC_PTHREAD
[3.027s] -- Performing Test CMAKE_HAVE_LIBC_PTHREAD - Failed
[3.027s] -- Looking for pthread_create in pthreads
[3.027s] -- Looking for pthread_create in pthreads - not found
[3.027s] -- Looking for pthread_create in pthread
[3.027s] -- Looking for pthread_create in pthread - found
[3.028s] -- Found Threads: TRUE  
[3.028s] -- Found ament_lint_auto: 0.9.8 (/opt/ros/foxy/share/ament_lint_auto/cmake)
[3.028s] -- Added test 'copyright' to check source files copyright and LICENSE
[3.028s] -- Added test 'cppcheck' to perform static code analysis on C / C++ code
[3.028s] -- Configured cppcheck include dirs: 
[3.028s] -- Configured cppcheck exclude dirs and/or files: 
[3.028s] -- Added test 'cpplint' to check C / C++ code against the Google style
[3.028s] -- Configured cpplint exclude dirs and/or files: 
[3.029s] -- Added test 'lint_cmake' to check CMake code style
[3.029s] -- Added test 'uncrustify' to check C / C++ code style
[3.029s] -- Configured uncrustify additional arguments: 
[3.029s] -- Added test 'xmllint' to check XML markup files
[3.030s] -- Configuring done
[3.031s] -- Generating done
[3.032s] -- Build files have been written to: /home/qty/ros2_ws/build/examples_rclcpp_multithreaded_executor
[3.048s] Invoked command in '/home/qty/ros2_ws/build/examples_rclcpp_multithreaded_executor' returned '0': CMAKE_PREFIX_PATH=/opt/ros/foxy /usr/bin/cmake /home/qty/ros2_ws/src/examples/rclcpp/executors/multithreaded_executor -DAMENT_CMAKE_SYMLINK_INSTALL=1 -DCMAKE_INSTALL_PREFIX=/home/qty/ros2_ws/install/examples_rclcpp_multithreaded_executor
[3.049s] Invoking command in '/home/qty/ros2_ws/build/examples_rclcpp_multithreaded_executor': CMAKE_PREFIX_PATH=/opt/ros/foxy /usr/bin/cmake --build /home/qty/ros2_ws/build/examples_rclcpp_multithreaded_executor -- -j16 -l16
[3.075s] [35m[1mScanning dependencies of target multithreaded_executor[0m
[3.125s] [ 50%] [32mBuilding CXX object CMakeFiles/multithreaded_executor.dir/multithreaded_executor.cpp.o[0m
[10.802s] [100%] [32m[1mLinking CXX executable multithreaded_executor[0m
[10.965s] [100%] Built target multithreaded_executor
[10.973s] Invoked command in '/home/qty/ros2_ws/build/examples_rclcpp_multithreaded_executor' returned '0': CMAKE_PREFIX_PATH=/opt/ros/foxy /usr/bin/cmake --build /home/qty/ros2_ws/build/examples_rclcpp_multithreaded_executor -- -j16 -l16
[10.989s] Invoking command in '/home/qty/ros2_ws/build/examples_rclcpp_multithreaded_executor': CMAKE_PREFIX_PATH=/opt/ros/foxy /usr/bin/cmake --install /home/qty/ros2_ws/build/examples_rclcpp_multithreaded_executor
[10.996s] -- Install configuration: ""
[10.997s] -- Execute custom install script
[10.997s] -- Symlinking: /home/qty/ros2_ws/install/examples_rclcpp_multithreaded_executor/lib/examples_rclcpp_multithreaded_executor/multithreaded_executor
[11.003s] -- Symlinking: /home/qty/ros2_ws/install/examples_rclcpp_multithreaded_executor/share/ament_index/resource_index/package_run_dependencies/examples_rclcpp_multithreaded_executor
[11.009s] -- Symlinking: /home/qty/ros2_ws/install/examples_rclcpp_multithreaded_executor/share/ament_index/resource_index/parent_prefix_path/examples_rclcpp_multithreaded_executor
[11.015s] -- Symlinking: /home/qty/ros2_ws/install/examples_rclcpp_multithreaded_executor/share/examples_rclcpp_multithreaded_executor/environment/ament_prefix_path.sh
[11.020s] -- Symlinking: /home/qty/ros2_ws/install/examples_rclcpp_multithreaded_executor/share/examples_rclcpp_multithreaded_executor/environment/ament_prefix_path.dsv
[11.025s] -- Symlinking: /home/qty/ros2_ws/install/examples_rclcpp_multithreaded_executor/share/examples_rclcpp_multithreaded_executor/environment/path.sh
[11.031s] -- Symlinking: /home/qty/ros2_ws/install/examples_rclcpp_multithreaded_executor/share/examples_rclcpp_multithreaded_executor/environment/path.dsv
[11.037s] -- Symlinking: /home/qty/ros2_ws/install/examples_rclcpp_multithreaded_executor/share/examples_rclcpp_multithreaded_executor/local_setup.bash
[11.043s] -- Symlinking: /home/qty/ros2_ws/install/examples_rclcpp_multithreaded_executor/share/examples_rclcpp_multithreaded_executor/local_setup.sh
[11.049s] -- Symlinking: /home/qty/ros2_ws/install/examples_rclcpp_multithreaded_executor/share/examples_rclcpp_multithreaded_executor/local_setup.zsh
[11.055s] -- Symlinking: /home/qty/ros2_ws/install/examples_rclcpp_multithreaded_executor/share/examples_rclcpp_multithreaded_executor/local_setup.dsv
[11.060s] -- Symlinking: /home/qty/ros2_ws/install/examples_rclcpp_multithreaded_executor/share/examples_rclcpp_multithreaded_executor/package.dsv
[11.066s] -- Symlinking: /home/qty/ros2_ws/install/examples_rclcpp_multithreaded_executor/share/ament_index/resource_index/packages/examples_rclcpp_multithreaded_executor
[11.071s] -- Symlinking: /home/qty/ros2_ws/install/examples_rclcpp_multithreaded_executor/share/examples_rclcpp_multithreaded_executor/cmake/examples_rclcpp_multithreaded_executorConfig.cmake
[11.077s] -- Symlinking: /home/qty/ros2_ws/install/examples_rclcpp_multithreaded_executor/share/examples_rclcpp_multithreaded_executor/cmake/examples_rclcpp_multithreaded_executorConfig-version.cmake
[11.082s] -- Symlinking: /home/qty/ros2_ws/install/examples_rclcpp_multithreaded_executor/share/examples_rclcpp_multithreaded_executor/package.xml
[11.089s] Invoked command in '/home/qty/ros2_ws/build/examples_rclcpp_multithreaded_executor' returned '0': CMAKE_PREFIX_PATH=/opt/ros/foxy /usr/bin/cmake --install /home/qty/ros2_ws/build/examples_rclcpp_multithreaded_executor
