[0.455s] Invoking command in '/home/qty/ros2_ws/build/rplidar_ros': CMAKE_PREFIX_PATH=${CMAKE_PREFIX_PATH}:/home/qty/ros2_ws/install/hoverboard_controller:/home/qty/ros2_ws/install/hoverBoardController:/home/qty/ros2_ws/install/examples_rclpy_minimal_subscriber:/home/qty/ros2_ws/install/examples_rclpy_minimal_service:/home/qty/ros2_ws/install/examples_rclpy_minimal_publisher:/home/qty/ros2_ws/install/examples_rclpy_minimal_client:/home/qty/ros2_ws/install/examples_rclpy_minimal_action_server:/home/qty/ros2_ws/install/examples_rclpy_minimal_action_client:/home/qty/ros2_ws/install/examples_rclpy_executors:/opt/ros/foxy /usr/bin/cmake --build /home/qty/ros2_ws/build/rplidar_ros -- -j16 -l16
[0.552s] [ 22%] Built target rplidarNodeClient
[0.552s] [ 50%] Built target rplidar_composition_node
[0.557s] [ 88%] Built target rplidarNode
[0.610s] [100%] Built target rplidar_composition
[0.628s] Invoked command in '/home/qty/ros2_ws/build/rplidar_ros' returned '0': CMAKE_PREFIX_PATH=${CMAKE_PREFIX_PATH}:/home/qty/ros2_ws/install/hoverboard_controller:/home/qty/ros2_ws/install/hoverBoardController:/home/qty/ros2_ws/install/examples_rclpy_minimal_subscriber:/home/qty/ros2_ws/install/examples_rclpy_minimal_service:/home/qty/ros2_ws/install/examples_rclpy_minimal_publisher:/home/qty/ros2_ws/install/examples_rclpy_minimal_client:/home/qty/ros2_ws/install/examples_rclpy_minimal_action_server:/home/qty/ros2_ws/install/examples_rclpy_minimal_action_client:/home/qty/ros2_ws/install/examples_rclpy_executors:/opt/ros/foxy /usr/bin/cmake --build /home/qty/ros2_ws/build/rplidar_ros -- -j16 -l16
[0.792s] Invoking command in '/home/qty/ros2_ws/build/rplidar_ros': CMAKE_PREFIX_PATH=${CMAKE_PREFIX_PATH}:/home/qty/ros2_ws/install/hoverboard_controller:/home/qty/ros2_ws/install/hoverBoardController:/home/qty/ros2_ws/install/examples_rclpy_minimal_subscriber:/home/qty/ros2_ws/install/examples_rclpy_minimal_service:/home/qty/ros2_ws/install/examples_rclpy_minimal_publisher:/home/qty/ros2_ws/install/examples_rclpy_minimal_client:/home/qty/ros2_ws/install/examples_rclpy_minimal_action_server:/home/qty/ros2_ws/install/examples_rclpy_minimal_action_client:/home/qty/ros2_ws/install/examples_rclpy_executors:/opt/ros/foxy /usr/bin/cmake --install /home/qty/ros2_ws/build/rplidar_ros
[0.799s] -- Install configuration: ""
[0.799s] -- Execute custom install script
[0.800s] -- Up-to-date symlink: /home/qty/ros2_ws/install/rplidar_ros/lib/rplidar_ros/rplidarNode
[0.800s] -- Up-to-date symlink: /home/qty/ros2_ws/install/rplidar_ros/lib/rplidar_ros/rplidarNodeClient
[0.800s] -- Up-to-date symlink: /home/qty/ros2_ws/install/rplidar_ros/lib/rplidar_ros/rplidar_composition
[0.801s] -- Up-to-date symlink: /home/qty/ros2_ws/install/rplidar_ros/share/rplidar_ros/launch/rplidar.launch.py
[0.801s] -- Up-to-date symlink: /home/qty/ros2_ws/install/rplidar_ros/share/rplidar_ros/launch/rplidar_a3.launch.py
[0.801s] -- Up-to-date symlink: /home/qty/ros2_ws/install/rplidar_ros/share/rplidar_ros/launch/rplidar_s1.launch.py
[0.801s] -- Up-to-date symlink: /home/qty/ros2_ws/install/rplidar_ros/share/rplidar_ros/launch/rplidar_s1_tcp.launch.py
[0.801s] -- Up-to-date symlink: /home/qty/ros2_ws/install/rplidar_ros/share/rplidar_ros/launch/test_rplidar.launch.py
[0.801s] -- Up-to-date symlink: /home/qty/ros2_ws/install/rplidar_ros/share/rplidar_ros/launch/test_rplidar_a3.launch.py
[0.802s] -- Up-to-date symlink: /home/qty/ros2_ws/install/rplidar_ros/share/rplidar_ros/launch/view_rplidar.launch.py
[0.802s] -- Up-to-date symlink: /home/qty/ros2_ws/install/rplidar_ros/share/rplidar_ros/launch/view_rplidar_a3.launch.py
[0.802s] -- Up-to-date symlink: /home/qty/ros2_ws/install/rplidar_ros/share/rplidar_ros/launch/view_rplidar_s1.launch.py
[0.802s] -- Up-to-date symlink: /home/qty/ros2_ws/install/rplidar_ros/share/rplidar_ros/launch/view_rplidar_s1_tcp.launch.py
[0.803s] -- Up-to-date symlink: /home/qty/ros2_ws/install/rplidar_ros/share/rplidar_ros/rviz/rplidar.rviz
[0.803s] -- Up-to-date symlink: /home/qty/ros2_ws/install/rplidar_ros/lib/librplidar_composition_node.so
[0.803s] -- Up-to-date symlink: /home/qty/ros2_ws/install/rplidar_ros/include/rplidar_node.hpp
[0.804s] -- Up-to-date symlink: /home/qty/ros2_ws/install/rplidar_ros/include/visibility.h
[0.804s] -- Up-to-date symlink: /home/qty/ros2_ws/install/rplidar_ros/lib/rplidar_ros/rplidarNode
[0.804s] -- Up-to-date symlink: /home/qty/ros2_ws/install/rplidar_ros/lib/rplidar_ros/rplidarNodeClient
[0.804s] -- Up-to-date symlink: /home/qty/ros2_ws/install/rplidar_ros/lib/rplidar_ros/rplidar_composition
[0.804s] -- Up-to-date symlink: /home/qty/ros2_ws/install/rplidar_ros/share/ament_index/resource_index/package_run_dependencies/rplidar_ros
[0.805s] -- Up-to-date symlink: /home/qty/ros2_ws/install/rplidar_ros/share/ament_index/resource_index/parent_prefix_path/rplidar_ros
[0.805s] -- Up-to-date symlink: /home/qty/ros2_ws/install/rplidar_ros/share/rplidar_ros/environment/ament_prefix_path.sh
[0.805s] -- Up-to-date symlink: /home/qty/ros2_ws/install/rplidar_ros/share/rplidar_ros/environment/ament_prefix_path.dsv
[0.805s] -- Up-to-date symlink: /home/qty/ros2_ws/install/rplidar_ros/share/rplidar_ros/environment/path.sh
[0.805s] -- Up-to-date symlink: /home/qty/ros2_ws/install/rplidar_ros/share/rplidar_ros/environment/path.dsv
[0.806s] -- Up-to-date symlink: /home/qty/ros2_ws/install/rplidar_ros/share/rplidar_ros/local_setup.bash
[0.806s] -- Up-to-date symlink: /home/qty/ros2_ws/install/rplidar_ros/share/rplidar_ros/local_setup.sh
[0.806s] -- Up-to-date symlink: /home/qty/ros2_ws/install/rplidar_ros/share/rplidar_ros/local_setup.zsh
[0.806s] -- Up-to-date symlink: /home/qty/ros2_ws/install/rplidar_ros/share/rplidar_ros/local_setup.dsv
[0.806s] -- Symlinking: /home/qty/ros2_ws/install/rplidar_ros/share/rplidar_ros/package.dsv
[0.813s] -- Up-to-date symlink: /home/qty/ros2_ws/install/rplidar_ros/share/ament_index/resource_index/packages/rplidar_ros
[0.813s] -- Up-to-date symlink: /home/qty/ros2_ws/install/rplidar_ros/share/rplidar_ros/cmake/ament_cmake_export_dependencies-extras.cmake
[0.813s] -- Up-to-date symlink: /home/qty/ros2_ws/install/rplidar_ros/share/rplidar_ros/cmake/ament_cmake_export_include_directories-extras.cmake
[0.813s] -- Up-to-date symlink: /home/qty/ros2_ws/install/rplidar_ros/share/rplidar_ros/cmake/rplidar_rosConfig.cmake
[0.813s] -- Up-to-date symlink: /home/qty/ros2_ws/install/rplidar_ros/share/rplidar_ros/cmake/rplidar_rosConfig-version.cmake
[0.814s] -- Up-to-date symlink: /home/qty/ros2_ws/install/rplidar_ros/share/rplidar_ros/package.xml
[1.065s] Invoked command in '/home/qty/ros2_ws/build/rplidar_ros' returned '0': CMAKE_PREFIX_PATH=${CMAKE_PREFIX_PATH}:/home/qty/ros2_ws/install/hoverboard_controller:/home/qty/ros2_ws/install/hoverBoardController:/home/qty/ros2_ws/install/examples_rclpy_minimal_subscriber:/home/qty/ros2_ws/install/examples_rclpy_minimal_service:/home/qty/ros2_ws/install/examples_rclpy_minimal_publisher:/home/qty/ros2_ws/install/examples_rclpy_minimal_client:/home/qty/ros2_ws/install/examples_rclpy_minimal_action_server:/home/qty/ros2_ws/install/examples_rclpy_minimal_action_client:/home/qty/ros2_ws/install/examples_rclpy_executors:/opt/ros/foxy /usr/bin/cmake --install /home/qty/ros2_ws/build/rplidar_ros
