[0.132s] Invoking command in '/home/qty/ros2_ws/build/slam_gmapping': AMENT_PREFIX_PATH=/home/qty/ros2_ws/install/openslam_gmapping:${AMENT_PREFIX_PATH} CMAKE_PREFIX_PATH=/home/qty/ros2_ws/install/openslam_gmapping:/home/qty/ros2_ws/install/slam_toolbox:/home/qty/ros2_ws/install/rplidar_ros:/home/qty/ros2_ws/install/ros2_laser_scan_matcher:/home/qty/ros2_ws/install/hoverboard_msgs:/home/qty/ros2_ws/install/csm:/home/qty/ros2_ws/install/articubot_one:/home/qty/ros2_ws/install/hoverboard_controller:/opt/ros/foxy LD_LIBRARY_PATH=/home/qty/ros2_ws/install/openslam_gmapping/lib:${LD_LIBRARY_PATH} /usr/bin/cmake /home/qty/ros2_ws/src/slam_gmapping/slam_gmapping -DAMENT_CMAKE_SYMLINK_INSTALL=1 -DCMAKE_INSTALL_PREFIX=/home/qty/ros2_ws/install/slam_gmapping
[0.171s] -- The C compiler identification is GNU 9.4.0
[0.209s] -- The CXX compiler identification is GNU 9.4.0
[0.213s] -- Check for working C compiler: /usr/bin/cc
[0.257s] -- Check for working C compiler: /usr/bin/cc -- works
[0.258s] -- Detecting C compiler ABI info
[0.303s] -- Detecting C compiler ABI info - done
[0.311s] -- Detecting C compile features
[0.311s] -- Detecting C compile features - done
[0.313s] -- Check for working CXX compiler: /usr/bin/c++
[0.365s] -- Check for working CXX compiler: /usr/bin/c++ -- works
[0.365s] -- Detecting CXX compiler ABI info
[0.435s] -- Detecting CXX compiler ABI info - done
[0.446s] -- Detecting CXX compile features
[0.446s] -- Detecting CXX compile features - done
[0.447s]  -fuse-ld=lld -Wl,--disable-new-dtags
[0.448s] -- Found ament_cmake: 0.9.12 (/opt/ros/foxy/share/ament_cmake/cmake)
[0.474s] -- Found PythonInterp: /usr/bin/python3 (found suitable version "3.8.10", minimum required is "3") 
[0.474s] -- Using PYTHON_EXECUTABLE: /usr/bin/python3
[0.615s] -- Override CMake install command with custom implementation using symlinks instead of copying resources
[0.634s] -- Found std_msgs: 2.0.5 (/opt/ros/foxy/share/std_msgs/cmake)
[0.656s] -- Using all available rosidl_typesupport_c: rosidl_typesupport_fastrtps_c;rosidl_typesupport_introspection_c
[0.662s] -- Found rosidl_adapter: 1.3.1 (/opt/ros/foxy/share/rosidl_adapter/cmake)
[0.716s] -- Found OpenSSL: /usr/lib/x86_64-linux-gnu/libcrypto.so (found version "1.1.1f")  
[0.736s] -- Found FastRTPS: /opt/ros/foxy/include  
[0.797s] -- Using all available rosidl_typesupport_cpp: rosidl_typesupport_fastrtps_cpp;rosidl_typesupport_introspection_cpp
[0.831s] -- Found nav_msgs: 2.0.5 (/opt/ros/foxy/share/nav_msgs/cmake)
[0.923s] -- Found tf2: 0.13.14 (/opt/ros/foxy/share/tf2/cmake)
[0.931s] -- Found tf2_ros: 0.13.14 (/opt/ros/foxy/share/tf2_ros/cmake)
[0.977s] -- Found rmw_implementation_cmake: 1.0.4 (/opt/ros/foxy/share/rmw_implementation_cmake/cmake)
[0.978s] -- Using RMW implementation 'rmw_fastrtps_cpp' as default
[0.979s] -- Looking for pthread.h
[1.033s] -- Looking for pthread.h - found
[1.033s] -- Performing Test CMAKE_HAVE_LIBC_PTHREAD
[1.081s] -- Performing Test CMAKE_HAVE_LIBC_PTHREAD - Failed
[1.081s] -- Looking for pthread_create in pthreads
[1.126s] -- Looking for pthread_create in pthreads - not found
[1.126s] -- Looking for pthread_create in pthread
[1.184s] -- Looking for pthread_create in pthread - found
[1.185s] -- Found Threads: TRUE  
[1.552s] -- Found tf2_geometry_msgs: 0.13.14 (/opt/ros/foxy/share/tf2_geometry_msgs/cmake)
[1.559s] -- Found eigen3_cmake_module: 0.1.1 (/opt/ros/foxy/share/eigen3_cmake_module/cmake)
[1.561s] -- Found Eigen3: TRUE (found version "3.3.7") 
[1.581s] -- Found sensor_msgs: 2.0.5 (/opt/ros/foxy/share/sensor_msgs/cmake)
[1.642s] -- Found visualization_msgs: 2.0.5 (/opt/ros/foxy/share/visualization_msgs/cmake)
[1.696s] -- Found openslam_gmapping: 0.1.2 (/home/qty/ros2_ws/install/openslam_gmapping/share/openslam_gmapping/cmake)
[1.699s] -- Found ament_lint_auto: 0.9.8 (/opt/ros/foxy/share/ament_lint_auto/cmake)
[1.755s] -- Added test 'cppcheck' to perform static code analysis on C / C++ code
[1.755s] -- Configured cppcheck include dirs: /home/qty/ros2_ws/src/slam_gmapping/slam_gmapping/include
[1.755s] -- Configured cppcheck exclude dirs and/or files: 
[1.755s] -- Added test 'flake8' to check Python code syntax and style conventions
[1.756s] -- Added test 'lint_cmake' to check CMake code style
[1.756s] -- Added test 'pep257' to check Python code against some of the style conventions in PEP 257
[1.757s] -- Added test 'uncrustify' to check C / C++ code style
[1.757s] -- Configured uncrustify additional arguments: 
[1.757s] -- Added test 'xmllint' to check XML markup files
[1.760s] -- Configuring done
[1.768s] -- Generating done
[1.770s] -- Build files have been written to: /home/qty/ros2_ws/build/slam_gmapping
[1.775s] Invoked command in '/home/qty/ros2_ws/build/slam_gmapping' returned '0': AMENT_PREFIX_PATH=/home/qty/ros2_ws/install/openslam_gmapping:${AMENT_PREFIX_PATH} CMAKE_PREFIX_PATH=/home/qty/ros2_ws/install/openslam_gmapping:/home/qty/ros2_ws/install/slam_toolbox:/home/qty/ros2_ws/install/rplidar_ros:/home/qty/ros2_ws/install/ros2_laser_scan_matcher:/home/qty/ros2_ws/install/hoverboard_msgs:/home/qty/ros2_ws/install/csm:/home/qty/ros2_ws/install/articubot_one:/home/qty/ros2_ws/install/hoverboard_controller:/opt/ros/foxy LD_LIBRARY_PATH=/home/qty/ros2_ws/install/openslam_gmapping/lib:${LD_LIBRARY_PATH} /usr/bin/cmake /home/qty/ros2_ws/src/slam_gmapping/slam_gmapping -DAMENT_CMAKE_SYMLINK_INSTALL=1 -DCMAKE_INSTALL_PREFIX=/home/qty/ros2_ws/install/slam_gmapping
[1.777s] Invoking command in '/home/qty/ros2_ws/build/slam_gmapping': AMENT_PREFIX_PATH=/home/qty/ros2_ws/install/openslam_gmapping:${AMENT_PREFIX_PATH} CMAKE_PREFIX_PATH=/home/qty/ros2_ws/install/openslam_gmapping:/home/qty/ros2_ws/install/slam_toolbox:/home/qty/ros2_ws/install/rplidar_ros:/home/qty/ros2_ws/install/ros2_laser_scan_matcher:/home/qty/ros2_ws/install/hoverboard_msgs:/home/qty/ros2_ws/install/csm:/home/qty/ros2_ws/install/articubot_one:/home/qty/ros2_ws/install/hoverboard_controller:/opt/ros/foxy LD_LIBRARY_PATH=/home/qty/ros2_ws/install/openslam_gmapping/lib:${LD_LIBRARY_PATH} /usr/bin/cmake --build /home/qty/ros2_ws/build/slam_gmapping -- -j16 -l16
[1.806s] [35m[1mScanning dependencies of target slam_gmapping[0m
[1.848s] [ 50%] [32mBuilding CXX object CMakeFiles/slam_gmapping.dir/src/slam_gmapping.cpp.o[0m
[2.922s] In file included from [01m[K/home/qty/ros2_ws/install/openslam_gmapping/include/gmapping/gridfastslam/gridslamprocessor.h:9[m[K,
[2.922s]                  from [01m[K/home/qty/ros2_ws/src/slam_gmapping/slam_gmapping/include/slam_gmapping/slam_gmapping.h:45[m[K,
[2.922s]                  from [01m[K/home/qty/ros2_ws/src/slam_gmapping/slam_gmapping/src/slam_gmapping.cpp:24[m[K:
[2.922s] [01m[K/home/qty/ros2_ws/install/openslam_gmapping/include/gmapping/particlefilter/particlefilter.h:[m[K In function ‘[01m[Kvoid rle(OutputIterator&, const Iterator&, const Iterator&)[m[K’:
[2.922s] [01m[K/home/qty/ros2_ws/install/openslam_gmapping/include/gmapping/particlefilter/particlefilter.h:140:2:[m[K [01;35m[Kwarning: [m[Kthis ‘[01m[Kif[m[K’ clause does not guard... [[01;35m[K-Wmisleading-indentation[m[K]
[2.922s]   140 |  [01;35m[Kif[m[K (count>0)
[2.922s]       |  [01;35m[K^~[m[K
[2.922s] [01m[K/home/qty/ros2_ws/install/openslam_gmapping/include/gmapping/particlefilter/particlefilter.h:142:3:[m[K [01;36m[Knote: [m[K...this statement, but the latter is misleadingly indented as if it were guarded by the ‘[01m[Kif[m[K’
[2.922s]   142 |   [01;36m[Kout[m[K++;
[2.923s]       |   [01;36m[K^~~[m[K
[2.926s] In file included from [01m[K/home/qty/ros2_ws/install/openslam_gmapping/include/gmapping/gridfastslam/gridslamprocessor.h:10[m[K,
[2.926s]                  from [01m[K/home/qty/ros2_ws/src/slam_gmapping/slam_gmapping/include/slam_gmapping/slam_gmapping.h:45[m[K,
[2.926s]                  from [01m[K/home/qty/ros2_ws/src/slam_gmapping/slam_gmapping/src/slam_gmapping.cpp:24[m[K:
[2.926s] [01m[K/home/qty/ros2_ws/install/openslam_gmapping/include/gmapping/utils/point.h:[m[K At global scope:
[2.926s] [01m[K/home/qty/ros2_ws/install/openslam_gmapping/include/gmapping/utils/point.h:205:2:[m[K [01;35m[Kwarning: [m[Kextra ‘[01m[K;[m[K’ [[01;35m[K-Wpedantic[m[K]
[2.926s]   205 | }[01;35m[K;[m[K //end namespace
[2.926s]       |  [01;35m[K^[m[K
[2.927s] In file included from [01m[K/home/qty/ros2_ws/install/openslam_gmapping/include/gmapping/sensor/sensor_base/sensorreading.h:4[m[K,
[2.927s]                  from [01m[K/home/qty/ros2_ws/install/openslam_gmapping/include/gmapping/log/sensorlog.h:6[m[K,
[2.927s]                  from [01m[K/home/qty/ros2_ws/install/openslam_gmapping/include/gmapping/gridfastslam/gridslamprocessor.h:12[m[K,
[2.927s]                  from [01m[K/home/qty/ros2_ws/src/slam_gmapping/slam_gmapping/include/slam_gmapping/slam_gmapping.h:45[m[K,
[2.927s]                  from [01m[K/home/qty/ros2_ws/src/slam_gmapping/slam_gmapping/src/slam_gmapping.cpp:24[m[K:
[2.927s] [01m[K/home/qty/ros2_ws/install/openslam_gmapping/include/gmapping/sensor/sensor_base/sensor.h:21:2:[m[K [01;35m[Kwarning: [m[Kextra ‘[01m[K;[m[K’ [[01;35m[K-Wpedantic[m[K]
[2.927s]    21 | }[01;35m[K;[m[K //end namespace
[2.927s]       |  [01;35m[K^[m[K
[2.927s] In file included from [01m[K/home/qty/ros2_ws/install/openslam_gmapping/include/gmapping/log/sensorlog.h:6[m[K,
[2.927s]                  from [01m[K/home/qty/ros2_ws/install/openslam_gmapping/include/gmapping/gridfastslam/gridslamprocessor.h:12[m[K,
[2.927s]                  from [01m[K/home/qty/ros2_ws/src/slam_gmapping/slam_gmapping/include/slam_gmapping/slam_gmapping.h:45[m[K,
[2.927s]                  from [01m[K/home/qty/ros2_ws/src/slam_gmapping/slam_gmapping/src/slam_gmapping.cpp:24[m[K:
[2.927s] [01m[K/home/qty/ros2_ws/install/openslam_gmapping/include/gmapping/sensor/sensor_base/sensorreading.h:23:2:[m[K [01;35m[Kwarning: [m[Kextra ‘[01m[K;[m[K’ [[01;35m[K-Wpedantic[m[K]
[2.927s]    23 | }[01;35m[K;[m[K //end namespace
[2.927s]       |  [01;35m[K^[m[K
[2.927s] In file included from [01m[K/home/qty/ros2_ws/install/openslam_gmapping/include/gmapping/log/sensorlog.h:7[m[K,
[2.927s]                  from [01m[K/home/qty/ros2_ws/install/openslam_gmapping/include/gmapping/gridfastslam/gridslamprocessor.h:12[m[K,
[2.927s]                  from [01m[K/home/qty/ros2_ws/src/slam_gmapping/slam_gmapping/include/slam_gmapping/slam_gmapping.h:45[m[K,
[2.927s]                  from [01m[K/home/qty/ros2_ws/src/slam_gmapping/slam_gmapping/src/slam_gmapping.cpp:24[m[K:
[2.928s] [01m[K/home/qty/ros2_ws/install/openslam_gmapping/include/gmapping/sensor/sensor_odometry/odometrysensor.h:17:2:[m[K [01;35m[Kwarning: [m[Kextra ‘[01m[K;[m[K’ [[01;35m[K-Wpedantic[m[K]
[2.928s]    17 | }[01;35m[K;[m[K
[2.928s]       |  [01;35m[K^[m[K
[2.929s] In file included from [01m[K/home/qty/ros2_ws/install/openslam_gmapping/include/gmapping/log/sensorlog.h:8[m[K,
[2.929s]                  from [01m[K/home/qty/ros2_ws/install/openslam_gmapping/include/gmapping/gridfastslam/gridslamprocessor.h:12[m[K,
[2.929s]                  from [01m[K/home/qty/ros2_ws/src/slam_gmapping/slam_gmapping/include/slam_gmapping/slam_gmapping.h:45[m[K,
[2.929s]                  from [01m[K/home/qty/ros2_ws/src/slam_gmapping/slam_gmapping/src/slam_gmapping.cpp:24[m[K:
[2.929s] [01m[K/home/qty/ros2_ws/install/openslam_gmapping/include/gmapping/sensor/sensor_range/rangesensor.h:33:2:[m[K [01;35m[Kwarning: [m[Kextra ‘[01m[K;[m[K’ [[01;35m[K-Wpedantic[m[K]
[2.929s]    33 | }[01;35m[K;[m[K
[2.929s]       |  [01;35m[K^[m[K
[2.929s] In file included from [01m[K/home/qty/ros2_ws/install/openslam_gmapping/include/gmapping/log/sensorlog.h:9[m[K,
[2.929s]                  from [01m[K/home/qty/ros2_ws/install/openslam_gmapping/include/gmapping/gridfastslam/gridslamprocessor.h:12[m[K,
[2.929s]                  from [01m[K/home/qty/ros2_ws/src/slam_gmapping/slam_gmapping/include/slam_gmapping/slam_gmapping.h:45[m[K,
[2.929s]                  from [01m[K/home/qty/ros2_ws/src/slam_gmapping/slam_gmapping/src/slam_gmapping.cpp:24[m[K:
[2.930s] [01m[K/home/qty/ros2_ws/install/openslam_gmapping/include/gmapping/sensor/sensor_odometry/odometryreading.h:27:2:[m[K [01;35m[Kwarning: [m[Kextra ‘[01m[K;[m[K’ [[01;35m[K-Wpedantic[m[K]
[2.930s]    27 | }[01;35m[K;[m[K
[2.930s]       |  [01;35m[K^[m[K
[2.930s] In file included from [01m[K/home/qty/ros2_ws/install/openslam_gmapping/include/gmapping/log/sensorlog.h:10[m[K,
[2.930s]                  from [01m[K/home/qty/ros2_ws/install/openslam_gmapping/include/gmapping/gridfastslam/gridslamprocessor.h:12[m[K,
[2.930s]                  from [01m[K/home/qty/ros2_ws/src/slam_gmapping/slam_gmapping/include/slam_gmapping/slam_gmapping.h:45[m[K,
[2.930s]                  from [01m[K/home/qty/ros2_ws/src/slam_gmapping/slam_gmapping/src/slam_gmapping.cpp:24[m[K:
[2.930s] [01m[K/home/qty/ros2_ws/install/openslam_gmapping/include/gmapping/sensor/sensor_range/rangereading.h:24:2:[m[K [01;35m[Kwarning: [m[Kextra ‘[01m[K;[m[K’ [[01;35m[K-Wpedantic[m[K]
[2.930s]    24 | }[01;35m[K;[m[K
[2.930s]       |  [01;35m[K^[m[K
[2.930s] In file included from [01m[K/home/qty/ros2_ws/install/openslam_gmapping/include/gmapping/log/sensorlog.h:11[m[K,
[2.930s]                  from [01m[K/home/qty/ros2_ws/install/openslam_gmapping/include/gmapping/gridfastslam/gridslamprocessor.h:12[m[K,
[2.930s]                  from [01m[K/home/qty/ros2_ws/src/slam_gmapping/slam_gmapping/include/slam_gmapping/slam_gmapping.h:45[m[K,
[2.930s]                  from [01m[K/home/qty/ros2_ws/src/slam_gmapping/slam_gmapping/src/slam_gmapping.cpp:24[m[K:
[2.930s] [01m[K/home/qty/ros2_ws/install/openslam_gmapping/include/gmapping/log/configuration.h:15:2:[m[K [01;35m[Kwarning: [m[Kextra ‘[01m[K;[m[K’ [[01;35m[K-Wpedantic[m[K]
[2.930s]    15 | }[01;35m[K;[m[K
[2.930s]       |  [01;35m[K^[m[K
[2.931s] In file included from [01m[K/home/qty/ros2_ws/install/openslam_gmapping/include/gmapping/gridfastslam/gridslamprocessor.h:12[m[K,
[2.931s]                  from [01m[K/home/qty/ros2_ws/src/slam_gmapping/slam_gmapping/include/slam_gmapping/slam_gmapping.h:45[m[K,
[2.931s]                  from [01m[K/home/qty/ros2_ws/src/slam_gmapping/slam_gmapping/src/slam_gmapping.cpp:24[m[K:
[2.931s] [01m[K/home/qty/ros2_ws/install/openslam_gmapping/include/gmapping/log/sensorlog.h:27:2:[m[K [01;35m[Kwarning: [m[Kextra ‘[01m[K;[m[K’ [[01;35m[K-Wpedantic[m[K]
[2.931s]    27 | }[01;35m[K;[m[K
[2.931s]       |  [01;35m[K^[m[K
[2.933s] In file included from [01m[K/home/qty/ros2_ws/install/openslam_gmapping/include/gmapping/grid/map.h:5[m[K,
[2.933s]                  from [01m[K/home/qty/ros2_ws/install/openslam_gmapping/include/gmapping/scanmatcher/smmap.h:3[m[K,
[2.933s]                  from [01m[K/home/qty/ros2_ws/install/openslam_gmapping/include/gmapping/scanmatcher/scanmatcher.h:5[m[K,
[2.933s]                  from [01m[K/home/qty/ros2_ws/install/openslam_gmapping/include/gmapping/gridfastslam/gridslamprocessor.h:15[m[K,
[2.933s]                  from [01m[K/home/qty/ros2_ws/src/slam_gmapping/slam_gmapping/include/slam_gmapping/slam_gmapping.h:45[m[K,
[2.933s]                  from [01m[K/home/qty/ros2_ws/src/slam_gmapping/slam_gmapping/src/slam_gmapping.cpp:24[m[K:
[2.934s] [01m[K/home/qty/ros2_ws/install/openslam_gmapping/include/gmapping/grid/accessstate.h:6:2:[m[K [01;35m[Kwarning: [m[Kextra ‘[01m[K;[m[K’ [[01;35m[K-Wpedantic[m[K]
[2.934s]     6 | }[01;35m[K;[m[K
[2.934s]       |  [01;35m[K^[m[K
[2.936s] In file included from [01m[K/home/qty/ros2_ws/install/openslam_gmapping/include/gmapping/grid/map.h:6[m[K,
[2.936s]                  from [01m[K/home/qty/ros2_ws/install/openslam_gmapping/include/gmapping/scanmatcher/smmap.h:3[m[K,
[2.936s]                  from [01m[K/home/qty/ros2_ws/install/openslam_gmapping/include/gmapping/scanmatcher/scanmatcher.h:5[m[K,
[2.936s]                  from [01m[K/home/qty/ros2_ws/install/openslam_gmapping/include/gmapping/gridfastslam/gridslamprocessor.h:15[m[K,
[2.936s]                  from [01m[K/home/qty/ros2_ws/src/slam_gmapping/slam_gmapping/include/slam_gmapping/slam_gmapping.h:45[m[K,
[2.936s]                  from [01m[K/home/qty/ros2_ws/src/slam_gmapping/slam_gmapping/src/slam_gmapping.cpp:24[m[K:
[2.936s] [01m[K/home/qty/ros2_ws/install/openslam_gmapping/include/gmapping/grid/array2d.h:185:2:[m[K [01;35m[Kwarning: [m[Kextra ‘[01m[K;[m[K’ [[01;35m[K-Wpedantic[m[K]
[2.936s]   185 | }[01;35m[K;[m[K
[2.936s]       |  [01;35m[K^[m[K
[2.938s] In file included from [01m[K/home/qty/ros2_ws/install/openslam_gmapping/include/gmapping/scanmatcher/smmap.h:3[m[K,
[2.938s]                  from [01m[K/home/qty/ros2_ws/install/openslam_gmapping/include/gmapping/scanmatcher/scanmatcher.h:5[m[K,
[2.938s]                  from [01m[K/home/qty/ros2_ws/install/openslam_gmapping/include/gmapping/gridfastslam/gridslamprocessor.h:15[m[K,
[2.938s]                  from [01m[K/home/qty/ros2_ws/src/slam_gmapping/slam_gmapping/include/slam_gmapping/slam_gmapping.h:45[m[K,
[2.938s]                  from [01m[K/home/qty/ros2_ws/src/slam_gmapping/slam_gmapping/src/slam_gmapping.cpp:24[m[K:
[2.938s] [01m[K/home/qty/ros2_ws/install/openslam_gmapping/include/gmapping/grid/map.h:262:2:[m[K [01;35m[Kwarning: [m[Kextra ‘[01m[K;[m[K’ [[01;35m[K-Wpedantic[m[K]
[2.938s]   262 | }[01;35m[K;[m[K
[2.938s]       |  [01;35m[K^[m[K
[2.938s] In file included from [01m[K/home/qty/ros2_ws/install/openslam_gmapping/include/gmapping/grid/harray2d.h:5[m[K,
[2.938s]                  from [01m[K/home/qty/ros2_ws/install/openslam_gmapping/include/gmapping/scanmatcher/smmap.h:4[m[K,
[2.938s]                  from [01m[K/home/qty/ros2_ws/install/openslam_gmapping/include/gmapping/scanmatcher/scanmatcher.h:5[m[K,
[2.938s]                  from [01m[K/home/qty/ros2_ws/install/openslam_gmapping/include/gmapping/gridfastslam/gridslamprocessor.h:15[m[K,
[2.938s]                  from [01m[K/home/qty/ros2_ws/src/slam_gmapping/slam_gmapping/include/slam_gmapping/slam_gmapping.h:45[m[K,
[2.939s]                  from [01m[K/home/qty/ros2_ws/src/slam_gmapping/slam_gmapping/src/slam_gmapping.cpp:24[m[K:
[2.939s] [01m[K/home/qty/ros2_ws/install/openslam_gmapping/include/gmapping/utils/autoptr.h:96:2:[m[K [01;35m[Kwarning: [m[Kextra ‘[01m[K;[m[K’ [[01;35m[K-Wpedantic[m[K]
[2.939s]    96 | }[01;35m[K;[m[K
[2.939s]       |  [01;35m[K^[m[K
[2.943s] In file included from [01m[K/home/qty/ros2_ws/install/openslam_gmapping/include/gmapping/scanmatcher/smmap.h:4[m[K,
[2.943s]                  from [01m[K/home/qty/ros2_ws/install/openslam_gmapping/include/gmapping/scanmatcher/scanmatcher.h:5[m[K,
[2.943s]                  from [01m[K/home/qty/ros2_ws/install/openslam_gmapping/include/gmapping/gridfastslam/gridslamprocessor.h:15[m[K,
[2.943s]                  from [01m[K/home/qty/ros2_ws/src/slam_gmapping/slam_gmapping/include/slam_gmapping/slam_gmapping.h:45[m[K,
[2.943s]                  from [01m[K/home/qty/ros2_ws/src/slam_gmapping/slam_gmapping/src/slam_gmapping.cpp:24[m[K:
[2.943s] [01m[K/home/qty/ros2_ws/install/openslam_gmapping/include/gmapping/grid/harray2d.h:197:2:[m[K [01;35m[Kwarning: [m[Kextra ‘[01m[K;[m[K’ [[01;35m[K-Wpedantic[m[K]
[2.943s]   197 | }[01;35m[K;[m[K
[2.943s]       |  [01;35m[K^[m[K
[2.944s] In file included from [01m[K/home/qty/ros2_ws/install/openslam_gmapping/include/gmapping/scanmatcher/scanmatcher.h:5[m[K,
[2.944s]                  from [01m[K/home/qty/ros2_ws/install/openslam_gmapping/include/gmapping/gridfastslam/gridslamprocessor.h:15[m[K,
[2.944s]                  from [01m[K/home/qty/ros2_ws/src/slam_gmapping/slam_gmapping/include/slam_gmapping/slam_gmapping.h:45[m[K,
[2.944s]                  from [01m[K/home/qty/ros2_ws/src/slam_gmapping/slam_gmapping/src/slam_gmapping.cpp:24[m[K:
[2.944s] [01m[K/home/qty/ros2_ws/install/openslam_gmapping/include/gmapping/scanmatcher/smmap.h:52:2:[m[K [01;35m[Kwarning: [m[Kextra ‘[01m[K;[m[K’ [[01;35m[K-Wpedantic[m[K]
[2.944s]    52 | }[01;35m[K;[m[K
[2.944s]       |  [01;35m[K^[m[K
[2.945s] In file included from [01m[K/home/qty/ros2_ws/install/openslam_gmapping/include/gmapping/scanmatcher/scanmatcher.h:7[m[K,
[2.945s]                  from [01m[K/home/qty/ros2_ws/install/openslam_gmapping/include/gmapping/gridfastslam/gridslamprocessor.h:15[m[K,
[2.945s]                  from [01m[K/home/qty/ros2_ws/src/slam_gmapping/slam_gmapping/include/slam_gmapping/slam_gmapping.h:45[m[K,
[2.945s]                  from [01m[K/home/qty/ros2_ws/src/slam_gmapping/slam_gmapping/src/slam_gmapping.cpp:24[m[K:
[2.945s] [01m[K/home/qty/ros2_ws/install/openslam_gmapping/include/gmapping/utils/stat.h:145:2:[m[K [01;35m[Kwarning: [m[Kextra ‘[01m[K;[m[K’ [[01;35m[K-Wpedantic[m[K]
[2.945s]   145 | }[01;35m[K;[m[K //end namespace
[2.945s]       |  [01;35m[K^[m[K
[2.952s] In file included from [01m[K/home/qty/ros2_ws/install/openslam_gmapping/include/gmapping/gridfastslam/gridslamprocessor.h:15[m[K,
[2.952s]                  from [01m[K/home/qty/ros2_ws/src/slam_gmapping/slam_gmapping/include/slam_gmapping/slam_gmapping.h:45[m[K,
[2.952s]                  from [01m[K/home/qty/ros2_ws/src/slam_gmapping/slam_gmapping/src/slam_gmapping.cpp:24[m[K:
[2.952s] [01m[K/home/qty/ros2_ws/install/openslam_gmapping/include/gmapping/scanmatcher/scanmatcher.h:250:2:[m[K [01;35m[Kwarning: [m[Kextra ‘[01m[K;[m[K’ [[01;35m[K-Wpedantic[m[K]
[2.952s]   250 | }[01;35m[K;[m[K
[2.952s]       |  [01;35m[K^[m[K
[2.952s] In file included from [01m[K/home/qty/ros2_ws/install/openslam_gmapping/include/gmapping/gridfastslam/gridslamprocessor.h:16[m[K,
[2.952s]                  from [01m[K/home/qty/ros2_ws/src/slam_gmapping/slam_gmapping/include/slam_gmapping/slam_gmapping.h:45[m[K,
[2.952s]                  from [01m[K/home/qty/ros2_ws/src/slam_gmapping/slam_gmapping/src/slam_gmapping.cpp:24[m[K:
[2.952s] [01m[K/home/qty/ros2_ws/install/openslam_gmapping/include/gmapping/gridfastslam/motionmodel.h:17:2:[m[K [01;35m[Kwarning: [m[Kextra ‘[01m[K;[m[K’ [[01;35m[K-Wpedantic[m[K]
[2.952s]    17 | }[01;35m[K;[m[K
[2.953s]       |  [01;35m[K^[m[K
[2.963s] In file included from [01m[K/home/qty/ros2_ws/src/slam_gmapping/slam_gmapping/include/slam_gmapping/slam_gmapping.h:45[m[K,
[2.963s]                  from [01m[K/home/qty/ros2_ws/src/slam_gmapping/slam_gmapping/src/slam_gmapping.cpp:24[m[K:
[2.963s] [01m[K/home/qty/ros2_ws/install/openslam_gmapping/include/gmapping/gridfastslam/gridslamprocessor.h:335:2:[m[K [01;35m[Kwarning: [m[Kextra ‘[01m[K;[m[K’ [[01;35m[K-Wpedantic[m[K]
[2.963s]   335 | }[01;35m[K;[m[K
[2.963s]       |  [01;35m[K^[m[K
[7.722s] [100%] [32m[1mLinking CXX executable slam_gmapping[0m
[7.990s] [100%] Built target slam_gmapping
[7.997s] Invoked command in '/home/qty/ros2_ws/build/slam_gmapping' returned '0': AMENT_PREFIX_PATH=/home/qty/ros2_ws/install/openslam_gmapping:${AMENT_PREFIX_PATH} CMAKE_PREFIX_PATH=/home/qty/ros2_ws/install/openslam_gmapping:/home/qty/ros2_ws/install/slam_toolbox:/home/qty/ros2_ws/install/rplidar_ros:/home/qty/ros2_ws/install/ros2_laser_scan_matcher:/home/qty/ros2_ws/install/hoverboard_msgs:/home/qty/ros2_ws/install/csm:/home/qty/ros2_ws/install/articubot_one:/home/qty/ros2_ws/install/hoverboard_controller:/opt/ros/foxy LD_LIBRARY_PATH=/home/qty/ros2_ws/install/openslam_gmapping/lib:${LD_LIBRARY_PATH} /usr/bin/cmake --build /home/qty/ros2_ws/build/slam_gmapping -- -j16 -l16
[8.016s] Invoking command in '/home/qty/ros2_ws/build/slam_gmapping': AMENT_PREFIX_PATH=/home/qty/ros2_ws/install/openslam_gmapping:${AMENT_PREFIX_PATH} CMAKE_PREFIX_PATH=/home/qty/ros2_ws/install/openslam_gmapping:/home/qty/ros2_ws/install/slam_toolbox:/home/qty/ros2_ws/install/rplidar_ros:/home/qty/ros2_ws/install/ros2_laser_scan_matcher:/home/qty/ros2_ws/install/hoverboard_msgs:/home/qty/ros2_ws/install/csm:/home/qty/ros2_ws/install/articubot_one:/home/qty/ros2_ws/install/hoverboard_controller:/opt/ros/foxy LD_LIBRARY_PATH=/home/qty/ros2_ws/install/openslam_gmapping/lib:${LD_LIBRARY_PATH} /usr/bin/cmake --install /home/qty/ros2_ws/build/slam_gmapping
[8.022s] -- Install configuration: ""
[8.022s] -- Execute custom install script
[8.023s] -- Symlinking: /home/qty/ros2_ws/install/slam_gmapping/lib/slam_gmapping/slam_gmapping
[8.029s] -- Symlinking: /home/qty/ros2_ws/install/slam_gmapping/share/slam_gmapping/launch/slam_gmapping.launch.py
[8.035s] -- Symlinking: /home/qty/ros2_ws/install/slam_gmapping/share/ament_index/resource_index/package_run_dependencies/slam_gmapping
[8.041s] -- Symlinking: /home/qty/ros2_ws/install/slam_gmapping/share/ament_index/resource_index/parent_prefix_path/slam_gmapping
[8.046s] -- Symlinking: /home/qty/ros2_ws/install/slam_gmapping/share/slam_gmapping/environment/ament_prefix_path.sh
[8.052s] -- Symlinking: /home/qty/ros2_ws/install/slam_gmapping/share/slam_gmapping/environment/ament_prefix_path.dsv
[8.059s] -- Symlinking: /home/qty/ros2_ws/install/slam_gmapping/share/slam_gmapping/environment/path.sh
[8.069s] -- Symlinking: /home/qty/ros2_ws/install/slam_gmapping/share/slam_gmapping/environment/path.dsv
[8.075s] -- Symlinking: /home/qty/ros2_ws/install/slam_gmapping/share/slam_gmapping/local_setup.bash
[8.081s] -- Symlinking: /home/qty/ros2_ws/install/slam_gmapping/share/slam_gmapping/local_setup.sh
[8.087s] -- Symlinking: /home/qty/ros2_ws/install/slam_gmapping/share/slam_gmapping/local_setup.zsh
[8.092s] -- Symlinking: /home/qty/ros2_ws/install/slam_gmapping/share/slam_gmapping/local_setup.dsv
[8.098s] -- Symlinking: /home/qty/ros2_ws/install/slam_gmapping/share/slam_gmapping/package.dsv
[8.104s] -- Symlinking: /home/qty/ros2_ws/install/slam_gmapping/share/ament_index/resource_index/packages/slam_gmapping
[8.110s] -- Symlinking: /home/qty/ros2_ws/install/slam_gmapping/share/slam_gmapping/cmake/slam_gmappingConfig.cmake
[8.116s] -- Symlinking: /home/qty/ros2_ws/install/slam_gmapping/share/slam_gmapping/cmake/slam_gmappingConfig-version.cmake
[8.121s] -- Symlinking: /home/qty/ros2_ws/install/slam_gmapping/share/slam_gmapping/package.xml
[8.128s] Invoked command in '/home/qty/ros2_ws/build/slam_gmapping' returned '0': AMENT_PREFIX_PATH=/home/qty/ros2_ws/install/openslam_gmapping:${AMENT_PREFIX_PATH} CMAKE_PREFIX_PATH=/home/qty/ros2_ws/install/openslam_gmapping:/home/qty/ros2_ws/install/slam_toolbox:/home/qty/ros2_ws/install/rplidar_ros:/home/qty/ros2_ws/install/ros2_laser_scan_matcher:/home/qty/ros2_ws/install/hoverboard_msgs:/home/qty/ros2_ws/install/csm:/home/qty/ros2_ws/install/articubot_one:/home/qty/ros2_ws/install/hoverboard_controller:/opt/ros/foxy LD_LIBRARY_PATH=/home/qty/ros2_ws/install/openslam_gmapping/lib:${LD_LIBRARY_PATH} /usr/bin/cmake --install /home/qty/ros2_ws/build/slam_gmapping
