[1.580s] DEBUG:colcon:Command line arguments: ['/usr/bin/colcon', 'build', '--packages-select', 'src/hoverboard_controller/']
[1.580s] DEBUG:colcon:Parsed command line arguments: Namespace(allow_overriding=[], ament_cmake_args=None, base_paths=['.'], build_base='build', catkin_cmake_args=None, catkin_skip_building_tests=False, cmake_args=None, cmake_clean_cache=False, cmake_clean_first=False, cmake_force_configure=False, cmake_target=None, cmake_target_skip_unavailable=False, continue_on_error=False, event_handlers=None, executor='parallel', ignore_user_meta=False, install_base='install', log_base=None, log_level=None, main=<bound method BuildVerb.main of <colcon_core.verb.build.BuildVerb object at 0x7f67654a3be0>>, merge_install=False, metas=['./colcon.meta'], packages_above=None, packages_above_and_dependencies=None, packages_above_depth=None, packages_end=None, packages_ignore=None, packages_ignore_regex=None, packages_select=['src/hoverboard_controller/'], packages_select_build_failed=False, packages_select_by_dep=None, packages_select_regex=None, packages_select_test_failures=False, packages_skip=None, packages_skip_build_finished=False, packages_skip_by_dep=None, packages_skip_regex=None, packages_skip_test_passed=False, packages_skip_up_to=None, packages_start=None, packages_up_to=None, packages_up_to_regex=None, parallel_workers=16, paths=None, symlink_install=False, test_result_base=None, verb_extension=<colcon_core.verb.build.BuildVerb object at 0x7f67654a3be0>, verb_name='build', verb_parser=<colcon_defaults.argument_parser.defaults.DefaultArgumentsDecorator object at 0x7f6765112880>)
[1.647s] Level 1:colcon.colcon_core.package_discovery:discover_packages(colcon_meta) check parameters
[1.647s] Level 1:colcon.colcon_core.package_discovery:discover_packages(recursive) check parameters
[1.647s] Level 1:colcon.colcon_core.package_discovery:discover_packages(ignore) check parameters
[1.647s] Level 1:colcon.colcon_core.package_discovery:discover_packages(path) check parameters
[1.647s] Level 1:colcon.colcon_core.package_discovery:discover_packages(colcon_meta) discover
[1.647s] Level 1:colcon.colcon_core.package_discovery:discover_packages(recursive) discover
[1.647s] INFO:colcon.colcon_core.package_discovery:Crawling recursively for packages in '/home/qty/ros2_ws'
[1.648s] Level 1:colcon.colcon_core.package_identification:_identify(.) by extensions ['ignore', 'ignore_ament_install']
[1.648s] Level 1:colcon.colcon_core.package_identification:_identify(.) by extension 'ignore'
[1.648s] Level 1:colcon.colcon_core.package_identification:_identify(.) by extension 'ignore_ament_install'
[1.648s] Level 1:colcon.colcon_core.package_identification:_identify(.) by extensions ['colcon_pkg']
[1.648s] Level 1:colcon.colcon_core.package_identification:_identify(.) by extension 'colcon_pkg'
[1.648s] Level 1:colcon.colcon_core.package_identification:_identify(.) by extensions ['colcon_meta']
[1.648s] Level 1:colcon.colcon_core.package_identification:_identify(.) by extension 'colcon_meta'
[1.648s] Level 1:colcon.colcon_core.package_identification:_identify(.) by extensions ['ros']
[1.648s] Level 1:colcon.colcon_core.package_identification:_identify(.) by extension 'ros'
[1.655s] Level 1:colcon.colcon_core.package_identification:_identify(.) by extensions ['cmake', 'python']
[1.655s] Level 1:colcon.colcon_core.package_identification:_identify(.) by extension 'cmake'
[1.655s] Level 1:colcon.colcon_core.package_identification:_identify(.) by extension 'python'
[1.655s] Level 1:colcon.colcon_core.package_identification:_identify(.) by extensions ['python_setup_py']
[1.655s] Level 1:colcon.colcon_core.package_identification:_identify(.) by extension 'python_setup_py'
[1.655s] Level 1:colcon.colcon_core.package_identification:_identify(build) by extensions ['ignore', 'ignore_ament_install']
[1.655s] Level 1:colcon.colcon_core.package_identification:_identify(build) by extension 'ignore'
[1.655s] Level 1:colcon.colcon_core.package_identification:_identify(build) ignored
[1.655s] Level 1:colcon.colcon_core.package_identification:_identify(install) by extensions ['ignore', 'ignore_ament_install']
[1.655s] Level 1:colcon.colcon_core.package_identification:_identify(install) by extension 'ignore'
[1.655s] Level 1:colcon.colcon_core.package_identification:_identify(install) ignored
[1.655s] Level 1:colcon.colcon_core.package_identification:_identify(log) by extensions ['ignore', 'ignore_ament_install']
[1.655s] Level 1:colcon.colcon_core.package_identification:_identify(log) by extension 'ignore'
[1.656s] Level 1:colcon.colcon_core.package_identification:_identify(log) ignored
[1.656s] Level 1:colcon.colcon_core.package_identification:_identify(src) by extensions ['ignore', 'ignore_ament_install']
[1.656s] Level 1:colcon.colcon_core.package_identification:_identify(src) by extension 'ignore'
[1.656s] Level 1:colcon.colcon_core.package_identification:_identify(src) by extension 'ignore_ament_install'
[1.656s] Level 1:colcon.colcon_core.package_identification:_identify(src) by extensions ['colcon_pkg']
[1.656s] Level 1:colcon.colcon_core.package_identification:_identify(src) by extension 'colcon_pkg'
[1.656s] Level 1:colcon.colcon_core.package_identification:_identify(src) by extensions ['colcon_meta']
[1.656s] Level 1:colcon.colcon_core.package_identification:_identify(src) by extension 'colcon_meta'
[1.656s] Level 1:colcon.colcon_core.package_identification:_identify(src) by extensions ['ros']
[1.656s] Level 1:colcon.colcon_core.package_identification:_identify(src) by extension 'ros'
[1.656s] Level 1:colcon.colcon_core.package_identification:_identify(src) by extensions ['cmake', 'python']
[1.656s] Level 1:colcon.colcon_core.package_identification:_identify(src) by extension 'cmake'
[1.656s] Level 1:colcon.colcon_core.package_identification:_identify(src) by extension 'python'
[1.656s] Level 1:colcon.colcon_core.package_identification:_identify(src) by extensions ['python_setup_py']
[1.656s] Level 1:colcon.colcon_core.package_identification:_identify(src) by extension 'python_setup_py'
[1.656s] Level 1:colcon.colcon_core.package_identification:_identify(src/articubot_one) by extensions ['ignore', 'ignore_ament_install']
[1.656s] Level 1:colcon.colcon_core.package_identification:_identify(src/articubot_one) by extension 'ignore'
[1.656s] Level 1:colcon.colcon_core.package_identification:_identify(src/articubot_one) by extension 'ignore_ament_install'
[1.656s] Level 1:colcon.colcon_core.package_identification:_identify(src/articubot_one) by extensions ['colcon_pkg']
[1.656s] Level 1:colcon.colcon_core.package_identification:_identify(src/articubot_one) by extension 'colcon_pkg'
[1.656s] Level 1:colcon.colcon_core.package_identification:_identify(src/articubot_one) by extensions ['colcon_meta']
[1.656s] Level 1:colcon.colcon_core.package_identification:_identify(src/articubot_one) by extension 'colcon_meta'
[1.656s] Level 1:colcon.colcon_core.package_identification:_identify(src/articubot_one) by extensions ['ros']
[1.656s] Level 1:colcon.colcon_core.package_identification:_identify(src/articubot_one) by extension 'ros'
[1.658s] DEBUG:colcon.colcon_core.package_identification:Package 'src/articubot_one' with type 'ros.ament_cmake' and name 'articubot_one'
[1.658s] Level 1:colcon.colcon_core.package_identification:_identify(src/csm) by extensions ['ignore', 'ignore_ament_install']
[1.658s] Level 1:colcon.colcon_core.package_identification:_identify(src/csm) by extension 'ignore'
[1.658s] Level 1:colcon.colcon_core.package_identification:_identify(src/csm) by extension 'ignore_ament_install'
[1.658s] Level 1:colcon.colcon_core.package_identification:_identify(src/csm) by extensions ['colcon_pkg']
[1.658s] Level 1:colcon.colcon_core.package_identification:_identify(src/csm) by extension 'colcon_pkg'
[1.658s] Level 1:colcon.colcon_core.package_identification:_identify(src/csm) by extensions ['colcon_meta']
[1.658s] Level 1:colcon.colcon_core.package_identification:_identify(src/csm) by extension 'colcon_meta'
[1.658s] Level 1:colcon.colcon_core.package_identification:_identify(src/csm) by extensions ['ros']
[1.658s] Level 1:colcon.colcon_core.package_identification:_identify(src/csm) by extension 'ros'
[1.659s] DEBUG:colcon.colcon_core.package_identification:Package 'src/csm' with type 'ros.ament_cmake' and name 'csm'
[1.659s] Level 1:colcon.colcon_core.package_identification:_identify(src/hoverboard_controller) by extensions ['ignore', 'ignore_ament_install']
[1.659s] Level 1:colcon.colcon_core.package_identification:_identify(src/hoverboard_controller) by extension 'ignore'
[1.659s] Level 1:colcon.colcon_core.package_identification:_identify(src/hoverboard_controller) by extension 'ignore_ament_install'
[1.659s] Level 1:colcon.colcon_core.package_identification:_identify(src/hoverboard_controller) by extensions ['colcon_pkg']
[1.659s] Level 1:colcon.colcon_core.package_identification:_identify(src/hoverboard_controller) by extension 'colcon_pkg'
[1.659s] Level 1:colcon.colcon_core.package_identification:_identify(src/hoverboard_controller) by extensions ['colcon_meta']
[1.659s] Level 1:colcon.colcon_core.package_identification:_identify(src/hoverboard_controller) by extension 'colcon_meta'
[1.659s] Level 1:colcon.colcon_core.package_identification:_identify(src/hoverboard_controller) by extensions ['ros']
[1.659s] Level 1:colcon.colcon_core.package_identification:_identify(src/hoverboard_controller) by extension 'ros'
[1.659s] DEBUG:colcon.colcon_core.package_identification:Package 'src/hoverboard_controller' with type 'ros.ament_python' and name 'hoverboard_controller'
[1.659s] Level 1:colcon.colcon_core.package_identification:_identify(src/ros2_laser_scan_matcher) by extensions ['ignore', 'ignore_ament_install']
[1.659s] Level 1:colcon.colcon_core.package_identification:_identify(src/ros2_laser_scan_matcher) by extension 'ignore'
[1.659s] Level 1:colcon.colcon_core.package_identification:_identify(src/ros2_laser_scan_matcher) by extension 'ignore_ament_install'
[1.660s] Level 1:colcon.colcon_core.package_identification:_identify(src/ros2_laser_scan_matcher) by extensions ['colcon_pkg']
[1.660s] Level 1:colcon.colcon_core.package_identification:_identify(src/ros2_laser_scan_matcher) by extension 'colcon_pkg'
[1.660s] Level 1:colcon.colcon_core.package_identification:_identify(src/ros2_laser_scan_matcher) by extensions ['colcon_meta']
[1.660s] Level 1:colcon.colcon_core.package_identification:_identify(src/ros2_laser_scan_matcher) by extension 'colcon_meta'
[1.660s] Level 1:colcon.colcon_core.package_identification:_identify(src/ros2_laser_scan_matcher) by extensions ['ros']
[1.660s] Level 1:colcon.colcon_core.package_identification:_identify(src/ros2_laser_scan_matcher) by extension 'ros'
[1.660s] DEBUG:colcon.colcon_core.package_identification:Package 'src/ros2_laser_scan_matcher' with type 'ros.ament_cmake' and name 'ros2_laser_scan_matcher'
[1.660s] Level 1:colcon.colcon_core.package_identification:_identify(src/rplidar_ros2) by extensions ['ignore', 'ignore_ament_install']
[1.660s] Level 1:colcon.colcon_core.package_identification:_identify(src/rplidar_ros2) by extension 'ignore'
[1.660s] Level 1:colcon.colcon_core.package_identification:_identify(src/rplidar_ros2) by extension 'ignore_ament_install'
[1.660s] Level 1:colcon.colcon_core.package_identification:_identify(src/rplidar_ros2) by extensions ['colcon_pkg']
[1.660s] Level 1:colcon.colcon_core.package_identification:_identify(src/rplidar_ros2) by extension 'colcon_pkg'
[1.660s] Level 1:colcon.colcon_core.package_identification:_identify(src/rplidar_ros2) by extensions ['colcon_meta']
[1.660s] Level 1:colcon.colcon_core.package_identification:_identify(src/rplidar_ros2) by extension 'colcon_meta'
[1.660s] Level 1:colcon.colcon_core.package_identification:_identify(src/rplidar_ros2) by extensions ['ros']
[1.660s] Level 1:colcon.colcon_core.package_identification:_identify(src/rplidar_ros2) by extension 'ros'
[1.661s] DEBUG:colcon.colcon_core.package_identification:Package 'src/rplidar_ros2' with type 'ros.ament_cmake' and name 'rplidar_ros'
[1.661s] Level 1:colcon.colcon_core.package_identification:_identify(src/slam_toolbox) by extensions ['ignore', 'ignore_ament_install']
[1.661s] Level 1:colcon.colcon_core.package_identification:_identify(src/slam_toolbox) by extension 'ignore'
[1.661s] Level 1:colcon.colcon_core.package_identification:_identify(src/slam_toolbox) by extension 'ignore_ament_install'
[1.661s] Level 1:colcon.colcon_core.package_identification:_identify(src/slam_toolbox) by extensions ['colcon_pkg']
[1.661s] Level 1:colcon.colcon_core.package_identification:_identify(src/slam_toolbox) by extension 'colcon_pkg'
[1.661s] Level 1:colcon.colcon_core.package_identification:_identify(src/slam_toolbox) by extensions ['colcon_meta']
[1.661s] Level 1:colcon.colcon_core.package_identification:_identify(src/slam_toolbox) by extension 'colcon_meta'
[1.661s] Level 1:colcon.colcon_core.package_identification:_identify(src/slam_toolbox) by extensions ['ros']
[1.661s] Level 1:colcon.colcon_core.package_identification:_identify(src/slam_toolbox) by extension 'ros'
[1.662s] DEBUG:colcon.colcon_core.package_identification:Package 'src/slam_toolbox' with type 'ros.ament_cmake' and name 'slam_toolbox'
[1.662s] Level 1:colcon.colcon_core.package_discovery:discover_packages(recursive) using defaults
[1.662s] Level 1:colcon.colcon_core.package_discovery:discover_packages(ignore) discover
[1.662s] Level 1:colcon.colcon_core.package_discovery:discover_packages(ignore) using defaults
[1.662s] Level 1:colcon.colcon_core.package_discovery:discover_packages(path) discover
[1.662s] Level 1:colcon.colcon_core.package_discovery:discover_packages(path) using defaults
[1.689s] WARNING:colcon.colcon_core.package_selection:ignoring unknown package 'src/hoverboard_controller/' in --packages-select
[1.757s] INFO:colcon.colcon_core.package_selection:Skipping not selected package 'articubot_one' in 'src/articubot_one'
[1.757s] INFO:colcon.colcon_core.package_selection:Skipping not selected package 'csm' in 'src/csm'
[1.757s] INFO:colcon.colcon_core.package_selection:Skipping not selected package 'hoverboard_controller' in 'src/hoverboard_controller'
[1.757s] INFO:colcon.colcon_core.package_selection:Skipping not selected package 'rplidar_ros' in 'src/rplidar_ros2'
[1.757s] INFO:colcon.colcon_core.package_selection:Skipping not selected package 'slam_toolbox' in 'src/slam_toolbox'
[1.757s] INFO:colcon.colcon_core.package_selection:Skipping not selected package 'ros2_laser_scan_matcher' in 'src/ros2_laser_scan_matcher'
[1.812s] Level 1:colcon.colcon_core.package_discovery:discover_packages(prefix_path) check parameters
[1.812s] Level 1:colcon.colcon_core.package_discovery:discover_packages(prefix_path) discover
[1.873s] DEBUG:colcon.colcon_installed_package_information.package_discovery:Found 23 installed packages in /home/qty/ros2_ws/install
[1.900s] DEBUG:colcon.colcon_installed_package_information.package_discovery:Found 275 installed packages in /opt/ros/foxy
[1.902s] Level 1:colcon.colcon_core.package_discovery:discover_packages(prefix_path) using defaults
[2.008s] INFO:colcon.colcon_core.executor:Executing jobs using 'parallel' executor
[2.035s] DEBUG:colcon.colcon_parallel_executor.executor.parallel:run_until_complete
[2.035s] DEBUG:colcon.colcon_parallel_executor.executor.parallel:closing loop
[2.035s] DEBUG:colcon.colcon_parallel_executor.executor.parallel:loop closed
[2.035s] DEBUG:colcon.colcon_parallel_executor.executor.parallel:run_until_complete finished with '0'
[2.035s] DEBUG:colcon.colcon_core.event_reactor:joining thread
[2.067s] INFO:colcon.colcon_core.plugin_system:Skipping extension 'colcon_notification.desktop_notification.terminal_notifier': Not used on non-Darwin systems
[2.067s] INFO:colcon.colcon_core.plugin_system:Skipping extension 'colcon_notification.desktop_notification.win32': Not used on non-Windows systems
[2.067s] INFO:colcon.colcon_notification.desktop_notification:Sending desktop notification using 'notify2'
[2.078s] DEBUG:colcon.colcon_core.event_reactor:joined thread
[2.107s] INFO:colcon.colcon_core.plugin_system:Skipping extension 'colcon_core.shell.bat': Not used on non-Windows systems
[2.107s] INFO:colcon.colcon_core.shell:Creating prefix script '/home/qty/ros2_ws/install/local_setup.ps1'
[2.108s] INFO:colcon.colcon_core.shell:Creating prefix util module '/home/qty/ros2_ws/install/_local_setup_util_ps1.py'
[2.108s] INFO:colcon.colcon_core.shell:Creating prefix chain script '/home/qty/ros2_ws/install/setup.ps1'
[2.138s] INFO:colcon.colcon_core.shell:Creating prefix script '/home/qty/ros2_ws/install/local_setup.sh'
[2.138s] INFO:colcon.colcon_core.shell:Creating prefix util module '/home/qty/ros2_ws/install/_local_setup_util_sh.py'
[2.138s] INFO:colcon.colcon_core.shell:Creating prefix chain script '/home/qty/ros2_ws/install/setup.sh'
[2.168s] INFO:colcon.colcon_core.shell:Creating prefix script '/home/qty/ros2_ws/install/local_setup.bash'
[2.168s] INFO:colcon.colcon_core.shell:Creating prefix chain script '/home/qty/ros2_ws/install/setup.bash'
[2.204s] INFO:colcon.colcon_core.shell:Creating prefix script '/home/qty/ros2_ws/install/local_setup.zsh'
[2.205s] INFO:colcon.colcon_core.shell:Creating prefix chain script '/home/qty/ros2_ws/install/setup.zsh'
