[1.614s] DEBUG:colcon:Command line arguments: ['/usr/bin/colcon', 'build', '--packages-select', 'hoverboard_msgs']
[1.614s] DEBUG:colcon:Parsed command line arguments: Namespace(allow_overriding=[], ament_cmake_args=None, base_paths=['.'], build_base='build', catkin_cmake_args=None, catkin_skip_building_tests=False, cmake_args=None, cmake_clean_cache=False, cmake_clean_first=False, cmake_force_configure=False, cmake_target=None, cmake_target_skip_unavailable=False, continue_on_error=False, event_handlers=None, executor='parallel', ignore_user_meta=False, install_base='install', log_base=None, log_level=None, main=<bound method BuildVerb.main of <colcon_core.verb.build.BuildVerb object at 0x7f206f8faf40>>, merge_install=False, metas=['./colcon.meta'], packages_above=None, packages_above_and_dependencies=None, packages_above_depth=None, packages_end=None, packages_ignore=None, packages_ignore_regex=None, packages_select=['hoverboard_msgs'], packages_select_build_failed=False, packages_select_by_dep=None, packages_select_regex=None, packages_select_test_failures=False, packages_skip=None, packages_skip_build_finished=False, packages_skip_by_dep=None, packages_skip_regex=None, packages_skip_test_passed=False, packages_skip_up_to=None, packages_start=None, packages_up_to=None, packages_up_to_regex=None, parallel_workers=16, paths=None, symlink_install=False, test_result_base=None, verb_extension=<colcon_core.verb.build.BuildVerb object at 0x7f206f8faf40>, verb_name='build', verb_parser=<colcon_defaults.argument_parser.defaults.DefaultArgumentsDecorator object at 0x7f206f5589a0>)
[1.685s] Level 1:colcon.colcon_core.package_discovery:discover_packages(colcon_meta) check parameters
[1.685s] Level 1:colcon.colcon_core.package_discovery:discover_packages(recursive) check parameters
[1.685s] Level 1:colcon.colcon_core.package_discovery:discover_packages(ignore) check parameters
[1.685s] Level 1:colcon.colcon_core.package_discovery:discover_packages(path) check parameters
[1.685s] Level 1:colcon.colcon_core.package_discovery:discover_packages(colcon_meta) discover
[1.685s] Level 1:colcon.colcon_core.package_discovery:discover_packages(recursive) discover
[1.685s] INFO:colcon.colcon_core.package_discovery:Crawling recursively for packages in '/home/qty/ros2_ws'
[1.685s] Level 1:colcon.colcon_core.package_identification:_identify(.) by extensions ['ignore', 'ignore_ament_install']
[1.685s] Level 1:colcon.colcon_core.package_identification:_identify(.) by extension 'ignore'
[1.685s] Level 1:colcon.colcon_core.package_identification:_identify(.) by extension 'ignore_ament_install'
[1.685s] Level 1:colcon.colcon_core.package_identification:_identify(.) by extensions ['colcon_pkg']
[1.685s] Level 1:colcon.colcon_core.package_identification:_identify(.) by extension 'colcon_pkg'
[1.685s] Level 1:colcon.colcon_core.package_identification:_identify(.) by extensions ['colcon_meta']
[1.685s] Level 1:colcon.colcon_core.package_identification:_identify(.) by extension 'colcon_meta'
[1.685s] Level 1:colcon.colcon_core.package_identification:_identify(.) by extensions ['ros']
[1.685s] Level 1:colcon.colcon_core.package_identification:_identify(.) by extension 'ros'
[1.693s] Level 1:colcon.colcon_core.package_identification:_identify(.) by extensions ['cmake', 'python']
[1.693s] Level 1:colcon.colcon_core.package_identification:_identify(.) by extension 'cmake'
[1.693s] Level 1:colcon.colcon_core.package_identification:_identify(.) by extension 'python'
[1.693s] Level 1:colcon.colcon_core.package_identification:_identify(.) by extensions ['python_setup_py']
[1.693s] Level 1:colcon.colcon_core.package_identification:_identify(.) by extension 'python_setup_py'
[1.693s] Level 1:colcon.colcon_core.package_identification:_identify(build) by extensions ['ignore', 'ignore_ament_install']
[1.693s] Level 1:colcon.colcon_core.package_identification:_identify(build) by extension 'ignore'
[1.693s] Level 1:colcon.colcon_core.package_identification:_identify(build) ignored
[1.693s] Level 1:colcon.colcon_core.package_identification:_identify(install) by extensions ['ignore', 'ignore_ament_install']
[1.693s] Level 1:colcon.colcon_core.package_identification:_identify(install) by extension 'ignore'
[1.693s] Level 1:colcon.colcon_core.package_identification:_identify(install) ignored
[1.693s] Level 1:colcon.colcon_core.package_identification:_identify(log) by extensions ['ignore', 'ignore_ament_install']
[1.693s] Level 1:colcon.colcon_core.package_identification:_identify(log) by extension 'ignore'
[1.693s] Level 1:colcon.colcon_core.package_identification:_identify(log) ignored
[1.694s] Level 1:colcon.colcon_core.package_identification:_identify(src) by extensions ['ignore', 'ignore_ament_install']
[1.694s] Level 1:colcon.colcon_core.package_identification:_identify(src) by extension 'ignore'
[1.694s] Level 1:colcon.colcon_core.package_identification:_identify(src) by extension 'ignore_ament_install'
[1.694s] Level 1:colcon.colcon_core.package_identification:_identify(src) by extensions ['colcon_pkg']
[1.694s] Level 1:colcon.colcon_core.package_identification:_identify(src) by extension 'colcon_pkg'
[1.694s] Level 1:colcon.colcon_core.package_identification:_identify(src) by extensions ['colcon_meta']
[1.694s] Level 1:colcon.colcon_core.package_identification:_identify(src) by extension 'colcon_meta'
[1.694s] Level 1:colcon.colcon_core.package_identification:_identify(src) by extensions ['ros']
[1.694s] Level 1:colcon.colcon_core.package_identification:_identify(src) by extension 'ros'
[1.694s] Level 1:colcon.colcon_core.package_identification:_identify(src) by extensions ['cmake', 'python']
[1.694s] Level 1:colcon.colcon_core.package_identification:_identify(src) by extension 'cmake'
[1.694s] Level 1:colcon.colcon_core.package_identification:_identify(src) by extension 'python'
[1.694s] Level 1:colcon.colcon_core.package_identification:_identify(src) by extensions ['python_setup_py']
[1.694s] Level 1:colcon.colcon_core.package_identification:_identify(src) by extension 'python_setup_py'
[1.694s] Level 1:colcon.colcon_core.package_identification:_identify(src/articubot_one) by extensions ['ignore', 'ignore_ament_install']
[1.694s] Level 1:colcon.colcon_core.package_identification:_identify(src/articubot_one) by extension 'ignore'
[1.694s] Level 1:colcon.colcon_core.package_identification:_identify(src/articubot_one) by extension 'ignore_ament_install'
[1.694s] Level 1:colcon.colcon_core.package_identification:_identify(src/articubot_one) by extensions ['colcon_pkg']
[1.694s] Level 1:colcon.colcon_core.package_identification:_identify(src/articubot_one) by extension 'colcon_pkg'
[1.694s] Level 1:colcon.colcon_core.package_identification:_identify(src/articubot_one) by extensions ['colcon_meta']
[1.694s] Level 1:colcon.colcon_core.package_identification:_identify(src/articubot_one) by extension 'colcon_meta'
[1.694s] Level 1:colcon.colcon_core.package_identification:_identify(src/articubot_one) by extensions ['ros']
[1.694s] Level 1:colcon.colcon_core.package_identification:_identify(src/articubot_one) by extension 'ros'
[1.696s] DEBUG:colcon.colcon_core.package_identification:Package 'src/articubot_one' with type 'ros.ament_cmake' and name 'articubot_one'
[1.696s] Level 1:colcon.colcon_core.package_identification:_identify(src/csm) by extensions ['ignore', 'ignore_ament_install']
[1.696s] Level 1:colcon.colcon_core.package_identification:_identify(src/csm) by extension 'ignore'
[1.696s] Level 1:colcon.colcon_core.package_identification:_identify(src/csm) by extension 'ignore_ament_install'
[1.696s] Level 1:colcon.colcon_core.package_identification:_identify(src/csm) by extensions ['colcon_pkg']
[1.696s] Level 1:colcon.colcon_core.package_identification:_identify(src/csm) by extension 'colcon_pkg'
[1.696s] Level 1:colcon.colcon_core.package_identification:_identify(src/csm) by extensions ['colcon_meta']
[1.696s] Level 1:colcon.colcon_core.package_identification:_identify(src/csm) by extension 'colcon_meta'
[1.696s] Level 1:colcon.colcon_core.package_identification:_identify(src/csm) by extensions ['ros']
[1.696s] Level 1:colcon.colcon_core.package_identification:_identify(src/csm) by extension 'ros'
[1.697s] DEBUG:colcon.colcon_core.package_identification:Package 'src/csm' with type 'ros.ament_cmake' and name 'csm'
[1.697s] Level 1:colcon.colcon_core.package_identification:_identify(src/hoverboard_controller) by extensions ['ignore', 'ignore_ament_install']
[1.697s] Level 1:colcon.colcon_core.package_identification:_identify(src/hoverboard_controller) by extension 'ignore'
[1.697s] Level 1:colcon.colcon_core.package_identification:_identify(src/hoverboard_controller) by extension 'ignore_ament_install'
[1.697s] Level 1:colcon.colcon_core.package_identification:_identify(src/hoverboard_controller) by extensions ['colcon_pkg']
[1.697s] Level 1:colcon.colcon_core.package_identification:_identify(src/hoverboard_controller) by extension 'colcon_pkg'
[1.697s] Level 1:colcon.colcon_core.package_identification:_identify(src/hoverboard_controller) by extensions ['colcon_meta']
[1.697s] Level 1:colcon.colcon_core.package_identification:_identify(src/hoverboard_controller) by extension 'colcon_meta'
[1.697s] Level 1:colcon.colcon_core.package_identification:_identify(src/hoverboard_controller) by extensions ['ros']
[1.697s] Level 1:colcon.colcon_core.package_identification:_identify(src/hoverboard_controller) by extension 'ros'
[1.697s] DEBUG:colcon.colcon_core.package_identification:Package 'src/hoverboard_controller' with type 'ros.ament_python' and name 'hoverboard_controller'
[1.697s] Level 1:colcon.colcon_core.package_identification:_identify(src/hoverboard_msgs) by extensions ['ignore', 'ignore_ament_install']
[1.697s] Level 1:colcon.colcon_core.package_identification:_identify(src/hoverboard_msgs) by extension 'ignore'
[1.697s] Level 1:colcon.colcon_core.package_identification:_identify(src/hoverboard_msgs) by extension 'ignore_ament_install'
[1.698s] Level 1:colcon.colcon_core.package_identification:_identify(src/hoverboard_msgs) by extensions ['colcon_pkg']
[1.698s] Level 1:colcon.colcon_core.package_identification:_identify(src/hoverboard_msgs) by extension 'colcon_pkg'
[1.698s] Level 1:colcon.colcon_core.package_identification:_identify(src/hoverboard_msgs) by extensions ['colcon_meta']
[1.698s] Level 1:colcon.colcon_core.package_identification:_identify(src/hoverboard_msgs) by extension 'colcon_meta'
[1.698s] Level 1:colcon.colcon_core.package_identification:_identify(src/hoverboard_msgs) by extensions ['ros']
[1.698s] Level 1:colcon.colcon_core.package_identification:_identify(src/hoverboard_msgs) by extension 'ros'
[1.698s] DEBUG:colcon.colcon_core.package_identification:Package 'src/hoverboard_msgs' with type 'ros.ament_cmake' and name 'hoverboard_msgs'
[1.698s] Level 1:colcon.colcon_core.package_identification:_identify(src/ros2_laser_scan_matcher) by extensions ['ignore', 'ignore_ament_install']
[1.698s] Level 1:colcon.colcon_core.package_identification:_identify(src/ros2_laser_scan_matcher) by extension 'ignore'
[1.698s] Level 1:colcon.colcon_core.package_identification:_identify(src/ros2_laser_scan_matcher) by extension 'ignore_ament_install'
[1.698s] Level 1:colcon.colcon_core.package_identification:_identify(src/ros2_laser_scan_matcher) by extensions ['colcon_pkg']
[1.698s] Level 1:colcon.colcon_core.package_identification:_identify(src/ros2_laser_scan_matcher) by extension 'colcon_pkg'
[1.698s] Level 1:colcon.colcon_core.package_identification:_identify(src/ros2_laser_scan_matcher) by extensions ['colcon_meta']
[1.698s] Level 1:colcon.colcon_core.package_identification:_identify(src/ros2_laser_scan_matcher) by extension 'colcon_meta'
[1.698s] Level 1:colcon.colcon_core.package_identification:_identify(src/ros2_laser_scan_matcher) by extensions ['ros']
[1.698s] Level 1:colcon.colcon_core.package_identification:_identify(src/ros2_laser_scan_matcher) by extension 'ros'
[1.699s] DEBUG:colcon.colcon_core.package_identification:Package 'src/ros2_laser_scan_matcher' with type 'ros.ament_cmake' and name 'ros2_laser_scan_matcher'
[1.699s] Level 1:colcon.colcon_core.package_identification:_identify(src/rplidar_ros2) by extensions ['ignore', 'ignore_ament_install']
[1.699s] Level 1:colcon.colcon_core.package_identification:_identify(src/rplidar_ros2) by extension 'ignore'
[1.699s] Level 1:colcon.colcon_core.package_identification:_identify(src/rplidar_ros2) by extension 'ignore_ament_install'
[1.699s] Level 1:colcon.colcon_core.package_identification:_identify(src/rplidar_ros2) by extensions ['colcon_pkg']
[1.699s] Level 1:colcon.colcon_core.package_identification:_identify(src/rplidar_ros2) by extension 'colcon_pkg'
[1.699s] Level 1:colcon.colcon_core.package_identification:_identify(src/rplidar_ros2) by extensions ['colcon_meta']
[1.699s] Level 1:colcon.colcon_core.package_identification:_identify(src/rplidar_ros2) by extension 'colcon_meta'
[1.699s] Level 1:colcon.colcon_core.package_identification:_identify(src/rplidar_ros2) by extensions ['ros']
[1.699s] Level 1:colcon.colcon_core.package_identification:_identify(src/rplidar_ros2) by extension 'ros'
[1.699s] DEBUG:colcon.colcon_core.package_identification:Package 'src/rplidar_ros2' with type 'ros.ament_cmake' and name 'rplidar_ros'
[1.700s] Level 1:colcon.colcon_core.package_identification:_identify(src/slam_toolbox) by extensions ['ignore', 'ignore_ament_install']
[1.700s] Level 1:colcon.colcon_core.package_identification:_identify(src/slam_toolbox) by extension 'ignore'
[1.700s] Level 1:colcon.colcon_core.package_identification:_identify(src/slam_toolbox) by extension 'ignore_ament_install'
[1.700s] Level 1:colcon.colcon_core.package_identification:_identify(src/slam_toolbox) by extensions ['colcon_pkg']
[1.700s] Level 1:colcon.colcon_core.package_identification:_identify(src/slam_toolbox) by extension 'colcon_pkg'
[1.700s] Level 1:colcon.colcon_core.package_identification:_identify(src/slam_toolbox) by extensions ['colcon_meta']
[1.700s] Level 1:colcon.colcon_core.package_identification:_identify(src/slam_toolbox) by extension 'colcon_meta'
[1.700s] Level 1:colcon.colcon_core.package_identification:_identify(src/slam_toolbox) by extensions ['ros']
[1.700s] Level 1:colcon.colcon_core.package_identification:_identify(src/slam_toolbox) by extension 'ros'
[1.701s] DEBUG:colcon.colcon_core.package_identification:Package 'src/slam_toolbox' with type 'ros.ament_cmake' and name 'slam_toolbox'
[1.701s] Level 1:colcon.colcon_core.package_discovery:discover_packages(recursive) using defaults
[1.701s] Level 1:colcon.colcon_core.package_discovery:discover_packages(ignore) discover
[1.701s] Level 1:colcon.colcon_core.package_discovery:discover_packages(ignore) using defaults
[1.701s] Level 1:colcon.colcon_core.package_discovery:discover_packages(path) discover
[1.701s] Level 1:colcon.colcon_core.package_discovery:discover_packages(path) using defaults
[1.796s] INFO:colcon.colcon_core.package_selection:Skipping not selected package 'articubot_one' in 'src/articubot_one'
[1.796s] INFO:colcon.colcon_core.package_selection:Skipping not selected package 'csm' in 'src/csm'
[1.796s] INFO:colcon.colcon_core.package_selection:Skipping not selected package 'rplidar_ros' in 'src/rplidar_ros2'
[1.796s] INFO:colcon.colcon_core.package_selection:Skipping not selected package 'slam_toolbox' in 'src/slam_toolbox'
[1.796s] INFO:colcon.colcon_core.package_selection:Skipping not selected package 'hoverboard_controller' in 'src/hoverboard_controller'
[1.796s] INFO:colcon.colcon_core.package_selection:Skipping not selected package 'ros2_laser_scan_matcher' in 'src/ros2_laser_scan_matcher'
[1.855s] Level 1:colcon.colcon_core.package_discovery:discover_packages(prefix_path) check parameters
[1.855s] Level 1:colcon.colcon_core.package_discovery:discover_packages(prefix_path) discover
[1.912s] DEBUG:colcon.colcon_installed_package_information.package_discovery:Found 26 installed packages in /home/qty/ros2_ws/install
[1.940s] DEBUG:colcon.colcon_installed_package_information.package_discovery:Found 303 installed packages in /opt/ros/foxy
[1.941s] Level 1:colcon.colcon_core.package_discovery:discover_packages(prefix_path) using defaults
[2.051s] Level 5:colcon.colcon_core.verb:set package 'hoverboard_msgs' build argument 'cmake_args' from command line to 'None'
[2.051s] Level 5:colcon.colcon_core.verb:set package 'hoverboard_msgs' build argument 'cmake_target' from command line to 'None'
[2.051s] Level 5:colcon.colcon_core.verb:set package 'hoverboard_msgs' build argument 'cmake_target_skip_unavailable' from command line to 'False'
[2.051s] Level 5:colcon.colcon_core.verb:set package 'hoverboard_msgs' build argument 'cmake_clean_cache' from command line to 'False'
[2.051s] Level 5:colcon.colcon_core.verb:set package 'hoverboard_msgs' build argument 'cmake_clean_first' from command line to 'False'
[2.051s] Level 5:colcon.colcon_core.verb:set package 'hoverboard_msgs' build argument 'cmake_force_configure' from command line to 'False'
[2.051s] Level 5:colcon.colcon_core.verb:set package 'hoverboard_msgs' build argument 'ament_cmake_args' from command line to 'None'
[2.051s] Level 5:colcon.colcon_core.verb:set package 'hoverboard_msgs' build argument 'catkin_cmake_args' from command line to 'None'
[2.051s] Level 5:colcon.colcon_core.verb:set package 'hoverboard_msgs' build argument 'catkin_skip_building_tests' from command line to 'False'
[2.051s] DEBUG:colcon.colcon_core.verb:Building package 'hoverboard_msgs' with the following arguments: {'ament_cmake_args': None, 'build_base': '/home/qty/ros2_ws/build/hoverboard_msgs', 'catkin_cmake_args': None, 'catkin_skip_building_tests': False, 'cmake_args': None, 'cmake_clean_cache': False, 'cmake_clean_first': False, 'cmake_force_configure': False, 'cmake_target': None, 'cmake_target_skip_unavailable': False, 'install_base': '/home/qty/ros2_ws/install/hoverboard_msgs', 'merge_install': False, 'path': '/home/qty/ros2_ws/src/hoverboard_msgs', 'symlink_install': False, 'test_result_base': None}
[2.078s] INFO:colcon.colcon_core.executor:Executing jobs using 'parallel' executor
[2.105s] DEBUG:colcon.colcon_parallel_executor.executor.parallel:run_until_complete
[2.105s] INFO:colcon.colcon_ros.task.ament_cmake.build:Building ROS package in '/home/qty/ros2_ws/src/hoverboard_msgs' with build type 'ament_cmake'
[2.106s] INFO:colcon.colcon_cmake.task.cmake.build:Building CMake package in '/home/qty/ros2_ws/src/hoverboard_msgs'
[2.135s] INFO:colcon.colcon_core.plugin_system:Skipping extension 'colcon_core.shell.bat': Not used on non-Windows systems
[2.135s] INFO:colcon.colcon_core.shell:Skip shell extension 'powershell' for command environment: Not usable outside of PowerShell
[2.135s] DEBUG:colcon.colcon_core.shell:Skip shell extension 'dsv' for command environment
[2.234s] DEBUG:colcon.colcon_core.event_handler.log_command:Invoking command in '/home/qty/ros2_ws/build/hoverboard_msgs': CMAKE_PREFIX_PATH=${CMAKE_PREFIX_PATH}:/home/qty/ros2_ws/install/hoverboard_controller:/home/qty/ros2_ws/install/hoverBoardController:/home/qty/ros2_ws/install/examples_rclpy_minimal_subscriber:/home/qty/ros2_ws/install/examples_rclpy_minimal_service:/home/qty/ros2_ws/install/examples_rclpy_minimal_publisher:/home/qty/ros2_ws/install/examples_rclpy_minimal_client:/home/qty/ros2_ws/install/examples_rclpy_minimal_action_server:/home/qty/ros2_ws/install/examples_rclpy_minimal_action_client:/home/qty/ros2_ws/install/examples_rclpy_executors:/opt/ros/foxy /usr/bin/cmake --build /home/qty/ros2_ws/build/hoverboard_msgs -- -j16 -l16
[2.951s] DEBUG:colcon.colcon_core.event_handler.log_command:Invoked command in '/home/qty/ros2_ws/build/hoverboard_msgs' returned '0': CMAKE_PREFIX_PATH=${CMAKE_PREFIX_PATH}:/home/qty/ros2_ws/install/hoverboard_controller:/home/qty/ros2_ws/install/hoverBoardController:/home/qty/ros2_ws/install/examples_rclpy_minimal_subscriber:/home/qty/ros2_ws/install/examples_rclpy_minimal_service:/home/qty/ros2_ws/install/examples_rclpy_minimal_publisher:/home/qty/ros2_ws/install/examples_rclpy_minimal_client:/home/qty/ros2_ws/install/examples_rclpy_minimal_action_server:/home/qty/ros2_ws/install/examples_rclpy_minimal_action_client:/home/qty/ros2_ws/install/examples_rclpy_executors:/opt/ros/foxy /usr/bin/cmake --build /home/qty/ros2_ws/build/hoverboard_msgs -- -j16 -l16
[3.001s] DEBUG:colcon.colcon_core.event_handler.log_command:Invoking command in '/home/qty/ros2_ws/build/hoverboard_msgs': CMAKE_PREFIX_PATH=${CMAKE_PREFIX_PATH}:/home/qty/ros2_ws/install/hoverboard_controller:/home/qty/ros2_ws/install/hoverBoardController:/home/qty/ros2_ws/install/examples_rclpy_minimal_subscriber:/home/qty/ros2_ws/install/examples_rclpy_minimal_service:/home/qty/ros2_ws/install/examples_rclpy_minimal_publisher:/home/qty/ros2_ws/install/examples_rclpy_minimal_client:/home/qty/ros2_ws/install/examples_rclpy_minimal_action_server:/home/qty/ros2_ws/install/examples_rclpy_minimal_action_client:/home/qty/ros2_ws/install/examples_rclpy_executors:/opt/ros/foxy /usr/bin/cmake --install /home/qty/ros2_ws/build/hoverboard_msgs
[3.046s] Level 1:colcon.colcon_core.environment:create_environment_scripts_only(hoverboard_msgs)
[3.046s] DEBUG:colcon.colcon_core.event_handler.log_command:Invoked command in '/home/qty/ros2_ws/build/hoverboard_msgs' returned '0': CMAKE_PREFIX_PATH=${CMAKE_PREFIX_PATH}:/home/qty/ros2_ws/install/hoverboard_controller:/home/qty/ros2_ws/install/hoverBoardController:/home/qty/ros2_ws/install/examples_rclpy_minimal_subscriber:/home/qty/ros2_ws/install/examples_rclpy_minimal_service:/home/qty/ros2_ws/install/examples_rclpy_minimal_publisher:/home/qty/ros2_ws/install/examples_rclpy_minimal_client:/home/qty/ros2_ws/install/examples_rclpy_minimal_action_server:/home/qty/ros2_ws/install/examples_rclpy_minimal_action_client:/home/qty/ros2_ws/install/examples_rclpy_executors:/opt/ros/foxy /usr/bin/cmake --install /home/qty/ros2_ws/build/hoverboard_msgs
[3.079s] Level 1:colcon.colcon_core.environment:checking '/home/qty/ros2_ws/install/hoverboard_msgs' for CMake module files
[3.080s] Level 1:colcon.colcon_core.environment:checking '/home/qty/ros2_ws/install/hoverboard_msgs' for CMake config files
[3.080s] Level 1:colcon.colcon_core.shell:create_environment_hook('hoverboard_msgs', 'cmake_prefix_path')
[3.109s] INFO:colcon.colcon_core.shell:Creating environment hook '/home/qty/ros2_ws/install/hoverboard_msgs/share/hoverboard_msgs/hook/cmake_prefix_path.ps1'
[3.109s] INFO:colcon.colcon_core.shell:Creating environment descriptor '/home/qty/ros2_ws/install/hoverboard_msgs/share/hoverboard_msgs/hook/cmake_prefix_path.dsv'
[3.110s] INFO:colcon.colcon_core.shell:Creating environment hook '/home/qty/ros2_ws/install/hoverboard_msgs/share/hoverboard_msgs/hook/cmake_prefix_path.sh'
[3.110s] Level 1:colcon.colcon_core.environment:checking '/home/qty/ros2_ws/install/hoverboard_msgs/lib'
[3.110s] Level 1:colcon.colcon_core.shell:create_environment_hook('hoverboard_msgs', 'ld_library_path_lib')
[3.139s] INFO:colcon.colcon_core.shell:Creating environment hook '/home/qty/ros2_ws/install/hoverboard_msgs/share/hoverboard_msgs/hook/ld_library_path_lib.ps1'
[3.139s] INFO:colcon.colcon_core.shell:Creating environment descriptor '/home/qty/ros2_ws/install/hoverboard_msgs/share/hoverboard_msgs/hook/ld_library_path_lib.dsv'
[3.139s] INFO:colcon.colcon_core.shell:Creating environment hook '/home/qty/ros2_ws/install/hoverboard_msgs/share/hoverboard_msgs/hook/ld_library_path_lib.sh'
[3.139s] Level 1:colcon.colcon_core.environment:checking '/home/qty/ros2_ws/install/hoverboard_msgs/bin'
[3.139s] Level 1:colcon.colcon_core.environment:checking '/home/qty/ros2_ws/install/hoverboard_msgs/lib/pkgconfig/hoverboard_msgs.pc'
[3.139s] Level 1:colcon.colcon_core.environment:checking '/home/qty/ros2_ws/install/hoverboard_msgs/lib/python3.8/site-packages'
[3.140s] Level 1:colcon.colcon_core.shell:create_environment_hook('hoverboard_msgs', 'pythonpath')
[3.167s] INFO:colcon.colcon_core.shell:Creating environment hook '/home/qty/ros2_ws/install/hoverboard_msgs/share/hoverboard_msgs/hook/pythonpath.ps1'
[3.168s] INFO:colcon.colcon_core.shell:Creating environment descriptor '/home/qty/ros2_ws/install/hoverboard_msgs/share/hoverboard_msgs/hook/pythonpath.dsv'
[3.168s] INFO:colcon.colcon_core.shell:Creating environment hook '/home/qty/ros2_ws/install/hoverboard_msgs/share/hoverboard_msgs/hook/pythonpath.sh'
[3.168s] Level 1:colcon.colcon_core.environment:checking '/home/qty/ros2_ws/install/hoverboard_msgs/bin'
[3.197s] INFO:colcon.colcon_core.shell:Creating package script '/home/qty/ros2_ws/install/hoverboard_msgs/share/hoverboard_msgs/package.ps1'
[3.198s] INFO:colcon.colcon_core.shell:Creating package descriptor '/home/qty/ros2_ws/install/hoverboard_msgs/share/hoverboard_msgs/package.dsv'
[3.198s] INFO:colcon.colcon_core.shell:Creating package script '/home/qty/ros2_ws/install/hoverboard_msgs/share/hoverboard_msgs/package.sh'
[3.198s] INFO:colcon.colcon_core.shell:Creating package script '/home/qty/ros2_ws/install/hoverboard_msgs/share/hoverboard_msgs/package.bash'
[3.199s] INFO:colcon.colcon_core.shell:Creating package script '/home/qty/ros2_ws/install/hoverboard_msgs/share/hoverboard_msgs/package.zsh'
[3.199s] Level 1:colcon.colcon_core.environment:create_file_with_runtime_dependencies(/home/qty/ros2_ws/install/hoverboard_msgs/share/colcon-core/packages/hoverboard_msgs)
[3.268s] Level 1:colcon.colcon_core.environment:create_environment_scripts_only(hoverboard_msgs)
[3.295s] Level 1:colcon.colcon_core.environment:checking '/home/qty/ros2_ws/install/hoverboard_msgs' for CMake module files
[3.296s] Level 1:colcon.colcon_core.environment:checking '/home/qty/ros2_ws/install/hoverboard_msgs' for CMake config files
[3.296s] Level 1:colcon.colcon_core.shell:create_environment_hook('hoverboard_msgs', 'cmake_prefix_path')
[3.323s] INFO:colcon.colcon_core.shell:Creating environment hook '/home/qty/ros2_ws/install/hoverboard_msgs/share/hoverboard_msgs/hook/cmake_prefix_path.ps1'
[3.324s] INFO:colcon.colcon_core.shell:Creating environment descriptor '/home/qty/ros2_ws/install/hoverboard_msgs/share/hoverboard_msgs/hook/cmake_prefix_path.dsv'
[3.324s] INFO:colcon.colcon_core.shell:Creating environment hook '/home/qty/ros2_ws/install/hoverboard_msgs/share/hoverboard_msgs/hook/cmake_prefix_path.sh'
[3.324s] Level 1:colcon.colcon_core.environment:checking '/home/qty/ros2_ws/install/hoverboard_msgs/lib'
[3.324s] Level 1:colcon.colcon_core.shell:create_environment_hook('hoverboard_msgs', 'ld_library_path_lib')
[3.352s] INFO:colcon.colcon_core.shell:Creating environment hook '/home/qty/ros2_ws/install/hoverboard_msgs/share/hoverboard_msgs/hook/ld_library_path_lib.ps1'
[3.352s] INFO:colcon.colcon_core.shell:Creating environment descriptor '/home/qty/ros2_ws/install/hoverboard_msgs/share/hoverboard_msgs/hook/ld_library_path_lib.dsv'
[3.352s] INFO:colcon.colcon_core.shell:Creating environment hook '/home/qty/ros2_ws/install/hoverboard_msgs/share/hoverboard_msgs/hook/ld_library_path_lib.sh'
[3.353s] Level 1:colcon.colcon_core.environment:checking '/home/qty/ros2_ws/install/hoverboard_msgs/bin'
[3.353s] Level 1:colcon.colcon_core.environment:checking '/home/qty/ros2_ws/install/hoverboard_msgs/lib/pkgconfig/hoverboard_msgs.pc'
[3.353s] Level 1:colcon.colcon_core.environment:checking '/home/qty/ros2_ws/install/hoverboard_msgs/lib/python3.8/site-packages'
[3.353s] Level 1:colcon.colcon_core.shell:create_environment_hook('hoverboard_msgs', 'pythonpath')
[3.381s] INFO:colcon.colcon_core.shell:Creating environment hook '/home/qty/ros2_ws/install/hoverboard_msgs/share/hoverboard_msgs/hook/pythonpath.ps1'
[3.381s] INFO:colcon.colcon_core.shell:Creating environment descriptor '/home/qty/ros2_ws/install/hoverboard_msgs/share/hoverboard_msgs/hook/pythonpath.dsv'
[3.381s] INFO:colcon.colcon_core.shell:Creating environment hook '/home/qty/ros2_ws/install/hoverboard_msgs/share/hoverboard_msgs/hook/pythonpath.sh'
[3.381s] Level 1:colcon.colcon_core.environment:checking '/home/qty/ros2_ws/install/hoverboard_msgs/bin'
[3.410s] INFO:colcon.colcon_core.shell:Creating package script '/home/qty/ros2_ws/install/hoverboard_msgs/share/hoverboard_msgs/package.ps1'
[3.410s] INFO:colcon.colcon_core.shell:Creating package descriptor '/home/qty/ros2_ws/install/hoverboard_msgs/share/hoverboard_msgs/package.dsv'
[3.410s] INFO:colcon.colcon_core.shell:Creating package script '/home/qty/ros2_ws/install/hoverboard_msgs/share/hoverboard_msgs/package.sh'
[3.411s] INFO:colcon.colcon_core.shell:Creating package script '/home/qty/ros2_ws/install/hoverboard_msgs/share/hoverboard_msgs/package.bash'
[3.411s] INFO:colcon.colcon_core.shell:Creating package script '/home/qty/ros2_ws/install/hoverboard_msgs/share/hoverboard_msgs/package.zsh'
[3.411s] Level 1:colcon.colcon_core.environment:create_file_with_runtime_dependencies(/home/qty/ros2_ws/install/hoverboard_msgs/share/colcon-core/packages/hoverboard_msgs)
[3.411s] DEBUG:colcon.colcon_parallel_executor.executor.parallel:closing loop
[3.411s] DEBUG:colcon.colcon_parallel_executor.executor.parallel:loop closed
[3.411s] DEBUG:colcon.colcon_parallel_executor.executor.parallel:run_until_complete finished with '0'
[3.412s] DEBUG:colcon.colcon_core.event_reactor:joining thread
[3.445s] INFO:colcon.colcon_core.plugin_system:Skipping extension 'colcon_notification.desktop_notification.terminal_notifier': Not used on non-Darwin systems
[3.445s] INFO:colcon.colcon_core.plugin_system:Skipping extension 'colcon_notification.desktop_notification.win32': Not used on non-Windows systems
[3.445s] INFO:colcon.colcon_notification.desktop_notification:Sending desktop notification using 'notify2'
[3.454s] DEBUG:colcon.colcon_core.event_reactor:joined thread
[3.483s] INFO:colcon.colcon_core.shell:Creating prefix script '/home/qty/ros2_ws/install/local_setup.ps1'
[3.483s] INFO:colcon.colcon_core.shell:Creating prefix util module '/home/qty/ros2_ws/install/_local_setup_util_ps1.py'
[3.484s] INFO:colcon.colcon_core.shell:Creating prefix chain script '/home/qty/ros2_ws/install/setup.ps1'
[3.513s] INFO:colcon.colcon_core.shell:Creating prefix script '/home/qty/ros2_ws/install/local_setup.sh'
[3.513s] INFO:colcon.colcon_core.shell:Creating prefix util module '/home/qty/ros2_ws/install/_local_setup_util_sh.py'
[3.513s] INFO:colcon.colcon_core.shell:Creating prefix chain script '/home/qty/ros2_ws/install/setup.sh'
[3.543s] INFO:colcon.colcon_core.shell:Creating prefix script '/home/qty/ros2_ws/install/local_setup.bash'
[3.543s] INFO:colcon.colcon_core.shell:Creating prefix chain script '/home/qty/ros2_ws/install/setup.bash'
[3.572s] INFO:colcon.colcon_core.shell:Creating prefix script '/home/qty/ros2_ws/install/local_setup.zsh'
[3.573s] INFO:colcon.colcon_core.shell:Creating prefix chain script '/home/qty/ros2_ws/install/setup.zsh'
