[1.145s] Invoking command in '/home/qty/ros2_ws/src/hoverBoardController': PYTHONPATH=/home/qty/ros2_ws/build/hoverBoardController/prefix_override:/home/qty/ros2_ws/install/hoverBoardController/lib/python3.8/site-packages:${PYTHONPATH} /usr/bin/python3 setup.py egg_info --egg-base ../../build/hoverBoardController build --build-base /home/qty/ros2_ws/build/hoverBoardController/build install --record /home/qty/ros2_ws/build/hoverBoardController/install.log --install-scripts $base/lib/hoverBoardController --single-version-externally-managed
[1.316s] running egg_info
[1.316s] writing ../../build/hoverBoardController/hoverBoardController.egg-info/PKG-INFO
[1.317s] writing dependency_links to ../../build/hoverBoardController/hoverBoardController.egg-info/dependency_links.txt
[1.317s] writing entry points to ../../build/hoverBoardController/hoverBoardController.egg-info/entry_points.txt
[1.317s] writing requirements to ../../build/hoverBoardController/hoverBoardController.egg-info/requires.txt
[1.317s] writing top-level names to ../../build/hoverBoardController/hoverBoardController.egg-info/top_level.txt
[1.343s] reading manifest file '../../build/hoverBoardController/hoverBoardController.egg-info/SOURCES.txt'
[1.344s] writing manifest file '../../build/hoverBoardController/hoverBoardController.egg-info/SOURCES.txt'
[1.345s] running build
[1.345s] running build_py
[1.345s] running install
[1.345s] running install_lib
[1.346s] running install_data
[1.346s] running install_egg_info
[1.348s] removing '/home/qty/ros2_ws/install/hoverBoardController/lib/python3.8/site-packages/hoverBoardController-0.0.0-py3.8.egg-info' (and everything under it)
[1.349s] Copying ../../build/hoverBoardController/hoverBoardController.egg-info to /home/qty/ros2_ws/install/hoverBoardController/lib/python3.8/site-packages/hoverBoardController-0.0.0-py3.8.egg-info
[1.349s] running install_scripts
[1.363s] writing list of installed files to '/home/qty/ros2_ws/build/hoverBoardController/install.log'
[1.575s] Invoked command in '/home/qty/ros2_ws/src/hoverBoardController' returned '0': PYTHONPATH=/home/qty/ros2_ws/build/hoverBoardController/prefix_override:/home/qty/ros2_ws/install/hoverBoardController/lib/python3.8/site-packages:${PYTHONPATH} /usr/bin/python3 setup.py egg_info --egg-base ../../build/hoverBoardController build --build-base /home/qty/ros2_ws/build/hoverBoardController/build install --record /home/qty/ros2_ws/build/hoverBoardController/install.log --install-scripts $base/lib/hoverBoardController --single-version-externally-managed
