[1.541s] DEBUG:colcon:Command line arguments: ['/usr/bin/colcon', 'build', '--symlink-install']
[1.541s] DEBUG:colcon:Parsed command line arguments: Namespace(allow_overriding=[], ament_cmake_args=None, base_paths=['.'], build_base='build', catkin_cmake_args=None, catkin_skip_building_tests=False, cmake_args=None, cmake_clean_cache=False, cmake_clean_first=False, cmake_force_configure=False, cmake_target=None, cmake_target_skip_unavailable=False, continue_on_error=False, event_handlers=None, executor='parallel', ignore_user_meta=False, install_base='install', log_base=None, log_level=None, main=<bound method BuildVerb.main of <colcon_core.verb.build.BuildVerb object at 0x7f96d36782e0>>, merge_install=False, metas=['./colcon.meta'], packages_above=None, packages_above_and_dependencies=None, packages_above_depth=None, packages_end=None, packages_ignore=None, packages_ignore_regex=None, packages_select=None, packages_select_build_failed=False, packages_select_by_dep=None, packages_select_regex=None, packages_select_test_failures=False, packages_skip=None, packages_skip_build_finished=False, packages_skip_by_dep=None, packages_skip_regex=None, packages_skip_test_passed=False, packages_skip_up_to=None, packages_start=None, packages_up_to=None, packages_up_to_regex=None, parallel_workers=16, paths=None, symlink_install=True, test_result_base=None, verb_extension=<colcon_core.verb.build.BuildVerb object at 0x7f96d36782e0>, verb_name='build', verb_parser=<colcon_defaults.argument_parser.defaults.DefaultArgumentsDecorator object at 0x7f96d32c7cd0>)
[1.607s] Level 1:colcon.colcon_core.package_discovery:discover_packages(colcon_meta) check parameters
[1.607s] Level 1:colcon.colcon_core.package_discovery:discover_packages(recursive) check parameters
[1.607s] Level 1:colcon.colcon_core.package_discovery:discover_packages(ignore) check parameters
[1.607s] Level 1:colcon.colcon_core.package_discovery:discover_packages(path) check parameters
[1.607s] Level 1:colcon.colcon_core.package_discovery:discover_packages(colcon_meta) discover
[1.607s] Level 1:colcon.colcon_core.package_discovery:discover_packages(recursive) discover
[1.607s] INFO:colcon.colcon_core.package_discovery:Crawling recursively for packages in '/home/qty/ros2_ws'
[1.607s] Level 1:colcon.colcon_core.package_identification:_identify(.) by extensions ['ignore', 'ignore_ament_install']
[1.607s] Level 1:colcon.colcon_core.package_identification:_identify(.) by extension 'ignore'
[1.607s] Level 1:colcon.colcon_core.package_identification:_identify(.) by extension 'ignore_ament_install'
[1.608s] Level 1:colcon.colcon_core.package_identification:_identify(.) by extensions ['colcon_pkg']
[1.608s] Level 1:colcon.colcon_core.package_identification:_identify(.) by extension 'colcon_pkg'
[1.608s] Level 1:colcon.colcon_core.package_identification:_identify(.) by extensions ['colcon_meta']
[1.608s] Level 1:colcon.colcon_core.package_identification:_identify(.) by extension 'colcon_meta'
[1.608s] Level 1:colcon.colcon_core.package_identification:_identify(.) by extensions ['ros']
[1.608s] Level 1:colcon.colcon_core.package_identification:_identify(.) by extension 'ros'
[1.614s] Level 1:colcon.colcon_core.package_identification:_identify(.) by extensions ['cmake', 'python']
[1.615s] Level 1:colcon.colcon_core.package_identification:_identify(.) by extension 'cmake'
[1.615s] Level 1:colcon.colcon_core.package_identification:_identify(.) by extension 'python'
[1.615s] Level 1:colcon.colcon_core.package_identification:_identify(.) by extensions ['python_setup_py']
[1.615s] Level 1:colcon.colcon_core.package_identification:_identify(.) by extension 'python_setup_py'
[1.615s] Level 1:colcon.colcon_core.package_identification:_identify(build) by extensions ['ignore', 'ignore_ament_install']
[1.615s] Level 1:colcon.colcon_core.package_identification:_identify(build) by extension 'ignore'
[1.615s] Level 1:colcon.colcon_core.package_identification:_identify(build) ignored
[1.615s] Level 1:colcon.colcon_core.package_identification:_identify(install) by extensions ['ignore', 'ignore_ament_install']
[1.615s] Level 1:colcon.colcon_core.package_identification:_identify(install) by extension 'ignore'
[1.615s] Level 1:colcon.colcon_core.package_identification:_identify(install) ignored
[1.615s] Level 1:colcon.colcon_core.package_identification:_identify(log) by extensions ['ignore', 'ignore_ament_install']
[1.615s] Level 1:colcon.colcon_core.package_identification:_identify(log) by extension 'ignore'
[1.615s] Level 1:colcon.colcon_core.package_identification:_identify(log) ignored
[1.615s] Level 1:colcon.colcon_core.package_identification:_identify(src) by extensions ['ignore', 'ignore_ament_install']
[1.615s] Level 1:colcon.colcon_core.package_identification:_identify(src) by extension 'ignore'
[1.615s] Level 1:colcon.colcon_core.package_identification:_identify(src) by extension 'ignore_ament_install'
[1.615s] Level 1:colcon.colcon_core.package_identification:_identify(src) by extensions ['colcon_pkg']
[1.615s] Level 1:colcon.colcon_core.package_identification:_identify(src) by extension 'colcon_pkg'
[1.615s] Level 1:colcon.colcon_core.package_identification:_identify(src) by extensions ['colcon_meta']
[1.615s] Level 1:colcon.colcon_core.package_identification:_identify(src) by extension 'colcon_meta'
[1.615s] Level 1:colcon.colcon_core.package_identification:_identify(src) by extensions ['ros']
[1.615s] Level 1:colcon.colcon_core.package_identification:_identify(src) by extension 'ros'
[1.616s] Level 1:colcon.colcon_core.package_identification:_identify(src) by extensions ['cmake', 'python']
[1.616s] Level 1:colcon.colcon_core.package_identification:_identify(src) by extension 'cmake'
[1.616s] Level 1:colcon.colcon_core.package_identification:_identify(src) by extension 'python'
[1.616s] Level 1:colcon.colcon_core.package_identification:_identify(src) by extensions ['python_setup_py']
[1.616s] Level 1:colcon.colcon_core.package_identification:_identify(src) by extension 'python_setup_py'
[1.616s] Level 1:colcon.colcon_core.package_identification:_identify(src/csm) by extensions ['ignore', 'ignore_ament_install']
[1.616s] Level 1:colcon.colcon_core.package_identification:_identify(src/csm) by extension 'ignore'
[1.616s] Level 1:colcon.colcon_core.package_identification:_identify(src/csm) by extension 'ignore_ament_install'
[1.616s] Level 1:colcon.colcon_core.package_identification:_identify(src/csm) by extensions ['colcon_pkg']
[1.616s] Level 1:colcon.colcon_core.package_identification:_identify(src/csm) by extension 'colcon_pkg'
[1.616s] Level 1:colcon.colcon_core.package_identification:_identify(src/csm) by extensions ['colcon_meta']
[1.616s] Level 1:colcon.colcon_core.package_identification:_identify(src/csm) by extension 'colcon_meta'
[1.616s] Level 1:colcon.colcon_core.package_identification:_identify(src/csm) by extensions ['ros']
[1.616s] Level 1:colcon.colcon_core.package_identification:_identify(src/csm) by extension 'ros'
[1.618s] DEBUG:colcon.colcon_core.package_identification:Package 'src/csm' with type 'ros.ament_cmake' and name 'csm'
[1.618s] Level 1:colcon.colcon_core.package_identification:_identify(src/ros2_laser_scan_matcher) by extensions ['ignore', 'ignore_ament_install']
[1.618s] Level 1:colcon.colcon_core.package_identification:_identify(src/ros2_laser_scan_matcher) by extension 'ignore'
[1.618s] Level 1:colcon.colcon_core.package_identification:_identify(src/ros2_laser_scan_matcher) by extension 'ignore_ament_install'
[1.618s] Level 1:colcon.colcon_core.package_identification:_identify(src/ros2_laser_scan_matcher) by extensions ['colcon_pkg']
[1.618s] Level 1:colcon.colcon_core.package_identification:_identify(src/ros2_laser_scan_matcher) by extension 'colcon_pkg'
[1.618s] Level 1:colcon.colcon_core.package_identification:_identify(src/ros2_laser_scan_matcher) by extensions ['colcon_meta']
[1.618s] Level 1:colcon.colcon_core.package_identification:_identify(src/ros2_laser_scan_matcher) by extension 'colcon_meta'
[1.618s] Level 1:colcon.colcon_core.package_identification:_identify(src/ros2_laser_scan_matcher) by extensions ['ros']
[1.618s] Level 1:colcon.colcon_core.package_identification:_identify(src/ros2_laser_scan_matcher) by extension 'ros'
[1.618s] DEBUG:colcon.colcon_core.package_identification:Package 'src/ros2_laser_scan_matcher' with type 'ros.ament_cmake' and name 'ros2_laser_scan_matcher'
[1.618s] Level 1:colcon.colcon_core.package_discovery:discover_packages(recursive) using defaults
[1.618s] Level 1:colcon.colcon_core.package_discovery:discover_packages(ignore) discover
[1.618s] Level 1:colcon.colcon_core.package_discovery:discover_packages(ignore) using defaults
[1.618s] Level 1:colcon.colcon_core.package_discovery:discover_packages(path) discover
[1.618s] Level 1:colcon.colcon_core.package_discovery:discover_packages(path) using defaults
[1.765s] Level 1:colcon.colcon_core.package_discovery:discover_packages(prefix_path) check parameters
[1.765s] Level 1:colcon.colcon_core.package_discovery:discover_packages(prefix_path) discover
[1.819s] DEBUG:colcon.colcon_installed_package_information.package_discovery:Found 17 installed packages in /home/qty/ros2_ws/install
[1.846s] DEBUG:colcon.colcon_installed_package_information.package_discovery:Found 263 installed packages in /opt/ros/foxy
[1.848s] Level 1:colcon.colcon_core.package_discovery:discover_packages(prefix_path) using defaults
[1.952s] Level 5:colcon.colcon_core.verb:set package 'csm' build argument 'cmake_args' from command line to 'None'
[1.952s] Level 5:colcon.colcon_core.verb:set package 'csm' build argument 'cmake_target' from command line to 'None'
[1.952s] Level 5:colcon.colcon_core.verb:set package 'csm' build argument 'cmake_target_skip_unavailable' from command line to 'False'
[1.952s] Level 5:colcon.colcon_core.verb:set package 'csm' build argument 'cmake_clean_cache' from command line to 'False'
[1.952s] Level 5:colcon.colcon_core.verb:set package 'csm' build argument 'cmake_clean_first' from command line to 'False'
[1.952s] Level 5:colcon.colcon_core.verb:set package 'csm' build argument 'cmake_force_configure' from command line to 'False'
[1.952s] Level 5:colcon.colcon_core.verb:set package 'csm' build argument 'ament_cmake_args' from command line to 'None'
[1.952s] Level 5:colcon.colcon_core.verb:set package 'csm' build argument 'catkin_cmake_args' from command line to 'None'
[1.952s] Level 5:colcon.colcon_core.verb:set package 'csm' build argument 'catkin_skip_building_tests' from command line to 'False'
[1.952s] DEBUG:colcon.colcon_core.verb:Building package 'csm' with the following arguments: {'ament_cmake_args': None, 'build_base': '/home/qty/ros2_ws/build/csm', 'catkin_cmake_args': None, 'catkin_skip_building_tests': False, 'cmake_args': None, 'cmake_clean_cache': False, 'cmake_clean_first': False, 'cmake_force_configure': False, 'cmake_target': None, 'cmake_target_skip_unavailable': False, 'install_base': '/home/qty/ros2_ws/install/csm', 'merge_install': False, 'path': '/home/qty/ros2_ws/src/csm', 'symlink_install': True, 'test_result_base': None}
[1.978s] Level 5:colcon.colcon_core.verb:set package 'ros2_laser_scan_matcher' build argument 'cmake_args' from command line to 'None'
[1.979s] Level 5:colcon.colcon_core.verb:set package 'ros2_laser_scan_matcher' build argument 'cmake_target' from command line to 'None'
[1.979s] Level 5:colcon.colcon_core.verb:set package 'ros2_laser_scan_matcher' build argument 'cmake_target_skip_unavailable' from command line to 'False'
[1.979s] Level 5:colcon.colcon_core.verb:set package 'ros2_laser_scan_matcher' build argument 'cmake_clean_cache' from command line to 'False'
[1.979s] Level 5:colcon.colcon_core.verb:set package 'ros2_laser_scan_matcher' build argument 'cmake_clean_first' from command line to 'False'
[1.979s] Level 5:colcon.colcon_core.verb:set package 'ros2_laser_scan_matcher' build argument 'cmake_force_configure' from command line to 'False'
[1.979s] Level 5:colcon.colcon_core.verb:set package 'ros2_laser_scan_matcher' build argument 'ament_cmake_args' from command line to 'None'
[1.979s] Level 5:colcon.colcon_core.verb:set package 'ros2_laser_scan_matcher' build argument 'catkin_cmake_args' from command line to 'None'
[1.979s] Level 5:colcon.colcon_core.verb:set package 'ros2_laser_scan_matcher' build argument 'catkin_skip_building_tests' from command line to 'False'
[1.979s] DEBUG:colcon.colcon_core.verb:Building package 'ros2_laser_scan_matcher' with the following arguments: {'ament_cmake_args': None, 'build_base': '/home/qty/ros2_ws/build/ros2_laser_scan_matcher', 'catkin_cmake_args': None, 'catkin_skip_building_tests': False, 'cmake_args': None, 'cmake_clean_cache': False, 'cmake_clean_first': False, 'cmake_force_configure': False, 'cmake_target': None, 'cmake_target_skip_unavailable': False, 'install_base': '/home/qty/ros2_ws/install/ros2_laser_scan_matcher', 'merge_install': False, 'path': '/home/qty/ros2_ws/src/ros2_laser_scan_matcher', 'symlink_install': True, 'test_result_base': None}
[2.005s] INFO:colcon.colcon_core.executor:Executing jobs using 'parallel' executor
[2.032s] DEBUG:colcon.colcon_parallel_executor.executor.parallel:run_until_complete
[2.032s] INFO:colcon.colcon_ros.task.ament_cmake.build:Building ROS package in '/home/qty/ros2_ws/src/csm' with build type 'ament_cmake'
[2.032s] INFO:colcon.colcon_cmake.task.cmake.build:Building CMake package in '/home/qty/ros2_ws/src/csm'
[2.066s] INFO:colcon.colcon_core.plugin_system:Skipping extension 'colcon_core.shell.bat': Not used on non-Windows systems
[2.067s] INFO:colcon.colcon_core.shell:Skip shell extension 'powershell' for command environment: Not usable outside of PowerShell
[2.067s] DEBUG:colcon.colcon_core.shell:Skip shell extension 'dsv' for command environment
[2.154s] DEBUG:colcon.colcon_core.event_handler.log_command:Invoking command in '/home/qty/ros2_ws/build/csm': CMAKE_PREFIX_PATH=${CMAKE_PREFIX_PATH}:/home/qty/ros2_ws/install/examples_rclpy_minimal_subscriber:/home/qty/ros2_ws/install/examples_rclpy_minimal_service:/home/qty/ros2_ws/install/examples_rclpy_minimal_publisher:/home/qty/ros2_ws/install/examples_rclpy_minimal_client:/home/qty/ros2_ws/install/examples_rclpy_minimal_action_server:/home/qty/ros2_ws/install/examples_rclpy_minimal_action_client:/home/qty/ros2_ws/install/examples_rclpy_executors:/opt/ros/foxy /usr/bin/cmake /home/qty/ros2_ws/src/csm -DAMENT_CMAKE_SYMLINK_INSTALL=1 -DCMAKE_INSTALL_PREFIX=/home/qty/ros2_ws/install/csm
[3.266s] DEBUG:colcon.colcon_core.event_handler.log_command:Invoked command in '/home/qty/ros2_ws/build/csm' returned '0': CMAKE_PREFIX_PATH=${CMAKE_PREFIX_PATH}:/home/qty/ros2_ws/install/examples_rclpy_minimal_subscriber:/home/qty/ros2_ws/install/examples_rclpy_minimal_service:/home/qty/ros2_ws/install/examples_rclpy_minimal_publisher:/home/qty/ros2_ws/install/examples_rclpy_minimal_client:/home/qty/ros2_ws/install/examples_rclpy_minimal_action_server:/home/qty/ros2_ws/install/examples_rclpy_minimal_action_client:/home/qty/ros2_ws/install/examples_rclpy_executors:/opt/ros/foxy /usr/bin/cmake /home/qty/ros2_ws/src/csm -DAMENT_CMAKE_SYMLINK_INSTALL=1 -DCMAKE_INSTALL_PREFIX=/home/qty/ros2_ws/install/csm
[3.267s] DEBUG:colcon.colcon_core.event_handler.log_command:Invoking command in '/home/qty/ros2_ws/build/csm': CMAKE_PREFIX_PATH=${CMAKE_PREFIX_PATH}:/home/qty/ros2_ws/install/examples_rclpy_minimal_subscriber:/home/qty/ros2_ws/install/examples_rclpy_minimal_service:/home/qty/ros2_ws/install/examples_rclpy_minimal_publisher:/home/qty/ros2_ws/install/examples_rclpy_minimal_client:/home/qty/ros2_ws/install/examples_rclpy_minimal_action_server:/home/qty/ros2_ws/install/examples_rclpy_minimal_action_client:/home/qty/ros2_ws/install/examples_rclpy_executors:/opt/ros/foxy /usr/bin/cmake --build /home/qty/ros2_ws/build/csm -- -j16 -l16
[9.992s] DEBUG:colcon.colcon_core.event_handler.log_command:Invoked command in '/home/qty/ros2_ws/build/csm' returned '0': CMAKE_PREFIX_PATH=${CMAKE_PREFIX_PATH}:/home/qty/ros2_ws/install/examples_rclpy_minimal_subscriber:/home/qty/ros2_ws/install/examples_rclpy_minimal_service:/home/qty/ros2_ws/install/examples_rclpy_minimal_publisher:/home/qty/ros2_ws/install/examples_rclpy_minimal_client:/home/qty/ros2_ws/install/examples_rclpy_minimal_action_server:/home/qty/ros2_ws/install/examples_rclpy_minimal_action_client:/home/qty/ros2_ws/install/examples_rclpy_executors:/opt/ros/foxy /usr/bin/cmake --build /home/qty/ros2_ws/build/csm -- -j16 -l16
[10.031s] DEBUG:colcon.colcon_core.event_handler.log_command:Invoking command in '/home/qty/ros2_ws/build/csm': CMAKE_PREFIX_PATH=${CMAKE_PREFIX_PATH}:/home/qty/ros2_ws/install/examples_rclpy_minimal_subscriber:/home/qty/ros2_ws/install/examples_rclpy_minimal_service:/home/qty/ros2_ws/install/examples_rclpy_minimal_publisher:/home/qty/ros2_ws/install/examples_rclpy_minimal_client:/home/qty/ros2_ws/install/examples_rclpy_minimal_action_server:/home/qty/ros2_ws/install/examples_rclpy_minimal_action_client:/home/qty/ros2_ws/install/examples_rclpy_executors:/opt/ros/foxy /usr/bin/cmake --install /home/qty/ros2_ws/build/csm
[10.185s] Level 1:colcon.colcon_core.environment:create_environment_scripts_only(csm)
[10.185s] DEBUG:colcon.colcon_core.event_handler.log_command:Invoked command in '/home/qty/ros2_ws/build/csm' returned '0': CMAKE_PREFIX_PATH=${CMAKE_PREFIX_PATH}:/home/qty/ros2_ws/install/examples_rclpy_minimal_subscriber:/home/qty/ros2_ws/install/examples_rclpy_minimal_service:/home/qty/ros2_ws/install/examples_rclpy_minimal_publisher:/home/qty/ros2_ws/install/examples_rclpy_minimal_client:/home/qty/ros2_ws/install/examples_rclpy_minimal_action_server:/home/qty/ros2_ws/install/examples_rclpy_minimal_action_client:/home/qty/ros2_ws/install/examples_rclpy_executors:/opt/ros/foxy /usr/bin/cmake --install /home/qty/ros2_ws/build/csm
[10.214s] Level 1:colcon.colcon_core.environment:checking '/home/qty/ros2_ws/install/csm' for CMake module files
[10.214s] Level 1:colcon.colcon_core.environment:checking '/home/qty/ros2_ws/install/csm' for CMake config files
[10.215s] Level 1:colcon.colcon_core.shell:create_environment_hook('csm', 'cmake_prefix_path')
[10.242s] INFO:colcon.colcon_core.shell:Creating environment hook '/home/qty/ros2_ws/install/csm/share/csm/hook/cmake_prefix_path.ps1'
[10.242s] INFO:colcon.colcon_core.shell:Creating environment descriptor '/home/qty/ros2_ws/install/csm/share/csm/hook/cmake_prefix_path.dsv'
[10.242s] INFO:colcon.colcon_core.shell:Creating environment hook '/home/qty/ros2_ws/install/csm/share/csm/hook/cmake_prefix_path.sh'
[10.243s] Level 1:colcon.colcon_core.environment:checking '/home/qty/ros2_ws/install/csm/lib'
[10.243s] Level 1:colcon.colcon_core.shell:create_environment_hook('csm', 'ld_library_path_lib')
[10.270s] INFO:colcon.colcon_core.shell:Creating environment hook '/home/qty/ros2_ws/install/csm/share/csm/hook/ld_library_path_lib.ps1'
[10.271s] INFO:colcon.colcon_core.shell:Creating environment descriptor '/home/qty/ros2_ws/install/csm/share/csm/hook/ld_library_path_lib.dsv'
[10.271s] INFO:colcon.colcon_core.shell:Creating environment hook '/home/qty/ros2_ws/install/csm/share/csm/hook/ld_library_path_lib.sh'
[10.271s] Level 1:colcon.colcon_core.environment:checking '/home/qty/ros2_ws/install/csm/bin'
[10.271s] Level 1:colcon.colcon_core.environment:checking '/home/qty/ros2_ws/install/csm/lib/pkgconfig/csm.pc'
[10.271s] Level 1:colcon.colcon_core.environment:checking '/home/qty/ros2_ws/install/csm/lib/python3.8/site-packages'
[10.271s] Level 1:colcon.colcon_core.environment:checking '/home/qty/ros2_ws/install/csm/bin'
[10.298s] INFO:colcon.colcon_core.shell:Creating package script '/home/qty/ros2_ws/install/csm/share/csm/package.ps1'
[10.299s] INFO:colcon.colcon_core.shell:Creating package descriptor '/home/qty/ros2_ws/install/csm/share/csm/package.dsv'
[10.299s] INFO:colcon.colcon_core.shell:Creating package script '/home/qty/ros2_ws/install/csm/share/csm/package.sh'
[10.300s] INFO:colcon.colcon_core.shell:Creating package script '/home/qty/ros2_ws/install/csm/share/csm/package.bash'
[10.300s] INFO:colcon.colcon_core.shell:Creating package script '/home/qty/ros2_ws/install/csm/share/csm/package.zsh'
[10.301s] Level 1:colcon.colcon_core.environment:create_file_with_runtime_dependencies(/home/qty/ros2_ws/install/csm/share/colcon-core/packages/csm)
[10.362s] Level 1:colcon.colcon_core.environment:create_environment_scripts_only(csm)
[10.389s] Level 1:colcon.colcon_core.environment:checking '/home/qty/ros2_ws/install/csm' for CMake module files
[10.389s] Level 1:colcon.colcon_core.environment:checking '/home/qty/ros2_ws/install/csm' for CMake config files
[10.390s] Level 1:colcon.colcon_core.shell:create_environment_hook('csm', 'cmake_prefix_path')
[10.416s] INFO:colcon.colcon_core.shell:Creating environment hook '/home/qty/ros2_ws/install/csm/share/csm/hook/cmake_prefix_path.ps1'
[10.417s] INFO:colcon.colcon_core.shell:Creating environment descriptor '/home/qty/ros2_ws/install/csm/share/csm/hook/cmake_prefix_path.dsv'
[10.417s] INFO:colcon.colcon_core.shell:Creating environment hook '/home/qty/ros2_ws/install/csm/share/csm/hook/cmake_prefix_path.sh'
[10.417s] Level 1:colcon.colcon_core.environment:checking '/home/qty/ros2_ws/install/csm/lib'
[10.417s] Level 1:colcon.colcon_core.shell:create_environment_hook('csm', 'ld_library_path_lib')
[10.444s] INFO:colcon.colcon_core.shell:Creating environment hook '/home/qty/ros2_ws/install/csm/share/csm/hook/ld_library_path_lib.ps1'
[10.444s] INFO:colcon.colcon_core.shell:Creating environment descriptor '/home/qty/ros2_ws/install/csm/share/csm/hook/ld_library_path_lib.dsv'
[10.444s] INFO:colcon.colcon_core.shell:Creating environment hook '/home/qty/ros2_ws/install/csm/share/csm/hook/ld_library_path_lib.sh'
[10.445s] Level 1:colcon.colcon_core.environment:checking '/home/qty/ros2_ws/install/csm/bin'
[10.445s] Level 1:colcon.colcon_core.environment:checking '/home/qty/ros2_ws/install/csm/lib/pkgconfig/csm.pc'
[10.445s] Level 1:colcon.colcon_core.environment:checking '/home/qty/ros2_ws/install/csm/lib/python3.8/site-packages'
[10.445s] Level 1:colcon.colcon_core.environment:checking '/home/qty/ros2_ws/install/csm/bin'
[10.472s] INFO:colcon.colcon_core.shell:Creating package script '/home/qty/ros2_ws/install/csm/share/csm/package.ps1'
[10.472s] INFO:colcon.colcon_core.shell:Creating package descriptor '/home/qty/ros2_ws/install/csm/share/csm/package.dsv'
[10.472s] INFO:colcon.colcon_core.shell:Creating package script '/home/qty/ros2_ws/install/csm/share/csm/package.sh'
[10.473s] INFO:colcon.colcon_core.shell:Creating package script '/home/qty/ros2_ws/install/csm/share/csm/package.bash'
[10.473s] INFO:colcon.colcon_core.shell:Creating package script '/home/qty/ros2_ws/install/csm/share/csm/package.zsh'
[10.473s] Level 1:colcon.colcon_core.environment:create_file_with_runtime_dependencies(/home/qty/ros2_ws/install/csm/share/colcon-core/packages/csm)
[10.474s] INFO:colcon.colcon_ros.task.ament_cmake.build:Building ROS package in '/home/qty/ros2_ws/src/ros2_laser_scan_matcher' with build type 'ament_cmake'
[10.474s] INFO:colcon.colcon_cmake.task.cmake.build:Building CMake package in '/home/qty/ros2_ws/src/ros2_laser_scan_matcher'
[10.502s] INFO:colcon.colcon_core.shell:Skip shell extension 'powershell' for command environment: Not usable outside of PowerShell
[10.502s] DEBUG:colcon.colcon_core.shell:Skip shell extension 'dsv' for command environment
[10.591s] DEBUG:colcon.colcon_core.event_handler.log_command:Invoking command in '/home/qty/ros2_ws/build/ros2_laser_scan_matcher': AMENT_PREFIX_PATH=/home/qty/ros2_ws/install/csm:${AMENT_PREFIX_PATH} CMAKE_PREFIX_PATH=/home/qty/ros2_ws/install/csm:/home/qty/ros2_ws/install/turtlesim:/home/qty/ros2_ws/install/examples_rclcpp_multithreaded_executor:/home/qty/ros2_ws/install/examples_rclcpp_minimal_timer:/home/qty/ros2_ws/install/examples_rclcpp_minimal_subscriber:/home/qty/ros2_ws/install/examples_rclcpp_minimal_service:/home/qty/ros2_ws/install/examples_rclcpp_minimal_publisher:/home/qty/ros2_ws/install/examples_rclcpp_minimal_composition:/home/qty/ros2_ws/install/examples_rclcpp_minimal_client:/home/qty/ros2_ws/install/examples_rclcpp_minimal_action_server:/home/qty/ros2_ws/install/examples_rclcpp_minimal_action_client:/home/qty/ros2_ws/install/examples_rclpy_minimal_subscriber:/home/qty/ros2_ws/install/examples_rclpy_minimal_service:/home/qty/ros2_ws/install/examples_rclpy_minimal_publisher:/home/qty/ros2_ws/install/examples_rclpy_minimal_client:/home/qty/ros2_ws/install/examples_rclpy_minimal_action_server:/home/qty/ros2_ws/install/examples_rclpy_minimal_action_client:/home/qty/ros2_ws/install/examples_rclpy_executors:/opt/ros/foxy LD_LIBRARY_PATH=/home/qty/ros2_ws/install/csm/lib:${LD_LIBRARY_PATH} /usr/bin/cmake /home/qty/ros2_ws/src/ros2_laser_scan_matcher -DAMENT_CMAKE_SYMLINK_INSTALL=1 -DCMAKE_INSTALL_PREFIX=/home/qty/ros2_ws/install/ros2_laser_scan_matcher
[12.114s] DEBUG:colcon.colcon_core.event_handler.log_command:Invoked command in '/home/qty/ros2_ws/build/ros2_laser_scan_matcher' returned '0': AMENT_PREFIX_PATH=/home/qty/ros2_ws/install/csm:${AMENT_PREFIX_PATH} CMAKE_PREFIX_PATH=/home/qty/ros2_ws/install/csm:/home/qty/ros2_ws/install/turtlesim:/home/qty/ros2_ws/install/examples_rclcpp_multithreaded_executor:/home/qty/ros2_ws/install/examples_rclcpp_minimal_timer:/home/qty/ros2_ws/install/examples_rclcpp_minimal_subscriber:/home/qty/ros2_ws/install/examples_rclcpp_minimal_service:/home/qty/ros2_ws/install/examples_rclcpp_minimal_publisher:/home/qty/ros2_ws/install/examples_rclcpp_minimal_composition:/home/qty/ros2_ws/install/examples_rclcpp_minimal_client:/home/qty/ros2_ws/install/examples_rclcpp_minimal_action_server:/home/qty/ros2_ws/install/examples_rclcpp_minimal_action_client:/home/qty/ros2_ws/install/examples_rclpy_minimal_subscriber:/home/qty/ros2_ws/install/examples_rclpy_minimal_service:/home/qty/ros2_ws/install/examples_rclpy_minimal_publisher:/home/qty/ros2_ws/install/examples_rclpy_minimal_client:/home/qty/ros2_ws/install/examples_rclpy_minimal_action_server:/home/qty/ros2_ws/install/examples_rclpy_minimal_action_client:/home/qty/ros2_ws/install/examples_rclpy_executors:/opt/ros/foxy LD_LIBRARY_PATH=/home/qty/ros2_ws/install/csm/lib:${LD_LIBRARY_PATH} /usr/bin/cmake /home/qty/ros2_ws/src/ros2_laser_scan_matcher -DAMENT_CMAKE_SYMLINK_INSTALL=1 -DCMAKE_INSTALL_PREFIX=/home/qty/ros2_ws/install/ros2_laser_scan_matcher
[12.114s] DEBUG:colcon.colcon_core.event_handler.log_command:Invoking command in '/home/qty/ros2_ws/build/ros2_laser_scan_matcher': AMENT_PREFIX_PATH=/home/qty/ros2_ws/install/csm:${AMENT_PREFIX_PATH} CMAKE_PREFIX_PATH=/home/qty/ros2_ws/install/csm:/home/qty/ros2_ws/install/turtlesim:/home/qty/ros2_ws/install/examples_rclcpp_multithreaded_executor:/home/qty/ros2_ws/install/examples_rclcpp_minimal_timer:/home/qty/ros2_ws/install/examples_rclcpp_minimal_subscriber:/home/qty/ros2_ws/install/examples_rclcpp_minimal_service:/home/qty/ros2_ws/install/examples_rclcpp_minimal_publisher:/home/qty/ros2_ws/install/examples_rclcpp_minimal_composition:/home/qty/ros2_ws/install/examples_rclcpp_minimal_client:/home/qty/ros2_ws/install/examples_rclcpp_minimal_action_server:/home/qty/ros2_ws/install/examples_rclcpp_minimal_action_client:/home/qty/ros2_ws/install/examples_rclpy_minimal_subscriber:/home/qty/ros2_ws/install/examples_rclpy_minimal_service:/home/qty/ros2_ws/install/examples_rclpy_minimal_publisher:/home/qty/ros2_ws/install/examples_rclpy_minimal_client:/home/qty/ros2_ws/install/examples_rclpy_minimal_action_server:/home/qty/ros2_ws/install/examples_rclpy_minimal_action_client:/home/qty/ros2_ws/install/examples_rclpy_executors:/opt/ros/foxy LD_LIBRARY_PATH=/home/qty/ros2_ws/install/csm/lib:${LD_LIBRARY_PATH} /usr/bin/cmake --build /home/qty/ros2_ws/build/ros2_laser_scan_matcher -- -j16 -l16
[17.962s] DEBUG:colcon.colcon_core.event_handler.log_command:Invoked command in '/home/qty/ros2_ws/build/ros2_laser_scan_matcher' returned '0': AMENT_PREFIX_PATH=/home/qty/ros2_ws/install/csm:${AMENT_PREFIX_PATH} CMAKE_PREFIX_PATH=/home/qty/ros2_ws/install/csm:/home/qty/ros2_ws/install/turtlesim:/home/qty/ros2_ws/install/examples_rclcpp_multithreaded_executor:/home/qty/ros2_ws/install/examples_rclcpp_minimal_timer:/home/qty/ros2_ws/install/examples_rclcpp_minimal_subscriber:/home/qty/ros2_ws/install/examples_rclcpp_minimal_service:/home/qty/ros2_ws/install/examples_rclcpp_minimal_publisher:/home/qty/ros2_ws/install/examples_rclcpp_minimal_composition:/home/qty/ros2_ws/install/examples_rclcpp_minimal_client:/home/qty/ros2_ws/install/examples_rclcpp_minimal_action_server:/home/qty/ros2_ws/install/examples_rclcpp_minimal_action_client:/home/qty/ros2_ws/install/examples_rclpy_minimal_subscriber:/home/qty/ros2_ws/install/examples_rclpy_minimal_service:/home/qty/ros2_ws/install/examples_rclpy_minimal_publisher:/home/qty/ros2_ws/install/examples_rclpy_minimal_client:/home/qty/ros2_ws/install/examples_rclpy_minimal_action_server:/home/qty/ros2_ws/install/examples_rclpy_minimal_action_client:/home/qty/ros2_ws/install/examples_rclpy_executors:/opt/ros/foxy LD_LIBRARY_PATH=/home/qty/ros2_ws/install/csm/lib:${LD_LIBRARY_PATH} /usr/bin/cmake --build /home/qty/ros2_ws/build/ros2_laser_scan_matcher -- -j16 -l16
[17.975s] DEBUG:colcon.colcon_core.event_handler.log_command:Invoking command in '/home/qty/ros2_ws/build/ros2_laser_scan_matcher': AMENT_PREFIX_PATH=/home/qty/ros2_ws/install/csm:${AMENT_PREFIX_PATH} CMAKE_PREFIX_PATH=/home/qty/ros2_ws/install/csm:/home/qty/ros2_ws/install/turtlesim:/home/qty/ros2_ws/install/examples_rclcpp_multithreaded_executor:/home/qty/ros2_ws/install/examples_rclcpp_minimal_timer:/home/qty/ros2_ws/install/examples_rclcpp_minimal_subscriber:/home/qty/ros2_ws/install/examples_rclcpp_minimal_service:/home/qty/ros2_ws/install/examples_rclcpp_minimal_publisher:/home/qty/ros2_ws/install/examples_rclcpp_minimal_composition:/home/qty/ros2_ws/install/examples_rclcpp_minimal_client:/home/qty/ros2_ws/install/examples_rclcpp_minimal_action_server:/home/qty/ros2_ws/install/examples_rclcpp_minimal_action_client:/home/qty/ros2_ws/install/examples_rclpy_minimal_subscriber:/home/qty/ros2_ws/install/examples_rclpy_minimal_service:/home/qty/ros2_ws/install/examples_rclpy_minimal_publisher:/home/qty/ros2_ws/install/examples_rclpy_minimal_client:/home/qty/ros2_ws/install/examples_rclpy_minimal_action_server:/home/qty/ros2_ws/install/examples_rclpy_minimal_action_client:/home/qty/ros2_ws/install/examples_rclpy_executors:/opt/ros/foxy LD_LIBRARY_PATH=/home/qty/ros2_ws/install/csm/lib:${LD_LIBRARY_PATH} /usr/bin/cmake --install /home/qty/ros2_ws/build/ros2_laser_scan_matcher
[18.067s] Level 1:colcon.colcon_core.environment:create_environment_scripts_only(ros2_laser_scan_matcher)
[18.067s] DEBUG:colcon.colcon_core.event_handler.log_command:Invoked command in '/home/qty/ros2_ws/build/ros2_laser_scan_matcher' returned '0': AMENT_PREFIX_PATH=/home/qty/ros2_ws/install/csm:${AMENT_PREFIX_PATH} CMAKE_PREFIX_PATH=/home/qty/ros2_ws/install/csm:/home/qty/ros2_ws/install/turtlesim:/home/qty/ros2_ws/install/examples_rclcpp_multithreaded_executor:/home/qty/ros2_ws/install/examples_rclcpp_minimal_timer:/home/qty/ros2_ws/install/examples_rclcpp_minimal_subscriber:/home/qty/ros2_ws/install/examples_rclcpp_minimal_service:/home/qty/ros2_ws/install/examples_rclcpp_minimal_publisher:/home/qty/ros2_ws/install/examples_rclcpp_minimal_composition:/home/qty/ros2_ws/install/examples_rclcpp_minimal_client:/home/qty/ros2_ws/install/examples_rclcpp_minimal_action_server:/home/qty/ros2_ws/install/examples_rclcpp_minimal_action_client:/home/qty/ros2_ws/install/examples_rclpy_minimal_subscriber:/home/qty/ros2_ws/install/examples_rclpy_minimal_service:/home/qty/ros2_ws/install/examples_rclpy_minimal_publisher:/home/qty/ros2_ws/install/examples_rclpy_minimal_client:/home/qty/ros2_ws/install/examples_rclpy_minimal_action_server:/home/qty/ros2_ws/install/examples_rclpy_minimal_action_client:/home/qty/ros2_ws/install/examples_rclpy_executors:/opt/ros/foxy LD_LIBRARY_PATH=/home/qty/ros2_ws/install/csm/lib:${LD_LIBRARY_PATH} /usr/bin/cmake --install /home/qty/ros2_ws/build/ros2_laser_scan_matcher
[18.095s] Level 1:colcon.colcon_core.environment:checking '/home/qty/ros2_ws/install/ros2_laser_scan_matcher' for CMake module files
[18.095s] Level 1:colcon.colcon_core.environment:checking '/home/qty/ros2_ws/install/ros2_laser_scan_matcher' for CMake config files
[18.096s] Level 1:colcon.colcon_core.shell:create_environment_hook('ros2_laser_scan_matcher', 'cmake_prefix_path')
[18.123s] INFO:colcon.colcon_core.shell:Creating environment hook '/home/qty/ros2_ws/install/ros2_laser_scan_matcher/share/ros2_laser_scan_matcher/hook/cmake_prefix_path.ps1'
[18.123s] INFO:colcon.colcon_core.shell:Creating environment descriptor '/home/qty/ros2_ws/install/ros2_laser_scan_matcher/share/ros2_laser_scan_matcher/hook/cmake_prefix_path.dsv'
[18.123s] INFO:colcon.colcon_core.shell:Creating environment hook '/home/qty/ros2_ws/install/ros2_laser_scan_matcher/share/ros2_laser_scan_matcher/hook/cmake_prefix_path.sh'
[18.124s] Level 1:colcon.colcon_core.environment:checking '/home/qty/ros2_ws/install/ros2_laser_scan_matcher/lib'
[18.124s] Level 1:colcon.colcon_core.environment:checking '/home/qty/ros2_ws/install/ros2_laser_scan_matcher/bin'
[18.124s] Level 1:colcon.colcon_core.environment:checking '/home/qty/ros2_ws/install/ros2_laser_scan_matcher/lib/pkgconfig/ros2_laser_scan_matcher.pc'
[18.124s] Level 1:colcon.colcon_core.environment:checking '/home/qty/ros2_ws/install/ros2_laser_scan_matcher/lib/python3.8/site-packages'
[18.124s] Level 1:colcon.colcon_core.environment:checking '/home/qty/ros2_ws/install/ros2_laser_scan_matcher/bin'
[18.151s] INFO:colcon.colcon_core.shell:Creating package script '/home/qty/ros2_ws/install/ros2_laser_scan_matcher/share/ros2_laser_scan_matcher/package.ps1'
[18.151s] INFO:colcon.colcon_core.shell:Creating package descriptor '/home/qty/ros2_ws/install/ros2_laser_scan_matcher/share/ros2_laser_scan_matcher/package.dsv'
[18.151s] INFO:colcon.colcon_core.shell:Creating package script '/home/qty/ros2_ws/install/ros2_laser_scan_matcher/share/ros2_laser_scan_matcher/package.sh'
[18.151s] INFO:colcon.colcon_core.shell:Creating package script '/home/qty/ros2_ws/install/ros2_laser_scan_matcher/share/ros2_laser_scan_matcher/package.bash'
[18.152s] INFO:colcon.colcon_core.shell:Creating package script '/home/qty/ros2_ws/install/ros2_laser_scan_matcher/share/ros2_laser_scan_matcher/package.zsh'
[18.152s] Level 1:colcon.colcon_core.environment:create_file_with_runtime_dependencies(/home/qty/ros2_ws/install/ros2_laser_scan_matcher/share/colcon-core/packages/ros2_laser_scan_matcher)
[18.193s] Level 1:colcon.colcon_core.environment:create_environment_scripts_only(ros2_laser_scan_matcher)
[18.221s] Level 1:colcon.colcon_core.environment:checking '/home/qty/ros2_ws/install/ros2_laser_scan_matcher' for CMake module files
[18.221s] Level 1:colcon.colcon_core.environment:checking '/home/qty/ros2_ws/install/ros2_laser_scan_matcher' for CMake config files
[18.221s] Level 1:colcon.colcon_core.shell:create_environment_hook('ros2_laser_scan_matcher', 'cmake_prefix_path')
[18.248s] INFO:colcon.colcon_core.shell:Creating environment hook '/home/qty/ros2_ws/install/ros2_laser_scan_matcher/share/ros2_laser_scan_matcher/hook/cmake_prefix_path.ps1'
[18.249s] INFO:colcon.colcon_core.shell:Creating environment descriptor '/home/qty/ros2_ws/install/ros2_laser_scan_matcher/share/ros2_laser_scan_matcher/hook/cmake_prefix_path.dsv'
[18.249s] INFO:colcon.colcon_core.shell:Creating environment hook '/home/qty/ros2_ws/install/ros2_laser_scan_matcher/share/ros2_laser_scan_matcher/hook/cmake_prefix_path.sh'
[18.249s] Level 1:colcon.colcon_core.environment:checking '/home/qty/ros2_ws/install/ros2_laser_scan_matcher/lib'
[18.249s] Level 1:colcon.colcon_core.environment:checking '/home/qty/ros2_ws/install/ros2_laser_scan_matcher/bin'
[18.249s] Level 1:colcon.colcon_core.environment:checking '/home/qty/ros2_ws/install/ros2_laser_scan_matcher/lib/pkgconfig/ros2_laser_scan_matcher.pc'
[18.249s] Level 1:colcon.colcon_core.environment:checking '/home/qty/ros2_ws/install/ros2_laser_scan_matcher/lib/python3.8/site-packages'
[18.250s] Level 1:colcon.colcon_core.environment:checking '/home/qty/ros2_ws/install/ros2_laser_scan_matcher/bin'
[18.277s] INFO:colcon.colcon_core.shell:Creating package script '/home/qty/ros2_ws/install/ros2_laser_scan_matcher/share/ros2_laser_scan_matcher/package.ps1'
[18.277s] INFO:colcon.colcon_core.shell:Creating package descriptor '/home/qty/ros2_ws/install/ros2_laser_scan_matcher/share/ros2_laser_scan_matcher/package.dsv'
[18.277s] INFO:colcon.colcon_core.shell:Creating package script '/home/qty/ros2_ws/install/ros2_laser_scan_matcher/share/ros2_laser_scan_matcher/package.sh'
[18.277s] INFO:colcon.colcon_core.shell:Creating package script '/home/qty/ros2_ws/install/ros2_laser_scan_matcher/share/ros2_laser_scan_matcher/package.bash'
[18.278s] INFO:colcon.colcon_core.shell:Creating package script '/home/qty/ros2_ws/install/ros2_laser_scan_matcher/share/ros2_laser_scan_matcher/package.zsh'
[18.278s] Level 1:colcon.colcon_core.environment:create_file_with_runtime_dependencies(/home/qty/ros2_ws/install/ros2_laser_scan_matcher/share/colcon-core/packages/ros2_laser_scan_matcher)
[18.278s] DEBUG:colcon.colcon_parallel_executor.executor.parallel:closing loop
[18.278s] DEBUG:colcon.colcon_parallel_executor.executor.parallel:loop closed
[18.278s] DEBUG:colcon.colcon_parallel_executor.executor.parallel:run_until_complete finished with '0'
[18.278s] DEBUG:colcon.colcon_core.event_reactor:joining thread
[18.310s] INFO:colcon.colcon_core.plugin_system:Skipping extension 'colcon_notification.desktop_notification.terminal_notifier': Not used on non-Darwin systems
[18.310s] INFO:colcon.colcon_core.plugin_system:Skipping extension 'colcon_notification.desktop_notification.win32': Not used on non-Windows systems
[18.310s] INFO:colcon.colcon_notification.desktop_notification:Sending desktop notification using 'notify2'
[18.321s] DEBUG:colcon.colcon_core.event_reactor:joined thread
[18.351s] INFO:colcon.colcon_core.shell:Creating prefix script '/home/qty/ros2_ws/install/local_setup.ps1'
[18.352s] INFO:colcon.colcon_core.shell:Creating prefix util module '/home/qty/ros2_ws/install/_local_setup_util_ps1.py'
[18.353s] INFO:colcon.colcon_core.shell:Creating prefix chain script '/home/qty/ros2_ws/install/setup.ps1'
[18.383s] INFO:colcon.colcon_core.shell:Creating prefix script '/home/qty/ros2_ws/install/local_setup.sh'
[18.384s] INFO:colcon.colcon_core.shell:Creating prefix util module '/home/qty/ros2_ws/install/_local_setup_util_sh.py'
[18.384s] INFO:colcon.colcon_core.shell:Creating prefix chain script '/home/qty/ros2_ws/install/setup.sh'
[18.415s] INFO:colcon.colcon_core.shell:Creating prefix script '/home/qty/ros2_ws/install/local_setup.bash'
[18.415s] INFO:colcon.colcon_core.shell:Creating prefix chain script '/home/qty/ros2_ws/install/setup.bash'
[18.445s] INFO:colcon.colcon_core.shell:Creating prefix script '/home/qty/ros2_ws/install/local_setup.zsh'
[18.445s] INFO:colcon.colcon_core.shell:Creating prefix chain script '/home/qty/ros2_ws/install/setup.zsh'
