[1.752s] DEBUG:colcon:Command line arguments: ['/usr/bin/colcon', 'list', '-p', '--base-paths', '/home/qty/ros2_ws']
[1.753s] DEBUG:colcon:Parsed command line arguments: Namespace(allow_overriding=[], base_paths=['/home/qty/ros2_ws'], build_base='build', ignore_user_meta=False, log_base=None, log_level=None, main=<bound method ListVerb.main of <colcon_package_information.verb.list.ListVerb object at 0x7ff5350726a0>>, metas=['./colcon.meta'], names_only=False, packages_above=None, packages_above_and_dependencies=None, packages_above_depth=None, packages_end=None, packages_ignore=None, packages_ignore_regex=None, packages_select=None, packages_select_build_failed=False, packages_select_by_dep=None, packages_select_regex=None, packages_select_test_failures=False, packages_skip=None, packages_skip_build_finished=False, packages_skip_by_dep=None, packages_skip_regex=None, packages_skip_test_passed=False, packages_skip_up_to=None, packages_start=None, packages_up_to=None, packages_up_to_regex=None, paths=None, paths_only=True, topological_graph=False, topological_graph_density=False, topological_graph_dot=False, topological_graph_dot_cluster=False, topological_graph_dot_include_skipped=False, topological_graph_legend=False, topological_order=False, verb_extension=<colcon_package_information.verb.list.ListVerb object at 0x7ff5350726a0>, verb_name='list', verb_parser=<colcon_defaults.argument_parser.defaults.DefaultArgumentsDecorator object at 0x7ff534d46c10>)
[1.842s] Level 1:colcon.colcon_core.package_discovery:discover_packages(colcon_meta) check parameters
[1.842s] Level 1:colcon.colcon_core.package_discovery:discover_packages(recursive) check parameters
[1.842s] Level 1:colcon.colcon_core.package_discovery:discover_packages(ignore) check parameters
[1.842s] Level 1:colcon.colcon_core.package_discovery:discover_packages(path) check parameters
[1.842s] Level 1:colcon.colcon_core.package_discovery:discover_packages(recursive) discover
[1.842s] INFO:colcon.colcon_core.package_discovery:Crawling recursively for packages in '/home/qty/ros2_ws'
[1.843s] Level 1:colcon.colcon_core.package_identification:_identify(/home/qty/ros2_ws) by extensions ['ignore', 'ignore_ament_install']
[1.843s] Level 1:colcon.colcon_core.package_identification:_identify(/home/qty/ros2_ws) by extension 'ignore'
[1.843s] Level 1:colcon.colcon_core.package_identification:_identify(/home/qty/ros2_ws) by extension 'ignore_ament_install'
[1.843s] Level 1:colcon.colcon_core.package_identification:_identify(/home/qty/ros2_ws) by extensions ['colcon_pkg']
[1.843s] Level 1:colcon.colcon_core.package_identification:_identify(/home/qty/ros2_ws) by extension 'colcon_pkg'
[1.843s] Level 1:colcon.colcon_core.package_identification:_identify(/home/qty/ros2_ws) by extensions ['colcon_meta']
[1.843s] Level 1:colcon.colcon_core.package_identification:_identify(/home/qty/ros2_ws) by extension 'colcon_meta'
[1.843s] Level 1:colcon.colcon_core.package_identification:_identify(/home/qty/ros2_ws) by extensions ['ros']
[1.843s] Level 1:colcon.colcon_core.package_identification:_identify(/home/qty/ros2_ws) by extension 'ros'
[1.851s] Level 1:colcon.colcon_core.package_identification:_identify(/home/qty/ros2_ws) by extensions ['cmake', 'python']
[1.851s] Level 1:colcon.colcon_core.package_identification:_identify(/home/qty/ros2_ws) by extension 'cmake'
[1.851s] Level 1:colcon.colcon_core.package_identification:_identify(/home/qty/ros2_ws) by extension 'python'
[1.851s] Level 1:colcon.colcon_core.package_identification:_identify(/home/qty/ros2_ws) by extensions ['python_setup_py']
[1.851s] Level 1:colcon.colcon_core.package_identification:_identify(/home/qty/ros2_ws) by extension 'python_setup_py'
[1.851s] Level 1:colcon.colcon_core.package_identification:_identify(/home/qty/ros2_ws/build) by extensions ['ignore', 'ignore_ament_install']
[1.851s] Level 1:colcon.colcon_core.package_identification:_identify(/home/qty/ros2_ws/build) by extension 'ignore'
[1.851s] Level 1:colcon.colcon_core.package_identification:_identify(/home/qty/ros2_ws/build) ignored
[1.851s] Level 1:colcon.colcon_core.package_identification:_identify(/home/qty/ros2_ws/install) by extensions ['ignore', 'ignore_ament_install']
[1.851s] Level 1:colcon.colcon_core.package_identification:_identify(/home/qty/ros2_ws/install) by extension 'ignore'
[1.852s] Level 1:colcon.colcon_core.package_identification:_identify(/home/qty/ros2_ws/install) ignored
[1.852s] Level 1:colcon.colcon_core.package_identification:_identify(/home/qty/ros2_ws/log) by extensions ['ignore', 'ignore_ament_install']
[1.852s] Level 1:colcon.colcon_core.package_identification:_identify(/home/qty/ros2_ws/log) by extension 'ignore'
[1.852s] Level 1:colcon.colcon_core.package_identification:_identify(/home/qty/ros2_ws/log) ignored
[1.852s] Level 1:colcon.colcon_core.package_identification:_identify(/home/qty/ros2_ws/src) by extensions ['ignore', 'ignore_ament_install']
[1.852s] Level 1:colcon.colcon_core.package_identification:_identify(/home/qty/ros2_ws/src) by extension 'ignore'
[1.852s] Level 1:colcon.colcon_core.package_identification:_identify(/home/qty/ros2_ws/src) by extension 'ignore_ament_install'
[1.852s] Level 1:colcon.colcon_core.package_identification:_identify(/home/qty/ros2_ws/src) by extensions ['colcon_pkg']
[1.852s] Level 1:colcon.colcon_core.package_identification:_identify(/home/qty/ros2_ws/src) by extension 'colcon_pkg'
[1.852s] Level 1:colcon.colcon_core.package_identification:_identify(/home/qty/ros2_ws/src) by extensions ['colcon_meta']
[1.852s] Level 1:colcon.colcon_core.package_identification:_identify(/home/qty/ros2_ws/src) by extension 'colcon_meta'
[1.852s] Level 1:colcon.colcon_core.package_identification:_identify(/home/qty/ros2_ws/src) by extensions ['ros']
[1.852s] Level 1:colcon.colcon_core.package_identification:_identify(/home/qty/ros2_ws/src) by extension 'ros'
[1.852s] Level 1:colcon.colcon_core.package_identification:_identify(/home/qty/ros2_ws/src) by extensions ['cmake', 'python']
[1.852s] Level 1:colcon.colcon_core.package_identification:_identify(/home/qty/ros2_ws/src) by extension 'cmake'
[1.852s] Level 1:colcon.colcon_core.package_identification:_identify(/home/qty/ros2_ws/src) by extension 'python'
[1.852s] Level 1:colcon.colcon_core.package_identification:_identify(/home/qty/ros2_ws/src) by extensions ['python_setup_py']
[1.852s] Level 1:colcon.colcon_core.package_identification:_identify(/home/qty/ros2_ws/src) by extension 'python_setup_py'
[1.852s] Level 1:colcon.colcon_core.package_identification:_identify(/home/qty/ros2_ws/src/articubot_one) by extensions ['ignore', 'ignore_ament_install']
[1.852s] Level 1:colcon.colcon_core.package_identification:_identify(/home/qty/ros2_ws/src/articubot_one) by extension 'ignore'
[1.853s] Level 1:colcon.colcon_core.package_identification:_identify(/home/qty/ros2_ws/src/articubot_one) by extension 'ignore_ament_install'
[1.853s] Level 1:colcon.colcon_core.package_identification:_identify(/home/qty/ros2_ws/src/articubot_one) by extensions ['colcon_pkg']
[1.853s] Level 1:colcon.colcon_core.package_identification:_identify(/home/qty/ros2_ws/src/articubot_one) by extension 'colcon_pkg'
[1.853s] Level 1:colcon.colcon_core.package_identification:_identify(/home/qty/ros2_ws/src/articubot_one) by extensions ['colcon_meta']
[1.853s] Level 1:colcon.colcon_core.package_identification:_identify(/home/qty/ros2_ws/src/articubot_one) by extension 'colcon_meta'
[1.853s] Level 1:colcon.colcon_core.package_identification:_identify(/home/qty/ros2_ws/src/articubot_one) by extensions ['ros']
[1.853s] Level 1:colcon.colcon_core.package_identification:_identify(/home/qty/ros2_ws/src/articubot_one) by extension 'ros'
[1.854s] DEBUG:colcon.colcon_core.package_identification:Package '/home/qty/ros2_ws/src/articubot_one' with type 'ros.ament_cmake' and name 'articubot_one'
[1.854s] Level 1:colcon.colcon_core.package_identification:_identify(/home/qty/ros2_ws/src/csm) by extensions ['ignore', 'ignore_ament_install']
[1.855s] Level 1:colcon.colcon_core.package_identification:_identify(/home/qty/ros2_ws/src/csm) by extension 'ignore'
[1.855s] Level 1:colcon.colcon_core.package_identification:_identify(/home/qty/ros2_ws/src/csm) by extension 'ignore_ament_install'
[1.855s] Level 1:colcon.colcon_core.package_identification:_identify(/home/qty/ros2_ws/src/csm) by extensions ['colcon_pkg']
[1.855s] Level 1:colcon.colcon_core.package_identification:_identify(/home/qty/ros2_ws/src/csm) by extension 'colcon_pkg'
[1.855s] Level 1:colcon.colcon_core.package_identification:_identify(/home/qty/ros2_ws/src/csm) by extensions ['colcon_meta']
[1.855s] Level 1:colcon.colcon_core.package_identification:_identify(/home/qty/ros2_ws/src/csm) by extension 'colcon_meta'
[1.855s] Level 1:colcon.colcon_core.package_identification:_identify(/home/qty/ros2_ws/src/csm) by extensions ['ros']
[1.855s] Level 1:colcon.colcon_core.package_identification:_identify(/home/qty/ros2_ws/src/csm) by extension 'ros'
[1.855s] DEBUG:colcon.colcon_core.package_identification:Package '/home/qty/ros2_ws/src/csm' with type 'ros.ament_cmake' and name 'csm'
[1.855s] Level 1:colcon.colcon_core.package_identification:_identify(/home/qty/ros2_ws/src/hoverboard_controller) by extensions ['ignore', 'ignore_ament_install']
[1.855s] Level 1:colcon.colcon_core.package_identification:_identify(/home/qty/ros2_ws/src/hoverboard_controller) by extension 'ignore'
[1.855s] Level 1:colcon.colcon_core.package_identification:_identify(/home/qty/ros2_ws/src/hoverboard_controller) by extension 'ignore_ament_install'
[1.855s] Level 1:colcon.colcon_core.package_identification:_identify(/home/qty/ros2_ws/src/hoverboard_controller) by extensions ['colcon_pkg']
[1.855s] Level 1:colcon.colcon_core.package_identification:_identify(/home/qty/ros2_ws/src/hoverboard_controller) by extension 'colcon_pkg'
[1.856s] Level 1:colcon.colcon_core.package_identification:_identify(/home/qty/ros2_ws/src/hoverboard_controller) by extensions ['colcon_meta']
[1.856s] Level 1:colcon.colcon_core.package_identification:_identify(/home/qty/ros2_ws/src/hoverboard_controller) by extension 'colcon_meta'
[1.856s] Level 1:colcon.colcon_core.package_identification:_identify(/home/qty/ros2_ws/src/hoverboard_controller) by extensions ['ros']
[1.856s] Level 1:colcon.colcon_core.package_identification:_identify(/home/qty/ros2_ws/src/hoverboard_controller) by extension 'ros'
[1.856s] DEBUG:colcon.colcon_core.package_identification:Package '/home/qty/ros2_ws/src/hoverboard_controller' with type 'ros.ament_python' and name 'hoverboard_controller'
[1.856s] Level 1:colcon.colcon_core.package_identification:_identify(/home/qty/ros2_ws/src/hoverboard_msgs) by extensions ['ignore', 'ignore_ament_install']
[1.856s] Level 1:colcon.colcon_core.package_identification:_identify(/home/qty/ros2_ws/src/hoverboard_msgs) by extension 'ignore'
[1.856s] Level 1:colcon.colcon_core.package_identification:_identify(/home/qty/ros2_ws/src/hoverboard_msgs) by extension 'ignore_ament_install'
[1.856s] Level 1:colcon.colcon_core.package_identification:_identify(/home/qty/ros2_ws/src/hoverboard_msgs) by extensions ['colcon_pkg']
[1.856s] Level 1:colcon.colcon_core.package_identification:_identify(/home/qty/ros2_ws/src/hoverboard_msgs) by extension 'colcon_pkg'
[1.856s] Level 1:colcon.colcon_core.package_identification:_identify(/home/qty/ros2_ws/src/hoverboard_msgs) by extensions ['colcon_meta']
[1.856s] Level 1:colcon.colcon_core.package_identification:_identify(/home/qty/ros2_ws/src/hoverboard_msgs) by extension 'colcon_meta'
[1.856s] Level 1:colcon.colcon_core.package_identification:_identify(/home/qty/ros2_ws/src/hoverboard_msgs) by extensions ['ros']
[1.856s] Level 1:colcon.colcon_core.package_identification:_identify(/home/qty/ros2_ws/src/hoverboard_msgs) by extension 'ros'
[1.857s] DEBUG:colcon.colcon_core.package_identification:Package '/home/qty/ros2_ws/src/hoverboard_msgs' with type 'ros.ament_cmake' and name 'hoverboard_msgs'
[1.857s] Level 1:colcon.colcon_core.package_identification:_identify(/home/qty/ros2_ws/src/ros2_laser_scan_matcher) by extensions ['ignore', 'ignore_ament_install']
[1.857s] Level 1:colcon.colcon_core.package_identification:_identify(/home/qty/ros2_ws/src/ros2_laser_scan_matcher) by extension 'ignore'
[1.857s] Level 1:colcon.colcon_core.package_identification:_identify(/home/qty/ros2_ws/src/ros2_laser_scan_matcher) by extension 'ignore_ament_install'
[1.857s] Level 1:colcon.colcon_core.package_identification:_identify(/home/qty/ros2_ws/src/ros2_laser_scan_matcher) by extensions ['colcon_pkg']
[1.857s] Level 1:colcon.colcon_core.package_identification:_identify(/home/qty/ros2_ws/src/ros2_laser_scan_matcher) by extension 'colcon_pkg'
[1.857s] Level 1:colcon.colcon_core.package_identification:_identify(/home/qty/ros2_ws/src/ros2_laser_scan_matcher) by extensions ['colcon_meta']
[1.857s] Level 1:colcon.colcon_core.package_identification:_identify(/home/qty/ros2_ws/src/ros2_laser_scan_matcher) by extension 'colcon_meta'
[1.857s] Level 1:colcon.colcon_core.package_identification:_identify(/home/qty/ros2_ws/src/ros2_laser_scan_matcher) by extensions ['ros']
[1.857s] Level 1:colcon.colcon_core.package_identification:_identify(/home/qty/ros2_ws/src/ros2_laser_scan_matcher) by extension 'ros'
[1.858s] DEBUG:colcon.colcon_core.package_identification:Package '/home/qty/ros2_ws/src/ros2_laser_scan_matcher' with type 'ros.ament_cmake' and name 'ros2_laser_scan_matcher'
[1.858s] Level 1:colcon.colcon_core.package_identification:_identify(/home/qty/ros2_ws/src/rplidar_ros2) by extensions ['ignore', 'ignore_ament_install']
[1.858s] Level 1:colcon.colcon_core.package_identification:_identify(/home/qty/ros2_ws/src/rplidar_ros2) by extension 'ignore'
[1.858s] Level 1:colcon.colcon_core.package_identification:_identify(/home/qty/ros2_ws/src/rplidar_ros2) by extension 'ignore_ament_install'
[1.858s] Level 1:colcon.colcon_core.package_identification:_identify(/home/qty/ros2_ws/src/rplidar_ros2) by extensions ['colcon_pkg']
[1.858s] Level 1:colcon.colcon_core.package_identification:_identify(/home/qty/ros2_ws/src/rplidar_ros2) by extension 'colcon_pkg'
[1.858s] Level 1:colcon.colcon_core.package_identification:_identify(/home/qty/ros2_ws/src/rplidar_ros2) by extensions ['colcon_meta']
[1.858s] Level 1:colcon.colcon_core.package_identification:_identify(/home/qty/ros2_ws/src/rplidar_ros2) by extension 'colcon_meta'
[1.858s] Level 1:colcon.colcon_core.package_identification:_identify(/home/qty/ros2_ws/src/rplidar_ros2) by extensions ['ros']
[1.858s] Level 1:colcon.colcon_core.package_identification:_identify(/home/qty/ros2_ws/src/rplidar_ros2) by extension 'ros'
[1.858s] DEBUG:colcon.colcon_core.package_identification:Package '/home/qty/ros2_ws/src/rplidar_ros2' with type 'ros.ament_cmake' and name 'rplidar_ros'
[1.859s] Level 1:colcon.colcon_core.package_identification:_identify(/home/qty/ros2_ws/src/slam_toolbox) by extensions ['ignore', 'ignore_ament_install']
[1.859s] Level 1:colcon.colcon_core.package_identification:_identify(/home/qty/ros2_ws/src/slam_toolbox) by extension 'ignore'
[1.859s] Level 1:colcon.colcon_core.package_identification:_identify(/home/qty/ros2_ws/src/slam_toolbox) by extension 'ignore_ament_install'
[1.859s] Level 1:colcon.colcon_core.package_identification:_identify(/home/qty/ros2_ws/src/slam_toolbox) by extensions ['colcon_pkg']
[1.859s] Level 1:colcon.colcon_core.package_identification:_identify(/home/qty/ros2_ws/src/slam_toolbox) by extension 'colcon_pkg'
[1.859s] Level 1:colcon.colcon_core.package_identification:_identify(/home/qty/ros2_ws/src/slam_toolbox) by extensions ['colcon_meta']
[1.859s] Level 1:colcon.colcon_core.package_identification:_identify(/home/qty/ros2_ws/src/slam_toolbox) by extension 'colcon_meta'
[1.859s] Level 1:colcon.colcon_core.package_identification:_identify(/home/qty/ros2_ws/src/slam_toolbox) by extensions ['ros']
[1.859s] Level 1:colcon.colcon_core.package_identification:_identify(/home/qty/ros2_ws/src/slam_toolbox) by extension 'ros'
[1.860s] DEBUG:colcon.colcon_core.package_identification:Package '/home/qty/ros2_ws/src/slam_toolbox' with type 'ros.ament_cmake' and name 'slam_toolbox'
[1.860s] Level 1:colcon.colcon_core.package_discovery:discover_packages(recursive) using defaults
