[0.499s] Invoking command in '/home/qty/ros2_ws/build/hoverboard_msgs': CMAKE_PREFIX_PATH=${CMAKE_PREFIX_PATH}:/home/qty/ros2_ws/install/hoverboard_controller:/home/qty/ros2_ws/install/hoverBoardController:/home/qty/ros2_ws/install/examples_rclpy_minimal_subscriber:/home/qty/ros2_ws/install/examples_rclpy_minimal_service:/home/qty/ros2_ws/install/examples_rclpy_minimal_publisher:/home/qty/ros2_ws/install/examples_rclpy_minimal_client:/home/qty/ros2_ws/install/examples_rclpy_minimal_action_server:/home/qty/ros2_ws/install/examples_rclpy_minimal_action_client:/home/qty/ros2_ws/install/examples_rclpy_executors:/opt/ros/foxy /usr/bin/cmake --build /home/qty/ros2_ws/build/hoverboard_msgs -- -j16 -l16
[0.521s] -- Found ament_cmake: 0.9.12 (/opt/ros/foxy/share/ament_cmake/cmake)
[0.551s] -- Found PythonInterp: /usr/bin/python3 (found suitable version "3.8.10", minimum required is "3") 
[0.551s] -- Using PYTHON_EXECUTABLE: /usr/bin/python3
[0.718s] -- Override CMake install command with custom implementation using symlinks instead of copying resources
[0.726s] -- Found ament_lint_auto: 0.9.8 (/opt/ros/foxy/share/ament_lint_auto/cmake)
[0.779s] -- Found rosidl_default_generators: 1.0.1 (/opt/ros/foxy/share/rosidl_default_generators/cmake)
[0.785s] -- Using all available rosidl_typesupport_c: rosidl_typesupport_fastrtps_c;rosidl_typesupport_introspection_c
[0.786s] -- Found rosidl_adapter: 1.3.1 (/opt/ros/foxy/share/rosidl_adapter/cmake)
[0.886s] -- Using all available rosidl_typesupport_cpp: rosidl_typesupport_fastrtps_cpp;rosidl_typesupport_introspection_cpp
[0.903s] -- Found builtin_interfaces: 1.0.0 (/opt/ros/foxy/share/builtin_interfaces/cmake)
[0.936s] -- Found PythonInterp: /usr/bin/python3 (found version "3.8.10") 
[0.991s] -- Found ament_cmake_ros: 0.9.2 (/opt/ros/foxy/share/ament_cmake_ros/cmake)
[1.067s] -- Using all available rosidl_typesupport_c: rosidl_typesupport_fastrtps_c;rosidl_typesupport_introspection_c
[1.075s] -- Using all available rosidl_typesupport_cpp: rosidl_typesupport_fastrtps_cpp;rosidl_typesupport_introspection_cpp
[1.101s] -- Found PythonInterp: /usr/bin/python3 (found suitable version "3.8.10", minimum required is "3.5") 
[1.102s] -- Found python_cmake_module: 0.8.1 (/opt/ros/foxy/share/python_cmake_module/cmake)
[1.129s] -- Using PYTHON_EXECUTABLE: /usr/bin/python3
[1.129s] -- Using PYTHON_INCLUDE_DIRS: /usr/include/python3.8
[1.129s] -- Using PYTHON_LIBRARIES: /usr/lib/x86_64-linux-gnu/libpython3.8.so
[1.150s] -- Added test 'copyright' to check source files copyright and LICENSE
[1.151s] -- Added test 'lint_cmake' to check CMake code style
[1.151s] -- Added test 'xmllint' to check XML markup files
[1.157s] -- Configuring done
[1.176s] -- Generating done
[1.178s] -- Build files have been written to: /home/qty/ros2_ws/build/hoverboard_msgs
[1.204s] [  2%] Built target hoverboard_msgs__cpp
[1.204s] [ 12%] Built target hoverboard_msgs__rosidl_generator_c
[1.220s] [ 51%] Built target hoverboard_msgs__rosidl_typesupport_introspection_cpp
[1.220s] [ 51%] Built target hoverboard_msgs__rosidl_typesupport_c
[1.220s] [ 53%] Built target hoverboard_msgs__rosidl_typesupport_cpp
[1.220s] [ 51%] Built target hoverboard_msgs__rosidl_typesupport_introspection_c
[1.223s] [ 64%] Built target hoverboard_msgs__rosidl_typesupport_fastrtps_cpp
[1.240s] [ 74%] Built target hoverboard_msgs__rosidl_typesupport_fastrtps_c
[1.255s] [ 74%] Built target hoverboard_msgs
[1.268s] [ 76%] Built target hoverboard_msgs__py
[1.286s] [ 84%] Built target hoverboard_msgs__python
[1.304s] [100%] Built target hoverboard_msgs__rosidl_typesupport_fastrtps_c__pyext
[1.304s] [100%] Built target hoverboard_msgs__rosidl_typesupport_introspection_c__pyext
[1.304s] [100%] Built target hoverboard_msgs__rosidl_typesupport_c__pyext
[1.774s] Invoked command in '/home/qty/ros2_ws/build/hoverboard_msgs' returned '0': CMAKE_PREFIX_PATH=${CMAKE_PREFIX_PATH}:/home/qty/ros2_ws/install/hoverboard_controller:/home/qty/ros2_ws/install/hoverBoardController:/home/qty/ros2_ws/install/examples_rclpy_minimal_subscriber:/home/qty/ros2_ws/install/examples_rclpy_minimal_service:/home/qty/ros2_ws/install/examples_rclpy_minimal_publisher:/home/qty/ros2_ws/install/examples_rclpy_minimal_client:/home/qty/ros2_ws/install/examples_rclpy_minimal_action_server:/home/qty/ros2_ws/install/examples_rclpy_minimal_action_client:/home/qty/ros2_ws/install/examples_rclpy_executors:/opt/ros/foxy /usr/bin/cmake --build /home/qty/ros2_ws/build/hoverboard_msgs -- -j16 -l16
[1.819s] Invoking command in '/home/qty/ros2_ws/build/hoverboard_msgs': CMAKE_PREFIX_PATH=${CMAKE_PREFIX_PATH}:/home/qty/ros2_ws/install/hoverboard_controller:/home/qty/ros2_ws/install/hoverBoardController:/home/qty/ros2_ws/install/examples_rclpy_minimal_subscriber:/home/qty/ros2_ws/install/examples_rclpy_minimal_service:/home/qty/ros2_ws/install/examples_rclpy_minimal_publisher:/home/qty/ros2_ws/install/examples_rclpy_minimal_client:/home/qty/ros2_ws/install/examples_rclpy_minimal_action_server:/home/qty/ros2_ws/install/examples_rclpy_minimal_action_client:/home/qty/ros2_ws/install/examples_rclpy_executors:/opt/ros/foxy /usr/bin/cmake --install /home/qty/ros2_ws/build/hoverboard_msgs
[1.826s] -- Install configuration: ""
[1.826s] -- Execute custom install script
[1.826s] -- Up-to-date symlink: /home/qty/ros2_ws/install/hoverboard_msgs/share/ament_index/resource_index/rosidl_interfaces/hoverboard_msgs
[1.827s] -- Up-to-date symlink: /home/qty/ros2_ws/install/hoverboard_msgs/include/hoverboard_msgs/msg/detail/sonar_msg__functions.h
[1.827s] -- Up-to-date symlink: /home/qty/ros2_ws/install/hoverboard_msgs/include/hoverboard_msgs/msg/detail/sonar_msg__struct.h
[1.827s] -- Up-to-date symlink: /home/qty/ros2_ws/install/hoverboard_msgs/include/hoverboard_msgs/msg/detail/sonar_msg__type_support.h
[1.827s] -- Up-to-date symlink: /home/qty/ros2_ws/install/hoverboard_msgs/include/hoverboard_msgs/msg/detail/temp_msg__functions.h
[1.827s] -- Up-to-date symlink: /home/qty/ros2_ws/install/hoverboard_msgs/include/hoverboard_msgs/msg/detail/temp_msg__struct.h
[1.827s] -- Up-to-date symlink: /home/qty/ros2_ws/install/hoverboard_msgs/include/hoverboard_msgs/msg/detail/temp_msg__type_support.h
[1.828s] -- Up-to-date symlink: /home/qty/ros2_ws/install/hoverboard_msgs/include/hoverboard_msgs/msg/rosidl_generator_c__visibility_control.h
[1.828s] -- Up-to-date symlink: /home/qty/ros2_ws/install/hoverboard_msgs/include/hoverboard_msgs/msg/sonar_msg.h
[1.828s] -- Up-to-date symlink: /home/qty/ros2_ws/install/hoverboard_msgs/include/hoverboard_msgs/msg/temp_msg.h
[1.828s] -- Up-to-date symlink: /home/qty/ros2_ws/install/hoverboard_msgs/share/hoverboard_msgs/environment/library_path.sh
[1.828s] -- Up-to-date symlink: /home/qty/ros2_ws/install/hoverboard_msgs/share/hoverboard_msgs/environment/library_path.dsv
[1.829s] -- Up-to-date symlink: /home/qty/ros2_ws/install/hoverboard_msgs/include/hoverboard_msgs/msg/detail/sonar_msg__rosidl_typesupport_fastrtps_c.h
[1.829s] -- Up-to-date symlink: /home/qty/ros2_ws/install/hoverboard_msgs/include/hoverboard_msgs/msg/detail/temp_msg__rosidl_typesupport_fastrtps_c.h
[1.829s] -- Up-to-date symlink: /home/qty/ros2_ws/install/hoverboard_msgs/include/hoverboard_msgs/msg/rosidl_typesupport_fastrtps_c__visibility_control.h
[1.830s] -- Up-to-date symlink: /home/qty/ros2_ws/install/hoverboard_msgs/lib/libhoverboard_msgs__rosidl_typesupport_fastrtps_c.so
[1.830s] -- Up-to-date symlink: /home/qty/ros2_ws/install/hoverboard_msgs/include/hoverboard_msgs/msg/detail/sonar_msg__rosidl_typesupport_fastrtps_cpp.hpp
[1.830s] -- Up-to-date symlink: /home/qty/ros2_ws/install/hoverboard_msgs/include/hoverboard_msgs/msg/detail/temp_msg__rosidl_typesupport_fastrtps_cpp.hpp
[1.830s] -- Up-to-date symlink: /home/qty/ros2_ws/install/hoverboard_msgs/include/hoverboard_msgs/msg/rosidl_typesupport_fastrtps_cpp__visibility_control.h
[1.831s] -- Up-to-date symlink: /home/qty/ros2_ws/install/hoverboard_msgs/lib/libhoverboard_msgs__rosidl_typesupport_fastrtps_cpp.so
[1.831s] -- Up-to-date symlink: /home/qty/ros2_ws/install/hoverboard_msgs/include/hoverboard_msgs/msg/detail/sonar_msg__rosidl_typesupport_introspection_c.h
[1.831s] -- Up-to-date symlink: /home/qty/ros2_ws/install/hoverboard_msgs/include/hoverboard_msgs/msg/detail/temp_msg__rosidl_typesupport_introspection_c.h
[1.831s] -- Up-to-date symlink: /home/qty/ros2_ws/install/hoverboard_msgs/include/hoverboard_msgs/msg/rosidl_typesupport_introspection_c__visibility_control.h
[1.832s] -- Up-to-date symlink: /home/qty/ros2_ws/install/hoverboard_msgs/include/hoverboard_msgs/msg/detail/sonar_msg__builder.hpp
[1.832s] -- Up-to-date symlink: /home/qty/ros2_ws/install/hoverboard_msgs/include/hoverboard_msgs/msg/detail/sonar_msg__struct.hpp
[1.832s] -- Up-to-date symlink: /home/qty/ros2_ws/install/hoverboard_msgs/include/hoverboard_msgs/msg/detail/sonar_msg__traits.hpp
[1.832s] -- Up-to-date symlink: /home/qty/ros2_ws/install/hoverboard_msgs/include/hoverboard_msgs/msg/detail/sonar_msg__type_support.hpp
[1.832s] -- Up-to-date symlink: /home/qty/ros2_ws/install/hoverboard_msgs/include/hoverboard_msgs/msg/detail/temp_msg__builder.hpp
[1.832s] -- Up-to-date symlink: /home/qty/ros2_ws/install/hoverboard_msgs/include/hoverboard_msgs/msg/detail/temp_msg__struct.hpp
[1.832s] -- Up-to-date symlink: /home/qty/ros2_ws/install/hoverboard_msgs/include/hoverboard_msgs/msg/detail/temp_msg__traits.hpp
[1.832s] -- Up-to-date symlink: /home/qty/ros2_ws/install/hoverboard_msgs/include/hoverboard_msgs/msg/detail/temp_msg__type_support.hpp
[1.832s] -- Up-to-date symlink: /home/qty/ros2_ws/install/hoverboard_msgs/include/hoverboard_msgs/msg/rosidl_generator_cpp__visibility_control.hpp
[1.832s] -- Up-to-date symlink: /home/qty/ros2_ws/install/hoverboard_msgs/include/hoverboard_msgs/msg/sonar_msg.hpp
[1.833s] -- Up-to-date symlink: /home/qty/ros2_ws/install/hoverboard_msgs/include/hoverboard_msgs/msg/temp_msg.hpp
[1.833s] -- Up-to-date symlink: /home/qty/ros2_ws/install/hoverboard_msgs/include/hoverboard_msgs/msg/detail/sonar_msg__rosidl_typesupport_introspection_cpp.hpp
[1.833s] -- Up-to-date symlink: /home/qty/ros2_ws/install/hoverboard_msgs/include/hoverboard_msgs/msg/detail/temp_msg__rosidl_typesupport_introspection_cpp.hpp
[1.833s] -- Up-to-date symlink: /home/qty/ros2_ws/install/hoverboard_msgs/share/hoverboard_msgs/environment/pythonpath.sh
[1.833s] -- Up-to-date symlink: /home/qty/ros2_ws/install/hoverboard_msgs/share/hoverboard_msgs/environment/pythonpath.dsv
[1.834s] -- Up-to-date symlink: /home/qty/ros2_ws/install/hoverboard_msgs/lib/python3.8/site-packages/hoverboard_msgs/__init__.py
[1.834s] -- Up-to-date symlink: /home/qty/ros2_ws/install/hoverboard_msgs/lib/python3.8/site-packages/hoverboard_msgs/msg/__init__.py
[1.834s] -- Up-to-date symlink: /home/qty/ros2_ws/install/hoverboard_msgs/lib/python3.8/site-packages/hoverboard_msgs/msg/_sonar_msg.py
[1.834s] -- Up-to-date symlink: /home/qty/ros2_ws/install/hoverboard_msgs/lib/python3.8/site-packages/hoverboard_msgs/msg/_temp_msg.py
[1.834s] -- Up-to-date symlink: /home/qty/ros2_ws/install/hoverboard_msgs/lib/python3.8/site-packages/hoverboard_msgs/hoverboard_msgs_s__rosidl_typesupport_fastrtps_c.cpython-38-x86_64-linux-gnu.so
[1.835s] -- Up-to-date symlink: /home/qty/ros2_ws/install/hoverboard_msgs/lib/python3.8/site-packages/hoverboard_msgs/hoverboard_msgs_s__rosidl_typesupport_introspection_c.cpython-38-x86_64-linux-gnu.so
[1.835s] -- Up-to-date symlink: /home/qty/ros2_ws/install/hoverboard_msgs/lib/python3.8/site-packages/hoverboard_msgs/hoverboard_msgs_s__rosidl_typesupport_c.cpython-38-x86_64-linux-gnu.so
[1.835s] -- Up-to-date symlink: /home/qty/ros2_ws/install/hoverboard_msgs/lib/libhoverboard_msgs__python.so
[1.835s] -- Up-to-date symlink: /home/qty/ros2_ws/install/hoverboard_msgs/share/hoverboard_msgs/msg/SonarMsg.idl
[1.835s] -- Up-to-date symlink: /home/qty/ros2_ws/install/hoverboard_msgs/share/hoverboard_msgs/msg/TempMsg.idl
[1.836s] -- Up-to-date symlink: /home/qty/ros2_ws/install/hoverboard_msgs/share/hoverboard_msgs/msg/SonarMsg.msg
[1.836s] -- Up-to-date symlink: /home/qty/ros2_ws/install/hoverboard_msgs/share/hoverboard_msgs/msg/TempMsg.msg
[1.836s] -- Up-to-date symlink: /home/qty/ros2_ws/install/hoverboard_msgs/share/ament_index/resource_index/package_run_dependencies/hoverboard_msgs
[1.836s] -- Up-to-date symlink: /home/qty/ros2_ws/install/hoverboard_msgs/share/ament_index/resource_index/parent_prefix_path/hoverboard_msgs
[1.836s] -- Up-to-date symlink: /home/qty/ros2_ws/install/hoverboard_msgs/share/hoverboard_msgs/environment/ament_prefix_path.sh
[1.837s] -- Up-to-date symlink: /home/qty/ros2_ws/install/hoverboard_msgs/share/hoverboard_msgs/environment/ament_prefix_path.dsv
[1.837s] -- Up-to-date symlink: /home/qty/ros2_ws/install/hoverboard_msgs/share/hoverboard_msgs/environment/path.sh
[1.837s] -- Up-to-date symlink: /home/qty/ros2_ws/install/hoverboard_msgs/share/hoverboard_msgs/environment/path.dsv
[1.837s] -- Up-to-date symlink: /home/qty/ros2_ws/install/hoverboard_msgs/share/hoverboard_msgs/local_setup.bash
[1.840s] -- Up-to-date symlink: /home/qty/ros2_ws/install/hoverboard_msgs/share/hoverboard_msgs/local_setup.sh
[1.840s] -- Up-to-date symlink: /home/qty/ros2_ws/install/hoverboard_msgs/share/hoverboard_msgs/local_setup.zsh
[1.840s] -- Up-to-date symlink: /home/qty/ros2_ws/install/hoverboard_msgs/share/hoverboard_msgs/local_setup.dsv
[1.840s] -- Symlinking: /home/qty/ros2_ws/install/hoverboard_msgs/share/hoverboard_msgs/package.dsv
[1.845s] -- Up-to-date symlink: /home/qty/ros2_ws/install/hoverboard_msgs/share/ament_index/resource_index/packages/hoverboard_msgs
[1.845s] -- Up-to-date symlink: /home/qty/ros2_ws/install/hoverboard_msgs/share/hoverboard_msgs/cmake/rosidl_cmake-extras.cmake
[1.845s] -- Up-to-date symlink: /home/qty/ros2_ws/install/hoverboard_msgs/share/hoverboard_msgs/cmake/ament_cmake_export_dependencies-extras.cmake
[1.845s] -- Up-to-date symlink: /home/qty/ros2_ws/install/hoverboard_msgs/share/hoverboard_msgs/cmake/ament_cmake_export_libraries-extras.cmake
[1.846s] -- Up-to-date symlink: /home/qty/ros2_ws/install/hoverboard_msgs/share/hoverboard_msgs/cmake/ament_cmake_export_targets-extras.cmake
[1.846s] -- Up-to-date symlink: /home/qty/ros2_ws/install/hoverboard_msgs/share/hoverboard_msgs/cmake/ament_cmake_export_include_directories-extras.cmake
[1.846s] -- Up-to-date symlink: /home/qty/ros2_ws/install/hoverboard_msgs/share/hoverboard_msgs/cmake/rosidl_cmake_export_typesupport_libraries-extras.cmake
[1.846s] -- Up-to-date symlink: /home/qty/ros2_ws/install/hoverboard_msgs/share/hoverboard_msgs/cmake/rosidl_cmake_export_typesupport_targets-extras.cmake
[1.846s] -- Up-to-date symlink: /home/qty/ros2_ws/install/hoverboard_msgs/share/hoverboard_msgs/cmake/hoverboard_msgsConfig.cmake
[1.846s] -- Up-to-date symlink: /home/qty/ros2_ws/install/hoverboard_msgs/share/hoverboard_msgs/cmake/hoverboard_msgsConfig-version.cmake
[1.847s] -- Up-to-date symlink: /home/qty/ros2_ws/install/hoverboard_msgs/share/hoverboard_msgs/package.xml
[1.847s] -- Up-to-date: /home/qty/ros2_ws/install/hoverboard_msgs/lib/libhoverboard_msgs__rosidl_generator_c.so
[1.847s] -- Up-to-date: /home/qty/ros2_ws/install/hoverboard_msgs/lib/libhoverboard_msgs__rosidl_typesupport_introspection_c.so
[1.847s] -- Up-to-date: /home/qty/ros2_ws/install/hoverboard_msgs/lib/libhoverboard_msgs__rosidl_typesupport_c.so
[1.848s] -- Up-to-date: /home/qty/ros2_ws/install/hoverboard_msgs/lib/libhoverboard_msgs__rosidl_typesupport_introspection_cpp.so
[1.848s] -- Up-to-date: /home/qty/ros2_ws/install/hoverboard_msgs/lib/libhoverboard_msgs__rosidl_typesupport_cpp.so
[1.879s] Compiling '/home/qty/ros2_ws/install/hoverboard_msgs/lib/python3.8/site-packages/hoverboard_msgs/__init__.py'...
[1.882s] -- Up-to-date: /home/qty/ros2_ws/install/hoverboard_msgs/share/hoverboard_msgs/cmake/hoverboard_msgs__rosidl_generator_cExport.cmake
[1.882s] -- Installing: /home/qty/ros2_ws/install/hoverboard_msgs/share/hoverboard_msgs/cmake/hoverboard_msgs__rosidl_generator_cExport-noconfig.cmake
[1.882s] -- Up-to-date: /home/qty/ros2_ws/install/hoverboard_msgs/share/hoverboard_msgs/cmake/hoverboard_msgs__rosidl_typesupport_introspection_cExport.cmake
[1.882s] -- Installing: /home/qty/ros2_ws/install/hoverboard_msgs/share/hoverboard_msgs/cmake/hoverboard_msgs__rosidl_typesupport_introspection_cExport-noconfig.cmake
[1.882s] -- Up-to-date: /home/qty/ros2_ws/install/hoverboard_msgs/share/hoverboard_msgs/cmake/hoverboard_msgs__rosidl_typesupport_cExport.cmake
[1.883s] -- Installing: /home/qty/ros2_ws/install/hoverboard_msgs/share/hoverboard_msgs/cmake/hoverboard_msgs__rosidl_typesupport_cExport-noconfig.cmake
[1.883s] -- Up-to-date: /home/qty/ros2_ws/install/hoverboard_msgs/share/hoverboard_msgs/cmake/hoverboard_msgs__rosidl_generator_cppExport.cmake
[1.883s] -- Up-to-date: /home/qty/ros2_ws/install/hoverboard_msgs/share/hoverboard_msgs/cmake/hoverboard_msgs__rosidl_typesupport_introspection_cppExport.cmake
[1.883s] -- Installing: /home/qty/ros2_ws/install/hoverboard_msgs/share/hoverboard_msgs/cmake/hoverboard_msgs__rosidl_typesupport_introspection_cppExport-noconfig.cmake
[1.883s] -- Up-to-date: /home/qty/ros2_ws/install/hoverboard_msgs/share/hoverboard_msgs/cmake/hoverboard_msgs__rosidl_typesupport_cppExport.cmake
[1.883s] -- Installing: /home/qty/ros2_ws/install/hoverboard_msgs/share/hoverboard_msgs/cmake/hoverboard_msgs__rosidl_typesupport_cppExport-noconfig.cmake
[2.153s] Invoked command in '/home/qty/ros2_ws/build/hoverboard_msgs' returned '0': CMAKE_PREFIX_PATH=${CMAKE_PREFIX_PATH}:/home/qty/ros2_ws/install/hoverboard_controller:/home/qty/ros2_ws/install/hoverBoardController:/home/qty/ros2_ws/install/examples_rclpy_minimal_subscriber:/home/qty/ros2_ws/install/examples_rclpy_minimal_service:/home/qty/ros2_ws/install/examples_rclpy_minimal_publisher:/home/qty/ros2_ws/install/examples_rclpy_minimal_client:/home/qty/ros2_ws/install/examples_rclpy_minimal_action_server:/home/qty/ros2_ws/install/examples_rclpy_minimal_action_client:/home/qty/ros2_ws/install/examples_rclpy_executors:/opt/ros/foxy /usr/bin/cmake --install /home/qty/ros2_ws/build/hoverboard_msgs
