[0.370s] Invoking command in '/home/qty/ros2_ws/build/articubot_one': CMAKE_PREFIX_PATH=${CMAKE_PREFIX_PATH}:/home/qty/ros2_ws/install/hoverboard_controller:/opt/ros/foxy /usr/bin/cmake /home/qty/ros2_ws/src/articubot_one -DCMAKE_INSTALL_PREFIX=/home/qty/ros2_ws/install/articubot_one
[0.408s] -- Found ament_cmake: 0.9.12 (/opt/ros/foxy/share/ament_cmake/cmake)
[0.516s] -- Using PYTHON_EXECUTABLE: /usr/bin/python3
[1.107s] -- Override CMake install command with custom implementation using symlinks instead of copying resources
[1.125s] -- Found ament_lint_auto: 0.9.8 (/opt/ros/foxy/share/ament_lint_auto/cmake)
[1.418s] -- Added test 'copyright' to check source files copyright and LICENSE
[1.428s] -- Added test 'flake8' to check Python code syntax and style conventions
[1.434s] -- Added test 'lint_cmake' to check CMake code style
[1.437s] -- Added test 'pep257' to check Python code against some of the style conventions in PEP 257
[1.442s] -- Added test 'xmllint' to check XML markup files
[1.449s] -- Configuring done
[1.455s] -- Generating done
[1.456s] -- Build files have been written to: /home/qty/ros2_ws/build/articubot_one
[1.469s] Invoked command in '/home/qty/ros2_ws/build/articubot_one' returned '0': CMAKE_PREFIX_PATH=${CMAKE_PREFIX_PATH}:/home/qty/ros2_ws/install/hoverboard_controller:/opt/ros/foxy /usr/bin/cmake /home/qty/ros2_ws/src/articubot_one -DCMAKE_INSTALL_PREFIX=/home/qty/ros2_ws/install/articubot_one
[1.482s] Invoking command in '/home/qty/ros2_ws/build/articubot_one': CMAKE_PREFIX_PATH=${CMAKE_PREFIX_PATH}:/home/qty/ros2_ws/install/hoverboard_controller:/opt/ros/foxy /usr/bin/cmake --build /home/qty/ros2_ws/build/articubot_one -- -j16 -l16
[1.606s] Invoked command in '/home/qty/ros2_ws/build/articubot_one' returned '0': CMAKE_PREFIX_PATH=${CMAKE_PREFIX_PATH}:/home/qty/ros2_ws/install/hoverboard_controller:/opt/ros/foxy /usr/bin/cmake --build /home/qty/ros2_ws/build/articubot_one -- -j16 -l16
[1.703s] Invoking command in '/home/qty/ros2_ws/build/articubot_one': CMAKE_PREFIX_PATH=${CMAKE_PREFIX_PATH}:/home/qty/ros2_ws/install/hoverboard_controller:/opt/ros/foxy /usr/bin/cmake --install /home/qty/ros2_ws/build/articubot_one
[1.722s] -- Install configuration: ""
[1.722s] -- Execute custom install script
[1.726s] -- Up-to-date symlink: /home/qty/ros2_ws/install/articubot_one/share/articubot_one/config/ball_tracker_params_robot.yaml
[1.727s] -- Up-to-date symlink: /home/qty/ros2_ws/install/articubot_one/share/articubot_one/config/ball_tracker_params_sim.yaml
[1.728s] -- Up-to-date symlink: /home/qty/ros2_ws/install/articubot_one/share/articubot_one/config/drive_bot.rviz
[1.730s] -- Up-to-date symlink: /home/qty/ros2_ws/install/articubot_one/share/articubot_one/config/empty.yaml
[1.731s] -- Up-to-date symlink: /home/qty/ros2_ws/install/articubot_one/share/articubot_one/config/gaz_ros2_ctl_use_sim.yaml
[1.732s] -- Up-to-date symlink: /home/qty/ros2_ws/install/articubot_one/share/articubot_one/config/gazebo_params.yaml
[1.732s] -- Up-to-date symlink: /home/qty/ros2_ws/install/articubot_one/share/articubot_one/config/joystick.yaml
[1.732s] -- Up-to-date symlink: /home/qty/ros2_ws/install/articubot_one/share/articubot_one/config/main.rviz
[1.732s] -- Up-to-date symlink: /home/qty/ros2_ws/install/articubot_one/share/articubot_one/config/map.rviz
[1.733s] -- Up-to-date symlink: /home/qty/ros2_ws/install/articubot_one/share/articubot_one/config/mapper_params_online_async.yaml
[1.733s] -- Up-to-date symlink: /home/qty/ros2_ws/install/articubot_one/share/articubot_one/config/my_controllers.yaml
[1.733s] -- Up-to-date symlink: /home/qty/ros2_ws/install/articubot_one/share/articubot_one/config/nav2_params.yaml
[1.733s] -- Up-to-date symlink: /home/qty/ros2_ws/install/articubot_one/share/articubot_one/config/twist_mux.yaml
[1.733s] -- Up-to-date symlink: /home/qty/ros2_ws/install/articubot_one/share/articubot_one/config/view_bot.rviz
[1.733s] -- Up-to-date symlink: /home/qty/ros2_ws/install/articubot_one/share/articubot_one/description/camera.xacro
[1.733s] -- Up-to-date symlink: /home/qty/ros2_ws/install/articubot_one/share/articubot_one/description/depth_camera.xacro
[1.733s] -- Up-to-date symlink: /home/qty/ros2_ws/install/articubot_one/share/articubot_one/description/face.xacro
[1.733s] -- Up-to-date symlink: /home/qty/ros2_ws/install/articubot_one/share/articubot_one/description/gazebo_control.xacro
[1.733s] -- Up-to-date symlink: /home/qty/ros2_ws/install/articubot_one/share/articubot_one/description/inertial_macros.xacro
[1.733s] -- Up-to-date symlink: /home/qty/ros2_ws/install/articubot_one/share/articubot_one/description/lidar.xacro
[1.734s] -- Up-to-date symlink: /home/qty/ros2_ws/install/articubot_one/share/articubot_one/description/robot.urdf.xacro
[1.734s] -- Up-to-date symlink: /home/qty/ros2_ws/install/articubot_one/share/articubot_one/description/robot_core.xacro
[1.734s] -- Up-to-date symlink: /home/qty/ros2_ws/install/articubot_one/share/articubot_one/description/ros2_control.xacro
[1.734s] -- Up-to-date symlink: /home/qty/ros2_ws/install/articubot_one/share/articubot_one/launch/ball_tracker.launch.py
[1.734s] -- Up-to-date symlink: /home/qty/ros2_ws/install/articubot_one/share/articubot_one/launch/camera.launch.py
[1.734s] -- Up-to-date symlink: /home/qty/ros2_ws/install/articubot_one/share/articubot_one/launch/joystick.launch.py
[1.734s] -- Up-to-date symlink: /home/qty/ros2_ws/install/articubot_one/share/articubot_one/launch/launch_robot.launch.py
[1.734s] -- Up-to-date symlink: /home/qty/ros2_ws/install/articubot_one/share/articubot_one/launch/launch_sim.launch.py
[1.734s] -- Up-to-date symlink: /home/qty/ros2_ws/install/articubot_one/share/articubot_one/launch/localization_launch.py
[1.734s] -- Up-to-date symlink: /home/qty/ros2_ws/install/articubot_one/share/articubot_one/launch/navigation_launch.py
[1.734s] -- Up-to-date symlink: /home/qty/ros2_ws/install/articubot_one/share/articubot_one/launch/online_async_launch.py
[1.734s] -- Up-to-date symlink: /home/qty/ros2_ws/install/articubot_one/share/articubot_one/launch/rplidar.launch.py
[1.734s] -- Up-to-date symlink: /home/qty/ros2_ws/install/articubot_one/share/articubot_one/launch/rsp.launch.py
[1.735s] -- Up-to-date symlink: /home/qty/ros2_ws/install/articubot_one/share/articubot_one/worlds/empty.world
[1.735s] -- Up-to-date symlink: /home/qty/ros2_ws/install/articubot_one/share/articubot_one/worlds/obstacles.world
[1.735s] -- Up-to-date symlink: /home/qty/ros2_ws/install/articubot_one/share/ament_index/resource_index/package_run_dependencies/articubot_one
[1.736s] -- Up-to-date symlink: /home/qty/ros2_ws/install/articubot_one/share/ament_index/resource_index/parent_prefix_path/articubot_one
[1.736s] -- Up-to-date symlink: /home/qty/ros2_ws/install/articubot_one/share/articubot_one/environment/ament_prefix_path.sh
[1.736s] -- Up-to-date symlink: /home/qty/ros2_ws/install/articubot_one/share/articubot_one/environment/ament_prefix_path.dsv
[1.737s] -- Up-to-date symlink: /home/qty/ros2_ws/install/articubot_one/share/articubot_one/environment/path.sh
[1.740s] -- Up-to-date symlink: /home/qty/ros2_ws/install/articubot_one/share/articubot_one/environment/path.dsv
[1.741s] -- Up-to-date symlink: /home/qty/ros2_ws/install/articubot_one/share/articubot_one/local_setup.bash
[1.743s] -- Up-to-date symlink: /home/qty/ros2_ws/install/articubot_one/share/articubot_one/local_setup.sh
[1.745s] -- Up-to-date symlink: /home/qty/ros2_ws/install/articubot_one/share/articubot_one/local_setup.zsh
[1.747s] -- Up-to-date symlink: /home/qty/ros2_ws/install/articubot_one/share/articubot_one/local_setup.dsv
[1.748s] -- Symlinking: /home/qty/ros2_ws/install/articubot_one/share/articubot_one/package.dsv
[1.774s] -- Up-to-date symlink: /home/qty/ros2_ws/install/articubot_one/share/ament_index/resource_index/packages/articubot_one
[1.775s] -- Up-to-date symlink: /home/qty/ros2_ws/install/articubot_one/share/articubot_one/cmake/articubot_oneConfig.cmake
[1.775s] -- Up-to-date symlink: /home/qty/ros2_ws/install/articubot_one/share/articubot_one/cmake/articubot_oneConfig-version.cmake
[1.775s] -- Up-to-date symlink: /home/qty/ros2_ws/install/articubot_one/share/articubot_one/package.xml
[1.786s] Invoked command in '/home/qty/ros2_ws/build/articubot_one' returned '0': CMAKE_PREFIX_PATH=${CMAKE_PREFIX_PATH}:/home/qty/ros2_ws/install/hoverboard_controller:/opt/ros/foxy /usr/bin/cmake --install /home/qty/ros2_ws/build/articubot_one
