[1.852s] DEBUG:colcon:Command line arguments: ['/usr/bin/colcon', 'build', '--symlink-install']
[1.852s] DEBUG:colcon:Parsed command line arguments: Namespace(allow_overriding=[], ament_cmake_args=None, base_paths=['.'], build_base='build', catkin_cmake_args=None, catkin_skip_building_tests=False, cmake_args=None, cmake_clean_cache=False, cmake_clean_first=False, cmake_force_configure=False, cmake_target=None, cmake_target_skip_unavailable=False, continue_on_error=False, event_handlers=None, executor='parallel', ignore_user_meta=False, install_base='install', log_base=None, log_level=None, main=<bound method BuildVerb.main of <colcon_core.verb.build.BuildVerb object at 0x7f39ea0ce190>>, merge_install=False, metas=['./colcon.meta'], packages_above=None, packages_above_and_dependencies=None, packages_above_depth=None, packages_end=None, packages_ignore=None, packages_ignore_regex=None, packages_select=None, packages_select_build_failed=False, packages_select_by_dep=None, packages_select_regex=None, packages_select_test_failures=False, packages_skip=None, packages_skip_build_finished=False, packages_skip_by_dep=None, packages_skip_regex=None, packages_skip_test_passed=False, packages_skip_up_to=None, packages_start=None, packages_up_to=None, packages_up_to_regex=None, parallel_workers=16, paths=None, symlink_install=True, test_result_base=None, verb_extension=<colcon_core.verb.build.BuildVerb object at 0x7f39ea0ce190>, verb_name='build', verb_parser=<colcon_defaults.argument_parser.defaults.DefaultArgumentsDecorator object at 0x7f39e9cbf370>)
[1.930s] Level 1:colcon.colcon_core.package_discovery:discover_packages(colcon_meta) check parameters
[1.930s] Level 1:colcon.colcon_core.package_discovery:discover_packages(recursive) check parameters
[1.930s] Level 1:colcon.colcon_core.package_discovery:discover_packages(ignore) check parameters
[1.930s] Level 1:colcon.colcon_core.package_discovery:discover_packages(path) check parameters
[1.930s] Level 1:colcon.colcon_core.package_discovery:discover_packages(colcon_meta) discover
[1.930s] Level 1:colcon.colcon_core.package_discovery:discover_packages(recursive) discover
[1.930s] INFO:colcon.colcon_core.package_discovery:Crawling recursively for packages in '/home/qty/ros2_ws'
[1.930s] Level 1:colcon.colcon_core.package_identification:_identify(.) by extensions ['ignore', 'ignore_ament_install']
[1.931s] Level 1:colcon.colcon_core.package_identification:_identify(.) by extension 'ignore'
[1.931s] Level 1:colcon.colcon_core.package_identification:_identify(.) by extension 'ignore_ament_install'
[1.931s] Level 1:colcon.colcon_core.package_identification:_identify(.) by extensions ['colcon_pkg']
[1.931s] Level 1:colcon.colcon_core.package_identification:_identify(.) by extension 'colcon_pkg'
[1.931s] Level 1:colcon.colcon_core.package_identification:_identify(.) by extensions ['colcon_meta']
[1.931s] Level 1:colcon.colcon_core.package_identification:_identify(.) by extension 'colcon_meta'
[1.931s] Level 1:colcon.colcon_core.package_identification:_identify(.) by extensions ['ros']
[1.931s] Level 1:colcon.colcon_core.package_identification:_identify(.) by extension 'ros'
[1.940s] Level 1:colcon.colcon_core.package_identification:_identify(.) by extensions ['cmake', 'python']
[1.940s] Level 1:colcon.colcon_core.package_identification:_identify(.) by extension 'cmake'
[1.940s] Level 1:colcon.colcon_core.package_identification:_identify(.) by extension 'python'
[1.940s] Level 1:colcon.colcon_core.package_identification:_identify(.) by extensions ['python_setup_py']
[1.940s] Level 1:colcon.colcon_core.package_identification:_identify(.) by extension 'python_setup_py'
[1.941s] Level 1:colcon.colcon_core.package_identification:_identify(build) by extensions ['ignore', 'ignore_ament_install']
[1.941s] Level 1:colcon.colcon_core.package_identification:_identify(build) by extension 'ignore'
[1.941s] Level 1:colcon.colcon_core.package_identification:_identify(build) ignored
[1.941s] Level 1:colcon.colcon_core.package_identification:_identify(install) by extensions ['ignore', 'ignore_ament_install']
[1.941s] Level 1:colcon.colcon_core.package_identification:_identify(install) by extension 'ignore'
[1.941s] Level 1:colcon.colcon_core.package_identification:_identify(install) ignored
[1.941s] Level 1:colcon.colcon_core.package_identification:_identify(log) by extensions ['ignore', 'ignore_ament_install']
[1.941s] Level 1:colcon.colcon_core.package_identification:_identify(log) by extension 'ignore'
[1.941s] Level 1:colcon.colcon_core.package_identification:_identify(log) ignored
[1.941s] Level 1:colcon.colcon_core.package_identification:_identify(src) by extensions ['ignore', 'ignore_ament_install']
[1.941s] Level 1:colcon.colcon_core.package_identification:_identify(src) by extension 'ignore'
[1.941s] Level 1:colcon.colcon_core.package_identification:_identify(src) by extension 'ignore_ament_install'
[1.941s] Level 1:colcon.colcon_core.package_identification:_identify(src) by extensions ['colcon_pkg']
[1.941s] Level 1:colcon.colcon_core.package_identification:_identify(src) by extension 'colcon_pkg'
[1.941s] Level 1:colcon.colcon_core.package_identification:_identify(src) by extensions ['colcon_meta']
[1.941s] Level 1:colcon.colcon_core.package_identification:_identify(src) by extension 'colcon_meta'
[1.941s] Level 1:colcon.colcon_core.package_identification:_identify(src) by extensions ['ros']
[1.941s] Level 1:colcon.colcon_core.package_identification:_identify(src) by extension 'ros'
[1.941s] Level 1:colcon.colcon_core.package_identification:_identify(src) by extensions ['cmake', 'python']
[1.941s] Level 1:colcon.colcon_core.package_identification:_identify(src) by extension 'cmake'
[1.942s] Level 1:colcon.colcon_core.package_identification:_identify(src) by extension 'python'
[1.942s] Level 1:colcon.colcon_core.package_identification:_identify(src) by extensions ['python_setup_py']
[1.942s] Level 1:colcon.colcon_core.package_identification:_identify(src) by extension 'python_setup_py'
[1.942s] Level 1:colcon.colcon_core.package_identification:_identify(src/articubot_one) by extensions ['ignore', 'ignore_ament_install']
[1.942s] Level 1:colcon.colcon_core.package_identification:_identify(src/articubot_one) by extension 'ignore'
[1.942s] Level 1:colcon.colcon_core.package_identification:_identify(src/articubot_one) by extension 'ignore_ament_install'
[1.942s] Level 1:colcon.colcon_core.package_identification:_identify(src/articubot_one) by extensions ['colcon_pkg']
[1.942s] Level 1:colcon.colcon_core.package_identification:_identify(src/articubot_one) by extension 'colcon_pkg'
[1.942s] Level 1:colcon.colcon_core.package_identification:_identify(src/articubot_one) by extensions ['colcon_meta']
[1.942s] Level 1:colcon.colcon_core.package_identification:_identify(src/articubot_one) by extension 'colcon_meta'
[1.942s] Level 1:colcon.colcon_core.package_identification:_identify(src/articubot_one) by extensions ['ros']
[1.942s] Level 1:colcon.colcon_core.package_identification:_identify(src/articubot_one) by extension 'ros'
[1.944s] DEBUG:colcon.colcon_core.package_identification:Package 'src/articubot_one' with type 'ros.ament_cmake' and name 'articubot_one'
[1.944s] Level 1:colcon.colcon_core.package_identification:_identify(src/csm) by extensions ['ignore', 'ignore_ament_install']
[1.944s] Level 1:colcon.colcon_core.package_identification:_identify(src/csm) by extension 'ignore'
[1.944s] Level 1:colcon.colcon_core.package_identification:_identify(src/csm) by extension 'ignore_ament_install'
[1.944s] Level 1:colcon.colcon_core.package_identification:_identify(src/csm) by extensions ['colcon_pkg']
[1.944s] Level 1:colcon.colcon_core.package_identification:_identify(src/csm) by extension 'colcon_pkg'
[1.944s] Level 1:colcon.colcon_core.package_identification:_identify(src/csm) by extensions ['colcon_meta']
[1.944s] Level 1:colcon.colcon_core.package_identification:_identify(src/csm) by extension 'colcon_meta'
[1.944s] Level 1:colcon.colcon_core.package_identification:_identify(src/csm) by extensions ['ros']
[1.944s] Level 1:colcon.colcon_core.package_identification:_identify(src/csm) by extension 'ros'
[1.945s] DEBUG:colcon.colcon_core.package_identification:Package 'src/csm' with type 'ros.ament_cmake' and name 'csm'
[1.945s] Level 1:colcon.colcon_core.package_identification:_identify(src/hoverBoardController) by extensions ['ignore', 'ignore_ament_install']
[1.945s] Level 1:colcon.colcon_core.package_identification:_identify(src/hoverBoardController) by extension 'ignore'
[1.945s] Level 1:colcon.colcon_core.package_identification:_identify(src/hoverBoardController) by extension 'ignore_ament_install'
[1.945s] Level 1:colcon.colcon_core.package_identification:_identify(src/hoverBoardController) by extensions ['colcon_pkg']
[1.945s] Level 1:colcon.colcon_core.package_identification:_identify(src/hoverBoardController) by extension 'colcon_pkg'
[1.945s] Level 1:colcon.colcon_core.package_identification:_identify(src/hoverBoardController) by extensions ['colcon_meta']
[1.945s] Level 1:colcon.colcon_core.package_identification:_identify(src/hoverBoardController) by extension 'colcon_meta'
[1.945s] Level 1:colcon.colcon_core.package_identification:_identify(src/hoverBoardController) by extensions ['ros']
[1.945s] Level 1:colcon.colcon_core.package_identification:_identify(src/hoverBoardController) by extension 'ros'
[1.945s] DEBUG:colcon.colcon_core.package_identification:Package 'src/hoverBoardController' with type 'ros.ament_python' and name 'hoverBoardController'
[1.945s] Level 1:colcon.colcon_core.package_identification:_identify(src/ros2_laser_scan_matcher) by extensions ['ignore', 'ignore_ament_install']
[1.945s] Level 1:colcon.colcon_core.package_identification:_identify(src/ros2_laser_scan_matcher) by extension 'ignore'
[1.946s] Level 1:colcon.colcon_core.package_identification:_identify(src/ros2_laser_scan_matcher) by extension 'ignore_ament_install'
[1.946s] Level 1:colcon.colcon_core.package_identification:_identify(src/ros2_laser_scan_matcher) by extensions ['colcon_pkg']
[1.946s] Level 1:colcon.colcon_core.package_identification:_identify(src/ros2_laser_scan_matcher) by extension 'colcon_pkg'
[1.946s] Level 1:colcon.colcon_core.package_identification:_identify(src/ros2_laser_scan_matcher) by extensions ['colcon_meta']
[1.946s] Level 1:colcon.colcon_core.package_identification:_identify(src/ros2_laser_scan_matcher) by extension 'colcon_meta'
[1.946s] Level 1:colcon.colcon_core.package_identification:_identify(src/ros2_laser_scan_matcher) by extensions ['ros']
[1.946s] Level 1:colcon.colcon_core.package_identification:_identify(src/ros2_laser_scan_matcher) by extension 'ros'
[1.946s] DEBUG:colcon.colcon_core.package_identification:Package 'src/ros2_laser_scan_matcher' with type 'ros.ament_cmake' and name 'ros2_laser_scan_matcher'
[1.946s] Level 1:colcon.colcon_core.package_identification:_identify(src/rplidar_ros2) by extensions ['ignore', 'ignore_ament_install']
[1.946s] Level 1:colcon.colcon_core.package_identification:_identify(src/rplidar_ros2) by extension 'ignore'
[1.946s] Level 1:colcon.colcon_core.package_identification:_identify(src/rplidar_ros2) by extension 'ignore_ament_install'
[1.946s] Level 1:colcon.colcon_core.package_identification:_identify(src/rplidar_ros2) by extensions ['colcon_pkg']
[1.946s] Level 1:colcon.colcon_core.package_identification:_identify(src/rplidar_ros2) by extension 'colcon_pkg'
[1.946s] Level 1:colcon.colcon_core.package_identification:_identify(src/rplidar_ros2) by extensions ['colcon_meta']
[1.947s] Level 1:colcon.colcon_core.package_identification:_identify(src/rplidar_ros2) by extension 'colcon_meta'
[1.947s] Level 1:colcon.colcon_core.package_identification:_identify(src/rplidar_ros2) by extensions ['ros']
[1.947s] Level 1:colcon.colcon_core.package_identification:_identify(src/rplidar_ros2) by extension 'ros'
[1.947s] DEBUG:colcon.colcon_core.package_identification:Package 'src/rplidar_ros2' with type 'ros.ament_cmake' and name 'rplidar_ros'
[1.947s] Level 1:colcon.colcon_core.package_identification:_identify(src/slam_toolbox) by extensions ['ignore', 'ignore_ament_install']
[1.947s] Level 1:colcon.colcon_core.package_identification:_identify(src/slam_toolbox) by extension 'ignore'
[1.947s] Level 1:colcon.colcon_core.package_identification:_identify(src/slam_toolbox) by extension 'ignore_ament_install'
[1.947s] Level 1:colcon.colcon_core.package_identification:_identify(src/slam_toolbox) by extensions ['colcon_pkg']
[1.947s] Level 1:colcon.colcon_core.package_identification:_identify(src/slam_toolbox) by extension 'colcon_pkg'
[1.947s] Level 1:colcon.colcon_core.package_identification:_identify(src/slam_toolbox) by extensions ['colcon_meta']
[1.947s] Level 1:colcon.colcon_core.package_identification:_identify(src/slam_toolbox) by extension 'colcon_meta'
[1.947s] Level 1:colcon.colcon_core.package_identification:_identify(src/slam_toolbox) by extensions ['ros']
[1.947s] Level 1:colcon.colcon_core.package_identification:_identify(src/slam_toolbox) by extension 'ros'
[1.949s] DEBUG:colcon.colcon_core.package_identification:Package 'src/slam_toolbox' with type 'ros.ament_cmake' and name 'slam_toolbox'
[1.949s] Level 1:colcon.colcon_core.package_discovery:discover_packages(recursive) using defaults
[1.949s] Level 1:colcon.colcon_core.package_discovery:discover_packages(ignore) discover
[1.949s] Level 1:colcon.colcon_core.package_discovery:discover_packages(ignore) using defaults
[1.949s] Level 1:colcon.colcon_core.package_discovery:discover_packages(path) discover
[1.949s] Level 1:colcon.colcon_core.package_discovery:discover_packages(path) using defaults
[2.121s] Level 1:colcon.colcon_core.package_discovery:discover_packages(prefix_path) check parameters
[2.122s] Level 1:colcon.colcon_core.package_discovery:discover_packages(prefix_path) discover
[2.194s] DEBUG:colcon.colcon_installed_package_information.package_discovery:Found 23 installed packages in /home/qty/ros2_ws/install
[2.226s] DEBUG:colcon.colcon_installed_package_information.package_discovery:Found 275 installed packages in /opt/ros/foxy
[2.227s] Level 1:colcon.colcon_core.package_discovery:discover_packages(prefix_path) using defaults
[2.351s] Level 5:colcon.colcon_core.verb:set package 'articubot_one' build argument 'cmake_args' from command line to 'None'
[2.351s] Level 5:colcon.colcon_core.verb:set package 'articubot_one' build argument 'cmake_target' from command line to 'None'
[2.351s] Level 5:colcon.colcon_core.verb:set package 'articubot_one' build argument 'cmake_target_skip_unavailable' from command line to 'False'
[2.351s] Level 5:colcon.colcon_core.verb:set package 'articubot_one' build argument 'cmake_clean_cache' from command line to 'False'
[2.351s] Level 5:colcon.colcon_core.verb:set package 'articubot_one' build argument 'cmake_clean_first' from command line to 'False'
[2.351s] Level 5:colcon.colcon_core.verb:set package 'articubot_one' build argument 'cmake_force_configure' from command line to 'False'
[2.351s] Level 5:colcon.colcon_core.verb:set package 'articubot_one' build argument 'ament_cmake_args' from command line to 'None'
[2.351s] Level 5:colcon.colcon_core.verb:set package 'articubot_one' build argument 'catkin_cmake_args' from command line to 'None'
[2.351s] Level 5:colcon.colcon_core.verb:set package 'articubot_one' build argument 'catkin_skip_building_tests' from command line to 'False'
[2.351s] DEBUG:colcon.colcon_core.verb:Building package 'articubot_one' with the following arguments: {'ament_cmake_args': None, 'build_base': '/home/qty/ros2_ws/build/articubot_one', 'catkin_cmake_args': None, 'catkin_skip_building_tests': False, 'cmake_args': None, 'cmake_clean_cache': False, 'cmake_clean_first': False, 'cmake_force_configure': False, 'cmake_target': None, 'cmake_target_skip_unavailable': False, 'install_base': '/home/qty/ros2_ws/install/articubot_one', 'merge_install': False, 'path': '/home/qty/ros2_ws/src/articubot_one', 'symlink_install': True, 'test_result_base': None}
[2.382s] Level 5:colcon.colcon_core.verb:set package 'csm' build argument 'cmake_args' from command line to 'None'
[2.382s] Level 5:colcon.colcon_core.verb:set package 'csm' build argument 'cmake_target' from command line to 'None'
[2.382s] Level 5:colcon.colcon_core.verb:set package 'csm' build argument 'cmake_target_skip_unavailable' from command line to 'False'
[2.382s] Level 5:colcon.colcon_core.verb:set package 'csm' build argument 'cmake_clean_cache' from command line to 'False'
[2.382s] Level 5:colcon.colcon_core.verb:set package 'csm' build argument 'cmake_clean_first' from command line to 'False'
[2.382s] Level 5:colcon.colcon_core.verb:set package 'csm' build argument 'cmake_force_configure' from command line to 'False'
[2.382s] Level 5:colcon.colcon_core.verb:set package 'csm' build argument 'ament_cmake_args' from command line to 'None'
[2.382s] Level 5:colcon.colcon_core.verb:set package 'csm' build argument 'catkin_cmake_args' from command line to 'None'
[2.382s] Level 5:colcon.colcon_core.verb:set package 'csm' build argument 'catkin_skip_building_tests' from command line to 'False'
[2.382s] DEBUG:colcon.colcon_core.verb:Building package 'csm' with the following arguments: {'ament_cmake_args': None, 'build_base': '/home/qty/ros2_ws/build/csm', 'catkin_cmake_args': None, 'catkin_skip_building_tests': False, 'cmake_args': None, 'cmake_clean_cache': False, 'cmake_clean_first': False, 'cmake_force_configure': False, 'cmake_target': None, 'cmake_target_skip_unavailable': False, 'install_base': '/home/qty/ros2_ws/install/csm', 'merge_install': False, 'path': '/home/qty/ros2_ws/src/csm', 'symlink_install': True, 'test_result_base': None}
[2.411s] Level 5:colcon.colcon_core.verb:set package 'hoverBoardController' build argument 'cmake_args' from command line to 'None'
[2.411s] Level 5:colcon.colcon_core.verb:set package 'hoverBoardController' build argument 'cmake_target' from command line to 'None'
[2.411s] Level 5:colcon.colcon_core.verb:set package 'hoverBoardController' build argument 'cmake_target_skip_unavailable' from command line to 'False'
[2.411s] Level 5:colcon.colcon_core.verb:set package 'hoverBoardController' build argument 'cmake_clean_cache' from command line to 'False'
[2.411s] Level 5:colcon.colcon_core.verb:set package 'hoverBoardController' build argument 'cmake_clean_first' from command line to 'False'
[2.411s] Level 5:colcon.colcon_core.verb:set package 'hoverBoardController' build argument 'cmake_force_configure' from command line to 'False'
[2.411s] Level 5:colcon.colcon_core.verb:set package 'hoverBoardController' build argument 'ament_cmake_args' from command line to 'None'
[2.411s] Level 5:colcon.colcon_core.verb:set package 'hoverBoardController' build argument 'catkin_cmake_args' from command line to 'None'
[2.411s] Level 5:colcon.colcon_core.verb:set package 'hoverBoardController' build argument 'catkin_skip_building_tests' from command line to 'False'
[2.411s] DEBUG:colcon.colcon_core.verb:Building package 'hoverBoardController' with the following arguments: {'ament_cmake_args': None, 'build_base': '/home/qty/ros2_ws/build/hoverBoardController', 'catkin_cmake_args': None, 'catkin_skip_building_tests': False, 'cmake_args': None, 'cmake_clean_cache': False, 'cmake_clean_first': False, 'cmake_force_configure': False, 'cmake_target': None, 'cmake_target_skip_unavailable': False, 'install_base': '/home/qty/ros2_ws/install/hoverBoardController', 'merge_install': False, 'path': '/home/qty/ros2_ws/src/hoverBoardController', 'symlink_install': True, 'test_result_base': None}
[2.440s] Level 5:colcon.colcon_core.verb:set package 'rplidar_ros' build argument 'cmake_args' from command line to 'None'
[2.440s] Level 5:colcon.colcon_core.verb:set package 'rplidar_ros' build argument 'cmake_target' from command line to 'None'
[2.440s] Level 5:colcon.colcon_core.verb:set package 'rplidar_ros' build argument 'cmake_target_skip_unavailable' from command line to 'False'
[2.440s] Level 5:colcon.colcon_core.verb:set package 'rplidar_ros' build argument 'cmake_clean_cache' from command line to 'False'
[2.440s] Level 5:colcon.colcon_core.verb:set package 'rplidar_ros' build argument 'cmake_clean_first' from command line to 'False'
[2.440s] Level 5:colcon.colcon_core.verb:set package 'rplidar_ros' build argument 'cmake_force_configure' from command line to 'False'
[2.440s] Level 5:colcon.colcon_core.verb:set package 'rplidar_ros' build argument 'ament_cmake_args' from command line to 'None'
[2.440s] Level 5:colcon.colcon_core.verb:set package 'rplidar_ros' build argument 'catkin_cmake_args' from command line to 'None'
[2.440s] Level 5:colcon.colcon_core.verb:set package 'rplidar_ros' build argument 'catkin_skip_building_tests' from command line to 'False'
[2.440s] DEBUG:colcon.colcon_core.verb:Building package 'rplidar_ros' with the following arguments: {'ament_cmake_args': None, 'build_base': '/home/qty/ros2_ws/build/rplidar_ros', 'catkin_cmake_args': None, 'catkin_skip_building_tests': False, 'cmake_args': None, 'cmake_clean_cache': False, 'cmake_clean_first': False, 'cmake_force_configure': False, 'cmake_target': None, 'cmake_target_skip_unavailable': False, 'install_base': '/home/qty/ros2_ws/install/rplidar_ros', 'merge_install': False, 'path': '/home/qty/ros2_ws/src/rplidar_ros2', 'symlink_install': True, 'test_result_base': None}
[2.469s] Level 5:colcon.colcon_core.verb:set package 'slam_toolbox' build argument 'cmake_args' from command line to 'None'
[2.469s] Level 5:colcon.colcon_core.verb:set package 'slam_toolbox' build argument 'cmake_target' from command line to 'None'
[2.469s] Level 5:colcon.colcon_core.verb:set package 'slam_toolbox' build argument 'cmake_target_skip_unavailable' from command line to 'False'
[2.469s] Level 5:colcon.colcon_core.verb:set package 'slam_toolbox' build argument 'cmake_clean_cache' from command line to 'False'
[2.469s] Level 5:colcon.colcon_core.verb:set package 'slam_toolbox' build argument 'cmake_clean_first' from command line to 'False'
[2.469s] Level 5:colcon.colcon_core.verb:set package 'slam_toolbox' build argument 'cmake_force_configure' from command line to 'False'
[2.469s] Level 5:colcon.colcon_core.verb:set package 'slam_toolbox' build argument 'ament_cmake_args' from command line to 'None'
[2.469s] Level 5:colcon.colcon_core.verb:set package 'slam_toolbox' build argument 'catkin_cmake_args' from command line to 'None'
[2.469s] Level 5:colcon.colcon_core.verb:set package 'slam_toolbox' build argument 'catkin_skip_building_tests' from command line to 'False'
[2.469s] DEBUG:colcon.colcon_core.verb:Building package 'slam_toolbox' with the following arguments: {'ament_cmake_args': None, 'build_base': '/home/qty/ros2_ws/build/slam_toolbox', 'catkin_cmake_args': None, 'catkin_skip_building_tests': False, 'cmake_args': None, 'cmake_clean_cache': False, 'cmake_clean_first': False, 'cmake_force_configure': False, 'cmake_target': None, 'cmake_target_skip_unavailable': False, 'install_base': '/home/qty/ros2_ws/install/slam_toolbox', 'merge_install': False, 'path': '/home/qty/ros2_ws/src/slam_toolbox', 'symlink_install': True, 'test_result_base': None}
[2.498s] Level 5:colcon.colcon_core.verb:set package 'ros2_laser_scan_matcher' build argument 'cmake_args' from command line to 'None'
[2.498s] Level 5:colcon.colcon_core.verb:set package 'ros2_laser_scan_matcher' build argument 'cmake_target' from command line to 'None'
[2.498s] Level 5:colcon.colcon_core.verb:set package 'ros2_laser_scan_matcher' build argument 'cmake_target_skip_unavailable' from command line to 'False'
[2.498s] Level 5:colcon.colcon_core.verb:set package 'ros2_laser_scan_matcher' build argument 'cmake_clean_cache' from command line to 'False'
[2.498s] Level 5:colcon.colcon_core.verb:set package 'ros2_laser_scan_matcher' build argument 'cmake_clean_first' from command line to 'False'
[2.498s] Level 5:colcon.colcon_core.verb:set package 'ros2_laser_scan_matcher' build argument 'cmake_force_configure' from command line to 'False'
[2.498s] Level 5:colcon.colcon_core.verb:set package 'ros2_laser_scan_matcher' build argument 'ament_cmake_args' from command line to 'None'
[2.498s] Level 5:colcon.colcon_core.verb:set package 'ros2_laser_scan_matcher' build argument 'catkin_cmake_args' from command line to 'None'
[2.498s] Level 5:colcon.colcon_core.verb:set package 'ros2_laser_scan_matcher' build argument 'catkin_skip_building_tests' from command line to 'False'
[2.498s] DEBUG:colcon.colcon_core.verb:Building package 'ros2_laser_scan_matcher' with the following arguments: {'ament_cmake_args': None, 'build_base': '/home/qty/ros2_ws/build/ros2_laser_scan_matcher', 'catkin_cmake_args': None, 'catkin_skip_building_tests': False, 'cmake_args': None, 'cmake_clean_cache': False, 'cmake_clean_first': False, 'cmake_force_configure': False, 'cmake_target': None, 'cmake_target_skip_unavailable': False, 'install_base': '/home/qty/ros2_ws/install/ros2_laser_scan_matcher', 'merge_install': False, 'path': '/home/qty/ros2_ws/src/ros2_laser_scan_matcher', 'symlink_install': True, 'test_result_base': None}
[2.526s] INFO:colcon.colcon_core.executor:Executing jobs using 'parallel' executor
[2.554s] DEBUG:colcon.colcon_parallel_executor.executor.parallel:run_until_complete
[2.554s] INFO:colcon.colcon_ros.task.ament_cmake.build:Building ROS package in '/home/qty/ros2_ws/src/csm' with build type 'ament_cmake'
[2.554s] INFO:colcon.colcon_cmake.task.cmake.build:Building CMake package in '/home/qty/ros2_ws/src/csm'
[2.584s] INFO:colcon.colcon_core.plugin_system:Skipping extension 'colcon_core.shell.bat': Not used on non-Windows systems
[2.584s] INFO:colcon.colcon_core.shell:Skip shell extension 'powershell' for command environment: Not usable outside of PowerShell
[2.584s] DEBUG:colcon.colcon_core.shell:Skip shell extension 'dsv' for command environment
[2.680s] INFO:colcon.colcon_ros.task.ament_cmake.build:Building ROS package in '/home/qty/ros2_ws/src/articubot_one' with build type 'ament_cmake'
[2.680s] INFO:colcon.colcon_cmake.task.cmake.build:Building CMake package in '/home/qty/ros2_ws/src/articubot_one'
[2.710s] INFO:colcon.colcon_core.shell:Skip shell extension 'powershell' for command environment: Not usable outside of PowerShell
[2.710s] DEBUG:colcon.colcon_core.shell:Skip shell extension 'dsv' for command environment
[2.801s] INFO:colcon.colcon_ros.task.ament_python.build:Building ROS package in '/home/qty/ros2_ws/src/hoverBoardController' with build type 'ament_python'
[2.801s] Level 1:colcon.colcon_core.shell:create_environment_hook('hoverBoardController', 'ament_prefix_path')
[2.832s] INFO:colcon.colcon_core.shell:Creating environment hook '/home/qty/ros2_ws/install/hoverBoardController/share/hoverBoardController/hook/ament_prefix_path.ps1'
[2.833s] INFO:colcon.colcon_core.shell:Creating environment descriptor '/home/qty/ros2_ws/install/hoverBoardController/share/hoverBoardController/hook/ament_prefix_path.dsv'
[2.833s] INFO:colcon.colcon_core.shell:Creating environment hook '/home/qty/ros2_ws/install/hoverBoardController/share/hoverBoardController/hook/ament_prefix_path.sh'
[2.862s] INFO:colcon.colcon_core.shell:Skip shell extension 'powershell' for command environment: Not usable outside of PowerShell
[2.862s] DEBUG:colcon.colcon_core.shell:Skip shell extension 'dsv' for command environment
[2.952s] INFO:colcon.colcon_ros.task.ament_cmake.build:Building ROS package in '/home/qty/ros2_ws/src/rplidar_ros2' with build type 'ament_cmake'
[2.952s] INFO:colcon.colcon_cmake.task.cmake.build:Building CMake package in '/home/qty/ros2_ws/src/rplidar_ros2'
[2.982s] INFO:colcon.colcon_core.shell:Skip shell extension 'powershell' for command environment: Not usable outside of PowerShell
[2.982s] DEBUG:colcon.colcon_core.shell:Skip shell extension 'dsv' for command environment
[3.071s] INFO:colcon.colcon_ros.task.ament_cmake.build:Building ROS package in '/home/qty/ros2_ws/src/slam_toolbox' with build type 'ament_cmake'
[3.071s] INFO:colcon.colcon_cmake.task.cmake.build:Building CMake package in '/home/qty/ros2_ws/src/slam_toolbox'
[3.101s] INFO:colcon.colcon_core.shell:Skip shell extension 'powershell' for command environment: Not usable outside of PowerShell
[3.101s] DEBUG:colcon.colcon_core.shell:Skip shell extension 'dsv' for command environment
[3.196s] DEBUG:colcon.colcon_core.event_handler.log_command:Invoking command in '/home/qty/ros2_ws/build/csm': CMAKE_PREFIX_PATH=${CMAKE_PREFIX_PATH}:/home/qty/ros2_ws/install/hoverBoardController:/home/qty/ros2_ws/install/examples_rclpy_minimal_subscriber:/home/qty/ros2_ws/install/examples_rclpy_minimal_service:/home/qty/ros2_ws/install/examples_rclpy_minimal_publisher:/home/qty/ros2_ws/install/examples_rclpy_minimal_client:/home/qty/ros2_ws/install/examples_rclpy_minimal_action_server:/home/qty/ros2_ws/install/examples_rclpy_minimal_action_client:/home/qty/ros2_ws/install/examples_rclpy_executors:/opt/ros/foxy /usr/bin/cmake --build /home/qty/ros2_ws/build/csm -- -j16 -l16
[3.198s] DEBUG:colcon.colcon_core.event_handler.log_command:Invoking command in '/home/qty/ros2_ws/build/articubot_one': CMAKE_PREFIX_PATH=${CMAKE_PREFIX_PATH}:/home/qty/ros2_ws/install/hoverBoardController:/home/qty/ros2_ws/install/examples_rclpy_minimal_subscriber:/home/qty/ros2_ws/install/examples_rclpy_minimal_service:/home/qty/ros2_ws/install/examples_rclpy_minimal_publisher:/home/qty/ros2_ws/install/examples_rclpy_minimal_client:/home/qty/ros2_ws/install/examples_rclpy_minimal_action_server:/home/qty/ros2_ws/install/examples_rclpy_minimal_action_client:/home/qty/ros2_ws/install/examples_rclpy_executors:/opt/ros/foxy /usr/bin/cmake --build /home/qty/ros2_ws/build/articubot_one -- -j16 -l16
[3.372s] INFO:colcon.colcon_core.task.python.build:Building Python package in '/home/qty/ros2_ws/src/hoverBoardController'
[3.402s] INFO:colcon.colcon_core.shell:Skip shell extension 'powershell' for command environment: Not usable outside of PowerShell
[3.402s] DEBUG:colcon.colcon_core.shell:Skip shell extension 'dsv' for command environment
[3.495s] DEBUG:colcon.colcon_core.event_handler.log_command:Invoking command in '/home/qty/ros2_ws/build/rplidar_ros': CMAKE_PREFIX_PATH=${CMAKE_PREFIX_PATH}:/home/qty/ros2_ws/install/hoverBoardController:/home/qty/ros2_ws/install/examples_rclpy_minimal_subscriber:/home/qty/ros2_ws/install/examples_rclpy_minimal_service:/home/qty/ros2_ws/install/examples_rclpy_minimal_publisher:/home/qty/ros2_ws/install/examples_rclpy_minimal_client:/home/qty/ros2_ws/install/examples_rclpy_minimal_action_server:/home/qty/ros2_ws/install/examples_rclpy_minimal_action_client:/home/qty/ros2_ws/install/examples_rclpy_executors:/opt/ros/foxy /usr/bin/cmake --build /home/qty/ros2_ws/build/rplidar_ros -- -j16 -l16
[3.497s] DEBUG:colcon.colcon_core.event_handler.log_command:Invoking command in '/home/qty/ros2_ws/build/slam_toolbox': CMAKE_PREFIX_PATH=${CMAKE_PREFIX_PATH}:/home/qty/ros2_ws/install/hoverBoardController:/home/qty/ros2_ws/install/examples_rclpy_minimal_subscriber:/home/qty/ros2_ws/install/examples_rclpy_minimal_service:/home/qty/ros2_ws/install/examples_rclpy_minimal_publisher:/home/qty/ros2_ws/install/examples_rclpy_minimal_client:/home/qty/ros2_ws/install/examples_rclpy_minimal_action_server:/home/qty/ros2_ws/install/examples_rclpy_minimal_action_client:/home/qty/ros2_ws/install/examples_rclpy_executors:/opt/ros/foxy /usr/bin/cmake --build /home/qty/ros2_ws/build/slam_toolbox -- -j16 -l16
[3.500s] DEBUG:colcon.colcon_core.event_handler.log_command:Invoked command in '/home/qty/ros2_ws/build/csm' returned '0': CMAKE_PREFIX_PATH=${CMAKE_PREFIX_PATH}:/home/qty/ros2_ws/install/hoverBoardController:/home/qty/ros2_ws/install/examples_rclpy_minimal_subscriber:/home/qty/ros2_ws/install/examples_rclpy_minimal_service:/home/qty/ros2_ws/install/examples_rclpy_minimal_publisher:/home/qty/ros2_ws/install/examples_rclpy_minimal_client:/home/qty/ros2_ws/install/examples_rclpy_minimal_action_server:/home/qty/ros2_ws/install/examples_rclpy_minimal_action_client:/home/qty/ros2_ws/install/examples_rclpy_executors:/opt/ros/foxy /usr/bin/cmake --build /home/qty/ros2_ws/build/csm -- -j16 -l16
[3.503s] DEBUG:colcon.colcon_core.event_handler.log_command:Invoked command in '/home/qty/ros2_ws/build/articubot_one' returned '0': CMAKE_PREFIX_PATH=${CMAKE_PREFIX_PATH}:/home/qty/ros2_ws/install/hoverBoardController:/home/qty/ros2_ws/install/examples_rclpy_minimal_subscriber:/home/qty/ros2_ws/install/examples_rclpy_minimal_service:/home/qty/ros2_ws/install/examples_rclpy_minimal_publisher:/home/qty/ros2_ws/install/examples_rclpy_minimal_client:/home/qty/ros2_ws/install/examples_rclpy_minimal_action_server:/home/qty/ros2_ws/install/examples_rclpy_minimal_action_client:/home/qty/ros2_ws/install/examples_rclpy_executors:/opt/ros/foxy /usr/bin/cmake --build /home/qty/ros2_ws/build/articubot_one -- -j16 -l16
[3.532s] DEBUG:colcon.colcon_core.event_handler.log_command:Invoking command in '/home/qty/ros2_ws/build/articubot_one': CMAKE_PREFIX_PATH=${CMAKE_PREFIX_PATH}:/home/qty/ros2_ws/install/hoverBoardController:/home/qty/ros2_ws/install/examples_rclpy_minimal_subscriber:/home/qty/ros2_ws/install/examples_rclpy_minimal_service:/home/qty/ros2_ws/install/examples_rclpy_minimal_publisher:/home/qty/ros2_ws/install/examples_rclpy_minimal_client:/home/qty/ros2_ws/install/examples_rclpy_minimal_action_server:/home/qty/ros2_ws/install/examples_rclpy_minimal_action_client:/home/qty/ros2_ws/install/examples_rclpy_executors:/opt/ros/foxy /usr/bin/cmake --install /home/qty/ros2_ws/build/articubot_one
[3.551s] DEBUG:colcon.colcon_core.event_handler.log_command:Invoking command in '/home/qty/ros2_ws/build/csm': CMAKE_PREFIX_PATH=${CMAKE_PREFIX_PATH}:/home/qty/ros2_ws/install/hoverBoardController:/home/qty/ros2_ws/install/examples_rclpy_minimal_subscriber:/home/qty/ros2_ws/install/examples_rclpy_minimal_service:/home/qty/ros2_ws/install/examples_rclpy_minimal_publisher:/home/qty/ros2_ws/install/examples_rclpy_minimal_client:/home/qty/ros2_ws/install/examples_rclpy_minimal_action_server:/home/qty/ros2_ws/install/examples_rclpy_minimal_action_client:/home/qty/ros2_ws/install/examples_rclpy_executors:/opt/ros/foxy /usr/bin/cmake --install /home/qty/ros2_ws/build/csm
[3.563s] Level 1:colcon.colcon_core.environment:create_environment_scripts_only(articubot_one)
[3.563s] DEBUG:colcon.colcon_core.event_handler.log_command:Invoked command in '/home/qty/ros2_ws/build/articubot_one' returned '0': CMAKE_PREFIX_PATH=${CMAKE_PREFIX_PATH}:/home/qty/ros2_ws/install/hoverBoardController:/home/qty/ros2_ws/install/examples_rclpy_minimal_subscriber:/home/qty/ros2_ws/install/examples_rclpy_minimal_service:/home/qty/ros2_ws/install/examples_rclpy_minimal_publisher:/home/qty/ros2_ws/install/examples_rclpy_minimal_client:/home/qty/ros2_ws/install/examples_rclpy_minimal_action_server:/home/qty/ros2_ws/install/examples_rclpy_minimal_action_client:/home/qty/ros2_ws/install/examples_rclpy_executors:/opt/ros/foxy /usr/bin/cmake --install /home/qty/ros2_ws/build/articubot_one
[3.603s] Level 1:colcon.colcon_core.environment:checking '/home/qty/ros2_ws/install/articubot_one' for CMake module files
[3.604s] Level 1:colcon.colcon_core.environment:checking '/home/qty/ros2_ws/install/articubot_one' for CMake config files
[3.604s] Level 1:colcon.colcon_core.shell:create_environment_hook('articubot_one', 'cmake_prefix_path')
[3.637s] INFO:colcon.colcon_core.shell:Creating environment hook '/home/qty/ros2_ws/install/articubot_one/share/articubot_one/hook/cmake_prefix_path.ps1'
[3.638s] INFO:colcon.colcon_core.shell:Creating environment descriptor '/home/qty/ros2_ws/install/articubot_one/share/articubot_one/hook/cmake_prefix_path.dsv'
[3.638s] INFO:colcon.colcon_core.shell:Creating environment hook '/home/qty/ros2_ws/install/articubot_one/share/articubot_one/hook/cmake_prefix_path.sh'
[3.639s] Level 1:colcon.colcon_core.environment:checking '/home/qty/ros2_ws/install/articubot_one/bin'
[3.639s] Level 1:colcon.colcon_core.environment:checking '/home/qty/ros2_ws/install/articubot_one/lib/pkgconfig/articubot_one.pc'
[3.639s] Level 1:colcon.colcon_core.environment:checking '/home/qty/ros2_ws/install/articubot_one/lib/python3.8/site-packages'
[3.639s] Level 1:colcon.colcon_core.environment:checking '/home/qty/ros2_ws/install/articubot_one/bin'
[3.681s] INFO:colcon.colcon_core.shell:Creating package script '/home/qty/ros2_ws/install/articubot_one/share/articubot_one/package.ps1'
[3.682s] INFO:colcon.colcon_core.shell:Creating package descriptor '/home/qty/ros2_ws/install/articubot_one/share/articubot_one/package.dsv'
[3.682s] INFO:colcon.colcon_core.shell:Creating package script '/home/qty/ros2_ws/install/articubot_one/share/articubot_one/package.sh'
[3.683s] INFO:colcon.colcon_core.shell:Creating package script '/home/qty/ros2_ws/install/articubot_one/share/articubot_one/package.bash'
[3.683s] INFO:colcon.colcon_core.shell:Creating package script '/home/qty/ros2_ws/install/articubot_one/share/articubot_one/package.zsh'
[3.684s] Level 1:colcon.colcon_core.environment:create_file_with_runtime_dependencies(/home/qty/ros2_ws/install/articubot_one/share/colcon-core/packages/articubot_one)
[3.688s] Level 1:colcon.colcon_core.environment:create_environment_scripts_only(csm)
[3.689s] DEBUG:colcon.colcon_core.event_handler.log_command:Invoked command in '/home/qty/ros2_ws/build/csm' returned '0': CMAKE_PREFIX_PATH=${CMAKE_PREFIX_PATH}:/home/qty/ros2_ws/install/hoverBoardController:/home/qty/ros2_ws/install/examples_rclpy_minimal_subscriber:/home/qty/ros2_ws/install/examples_rclpy_minimal_service:/home/qty/ros2_ws/install/examples_rclpy_minimal_publisher:/home/qty/ros2_ws/install/examples_rclpy_minimal_client:/home/qty/ros2_ws/install/examples_rclpy_minimal_action_server:/home/qty/ros2_ws/install/examples_rclpy_minimal_action_client:/home/qty/ros2_ws/install/examples_rclpy_executors:/opt/ros/foxy /usr/bin/cmake --install /home/qty/ros2_ws/build/csm
[3.745s] Level 1:colcon.colcon_core.environment:checking '/home/qty/ros2_ws/install/csm' for CMake module files
[3.746s] Level 1:colcon.colcon_core.environment:checking '/home/qty/ros2_ws/install/csm' for CMake config files
[3.746s] Level 1:colcon.colcon_core.shell:create_environment_hook('csm', 'cmake_prefix_path')
[3.804s] INFO:colcon.colcon_core.shell:Creating environment hook '/home/qty/ros2_ws/install/csm/share/csm/hook/cmake_prefix_path.ps1'
[3.805s] INFO:colcon.colcon_core.shell:Creating environment descriptor '/home/qty/ros2_ws/install/csm/share/csm/hook/cmake_prefix_path.dsv'
[3.805s] INFO:colcon.colcon_core.shell:Creating environment hook '/home/qty/ros2_ws/install/csm/share/csm/hook/cmake_prefix_path.sh'
[3.805s] Level 1:colcon.colcon_core.environment:checking '/home/qty/ros2_ws/install/csm/lib'
[3.805s] Level 1:colcon.colcon_core.shell:create_environment_hook('csm', 'ld_library_path_lib')
[3.836s] INFO:colcon.colcon_core.shell:Creating environment hook '/home/qty/ros2_ws/install/csm/share/csm/hook/ld_library_path_lib.ps1'
[3.836s] INFO:colcon.colcon_core.shell:Creating environment descriptor '/home/qty/ros2_ws/install/csm/share/csm/hook/ld_library_path_lib.dsv'
[3.836s] INFO:colcon.colcon_core.shell:Creating environment hook '/home/qty/ros2_ws/install/csm/share/csm/hook/ld_library_path_lib.sh'
[3.836s] Level 1:colcon.colcon_core.environment:checking '/home/qty/ros2_ws/install/csm/bin'
[3.837s] Level 1:colcon.colcon_core.environment:checking '/home/qty/ros2_ws/install/csm/lib/pkgconfig/csm.pc'
[3.837s] Level 1:colcon.colcon_core.environment:checking '/home/qty/ros2_ws/install/csm/lib/python3.8/site-packages'
[3.837s] Level 1:colcon.colcon_core.environment:checking '/home/qty/ros2_ws/install/csm/bin'
[3.867s] INFO:colcon.colcon_core.shell:Creating package script '/home/qty/ros2_ws/install/csm/share/csm/package.ps1'
[3.868s] INFO:colcon.colcon_core.shell:Creating package descriptor '/home/qty/ros2_ws/install/csm/share/csm/package.dsv'
[3.868s] INFO:colcon.colcon_core.shell:Creating package script '/home/qty/ros2_ws/install/csm/share/csm/package.sh'
[3.868s] INFO:colcon.colcon_core.shell:Creating package script '/home/qty/ros2_ws/install/csm/share/csm/package.bash'
[3.868s] INFO:colcon.colcon_core.shell:Creating package script '/home/qty/ros2_ws/install/csm/share/csm/package.zsh'
[3.869s] Level 1:colcon.colcon_core.environment:create_file_with_runtime_dependencies(/home/qty/ros2_ws/install/csm/share/colcon-core/packages/csm)
[3.903s] Level 1:colcon.colcon_core.environment:create_environment_scripts_only(articubot_one)
[3.933s] Level 1:colcon.colcon_core.environment:checking '/home/qty/ros2_ws/install/articubot_one' for CMake module files
[3.934s] Level 1:colcon.colcon_core.environment:checking '/home/qty/ros2_ws/install/articubot_one' for CMake config files
[3.934s] Level 1:colcon.colcon_core.shell:create_environment_hook('articubot_one', 'cmake_prefix_path')
[3.963s] INFO:colcon.colcon_core.shell:Creating environment hook '/home/qty/ros2_ws/install/articubot_one/share/articubot_one/hook/cmake_prefix_path.ps1'
[3.963s] INFO:colcon.colcon_core.shell:Creating environment descriptor '/home/qty/ros2_ws/install/articubot_one/share/articubot_one/hook/cmake_prefix_path.dsv'
[3.964s] INFO:colcon.colcon_core.shell:Creating environment hook '/home/qty/ros2_ws/install/articubot_one/share/articubot_one/hook/cmake_prefix_path.sh'
[3.964s] Level 1:colcon.colcon_core.environment:checking '/home/qty/ros2_ws/install/articubot_one/bin'
[3.964s] Level 1:colcon.colcon_core.environment:checking '/home/qty/ros2_ws/install/articubot_one/lib/pkgconfig/articubot_one.pc'
[3.964s] Level 1:colcon.colcon_core.environment:checking '/home/qty/ros2_ws/install/articubot_one/lib/python3.8/site-packages'
[3.965s] Level 1:colcon.colcon_core.environment:checking '/home/qty/ros2_ws/install/articubot_one/bin'
[3.995s] INFO:colcon.colcon_core.shell:Creating package script '/home/qty/ros2_ws/install/articubot_one/share/articubot_one/package.ps1'
[3.995s] INFO:colcon.colcon_core.shell:Creating package descriptor '/home/qty/ros2_ws/install/articubot_one/share/articubot_one/package.dsv'
[3.995s] INFO:colcon.colcon_core.shell:Creating package script '/home/qty/ros2_ws/install/articubot_one/share/articubot_one/package.sh'
[3.996s] INFO:colcon.colcon_core.shell:Creating package script '/home/qty/ros2_ws/install/articubot_one/share/articubot_one/package.bash'
[3.996s] INFO:colcon.colcon_core.shell:Creating package script '/home/qty/ros2_ws/install/articubot_one/share/articubot_one/package.zsh'
[3.996s] Level 1:colcon.colcon_core.environment:create_file_with_runtime_dependencies(/home/qty/ros2_ws/install/articubot_one/share/colcon-core/packages/articubot_one)
[3.999s] DEBUG:colcon.colcon_core.event_handler.log_command:Invoked command in '/home/qty/ros2_ws/build/slam_toolbox' returned '0': CMAKE_PREFIX_PATH=${CMAKE_PREFIX_PATH}:/home/qty/ros2_ws/install/hoverBoardController:/home/qty/ros2_ws/install/examples_rclpy_minimal_subscriber:/home/qty/ros2_ws/install/examples_rclpy_minimal_service:/home/qty/ros2_ws/install/examples_rclpy_minimal_publisher:/home/qty/ros2_ws/install/examples_rclpy_minimal_client:/home/qty/ros2_ws/install/examples_rclpy_minimal_action_server:/home/qty/ros2_ws/install/examples_rclpy_minimal_action_client:/home/qty/ros2_ws/install/examples_rclpy_executors:/opt/ros/foxy /usr/bin/cmake --build /home/qty/ros2_ws/build/slam_toolbox -- -j16 -l16
[4.001s] DEBUG:colcon.colcon_core.event_handler.log_command:Invoking command in '/home/qty/ros2_ws/build/hoverBoardController': PYTHONPATH=/home/qty/ros2_ws/build/hoverBoardController/prefix_override:/home/qty/ros2_ws/install/hoverBoardController/lib/python3.8/site-packages:${PYTHONPATH} /usr/bin/python3 setup.py develop --editable --build-directory /home/qty/ros2_ws/build/hoverBoardController/build --no-deps install_data
[4.034s] Level 1:colcon.colcon_core.environment:create_environment_scripts_only(csm)
[4.065s] Level 1:colcon.colcon_core.environment:checking '/home/qty/ros2_ws/install/csm' for CMake module files
[4.066s] Level 1:colcon.colcon_core.environment:checking '/home/qty/ros2_ws/install/csm' for CMake config files
[4.066s] Level 1:colcon.colcon_core.shell:create_environment_hook('csm', 'cmake_prefix_path')
[4.098s] INFO:colcon.colcon_core.shell:Creating environment hook '/home/qty/ros2_ws/install/csm/share/csm/hook/cmake_prefix_path.ps1'
[4.099s] INFO:colcon.colcon_core.shell:Creating environment descriptor '/home/qty/ros2_ws/install/csm/share/csm/hook/cmake_prefix_path.dsv'
[4.099s] INFO:colcon.colcon_core.shell:Creating environment hook '/home/qty/ros2_ws/install/csm/share/csm/hook/cmake_prefix_path.sh'
[4.099s] Level 1:colcon.colcon_core.environment:checking '/home/qty/ros2_ws/install/csm/lib'
[4.100s] Level 1:colcon.colcon_core.shell:create_environment_hook('csm', 'ld_library_path_lib')
[4.130s] INFO:colcon.colcon_core.shell:Creating environment hook '/home/qty/ros2_ws/install/csm/share/csm/hook/ld_library_path_lib.ps1'
[4.131s] INFO:colcon.colcon_core.shell:Creating environment descriptor '/home/qty/ros2_ws/install/csm/share/csm/hook/ld_library_path_lib.dsv'
[4.131s] INFO:colcon.colcon_core.shell:Creating environment hook '/home/qty/ros2_ws/install/csm/share/csm/hook/ld_library_path_lib.sh'
[4.131s] Level 1:colcon.colcon_core.environment:checking '/home/qty/ros2_ws/install/csm/bin'
[4.131s] Level 1:colcon.colcon_core.environment:checking '/home/qty/ros2_ws/install/csm/lib/pkgconfig/csm.pc'
[4.131s] Level 1:colcon.colcon_core.environment:checking '/home/qty/ros2_ws/install/csm/lib/python3.8/site-packages'
[4.131s] Level 1:colcon.colcon_core.environment:checking '/home/qty/ros2_ws/install/csm/bin'
[4.162s] INFO:colcon.colcon_core.shell:Creating package script '/home/qty/ros2_ws/install/csm/share/csm/package.ps1'
[4.162s] INFO:colcon.colcon_core.shell:Creating package descriptor '/home/qty/ros2_ws/install/csm/share/csm/package.dsv'
[4.163s] INFO:colcon.colcon_core.shell:Creating package script '/home/qty/ros2_ws/install/csm/share/csm/package.sh'
[4.163s] INFO:colcon.colcon_core.shell:Creating package script '/home/qty/ros2_ws/install/csm/share/csm/package.bash'
[4.163s] INFO:colcon.colcon_core.shell:Creating package script '/home/qty/ros2_ws/install/csm/share/csm/package.zsh'
[4.163s] Level 1:colcon.colcon_core.environment:create_file_with_runtime_dependencies(/home/qty/ros2_ws/install/csm/share/colcon-core/packages/csm)
[4.164s] INFO:colcon.colcon_ros.task.ament_cmake.build:Building ROS package in '/home/qty/ros2_ws/src/ros2_laser_scan_matcher' with build type 'ament_cmake'
[4.164s] INFO:colcon.colcon_cmake.task.cmake.build:Building CMake package in '/home/qty/ros2_ws/src/ros2_laser_scan_matcher'
[4.197s] INFO:colcon.colcon_core.shell:Skip shell extension 'powershell' for command environment: Not usable outside of PowerShell
[4.197s] DEBUG:colcon.colcon_core.shell:Skip shell extension 'dsv' for command environment
[4.293s] DEBUG:colcon.colcon_core.event_handler.log_command:Invoking command in '/home/qty/ros2_ws/build/slam_toolbox': CMAKE_PREFIX_PATH=${CMAKE_PREFIX_PATH}:/home/qty/ros2_ws/install/hoverBoardController:/home/qty/ros2_ws/install/examples_rclpy_minimal_subscriber:/home/qty/ros2_ws/install/examples_rclpy_minimal_service:/home/qty/ros2_ws/install/examples_rclpy_minimal_publisher:/home/qty/ros2_ws/install/examples_rclpy_minimal_client:/home/qty/ros2_ws/install/examples_rclpy_minimal_action_server:/home/qty/ros2_ws/install/examples_rclpy_minimal_action_client:/home/qty/ros2_ws/install/examples_rclpy_executors:/opt/ros/foxy /usr/bin/cmake --install /home/qty/ros2_ws/build/slam_toolbox
[4.298s] DEBUG:colcon.colcon_core.event_handler.log_command:Invoking command in '/home/qty/ros2_ws/build/ros2_laser_scan_matcher': CMAKE_PREFIX_PATH=/home/qty/ros2_ws/install/csm:/home/qty/ros2_ws/install/slam_toolbox:/home/qty/ros2_ws/install/turtlesim:/home/qty/ros2_ws/install/rplidar_ros:/home/qty/ros2_ws/install/ros2_laser_scan_matcher:/home/qty/ros2_ws/install/examples_rclcpp_multithreaded_executor:/home/qty/ros2_ws/install/examples_rclcpp_minimal_timer:/home/qty/ros2_ws/install/examples_rclcpp_minimal_subscriber:/home/qty/ros2_ws/install/examples_rclcpp_minimal_service:/home/qty/ros2_ws/install/examples_rclcpp_minimal_publisher:/home/qty/ros2_ws/install/examples_rclcpp_minimal_composition:/home/qty/ros2_ws/install/examples_rclcpp_minimal_client:/home/qty/ros2_ws/install/examples_rclcpp_minimal_action_server:/home/qty/ros2_ws/install/examples_rclcpp_minimal_action_client:/home/qty/ros2_ws/install/articubot_one:/home/qty/ros2_ws/install/hoverBoardController:/home/qty/ros2_ws/install/examples_rclpy_minimal_subscriber:/home/qty/ros2_ws/install/examples_rclpy_minimal_service:/home/qty/ros2_ws/install/examples_rclpy_minimal_publisher:/home/qty/ros2_ws/install/examples_rclpy_minimal_client:/home/qty/ros2_ws/install/examples_rclpy_minimal_action_server:/home/qty/ros2_ws/install/examples_rclpy_minimal_action_client:/home/qty/ros2_ws/install/examples_rclpy_executors:/opt/ros/foxy LD_LIBRARY_PATH=/home/qty/ros2_ws/install/csm/lib:/home/qty/ros2_ws/install/slam_toolbox/lib:/home/qty/ros2_ws/install/turtlesim/lib:/home/qty/ros2_ws/install/rplidar_ros/lib:/home/qty/ros2_ws/install/examples_rclcpp_minimal_composition/lib:/usr/lib/x86_64-linux-gnu/gazebo-11/plugins:/opt/ros/foxy/opt/yaml_cpp_vendor/lib:/opt/ros/foxy/opt/rviz_ogre_vendor/lib:/opt/ros/foxy/lib/x86_64-linux-gnu:/opt/ros/foxy/lib /usr/bin/cmake --build /home/qty/ros2_ws/build/ros2_laser_scan_matcher -- -j16 -l16
[4.360s] DEBUG:colcon.colcon_core.event_handler.log_command:Invoked command in '/home/qty/ros2_ws/build/ros2_laser_scan_matcher' returned '0': CMAKE_PREFIX_PATH=/home/qty/ros2_ws/install/csm:/home/qty/ros2_ws/install/slam_toolbox:/home/qty/ros2_ws/install/turtlesim:/home/qty/ros2_ws/install/rplidar_ros:/home/qty/ros2_ws/install/ros2_laser_scan_matcher:/home/qty/ros2_ws/install/examples_rclcpp_multithreaded_executor:/home/qty/ros2_ws/install/examples_rclcpp_minimal_timer:/home/qty/ros2_ws/install/examples_rclcpp_minimal_subscriber:/home/qty/ros2_ws/install/examples_rclcpp_minimal_service:/home/qty/ros2_ws/install/examples_rclcpp_minimal_publisher:/home/qty/ros2_ws/install/examples_rclcpp_minimal_composition:/home/qty/ros2_ws/install/examples_rclcpp_minimal_client:/home/qty/ros2_ws/install/examples_rclcpp_minimal_action_server:/home/qty/ros2_ws/install/examples_rclcpp_minimal_action_client:/home/qty/ros2_ws/install/articubot_one:/home/qty/ros2_ws/install/hoverBoardController:/home/qty/ros2_ws/install/examples_rclpy_minimal_subscriber:/home/qty/ros2_ws/install/examples_rclpy_minimal_service:/home/qty/ros2_ws/install/examples_rclpy_minimal_publisher:/home/qty/ros2_ws/install/examples_rclpy_minimal_client:/home/qty/ros2_ws/install/examples_rclpy_minimal_action_server:/home/qty/ros2_ws/install/examples_rclpy_minimal_action_client:/home/qty/ros2_ws/install/examples_rclpy_executors:/opt/ros/foxy LD_LIBRARY_PATH=/home/qty/ros2_ws/install/csm/lib:/home/qty/ros2_ws/install/slam_toolbox/lib:/home/qty/ros2_ws/install/turtlesim/lib:/home/qty/ros2_ws/install/rplidar_ros/lib:/home/qty/ros2_ws/install/examples_rclcpp_minimal_composition/lib:/usr/lib/x86_64-linux-gnu/gazebo-11/plugins:/opt/ros/foxy/opt/yaml_cpp_vendor/lib:/opt/ros/foxy/opt/rviz_ogre_vendor/lib:/opt/ros/foxy/lib/x86_64-linux-gnu:/opt/ros/foxy/lib /usr/bin/cmake --build /home/qty/ros2_ws/build/ros2_laser_scan_matcher -- -j16 -l16
[4.383s] DEBUG:colcon.colcon_core.event_handler.log_command:Invoking command in '/home/qty/ros2_ws/build/ros2_laser_scan_matcher': CMAKE_PREFIX_PATH=/home/qty/ros2_ws/install/csm:/home/qty/ros2_ws/install/slam_toolbox:/home/qty/ros2_ws/install/turtlesim:/home/qty/ros2_ws/install/rplidar_ros:/home/qty/ros2_ws/install/ros2_laser_scan_matcher:/home/qty/ros2_ws/install/examples_rclcpp_multithreaded_executor:/home/qty/ros2_ws/install/examples_rclcpp_minimal_timer:/home/qty/ros2_ws/install/examples_rclcpp_minimal_subscriber:/home/qty/ros2_ws/install/examples_rclcpp_minimal_service:/home/qty/ros2_ws/install/examples_rclcpp_minimal_publisher:/home/qty/ros2_ws/install/examples_rclcpp_minimal_composition:/home/qty/ros2_ws/install/examples_rclcpp_minimal_client:/home/qty/ros2_ws/install/examples_rclcpp_minimal_action_server:/home/qty/ros2_ws/install/examples_rclcpp_minimal_action_client:/home/qty/ros2_ws/install/articubot_one:/home/qty/ros2_ws/install/hoverBoardController:/home/qty/ros2_ws/install/examples_rclpy_minimal_subscriber:/home/qty/ros2_ws/install/examples_rclpy_minimal_service:/home/qty/ros2_ws/install/examples_rclpy_minimal_publisher:/home/qty/ros2_ws/install/examples_rclpy_minimal_client:/home/qty/ros2_ws/install/examples_rclpy_minimal_action_server:/home/qty/ros2_ws/install/examples_rclpy_minimal_action_client:/home/qty/ros2_ws/install/examples_rclpy_executors:/opt/ros/foxy LD_LIBRARY_PATH=/home/qty/ros2_ws/install/csm/lib:/home/qty/ros2_ws/install/slam_toolbox/lib:/home/qty/ros2_ws/install/turtlesim/lib:/home/qty/ros2_ws/install/rplidar_ros/lib:/home/qty/ros2_ws/install/examples_rclcpp_minimal_composition/lib:/usr/lib/x86_64-linux-gnu/gazebo-11/plugins:/opt/ros/foxy/opt/yaml_cpp_vendor/lib:/opt/ros/foxy/opt/rviz_ogre_vendor/lib:/opt/ros/foxy/lib/x86_64-linux-gnu:/opt/ros/foxy/lib /usr/bin/cmake --install /home/qty/ros2_ws/build/ros2_laser_scan_matcher
[4.387s] Level 1:colcon.colcon_core.shell:create_environment_hook('hoverBoardController', 'pythonpath_develop')
[4.388s] DEBUG:colcon.colcon_core.event_handler.log_command:Invoked command in '/home/qty/ros2_ws/build/hoverBoardController' returned '0': PYTHONPATH=/home/qty/ros2_ws/build/hoverBoardController/prefix_override:/home/qty/ros2_ws/install/hoverBoardController/lib/python3.8/site-packages:${PYTHONPATH} /usr/bin/python3 setup.py develop --editable --build-directory /home/qty/ros2_ws/build/hoverBoardController/build --no-deps install_data
[4.423s] INFO:colcon.colcon_core.shell:Creating environment hook '/home/qty/ros2_ws/build/hoverBoardController/share/hoverBoardController/hook/pythonpath_develop.ps1'
[4.423s] INFO:colcon.colcon_core.shell:Creating environment descriptor '/home/qty/ros2_ws/build/hoverBoardController/share/hoverBoardController/hook/pythonpath_develop.dsv'
[4.424s] INFO:colcon.colcon_core.shell:Creating environment hook '/home/qty/ros2_ws/build/hoverBoardController/share/hoverBoardController/hook/pythonpath_develop.sh'
[4.454s] Level 1:colcon.colcon_core.environment:checking '/home/qty/ros2_ws/install/hoverBoardController' for CMake module files
[4.454s] Level 1:colcon.colcon_core.environment:checking '/home/qty/ros2_ws/install/hoverBoardController' for CMake config files
[4.455s] Level 1:colcon.colcon_core.environment:checking '/home/qty/ros2_ws/install/hoverBoardController/lib'
[4.455s] Level 1:colcon.colcon_core.environment:checking '/home/qty/ros2_ws/install/hoverBoardController/bin'
[4.455s] Level 1:colcon.colcon_core.environment:checking '/home/qty/ros2_ws/install/hoverBoardController/lib/pkgconfig/hoverBoardController.pc'
[4.455s] Level 1:colcon.colcon_core.environment:checking '/home/qty/ros2_ws/install/hoverBoardController/lib/python3.8/site-packages'
[4.455s] Level 1:colcon.colcon_core.shell:create_environment_hook('hoverBoardController', 'pythonpath')
[4.485s] INFO:colcon.colcon_core.shell:Creating environment hook '/home/qty/ros2_ws/install/hoverBoardController/share/hoverBoardController/hook/pythonpath.ps1'
[4.486s] INFO:colcon.colcon_core.shell:Creating environment descriptor '/home/qty/ros2_ws/install/hoverBoardController/share/hoverBoardController/hook/pythonpath.dsv'
[4.486s] INFO:colcon.colcon_core.shell:Creating environment hook '/home/qty/ros2_ws/install/hoverBoardController/share/hoverBoardController/hook/pythonpath.sh'
[4.486s] Level 1:colcon.colcon_core.environment:checking '/home/qty/ros2_ws/install/hoverBoardController/bin'
[4.486s] Level 1:colcon.colcon_core.environment:create_environment_scripts_only(hoverBoardController)
[4.517s] INFO:colcon.colcon_core.shell:Creating package script '/home/qty/ros2_ws/install/hoverBoardController/share/hoverBoardController/package.ps1'
[4.517s] INFO:colcon.colcon_core.shell:Creating package descriptor '/home/qty/ros2_ws/install/hoverBoardController/share/hoverBoardController/package.dsv'
[4.518s] INFO:colcon.colcon_core.shell:Creating package script '/home/qty/ros2_ws/install/hoverBoardController/share/hoverBoardController/package.sh'
[4.518s] INFO:colcon.colcon_core.shell:Creating package script '/home/qty/ros2_ws/install/hoverBoardController/share/hoverBoardController/package.bash'
[4.518s] INFO:colcon.colcon_core.shell:Creating package script '/home/qty/ros2_ws/install/hoverBoardController/share/hoverBoardController/package.zsh'
[4.518s] Level 1:colcon.colcon_core.environment:create_file_with_runtime_dependencies(/home/qty/ros2_ws/install/hoverBoardController/share/colcon-core/packages/hoverBoardController)
[4.520s] Level 1:colcon.colcon_core.environment:create_environment_scripts_only(slam_toolbox)
[4.520s] DEBUG:colcon.colcon_core.event_handler.log_command:Invoked command in '/home/qty/ros2_ws/build/slam_toolbox' returned '0': CMAKE_PREFIX_PATH=${CMAKE_PREFIX_PATH}:/home/qty/ros2_ws/install/hoverBoardController:/home/qty/ros2_ws/install/examples_rclpy_minimal_subscriber:/home/qty/ros2_ws/install/examples_rclpy_minimal_service:/home/qty/ros2_ws/install/examples_rclpy_minimal_publisher:/home/qty/ros2_ws/install/examples_rclpy_minimal_client:/home/qty/ros2_ws/install/examples_rclpy_minimal_action_server:/home/qty/ros2_ws/install/examples_rclpy_minimal_action_client:/home/qty/ros2_ws/install/examples_rclpy_executors:/opt/ros/foxy /usr/bin/cmake --install /home/qty/ros2_ws/build/slam_toolbox
[4.550s] Level 1:colcon.colcon_core.environment:checking '/home/qty/ros2_ws/install/slam_toolbox' for CMake module files
[4.551s] Level 1:colcon.colcon_core.environment:checking '/home/qty/ros2_ws/install/slam_toolbox' for CMake config files
[4.551s] Level 1:colcon.colcon_core.shell:create_environment_hook('slam_toolbox', 'cmake_prefix_path')
[4.581s] INFO:colcon.colcon_core.shell:Creating environment hook '/home/qty/ros2_ws/install/slam_toolbox/share/slam_toolbox/hook/cmake_prefix_path.ps1'
[4.581s] INFO:colcon.colcon_core.shell:Creating environment descriptor '/home/qty/ros2_ws/install/slam_toolbox/share/slam_toolbox/hook/cmake_prefix_path.dsv'
[4.582s] INFO:colcon.colcon_core.shell:Creating environment hook '/home/qty/ros2_ws/install/slam_toolbox/share/slam_toolbox/hook/cmake_prefix_path.sh'
[4.582s] Level 1:colcon.colcon_core.environment:checking '/home/qty/ros2_ws/install/slam_toolbox/lib'
[4.582s] Level 1:colcon.colcon_core.shell:create_environment_hook('slam_toolbox', 'ld_library_path_lib')
[4.612s] INFO:colcon.colcon_core.shell:Creating environment hook '/home/qty/ros2_ws/install/slam_toolbox/share/slam_toolbox/hook/ld_library_path_lib.ps1'
[4.612s] INFO:colcon.colcon_core.shell:Creating environment descriptor '/home/qty/ros2_ws/install/slam_toolbox/share/slam_toolbox/hook/ld_library_path_lib.dsv'
[4.612s] INFO:colcon.colcon_core.shell:Creating environment hook '/home/qty/ros2_ws/install/slam_toolbox/share/slam_toolbox/hook/ld_library_path_lib.sh'
[4.612s] Level 1:colcon.colcon_core.environment:checking '/home/qty/ros2_ws/install/slam_toolbox/bin'
[4.613s] Level 1:colcon.colcon_core.environment:checking '/home/qty/ros2_ws/install/slam_toolbox/lib/pkgconfig/slam_toolbox.pc'
[4.613s] Level 1:colcon.colcon_core.environment:checking '/home/qty/ros2_ws/install/slam_toolbox/lib/python3.8/site-packages'
[4.613s] Level 1:colcon.colcon_core.shell:create_environment_hook('slam_toolbox', 'pythonpath')
[4.643s] INFO:colcon.colcon_core.shell:Creating environment hook '/home/qty/ros2_ws/install/slam_toolbox/share/slam_toolbox/hook/pythonpath.ps1'
[4.644s] INFO:colcon.colcon_core.shell:Creating environment descriptor '/home/qty/ros2_ws/install/slam_toolbox/share/slam_toolbox/hook/pythonpath.dsv'
[4.644s] INFO:colcon.colcon_core.shell:Creating environment hook '/home/qty/ros2_ws/install/slam_toolbox/share/slam_toolbox/hook/pythonpath.sh'
[4.644s] Level 1:colcon.colcon_core.environment:checking '/home/qty/ros2_ws/install/slam_toolbox/bin'
[4.674s] INFO:colcon.colcon_core.shell:Creating package script '/home/qty/ros2_ws/install/slam_toolbox/share/slam_toolbox/package.ps1'
[4.675s] INFO:colcon.colcon_core.shell:Creating package descriptor '/home/qty/ros2_ws/install/slam_toolbox/share/slam_toolbox/package.dsv'
[4.675s] INFO:colcon.colcon_core.shell:Creating package script '/home/qty/ros2_ws/install/slam_toolbox/share/slam_toolbox/package.sh'
[4.675s] INFO:colcon.colcon_core.shell:Creating package script '/home/qty/ros2_ws/install/slam_toolbox/share/slam_toolbox/package.bash'
[4.676s] INFO:colcon.colcon_core.shell:Creating package script '/home/qty/ros2_ws/install/slam_toolbox/share/slam_toolbox/package.zsh'
[4.676s] Level 1:colcon.colcon_core.environment:create_file_with_runtime_dependencies(/home/qty/ros2_ws/install/slam_toolbox/share/colcon-core/packages/slam_toolbox)
[4.678s] Level 1:colcon.colcon_core.environment:create_environment_scripts_only(ros2_laser_scan_matcher)
[4.679s] DEBUG:colcon.colcon_core.event_handler.log_command:Invoked command in '/home/qty/ros2_ws/build/ros2_laser_scan_matcher' returned '0': CMAKE_PREFIX_PATH=/home/qty/ros2_ws/install/csm:/home/qty/ros2_ws/install/slam_toolbox:/home/qty/ros2_ws/install/turtlesim:/home/qty/ros2_ws/install/rplidar_ros:/home/qty/ros2_ws/install/ros2_laser_scan_matcher:/home/qty/ros2_ws/install/examples_rclcpp_multithreaded_executor:/home/qty/ros2_ws/install/examples_rclcpp_minimal_timer:/home/qty/ros2_ws/install/examples_rclcpp_minimal_subscriber:/home/qty/ros2_ws/install/examples_rclcpp_minimal_service:/home/qty/ros2_ws/install/examples_rclcpp_minimal_publisher:/home/qty/ros2_ws/install/examples_rclcpp_minimal_composition:/home/qty/ros2_ws/install/examples_rclcpp_minimal_client:/home/qty/ros2_ws/install/examples_rclcpp_minimal_action_server:/home/qty/ros2_ws/install/examples_rclcpp_minimal_action_client:/home/qty/ros2_ws/install/articubot_one:/home/qty/ros2_ws/install/hoverBoardController:/home/qty/ros2_ws/install/examples_rclpy_minimal_subscriber:/home/qty/ros2_ws/install/examples_rclpy_minimal_service:/home/qty/ros2_ws/install/examples_rclpy_minimal_publisher:/home/qty/ros2_ws/install/examples_rclpy_minimal_client:/home/qty/ros2_ws/install/examples_rclpy_minimal_action_server:/home/qty/ros2_ws/install/examples_rclpy_minimal_action_client:/home/qty/ros2_ws/install/examples_rclpy_executors:/opt/ros/foxy LD_LIBRARY_PATH=/home/qty/ros2_ws/install/csm/lib:/home/qty/ros2_ws/install/slam_toolbox/lib:/home/qty/ros2_ws/install/turtlesim/lib:/home/qty/ros2_ws/install/rplidar_ros/lib:/home/qty/ros2_ws/install/examples_rclcpp_minimal_composition/lib:/usr/lib/x86_64-linux-gnu/gazebo-11/plugins:/opt/ros/foxy/opt/yaml_cpp_vendor/lib:/opt/ros/foxy/opt/rviz_ogre_vendor/lib:/opt/ros/foxy/lib/x86_64-linux-gnu:/opt/ros/foxy/lib /usr/bin/cmake --install /home/qty/ros2_ws/build/ros2_laser_scan_matcher
[4.714s] Level 1:colcon.colcon_core.environment:checking '/home/qty/ros2_ws/install/ros2_laser_scan_matcher' for CMake module files
[4.714s] Level 1:colcon.colcon_core.environment:checking '/home/qty/ros2_ws/install/ros2_laser_scan_matcher' for CMake config files
[4.715s] Level 1:colcon.colcon_core.shell:create_environment_hook('ros2_laser_scan_matcher', 'cmake_prefix_path')
[4.745s] INFO:colcon.colcon_core.shell:Creating environment hook '/home/qty/ros2_ws/install/ros2_laser_scan_matcher/share/ros2_laser_scan_matcher/hook/cmake_prefix_path.ps1'
[4.746s] INFO:colcon.colcon_core.shell:Creating environment descriptor '/home/qty/ros2_ws/install/ros2_laser_scan_matcher/share/ros2_laser_scan_matcher/hook/cmake_prefix_path.dsv'
[4.746s] INFO:colcon.colcon_core.shell:Creating environment hook '/home/qty/ros2_ws/install/ros2_laser_scan_matcher/share/ros2_laser_scan_matcher/hook/cmake_prefix_path.sh'
[4.746s] Level 1:colcon.colcon_core.environment:checking '/home/qty/ros2_ws/install/ros2_laser_scan_matcher/lib'
[4.747s] Level 1:colcon.colcon_core.environment:checking '/home/qty/ros2_ws/install/ros2_laser_scan_matcher/bin'
[4.747s] Level 1:colcon.colcon_core.environment:checking '/home/qty/ros2_ws/install/ros2_laser_scan_matcher/lib/pkgconfig/ros2_laser_scan_matcher.pc'
[4.747s] Level 1:colcon.colcon_core.environment:checking '/home/qty/ros2_ws/install/ros2_laser_scan_matcher/lib/python3.8/site-packages'
[4.747s] Level 1:colcon.colcon_core.environment:checking '/home/qty/ros2_ws/install/ros2_laser_scan_matcher/bin'
[4.779s] INFO:colcon.colcon_core.shell:Creating package script '/home/qty/ros2_ws/install/ros2_laser_scan_matcher/share/ros2_laser_scan_matcher/package.ps1'
[4.779s] INFO:colcon.colcon_core.shell:Creating package descriptor '/home/qty/ros2_ws/install/ros2_laser_scan_matcher/share/ros2_laser_scan_matcher/package.dsv'
[4.779s] INFO:colcon.colcon_core.shell:Creating package script '/home/qty/ros2_ws/install/ros2_laser_scan_matcher/share/ros2_laser_scan_matcher/package.sh'
[4.780s] INFO:colcon.colcon_core.shell:Creating package script '/home/qty/ros2_ws/install/ros2_laser_scan_matcher/share/ros2_laser_scan_matcher/package.bash'
[4.780s] INFO:colcon.colcon_core.shell:Creating package script '/home/qty/ros2_ws/install/ros2_laser_scan_matcher/share/ros2_laser_scan_matcher/package.zsh'
[4.780s] Level 1:colcon.colcon_core.environment:create_file_with_runtime_dependencies(/home/qty/ros2_ws/install/ros2_laser_scan_matcher/share/colcon-core/packages/ros2_laser_scan_matcher)
[4.830s] Level 1:colcon.colcon_core.environment:create_environment_scripts_only(ros2_laser_scan_matcher)
[4.860s] Level 1:colcon.colcon_core.environment:checking '/home/qty/ros2_ws/install/ros2_laser_scan_matcher' for CMake module files
[4.860s] Level 1:colcon.colcon_core.environment:checking '/home/qty/ros2_ws/install/ros2_laser_scan_matcher' for CMake config files
[4.860s] Level 1:colcon.colcon_core.shell:create_environment_hook('ros2_laser_scan_matcher', 'cmake_prefix_path')
[4.891s] INFO:colcon.colcon_core.shell:Creating environment hook '/home/qty/ros2_ws/install/ros2_laser_scan_matcher/share/ros2_laser_scan_matcher/hook/cmake_prefix_path.ps1'
[4.891s] INFO:colcon.colcon_core.shell:Creating environment descriptor '/home/qty/ros2_ws/install/ros2_laser_scan_matcher/share/ros2_laser_scan_matcher/hook/cmake_prefix_path.dsv'
[4.891s] INFO:colcon.colcon_core.shell:Creating environment hook '/home/qty/ros2_ws/install/ros2_laser_scan_matcher/share/ros2_laser_scan_matcher/hook/cmake_prefix_path.sh'
[4.892s] Level 1:colcon.colcon_core.environment:checking '/home/qty/ros2_ws/install/ros2_laser_scan_matcher/lib'
[4.892s] Level 1:colcon.colcon_core.environment:checking '/home/qty/ros2_ws/install/ros2_laser_scan_matcher/bin'
[4.892s] Level 1:colcon.colcon_core.environment:checking '/home/qty/ros2_ws/install/ros2_laser_scan_matcher/lib/pkgconfig/ros2_laser_scan_matcher.pc'
[4.892s] Level 1:colcon.colcon_core.environment:checking '/home/qty/ros2_ws/install/ros2_laser_scan_matcher/lib/python3.8/site-packages'
[4.892s] Level 1:colcon.colcon_core.environment:checking '/home/qty/ros2_ws/install/ros2_laser_scan_matcher/bin'
[4.932s] INFO:colcon.colcon_core.shell:Creating package script '/home/qty/ros2_ws/install/ros2_laser_scan_matcher/share/ros2_laser_scan_matcher/package.ps1'
[4.932s] INFO:colcon.colcon_core.shell:Creating package descriptor '/home/qty/ros2_ws/install/ros2_laser_scan_matcher/share/ros2_laser_scan_matcher/package.dsv'
[4.933s] INFO:colcon.colcon_core.shell:Creating package script '/home/qty/ros2_ws/install/ros2_laser_scan_matcher/share/ros2_laser_scan_matcher/package.sh'
[4.933s] INFO:colcon.colcon_core.shell:Creating package script '/home/qty/ros2_ws/install/ros2_laser_scan_matcher/share/ros2_laser_scan_matcher/package.bash'
[4.933s] INFO:colcon.colcon_core.shell:Creating package script '/home/qty/ros2_ws/install/ros2_laser_scan_matcher/share/ros2_laser_scan_matcher/package.zsh'
[4.933s] Level 1:colcon.colcon_core.environment:create_file_with_runtime_dependencies(/home/qty/ros2_ws/install/ros2_laser_scan_matcher/share/colcon-core/packages/ros2_laser_scan_matcher)
[4.964s] Level 1:colcon.colcon_core.environment:create_environment_scripts_only(slam_toolbox)
[4.995s] Level 1:colcon.colcon_core.environment:checking '/home/qty/ros2_ws/install/slam_toolbox' for CMake module files
[4.996s] Level 1:colcon.colcon_core.environment:checking '/home/qty/ros2_ws/install/slam_toolbox' for CMake config files
[4.996s] Level 1:colcon.colcon_core.shell:create_environment_hook('slam_toolbox', 'cmake_prefix_path')
[5.026s] INFO:colcon.colcon_core.shell:Creating environment hook '/home/qty/ros2_ws/install/slam_toolbox/share/slam_toolbox/hook/cmake_prefix_path.ps1'
[5.027s] INFO:colcon.colcon_core.shell:Creating environment descriptor '/home/qty/ros2_ws/install/slam_toolbox/share/slam_toolbox/hook/cmake_prefix_path.dsv'
[5.027s] INFO:colcon.colcon_core.shell:Creating environment hook '/home/qty/ros2_ws/install/slam_toolbox/share/slam_toolbox/hook/cmake_prefix_path.sh'
[5.027s] Level 1:colcon.colcon_core.environment:checking '/home/qty/ros2_ws/install/slam_toolbox/lib'
[5.027s] Level 1:colcon.colcon_core.shell:create_environment_hook('slam_toolbox', 'ld_library_path_lib')
[5.057s] INFO:colcon.colcon_core.shell:Creating environment hook '/home/qty/ros2_ws/install/slam_toolbox/share/slam_toolbox/hook/ld_library_path_lib.ps1'
[5.057s] INFO:colcon.colcon_core.shell:Creating environment descriptor '/home/qty/ros2_ws/install/slam_toolbox/share/slam_toolbox/hook/ld_library_path_lib.dsv'
[5.057s] INFO:colcon.colcon_core.shell:Creating environment hook '/home/qty/ros2_ws/install/slam_toolbox/share/slam_toolbox/hook/ld_library_path_lib.sh'
[5.058s] Level 1:colcon.colcon_core.environment:checking '/home/qty/ros2_ws/install/slam_toolbox/bin'
[5.058s] Level 1:colcon.colcon_core.environment:checking '/home/qty/ros2_ws/install/slam_toolbox/lib/pkgconfig/slam_toolbox.pc'
[5.058s] Level 1:colcon.colcon_core.environment:checking '/home/qty/ros2_ws/install/slam_toolbox/lib/python3.8/site-packages'
[5.058s] Level 1:colcon.colcon_core.shell:create_environment_hook('slam_toolbox', 'pythonpath')
[5.088s] INFO:colcon.colcon_core.shell:Creating environment hook '/home/qty/ros2_ws/install/slam_toolbox/share/slam_toolbox/hook/pythonpath.ps1'
[5.089s] INFO:colcon.colcon_core.shell:Creating environment descriptor '/home/qty/ros2_ws/install/slam_toolbox/share/slam_toolbox/hook/pythonpath.dsv'
[5.089s] INFO:colcon.colcon_core.shell:Creating environment hook '/home/qty/ros2_ws/install/slam_toolbox/share/slam_toolbox/hook/pythonpath.sh'
[5.089s] Level 1:colcon.colcon_core.environment:checking '/home/qty/ros2_ws/install/slam_toolbox/bin'
[5.120s] INFO:colcon.colcon_core.shell:Creating package script '/home/qty/ros2_ws/install/slam_toolbox/share/slam_toolbox/package.ps1'
[5.120s] INFO:colcon.colcon_core.shell:Creating package descriptor '/home/qty/ros2_ws/install/slam_toolbox/share/slam_toolbox/package.dsv'
[5.121s] INFO:colcon.colcon_core.shell:Creating package script '/home/qty/ros2_ws/install/slam_toolbox/share/slam_toolbox/package.sh'
[5.121s] INFO:colcon.colcon_core.shell:Creating package script '/home/qty/ros2_ws/install/slam_toolbox/share/slam_toolbox/package.bash'
[5.121s] INFO:colcon.colcon_core.shell:Creating package script '/home/qty/ros2_ws/install/slam_toolbox/share/slam_toolbox/package.zsh'
[5.122s] Level 1:colcon.colcon_core.environment:create_file_with_runtime_dependencies(/home/qty/ros2_ws/install/slam_toolbox/share/colcon-core/packages/slam_toolbox)
[6.603s] DEBUG:colcon.colcon_core.event_handler.log_command:Invoked command in '/home/qty/ros2_ws/build/rplidar_ros' returned '0': CMAKE_PREFIX_PATH=${CMAKE_PREFIX_PATH}:/home/qty/ros2_ws/install/hoverBoardController:/home/qty/ros2_ws/install/examples_rclpy_minimal_subscriber:/home/qty/ros2_ws/install/examples_rclpy_minimal_service:/home/qty/ros2_ws/install/examples_rclpy_minimal_publisher:/home/qty/ros2_ws/install/examples_rclpy_minimal_client:/home/qty/ros2_ws/install/examples_rclpy_minimal_action_server:/home/qty/ros2_ws/install/examples_rclpy_minimal_action_client:/home/qty/ros2_ws/install/examples_rclpy_executors:/opt/ros/foxy /usr/bin/cmake --build /home/qty/ros2_ws/build/rplidar_ros -- -j16 -l16
[6.630s] DEBUG:colcon.colcon_core.event_handler.log_command:Invoking command in '/home/qty/ros2_ws/build/rplidar_ros': CMAKE_PREFIX_PATH=${CMAKE_PREFIX_PATH}:/home/qty/ros2_ws/install/hoverBoardController:/home/qty/ros2_ws/install/examples_rclpy_minimal_subscriber:/home/qty/ros2_ws/install/examples_rclpy_minimal_service:/home/qty/ros2_ws/install/examples_rclpy_minimal_publisher:/home/qty/ros2_ws/install/examples_rclpy_minimal_client:/home/qty/ros2_ws/install/examples_rclpy_minimal_action_server:/home/qty/ros2_ws/install/examples_rclpy_minimal_action_client:/home/qty/ros2_ws/install/examples_rclpy_executors:/opt/ros/foxy /usr/bin/cmake --install /home/qty/ros2_ws/build/rplidar_ros
[6.650s] Level 1:colcon.colcon_core.environment:create_environment_scripts_only(rplidar_ros)
[6.650s] DEBUG:colcon.colcon_core.event_handler.log_command:Invoked command in '/home/qty/ros2_ws/build/rplidar_ros' returned '0': CMAKE_PREFIX_PATH=${CMAKE_PREFIX_PATH}:/home/qty/ros2_ws/install/hoverBoardController:/home/qty/ros2_ws/install/examples_rclpy_minimal_subscriber:/home/qty/ros2_ws/install/examples_rclpy_minimal_service:/home/qty/ros2_ws/install/examples_rclpy_minimal_publisher:/home/qty/ros2_ws/install/examples_rclpy_minimal_client:/home/qty/ros2_ws/install/examples_rclpy_minimal_action_server:/home/qty/ros2_ws/install/examples_rclpy_minimal_action_client:/home/qty/ros2_ws/install/examples_rclpy_executors:/opt/ros/foxy /usr/bin/cmake --install /home/qty/ros2_ws/build/rplidar_ros
[6.680s] Level 1:colcon.colcon_core.environment:checking '/home/qty/ros2_ws/install/rplidar_ros' for CMake module files
[6.680s] Level 1:colcon.colcon_core.environment:checking '/home/qty/ros2_ws/install/rplidar_ros' for CMake config files
[6.680s] Level 1:colcon.colcon_core.shell:create_environment_hook('rplidar_ros', 'cmake_prefix_path')
[6.709s] INFO:colcon.colcon_core.shell:Creating environment hook '/home/qty/ros2_ws/install/rplidar_ros/share/rplidar_ros/hook/cmake_prefix_path.ps1'
[6.710s] INFO:colcon.colcon_core.shell:Creating environment descriptor '/home/qty/ros2_ws/install/rplidar_ros/share/rplidar_ros/hook/cmake_prefix_path.dsv'
[6.710s] INFO:colcon.colcon_core.shell:Creating environment hook '/home/qty/ros2_ws/install/rplidar_ros/share/rplidar_ros/hook/cmake_prefix_path.sh'
[6.710s] Level 1:colcon.colcon_core.environment:checking '/home/qty/ros2_ws/install/rplidar_ros/lib'
[6.710s] Level 1:colcon.colcon_core.shell:create_environment_hook('rplidar_ros', 'ld_library_path_lib')
[6.739s] INFO:colcon.colcon_core.shell:Creating environment hook '/home/qty/ros2_ws/install/rplidar_ros/share/rplidar_ros/hook/ld_library_path_lib.ps1'
[6.739s] INFO:colcon.colcon_core.shell:Creating environment descriptor '/home/qty/ros2_ws/install/rplidar_ros/share/rplidar_ros/hook/ld_library_path_lib.dsv'
[6.739s] INFO:colcon.colcon_core.shell:Creating environment hook '/home/qty/ros2_ws/install/rplidar_ros/share/rplidar_ros/hook/ld_library_path_lib.sh'
[6.740s] Level 1:colcon.colcon_core.environment:checking '/home/qty/ros2_ws/install/rplidar_ros/bin'
[6.740s] Level 1:colcon.colcon_core.environment:checking '/home/qty/ros2_ws/install/rplidar_ros/lib/pkgconfig/rplidar_ros.pc'
[6.740s] Level 1:colcon.colcon_core.environment:checking '/home/qty/ros2_ws/install/rplidar_ros/lib/python3.8/site-packages'
[6.740s] Level 1:colcon.colcon_core.environment:checking '/home/qty/ros2_ws/install/rplidar_ros/bin'
[6.769s] INFO:colcon.colcon_core.shell:Creating package script '/home/qty/ros2_ws/install/rplidar_ros/share/rplidar_ros/package.ps1'
[6.769s] INFO:colcon.colcon_core.shell:Creating package descriptor '/home/qty/ros2_ws/install/rplidar_ros/share/rplidar_ros/package.dsv'
[6.769s] INFO:colcon.colcon_core.shell:Creating package script '/home/qty/ros2_ws/install/rplidar_ros/share/rplidar_ros/package.sh'
[6.770s] INFO:colcon.colcon_core.shell:Creating package script '/home/qty/ros2_ws/install/rplidar_ros/share/rplidar_ros/package.bash'
[6.770s] INFO:colcon.colcon_core.shell:Creating package script '/home/qty/ros2_ws/install/rplidar_ros/share/rplidar_ros/package.zsh'
[6.770s] Level 1:colcon.colcon_core.environment:create_file_with_runtime_dependencies(/home/qty/ros2_ws/install/rplidar_ros/share/colcon-core/packages/rplidar_ros)
[6.826s] Level 1:colcon.colcon_core.environment:create_environment_scripts_only(rplidar_ros)
[6.855s] Level 1:colcon.colcon_core.environment:checking '/home/qty/ros2_ws/install/rplidar_ros' for CMake module files
[6.855s] Level 1:colcon.colcon_core.environment:checking '/home/qty/ros2_ws/install/rplidar_ros' for CMake config files
[6.856s] Level 1:colcon.colcon_core.shell:create_environment_hook('rplidar_ros', 'cmake_prefix_path')
[6.885s] INFO:colcon.colcon_core.shell:Creating environment hook '/home/qty/ros2_ws/install/rplidar_ros/share/rplidar_ros/hook/cmake_prefix_path.ps1'
[6.885s] INFO:colcon.colcon_core.shell:Creating environment descriptor '/home/qty/ros2_ws/install/rplidar_ros/share/rplidar_ros/hook/cmake_prefix_path.dsv'
[6.885s] INFO:colcon.colcon_core.shell:Creating environment hook '/home/qty/ros2_ws/install/rplidar_ros/share/rplidar_ros/hook/cmake_prefix_path.sh'
[6.886s] Level 1:colcon.colcon_core.environment:checking '/home/qty/ros2_ws/install/rplidar_ros/lib'
[6.886s] Level 1:colcon.colcon_core.shell:create_environment_hook('rplidar_ros', 'ld_library_path_lib')
[6.915s] INFO:colcon.colcon_core.shell:Creating environment hook '/home/qty/ros2_ws/install/rplidar_ros/share/rplidar_ros/hook/ld_library_path_lib.ps1'
[6.915s] INFO:colcon.colcon_core.shell:Creating environment descriptor '/home/qty/ros2_ws/install/rplidar_ros/share/rplidar_ros/hook/ld_library_path_lib.dsv'
[6.915s] INFO:colcon.colcon_core.shell:Creating environment hook '/home/qty/ros2_ws/install/rplidar_ros/share/rplidar_ros/hook/ld_library_path_lib.sh'
[6.915s] Level 1:colcon.colcon_core.environment:checking '/home/qty/ros2_ws/install/rplidar_ros/bin'
[6.915s] Level 1:colcon.colcon_core.environment:checking '/home/qty/ros2_ws/install/rplidar_ros/lib/pkgconfig/rplidar_ros.pc'
[6.916s] Level 1:colcon.colcon_core.environment:checking '/home/qty/ros2_ws/install/rplidar_ros/lib/python3.8/site-packages'
[6.916s] Level 1:colcon.colcon_core.environment:checking '/home/qty/ros2_ws/install/rplidar_ros/bin'
[6.945s] INFO:colcon.colcon_core.shell:Creating package script '/home/qty/ros2_ws/install/rplidar_ros/share/rplidar_ros/package.ps1'
[6.945s] INFO:colcon.colcon_core.shell:Creating package descriptor '/home/qty/ros2_ws/install/rplidar_ros/share/rplidar_ros/package.dsv'
[6.945s] INFO:colcon.colcon_core.shell:Creating package script '/home/qty/ros2_ws/install/rplidar_ros/share/rplidar_ros/package.sh'
[6.946s] INFO:colcon.colcon_core.shell:Creating package script '/home/qty/ros2_ws/install/rplidar_ros/share/rplidar_ros/package.bash'
[6.946s] INFO:colcon.colcon_core.shell:Creating package script '/home/qty/ros2_ws/install/rplidar_ros/share/rplidar_ros/package.zsh'
[6.946s] Level 1:colcon.colcon_core.environment:create_file_with_runtime_dependencies(/home/qty/ros2_ws/install/rplidar_ros/share/colcon-core/packages/rplidar_ros)
[6.946s] DEBUG:colcon.colcon_parallel_executor.executor.parallel:closing loop
[6.946s] DEBUG:colcon.colcon_parallel_executor.executor.parallel:loop closed
[6.946s] DEBUG:colcon.colcon_parallel_executor.executor.parallel:run_until_complete finished with '0'
[6.946s] DEBUG:colcon.colcon_core.event_reactor:joining thread
[6.982s] INFO:colcon.colcon_core.plugin_system:Skipping extension 'colcon_notification.desktop_notification.terminal_notifier': Not used on non-Darwin systems
[6.982s] INFO:colcon.colcon_core.plugin_system:Skipping extension 'colcon_notification.desktop_notification.win32': Not used on non-Windows systems
[6.982s] INFO:colcon.colcon_notification.desktop_notification:Sending desktop notification using 'notify2'
[6.994s] DEBUG:colcon.colcon_core.event_reactor:joined thread
[7.028s] INFO:colcon.colcon_core.shell:Creating prefix script '/home/qty/ros2_ws/install/local_setup.ps1'
[7.029s] INFO:colcon.colcon_core.shell:Creating prefix util module '/home/qty/ros2_ws/install/_local_setup_util_ps1.py'
[7.030s] INFO:colcon.colcon_core.shell:Creating prefix chain script '/home/qty/ros2_ws/install/setup.ps1'
[7.061s] INFO:colcon.colcon_core.shell:Creating prefix script '/home/qty/ros2_ws/install/local_setup.sh'
[7.062s] INFO:colcon.colcon_core.shell:Creating prefix util module '/home/qty/ros2_ws/install/_local_setup_util_sh.py'
[7.062s] INFO:colcon.colcon_core.shell:Creating prefix chain script '/home/qty/ros2_ws/install/setup.sh'
[7.093s] INFO:colcon.colcon_core.shell:Creating prefix script '/home/qty/ros2_ws/install/local_setup.bash'
[7.094s] INFO:colcon.colcon_core.shell:Creating prefix chain script '/home/qty/ros2_ws/install/setup.bash'
[7.126s] INFO:colcon.colcon_core.shell:Creating prefix script '/home/qty/ros2_ws/install/local_setup.zsh'
[7.126s] INFO:colcon.colcon_core.shell:Creating prefix chain script '/home/qty/ros2_ws/install/setup.zsh'
