[0.698s] Invoking command in '/home/qty/ros2_ws/src/hoverboard_controller': CMAKE_PREFIX_PATH=/home/qty/ros2_ws/install/rplidar_ros:/home/qty/ros2_ws/install/turtlesim:/home/qty/ros2_ws/install/slam_toolbox:/home/qty/ros2_ws/install/ros2_laser_scan_matcher:/home/qty/ros2_ws/install/examples_rclcpp_multithreaded_executor:/home/qty/ros2_ws/install/examples_rclcpp_minimal_timer:/home/qty/ros2_ws/install/examples_rclcpp_minimal_subscriber:/home/qty/ros2_ws/install/examples_rclcpp_minimal_service:/home/qty/ros2_ws/install/examples_rclcpp_minimal_publisher:/home/qty/ros2_ws/install/examples_rclcpp_minimal_composition:/home/qty/ros2_ws/install/examples_rclcpp_minimal_client:/home/qty/ros2_ws/install/examples_rclcpp_minimal_action_server:/home/qty/ros2_ws/install/examples_rclcpp_minimal_action_client:/home/qty/ros2_ws/install/csm:/home/qty/ros2_ws/install/articubot_one LD_LIBRARY_PATH=/home/qty/ros2_ws/install/rplidar_ros/lib:/home/qty/ros2_ws/install/turtlesim/lib:/home/qty/ros2_ws/install/slam_toolbox/lib:/home/qty/ros2_ws/install/examples_rclcpp_minimal_composition/lib:/home/qty/ros2_ws/install/csm/lib:/opt/ros/foxy/opt/yaml_cpp_vendor/lib:/opt/ros/foxy/opt/rviz_ogre_vendor/lib:/opt/ros/foxy/lib/x86_64-linux-gnu:/opt/ros/foxy/lib PYTHONPATH=/home/qty/ros2_ws/build/hoverboard_controller/prefix_override:/home/qty/ros2_ws/install/hoverboard_controller/lib/python3.8/site-packages:${PYTHONPATH} /usr/bin/python3 setup.py egg_info --egg-base ../../build/hoverboard_controller build --build-base /home/qty/ros2_ws/build/hoverboard_controller/build install --record /home/qty/ros2_ws/build/hoverboard_controller/install.log --install-scripts $base/lib/hoverboard_controller --single-version-externally-managed
[0.854s] running egg_info
[0.854s] writing ../../build/hoverboard_controller/hoverboard_controller.egg-info/PKG-INFO
[0.854s] writing dependency_links to ../../build/hoverboard_controller/hoverboard_controller.egg-info/dependency_links.txt
[0.854s] writing entry points to ../../build/hoverboard_controller/hoverboard_controller.egg-info/entry_points.txt
[0.854s] writing requirements to ../../build/hoverboard_controller/hoverboard_controller.egg-info/requires.txt
[0.854s] writing top-level names to ../../build/hoverboard_controller/hoverboard_controller.egg-info/top_level.txt
[0.878s] reading manifest file '../../build/hoverboard_controller/hoverboard_controller.egg-info/SOURCES.txt'
[0.879s] writing manifest file '../../build/hoverboard_controller/hoverboard_controller.egg-info/SOURCES.txt'
[0.879s] running build
[0.879s] running build_py
[0.879s] copying hoverboard_controller/hoverboard_controller.py -> /home/qty/ros2_ws/build/hoverboard_controller/build/lib/hoverboard_controller
[0.879s] running install
[0.879s] running install_lib
[0.880s] copying /home/qty/ros2_ws/build/hoverboard_controller/build/lib/hoverboard_controller/hoverboard_controller.py -> /home/qty/ros2_ws/install/hoverboard_controller/lib/python3.8/site-packages/hoverboard_controller
[0.880s] byte-compiling /home/qty/ros2_ws/install/hoverboard_controller/lib/python3.8/site-packages/hoverboard_controller/hoverboard_controller.py to hoverboard_controller.cpython-38.pyc
[0.882s] running install_data
[0.882s] copying launch/hoverboard_joystick_control.launch.py -> /home/qty/ros2_ws/install/hoverboard_controller/share/hoverboard_controller
[0.882s] running install_egg_info
[0.883s] removing '/home/qty/ros2_ws/install/hoverboard_controller/lib/python3.8/site-packages/hoverboard_controller-0.0.0-py3.8.egg-info' (and everything under it)
[0.883s] Copying ../../build/hoverboard_controller/hoverboard_controller.egg-info to /home/qty/ros2_ws/install/hoverboard_controller/lib/python3.8/site-packages/hoverboard_controller-0.0.0-py3.8.egg-info
[0.884s] running install_scripts
[0.895s] Installing hoverboard_controller script to /home/qty/ros2_ws/install/hoverboard_controller/lib/hoverboard_controller
[0.895s] Installing joystick_controller script to /home/qty/ros2_ws/install/hoverboard_controller/lib/hoverboard_controller
[0.895s] writing list of installed files to '/home/qty/ros2_ws/build/hoverboard_controller/install.log'
[0.906s] Invoked command in '/home/qty/ros2_ws/src/hoverboard_controller' returned '0': CMAKE_PREFIX_PATH=/home/qty/ros2_ws/install/rplidar_ros:/home/qty/ros2_ws/install/turtlesim:/home/qty/ros2_ws/install/slam_toolbox:/home/qty/ros2_ws/install/ros2_laser_scan_matcher:/home/qty/ros2_ws/install/examples_rclcpp_multithreaded_executor:/home/qty/ros2_ws/install/examples_rclcpp_minimal_timer:/home/qty/ros2_ws/install/examples_rclcpp_minimal_subscriber:/home/qty/ros2_ws/install/examples_rclcpp_minimal_service:/home/qty/ros2_ws/install/examples_rclcpp_minimal_publisher:/home/qty/ros2_ws/install/examples_rclcpp_minimal_composition:/home/qty/ros2_ws/install/examples_rclcpp_minimal_client:/home/qty/ros2_ws/install/examples_rclcpp_minimal_action_server:/home/qty/ros2_ws/install/examples_rclcpp_minimal_action_client:/home/qty/ros2_ws/install/csm:/home/qty/ros2_ws/install/articubot_one LD_LIBRARY_PATH=/home/qty/ros2_ws/install/rplidar_ros/lib:/home/qty/ros2_ws/install/turtlesim/lib:/home/qty/ros2_ws/install/slam_toolbox/lib:/home/qty/ros2_ws/install/examples_rclcpp_minimal_composition/lib:/home/qty/ros2_ws/install/csm/lib:/opt/ros/foxy/opt/yaml_cpp_vendor/lib:/opt/ros/foxy/opt/rviz_ogre_vendor/lib:/opt/ros/foxy/lib/x86_64-linux-gnu:/opt/ros/foxy/lib PYTHONPATH=/home/qty/ros2_ws/build/hoverboard_controller/prefix_override:/home/qty/ros2_ws/install/hoverboard_controller/lib/python3.8/site-packages:${PYTHONPATH} /usr/bin/python3 setup.py egg_info --egg-base ../../build/hoverboard_controller build --build-base /home/qty/ros2_ws/build/hoverboard_controller/build install --record /home/qty/ros2_ws/build/hoverboard_controller/install.log --install-scripts $base/lib/hoverboard_controller --single-version-externally-managed
