[1.515s] Invoking command in '/home/qty/ros2_ws/build/examples_rclcpp_minimal_action_client': CMAKE_PREFIX_PATH=/opt/ros/foxy /usr/bin/cmake /home/qty/ros2_ws/src/examples/rclcpp/actions/minimal_action_client -DAMENT_CMAKE_SYMLINK_INSTALL=1 -DCMAKE_INSTALL_PREFIX=/home/qty/ros2_ws/install/examples_rclcpp_minimal_action_client
[3.639s] -- The C compiler identification is GNU 9.4.0
[3.639s] -- The CXX compiler identification is GNU 9.4.0
[3.639s] -- Check for working C compiler: /usr/bin/cc
[3.641s] -- Check for working C compiler: /usr/bin/cc -- works
[3.641s] -- Detecting C compiler ABI info
[3.641s] -- Detecting C compiler ABI info - done
[3.641s] -- Detecting C compile features
[3.641s] -- Detecting C compile features - done
[3.641s] -- Check for working CXX compiler: /usr/bin/c++
[3.641s] -- Check for working CXX compiler: /usr/bin/c++ -- works
[3.642s] -- Detecting CXX compiler ABI info
[3.642s] -- Detecting CXX compiler ABI info - done
[3.642s] -- Detecting CXX compile features
[3.642s] -- Detecting CXX compile features - done
[3.642s] -- Found ament_cmake: 0.9.12 (/opt/ros/foxy/share/ament_cmake/cmake)
[3.642s] -- Found PythonInterp: /usr/bin/python3 (found suitable version "3.8.10", minimum required is "3") 
[3.642s] -- Using PYTHON_EXECUTABLE: /usr/bin/python3
[3.642s] -- Override CMake install command with custom implementation using symlinks instead of copying resources
[3.642s] -- Found example_interfaces: 0.9.1 (/opt/ros/foxy/share/example_interfaces/cmake)
[3.642s] -- Using all available rosidl_typesupport_c: rosidl_typesupport_fastrtps_c;rosidl_typesupport_introspection_c
[3.642s] -- Found rosidl_adapter: 1.3.1 (/opt/ros/foxy/share/rosidl_adapter/cmake)
[3.642s] -- Found OpenSSL: /usr/lib/x86_64-linux-gnu/libcrypto.so (found version "1.1.1f")  
[3.642s] -- Found FastRTPS: /opt/ros/foxy/include  
[3.642s] -- Using all available rosidl_typesupport_cpp: rosidl_typesupport_fastrtps_cpp;rosidl_typesupport_introspection_cpp
[3.642s] -- Found rclcpp: 2.4.3 (/opt/ros/foxy/share/rclcpp/cmake)
[3.642s] -- Found rmw_implementation_cmake: 1.0.4 (/opt/ros/foxy/share/rmw_implementation_cmake/cmake)
[3.642s] -- Using RMW implementation 'rmw_fastrtps_cpp' as default
[3.642s] -- Looking for pthread.h
[3.643s] -- Looking for pthread.h - found
[3.643s] -- Performing Test CMAKE_HAVE_LIBC_PTHREAD
[3.643s] -- Performing Test CMAKE_HAVE_LIBC_PTHREAD - Failed
[3.643s] -- Looking for pthread_create in pthreads
[3.643s] -- Looking for pthread_create in pthreads - not found
[3.643s] -- Looking for pthread_create in pthread
[3.643s] -- Looking for pthread_create in pthread - found
[3.643s] -- Found Threads: TRUE  
[3.643s] -- Found rclcpp_action: 2.4.3 (/opt/ros/foxy/share/rclcpp_action/cmake)
[3.643s] -- Found ament_lint_auto: 0.9.8 (/opt/ros/foxy/share/ament_lint_auto/cmake)
[3.643s] -- Added test 'copyright' to check source files copyright and LICENSE
[3.643s] -- Added test 'cppcheck' to perform static code analysis on C / C++ code
[3.643s] -- Configured cppcheck include dirs: 
[3.643s] -- Configured cppcheck exclude dirs and/or files: 
[3.643s] -- Added test 'cpplint' to check C / C++ code against the Google style
[3.644s] -- Configured cpplint exclude dirs and/or files: 
[3.644s] -- Added test 'lint_cmake' to check CMake code style
[3.644s] -- Added test 'uncrustify' to check C / C++ code style
[3.644s] -- Configured uncrustify additional arguments: 
[3.644s] -- Added test 'xmllint' to check XML markup files
[3.644s] -- Configuring done
[3.644s] -- Generating done
[3.644s] -- Build files have been written to: /home/qty/ros2_ws/build/examples_rclcpp_minimal_action_client
[3.683s] Invoked command in '/home/qty/ros2_ws/build/examples_rclcpp_minimal_action_client' returned '0': CMAKE_PREFIX_PATH=/opt/ros/foxy /usr/bin/cmake /home/qty/ros2_ws/src/examples/rclcpp/actions/minimal_action_client -DAMENT_CMAKE_SYMLINK_INSTALL=1 -DCMAKE_INSTALL_PREFIX=/home/qty/ros2_ws/install/examples_rclcpp_minimal_action_client
[3.684s] Invoking command in '/home/qty/ros2_ws/build/examples_rclcpp_minimal_action_client': CMAKE_PREFIX_PATH=/opt/ros/foxy /usr/bin/cmake --build /home/qty/ros2_ws/build/examples_rclcpp_minimal_action_client -- -j16 -l16
[3.700s] [35m[1mScanning dependencies of target action_client_not_composable_with_feedback[0m
[3.700s] [35m[1mScanning dependencies of target action_client_not_composable_with_cancel[0m
[3.700s] [35m[1mScanning dependencies of target action_client_member_functions[0m
[3.700s] [35m[1mScanning dependencies of target action_client_not_composable[0m
[3.754s] [ 12%] [32mBuilding CXX object CMakeFiles/action_client_member_functions.dir/member_functions.cpp.o[0m
[3.758s] [ 25%] [32mBuilding CXX object CMakeFiles/action_client_not_composable_with_feedback.dir/not_composable_with_feedback.cpp.o[0m
[3.777s] [ 37%] [32mBuilding CXX object CMakeFiles/action_client_not_composable.dir/not_composable.cpp.o[0m
[3.792s] [ 50%] [32mBuilding CXX object CMakeFiles/action_client_not_composable_with_cancel.dir/not_composable_with_cancel.cpp.o[0m
[9.609s] [ 62%] [32m[1mLinking CXX executable action_client_not_composable_with_cancel[0m
[9.644s] [ 75%] [32m[1mLinking CXX executable action_client_not_composable[0m
[9.951s] [ 75%] Built target action_client_not_composable_with_cancel
[9.959s] [ 87%] [32m[1mLinking CXX executable action_client_not_composable_with_feedback[0m
[10.019s] [100%] [32m[1mLinking CXX executable action_client_member_functions[0m
[10.092s] [100%] Built target action_client_not_composable
[10.153s] [100%] Built target action_client_not_composable_with_feedback
[10.208s] [100%] Built target action_client_member_functions
[10.251s] Invoked command in '/home/qty/ros2_ws/build/examples_rclcpp_minimal_action_client' returned '0': CMAKE_PREFIX_PATH=/opt/ros/foxy /usr/bin/cmake --build /home/qty/ros2_ws/build/examples_rclcpp_minimal_action_client -- -j16 -l16
[10.280s] Invoking command in '/home/qty/ros2_ws/build/examples_rclcpp_minimal_action_client': CMAKE_PREFIX_PATH=/opt/ros/foxy /usr/bin/cmake --install /home/qty/ros2_ws/build/examples_rclcpp_minimal_action_client
[10.286s] -- Install configuration: ""
[10.287s] -- Execute custom install script
[10.287s] -- Symlinking: /home/qty/ros2_ws/install/examples_rclcpp_minimal_action_client/lib/examples_rclcpp_minimal_action_client/action_client_member_functions
[10.294s] -- Symlinking: /home/qty/ros2_ws/install/examples_rclcpp_minimal_action_client/lib/examples_rclcpp_minimal_action_client/action_client_not_composable
[10.304s] -- Symlinking: /home/qty/ros2_ws/install/examples_rclcpp_minimal_action_client/lib/examples_rclcpp_minimal_action_client/action_client_not_composable_with_cancel
[10.313s] -- Symlinking: /home/qty/ros2_ws/install/examples_rclcpp_minimal_action_client/lib/examples_rclcpp_minimal_action_client/action_client_not_composable_with_feedback
[10.320s] -- Symlinking: /home/qty/ros2_ws/install/examples_rclcpp_minimal_action_client/share/ament_index/resource_index/package_run_dependencies/examples_rclcpp_minimal_action_client
[10.327s] -- Symlinking: /home/qty/ros2_ws/install/examples_rclcpp_minimal_action_client/share/ament_index/resource_index/parent_prefix_path/examples_rclcpp_minimal_action_client
[10.334s] -- Symlinking: /home/qty/ros2_ws/install/examples_rclcpp_minimal_action_client/share/examples_rclcpp_minimal_action_client/environment/ament_prefix_path.sh
[10.342s] -- Symlinking: /home/qty/ros2_ws/install/examples_rclcpp_minimal_action_client/share/examples_rclcpp_minimal_action_client/environment/ament_prefix_path.dsv
[10.350s] -- Symlinking: /home/qty/ros2_ws/install/examples_rclcpp_minimal_action_client/share/examples_rclcpp_minimal_action_client/environment/path.sh
[10.359s] -- Symlinking: /home/qty/ros2_ws/install/examples_rclcpp_minimal_action_client/share/examples_rclcpp_minimal_action_client/environment/path.dsv
[10.367s] -- Symlinking: /home/qty/ros2_ws/install/examples_rclcpp_minimal_action_client/share/examples_rclcpp_minimal_action_client/local_setup.bash
[10.376s] -- Symlinking: /home/qty/ros2_ws/install/examples_rclcpp_minimal_action_client/share/examples_rclcpp_minimal_action_client/local_setup.sh
[10.384s] -- Symlinking: /home/qty/ros2_ws/install/examples_rclcpp_minimal_action_client/share/examples_rclcpp_minimal_action_client/local_setup.zsh
[10.392s] -- Symlinking: /home/qty/ros2_ws/install/examples_rclcpp_minimal_action_client/share/examples_rclcpp_minimal_action_client/local_setup.dsv
[10.401s] -- Symlinking: /home/qty/ros2_ws/install/examples_rclcpp_minimal_action_client/share/examples_rclcpp_minimal_action_client/package.dsv
[10.411s] -- Symlinking: /home/qty/ros2_ws/install/examples_rclcpp_minimal_action_client/share/ament_index/resource_index/packages/examples_rclcpp_minimal_action_client
[10.419s] -- Symlinking: /home/qty/ros2_ws/install/examples_rclcpp_minimal_action_client/share/examples_rclcpp_minimal_action_client/cmake/examples_rclcpp_minimal_action_clientConfig.cmake
[10.428s] -- Symlinking: /home/qty/ros2_ws/install/examples_rclcpp_minimal_action_client/share/examples_rclcpp_minimal_action_client/cmake/examples_rclcpp_minimal_action_clientConfig-version.cmake
[10.439s] -- Symlinking: /home/qty/ros2_ws/install/examples_rclcpp_minimal_action_client/share/examples_rclcpp_minimal_action_client/package.xml
[10.753s] Invoked command in '/home/qty/ros2_ws/build/examples_rclcpp_minimal_action_client' returned '0': CMAKE_PREFIX_PATH=/opt/ros/foxy /usr/bin/cmake --install /home/qty/ros2_ws/build/examples_rclcpp_minimal_action_client
