[0.611s] Invoking command in '/home/qty/ros2_ws/build/csm': CMAKE_PREFIX_PATH=${CMAKE_PREFIX_PATH}:/home/qty/ros2_ws/install/hoverboard_controller:/home/qty/ros2_ws/install/hoverBoardController:/home/qty/ros2_ws/install/examples_rclpy_minimal_subscriber:/home/qty/ros2_ws/install/examples_rclpy_minimal_service:/home/qty/ros2_ws/install/examples_rclpy_minimal_publisher:/home/qty/ros2_ws/install/examples_rclpy_minimal_client:/home/qty/ros2_ws/install/examples_rclpy_minimal_action_server:/home/qty/ros2_ws/install/examples_rclpy_minimal_action_client:/home/qty/ros2_ws/install/examples_rclpy_executors:/opt/ros/foxy /usr/bin/cmake /home/qty/ros2_ws/src/csm -DAMENT_CMAKE_SYMLINK_INSTALL=1 -DCMAKE_INSTALL_PREFIX=/home/qty/ros2_ws/install/csm
[0.664s] -- The C compiler identification is GNU 9.4.0
[0.712s] -- The CXX compiler identification is GNU 9.4.0
[0.717s] -- Check for working C compiler: /usr/bin/cc
[0.765s] -- Check for working C compiler: /usr/bin/cc -- works
[0.766s] -- Detecting C compiler ABI info
[0.817s] -- Detecting C compiler ABI info - done
[0.826s] -- Detecting C compile features
[0.827s] -- Detecting C compile features - done
[0.829s] -- Check for working CXX compiler: /usr/bin/c++
[0.889s] -- Check for working CXX compiler: /usr/bin/c++ -- works
[0.890s] -- Detecting CXX compiler ABI info
[0.953s] -- Detecting CXX compiler ABI info - done
[0.962s] -- Detecting CXX compile features
[0.963s] -- Detecting CXX compile features - done
[0.965s] -- Found ament_cmake: 0.9.12 (/opt/ros/foxy/share/ament_cmake/cmake)
[0.995s] -- Found PythonInterp: /usr/bin/python3 (found suitable version "3.8.10", minimum required is "3") 
[0.995s] -- Using PYTHON_EXECUTABLE: /usr/bin/python3
[1.145s] -- Override CMake install command with custom implementation using symlinks instead of copying resources
[1.191s] -- Found rclcpp: 2.4.3 (/opt/ros/foxy/share/rclcpp/cmake)
[1.242s] -- Using all available rosidl_typesupport_c: rosidl_typesupport_fastrtps_c;rosidl_typesupport_introspection_c
[1.255s] -- Found rosidl_adapter: 1.3.1 (/opt/ros/foxy/share/rosidl_adapter/cmake)
[1.323s] -- Found OpenSSL: /usr/lib/x86_64-linux-gnu/libcrypto.so (found version "1.1.1f")  
[1.351s] -- Found FastRTPS: /opt/ros/foxy/include  
[1.465s] -- Using all available rosidl_typesupport_cpp: rosidl_typesupport_fastrtps_cpp;rosidl_typesupport_introspection_cpp
[1.554s] -- Found rmw_implementation_cmake: 1.0.4 (/opt/ros/foxy/share/rmw_implementation_cmake/cmake)
[1.556s] -- Using RMW implementation 'rmw_fastrtps_cpp' as default
[1.557s] -- Looking for pthread.h
[1.613s] -- Looking for pthread.h - found
[1.613s] -- Performing Test CMAKE_HAVE_LIBC_PTHREAD
[1.672s] -- Performing Test CMAKE_HAVE_LIBC_PTHREAD - Failed
[1.672s] -- Looking for pthread_create in pthreads
[1.719s] -- Looking for pthread_create in pthreads - not found
[1.719s] -- Looking for pthread_create in pthread
[1.777s] -- Looking for pthread_create in pthread - found
[1.778s] -- Found Threads: TRUE  
[1.999s] -- Configuring done
[2.007s] -- Generating done
[2.009s] -- Build files have been written to: /home/qty/ros2_ws/build/csm
[2.017s] Invoked command in '/home/qty/ros2_ws/build/csm' returned '0': CMAKE_PREFIX_PATH=${CMAKE_PREFIX_PATH}:/home/qty/ros2_ws/install/hoverboard_controller:/home/qty/ros2_ws/install/hoverBoardController:/home/qty/ros2_ws/install/examples_rclpy_minimal_subscriber:/home/qty/ros2_ws/install/examples_rclpy_minimal_service:/home/qty/ros2_ws/install/examples_rclpy_minimal_publisher:/home/qty/ros2_ws/install/examples_rclpy_minimal_client:/home/qty/ros2_ws/install/examples_rclpy_minimal_action_server:/home/qty/ros2_ws/install/examples_rclpy_minimal_action_client:/home/qty/ros2_ws/install/examples_rclpy_executors:/opt/ros/foxy /usr/bin/cmake /home/qty/ros2_ws/src/csm -DAMENT_CMAKE_SYMLINK_INSTALL=1 -DCMAKE_INSTALL_PREFIX=/home/qty/ros2_ws/install/csm
[2.020s] Invoking command in '/home/qty/ros2_ws/build/csm': CMAKE_PREFIX_PATH=${CMAKE_PREFIX_PATH}:/home/qty/ros2_ws/install/hoverboard_controller:/home/qty/ros2_ws/install/hoverBoardController:/home/qty/ros2_ws/install/examples_rclpy_minimal_subscriber:/home/qty/ros2_ws/install/examples_rclpy_minimal_service:/home/qty/ros2_ws/install/examples_rclpy_minimal_publisher:/home/qty/ros2_ws/install/examples_rclpy_minimal_client:/home/qty/ros2_ws/install/examples_rclpy_minimal_action_server:/home/qty/ros2_ws/install/examples_rclpy_minimal_action_client:/home/qty/ros2_ws/install/examples_rclpy_executors:/opt/ros/foxy /usr/bin/cmake --build /home/qty/ros2_ws/build/csm -- -j16 -l16
[2.053s] [35m[1mScanning dependencies of target csm[0m
[2.170s] [ 12%] [32mBuilding CXX object CMakeFiles/csm.dir/src/csm/math_utils_gsl.cpp.o[0m
[2.170s] [ 12%] [32mBuilding CXX object CMakeFiles/csm.dir/src/csm/laser_data.cpp.o[0m
[2.171s] [ 16%] [32mBuilding CXX object CMakeFiles/csm.dir/src/csm/sm_options.cpp.o[0m
[2.173s] [ 25%] [32mBuilding CXX object CMakeFiles/csm.dir/src/csm/math_utils.cpp.o[0m
[2.174s] [ 25%] [32mBuilding CXX object CMakeFiles/csm.dir/src/csm/logging.cpp.o[0m
[2.174s] [ 12%] [32mBuilding CXX object CMakeFiles/csm.dir/src/csm/utils.cpp.o[0m
[2.175s] [ 29%] [32mBuilding CXX object CMakeFiles/csm.dir/src/egsl/egsl.cpp.o[0m
[2.178s] [ 33%] [32mBuilding CXX object CMakeFiles/csm.dir/src/egsl/egsl_ops.cpp.o[0m
[2.179s] [ 37%] [32mBuilding CXX object CMakeFiles/csm.dir/src/egsl/egsl_misc.cpp.o[0m
[2.181s] [ 41%] [32mBuilding CXX object CMakeFiles/csm.dir/src/gpc/gpc.cpp.o[0m
[2.182s] [ 45%] [32mBuilding CXX object CMakeFiles/csm.dir/src/egsl/egsl_conversions.cpp.o[0m
[2.184s] [ 50%] [32mBuilding CXX object CMakeFiles/csm.dir/src/csm/clustering.cpp.o[0m
[2.185s] [ 54%] [32mBuilding CXX object CMakeFiles/csm.dir/src/csm/orientation.cpp.o[0m
[2.292s] [ 58%] [32mBuilding CXX object CMakeFiles/csm.dir/src/gpc/gpc_utils.cpp.o[0m
[2.317s] [ 62%] [32mBuilding CXX object CMakeFiles/csm.dir/src/icp/icp_corr_dumb.cpp.o[0m
[2.338s] [ 66%] [32mBuilding CXX object CMakeFiles/csm.dir/src/icp/icp.cpp.o[0m
[3.752s] [ 70%] [32mBuilding CXX object CMakeFiles/csm.dir/src/icp/icp_corr_tricks.cpp.o[0m
[3.853s] [ 75%] [32mBuilding CXX object CMakeFiles/csm.dir/src/icp/icp_covariance.cpp.o[0m
[3.878s] [ 79%] [32mBuilding CXX object CMakeFiles/csm.dir/src/icp/icp_debug.cpp.o[0m
[4.057s] [ 83%] [32mBuilding CXX object CMakeFiles/csm.dir/src/icp/icp_loop.cpp.o[0m
[4.100s] [ 87%] [32mBuilding CXX object CMakeFiles/csm.dir/src/icp/icp_outliers.cpp.o[0m
[4.201s] [ 91%] [32mBuilding CXX object CMakeFiles/csm.dir/src/options/options.cpp.o[0m
[4.534s] [ 95%] [32mBuilding CXX object CMakeFiles/csm.dir/src/options/options_interface.cpp.o[0m
[12.764s] [100%] [32m[1mLinking CXX shared library libcsm.so[0m
[13.051s] [100%] Built target csm
[13.061s] Invoked command in '/home/qty/ros2_ws/build/csm' returned '0': CMAKE_PREFIX_PATH=${CMAKE_PREFIX_PATH}:/home/qty/ros2_ws/install/hoverboard_controller:/home/qty/ros2_ws/install/hoverBoardController:/home/qty/ros2_ws/install/examples_rclpy_minimal_subscriber:/home/qty/ros2_ws/install/examples_rclpy_minimal_service:/home/qty/ros2_ws/install/examples_rclpy_minimal_publisher:/home/qty/ros2_ws/install/examples_rclpy_minimal_client:/home/qty/ros2_ws/install/examples_rclpy_minimal_action_server:/home/qty/ros2_ws/install/examples_rclpy_minimal_action_client:/home/qty/ros2_ws/install/examples_rclpy_executors:/opt/ros/foxy /usr/bin/cmake --build /home/qty/ros2_ws/build/csm -- -j16 -l16
[13.114s] Invoking command in '/home/qty/ros2_ws/build/csm': CMAKE_PREFIX_PATH=${CMAKE_PREFIX_PATH}:/home/qty/ros2_ws/install/hoverboard_controller:/home/qty/ros2_ws/install/hoverBoardController:/home/qty/ros2_ws/install/examples_rclpy_minimal_subscriber:/home/qty/ros2_ws/install/examples_rclpy_minimal_service:/home/qty/ros2_ws/install/examples_rclpy_minimal_publisher:/home/qty/ros2_ws/install/examples_rclpy_minimal_client:/home/qty/ros2_ws/install/examples_rclpy_minimal_action_server:/home/qty/ros2_ws/install/examples_rclpy_minimal_action_client:/home/qty/ros2_ws/install/examples_rclpy_executors:/opt/ros/foxy /usr/bin/cmake --install /home/qty/ros2_ws/build/csm
[13.122s] -- Install configuration: ""
[13.122s] -- Execute custom install script
[13.123s] -- Up-to-date symlink: /home/qty/ros2_ws/install/csm/lib/libcsm.so
[13.123s] -- Up-to-date symlink: /home/qty/ros2_ws/install/csm/include/..//include/csm/algos.h
[13.123s] -- Up-to-date symlink: /home/qty/ros2_ws/install/csm/include/..//include/csm/csm.h
[13.123s] -- Up-to-date symlink: /home/qty/ros2_ws/install/csm/include/..//include/csm/laser_data.h
[13.124s] -- Up-to-date symlink: /home/qty/ros2_ws/install/csm/include/..//include/csm/laser_data_inline.h
[13.124s] -- Up-to-date symlink: /home/qty/ros2_ws/install/csm/include/..//include/csm/restrict.h
[13.124s] -- Up-to-date symlink: /home/qty/ros2_ws/install/csm/include/..//include/gsl_eigen/gsl_eigen.h
[13.124s] -- Up-to-date symlink: /home/qty/ros2_ws/install/csm/share/csm/resource/csm
[13.124s] -- Up-to-date symlink: /home/qty/ros2_ws/install/csm/include/../gsl_eigen/gsl_eigen.h
[13.125s] -- Up-to-date symlink: /home/qty/ros2_ws/install/csm/share/csm/environment/library_path.sh
[13.125s] -- Up-to-date symlink: /home/qty/ros2_ws/install/csm/share/csm/environment/library_path.dsv
[13.125s] -- Up-to-date symlink: /home/qty/ros2_ws/install/csm/share/ament_index/resource_index/package_run_dependencies/csm
[13.125s] -- Up-to-date symlink: /home/qty/ros2_ws/install/csm/share/ament_index/resource_index/parent_prefix_path/csm
[13.126s] -- Up-to-date symlink: /home/qty/ros2_ws/install/csm/share/csm/environment/ament_prefix_path.sh
[13.126s] -- Up-to-date symlink: /home/qty/ros2_ws/install/csm/share/csm/environment/ament_prefix_path.dsv
[13.126s] -- Up-to-date symlink: /home/qty/ros2_ws/install/csm/share/csm/environment/path.sh
[13.126s] -- Up-to-date symlink: /home/qty/ros2_ws/install/csm/share/csm/environment/path.dsv
[13.126s] -- Up-to-date symlink: /home/qty/ros2_ws/install/csm/share/csm/local_setup.bash
[13.127s] -- Up-to-date symlink: /home/qty/ros2_ws/install/csm/share/csm/local_setup.sh
[13.127s] -- Up-to-date symlink: /home/qty/ros2_ws/install/csm/share/csm/local_setup.zsh
[13.127s] -- Up-to-date symlink: /home/qty/ros2_ws/install/csm/share/csm/local_setup.dsv
[13.127s] -- Symlinking: /home/qty/ros2_ws/install/csm/share/csm/package.dsv
[13.136s] -- Up-to-date symlink: /home/qty/ros2_ws/install/csm/share/ament_index/resource_index/packages/csm
[13.136s] -- Up-to-date symlink: /home/qty/ros2_ws/install/csm/share/csm/cmake/ament_cmake_export_dependencies-extras.cmake
[13.136s] -- Up-to-date symlink: /home/qty/ros2_ws/install/csm/share/csm/cmake/ament_cmake_export_include_directories-extras.cmake
[13.137s] -- Up-to-date symlink: /home/qty/ros2_ws/install/csm/share/csm/cmake/ament_cmake_export_libraries-extras.cmake
[13.137s] -- Up-to-date symlink: /home/qty/ros2_ws/install/csm/share/csm/cmake/csmConfig.cmake
[13.137s] -- Up-to-date symlink: /home/qty/ros2_ws/install/csm/share/csm/cmake/csmConfig-version.cmake
[13.137s] -- Up-to-date symlink: /home/qty/ros2_ws/install/csm/share/csm/package.xml
[13.139s] Invoked command in '/home/qty/ros2_ws/build/csm' returned '0': CMAKE_PREFIX_PATH=${CMAKE_PREFIX_PATH}:/home/qty/ros2_ws/install/hoverboard_controller:/home/qty/ros2_ws/install/hoverBoardController:/home/qty/ros2_ws/install/examples_rclpy_minimal_subscriber:/home/qty/ros2_ws/install/examples_rclpy_minimal_service:/home/qty/ros2_ws/install/examples_rclpy_minimal_publisher:/home/qty/ros2_ws/install/examples_rclpy_minimal_client:/home/qty/ros2_ws/install/examples_rclpy_minimal_action_server:/home/qty/ros2_ws/install/examples_rclpy_minimal_action_client:/home/qty/ros2_ws/install/examples_rclpy_executors:/opt/ros/foxy /usr/bin/cmake --install /home/qty/ros2_ws/build/csm
