[0.363s] Invoking command in '/home/qty/ros2_ws/build/slam_toolbox': CMAKE_PREFIX_PATH=${CMAKE_PREFIX_PATH}:/home/qty/ros2_ws/install/hoverboard_controller:/opt/ros/foxy /usr/bin/cmake --build /home/qty/ros2_ws/build/slam_toolbox -- -j16 -l16
[0.457s] [  1%] Built target slam_toolbox__cpp
[0.462s] [ 10%] Built target slam_toolbox__rosidl_generator_c
[0.473s] [ 12%] Built target kartoSlamToolbox
[0.490s] [ 21%] Built target slam_toolbox__rosidl_typesupport_cpp
[0.499s] [ 30%] Built target slam_toolbox__rosidl_typesupport_introspection_cpp
[0.501s] [ 39%] Built target slam_toolbox__rosidl_typesupport_introspection_c
[0.507s] [ 48%] Built target slam_toolbox__rosidl_typesupport_c
[0.507s] [ 57%] Built target slam_toolbox__rosidl_typesupport_fastrtps_cpp
[0.554s] [ 66%] Built target slam_toolbox__rosidl_typesupport_fastrtps_c
[0.578s] [ 66%] Built target slam_toolbox
[0.600s] [ 67%] Built target slam_toolbox__py
[0.629s] [ 69%] Built target ceres_solver_plugin
[0.641s] [ 77%] Built target slam_toolbox__python
[0.644s] [ 79%] Built target SlamToolboxPlugin
[0.644s] [ 84%] Built target toolbox_common
[0.673s] [ 85%] Built target slam_toolbox__rosidl_typesupport_c__pyext
[0.679s] [ 86%] Built target slam_toolbox__rosidl_typesupport_introspection_c__pyext
[0.685s] [ 87%] Built target slam_toolbox__rosidl_typesupport_fastrtps_c__pyext
[0.697s] [ 88%] Built target merge_maps_kinematic
[0.700s] [ 89%] Built target localization_slam_toolbox
[0.700s] [ 91%] Built target async_slam_toolbox
[0.702s] [ 93%] Built target lifelong_slam_toolbox
[0.705s] [ 95%] Built target sync_slam_toolbox
[0.755s] [ 97%] Built target async_slam_toolbox_node
[0.755s] [ 98%] Built target localization_slam_toolbox_node
[0.755s] [ 99%] Built target lifelong_slam_toolbox_node
[0.762s] [100%] Built target sync_slam_toolbox_node
[1.162s] Invoked command in '/home/qty/ros2_ws/build/slam_toolbox' returned '0': CMAKE_PREFIX_PATH=${CMAKE_PREFIX_PATH}:/home/qty/ros2_ws/install/hoverboard_controller:/opt/ros/foxy /usr/bin/cmake --build /home/qty/ros2_ws/build/slam_toolbox -- -j16 -l16
[1.992s] Invoking command in '/home/qty/ros2_ws/build/slam_toolbox': CMAKE_PREFIX_PATH=${CMAKE_PREFIX_PATH}:/home/qty/ros2_ws/install/hoverboard_controller:/opt/ros/foxy /usr/bin/cmake --install /home/qty/ros2_ws/build/slam_toolbox
[2.190s] -- Install configuration: "Release"
[2.191s] -- Execute custom install script
[2.191s] -- Up-to-date symlink: /home/qty/ros2_ws/install/slam_toolbox/include//karto_sdk/Karto.h
[2.192s] -- Up-to-date symlink: /home/qty/ros2_ws/install/slam_toolbox/include//karto_sdk/Macros.h
[2.192s] -- Up-to-date symlink: /home/qty/ros2_ws/install/slam_toolbox/include//karto_sdk/Mapper.h
[2.192s] -- Up-to-date symlink: /home/qty/ros2_ws/install/slam_toolbox/include//karto_sdk/Math.h
[2.192s] -- Up-to-date symlink: /home/qty/ros2_ws/install/slam_toolbox/include//karto_sdk/Types.h
[2.192s] -- Up-to-date symlink: /home/qty/ros2_ws/install/slam_toolbox/include//karto_sdk/nanoflann.hpp
[2.192s] -- Up-to-date symlink: /home/qty/ros2_ws/install/slam_toolbox/include//karto_sdk/nanoflann_adaptors.h
[2.193s] -- Up-to-date symlink: /home/qty/ros2_ws/install/slam_toolbox/lib/libkartoSlamToolbox.so
[2.193s] -- Up-to-date symlink: /home/qty/ros2_ws/install/slam_toolbox/share/karto_sdk/environment/library_path.sh
[2.193s] -- Up-to-date symlink: /home/qty/ros2_ws/install/slam_toolbox/share/karto_sdk/environment/library_path.dsv
[2.193s] -- Up-to-date symlink: /home/qty/ros2_ws/install/slam_toolbox/share/ament_index/resource_index/package_run_dependencies/karto_sdk
[2.193s] -- Up-to-date symlink: /home/qty/ros2_ws/install/slam_toolbox/share/ament_index/resource_index/parent_prefix_path/karto_sdk
[2.193s] -- Up-to-date symlink: /home/qty/ros2_ws/install/slam_toolbox/share/karto_sdk/environment/ament_prefix_path.sh
[2.193s] -- Up-to-date symlink: /home/qty/ros2_ws/install/slam_toolbox/share/karto_sdk/environment/ament_prefix_path.dsv
[2.193s] -- Up-to-date symlink: /home/qty/ros2_ws/install/slam_toolbox/share/karto_sdk/environment/path.sh
[2.194s] -- Up-to-date symlink: /home/qty/ros2_ws/install/slam_toolbox/share/karto_sdk/environment/path.dsv
[2.194s] -- Up-to-date symlink: /home/qty/ros2_ws/install/slam_toolbox/share/karto_sdk/local_setup.bash
[2.194s] -- Up-to-date symlink: /home/qty/ros2_ws/install/slam_toolbox/share/karto_sdk/local_setup.sh
[2.194s] -- Up-to-date symlink: /home/qty/ros2_ws/install/slam_toolbox/share/karto_sdk/local_setup.zsh
[2.194s] -- Up-to-date symlink: /home/qty/ros2_ws/install/slam_toolbox/share/karto_sdk/local_setup.dsv
[2.194s] -- Up-to-date symlink: /home/qty/ros2_ws/install/slam_toolbox/share/karto_sdk/package.dsv
[2.195s] -- Up-to-date symlink: /home/qty/ros2_ws/install/slam_toolbox/share/ament_index/resource_index/packages/karto_sdk
[2.195s] -- Up-to-date symlink: /home/qty/ros2_ws/install/slam_toolbox/share/karto_sdk/cmake/ament_cmake_export_libraries-extras.cmake
[2.195s] -- Up-to-date symlink: /home/qty/ros2_ws/install/slam_toolbox/share/karto_sdk/cmake/ament_cmake_export_include_directories-extras.cmake
[2.195s] -- Up-to-date symlink: /home/qty/ros2_ws/install/slam_toolbox/share/karto_sdk/cmake/ament_cmake_export_dependencies-extras.cmake
[2.195s] -- Up-to-date symlink: /home/qty/ros2_ws/install/slam_toolbox/share/karto_sdk/cmake/karto_sdkConfig.cmake
[2.195s] -- Up-to-date symlink: /home/qty/ros2_ws/install/slam_toolbox/share/karto_sdk/cmake/karto_sdkConfig-version.cmake
[2.195s] -- Up-to-date symlink: /home/qty/ros2_ws/install/slam_toolbox/share/karto_sdk/package.xml
[2.196s] -- Up-to-date symlink: /home/qty/ros2_ws/install/slam_toolbox/share/ament_index/resource_index/rosidl_interfaces/slam_toolbox
[2.196s] -- Up-to-date symlink: /home/qty/ros2_ws/install/slam_toolbox/include/slam_toolbox/msg/rosidl_generator_c__visibility_control.h
[2.196s] -- Up-to-date symlink: /home/qty/ros2_ws/install/slam_toolbox/include/slam_toolbox/srv/add_submap.h
[2.196s] -- Up-to-date symlink: /home/qty/ros2_ws/install/slam_toolbox/include/slam_toolbox/srv/clear.h
[2.196s] -- Up-to-date symlink: /home/qty/ros2_ws/install/slam_toolbox/include/slam_toolbox/srv/clear_queue.h
[2.196s] -- Up-to-date symlink: /home/qty/ros2_ws/install/slam_toolbox/include/slam_toolbox/srv/deserialize_pose_graph.h
[2.196s] -- Up-to-date symlink: /home/qty/ros2_ws/install/slam_toolbox/include/slam_toolbox/srv/detail/add_submap__functions.h
[2.196s] -- Up-to-date symlink: /home/qty/ros2_ws/install/slam_toolbox/include/slam_toolbox/srv/detail/add_submap__struct.h
[2.197s] -- Up-to-date symlink: /home/qty/ros2_ws/install/slam_toolbox/include/slam_toolbox/srv/detail/add_submap__type_support.h
[2.197s] -- Up-to-date symlink: /home/qty/ros2_ws/install/slam_toolbox/include/slam_toolbox/srv/detail/clear__functions.h
[2.197s] -- Up-to-date symlink: /home/qty/ros2_ws/install/slam_toolbox/include/slam_toolbox/srv/detail/clear__struct.h
[2.197s] -- Up-to-date symlink: /home/qty/ros2_ws/install/slam_toolbox/include/slam_toolbox/srv/detail/clear__type_support.h
[2.197s] -- Up-to-date symlink: /home/qty/ros2_ws/install/slam_toolbox/include/slam_toolbox/srv/detail/clear_queue__functions.h
[2.198s] -- Up-to-date symlink: /home/qty/ros2_ws/install/slam_toolbox/include/slam_toolbox/srv/detail/clear_queue__struct.h
[2.198s] -- Up-to-date symlink: /home/qty/ros2_ws/install/slam_toolbox/include/slam_toolbox/srv/detail/clear_queue__type_support.h
[2.198s] -- Up-to-date symlink: /home/qty/ros2_ws/install/slam_toolbox/include/slam_toolbox/srv/detail/deserialize_pose_graph__functions.h
[2.198s] -- Up-to-date symlink: /home/qty/ros2_ws/install/slam_toolbox/include/slam_toolbox/srv/detail/deserialize_pose_graph__struct.h
[2.198s] -- Up-to-date symlink: /home/qty/ros2_ws/install/slam_toolbox/include/slam_toolbox/srv/detail/deserialize_pose_graph__type_support.h
[2.199s] -- Up-to-date symlink: /home/qty/ros2_ws/install/slam_toolbox/include/slam_toolbox/srv/detail/loop_closure__functions.h
[2.199s] -- Up-to-date symlink: /home/qty/ros2_ws/install/slam_toolbox/include/slam_toolbox/srv/detail/loop_closure__struct.h
[2.199s] -- Up-to-date symlink: /home/qty/ros2_ws/install/slam_toolbox/include/slam_toolbox/srv/detail/loop_closure__type_support.h
[2.201s] -- Up-to-date symlink: /home/qty/ros2_ws/install/slam_toolbox/include/slam_toolbox/srv/detail/merge_maps__functions.h
[2.201s] -- Up-to-date symlink: /home/qty/ros2_ws/install/slam_toolbox/include/slam_toolbox/srv/detail/merge_maps__struct.h
[2.202s] -- Up-to-date symlink: /home/qty/ros2_ws/install/slam_toolbox/include/slam_toolbox/srv/detail/merge_maps__type_support.h
[2.202s] -- Up-to-date symlink: /home/qty/ros2_ws/install/slam_toolbox/include/slam_toolbox/srv/detail/pause__functions.h
[2.202s] -- Up-to-date symlink: /home/qty/ros2_ws/install/slam_toolbox/include/slam_toolbox/srv/detail/pause__struct.h
[2.203s] -- Up-to-date symlink: /home/qty/ros2_ws/install/slam_toolbox/include/slam_toolbox/srv/detail/pause__type_support.h
[2.203s] -- Up-to-date symlink: /home/qty/ros2_ws/install/slam_toolbox/include/slam_toolbox/srv/detail/save_map__functions.h
[2.203s] -- Up-to-date symlink: /home/qty/ros2_ws/install/slam_toolbox/include/slam_toolbox/srv/detail/save_map__struct.h
[2.203s] -- Up-to-date symlink: /home/qty/ros2_ws/install/slam_toolbox/include/slam_toolbox/srv/detail/save_map__type_support.h
[2.203s] -- Up-to-date symlink: /home/qty/ros2_ws/install/slam_toolbox/include/slam_toolbox/srv/detail/serialize_pose_graph__functions.h
[2.203s] -- Up-to-date symlink: /home/qty/ros2_ws/install/slam_toolbox/include/slam_toolbox/srv/detail/serialize_pose_graph__struct.h
[2.203s] -- Up-to-date symlink: /home/qty/ros2_ws/install/slam_toolbox/include/slam_toolbox/srv/detail/serialize_pose_graph__type_support.h
[2.203s] -- Up-to-date symlink: /home/qty/ros2_ws/install/slam_toolbox/include/slam_toolbox/srv/detail/toggle_interactive__functions.h
[2.204s] -- Up-to-date symlink: /home/qty/ros2_ws/install/slam_toolbox/include/slam_toolbox/srv/detail/toggle_interactive__struct.h
[2.204s] -- Up-to-date symlink: /home/qty/ros2_ws/install/slam_toolbox/include/slam_toolbox/srv/detail/toggle_interactive__type_support.h
[2.204s] -- Up-to-date symlink: /home/qty/ros2_ws/install/slam_toolbox/include/slam_toolbox/srv/loop_closure.h
[2.204s] -- Up-to-date symlink: /home/qty/ros2_ws/install/slam_toolbox/include/slam_toolbox/srv/merge_maps.h
[2.205s] -- Up-to-date symlink: /home/qty/ros2_ws/install/slam_toolbox/include/slam_toolbox/srv/pause.h
[2.205s] -- Up-to-date symlink: /home/qty/ros2_ws/install/slam_toolbox/include/slam_toolbox/srv/save_map.h
[2.205s] -- Up-to-date symlink: /home/qty/ros2_ws/install/slam_toolbox/include/slam_toolbox/srv/serialize_pose_graph.h
[2.206s] -- Up-to-date symlink: /home/qty/ros2_ws/install/slam_toolbox/include/slam_toolbox/srv/toggle_interactive.h
[2.206s] -- Up-to-date symlink: /home/qty/ros2_ws/install/slam_toolbox/share/slam_toolbox/environment/library_path.sh
[2.206s] -- Up-to-date symlink: /home/qty/ros2_ws/install/slam_toolbox/share/slam_toolbox/environment/library_path.dsv
[2.206s] -- Up-to-date symlink: /home/qty/ros2_ws/install/slam_toolbox/include/slam_toolbox/msg/rosidl_typesupport_fastrtps_c__visibility_control.h
[2.207s] -- Up-to-date symlink: /home/qty/ros2_ws/install/slam_toolbox/include/slam_toolbox/srv/detail/add_submap__rosidl_typesupport_fastrtps_c.h
[2.207s] -- Up-to-date symlink: /home/qty/ros2_ws/install/slam_toolbox/include/slam_toolbox/srv/detail/clear__rosidl_typesupport_fastrtps_c.h
[2.207s] -- Up-to-date symlink: /home/qty/ros2_ws/install/slam_toolbox/include/slam_toolbox/srv/detail/clear_queue__rosidl_typesupport_fastrtps_c.h
[2.207s] -- Up-to-date symlink: /home/qty/ros2_ws/install/slam_toolbox/include/slam_toolbox/srv/detail/deserialize_pose_graph__rosidl_typesupport_fastrtps_c.h
[2.208s] -- Up-to-date symlink: /home/qty/ros2_ws/install/slam_toolbox/include/slam_toolbox/srv/detail/loop_closure__rosidl_typesupport_fastrtps_c.h
[2.208s] -- Up-to-date symlink: /home/qty/ros2_ws/install/slam_toolbox/include/slam_toolbox/srv/detail/merge_maps__rosidl_typesupport_fastrtps_c.h
[2.208s] -- Up-to-date symlink: /home/qty/ros2_ws/install/slam_toolbox/include/slam_toolbox/srv/detail/pause__rosidl_typesupport_fastrtps_c.h
[2.208s] -- Up-to-date symlink: /home/qty/ros2_ws/install/slam_toolbox/include/slam_toolbox/srv/detail/save_map__rosidl_typesupport_fastrtps_c.h
[2.209s] -- Up-to-date symlink: /home/qty/ros2_ws/install/slam_toolbox/include/slam_toolbox/srv/detail/serialize_pose_graph__rosidl_typesupport_fastrtps_c.h
[2.209s] -- Up-to-date symlink: /home/qty/ros2_ws/install/slam_toolbox/include/slam_toolbox/srv/detail/toggle_interactive__rosidl_typesupport_fastrtps_c.h
[2.210s] -- Up-to-date symlink: /home/qty/ros2_ws/install/slam_toolbox/lib/libslam_toolbox__rosidl_typesupport_fastrtps_c.so
[2.210s] -- Up-to-date symlink: /home/qty/ros2_ws/install/slam_toolbox/include/slam_toolbox/msg/rosidl_typesupport_fastrtps_cpp__visibility_control.h
[2.210s] -- Up-to-date symlink: /home/qty/ros2_ws/install/slam_toolbox/include/slam_toolbox/srv/detail/add_submap__rosidl_typesupport_fastrtps_cpp.hpp
[2.210s] -- Up-to-date symlink: /home/qty/ros2_ws/install/slam_toolbox/include/slam_toolbox/srv/detail/clear__rosidl_typesupport_fastrtps_cpp.hpp
[2.210s] -- Up-to-date symlink: /home/qty/ros2_ws/install/slam_toolbox/include/slam_toolbox/srv/detail/clear_queue__rosidl_typesupport_fastrtps_cpp.hpp
[2.210s] -- Up-to-date symlink: /home/qty/ros2_ws/install/slam_toolbox/include/slam_toolbox/srv/detail/deserialize_pose_graph__rosidl_typesupport_fastrtps_cpp.hpp
[2.211s] -- Up-to-date symlink: /home/qty/ros2_ws/install/slam_toolbox/include/slam_toolbox/srv/detail/loop_closure__rosidl_typesupport_fastrtps_cpp.hpp
[2.211s] -- Up-to-date symlink: /home/qty/ros2_ws/install/slam_toolbox/include/slam_toolbox/srv/detail/merge_maps__rosidl_typesupport_fastrtps_cpp.hpp
[2.211s] -- Up-to-date symlink: /home/qty/ros2_ws/install/slam_toolbox/include/slam_toolbox/srv/detail/pause__rosidl_typesupport_fastrtps_cpp.hpp
[2.211s] -- Up-to-date symlink: /home/qty/ros2_ws/install/slam_toolbox/include/slam_toolbox/srv/detail/save_map__rosidl_typesupport_fastrtps_cpp.hpp
[2.211s] -- Up-to-date symlink: /home/qty/ros2_ws/install/slam_toolbox/include/slam_toolbox/srv/detail/serialize_pose_graph__rosidl_typesupport_fastrtps_cpp.hpp
[2.211s] -- Up-to-date symlink: /home/qty/ros2_ws/install/slam_toolbox/include/slam_toolbox/srv/detail/toggle_interactive__rosidl_typesupport_fastrtps_cpp.hpp
[2.211s] -- Up-to-date symlink: /home/qty/ros2_ws/install/slam_toolbox/lib/libslam_toolbox__rosidl_typesupport_fastrtps_cpp.so
[2.212s] -- Up-to-date symlink: /home/qty/ros2_ws/install/slam_toolbox/include/slam_toolbox/msg/rosidl_typesupport_introspection_c__visibility_control.h
[2.212s] -- Up-to-date symlink: /home/qty/ros2_ws/install/slam_toolbox/include/slam_toolbox/srv/detail/add_submap__rosidl_typesupport_introspection_c.h
[2.213s] -- Up-to-date symlink: /home/qty/ros2_ws/install/slam_toolbox/include/slam_toolbox/srv/detail/clear__rosidl_typesupport_introspection_c.h
[2.213s] -- Up-to-date symlink: /home/qty/ros2_ws/install/slam_toolbox/include/slam_toolbox/srv/detail/clear_queue__rosidl_typesupport_introspection_c.h
[2.213s] -- Up-to-date symlink: /home/qty/ros2_ws/install/slam_toolbox/include/slam_toolbox/srv/detail/deserialize_pose_graph__rosidl_typesupport_introspection_c.h
[2.213s] -- Up-to-date symlink: /home/qty/ros2_ws/install/slam_toolbox/include/slam_toolbox/srv/detail/loop_closure__rosidl_typesupport_introspection_c.h
[2.214s] -- Up-to-date symlink: /home/qty/ros2_ws/install/slam_toolbox/include/slam_toolbox/srv/detail/merge_maps__rosidl_typesupport_introspection_c.h
[2.215s] -- Up-to-date symlink: /home/qty/ros2_ws/install/slam_toolbox/include/slam_toolbox/srv/detail/pause__rosidl_typesupport_introspection_c.h
[2.215s] -- Up-to-date symlink: /home/qty/ros2_ws/install/slam_toolbox/include/slam_toolbox/srv/detail/save_map__rosidl_typesupport_introspection_c.h
[2.215s] -- Up-to-date symlink: /home/qty/ros2_ws/install/slam_toolbox/include/slam_toolbox/srv/detail/serialize_pose_graph__rosidl_typesupport_introspection_c.h
[2.215s] -- Up-to-date symlink: /home/qty/ros2_ws/install/slam_toolbox/include/slam_toolbox/srv/detail/toggle_interactive__rosidl_typesupport_introspection_c.h
[2.215s] -- Up-to-date symlink: /home/qty/ros2_ws/install/slam_toolbox/include/slam_toolbox/msg/rosidl_generator_cpp__visibility_control.hpp
[2.216s] -- Up-to-date symlink: /home/qty/ros2_ws/install/slam_toolbox/include/slam_toolbox/srv/add_submap.hpp
[2.216s] -- Up-to-date symlink: /home/qty/ros2_ws/install/slam_toolbox/include/slam_toolbox/srv/clear.hpp
[2.216s] -- Up-to-date symlink: /home/qty/ros2_ws/install/slam_toolbox/include/slam_toolbox/srv/clear_queue.hpp
[2.216s] -- Up-to-date symlink: /home/qty/ros2_ws/install/slam_toolbox/include/slam_toolbox/srv/deserialize_pose_graph.hpp
[2.216s] -- Up-to-date symlink: /home/qty/ros2_ws/install/slam_toolbox/include/slam_toolbox/srv/detail/add_submap__builder.hpp
[2.216s] -- Up-to-date symlink: /home/qty/ros2_ws/install/slam_toolbox/include/slam_toolbox/srv/detail/add_submap__struct.hpp
[2.216s] -- Up-to-date symlink: /home/qty/ros2_ws/install/slam_toolbox/include/slam_toolbox/srv/detail/add_submap__traits.hpp
[2.216s] -- Up-to-date symlink: /home/qty/ros2_ws/install/slam_toolbox/include/slam_toolbox/srv/detail/add_submap__type_support.hpp
[2.217s] -- Up-to-date symlink: /home/qty/ros2_ws/install/slam_toolbox/include/slam_toolbox/srv/detail/clear__builder.hpp
[2.217s] -- Up-to-date symlink: /home/qty/ros2_ws/install/slam_toolbox/include/slam_toolbox/srv/detail/clear__struct.hpp
[2.217s] -- Up-to-date symlink: /home/qty/ros2_ws/install/slam_toolbox/include/slam_toolbox/srv/detail/clear__traits.hpp
[2.217s] -- Up-to-date symlink: /home/qty/ros2_ws/install/slam_toolbox/include/slam_toolbox/srv/detail/clear__type_support.hpp
[2.217s] -- Up-to-date symlink: /home/qty/ros2_ws/install/slam_toolbox/include/slam_toolbox/srv/detail/clear_queue__builder.hpp
[2.217s] -- Up-to-date symlink: /home/qty/ros2_ws/install/slam_toolbox/include/slam_toolbox/srv/detail/clear_queue__struct.hpp
[2.218s] -- Up-to-date symlink: /home/qty/ros2_ws/install/slam_toolbox/include/slam_toolbox/srv/detail/clear_queue__traits.hpp
[2.218s] -- Up-to-date symlink: /home/qty/ros2_ws/install/slam_toolbox/include/slam_toolbox/srv/detail/clear_queue__type_support.hpp
[2.218s] -- Up-to-date symlink: /home/qty/ros2_ws/install/slam_toolbox/include/slam_toolbox/srv/detail/deserialize_pose_graph__builder.hpp
[2.219s] -- Up-to-date symlink: /home/qty/ros2_ws/install/slam_toolbox/include/slam_toolbox/srv/detail/deserialize_pose_graph__struct.hpp
[2.219s] -- Up-to-date symlink: /home/qty/ros2_ws/install/slam_toolbox/include/slam_toolbox/srv/detail/deserialize_pose_graph__traits.hpp
[2.219s] -- Up-to-date symlink: /home/qty/ros2_ws/install/slam_toolbox/include/slam_toolbox/srv/detail/deserialize_pose_graph__type_support.hpp
[2.219s] -- Up-to-date symlink: /home/qty/ros2_ws/install/slam_toolbox/include/slam_toolbox/srv/detail/loop_closure__builder.hpp
[2.219s] -- Up-to-date symlink: /home/qty/ros2_ws/install/slam_toolbox/include/slam_toolbox/srv/detail/loop_closure__struct.hpp
[2.220s] -- Up-to-date symlink: /home/qty/ros2_ws/install/slam_toolbox/include/slam_toolbox/srv/detail/loop_closure__traits.hpp
[2.220s] -- Up-to-date symlink: /home/qty/ros2_ws/install/slam_toolbox/include/slam_toolbox/srv/detail/loop_closure__type_support.hpp
[2.220s] -- Up-to-date symlink: /home/qty/ros2_ws/install/slam_toolbox/include/slam_toolbox/srv/detail/merge_maps__builder.hpp
[2.221s] -- Up-to-date symlink: /home/qty/ros2_ws/install/slam_toolbox/include/slam_toolbox/srv/detail/merge_maps__struct.hpp
[2.221s] -- Up-to-date symlink: /home/qty/ros2_ws/install/slam_toolbox/include/slam_toolbox/srv/detail/merge_maps__traits.hpp
[2.221s] -- Up-to-date symlink: /home/qty/ros2_ws/install/slam_toolbox/include/slam_toolbox/srv/detail/merge_maps__type_support.hpp
[2.221s] -- Up-to-date symlink: /home/qty/ros2_ws/install/slam_toolbox/include/slam_toolbox/srv/detail/pause__builder.hpp
[2.221s] -- Up-to-date symlink: /home/qty/ros2_ws/install/slam_toolbox/include/slam_toolbox/srv/detail/pause__struct.hpp
[2.222s] -- Up-to-date symlink: /home/qty/ros2_ws/install/slam_toolbox/include/slam_toolbox/srv/detail/pause__traits.hpp
[2.222s] -- Up-to-date symlink: /home/qty/ros2_ws/install/slam_toolbox/include/slam_toolbox/srv/detail/pause__type_support.hpp
[2.223s] -- Up-to-date symlink: /home/qty/ros2_ws/install/slam_toolbox/include/slam_toolbox/srv/detail/save_map__builder.hpp
[2.223s] -- Up-to-date symlink: /home/qty/ros2_ws/install/slam_toolbox/include/slam_toolbox/srv/detail/save_map__struct.hpp
[2.223s] -- Up-to-date symlink: /home/qty/ros2_ws/install/slam_toolbox/include/slam_toolbox/srv/detail/save_map__traits.hpp
[2.223s] -- Up-to-date symlink: /home/qty/ros2_ws/install/slam_toolbox/include/slam_toolbox/srv/detail/save_map__type_support.hpp
[2.223s] -- Up-to-date symlink: /home/qty/ros2_ws/install/slam_toolbox/include/slam_toolbox/srv/detail/serialize_pose_graph__builder.hpp
[2.224s] -- Up-to-date symlink: /home/qty/ros2_ws/install/slam_toolbox/include/slam_toolbox/srv/detail/serialize_pose_graph__struct.hpp
[2.224s] -- Up-to-date symlink: /home/qty/ros2_ws/install/slam_toolbox/include/slam_toolbox/srv/detail/serialize_pose_graph__traits.hpp
[2.224s] -- Up-to-date symlink: /home/qty/ros2_ws/install/slam_toolbox/include/slam_toolbox/srv/detail/serialize_pose_graph__type_support.hpp
[2.224s] -- Up-to-date symlink: /home/qty/ros2_ws/install/slam_toolbox/include/slam_toolbox/srv/detail/toggle_interactive__builder.hpp
[2.224s] -- Up-to-date symlink: /home/qty/ros2_ws/install/slam_toolbox/include/slam_toolbox/srv/detail/toggle_interactive__struct.hpp
[2.225s] -- Up-to-date symlink: /home/qty/ros2_ws/install/slam_toolbox/include/slam_toolbox/srv/detail/toggle_interactive__traits.hpp
[2.225s] -- Up-to-date symlink: /home/qty/ros2_ws/install/slam_toolbox/include/slam_toolbox/srv/detail/toggle_interactive__type_support.hpp
[2.225s] -- Up-to-date symlink: /home/qty/ros2_ws/install/slam_toolbox/include/slam_toolbox/srv/loop_closure.hpp
[2.225s] -- Up-to-date symlink: /home/qty/ros2_ws/install/slam_toolbox/include/slam_toolbox/srv/merge_maps.hpp
[2.225s] -- Up-to-date symlink: /home/qty/ros2_ws/install/slam_toolbox/include/slam_toolbox/srv/pause.hpp
[2.225s] -- Up-to-date symlink: /home/qty/ros2_ws/install/slam_toolbox/include/slam_toolbox/srv/save_map.hpp
[2.226s] -- Up-to-date symlink: /home/qty/ros2_ws/install/slam_toolbox/include/slam_toolbox/srv/serialize_pose_graph.hpp
[2.226s] -- Up-to-date symlink: /home/qty/ros2_ws/install/slam_toolbox/include/slam_toolbox/srv/toggle_interactive.hpp
[2.226s] -- Up-to-date symlink: /home/qty/ros2_ws/install/slam_toolbox/include/slam_toolbox/srv/detail/add_submap__rosidl_typesupport_introspection_cpp.hpp
[2.226s] -- Up-to-date symlink: /home/qty/ros2_ws/install/slam_toolbox/include/slam_toolbox/srv/detail/clear__rosidl_typesupport_introspection_cpp.hpp
[2.226s] -- Up-to-date symlink: /home/qty/ros2_ws/install/slam_toolbox/include/slam_toolbox/srv/detail/clear_queue__rosidl_typesupport_introspection_cpp.hpp
[2.227s] -- Up-to-date symlink: /home/qty/ros2_ws/install/slam_toolbox/include/slam_toolbox/srv/detail/deserialize_pose_graph__rosidl_typesupport_introspection_cpp.hpp
[2.227s] -- Up-to-date symlink: /home/qty/ros2_ws/install/slam_toolbox/include/slam_toolbox/srv/detail/loop_closure__rosidl_typesupport_introspection_cpp.hpp
[2.227s] -- Up-to-date symlink: /home/qty/ros2_ws/install/slam_toolbox/include/slam_toolbox/srv/detail/merge_maps__rosidl_typesupport_introspection_cpp.hpp
[2.227s] -- Up-to-date symlink: /home/qty/ros2_ws/install/slam_toolbox/include/slam_toolbox/srv/detail/pause__rosidl_typesupport_introspection_cpp.hpp
[2.227s] -- Up-to-date symlink: /home/qty/ros2_ws/install/slam_toolbox/include/slam_toolbox/srv/detail/save_map__rosidl_typesupport_introspection_cpp.hpp
[2.227s] -- Up-to-date symlink: /home/qty/ros2_ws/install/slam_toolbox/include/slam_toolbox/srv/detail/serialize_pose_graph__rosidl_typesupport_introspection_cpp.hpp
[2.227s] -- Up-to-date symlink: /home/qty/ros2_ws/install/slam_toolbox/include/slam_toolbox/srv/detail/toggle_interactive__rosidl_typesupport_introspection_cpp.hpp
[2.227s] -- Up-to-date symlink: /home/qty/ros2_ws/install/slam_toolbox/share/slam_toolbox/environment/pythonpath.sh
[2.228s] -- Up-to-date symlink: /home/qty/ros2_ws/install/slam_toolbox/share/slam_toolbox/environment/pythonpath.dsv
[2.229s] -- Up-to-date symlink: /home/qty/ros2_ws/install/slam_toolbox/lib/python3.8/site-packages/slam_toolbox/__init__.py
[2.231s] -- Up-to-date symlink: /home/qty/ros2_ws/install/slam_toolbox/lib/python3.8/site-packages/slam_toolbox/srv/__init__.py
[2.232s] -- Up-to-date symlink: /home/qty/ros2_ws/install/slam_toolbox/lib/python3.8/site-packages/slam_toolbox/srv/_add_submap.py
[2.232s] -- Up-to-date symlink: /home/qty/ros2_ws/install/slam_toolbox/lib/python3.8/site-packages/slam_toolbox/srv/_clear.py
[2.232s] -- Up-to-date symlink: /home/qty/ros2_ws/install/slam_toolbox/lib/python3.8/site-packages/slam_toolbox/srv/_clear_queue.py
[2.232s] -- Up-to-date symlink: /home/qty/ros2_ws/install/slam_toolbox/lib/python3.8/site-packages/slam_toolbox/srv/_deserialize_pose_graph.py
[2.234s] -- Up-to-date symlink: /home/qty/ros2_ws/install/slam_toolbox/lib/python3.8/site-packages/slam_toolbox/srv/_loop_closure.py
[2.234s] -- Up-to-date symlink: /home/qty/ros2_ws/install/slam_toolbox/lib/python3.8/site-packages/slam_toolbox/srv/_merge_maps.py
[2.234s] -- Up-to-date symlink: /home/qty/ros2_ws/install/slam_toolbox/lib/python3.8/site-packages/slam_toolbox/srv/_pause.py
[2.234s] -- Up-to-date symlink: /home/qty/ros2_ws/install/slam_toolbox/lib/python3.8/site-packages/slam_toolbox/srv/_save_map.py
[2.234s] -- Up-to-date symlink: /home/qty/ros2_ws/install/slam_toolbox/lib/python3.8/site-packages/slam_toolbox/srv/_serialize_pose_graph.py
[2.234s] -- Up-to-date symlink: /home/qty/ros2_ws/install/slam_toolbox/lib/python3.8/site-packages/slam_toolbox/srv/_toggle_interactive.py
[2.234s] -- Up-to-date symlink: /home/qty/ros2_ws/install/slam_toolbox/lib/python3.8/site-packages/slam_toolbox/slam_toolbox_s__rosidl_typesupport_fastrtps_c.cpython-38-x86_64-linux-gnu.so
[2.235s] -- Up-to-date symlink: /home/qty/ros2_ws/install/slam_toolbox/lib/python3.8/site-packages/slam_toolbox/slam_toolbox_s__rosidl_typesupport_introspection_c.cpython-38-x86_64-linux-gnu.so
[2.235s] -- Up-to-date symlink: /home/qty/ros2_ws/install/slam_toolbox/lib/python3.8/site-packages/slam_toolbox/slam_toolbox_s__rosidl_typesupport_c.cpython-38-x86_64-linux-gnu.so
[2.235s] -- Up-to-date symlink: /home/qty/ros2_ws/install/slam_toolbox/lib/libslam_toolbox__python.so
[2.235s] -- Up-to-date symlink: /home/qty/ros2_ws/install/slam_toolbox/share/slam_toolbox/srv/Pause.idl
[2.235s] -- Up-to-date symlink: /home/qty/ros2_ws/install/slam_toolbox/share/slam_toolbox/srv/ClearQueue.idl
[2.235s] -- Up-to-date symlink: /home/qty/ros2_ws/install/slam_toolbox/share/slam_toolbox/srv/ToggleInteractive.idl
[2.235s] -- Up-to-date symlink: /home/qty/ros2_ws/install/slam_toolbox/share/slam_toolbox/srv/Clear.idl
[2.236s] -- Up-to-date symlink: /home/qty/ros2_ws/install/slam_toolbox/share/slam_toolbox/srv/SaveMap.idl
[2.236s] -- Up-to-date symlink: /home/qty/ros2_ws/install/slam_toolbox/share/slam_toolbox/srv/LoopClosure.idl
[2.236s] -- Up-to-date symlink: /home/qty/ros2_ws/install/slam_toolbox/share/slam_toolbox/srv/MergeMaps.idl
[2.236s] -- Up-to-date symlink: /home/qty/ros2_ws/install/slam_toolbox/share/slam_toolbox/srv/AddSubmap.idl
[2.236s] -- Up-to-date symlink: /home/qty/ros2_ws/install/slam_toolbox/share/slam_toolbox/srv/DeserializePoseGraph.idl
[2.236s] -- Up-to-date symlink: /home/qty/ros2_ws/install/slam_toolbox/share/slam_toolbox/srv/SerializePoseGraph.idl
[2.236s] -- Up-to-date symlink: /home/qty/ros2_ws/install/slam_toolbox/share/slam_toolbox/srvs/Pause.srv
[2.237s] -- Up-to-date symlink: /home/qty/ros2_ws/install/slam_toolbox/share/slam_toolbox/srvs/Pause_Request.msg
[2.237s] -- Up-to-date symlink: /home/qty/ros2_ws/install/slam_toolbox/share/slam_toolbox/srvs/Pause_Response.msg
[2.237s] -- Up-to-date symlink: /home/qty/ros2_ws/install/slam_toolbox/share/slam_toolbox/srvs/ClearQueue.srv
[2.237s] -- Up-to-date symlink: /home/qty/ros2_ws/install/slam_toolbox/share/slam_toolbox/srvs/ClearQueue_Request.msg
[2.238s] -- Up-to-date symlink: /home/qty/ros2_ws/install/slam_toolbox/share/slam_toolbox/srvs/ClearQueue_Response.msg
[2.238s] -- Up-to-date symlink: /home/qty/ros2_ws/install/slam_toolbox/share/slam_toolbox/srvs/ToggleInteractive.srv
[2.238s] -- Up-to-date symlink: /home/qty/ros2_ws/install/slam_toolbox/share/slam_toolbox/srvs/ToggleInteractive_Request.msg
[2.238s] -- Up-to-date symlink: /home/qty/ros2_ws/install/slam_toolbox/share/slam_toolbox/srvs/ToggleInteractive_Response.msg
[2.238s] -- Up-to-date symlink: /home/qty/ros2_ws/install/slam_toolbox/share/slam_toolbox/srvs/Clear.srv
[2.239s] -- Up-to-date symlink: /home/qty/ros2_ws/install/slam_toolbox/share/slam_toolbox/srvs/Clear_Request.msg
[2.239s] -- Up-to-date symlink: /home/qty/ros2_ws/install/slam_toolbox/share/slam_toolbox/srvs/Clear_Response.msg
[2.239s] -- Up-to-date symlink: /home/qty/ros2_ws/install/slam_toolbox/share/slam_toolbox/srvs/SaveMap.srv
[2.239s] -- Up-to-date symlink: /home/qty/ros2_ws/install/slam_toolbox/share/slam_toolbox/srvs/SaveMap_Request.msg
[2.239s] -- Up-to-date symlink: /home/qty/ros2_ws/install/slam_toolbox/share/slam_toolbox/srvs/SaveMap_Response.msg
[2.239s] -- Up-to-date symlink: /home/qty/ros2_ws/install/slam_toolbox/share/slam_toolbox/srvs/LoopClosure.srv
[2.239s] -- Up-to-date symlink: /home/qty/ros2_ws/install/slam_toolbox/share/slam_toolbox/srvs/LoopClosure_Request.msg
[2.239s] -- Up-to-date symlink: /home/qty/ros2_ws/install/slam_toolbox/share/slam_toolbox/srvs/LoopClosure_Response.msg
[2.239s] -- Up-to-date symlink: /home/qty/ros2_ws/install/slam_toolbox/share/slam_toolbox/srvs/MergeMaps.srv
[2.239s] -- Up-to-date symlink: /home/qty/ros2_ws/install/slam_toolbox/share/slam_toolbox/srvs/MergeMaps_Request.msg
[2.240s] -- Up-to-date symlink: /home/qty/ros2_ws/install/slam_toolbox/share/slam_toolbox/srvs/MergeMaps_Response.msg
[2.240s] -- Up-to-date symlink: /home/qty/ros2_ws/install/slam_toolbox/share/slam_toolbox/srvs/AddSubmap.srv
[2.240s] -- Up-to-date symlink: /home/qty/ros2_ws/install/slam_toolbox/share/slam_toolbox/srvs/AddSubmap_Request.msg
[2.240s] -- Up-to-date symlink: /home/qty/ros2_ws/install/slam_toolbox/share/slam_toolbox/srvs/AddSubmap_Response.msg
[2.240s] -- Up-to-date symlink: /home/qty/ros2_ws/install/slam_toolbox/share/slam_toolbox/srvs/DeserializePoseGraph.srv
[2.240s] -- Up-to-date symlink: /home/qty/ros2_ws/install/slam_toolbox/share/slam_toolbox/srvs/DeserializePoseGraph_Request.msg
[2.240s] -- Up-to-date symlink: /home/qty/ros2_ws/install/slam_toolbox/share/slam_toolbox/srvs/DeserializePoseGraph_Response.msg
[2.241s] -- Up-to-date symlink: /home/qty/ros2_ws/install/slam_toolbox/share/slam_toolbox/srvs/SerializePoseGraph.srv
[2.241s] -- Up-to-date symlink: /home/qty/ros2_ws/install/slam_toolbox/share/slam_toolbox/srvs/SerializePoseGraph_Request.msg
[2.241s] -- Up-to-date symlink: /home/qty/ros2_ws/install/slam_toolbox/share/slam_toolbox/srvs/SerializePoseGraph_Response.msg
[2.241s] -- Up-to-date symlink: /home/qty/ros2_ws/install/slam_toolbox/share/slam_toolbox//rviz_plugins.xml
[2.241s] -- Up-to-date symlink: /home/qty/ros2_ws/install/slam_toolbox/share/slam_toolbox//solver_plugins.xml
[2.242s] -- Up-to-date symlink: /home/qty/ros2_ws/install/slam_toolbox/lib/slam_toolbox/async_slam_toolbox_node
[2.242s] -- Up-to-date symlink: /home/qty/ros2_ws/install/slam_toolbox/lib/slam_toolbox/sync_slam_toolbox_node
[2.242s] -- Up-to-date symlink: /home/qty/ros2_ws/install/slam_toolbox/lib/slam_toolbox/localization_slam_toolbox_node
[2.242s] -- Up-to-date symlink: /home/qty/ros2_ws/install/slam_toolbox/lib/slam_toolbox/lifelong_slam_toolbox_node
[2.242s] -- Up-to-date symlink: /home/qty/ros2_ws/install/slam_toolbox/lib/slam_toolbox/merge_maps_kinematic
[2.242s] -- Up-to-date symlink: /home/qty/ros2_ws/install/slam_toolbox/lib/libtoolbox_common.so
[2.242s] -- Up-to-date symlink: /home/qty/ros2_ws/install/slam_toolbox/lib/libSlamToolboxPlugin.so
[2.242s] -- Up-to-date symlink: /home/qty/ros2_ws/install/slam_toolbox/lib/libceres_solver_plugin.so
[2.242s] -- Up-to-date symlink: /home/qty/ros2_ws/install/slam_toolbox/lib/libasync_slam_toolbox.so
[2.242s] -- Up-to-date symlink: /home/qty/ros2_ws/install/slam_toolbox/lib/libsync_slam_toolbox.so
[2.242s] -- Up-to-date symlink: /home/qty/ros2_ws/install/slam_toolbox/lib/liblocalization_slam_toolbox.so
[2.243s] -- Up-to-date symlink: /home/qty/ros2_ws/install/slam_toolbox/lib/liblifelong_slam_toolbox.so
[2.243s] -- Up-to-date symlink: /home/qty/ros2_ws/install/slam_toolbox/include/slam_toolbox/experimental/slam_toolbox_lifelong.hpp
[2.243s] -- Up-to-date symlink: /home/qty/ros2_ws/install/slam_toolbox/include/slam_toolbox/get_pose_helper.hpp
[2.243s] -- Up-to-date symlink: /home/qty/ros2_ws/install/slam_toolbox/include/slam_toolbox/laser_utils.hpp
[2.243s] -- Up-to-date symlink: /home/qty/ros2_ws/install/slam_toolbox/include/slam_toolbox/loop_closure_assistant.hpp
[2.244s] -- Up-to-date symlink: /home/qty/ros2_ws/install/slam_toolbox/include/slam_toolbox/map_saver.hpp
[2.244s] -- Up-to-date symlink: /home/qty/ros2_ws/install/slam_toolbox/include/slam_toolbox/merge_maps_kinematic.hpp
[2.244s] -- Up-to-date symlink: /home/qty/ros2_ws/install/slam_toolbox/include/slam_toolbox/serialization.hpp
[2.244s] -- Up-to-date symlink: /home/qty/ros2_ws/install/slam_toolbox/include/slam_toolbox/slam_mapper.hpp
[2.244s] -- Up-to-date symlink: /home/qty/ros2_ws/install/slam_toolbox/include/slam_toolbox/slam_toolbox_async.hpp
[2.244s] -- Up-to-date symlink: /home/qty/ros2_ws/install/slam_toolbox/include/slam_toolbox/slam_toolbox_common.hpp
[2.244s] -- Up-to-date symlink: /home/qty/ros2_ws/install/slam_toolbox/include/slam_toolbox/slam_toolbox_localization.hpp
[2.244s] -- Up-to-date symlink: /home/qty/ros2_ws/install/slam_toolbox/include/slam_toolbox/slam_toolbox_sync.hpp
[2.245s] -- Up-to-date symlink: /home/qty/ros2_ws/install/slam_toolbox/include/slam_toolbox/snap_utils.hpp
[2.245s] -- Up-to-date symlink: /home/qty/ros2_ws/install/slam_toolbox/include/slam_toolbox/toolbox_msgs.hpp
[2.245s] -- Up-to-date symlink: /home/qty/ros2_ws/install/slam_toolbox/include/slam_toolbox/toolbox_types.hpp
[2.245s] -- Up-to-date symlink: /home/qty/ros2_ws/install/slam_toolbox/include/slam_toolbox/visualization_utils.hpp
[2.245s] -- Up-to-date symlink: /home/qty/ros2_ws/install/slam_toolbox/share/slam_toolbox/launch/__pycache__/online_async_launch.cpython-38.pyc
[2.245s] -- Up-to-date symlink: /home/qty/ros2_ws/install/slam_toolbox/share/slam_toolbox/launch/__pycache__/online_async_launch_localization.cpython-38.pyc
[2.245s] -- Up-to-date symlink: /home/qty/ros2_ws/install/slam_toolbox/share/slam_toolbox/launch/lifelong_launch.py
[2.245s] -- Up-to-date symlink: /home/qty/ros2_ws/install/slam_toolbox/share/slam_toolbox/launch/localization_launch.py
[2.245s] -- Up-to-date symlink: /home/qty/ros2_ws/install/slam_toolbox/share/slam_toolbox/launch/merge_maps_kinematic_launch.py
[2.246s] -- Up-to-date symlink: /home/qty/ros2_ws/install/slam_toolbox/share/slam_toolbox/launch/offline_launch.py
[2.246s] -- Up-to-date symlink: /home/qty/ros2_ws/install/slam_toolbox/share/slam_toolbox/launch/online_async_launch.py
[2.246s] -- Up-to-date symlink: /home/qty/ros2_ws/install/slam_toolbox/share/slam_toolbox/launch/online_async_launch_localization.py
[2.246s] -- Up-to-date symlink: /home/qty/ros2_ws/install/slam_toolbox/share/slam_toolbox/launch/online_sync_launch.py
[2.246s] -- Up-to-date symlink: /home/qty/ros2_ws/install/slam_toolbox/share/slam_toolbox/config/mapper_params_lifelong.yaml
[2.247s] -- Up-to-date symlink: /home/qty/ros2_ws/install/slam_toolbox/share/slam_toolbox/config/mapper_params_localization.yaml
[2.247s] -- Up-to-date symlink: /home/qty/ros2_ws/install/slam_toolbox/share/slam_toolbox/config/mapper_params_offline.yaml
[2.247s] -- Up-to-date symlink: /home/qty/ros2_ws/install/slam_toolbox/share/slam_toolbox/config/mapper_params_online_async.yaml
[2.248s] -- Up-to-date symlink: /home/qty/ros2_ws/install/slam_toolbox/share/slam_toolbox/config/mapper_params_online_async_localization.yaml
[2.248s] -- Up-to-date symlink: /home/qty/ros2_ws/install/slam_toolbox/share/slam_toolbox/config/mapper_params_online_sync.yaml
[2.248s] -- Up-to-date symlink: /home/qty/ros2_ws/install/slam_toolbox/share/solver_plugins.xml
[2.248s] -- Up-to-date symlink: /home/qty/ros2_ws/install/slam_toolbox/share/rviz_plugins.xml
[2.249s] -- Up-to-date symlink: /home/qty/ros2_ws/install/slam_toolbox/share/ament_index/resource_index/package_run_dependencies/slam_toolbox
[2.249s] -- Up-to-date symlink: /home/qty/ros2_ws/install/slam_toolbox/share/ament_index/resource_index/parent_prefix_path/slam_toolbox
[2.249s] -- Up-to-date symlink: /home/qty/ros2_ws/install/slam_toolbox/share/slam_toolbox/environment/ament_prefix_path.sh
[2.249s] -- Up-to-date symlink: /home/qty/ros2_ws/install/slam_toolbox/share/slam_toolbox/environment/ament_prefix_path.dsv
[2.249s] -- Up-to-date symlink: /home/qty/ros2_ws/install/slam_toolbox/share/slam_toolbox/environment/path.sh
[2.250s] -- Up-to-date symlink: /home/qty/ros2_ws/install/slam_toolbox/share/slam_toolbox/environment/path.dsv
[2.250s] -- Up-to-date symlink: /home/qty/ros2_ws/install/slam_toolbox/share/slam_toolbox/local_setup.bash
[2.251s] -- Up-to-date symlink: /home/qty/ros2_ws/install/slam_toolbox/share/slam_toolbox/local_setup.sh
[2.251s] -- Up-to-date symlink: /home/qty/ros2_ws/install/slam_toolbox/share/slam_toolbox/local_setup.zsh
[2.251s] -- Up-to-date symlink: /home/qty/ros2_ws/install/slam_toolbox/share/slam_toolbox/local_setup.dsv
[2.251s] -- Symlinking: /home/qty/ros2_ws/install/slam_toolbox/share/slam_toolbox/package.dsv
[2.251s] -- Up-to-date symlink: /home/qty/ros2_ws/install/slam_toolbox/share/ament_index/resource_index/packages/slam_toolbox
[2.252s] -- Up-to-date symlink: /home/qty/ros2_ws/install/slam_toolbox/share/ament_index/resource_index/rviz_common__pluginlib__plugin/slam_toolbox
[2.252s] -- Up-to-date symlink: /home/qty/ros2_ws/install/slam_toolbox/share/ament_index/resource_index/slam_toolbox__pluginlib__plugin/slam_toolbox
[2.252s] -- Up-to-date symlink: /home/qty/ros2_ws/install/slam_toolbox/share/slam_toolbox/cmake/rosidl_cmake-extras.cmake
[2.252s] -- Up-to-date symlink: /home/qty/ros2_ws/install/slam_toolbox/share/slam_toolbox/cmake/ament_cmake_export_dependencies-extras.cmake
[2.252s] -- Up-to-date symlink: /home/qty/ros2_ws/install/slam_toolbox/share/slam_toolbox/cmake/ament_cmake_export_libraries-extras.cmake
[2.252s] -- Up-to-date symlink: /home/qty/ros2_ws/install/slam_toolbox/share/slam_toolbox/cmake/ament_cmake_export_targets-extras.cmake
[2.252s] -- Up-to-date symlink: /home/qty/ros2_ws/install/slam_toolbox/share/slam_toolbox/cmake/ament_cmake_export_include_directories-extras.cmake
[2.252s] -- Up-to-date symlink: /home/qty/ros2_ws/install/slam_toolbox/share/slam_toolbox/cmake/rosidl_cmake_export_typesupport_libraries-extras.cmake
[2.253s] -- Up-to-date symlink: /home/qty/ros2_ws/install/slam_toolbox/share/slam_toolbox/cmake/rosidl_cmake_export_typesupport_targets-extras.cmake
[2.253s] -- Up-to-date symlink: /home/qty/ros2_ws/install/slam_toolbox/share/slam_toolbox/cmake/slam_toolboxConfig.cmake
[2.253s] -- Up-to-date symlink: /home/qty/ros2_ws/install/slam_toolbox/share/slam_toolbox/cmake/slam_toolboxConfig-version.cmake
[2.253s] -- Up-to-date symlink: /home/qty/ros2_ws/install/slam_toolbox/share/slam_toolbox/package.xml
[2.254s] -- Up-to-date: /home/qty/ros2_ws/install/slam_toolbox/lib/libslam_toolbox__rosidl_generator_c.so
[2.254s] -- Up-to-date: /home/qty/ros2_ws/install/slam_toolbox/lib/libslam_toolbox__rosidl_typesupport_introspection_c.so
[2.254s] -- Up-to-date: /home/qty/ros2_ws/install/slam_toolbox/lib/libslam_toolbox__rosidl_typesupport_c.so
[2.254s] -- Up-to-date: /home/qty/ros2_ws/install/slam_toolbox/lib/libslam_toolbox__rosidl_typesupport_introspection_cpp.so
[2.254s] -- Up-to-date: /home/qty/ros2_ws/install/slam_toolbox/lib/libslam_toolbox__rosidl_typesupport_cpp.so
[2.290s] -- Up-to-date: /home/qty/ros2_ws/install/slam_toolbox/share/slam_toolbox/cmake/slam_toolbox__rosidl_generator_cExport.cmake
[2.291s] -- Up-to-date: /home/qty/ros2_ws/install/slam_toolbox/share/slam_toolbox/cmake/slam_toolbox__rosidl_generator_cExport-release.cmake
[2.291s] -- Up-to-date: /home/qty/ros2_ws/install/slam_toolbox/share/slam_toolbox/cmake/slam_toolbox__rosidl_typesupport_introspection_cExport.cmake
[2.291s] -- Up-to-date: /home/qty/ros2_ws/install/slam_toolbox/share/slam_toolbox/cmake/slam_toolbox__rosidl_typesupport_introspection_cExport-release.cmake
[2.292s] -- Up-to-date: /home/qty/ros2_ws/install/slam_toolbox/share/slam_toolbox/cmake/slam_toolbox__rosidl_typesupport_cExport.cmake
[2.292s] -- Up-to-date: /home/qty/ros2_ws/install/slam_toolbox/share/slam_toolbox/cmake/slam_toolbox__rosidl_typesupport_cExport-release.cmake
[2.292s] -- Up-to-date: /home/qty/ros2_ws/install/slam_toolbox/share/slam_toolbox/cmake/slam_toolbox__rosidl_generator_cppExport.cmake
[2.292s] -- Up-to-date: /home/qty/ros2_ws/install/slam_toolbox/share/slam_toolbox/cmake/slam_toolbox__rosidl_typesupport_introspection_cppExport.cmake
[2.292s] -- Up-to-date: /home/qty/ros2_ws/install/slam_toolbox/share/slam_toolbox/cmake/slam_toolbox__rosidl_typesupport_introspection_cppExport-release.cmake
[2.292s] -- Up-to-date: /home/qty/ros2_ws/install/slam_toolbox/share/slam_toolbox/cmake/slam_toolbox__rosidl_typesupport_cppExport.cmake
[2.292s] -- Up-to-date: /home/qty/ros2_ws/install/slam_toolbox/share/slam_toolbox/cmake/slam_toolbox__rosidl_typesupport_cppExport-release.cmake
[2.292s] -- Up-to-date: /home/qty/ros2_ws/install/slam_toolbox/share/slam_toolbox/cmake/SlamToolboxPluginExport.cmake
[2.292s] -- Up-to-date: /home/qty/ros2_ws/install/slam_toolbox/share/slam_toolbox/cmake/SlamToolboxPluginExport-release.cmake
[3.065s] Invoked command in '/home/qty/ros2_ws/build/slam_toolbox' returned '0': CMAKE_PREFIX_PATH=${CMAKE_PREFIX_PATH}:/home/qty/ros2_ws/install/hoverboard_controller:/opt/ros/foxy /usr/bin/cmake --install /home/qty/ros2_ws/build/slam_toolbox
