[0.432s] Invoking command in '/home/qty/ros2_ws/build/slam_toolbox': CMAKE_PREFIX_PATH=${CMAKE_PREFIX_PATH}:/home/qty/ros2_ws/install/hoverBoardController:/home/qty/ros2_ws/install/examples_rclpy_minimal_subscriber:/home/qty/ros2_ws/install/examples_rclpy_minimal_service:/home/qty/ros2_ws/install/examples_rclpy_minimal_publisher:/home/qty/ros2_ws/install/examples_rclpy_minimal_client:/home/qty/ros2_ws/install/examples_rclpy_minimal_action_server:/home/qty/ros2_ws/install/examples_rclpy_minimal_action_client:/home/qty/ros2_ws/install/examples_rclpy_executors:/opt/ros/foxy /usr/bin/cmake /home/qty/ros2_ws/src/slam_toolbox -DCMAKE_INSTALL_PREFIX=/home/qty/ros2_ws/install/slam_toolbox
[0.444s] -- Found ament_cmake: 0.9.12 (/opt/ros/foxy/share/ament_cmake/cmake)
[0.471s] -- Using PYTHON_EXECUTABLE: /usr/bin/python3
[0.624s] -- Override CMake install command with custom implementation using symlinks instead of copying resources
[0.630s] -- Found message_filters: 3.2.7 (/opt/ros/foxy/share/message_filters/cmake)
[0.632s] -- Found nav_msgs: 2.0.5 (/opt/ros/foxy/share/nav_msgs/cmake)
[0.650s] -- Using all available rosidl_typesupport_c: rosidl_typesupport_fastrtps_c;rosidl_typesupport_introspection_c
[0.655s] -- Found rosidl_adapter: 1.3.1 (/opt/ros/foxy/share/rosidl_adapter/cmake)
[0.747s] -- Using all available rosidl_typesupport_cpp: rosidl_typesupport_fastrtps_cpp;rosidl_typesupport_introspection_cpp
[0.879s] -- Found rclcpp: 2.4.3 (/opt/ros/foxy/share/rclcpp/cmake)
[0.908s] -- Found rmw_implementation_cmake: 1.0.4 (/opt/ros/foxy/share/rmw_implementation_cmake/cmake)
[0.910s] -- Using RMW implementation 'rmw_fastrtps_cpp' as default
[1.016s] -- Found sensor_msgs: 2.0.5 (/opt/ros/foxy/share/sensor_msgs/cmake)
[1.071s] -- Found tf2: 0.13.14 (/opt/ros/foxy/share/tf2/cmake)
[1.079s] -- Found tf2_ros: 0.13.14 (/opt/ros/foxy/share/tf2_ros/cmake)
[1.322s] -- Found visualization_msgs: 2.0.5 (/opt/ros/foxy/share/visualization_msgs/cmake)
[1.376s] -- Found pluginlib: 2.5.4 (/opt/ros/foxy/share/pluginlib/cmake)
[1.387s] -- Found tf2_geometry_msgs: 0.13.14 (/opt/ros/foxy/share/tf2_geometry_msgs/cmake)
[1.392s] -- Found eigen3_cmake_module: 0.1.1 (/opt/ros/foxy/share/eigen3_cmake_module/cmake)
[1.416s] -- Found tf2_sensor_msgs: 0.13.14 (/opt/ros/foxy/share/tf2_sensor_msgs/cmake)
[1.430s] -- Found std_srvs: 2.0.5 (/opt/ros/foxy/share/std_srvs/cmake)
[1.438s] -- Found rosidl_default_generators: 1.0.1 (/opt/ros/foxy/share/rosidl_default_generators/cmake)
[1.456s] CMake Error at CMakeLists.txt:28 (find_package):
[1.456s]   By not providing "Findnav2_map_server.cmake" in CMAKE_MODULE_PATH this
[1.456s]   project has asked CMake to find a package configuration file provided by
[1.457s]   "nav2_map_server", but CMake did not find one.
[1.457s] 
[1.457s]   Could not find a package configuration file provided by "nav2_map_server"
[1.457s]   with any of the following names:
[1.457s] 
[1.457s]     nav2_map_serverConfig.cmake
[1.457s]     nav2_map_server-config.cmake
[1.457s] 
[1.457s]   Add the installation prefix of "nav2_map_server" to CMAKE_PREFIX_PATH or
[1.457s]   set "nav2_map_server_DIR" to a directory containing one of the above files.
[1.457s]   If "nav2_map_server" provides a separate development package or SDK, be
[1.457s]   sure it has been installed.
[1.457s] 
[1.457s] 
[1.458s] -- Configuring incomplete, errors occurred!
[1.458s] See also "/home/qty/ros2_ws/build/slam_toolbox/CMakeFiles/CMakeOutput.log".
[1.458s] See also "/home/qty/ros2_ws/build/slam_toolbox/CMakeFiles/CMakeError.log".
[1.464s] Invoked command in '/home/qty/ros2_ws/build/slam_toolbox' returned '1': CMAKE_PREFIX_PATH=${CMAKE_PREFIX_PATH}:/home/qty/ros2_ws/install/hoverBoardController:/home/qty/ros2_ws/install/examples_rclpy_minimal_subscriber:/home/qty/ros2_ws/install/examples_rclpy_minimal_service:/home/qty/ros2_ws/install/examples_rclpy_minimal_publisher:/home/qty/ros2_ws/install/examples_rclpy_minimal_client:/home/qty/ros2_ws/install/examples_rclpy_minimal_action_server:/home/qty/ros2_ws/install/examples_rclpy_minimal_action_client:/home/qty/ros2_ws/install/examples_rclpy_executors:/opt/ros/foxy /usr/bin/cmake /home/qty/ros2_ws/src/slam_toolbox -DCMAKE_INSTALL_PREFIX=/home/qty/ros2_ws/install/slam_toolbox
