[0.492s] Invoking command in '/home/qty/ros2_ws/build/hoverboard_msgs': CMAKE_PREFIX_PATH=${CMAKE_PREFIX_PATH}:/home/qty/ros2_ws/install/hoverboard_controller:/home/qty/ros2_ws/install/hoverBoardController:/home/qty/ros2_ws/install/examples_rclpy_minimal_subscriber:/home/qty/ros2_ws/install/examples_rclpy_minimal_service:/home/qty/ros2_ws/install/examples_rclpy_minimal_publisher:/home/qty/ros2_ws/install/examples_rclpy_minimal_client:/home/qty/ros2_ws/install/examples_rclpy_minimal_action_server:/home/qty/ros2_ws/install/examples_rclpy_minimal_action_client:/home/qty/ros2_ws/install/examples_rclpy_executors:/opt/ros/foxy /usr/bin/cmake --build /home/qty/ros2_ws/build/hoverboard_msgs -- -j16 -l16
[0.512s] -- Found ament_cmake: 0.9.12 (/opt/ros/foxy/share/ament_cmake/cmake)
[0.538s] -- Found PythonInterp: /usr/bin/python3 (found suitable version "3.8.10", minimum required is "3") 
[0.538s] -- Using PYTHON_EXECUTABLE: /usr/bin/python3
[0.727s] -- Override CMake install command with custom implementation using symlinks instead of copying resources
[0.735s] -- Found ament_lint_auto: 0.9.8 (/opt/ros/foxy/share/ament_lint_auto/cmake)
[0.785s] -- Found rosidl_default_generators: 1.0.1 (/opt/ros/foxy/share/rosidl_default_generators/cmake)
[0.790s] -- Using all available rosidl_typesupport_c: rosidl_typesupport_fastrtps_c;rosidl_typesupport_introspection_c
[0.793s] -- Found rosidl_adapter: 1.3.1 (/opt/ros/foxy/share/rosidl_adapter/cmake)
[0.892s] -- Using all available rosidl_typesupport_cpp: rosidl_typesupport_fastrtps_cpp;rosidl_typesupport_introspection_cpp
[0.913s] -- Found builtin_interfaces: 1.0.0 (/opt/ros/foxy/share/builtin_interfaces/cmake)
[0.925s] -- Found std_msgs: 2.0.5 (/opt/ros/foxy/share/std_msgs/cmake)
[0.958s] -- Found PythonInterp: /usr/bin/python3 (found version "3.8.10") 
[1.037s] -- Found ament_cmake_ros: 0.9.2 (/opt/ros/foxy/share/ament_cmake_ros/cmake)
[1.166s] -- Using all available rosidl_typesupport_c: rosidl_typesupport_fastrtps_c;rosidl_typesupport_introspection_c
[1.220s] -- Using all available rosidl_typesupport_cpp: rosidl_typesupport_fastrtps_cpp;rosidl_typesupport_introspection_cpp
[1.246s] -- Found PythonInterp: /usr/bin/python3 (found suitable version "3.8.10", minimum required is "3.5") 
[1.246s] -- Found python_cmake_module: 0.8.1 (/opt/ros/foxy/share/python_cmake_module/cmake)
[1.268s] -- Using PYTHON_EXECUTABLE: /usr/bin/python3
[1.268s] -- Using PYTHON_INCLUDE_DIRS: /usr/include/python3.8
[1.268s] -- Using PYTHON_LIBRARIES: /usr/lib/x86_64-linux-gnu/libpython3.8.so
[1.308s] -- Added test 'copyright' to check source files copyright and LICENSE
[1.308s] -- Added test 'lint_cmake' to check CMake code style
[1.310s] -- Added test 'xmllint' to check XML markup files
[1.313s] -- Configuring done
[1.343s] -- Generating done
[1.345s] -- Build files have been written to: /home/qty/ros2_ws/build/hoverboard_msgs
[1.361s] [  2%] [34m[1mGenerating C code for ROS interfaces[0m
[1.368s] [  5%] [34m[1mGenerating C++ code for ROS interfaces[0m
[1.568s] [  5%] Built target hoverboard_msgs__cpp
[1.572s] [35m[1mScanning dependencies of target hoverboard_msgs__rosidl_generator_c[0m
[1.576s] [ 10%] [34m[1mGenerating C++ introspection for ROS interfaces[0m
[1.576s] [ 10%] [34m[1mGenerating C++ type support dispatch for ROS interfaces[0m
[1.576s] [ 12%] [34m[1mGenerating C++ type support for eProsima Fast-RTPS[0m
[1.581s] [ 15%] [32mBuilding C object CMakeFiles/hoverboard_msgs__rosidl_generator_c.dir/rosidl_generator_c/hoverboard_msgs/msg/detail/sonar_msg__functions.c.o[0m
[1.581s] [ 17%] [32mBuilding C object CMakeFiles/hoverboard_msgs__rosidl_generator_c.dir/rosidl_generator_c/hoverboard_msgs/msg/detail/temp_msg__functions.c.o[0m
[1.616s] [ 20%] [32m[1mLinking C shared library libhoverboard_msgs__rosidl_generator_c.so[0m
[1.645s] [ 20%] Built target hoverboard_msgs__rosidl_generator_c
[1.652s] [ 25%] [34m[1mGenerating C type support dispatch for ROS interfaces[0m
[1.652s] [ 25%] [34m[1mGenerating C introspection for ROS interfaces[0m
[1.754s] [35m[1mScanning dependencies of target hoverboard_msgs__rosidl_typesupport_cpp[0m
[1.765s] [ 30%] [32mBuilding CXX object CMakeFiles/hoverboard_msgs__rosidl_typesupport_cpp.dir/rosidl_typesupport_cpp/hoverboard_msgs/msg/temp_msg__type_support.cpp.o[0m
[1.765s] [ 30%] [32mBuilding CXX object CMakeFiles/hoverboard_msgs__rosidl_typesupport_cpp.dir/rosidl_typesupport_cpp/hoverboard_msgs/msg/sonar_msg__type_support.cpp.o[0m
[1.768s] [35m[1mScanning dependencies of target hoverboard_msgs__rosidl_typesupport_introspection_cpp[0m
[1.779s] [ 33%] [32mBuilding CXX object CMakeFiles/hoverboard_msgs__rosidl_typesupport_introspection_cpp.dir/rosidl_typesupport_introspection_cpp/hoverboard_msgs/msg/detail/temp_msg__type_support.cpp.o[0m
[1.780s] [ 35%] [32mBuilding CXX object CMakeFiles/hoverboard_msgs__rosidl_typesupport_introspection_cpp.dir/rosidl_typesupport_introspection_cpp/hoverboard_msgs/msg/detail/sonar_msg__type_support.cpp.o[0m
[1.780s] [35m[1mScanning dependencies of target hoverboard_msgs__rosidl_typesupport_fastrtps_cpp[0m
[1.791s] [ 38%] [32mBuilding CXX object CMakeFiles/hoverboard_msgs__rosidl_typesupport_fastrtps_cpp.dir/rosidl_typesupport_fastrtps_cpp/hoverboard_msgs/msg/detail/dds_fastrtps/sonar_msg__type_support.cpp.o[0m
[1.793s] [ 41%] [32mBuilding CXX object CMakeFiles/hoverboard_msgs__rosidl_typesupport_fastrtps_cpp.dir/rosidl_typesupport_fastrtps_cpp/hoverboard_msgs/msg/detail/dds_fastrtps/temp_msg__type_support.cpp.o[0m
[1.839s] [35m[1mScanning dependencies of target hoverboard_msgs__rosidl_typesupport_c[0m
[1.848s] [ 43%] [32mBuilding CXX object CMakeFiles/hoverboard_msgs__rosidl_typesupport_c.dir/rosidl_typesupport_c/hoverboard_msgs/msg/sonar_msg__type_support.cpp.o[0m
[1.851s] [ 46%] [32mBuilding CXX object CMakeFiles/hoverboard_msgs__rosidl_typesupport_c.dir/rosidl_typesupport_c/hoverboard_msgs/msg/temp_msg__type_support.cpp.o[0m
[1.851s] [35m[1mScanning dependencies of target hoverboard_msgs__rosidl_typesupport_introspection_c[0m
[1.865s] [ 51%] [32mBuilding C object CMakeFiles/hoverboard_msgs__rosidl_typesupport_introspection_c.dir/rosidl_typesupport_introspection_c/hoverboard_msgs/msg/detail/temp_msg__type_support.c.o[0m
[1.866s] [ 51%] [32mBuilding C object CMakeFiles/hoverboard_msgs__rosidl_typesupport_introspection_c.dir/rosidl_typesupport_introspection_c/hoverboard_msgs/msg/detail/sonar_msg__type_support.c.o[0m
[1.879s] [ 53%] [32m[1mLinking CXX shared library libhoverboard_msgs__rosidl_typesupport_c.so[0m
[1.902s] [ 56%] [32m[1mLinking C shared library libhoverboard_msgs__rosidl_typesupport_introspection_c.so[0m
[1.913s] [ 56%] Built target hoverboard_msgs__rosidl_typesupport_c
[1.924s] [ 56%] Built target hoverboard_msgs__rosidl_typesupport_introspection_c
[2.014s] [ 58%] [32m[1mLinking CXX shared library libhoverboard_msgs__rosidl_typesupport_introspection_cpp.so[0m
[2.060s] [ 58%] Built target hoverboard_msgs__rosidl_typesupport_introspection_cpp
[2.102s] [ 61%] [32m[1mLinking CXX shared library libhoverboard_msgs__rosidl_typesupport_cpp.so[0m
[2.124s] [ 64%] [32m[1mLinking CXX shared library libhoverboard_msgs__rosidl_typesupport_fastrtps_cpp.so[0m
[2.130s] [ 64%] Built target hoverboard_msgs__rosidl_typesupport_cpp
[2.180s] [ 64%] Built target hoverboard_msgs__rosidl_typesupport_fastrtps_cpp
[2.187s] [ 66%] [34m[1mGenerating C type support for eProsima Fast-RTPS[0m
[2.373s] [35m[1mScanning dependencies of target hoverboard_msgs__rosidl_typesupport_fastrtps_c[0m
[2.382s] [ 69%] [32mBuilding CXX object CMakeFiles/hoverboard_msgs__rosidl_typesupport_fastrtps_c.dir/rosidl_typesupport_fastrtps_c/hoverboard_msgs/msg/detail/sonar_msg__type_support_c.cpp.o[0m
[2.383s] [ 71%] [32mBuilding CXX object CMakeFiles/hoverboard_msgs__rosidl_typesupport_fastrtps_c.dir/rosidl_typesupport_fastrtps_c/hoverboard_msgs/msg/detail/temp_msg__type_support_c.cpp.o[0m
[2.626s] [ 74%] [32m[1mLinking CXX shared library libhoverboard_msgs__rosidl_typesupport_fastrtps_c.so[0m
[2.680s] [ 74%] Built target hoverboard_msgs__rosidl_typesupport_fastrtps_c
[2.693s] [ 74%] Built target hoverboard_msgs
[2.705s] [ 76%] [34m[1mGenerating Python code for ROS interfaces[0m
[3.026s] [ 76%] Built target hoverboard_msgs__py
[3.033s] [35m[1mScanning dependencies of target hoverboard_msgs__python[0m
[3.043s] [ 79%] [32mBuilding C object CMakeFiles/hoverboard_msgs__python.dir/rosidl_generator_py/hoverboard_msgs/msg/_sonar_msg_s.c.o[0m
[3.044s] [ 82%] [32mBuilding C object CMakeFiles/hoverboard_msgs__python.dir/rosidl_generator_py/hoverboard_msgs/msg/_temp_msg_s.c.o[0m
[3.101s] [ 84%] [32m[1mLinking C shared library rosidl_generator_py/hoverboard_msgs/libhoverboard_msgs__python.so[0m
[3.129s] [ 84%] Built target hoverboard_msgs__python
[3.137s] [35m[1mScanning dependencies of target hoverboard_msgs__rosidl_typesupport_fastrtps_c__pyext[0m
[3.137s] [35m[1mScanning dependencies of target hoverboard_msgs__rosidl_typesupport_c__pyext[0m
[3.137s] [35m[1mScanning dependencies of target hoverboard_msgs__rosidl_typesupport_introspection_c__pyext[0m
[3.148s] [ 89%] [32mBuilding C object CMakeFiles/hoverboard_msgs__rosidl_typesupport_introspection_c__pyext.dir/rosidl_generator_py/hoverboard_msgs/_hoverboard_msgs_s.ep.rosidl_typesupport_introspection_c.c.o[0m
[3.148s] [ 89%] [32mBuilding C object CMakeFiles/hoverboard_msgs__rosidl_typesupport_c__pyext.dir/rosidl_generator_py/hoverboard_msgs/_hoverboard_msgs_s.ep.rosidl_typesupport_c.c.o[0m
[3.148s] [ 92%] [32mBuilding C object CMakeFiles/hoverboard_msgs__rosidl_typesupport_fastrtps_c__pyext.dir/rosidl_generator_py/hoverboard_msgs/_hoverboard_msgs_s.ep.rosidl_typesupport_fastrtps_c.c.o[0m
[3.203s] [100%] [32m[1mLinking CXX shared library rosidl_generator_py/hoverboard_msgs/hoverboard_msgs_s__rosidl_typesupport_fastrtps_c.cpython-38-x86_64-linux-gnu.so[0m
[3.204s] [100%] [32m[1mLinking C shared library rosidl_generator_py/hoverboard_msgs/hoverboard_msgs_s__rosidl_typesupport_c.cpython-38-x86_64-linux-gnu.so[0m
[3.204s] [100%] [32m[1mLinking C shared library rosidl_generator_py/hoverboard_msgs/hoverboard_msgs_s__rosidl_typesupport_introspection_c.cpython-38-x86_64-linux-gnu.so[0m
[3.230s] [100%] Built target hoverboard_msgs__rosidl_typesupport_c__pyext
[3.230s] [100%] Built target hoverboard_msgs__rosidl_typesupport_introspection_c__pyext
[3.249s] [100%] Built target hoverboard_msgs__rosidl_typesupport_fastrtps_c__pyext
[3.257s] Invoked command in '/home/qty/ros2_ws/build/hoverboard_msgs' returned '0': CMAKE_PREFIX_PATH=${CMAKE_PREFIX_PATH}:/home/qty/ros2_ws/install/hoverboard_controller:/home/qty/ros2_ws/install/hoverBoardController:/home/qty/ros2_ws/install/examples_rclpy_minimal_subscriber:/home/qty/ros2_ws/install/examples_rclpy_minimal_service:/home/qty/ros2_ws/install/examples_rclpy_minimal_publisher:/home/qty/ros2_ws/install/examples_rclpy_minimal_client:/home/qty/ros2_ws/install/examples_rclpy_minimal_action_server:/home/qty/ros2_ws/install/examples_rclpy_minimal_action_client:/home/qty/ros2_ws/install/examples_rclpy_executors:/opt/ros/foxy /usr/bin/cmake --build /home/qty/ros2_ws/build/hoverboard_msgs -- -j16 -l16
[3.301s] Invoking command in '/home/qty/ros2_ws/build/hoverboard_msgs': CMAKE_PREFIX_PATH=${CMAKE_PREFIX_PATH}:/home/qty/ros2_ws/install/hoverboard_controller:/home/qty/ros2_ws/install/hoverBoardController:/home/qty/ros2_ws/install/examples_rclpy_minimal_subscriber:/home/qty/ros2_ws/install/examples_rclpy_minimal_service:/home/qty/ros2_ws/install/examples_rclpy_minimal_publisher:/home/qty/ros2_ws/install/examples_rclpy_minimal_client:/home/qty/ros2_ws/install/examples_rclpy_minimal_action_server:/home/qty/ros2_ws/install/examples_rclpy_minimal_action_client:/home/qty/ros2_ws/install/examples_rclpy_executors:/opt/ros/foxy /usr/bin/cmake --install /home/qty/ros2_ws/build/hoverboard_msgs
[3.306s] -- Install configuration: ""
[3.306s] -- Execute custom install script
[3.306s] -- Up-to-date symlink: /home/qty/ros2_ws/install/hoverboard_msgs/share/ament_index/resource_index/rosidl_interfaces/hoverboard_msgs
[3.307s] -- Up-to-date symlink: /home/qty/ros2_ws/install/hoverboard_msgs/include/hoverboard_msgs/msg/detail/sonar_msg__functions.h
[3.307s] -- Up-to-date symlink: /home/qty/ros2_ws/install/hoverboard_msgs/include/hoverboard_msgs/msg/detail/sonar_msg__struct.h
[3.307s] -- Up-to-date symlink: /home/qty/ros2_ws/install/hoverboard_msgs/include/hoverboard_msgs/msg/detail/sonar_msg__type_support.h
[3.307s] -- Up-to-date symlink: /home/qty/ros2_ws/install/hoverboard_msgs/include/hoverboard_msgs/msg/detail/temp_msg__functions.h
[3.307s] -- Up-to-date symlink: /home/qty/ros2_ws/install/hoverboard_msgs/include/hoverboard_msgs/msg/detail/temp_msg__struct.h
[3.307s] -- Up-to-date symlink: /home/qty/ros2_ws/install/hoverboard_msgs/include/hoverboard_msgs/msg/detail/temp_msg__type_support.h
[3.307s] -- Up-to-date symlink: /home/qty/ros2_ws/install/hoverboard_msgs/include/hoverboard_msgs/msg/rosidl_generator_c__visibility_control.h
[3.307s] -- Up-to-date symlink: /home/qty/ros2_ws/install/hoverboard_msgs/include/hoverboard_msgs/msg/sonar_msg.h
[3.307s] -- Up-to-date symlink: /home/qty/ros2_ws/install/hoverboard_msgs/include/hoverboard_msgs/msg/temp_msg.h
[3.307s] -- Up-to-date symlink: /home/qty/ros2_ws/install/hoverboard_msgs/share/hoverboard_msgs/environment/library_path.sh
[3.308s] -- Up-to-date symlink: /home/qty/ros2_ws/install/hoverboard_msgs/share/hoverboard_msgs/environment/library_path.dsv
[3.308s] -- Up-to-date symlink: /home/qty/ros2_ws/install/hoverboard_msgs/include/hoverboard_msgs/msg/detail/sonar_msg__rosidl_typesupport_fastrtps_c.h
[3.308s] -- Up-to-date symlink: /home/qty/ros2_ws/install/hoverboard_msgs/include/hoverboard_msgs/msg/detail/temp_msg__rosidl_typesupport_fastrtps_c.h
[3.308s] -- Up-to-date symlink: /home/qty/ros2_ws/install/hoverboard_msgs/include/hoverboard_msgs/msg/rosidl_typesupport_fastrtps_c__visibility_control.h
[3.308s] -- Up-to-date symlink: /home/qty/ros2_ws/install/hoverboard_msgs/lib/libhoverboard_msgs__rosidl_typesupport_fastrtps_c.so
[3.309s] -- Up-to-date symlink: /home/qty/ros2_ws/install/hoverboard_msgs/include/hoverboard_msgs/msg/detail/sonar_msg__rosidl_typesupport_fastrtps_cpp.hpp
[3.309s] -- Up-to-date symlink: /home/qty/ros2_ws/install/hoverboard_msgs/include/hoverboard_msgs/msg/detail/temp_msg__rosidl_typesupport_fastrtps_cpp.hpp
[3.309s] -- Up-to-date symlink: /home/qty/ros2_ws/install/hoverboard_msgs/include/hoverboard_msgs/msg/rosidl_typesupport_fastrtps_cpp__visibility_control.h
[3.309s] -- Up-to-date symlink: /home/qty/ros2_ws/install/hoverboard_msgs/lib/libhoverboard_msgs__rosidl_typesupport_fastrtps_cpp.so
[3.310s] -- Up-to-date symlink: /home/qty/ros2_ws/install/hoverboard_msgs/include/hoverboard_msgs/msg/detail/sonar_msg__rosidl_typesupport_introspection_c.h
[3.310s] -- Up-to-date symlink: /home/qty/ros2_ws/install/hoverboard_msgs/include/hoverboard_msgs/msg/detail/temp_msg__rosidl_typesupport_introspection_c.h
[3.310s] -- Up-to-date symlink: /home/qty/ros2_ws/install/hoverboard_msgs/include/hoverboard_msgs/msg/rosidl_typesupport_introspection_c__visibility_control.h
[3.310s] -- Up-to-date symlink: /home/qty/ros2_ws/install/hoverboard_msgs/include/hoverboard_msgs/msg/detail/sonar_msg__builder.hpp
[3.310s] -- Up-to-date symlink: /home/qty/ros2_ws/install/hoverboard_msgs/include/hoverboard_msgs/msg/detail/sonar_msg__struct.hpp
[3.310s] -- Up-to-date symlink: /home/qty/ros2_ws/install/hoverboard_msgs/include/hoverboard_msgs/msg/detail/sonar_msg__traits.hpp
[3.310s] -- Up-to-date symlink: /home/qty/ros2_ws/install/hoverboard_msgs/include/hoverboard_msgs/msg/detail/sonar_msg__type_support.hpp
[3.311s] -- Up-to-date symlink: /home/qty/ros2_ws/install/hoverboard_msgs/include/hoverboard_msgs/msg/detail/temp_msg__builder.hpp
[3.311s] -- Up-to-date symlink: /home/qty/ros2_ws/install/hoverboard_msgs/include/hoverboard_msgs/msg/detail/temp_msg__struct.hpp
[3.311s] -- Up-to-date symlink: /home/qty/ros2_ws/install/hoverboard_msgs/include/hoverboard_msgs/msg/detail/temp_msg__traits.hpp
[3.311s] -- Up-to-date symlink: /home/qty/ros2_ws/install/hoverboard_msgs/include/hoverboard_msgs/msg/detail/temp_msg__type_support.hpp
[3.311s] -- Up-to-date symlink: /home/qty/ros2_ws/install/hoverboard_msgs/include/hoverboard_msgs/msg/rosidl_generator_cpp__visibility_control.hpp
[3.311s] -- Up-to-date symlink: /home/qty/ros2_ws/install/hoverboard_msgs/include/hoverboard_msgs/msg/sonar_msg.hpp
[3.311s] -- Up-to-date symlink: /home/qty/ros2_ws/install/hoverboard_msgs/include/hoverboard_msgs/msg/temp_msg.hpp
[3.311s] -- Up-to-date symlink: /home/qty/ros2_ws/install/hoverboard_msgs/include/hoverboard_msgs/msg/detail/sonar_msg__rosidl_typesupport_introspection_cpp.hpp
[3.312s] -- Up-to-date symlink: /home/qty/ros2_ws/install/hoverboard_msgs/include/hoverboard_msgs/msg/detail/temp_msg__rosidl_typesupport_introspection_cpp.hpp
[3.312s] -- Up-to-date symlink: /home/qty/ros2_ws/install/hoverboard_msgs/share/hoverboard_msgs/environment/pythonpath.sh
[3.312s] -- Up-to-date symlink: /home/qty/ros2_ws/install/hoverboard_msgs/share/hoverboard_msgs/environment/pythonpath.dsv
[3.312s] -- Up-to-date symlink: /home/qty/ros2_ws/install/hoverboard_msgs/lib/python3.8/site-packages/hoverboard_msgs/__init__.py
[3.312s] -- Up-to-date symlink: /home/qty/ros2_ws/install/hoverboard_msgs/lib/python3.8/site-packages/hoverboard_msgs/msg/__init__.py
[3.312s] -- Up-to-date symlink: /home/qty/ros2_ws/install/hoverboard_msgs/lib/python3.8/site-packages/hoverboard_msgs/msg/_sonar_msg.py
[3.313s] -- Up-to-date symlink: /home/qty/ros2_ws/install/hoverboard_msgs/lib/python3.8/site-packages/hoverboard_msgs/msg/_temp_msg.py
[3.313s] -- Up-to-date symlink: /home/qty/ros2_ws/install/hoverboard_msgs/lib/python3.8/site-packages/hoverboard_msgs/hoverboard_msgs_s__rosidl_typesupport_fastrtps_c.cpython-38-x86_64-linux-gnu.so
[3.313s] -- Up-to-date symlink: /home/qty/ros2_ws/install/hoverboard_msgs/lib/python3.8/site-packages/hoverboard_msgs/hoverboard_msgs_s__rosidl_typesupport_introspection_c.cpython-38-x86_64-linux-gnu.so
[3.313s] -- Up-to-date symlink: /home/qty/ros2_ws/install/hoverboard_msgs/lib/python3.8/site-packages/hoverboard_msgs/hoverboard_msgs_s__rosidl_typesupport_c.cpython-38-x86_64-linux-gnu.so
[3.314s] -- Up-to-date symlink: /home/qty/ros2_ws/install/hoverboard_msgs/lib/libhoverboard_msgs__python.so
[3.314s] -- Up-to-date symlink: /home/qty/ros2_ws/install/hoverboard_msgs/share/hoverboard_msgs/msg/SonarMsg.idl
[3.314s] -- Up-to-date symlink: /home/qty/ros2_ws/install/hoverboard_msgs/share/hoverboard_msgs/msg/TempMsg.idl
[3.314s] -- Up-to-date symlink: /home/qty/ros2_ws/install/hoverboard_msgs/share/hoverboard_msgs/msg/SonarMsg.msg
[3.314s] -- Up-to-date symlink: /home/qty/ros2_ws/install/hoverboard_msgs/share/hoverboard_msgs/msg/TempMsg.msg
[3.314s] -- Up-to-date symlink: /home/qty/ros2_ws/install/hoverboard_msgs/share/ament_index/resource_index/package_run_dependencies/hoverboard_msgs
[3.315s] -- Up-to-date symlink: /home/qty/ros2_ws/install/hoverboard_msgs/share/ament_index/resource_index/parent_prefix_path/hoverboard_msgs
[3.315s] -- Up-to-date symlink: /home/qty/ros2_ws/install/hoverboard_msgs/share/hoverboard_msgs/environment/ament_prefix_path.sh
[3.315s] -- Up-to-date symlink: /home/qty/ros2_ws/install/hoverboard_msgs/share/hoverboard_msgs/environment/ament_prefix_path.dsv
[3.315s] -- Up-to-date symlink: /home/qty/ros2_ws/install/hoverboard_msgs/share/hoverboard_msgs/environment/path.sh
[3.315s] -- Up-to-date symlink: /home/qty/ros2_ws/install/hoverboard_msgs/share/hoverboard_msgs/environment/path.dsv
[3.315s] -- Up-to-date symlink: /home/qty/ros2_ws/install/hoverboard_msgs/share/hoverboard_msgs/local_setup.bash
[3.316s] -- Up-to-date symlink: /home/qty/ros2_ws/install/hoverboard_msgs/share/hoverboard_msgs/local_setup.sh
[3.316s] -- Up-to-date symlink: /home/qty/ros2_ws/install/hoverboard_msgs/share/hoverboard_msgs/local_setup.zsh
[3.316s] -- Up-to-date symlink: /home/qty/ros2_ws/install/hoverboard_msgs/share/hoverboard_msgs/local_setup.dsv
[3.316s] -- Symlinking: /home/qty/ros2_ws/install/hoverboard_msgs/share/hoverboard_msgs/package.dsv
[3.322s] -- Up-to-date symlink: /home/qty/ros2_ws/install/hoverboard_msgs/share/ament_index/resource_index/packages/hoverboard_msgs
[3.322s] -- Up-to-date symlink: /home/qty/ros2_ws/install/hoverboard_msgs/share/hoverboard_msgs/cmake/rosidl_cmake-extras.cmake
[3.322s] -- Up-to-date symlink: /home/qty/ros2_ws/install/hoverboard_msgs/share/hoverboard_msgs/cmake/ament_cmake_export_dependencies-extras.cmake
[3.322s] -- Up-to-date symlink: /home/qty/ros2_ws/install/hoverboard_msgs/share/hoverboard_msgs/cmake/ament_cmake_export_libraries-extras.cmake
[3.322s] -- Up-to-date symlink: /home/qty/ros2_ws/install/hoverboard_msgs/share/hoverboard_msgs/cmake/ament_cmake_export_targets-extras.cmake
[3.323s] -- Up-to-date symlink: /home/qty/ros2_ws/install/hoverboard_msgs/share/hoverboard_msgs/cmake/ament_cmake_export_include_directories-extras.cmake
[3.323s] -- Up-to-date symlink: /home/qty/ros2_ws/install/hoverboard_msgs/share/hoverboard_msgs/cmake/rosidl_cmake_export_typesupport_libraries-extras.cmake
[3.323s] -- Up-to-date symlink: /home/qty/ros2_ws/install/hoverboard_msgs/share/hoverboard_msgs/cmake/rosidl_cmake_export_typesupport_targets-extras.cmake
[3.323s] -- Up-to-date symlink: /home/qty/ros2_ws/install/hoverboard_msgs/share/hoverboard_msgs/cmake/hoverboard_msgsConfig.cmake
[3.323s] -- Up-to-date symlink: /home/qty/ros2_ws/install/hoverboard_msgs/share/hoverboard_msgs/cmake/hoverboard_msgsConfig-version.cmake
[3.323s] -- Up-to-date symlink: /home/qty/ros2_ws/install/hoverboard_msgs/share/hoverboard_msgs/package.xml
[3.323s] -- Installing: /home/qty/ros2_ws/install/hoverboard_msgs/lib/libhoverboard_msgs__rosidl_generator_c.so
[3.324s] -- Set runtime path of "/home/qty/ros2_ws/install/hoverboard_msgs/lib/libhoverboard_msgs__rosidl_generator_c.so" to ""
[3.324s] -- Installing: /home/qty/ros2_ws/install/hoverboard_msgs/lib/libhoverboard_msgs__rosidl_typesupport_introspection_c.so
[3.324s] -- Set runtime path of "/home/qty/ros2_ws/install/hoverboard_msgs/lib/libhoverboard_msgs__rosidl_typesupport_introspection_c.so" to ""
[3.324s] -- Installing: /home/qty/ros2_ws/install/hoverboard_msgs/lib/libhoverboard_msgs__rosidl_typesupport_c.so
[3.324s] -- Set runtime path of "/home/qty/ros2_ws/install/hoverboard_msgs/lib/libhoverboard_msgs__rosidl_typesupport_c.so" to ""
[3.324s] -- Installing: /home/qty/ros2_ws/install/hoverboard_msgs/lib/libhoverboard_msgs__rosidl_typesupport_introspection_cpp.so
[3.325s] -- Set runtime path of "/home/qty/ros2_ws/install/hoverboard_msgs/lib/libhoverboard_msgs__rosidl_typesupport_introspection_cpp.so" to ""
[3.325s] -- Installing: /home/qty/ros2_ws/install/hoverboard_msgs/lib/libhoverboard_msgs__rosidl_typesupport_cpp.so
[3.325s] -- Set runtime path of "/home/qty/ros2_ws/install/hoverboard_msgs/lib/libhoverboard_msgs__rosidl_typesupport_cpp.so" to ""
[3.350s] Compiling '/home/qty/ros2_ws/install/hoverboard_msgs/lib/python3.8/site-packages/hoverboard_msgs/__init__.py'...
[3.353s] -- Old export file "/home/qty/ros2_ws/install/hoverboard_msgs/share/hoverboard_msgs/cmake/hoverboard_msgs__rosidl_generator_cExport.cmake" will be replaced.  Removing files [/home/qty/ros2_ws/install/hoverboard_msgs/share/hoverboard_msgs/cmake/hoverboard_msgs__rosidl_generator_cExport-noconfig.cmake].
[3.353s] -- Installing: /home/qty/ros2_ws/install/hoverboard_msgs/share/hoverboard_msgs/cmake/hoverboard_msgs__rosidl_generator_cExport.cmake
[3.353s] -- Installing: /home/qty/ros2_ws/install/hoverboard_msgs/share/hoverboard_msgs/cmake/hoverboard_msgs__rosidl_generator_cExport-noconfig.cmake
[3.353s] -- Old export file "/home/qty/ros2_ws/install/hoverboard_msgs/share/hoverboard_msgs/cmake/hoverboard_msgs__rosidl_typesupport_introspection_cExport.cmake" will be replaced.  Removing files [/home/qty/ros2_ws/install/hoverboard_msgs/share/hoverboard_msgs/cmake/hoverboard_msgs__rosidl_typesupport_introspection_cExport-noconfig.cmake].
[3.353s] -- Installing: /home/qty/ros2_ws/install/hoverboard_msgs/share/hoverboard_msgs/cmake/hoverboard_msgs__rosidl_typesupport_introspection_cExport.cmake
[3.353s] -- Installing: /home/qty/ros2_ws/install/hoverboard_msgs/share/hoverboard_msgs/cmake/hoverboard_msgs__rosidl_typesupport_introspection_cExport-noconfig.cmake
[3.353s] -- Old export file "/home/qty/ros2_ws/install/hoverboard_msgs/share/hoverboard_msgs/cmake/hoverboard_msgs__rosidl_typesupport_cExport.cmake" will be replaced.  Removing files [/home/qty/ros2_ws/install/hoverboard_msgs/share/hoverboard_msgs/cmake/hoverboard_msgs__rosidl_typesupport_cExport-noconfig.cmake].
[3.353s] -- Installing: /home/qty/ros2_ws/install/hoverboard_msgs/share/hoverboard_msgs/cmake/hoverboard_msgs__rosidl_typesupport_cExport.cmake
[3.354s] -- Installing: /home/qty/ros2_ws/install/hoverboard_msgs/share/hoverboard_msgs/cmake/hoverboard_msgs__rosidl_typesupport_cExport-noconfig.cmake
[3.354s] -- Installing: /home/qty/ros2_ws/install/hoverboard_msgs/share/hoverboard_msgs/cmake/hoverboard_msgs__rosidl_generator_cppExport.cmake
[3.354s] -- Old export file "/home/qty/ros2_ws/install/hoverboard_msgs/share/hoverboard_msgs/cmake/hoverboard_msgs__rosidl_typesupport_introspection_cppExport.cmake" will be replaced.  Removing files [/home/qty/ros2_ws/install/hoverboard_msgs/share/hoverboard_msgs/cmake/hoverboard_msgs__rosidl_typesupport_introspection_cppExport-noconfig.cmake].
[3.354s] -- Installing: /home/qty/ros2_ws/install/hoverboard_msgs/share/hoverboard_msgs/cmake/hoverboard_msgs__rosidl_typesupport_introspection_cppExport.cmake
[3.354s] -- Installing: /home/qty/ros2_ws/install/hoverboard_msgs/share/hoverboard_msgs/cmake/hoverboard_msgs__rosidl_typesupport_introspection_cppExport-noconfig.cmake
[3.355s] -- Old export file "/home/qty/ros2_ws/install/hoverboard_msgs/share/hoverboard_msgs/cmake/hoverboard_msgs__rosidl_typesupport_cppExport.cmake" will be replaced.  Removing files [/home/qty/ros2_ws/install/hoverboard_msgs/share/hoverboard_msgs/cmake/hoverboard_msgs__rosidl_typesupport_cppExport-noconfig.cmake].
[3.355s] -- Installing: /home/qty/ros2_ws/install/hoverboard_msgs/share/hoverboard_msgs/cmake/hoverboard_msgs__rosidl_typesupport_cppExport.cmake
[3.355s] -- Installing: /home/qty/ros2_ws/install/hoverboard_msgs/share/hoverboard_msgs/cmake/hoverboard_msgs__rosidl_typesupport_cppExport-noconfig.cmake
[3.356s] Invoked command in '/home/qty/ros2_ws/build/hoverboard_msgs' returned '0': CMAKE_PREFIX_PATH=${CMAKE_PREFIX_PATH}:/home/qty/ros2_ws/install/hoverboard_controller:/home/qty/ros2_ws/install/hoverBoardController:/home/qty/ros2_ws/install/examples_rclpy_minimal_subscriber:/home/qty/ros2_ws/install/examples_rclpy_minimal_service:/home/qty/ros2_ws/install/examples_rclpy_minimal_publisher:/home/qty/ros2_ws/install/examples_rclpy_minimal_client:/home/qty/ros2_ws/install/examples_rclpy_minimal_action_server:/home/qty/ros2_ws/install/examples_rclpy_minimal_action_client:/home/qty/ros2_ws/install/examples_rclpy_executors:/opt/ros/foxy /usr/bin/cmake --install /home/qty/ros2_ws/build/hoverboard_msgs
