[0.649s] Invoking command in '/home/qty/ros2_ws/build/csm': CMAKE_PREFIX_PATH=${CMAKE_PREFIX_PATH}:/home/qty/ros2_ws/install/hoverBoardController:/home/qty/ros2_ws/install/examples_rclpy_minimal_subscriber:/home/qty/ros2_ws/install/examples_rclpy_minimal_service:/home/qty/ros2_ws/install/examples_rclpy_minimal_publisher:/home/qty/ros2_ws/install/examples_rclpy_minimal_client:/home/qty/ros2_ws/install/examples_rclpy_minimal_action_server:/home/qty/ros2_ws/install/examples_rclpy_minimal_action_client:/home/qty/ros2_ws/install/examples_rclpy_executors:/opt/ros/foxy /usr/bin/cmake --build /home/qty/ros2_ws/build/csm -- -j16 -l16
[0.945s] [100%] Built target csm
[0.950s] Invoked command in '/home/qty/ros2_ws/build/csm' returned '0': CMAKE_PREFIX_PATH=${CMAKE_PREFIX_PATH}:/home/qty/ros2_ws/install/hoverBoardController:/home/qty/ros2_ws/install/examples_rclpy_minimal_subscriber:/home/qty/ros2_ws/install/examples_rclpy_minimal_service:/home/qty/ros2_ws/install/examples_rclpy_minimal_publisher:/home/qty/ros2_ws/install/examples_rclpy_minimal_client:/home/qty/ros2_ws/install/examples_rclpy_minimal_action_server:/home/qty/ros2_ws/install/examples_rclpy_minimal_action_client:/home/qty/ros2_ws/install/examples_rclpy_executors:/opt/ros/foxy /usr/bin/cmake --build /home/qty/ros2_ws/build/csm -- -j16 -l16
[0.997s] Invoking command in '/home/qty/ros2_ws/build/csm': CMAKE_PREFIX_PATH=${CMAKE_PREFIX_PATH}:/home/qty/ros2_ws/install/hoverBoardController:/home/qty/ros2_ws/install/examples_rclpy_minimal_subscriber:/home/qty/ros2_ws/install/examples_rclpy_minimal_service:/home/qty/ros2_ws/install/examples_rclpy_minimal_publisher:/home/qty/ros2_ws/install/examples_rclpy_minimal_client:/home/qty/ros2_ws/install/examples_rclpy_minimal_action_server:/home/qty/ros2_ws/install/examples_rclpy_minimal_action_client:/home/qty/ros2_ws/install/examples_rclpy_executors:/opt/ros/foxy /usr/bin/cmake --install /home/qty/ros2_ws/build/csm
[1.005s] -- Install configuration: ""
[1.005s] -- Execute custom install script
[1.008s] -- Up-to-date symlink: /home/qty/ros2_ws/install/csm/lib/libcsm.so
[1.008s] -- Up-to-date symlink: /home/qty/ros2_ws/install/csm/include/..//include/csm/algos.h
[1.008s] -- Up-to-date symlink: /home/qty/ros2_ws/install/csm/include/..//include/csm/csm.h
[1.008s] -- Up-to-date symlink: /home/qty/ros2_ws/install/csm/include/..//include/csm/laser_data.h
[1.008s] -- Up-to-date symlink: /home/qty/ros2_ws/install/csm/include/..//include/csm/laser_data_inline.h
[1.008s] -- Up-to-date symlink: /home/qty/ros2_ws/install/csm/include/..//include/csm/restrict.h
[1.009s] -- Up-to-date symlink: /home/qty/ros2_ws/install/csm/include/..//include/gsl_eigen/gsl_eigen.h
[1.009s] -- Up-to-date symlink: /home/qty/ros2_ws/install/csm/share/csm/resource/csm
[1.009s] -- Up-to-date symlink: /home/qty/ros2_ws/install/csm/include/../gsl_eigen/gsl_eigen.h
[1.009s] -- Up-to-date symlink: /home/qty/ros2_ws/install/csm/share/csm/environment/library_path.sh
[1.009s] -- Up-to-date symlink: /home/qty/ros2_ws/install/csm/share/csm/environment/library_path.dsv
[1.009s] -- Up-to-date symlink: /home/qty/ros2_ws/install/csm/share/ament_index/resource_index/package_run_dependencies/csm
[1.009s] -- Up-to-date symlink: /home/qty/ros2_ws/install/csm/share/ament_index/resource_index/parent_prefix_path/csm
[1.009s] -- Up-to-date symlink: /home/qty/ros2_ws/install/csm/share/csm/environment/ament_prefix_path.sh
[1.009s] -- Up-to-date symlink: /home/qty/ros2_ws/install/csm/share/csm/environment/ament_prefix_path.dsv
[1.010s] -- Up-to-date symlink: /home/qty/ros2_ws/install/csm/share/csm/environment/path.sh
[1.010s] -- Up-to-date symlink: /home/qty/ros2_ws/install/csm/share/csm/environment/path.dsv
[1.010s] -- Up-to-date symlink: /home/qty/ros2_ws/install/csm/share/csm/local_setup.bash
[1.010s] -- Up-to-date symlink: /home/qty/ros2_ws/install/csm/share/csm/local_setup.sh
[1.010s] -- Up-to-date symlink: /home/qty/ros2_ws/install/csm/share/csm/local_setup.zsh
[1.011s] -- Up-to-date symlink: /home/qty/ros2_ws/install/csm/share/csm/local_setup.dsv
[1.011s] -- Symlinking: /home/qty/ros2_ws/install/csm/share/csm/package.dsv
[1.018s] -- Up-to-date symlink: /home/qty/ros2_ws/install/csm/share/ament_index/resource_index/packages/csm
[1.018s] -- Up-to-date symlink: /home/qty/ros2_ws/install/csm/share/csm/cmake/ament_cmake_export_dependencies-extras.cmake
[1.018s] -- Up-to-date symlink: /home/qty/ros2_ws/install/csm/share/csm/cmake/ament_cmake_export_include_directories-extras.cmake
[1.019s] -- Up-to-date symlink: /home/qty/ros2_ws/install/csm/share/csm/cmake/ament_cmake_export_libraries-extras.cmake
[1.019s] -- Up-to-date symlink: /home/qty/ros2_ws/install/csm/share/csm/cmake/csmConfig.cmake
[1.019s] -- Up-to-date symlink: /home/qty/ros2_ws/install/csm/share/csm/cmake/csmConfig-version.cmake
[1.019s] -- Up-to-date symlink: /home/qty/ros2_ws/install/csm/share/csm/package.xml
[1.173s] Invoked command in '/home/qty/ros2_ws/build/csm' returned '0': CMAKE_PREFIX_PATH=${CMAKE_PREFIX_PATH}:/home/qty/ros2_ws/install/hoverBoardController:/home/qty/ros2_ws/install/examples_rclpy_minimal_subscriber:/home/qty/ros2_ws/install/examples_rclpy_minimal_service:/home/qty/ros2_ws/install/examples_rclpy_minimal_publisher:/home/qty/ros2_ws/install/examples_rclpy_minimal_client:/home/qty/ros2_ws/install/examples_rclpy_minimal_action_server:/home/qty/ros2_ws/install/examples_rclpy_minimal_action_client:/home/qty/ros2_ws/install/examples_rclpy_executors:/opt/ros/foxy /usr/bin/cmake --install /home/qty/ros2_ws/build/csm
