[0.116s] Invoking command in '/home/qty/ros2_ws/build/ros2_laser_scan_matcher': AMENT_PREFIX_PATH=/home/qty/ros2_ws/install/csm:${AMENT_PREFIX_PATH} CMAKE_PREFIX_PATH=/home/qty/ros2_ws/install/csm:/home/qty/ros2_ws/install/turtlesim:/home/qty/ros2_ws/install/examples_rclcpp_multithreaded_executor:/home/qty/ros2_ws/install/examples_rclcpp_minimal_timer:/home/qty/ros2_ws/install/examples_rclcpp_minimal_subscriber:/home/qty/ros2_ws/install/examples_rclcpp_minimal_service:/home/qty/ros2_ws/install/examples_rclcpp_minimal_publisher:/home/qty/ros2_ws/install/examples_rclcpp_minimal_composition:/home/qty/ros2_ws/install/examples_rclcpp_minimal_client:/home/qty/ros2_ws/install/examples_rclcpp_minimal_action_server:/home/qty/ros2_ws/install/examples_rclcpp_minimal_action_client:/home/qty/ros2_ws/install/examples_rclpy_minimal_subscriber:/home/qty/ros2_ws/install/examples_rclpy_minimal_service:/home/qty/ros2_ws/install/examples_rclpy_minimal_publisher:/home/qty/ros2_ws/install/examples_rclpy_minimal_client:/home/qty/ros2_ws/install/examples_rclpy_minimal_action_server:/home/qty/ros2_ws/install/examples_rclpy_minimal_action_client:/home/qty/ros2_ws/install/examples_rclpy_executors:/opt/ros/foxy LD_LIBRARY_PATH=/home/qty/ros2_ws/install/csm/lib:${LD_LIBRARY_PATH} /usr/bin/cmake /home/qty/ros2_ws/src/ros2_laser_scan_matcher -DAMENT_CMAKE_SYMLINK_INSTALL=1 -DCMAKE_INSTALL_PREFIX=/home/qty/ros2_ws/install/ros2_laser_scan_matcher
[0.149s] -- The C compiler identification is GNU 9.4.0
[0.185s] -- The CXX compiler identification is GNU 9.4.0
[0.188s] -- Check for working C compiler: /usr/bin/cc
[0.232s] -- Check for working C compiler: /usr/bin/cc -- works
[0.233s] -- Detecting C compiler ABI info
[0.282s] -- Detecting C compiler ABI info - done
[0.293s] -- Detecting C compile features
[0.294s] -- Detecting C compile features - done
[0.296s] -- Check for working CXX compiler: /usr/bin/c++
[0.361s] -- Check for working CXX compiler: /usr/bin/c++ -- works
[0.362s] -- Detecting CXX compiler ABI info
[0.416s] -- Detecting CXX compiler ABI info - done
[0.428s] -- Detecting CXX compile features
[0.428s] -- Detecting CXX compile features - done
[0.431s] -- Found ament_cmake: 0.9.12 (/opt/ros/foxy/share/ament_cmake/cmake)
[0.464s] -- Found PythonInterp: /usr/bin/python3 (found suitable version "3.8.10", minimum required is "3") 
[0.464s] -- Using PYTHON_EXECUTABLE: /usr/bin/python3
[0.599s] -- Override CMake install command with custom implementation using symlinks instead of copying resources
[0.620s] -- Found sensor_msgs: 2.0.5 (/opt/ros/foxy/share/sensor_msgs/cmake)
[0.642s] -- Using all available rosidl_typesupport_c: rosidl_typesupport_fastrtps_c;rosidl_typesupport_introspection_c
[0.648s] -- Found rosidl_adapter: 1.3.1 (/opt/ros/foxy/share/rosidl_adapter/cmake)
[0.694s] -- Found OpenSSL: /usr/lib/x86_64-linux-gnu/libcrypto.so (found version "1.1.1f")  
[0.712s] -- Found FastRTPS: /opt/ros/foxy/include  
[0.765s] -- Using all available rosidl_typesupport_cpp: rosidl_typesupport_fastrtps_cpp;rosidl_typesupport_introspection_cpp
[0.888s] -- Found rclcpp: 2.4.3 (/opt/ros/foxy/share/rclcpp/cmake)
[0.923s] -- Found rmw_implementation_cmake: 1.0.4 (/opt/ros/foxy/share/rmw_implementation_cmake/cmake)
[0.924s] -- Using RMW implementation 'rmw_fastrtps_cpp' as default
[0.925s] -- Looking for pthread.h
[0.968s] -- Looking for pthread.h - found
[0.969s] -- Performing Test CMAKE_HAVE_LIBC_PTHREAD
[1.015s] -- Performing Test CMAKE_HAVE_LIBC_PTHREAD - Failed
[1.015s] -- Looking for pthread_create in pthreads
[1.053s] -- Looking for pthread_create in pthreads - not found
[1.053s] -- Looking for pthread_create in pthread
[1.104s] -- Looking for pthread_create in pthread - found
[1.105s] -- Found Threads: TRUE  
[1.209s] -- Found nav_msgs: 2.0.5 (/opt/ros/foxy/share/nav_msgs/cmake)
[1.263s] -- Found tf2_ros: 0.13.14 (/opt/ros/foxy/share/tf2_ros/cmake)
[1.517s] -- Found tf2_geometry_msgs: 0.13.14 (/opt/ros/foxy/share/tf2_geometry_msgs/cmake)
[1.524s] -- Found eigen3_cmake_module: 0.1.1 (/opt/ros/foxy/share/eigen3_cmake_module/cmake)
[1.526s] -- Found Eigen3: TRUE (found version "3.3.7") 
[1.546s] -- Found PkgConfig: /usr/bin/pkg-config (found version "0.29.1") 
[1.547s] -- Found csm: 0.0.0 (/home/qty/ros2_ws/install/csm/share/csm/cmake)
[1.569s] -- Found Boost: /usr/lib/x86_64-linux-gnu/cmake/Boost-1.71.0/BoostConfig.cmake (found version "1.71.0") found components: thread 
[1.622s] -- Configuring done
[1.631s] -- Generating done
[1.632s] -- Build files have been written to: /home/qty/ros2_ws/build/ros2_laser_scan_matcher
[1.639s] Invoked command in '/home/qty/ros2_ws/build/ros2_laser_scan_matcher' returned '0': AMENT_PREFIX_PATH=/home/qty/ros2_ws/install/csm:${AMENT_PREFIX_PATH} CMAKE_PREFIX_PATH=/home/qty/ros2_ws/install/csm:/home/qty/ros2_ws/install/turtlesim:/home/qty/ros2_ws/install/examples_rclcpp_multithreaded_executor:/home/qty/ros2_ws/install/examples_rclcpp_minimal_timer:/home/qty/ros2_ws/install/examples_rclcpp_minimal_subscriber:/home/qty/ros2_ws/install/examples_rclcpp_minimal_service:/home/qty/ros2_ws/install/examples_rclcpp_minimal_publisher:/home/qty/ros2_ws/install/examples_rclcpp_minimal_composition:/home/qty/ros2_ws/install/examples_rclcpp_minimal_client:/home/qty/ros2_ws/install/examples_rclcpp_minimal_action_server:/home/qty/ros2_ws/install/examples_rclcpp_minimal_action_client:/home/qty/ros2_ws/install/examples_rclpy_minimal_subscriber:/home/qty/ros2_ws/install/examples_rclpy_minimal_service:/home/qty/ros2_ws/install/examples_rclpy_minimal_publisher:/home/qty/ros2_ws/install/examples_rclpy_minimal_client:/home/qty/ros2_ws/install/examples_rclpy_minimal_action_server:/home/qty/ros2_ws/install/examples_rclpy_minimal_action_client:/home/qty/ros2_ws/install/examples_rclpy_executors:/opt/ros/foxy LD_LIBRARY_PATH=/home/qty/ros2_ws/install/csm/lib:${LD_LIBRARY_PATH} /usr/bin/cmake /home/qty/ros2_ws/src/ros2_laser_scan_matcher -DAMENT_CMAKE_SYMLINK_INSTALL=1 -DCMAKE_INSTALL_PREFIX=/home/qty/ros2_ws/install/ros2_laser_scan_matcher
[1.640s] Invoking command in '/home/qty/ros2_ws/build/ros2_laser_scan_matcher': AMENT_PREFIX_PATH=/home/qty/ros2_ws/install/csm:${AMENT_PREFIX_PATH} CMAKE_PREFIX_PATH=/home/qty/ros2_ws/install/csm:/home/qty/ros2_ws/install/turtlesim:/home/qty/ros2_ws/install/examples_rclcpp_multithreaded_executor:/home/qty/ros2_ws/install/examples_rclcpp_minimal_timer:/home/qty/ros2_ws/install/examples_rclcpp_minimal_subscriber:/home/qty/ros2_ws/install/examples_rclcpp_minimal_service:/home/qty/ros2_ws/install/examples_rclcpp_minimal_publisher:/home/qty/ros2_ws/install/examples_rclcpp_minimal_composition:/home/qty/ros2_ws/install/examples_rclcpp_minimal_client:/home/qty/ros2_ws/install/examples_rclcpp_minimal_action_server:/home/qty/ros2_ws/install/examples_rclcpp_minimal_action_client:/home/qty/ros2_ws/install/examples_rclpy_minimal_subscriber:/home/qty/ros2_ws/install/examples_rclpy_minimal_service:/home/qty/ros2_ws/install/examples_rclpy_minimal_publisher:/home/qty/ros2_ws/install/examples_rclpy_minimal_client:/home/qty/ros2_ws/install/examples_rclpy_minimal_action_server:/home/qty/ros2_ws/install/examples_rclpy_minimal_action_client:/home/qty/ros2_ws/install/examples_rclpy_executors:/opt/ros/foxy LD_LIBRARY_PATH=/home/qty/ros2_ws/install/csm/lib:${LD_LIBRARY_PATH} /usr/bin/cmake --build /home/qty/ros2_ws/build/ros2_laser_scan_matcher -- -j16 -l16
[1.664s] [35m[1mScanning dependencies of target laser_scan_matcher[0m
[1.725s] [ 50%] [32mBuilding CXX object CMakeFiles/laser_scan_matcher.dir/src/laser_scan_matcher.cpp.o[0m
[7.190s] [100%] [32m[1mLinking CXX executable laser_scan_matcher[0m
[7.480s] [100%] Built target laser_scan_matcher
[7.488s] Invoked command in '/home/qty/ros2_ws/build/ros2_laser_scan_matcher' returned '0': AMENT_PREFIX_PATH=/home/qty/ros2_ws/install/csm:${AMENT_PREFIX_PATH} CMAKE_PREFIX_PATH=/home/qty/ros2_ws/install/csm:/home/qty/ros2_ws/install/turtlesim:/home/qty/ros2_ws/install/examples_rclcpp_multithreaded_executor:/home/qty/ros2_ws/install/examples_rclcpp_minimal_timer:/home/qty/ros2_ws/install/examples_rclcpp_minimal_subscriber:/home/qty/ros2_ws/install/examples_rclcpp_minimal_service:/home/qty/ros2_ws/install/examples_rclcpp_minimal_publisher:/home/qty/ros2_ws/install/examples_rclcpp_minimal_composition:/home/qty/ros2_ws/install/examples_rclcpp_minimal_client:/home/qty/ros2_ws/install/examples_rclcpp_minimal_action_server:/home/qty/ros2_ws/install/examples_rclcpp_minimal_action_client:/home/qty/ros2_ws/install/examples_rclpy_minimal_subscriber:/home/qty/ros2_ws/install/examples_rclpy_minimal_service:/home/qty/ros2_ws/install/examples_rclpy_minimal_publisher:/home/qty/ros2_ws/install/examples_rclpy_minimal_client:/home/qty/ros2_ws/install/examples_rclpy_minimal_action_server:/home/qty/ros2_ws/install/examples_rclpy_minimal_action_client:/home/qty/ros2_ws/install/examples_rclpy_executors:/opt/ros/foxy LD_LIBRARY_PATH=/home/qty/ros2_ws/install/csm/lib:${LD_LIBRARY_PATH} /usr/bin/cmake --build /home/qty/ros2_ws/build/ros2_laser_scan_matcher -- -j16 -l16
[7.501s] Invoking command in '/home/qty/ros2_ws/build/ros2_laser_scan_matcher': AMENT_PREFIX_PATH=/home/qty/ros2_ws/install/csm:${AMENT_PREFIX_PATH} CMAKE_PREFIX_PATH=/home/qty/ros2_ws/install/csm:/home/qty/ros2_ws/install/turtlesim:/home/qty/ros2_ws/install/examples_rclcpp_multithreaded_executor:/home/qty/ros2_ws/install/examples_rclcpp_minimal_timer:/home/qty/ros2_ws/install/examples_rclcpp_minimal_subscriber:/home/qty/ros2_ws/install/examples_rclcpp_minimal_service:/home/qty/ros2_ws/install/examples_rclcpp_minimal_publisher:/home/qty/ros2_ws/install/examples_rclcpp_minimal_composition:/home/qty/ros2_ws/install/examples_rclcpp_minimal_client:/home/qty/ros2_ws/install/examples_rclcpp_minimal_action_server:/home/qty/ros2_ws/install/examples_rclcpp_minimal_action_client:/home/qty/ros2_ws/install/examples_rclpy_minimal_subscriber:/home/qty/ros2_ws/install/examples_rclpy_minimal_service:/home/qty/ros2_ws/install/examples_rclpy_minimal_publisher:/home/qty/ros2_ws/install/examples_rclpy_minimal_client:/home/qty/ros2_ws/install/examples_rclpy_minimal_action_server:/home/qty/ros2_ws/install/examples_rclpy_minimal_action_client:/home/qty/ros2_ws/install/examples_rclpy_executors:/opt/ros/foxy LD_LIBRARY_PATH=/home/qty/ros2_ws/install/csm/lib:${LD_LIBRARY_PATH} /usr/bin/cmake --install /home/qty/ros2_ws/build/ros2_laser_scan_matcher
[7.506s] -- Install configuration: ""
[7.506s] -- Execute custom install script
[7.506s] -- Symlinking: /home/qty/ros2_ws/install/ros2_laser_scan_matcher/lib/ros2_laser_scan_matcher/laser_scan_matcher
[7.512s] -- Symlinking: /home/qty/ros2_ws/install/ros2_laser_scan_matcher/share/ament_index/resource_index/package_run_dependencies/ros2_laser_scan_matcher
[7.517s] -- Symlinking: /home/qty/ros2_ws/install/ros2_laser_scan_matcher/share/ament_index/resource_index/parent_prefix_path/ros2_laser_scan_matcher
[7.523s] -- Symlinking: /home/qty/ros2_ws/install/ros2_laser_scan_matcher/share/ros2_laser_scan_matcher/environment/ament_prefix_path.sh
[7.529s] -- Symlinking: /home/qty/ros2_ws/install/ros2_laser_scan_matcher/share/ros2_laser_scan_matcher/environment/ament_prefix_path.dsv
[7.535s] -- Symlinking: /home/qty/ros2_ws/install/ros2_laser_scan_matcher/share/ros2_laser_scan_matcher/environment/path.sh
[7.540s] -- Symlinking: /home/qty/ros2_ws/install/ros2_laser_scan_matcher/share/ros2_laser_scan_matcher/environment/path.dsv
[7.546s] -- Symlinking: /home/qty/ros2_ws/install/ros2_laser_scan_matcher/share/ros2_laser_scan_matcher/local_setup.bash
[7.552s] -- Symlinking: /home/qty/ros2_ws/install/ros2_laser_scan_matcher/share/ros2_laser_scan_matcher/local_setup.sh
[7.557s] -- Symlinking: /home/qty/ros2_ws/install/ros2_laser_scan_matcher/share/ros2_laser_scan_matcher/local_setup.zsh
[7.562s] -- Symlinking: /home/qty/ros2_ws/install/ros2_laser_scan_matcher/share/ros2_laser_scan_matcher/local_setup.dsv
[7.567s] -- Symlinking: /home/qty/ros2_ws/install/ros2_laser_scan_matcher/share/ros2_laser_scan_matcher/package.dsv
[7.572s] -- Symlinking: /home/qty/ros2_ws/install/ros2_laser_scan_matcher/share/ament_index/resource_index/packages/ros2_laser_scan_matcher
[7.577s] -- Symlinking: /home/qty/ros2_ws/install/ros2_laser_scan_matcher/share/ros2_laser_scan_matcher/cmake/ros2_laser_scan_matcherConfig.cmake
[7.582s] -- Symlinking: /home/qty/ros2_ws/install/ros2_laser_scan_matcher/share/ros2_laser_scan_matcher/cmake/ros2_laser_scan_matcherConfig-version.cmake
[7.587s] -- Symlinking: /home/qty/ros2_ws/install/ros2_laser_scan_matcher/share/ros2_laser_scan_matcher/package.xml
[7.593s] Invoked command in '/home/qty/ros2_ws/build/ros2_laser_scan_matcher' returned '0': AMENT_PREFIX_PATH=/home/qty/ros2_ws/install/csm:${AMENT_PREFIX_PATH} CMAKE_PREFIX_PATH=/home/qty/ros2_ws/install/csm:/home/qty/ros2_ws/install/turtlesim:/home/qty/ros2_ws/install/examples_rclcpp_multithreaded_executor:/home/qty/ros2_ws/install/examples_rclcpp_minimal_timer:/home/qty/ros2_ws/install/examples_rclcpp_minimal_subscriber:/home/qty/ros2_ws/install/examples_rclcpp_minimal_service:/home/qty/ros2_ws/install/examples_rclcpp_minimal_publisher:/home/qty/ros2_ws/install/examples_rclcpp_minimal_composition:/home/qty/ros2_ws/install/examples_rclcpp_minimal_client:/home/qty/ros2_ws/install/examples_rclcpp_minimal_action_server:/home/qty/ros2_ws/install/examples_rclcpp_minimal_action_client:/home/qty/ros2_ws/install/examples_rclpy_minimal_subscriber:/home/qty/ros2_ws/install/examples_rclpy_minimal_service:/home/qty/ros2_ws/install/examples_rclpy_minimal_publisher:/home/qty/ros2_ws/install/examples_rclpy_minimal_client:/home/qty/ros2_ws/install/examples_rclpy_minimal_action_server:/home/qty/ros2_ws/install/examples_rclpy_minimal_action_client:/home/qty/ros2_ws/install/examples_rclpy_executors:/opt/ros/foxy LD_LIBRARY_PATH=/home/qty/ros2_ws/install/csm/lib:${LD_LIBRARY_PATH} /usr/bin/cmake --install /home/qty/ros2_ws/build/ros2_laser_scan_matcher
