[1.050s] Invoking command in '/home/qty/ros2_ws/build/hoverBoardController': PYTHONPATH=/home/qty/ros2_ws/build/hoverBoardController/prefix_override:/home/qty/ros2_ws/install/hoverBoardController/lib/python3.8/site-packages:${PYTHONPATH} /usr/bin/python3 setup.py develop --uninstall --editable --build-directory /home/qty/ros2_ws/build/hoverBoardController/build
[1.233s] running develop
[1.343s] Removing /home/qty/ros2_ws/install/hoverBoardController/lib/python3.8/site-packages/hoverBoardController.egg-link (link to .)
[1.636s] Invoked command in '/home/qty/ros2_ws/build/hoverBoardController' returned '0': PYTHONPATH=/home/qty/ros2_ws/build/hoverBoardController/prefix_override:/home/qty/ros2_ws/install/hoverBoardController/lib/python3.8/site-packages:${PYTHONPATH} /usr/bin/python3 setup.py develop --uninstall --editable --build-directory /home/qty/ros2_ws/build/hoverBoardController/build
[1.637s] Invoking command in '/home/qty/ros2_ws/src/hoverBoardController': PYTHONPATH=/home/qty/ros2_ws/build/hoverBoardController/prefix_override:/home/qty/ros2_ws/install/hoverBoardController/lib/python3.8/site-packages:${PYTHONPATH} /usr/bin/python3 setup.py egg_info --egg-base ../../build/hoverBoardController build --build-base /home/qty/ros2_ws/build/hoverBoardController/build install --record /home/qty/ros2_ws/build/hoverBoardController/install.log --install-scripts $base/lib/hoverBoardController --single-version-externally-managed
[1.812s] running egg_info
[1.813s] writing ../../build/hoverBoardController/hoverBoardController.egg-info/PKG-INFO
[1.813s] writing dependency_links to ../../build/hoverBoardController/hoverBoardController.egg-info/dependency_links.txt
[1.813s] writing entry points to ../../build/hoverBoardController/hoverBoardController.egg-info/entry_points.txt
[1.813s] writing requirements to ../../build/hoverBoardController/hoverBoardController.egg-info/requires.txt
[1.813s] writing top-level names to ../../build/hoverBoardController/hoverBoardController.egg-info/top_level.txt
[1.840s] reading manifest file '../../build/hoverBoardController/hoverBoardController.egg-info/SOURCES.txt'
[1.841s] writing manifest file '../../build/hoverBoardController/hoverBoardController.egg-info/SOURCES.txt'
[1.841s] running build
[1.841s] running build_py
[1.841s] running install
[1.842s] running install_lib
[1.842s] creating /home/qty/ros2_ws/install/hoverBoardController/lib/python3.8/site-packages/hoverBoardController
[1.842s] copying /home/qty/ros2_ws/build/hoverBoardController/build/lib/hoverBoardController/joystickController.py -> /home/qty/ros2_ws/install/hoverBoardController/lib/python3.8/site-packages/hoverBoardController
[1.843s] copying /home/qty/ros2_ws/build/hoverBoardController/build/lib/hoverBoardController/hoverBoardController.py -> /home/qty/ros2_ws/install/hoverBoardController/lib/python3.8/site-packages/hoverBoardController
[1.843s] copying /home/qty/ros2_ws/build/hoverBoardController/build/lib/hoverBoardController/__init__.py -> /home/qty/ros2_ws/install/hoverBoardController/lib/python3.8/site-packages/hoverBoardController
[1.843s] byte-compiling /home/qty/ros2_ws/install/hoverBoardController/lib/python3.8/site-packages/hoverBoardController/joystickController.py to joystickController.cpython-38.pyc
[1.844s] byte-compiling /home/qty/ros2_ws/install/hoverBoardController/lib/python3.8/site-packages/hoverBoardController/hoverBoardController.py to hoverBoardController.cpython-38.pyc
[1.845s] byte-compiling /home/qty/ros2_ws/install/hoverBoardController/lib/python3.8/site-packages/hoverBoardController/__init__.py to __init__.cpython-38.pyc
[1.845s] running install_data
[1.845s] running install_egg_info
[1.847s] Copying ../../build/hoverBoardController/hoverBoardController.egg-info to /home/qty/ros2_ws/install/hoverBoardController/lib/python3.8/site-packages/hoverBoardController-0.0.0-py3.8.egg-info
[1.847s] running install_scripts
[1.859s] writing list of installed files to '/home/qty/ros2_ws/build/hoverBoardController/install.log'
