[0.328s] Invoking command in '/home/qty/ros2_ws/build/slam_gmapping': CMAKE_PREFIX_PATH=/home/qty/ros2_ws/install/openslam_gmapping:/home/qty/ros2_ws/install/slam_toolbox:/home/qty/ros2_ws/install/slam_gmapping:/home/qty/ros2_ws/install/rplidar_ros:/home/qty/ros2_ws/install/ros2_laser_scan_matcher:/home/qty/ros2_ws/install/hoverboard_msgs:/home/qty/ros2_ws/install/csm:/home/qty/ros2_ws/install/articubot_one:/home/qty/ros2_ws/install/hoverboard_controller:/opt/ros/foxy /usr/bin/cmake --build /home/qty/ros2_ws/build/slam_gmapping -- -j16 -l16
[0.411s] [100%] Built target slam_gmapping
[0.427s] Invoked command in '/home/qty/ros2_ws/build/slam_gmapping' returned '0': CMAKE_PREFIX_PATH=/home/qty/ros2_ws/install/openslam_gmapping:/home/qty/ros2_ws/install/slam_toolbox:/home/qty/ros2_ws/install/slam_gmapping:/home/qty/ros2_ws/install/rplidar_ros:/home/qty/ros2_ws/install/ros2_laser_scan_matcher:/home/qty/ros2_ws/install/hoverboard_msgs:/home/qty/ros2_ws/install/csm:/home/qty/ros2_ws/install/articubot_one:/home/qty/ros2_ws/install/hoverboard_controller:/opt/ros/foxy /usr/bin/cmake --build /home/qty/ros2_ws/build/slam_gmapping -- -j16 -l16
[0.461s] Invoking command in '/home/qty/ros2_ws/build/slam_gmapping': CMAKE_PREFIX_PATH=/home/qty/ros2_ws/install/openslam_gmapping:/home/qty/ros2_ws/install/slam_toolbox:/home/qty/ros2_ws/install/slam_gmapping:/home/qty/ros2_ws/install/rplidar_ros:/home/qty/ros2_ws/install/ros2_laser_scan_matcher:/home/qty/ros2_ws/install/hoverboard_msgs:/home/qty/ros2_ws/install/csm:/home/qty/ros2_ws/install/articubot_one:/home/qty/ros2_ws/install/hoverboard_controller:/opt/ros/foxy /usr/bin/cmake --install /home/qty/ros2_ws/build/slam_gmapping
[0.472s] -- Install configuration: ""
[0.473s] -- Execute custom install script
[0.474s] -- Up-to-date symlink: /home/qty/ros2_ws/install/slam_gmapping/lib/slam_gmapping/slam_gmapping
[0.475s] -- Up-to-date symlink: /home/qty/ros2_ws/install/slam_gmapping/share/slam_gmapping/launch/slam_gmapping.launch.py
[0.475s] -- Up-to-date symlink: /home/qty/ros2_ws/install/slam_gmapping/share/ament_index/resource_index/package_run_dependencies/slam_gmapping
[0.476s] -- Up-to-date symlink: /home/qty/ros2_ws/install/slam_gmapping/share/ament_index/resource_index/parent_prefix_path/slam_gmapping
[0.476s] -- Up-to-date symlink: /home/qty/ros2_ws/install/slam_gmapping/share/slam_gmapping/environment/ament_prefix_path.sh
[0.477s] -- Up-to-date symlink: /home/qty/ros2_ws/install/slam_gmapping/share/slam_gmapping/environment/ament_prefix_path.dsv
[0.477s] -- Up-to-date symlink: /home/qty/ros2_ws/install/slam_gmapping/share/slam_gmapping/environment/path.sh
[0.477s] -- Up-to-date symlink: /home/qty/ros2_ws/install/slam_gmapping/share/slam_gmapping/environment/path.dsv
[0.478s] -- Up-to-date symlink: /home/qty/ros2_ws/install/slam_gmapping/share/slam_gmapping/local_setup.bash
[0.479s] -- Up-to-date symlink: /home/qty/ros2_ws/install/slam_gmapping/share/slam_gmapping/local_setup.sh
[0.479s] -- Up-to-date symlink: /home/qty/ros2_ws/install/slam_gmapping/share/slam_gmapping/local_setup.zsh
[0.479s] -- Up-to-date symlink: /home/qty/ros2_ws/install/slam_gmapping/share/slam_gmapping/local_setup.dsv
[0.480s] -- Symlinking: /home/qty/ros2_ws/install/slam_gmapping/share/slam_gmapping/package.dsv
[0.492s] -- Up-to-date symlink: /home/qty/ros2_ws/install/slam_gmapping/share/ament_index/resource_index/packages/slam_gmapping
[0.493s] -- Up-to-date symlink: /home/qty/ros2_ws/install/slam_gmapping/share/slam_gmapping/cmake/slam_gmappingConfig.cmake
[0.493s] -- Up-to-date symlink: /home/qty/ros2_ws/install/slam_gmapping/share/slam_gmapping/cmake/slam_gmappingConfig-version.cmake
[0.493s] -- Up-to-date symlink: /home/qty/ros2_ws/install/slam_gmapping/share/slam_gmapping/package.xml
[0.496s] Invoked command in '/home/qty/ros2_ws/build/slam_gmapping' returned '0': CMAKE_PREFIX_PATH=/home/qty/ros2_ws/install/openslam_gmapping:/home/qty/ros2_ws/install/slam_toolbox:/home/qty/ros2_ws/install/slam_gmapping:/home/qty/ros2_ws/install/rplidar_ros:/home/qty/ros2_ws/install/ros2_laser_scan_matcher:/home/qty/ros2_ws/install/hoverboard_msgs:/home/qty/ros2_ws/install/csm:/home/qty/ros2_ws/install/articubot_one:/home/qty/ros2_ws/install/hoverboard_controller:/opt/ros/foxy /usr/bin/cmake --install /home/qty/ros2_ws/build/slam_gmapping
