[0.130s] Invoking command in '/home/qty/ros2_ws/build/tutorial_interfaces': CMAKE_PREFIX_PATH=${CMAKE_PREFIX_PATH}:/home/qty/ros2_ws/install/hoverboard_controller:/home/qty/ros2_ws/install/hoverBoardController:/home/qty/ros2_ws/install/examples_rclpy_minimal_subscriber:/home/qty/ros2_ws/install/examples_rclpy_minimal_service:/home/qty/ros2_ws/install/examples_rclpy_minimal_publisher:/home/qty/ros2_ws/install/examples_rclpy_minimal_client:/home/qty/ros2_ws/install/examples_rclpy_minimal_action_server:/home/qty/ros2_ws/install/examples_rclpy_minimal_action_client:/home/qty/ros2_ws/install/examples_rclpy_executors:/opt/ros/foxy /usr/bin/cmake /home/qty/ros2_ws/src/tutorial_interfaces -DCMAKE_INSTALL_PREFIX=/home/qty/ros2_ws/install/tutorial_interfaces
[0.142s] -- Found ament_cmake: 0.9.12 (/opt/ros/foxy/share/ament_cmake/cmake)
[0.165s] -- Found PythonInterp: /usr/bin/python3 (found suitable version "3.8.10", minimum required is "3") 
[0.165s] -- Using PYTHON_EXECUTABLE: /usr/bin/python3
[0.304s] -- Found ament_lint_auto: 0.9.8 (/opt/ros/foxy/share/ament_lint_auto/cmake)
[0.352s] -- Found rosidl_default_generators: 1.0.1 (/opt/ros/foxy/share/rosidl_default_generators/cmake)
[0.356s] -- Using all available rosidl_typesupport_c: rosidl_typesupport_fastrtps_c;rosidl_typesupport_introspection_c
[0.358s] -- Found rosidl_adapter: 1.3.1 (/opt/ros/foxy/share/rosidl_adapter/cmake)
[0.450s] -- Using all available rosidl_typesupport_cpp: rosidl_typesupport_fastrtps_cpp;rosidl_typesupport_introspection_cpp
[0.489s] -- Found PythonInterp: /usr/bin/python3 (found version "3.8.10") 
[0.544s] -- Found ament_cmake_ros: 0.9.2 (/opt/ros/foxy/share/ament_cmake_ros/cmake)
[0.616s] -- Using all available rosidl_typesupport_c: rosidl_typesupport_fastrtps_c;rosidl_typesupport_introspection_c
[0.623s] -- Using all available rosidl_typesupport_cpp: rosidl_typesupport_fastrtps_cpp;rosidl_typesupport_introspection_cpp
[0.647s] -- Found PythonInterp: /usr/bin/python3 (found suitable version "3.8.10", minimum required is "3.5") 
[0.649s] -- Found python_cmake_module: 0.8.1 (/opt/ros/foxy/share/python_cmake_module/cmake)
[0.676s] -- Found PythonLibs: /usr/lib/x86_64-linux-gnu/libpython3.8.so (found suitable version "3.8.10", minimum required is "3.5") 
[0.676s] -- Using PYTHON_EXECUTABLE: /usr/bin/python3
[0.676s] -- Using PYTHON_INCLUDE_DIRS: /usr/include/python3.8
[0.677s] -- Using PYTHON_LIBRARIES: /usr/lib/x86_64-linux-gnu/libpython3.8.so
[0.699s] -- Found PythonExtra: .so  
[0.738s] -- Added test 'copyright' to check source files copyright and LICENSE
[0.740s] -- Added test 'lint_cmake' to check CMake code style
[0.741s] -- Added test 'xmllint' to check XML markup files
[0.747s] -- Configuring done
[0.767s] -- Generating done
[0.768s] -- Build files have been written to: /home/qty/ros2_ws/build/tutorial_interfaces
[0.772s] Invoked command in '/home/qty/ros2_ws/build/tutorial_interfaces' returned '0': CMAKE_PREFIX_PATH=${CMAKE_PREFIX_PATH}:/home/qty/ros2_ws/install/hoverboard_controller:/home/qty/ros2_ws/install/hoverBoardController:/home/qty/ros2_ws/install/examples_rclpy_minimal_subscriber:/home/qty/ros2_ws/install/examples_rclpy_minimal_service:/home/qty/ros2_ws/install/examples_rclpy_minimal_publisher:/home/qty/ros2_ws/install/examples_rclpy_minimal_client:/home/qty/ros2_ws/install/examples_rclpy_minimal_action_server:/home/qty/ros2_ws/install/examples_rclpy_minimal_action_client:/home/qty/ros2_ws/install/examples_rclpy_executors:/opt/ros/foxy /usr/bin/cmake /home/qty/ros2_ws/src/tutorial_interfaces -DCMAKE_INSTALL_PREFIX=/home/qty/ros2_ws/install/tutorial_interfaces
[0.775s] Invoking command in '/home/qty/ros2_ws/build/tutorial_interfaces': CMAKE_PREFIX_PATH=${CMAKE_PREFIX_PATH}:/home/qty/ros2_ws/install/hoverboard_controller:/home/qty/ros2_ws/install/hoverBoardController:/home/qty/ros2_ws/install/examples_rclpy_minimal_subscriber:/home/qty/ros2_ws/install/examples_rclpy_minimal_service:/home/qty/ros2_ws/install/examples_rclpy_minimal_publisher:/home/qty/ros2_ws/install/examples_rclpy_minimal_client:/home/qty/ros2_ws/install/examples_rclpy_minimal_action_server:/home/qty/ros2_ws/install/examples_rclpy_minimal_action_client:/home/qty/ros2_ws/install/examples_rclpy_executors:/opt/ros/foxy /usr/bin/cmake --build /home/qty/ros2_ws/build/tutorial_interfaces -- -j16 -l16
[0.800s] [35m[1mScanning dependencies of target tutorial_interfaces__cpp[0m
[0.800s] [  2%] [34m[1mGenerating C code for ROS interfaces[0m
[0.807s] [  5%] [34m[1mGenerating C++ code for ROS interfaces[0m
[1.004s] [  5%] Built target tutorial_interfaces__cpp
[1.010s] [35m[1mScanning dependencies of target tutorial_interfaces__rosidl_generator_c[0m
[1.011s] [ 10%] [34m[1mGenerating C++ type support for eProsima Fast-RTPS[0m
[1.011s] [ 10%] [34m[1mGenerating C++ introspection for ROS interfaces[0m
[1.011s] [ 12%] [34m[1mGenerating C++ type support dispatch for ROS interfaces[0m
[1.020s] [ 17%] [32mBuilding C object CMakeFiles/tutorial_interfaces__rosidl_generator_c.dir/rosidl_generator_c/tutorial_interfaces/msg/detail/temp_msg__functions.c.o[0m
[1.020s] [ 17%] [32mBuilding C object CMakeFiles/tutorial_interfaces__rosidl_generator_c.dir/rosidl_generator_c/tutorial_interfaces/msg/detail/sonar_msg__functions.c.o[0m
[1.054s] [ 20%] [32m[1mLinking C shared library libtutorial_interfaces__rosidl_generator_c.so[0m
[1.078s] [ 20%] Built target tutorial_interfaces__rosidl_generator_c
[1.085s] [ 25%] [34m[1mGenerating C introspection for ROS interfaces[0m
[1.085s] [ 25%] [34m[1mGenerating C type support dispatch for ROS interfaces[0m
[1.182s] [35m[1mScanning dependencies of target tutorial_interfaces__rosidl_typesupport_cpp[0m
[1.192s] [ 28%] [32mBuilding CXX object CMakeFiles/tutorial_interfaces__rosidl_typesupport_cpp.dir/rosidl_typesupport_cpp/tutorial_interfaces/msg/temp_msg__type_support.cpp.o[0m
[1.194s] [ 30%] [32mBuilding CXX object CMakeFiles/tutorial_interfaces__rosidl_typesupport_cpp.dir/rosidl_typesupport_cpp/tutorial_interfaces/msg/sonar_msg__type_support.cpp.o[0m
[1.195s] [35m[1mScanning dependencies of target tutorial_interfaces__rosidl_typesupport_introspection_cpp[0m
[1.205s] [ 33%] [32mBuilding CXX object CMakeFiles/tutorial_interfaces__rosidl_typesupport_introspection_cpp.dir/rosidl_typesupport_introspection_cpp/tutorial_interfaces/msg/detail/sonar_msg__type_support.cpp.o[0m
[1.206s] [ 35%] [32mBuilding CXX object CMakeFiles/tutorial_interfaces__rosidl_typesupport_introspection_cpp.dir/rosidl_typesupport_introspection_cpp/tutorial_interfaces/msg/detail/temp_msg__type_support.cpp.o[0m
[1.210s] [35m[1mScanning dependencies of target tutorial_interfaces__rosidl_typesupport_fastrtps_cpp[0m
[1.222s] [ 38%] [32mBuilding CXX object CMakeFiles/tutorial_interfaces__rosidl_typesupport_fastrtps_cpp.dir/rosidl_typesupport_fastrtps_cpp/tutorial_interfaces/msg/detail/dds_fastrtps/temp_msg__type_support.cpp.o[0m
[1.225s] [ 41%] [32mBuilding CXX object CMakeFiles/tutorial_interfaces__rosidl_typesupport_fastrtps_cpp.dir/rosidl_typesupport_fastrtps_cpp/tutorial_interfaces/msg/detail/dds_fastrtps/sonar_msg__type_support.cpp.o[0m
[1.263s] [35m[1mScanning dependencies of target tutorial_interfaces__rosidl_typesupport_c[0m
[1.273s] [ 43%] [32mBuilding CXX object CMakeFiles/tutorial_interfaces__rosidl_typesupport_c.dir/rosidl_typesupport_c/tutorial_interfaces/msg/sonar_msg__type_support.cpp.o[0m
[1.276s] [ 46%] [32mBuilding CXX object CMakeFiles/tutorial_interfaces__rosidl_typesupport_c.dir/rosidl_typesupport_c/tutorial_interfaces/msg/temp_msg__type_support.cpp.o[0m
[1.287s] [35m[1mScanning dependencies of target tutorial_interfaces__rosidl_typesupport_introspection_c[0m
[1.298s] [ 51%] [32m[1mLinking CXX shared library libtutorial_interfaces__rosidl_typesupport_c.so[0m
[1.298s] [ 51%] [32mBuilding C object CMakeFiles/tutorial_interfaces__rosidl_typesupport_introspection_c.dir/rosidl_typesupport_introspection_c/tutorial_interfaces/msg/detail/sonar_msg__type_support.c.o[0m
[1.300s] [ 53%] [32mBuilding C object CMakeFiles/tutorial_interfaces__rosidl_typesupport_introspection_c.dir/rosidl_typesupport_introspection_c/tutorial_interfaces/msg/detail/temp_msg__type_support.c.o[0m
[1.330s] [ 53%] Built target tutorial_interfaces__rosidl_typesupport_c
[1.333s] [ 56%] [32m[1mLinking C shared library libtutorial_interfaces__rosidl_typesupport_introspection_c.so[0m
[1.357s] [ 56%] Built target tutorial_interfaces__rosidl_typesupport_introspection_c
[1.422s] [ 58%] [32m[1mLinking CXX shared library libtutorial_interfaces__rosidl_typesupport_cpp.so[0m
[1.438s] [ 61%] [32m[1mLinking CXX shared library libtutorial_interfaces__rosidl_typesupport_introspection_cpp.so[0m
[1.452s] [ 61%] Built target tutorial_interfaces__rosidl_typesupport_cpp
[1.466s] [ 61%] Built target tutorial_interfaces__rosidl_typesupport_introspection_cpp
[1.539s] [ 64%] [32m[1mLinking CXX shared library libtutorial_interfaces__rosidl_typesupport_fastrtps_cpp.so[0m
[1.593s] [ 64%] Built target tutorial_interfaces__rosidl_typesupport_fastrtps_cpp
[1.599s] [ 66%] [34m[1mGenerating C type support for eProsima Fast-RTPS[0m
[1.774s] [35m[1mScanning dependencies of target tutorial_interfaces__rosidl_typesupport_fastrtps_c[0m
[1.783s] [ 71%] [32mBuilding CXX object CMakeFiles/tutorial_interfaces__rosidl_typesupport_fastrtps_c.dir/rosidl_typesupport_fastrtps_c/tutorial_interfaces/msg/detail/sonar_msg__type_support_c.cpp.o[0m
[1.783s] [ 71%] [32mBuilding CXX object CMakeFiles/tutorial_interfaces__rosidl_typesupport_fastrtps_c.dir/rosidl_typesupport_fastrtps_c/tutorial_interfaces/msg/detail/temp_msg__type_support_c.cpp.o[0m
[2.019s] [ 74%] [32m[1mLinking CXX shared library libtutorial_interfaces__rosidl_typesupport_fastrtps_c.so[0m
[2.071s] [ 74%] Built target tutorial_interfaces__rosidl_typesupport_fastrtps_c
[2.077s] [35m[1mScanning dependencies of target tutorial_interfaces[0m
[2.083s] [ 74%] Built target tutorial_interfaces
[2.089s] [35m[1mScanning dependencies of target tutorial_interfaces__py[0m
[2.096s] [ 76%] [34m[1mGenerating Python code for ROS interfaces[0m
[2.452s] [ 76%] Built target tutorial_interfaces__py
[2.458s] [35m[1mScanning dependencies of target tutorial_interfaces__python[0m
[2.479s] [ 79%] [32mBuilding C object CMakeFiles/tutorial_interfaces__python.dir/rosidl_generator_py/tutorial_interfaces/msg/_temp_msg_s.c.o[0m
[2.479s] [ 82%] [32mBuilding C object CMakeFiles/tutorial_interfaces__python.dir/rosidl_generator_py/tutorial_interfaces/msg/_sonar_msg_s.c.o[0m
[2.536s] [ 84%] [32m[1mLinking C shared library rosidl_generator_py/tutorial_interfaces/libtutorial_interfaces__python.so[0m
[2.560s] [ 84%] Built target tutorial_interfaces__python
[2.567s] [35m[1mScanning dependencies of target tutorial_interfaces__rosidl_typesupport_introspection_c__pyext[0m
[2.567s] [35m[1mScanning dependencies of target tutorial_interfaces__rosidl_typesupport_fastrtps_c__pyext[0m
[2.567s] [35m[1mScanning dependencies of target tutorial_interfaces__rosidl_typesupport_c__pyext[0m
[2.579s] [ 92%] [32mBuilding C object CMakeFiles/tutorial_interfaces__rosidl_typesupport_c__pyext.dir/rosidl_generator_py/tutorial_interfaces/_tutorial_interfaces_s.ep.rosidl_typesupport_c.c.o[0m
[2.579s] [ 92%] [32mBuilding C object CMakeFiles/tutorial_interfaces__rosidl_typesupport_introspection_c__pyext.dir/rosidl_generator_py/tutorial_interfaces/_tutorial_interfaces_s.ep.rosidl_typesupport_introspection_c.c.o[0m
[2.579s] [ 92%] [32mBuilding C object CMakeFiles/tutorial_interfaces__rosidl_typesupport_fastrtps_c__pyext.dir/rosidl_generator_py/tutorial_interfaces/_tutorial_interfaces_s.ep.rosidl_typesupport_fastrtps_c.c.o[0m
[2.634s] [100%] [32m[1mLinking C shared library rosidl_generator_py/tutorial_interfaces/tutorial_interfaces_s__rosidl_typesupport_c.cpython-38-x86_64-linux-gnu.so[0m
[2.634s] [100%] [32m[1mLinking CXX shared library rosidl_generator_py/tutorial_interfaces/tutorial_interfaces_s__rosidl_typesupport_fastrtps_c.cpython-38-x86_64-linux-gnu.so[0m
[2.634s] [100%] [32m[1mLinking C shared library rosidl_generator_py/tutorial_interfaces/tutorial_interfaces_s__rosidl_typesupport_introspection_c.cpython-38-x86_64-linux-gnu.so[0m
[2.657s] [100%] Built target tutorial_interfaces__rosidl_typesupport_introspection_c__pyext
[2.657s] [100%] Built target tutorial_interfaces__rosidl_typesupport_c__pyext
[2.675s] [100%] Built target tutorial_interfaces__rosidl_typesupport_fastrtps_c__pyext
[2.683s] Invoked command in '/home/qty/ros2_ws/build/tutorial_interfaces' returned '0': CMAKE_PREFIX_PATH=${CMAKE_PREFIX_PATH}:/home/qty/ros2_ws/install/hoverboard_controller:/home/qty/ros2_ws/install/hoverBoardController:/home/qty/ros2_ws/install/examples_rclpy_minimal_subscriber:/home/qty/ros2_ws/install/examples_rclpy_minimal_service:/home/qty/ros2_ws/install/examples_rclpy_minimal_publisher:/home/qty/ros2_ws/install/examples_rclpy_minimal_client:/home/qty/ros2_ws/install/examples_rclpy_minimal_action_server:/home/qty/ros2_ws/install/examples_rclpy_minimal_action_client:/home/qty/ros2_ws/install/examples_rclpy_executors:/opt/ros/foxy /usr/bin/cmake --build /home/qty/ros2_ws/build/tutorial_interfaces -- -j16 -l16
[2.726s] Invoking command in '/home/qty/ros2_ws/build/tutorial_interfaces': CMAKE_PREFIX_PATH=${CMAKE_PREFIX_PATH}:/home/qty/ros2_ws/install/hoverboard_controller:/home/qty/ros2_ws/install/hoverBoardController:/home/qty/ros2_ws/install/examples_rclpy_minimal_subscriber:/home/qty/ros2_ws/install/examples_rclpy_minimal_service:/home/qty/ros2_ws/install/examples_rclpy_minimal_publisher:/home/qty/ros2_ws/install/examples_rclpy_minimal_client:/home/qty/ros2_ws/install/examples_rclpy_minimal_action_server:/home/qty/ros2_ws/install/examples_rclpy_minimal_action_client:/home/qty/ros2_ws/install/examples_rclpy_executors:/opt/ros/foxy /usr/bin/cmake --install /home/qty/ros2_ws/build/tutorial_interfaces
[2.731s] -- Install configuration: ""
[2.732s] -- Installing: /home/qty/ros2_ws/install/tutorial_interfaces/share/ament_index/resource_index/rosidl_interfaces/tutorial_interfaces
[2.732s] -- Installing: /home/qty/ros2_ws/install/tutorial_interfaces/include/tutorial_interfaces
[2.732s] -- Installing: /home/qty/ros2_ws/install/tutorial_interfaces/include/tutorial_interfaces/msg
[2.732s] -- Installing: /home/qty/ros2_ws/install/tutorial_interfaces/include/tutorial_interfaces/msg/sonar_msg.h
[2.732s] -- Installing: /home/qty/ros2_ws/install/tutorial_interfaces/include/tutorial_interfaces/msg/rosidl_generator_c__visibility_control.h
[2.732s] -- Installing: /home/qty/ros2_ws/install/tutorial_interfaces/include/tutorial_interfaces/msg/temp_msg.h
[2.732s] -- Installing: /home/qty/ros2_ws/install/tutorial_interfaces/include/tutorial_interfaces/msg/detail
[2.732s] -- Installing: /home/qty/ros2_ws/install/tutorial_interfaces/include/tutorial_interfaces/msg/detail/sonar_msg__struct.h
[2.732s] -- Installing: /home/qty/ros2_ws/install/tutorial_interfaces/include/tutorial_interfaces/msg/detail/temp_msg__functions.h
[2.732s] -- Installing: /home/qty/ros2_ws/install/tutorial_interfaces/include/tutorial_interfaces/msg/detail/temp_msg__functions.c
[2.732s] -- Installing: /home/qty/ros2_ws/install/tutorial_interfaces/include/tutorial_interfaces/msg/detail/temp_msg__struct.h
[2.732s] -- Installing: /home/qty/ros2_ws/install/tutorial_interfaces/include/tutorial_interfaces/msg/detail/sonar_msg__type_support.h
[2.732s] -- Installing: /home/qty/ros2_ws/install/tutorial_interfaces/include/tutorial_interfaces/msg/detail/sonar_msg__functions.h
[2.732s] -- Installing: /home/qty/ros2_ws/install/tutorial_interfaces/include/tutorial_interfaces/msg/detail/temp_msg__type_support.h
[2.732s] -- Installing: /home/qty/ros2_ws/install/tutorial_interfaces/include/tutorial_interfaces/msg/detail/sonar_msg__functions.c
[2.733s] -- Installing: /home/qty/ros2_ws/install/tutorial_interfaces/share/tutorial_interfaces/environment/library_path.sh
[2.733s] -- Installing: /home/qty/ros2_ws/install/tutorial_interfaces/share/tutorial_interfaces/environment/library_path.dsv
[2.733s] -- Installing: /home/qty/ros2_ws/install/tutorial_interfaces/lib/libtutorial_interfaces__rosidl_generator_c.so
[2.733s] -- Set runtime path of "/home/qty/ros2_ws/install/tutorial_interfaces/lib/libtutorial_interfaces__rosidl_generator_c.so" to ""
[2.733s] -- Up-to-date: /home/qty/ros2_ws/install/tutorial_interfaces/include/tutorial_interfaces
[2.733s] -- Up-to-date: /home/qty/ros2_ws/install/tutorial_interfaces/include/tutorial_interfaces/msg
[2.733s] -- Installing: /home/qty/ros2_ws/install/tutorial_interfaces/include/tutorial_interfaces/msg/rosidl_typesupport_fastrtps_c__visibility_control.h
[2.733s] -- Up-to-date: /home/qty/ros2_ws/install/tutorial_interfaces/include/tutorial_interfaces/msg/detail
[2.733s] -- Installing: /home/qty/ros2_ws/install/tutorial_interfaces/include/tutorial_interfaces/msg/detail/sonar_msg__rosidl_typesupport_fastrtps_c.h
[2.733s] -- Installing: /home/qty/ros2_ws/install/tutorial_interfaces/include/tutorial_interfaces/msg/detail/temp_msg__rosidl_typesupport_fastrtps_c.h
[2.733s] -- Installing: /home/qty/ros2_ws/install/tutorial_interfaces/lib/libtutorial_interfaces__rosidl_typesupport_fastrtps_c.so
[2.733s] -- Set runtime path of "/home/qty/ros2_ws/install/tutorial_interfaces/lib/libtutorial_interfaces__rosidl_typesupport_fastrtps_c.so" to ""
[2.733s] -- Up-to-date: /home/qty/ros2_ws/install/tutorial_interfaces/include/tutorial_interfaces
[2.733s] -- Up-to-date: /home/qty/ros2_ws/install/tutorial_interfaces/include/tutorial_interfaces/msg
[2.733s] -- Installing: /home/qty/ros2_ws/install/tutorial_interfaces/include/tutorial_interfaces/msg/rosidl_typesupport_fastrtps_cpp__visibility_control.h
[2.733s] -- Up-to-date: /home/qty/ros2_ws/install/tutorial_interfaces/include/tutorial_interfaces/msg/detail
[2.733s] -- Installing: /home/qty/ros2_ws/install/tutorial_interfaces/include/tutorial_interfaces/msg/detail/sonar_msg__rosidl_typesupport_fastrtps_cpp.hpp
[2.733s] -- Installing: /home/qty/ros2_ws/install/tutorial_interfaces/include/tutorial_interfaces/msg/detail/dds_fastrtps
[2.733s] -- Installing: /home/qty/ros2_ws/install/tutorial_interfaces/include/tutorial_interfaces/msg/detail/temp_msg__rosidl_typesupport_fastrtps_cpp.hpp
[2.734s] -- Installing: /home/qty/ros2_ws/install/tutorial_interfaces/lib/libtutorial_interfaces__rosidl_typesupport_fastrtps_cpp.so
[2.734s] -- Set runtime path of "/home/qty/ros2_ws/install/tutorial_interfaces/lib/libtutorial_interfaces__rosidl_typesupport_fastrtps_cpp.so" to ""
[2.734s] -- Up-to-date: /home/qty/ros2_ws/install/tutorial_interfaces/include/tutorial_interfaces
[2.734s] -- Up-to-date: /home/qty/ros2_ws/install/tutorial_interfaces/include/tutorial_interfaces/msg
[2.734s] -- Installing: /home/qty/ros2_ws/install/tutorial_interfaces/include/tutorial_interfaces/msg/rosidl_typesupport_introspection_c__visibility_control.h
[2.734s] -- Up-to-date: /home/qty/ros2_ws/install/tutorial_interfaces/include/tutorial_interfaces/msg/detail
[2.734s] -- Installing: /home/qty/ros2_ws/install/tutorial_interfaces/include/tutorial_interfaces/msg/detail/sonar_msg__rosidl_typesupport_introspection_c.h
[2.734s] -- Installing: /home/qty/ros2_ws/install/tutorial_interfaces/include/tutorial_interfaces/msg/detail/temp_msg__rosidl_typesupport_introspection_c.h
[2.734s] -- Installing: /home/qty/ros2_ws/install/tutorial_interfaces/include/tutorial_interfaces/msg/detail/temp_msg__type_support.c
[2.734s] -- Installing: /home/qty/ros2_ws/install/tutorial_interfaces/include/tutorial_interfaces/msg/detail/sonar_msg__type_support.c
[2.734s] -- Installing: /home/qty/ros2_ws/install/tutorial_interfaces/lib/libtutorial_interfaces__rosidl_typesupport_introspection_c.so
[2.734s] -- Set runtime path of "/home/qty/ros2_ws/install/tutorial_interfaces/lib/libtutorial_interfaces__rosidl_typesupport_introspection_c.so" to ""
[2.734s] -- Installing: /home/qty/ros2_ws/install/tutorial_interfaces/lib/libtutorial_interfaces__rosidl_typesupport_c.so
[2.734s] -- Set runtime path of "/home/qty/ros2_ws/install/tutorial_interfaces/lib/libtutorial_interfaces__rosidl_typesupport_c.so" to ""
[2.734s] -- Up-to-date: /home/qty/ros2_ws/install/tutorial_interfaces/include/tutorial_interfaces
[2.735s] -- Up-to-date: /home/qty/ros2_ws/install/tutorial_interfaces/include/tutorial_interfaces/msg
[2.735s] -- Installing: /home/qty/ros2_ws/install/tutorial_interfaces/include/tutorial_interfaces/msg/sonar_msg.hpp
[2.735s] -- Up-to-date: /home/qty/ros2_ws/install/tutorial_interfaces/include/tutorial_interfaces/msg/detail
[2.735s] -- Installing: /home/qty/ros2_ws/install/tutorial_interfaces/include/tutorial_interfaces/msg/detail/temp_msg__type_support.hpp
[2.735s] -- Installing: /home/qty/ros2_ws/install/tutorial_interfaces/include/tutorial_interfaces/msg/detail/sonar_msg__type_support.hpp
[2.735s] -- Installing: /home/qty/ros2_ws/install/tutorial_interfaces/include/tutorial_interfaces/msg/detail/sonar_msg__struct.hpp
[2.735s] -- Installing: /home/qty/ros2_ws/install/tutorial_interfaces/include/tutorial_interfaces/msg/detail/temp_msg__traits.hpp
[2.735s] -- Installing: /home/qty/ros2_ws/install/tutorial_interfaces/include/tutorial_interfaces/msg/detail/temp_msg__builder.hpp
[2.735s] -- Installing: /home/qty/ros2_ws/install/tutorial_interfaces/include/tutorial_interfaces/msg/detail/temp_msg__struct.hpp
[2.735s] -- Installing: /home/qty/ros2_ws/install/tutorial_interfaces/include/tutorial_interfaces/msg/detail/sonar_msg__builder.hpp
[2.735s] -- Installing: /home/qty/ros2_ws/install/tutorial_interfaces/include/tutorial_interfaces/msg/detail/sonar_msg__traits.hpp
[2.735s] -- Installing: /home/qty/ros2_ws/install/tutorial_interfaces/include/tutorial_interfaces/msg/rosidl_generator_cpp__visibility_control.hpp
[2.735s] -- Installing: /home/qty/ros2_ws/install/tutorial_interfaces/include/tutorial_interfaces/msg/temp_msg.hpp
[2.735s] -- Up-to-date: /home/qty/ros2_ws/install/tutorial_interfaces/include/tutorial_interfaces
[2.735s] -- Up-to-date: /home/qty/ros2_ws/install/tutorial_interfaces/include/tutorial_interfaces/msg
[2.735s] -- Up-to-date: /home/qty/ros2_ws/install/tutorial_interfaces/include/tutorial_interfaces/msg/detail
[2.735s] -- Installing: /home/qty/ros2_ws/install/tutorial_interfaces/include/tutorial_interfaces/msg/detail/temp_msg__rosidl_typesupport_introspection_cpp.hpp
[2.735s] -- Installing: /home/qty/ros2_ws/install/tutorial_interfaces/include/tutorial_interfaces/msg/detail/sonar_msg__rosidl_typesupport_introspection_cpp.hpp
[2.736s] -- Installing: /home/qty/ros2_ws/install/tutorial_interfaces/include/tutorial_interfaces/msg/detail/sonar_msg__type_support.cpp
[2.736s] -- Installing: /home/qty/ros2_ws/install/tutorial_interfaces/include/tutorial_interfaces/msg/detail/temp_msg__type_support.cpp
[2.736s] -- Installing: /home/qty/ros2_ws/install/tutorial_interfaces/lib/libtutorial_interfaces__rosidl_typesupport_introspection_cpp.so
[2.736s] -- Set runtime path of "/home/qty/ros2_ws/install/tutorial_interfaces/lib/libtutorial_interfaces__rosidl_typesupport_introspection_cpp.so" to ""
[2.736s] -- Installing: /home/qty/ros2_ws/install/tutorial_interfaces/lib/libtutorial_interfaces__rosidl_typesupport_cpp.so
[2.736s] -- Set runtime path of "/home/qty/ros2_ws/install/tutorial_interfaces/lib/libtutorial_interfaces__rosidl_typesupport_cpp.so" to ""
[2.736s] -- Installing: /home/qty/ros2_ws/install/tutorial_interfaces/share/tutorial_interfaces/environment/pythonpath.sh
[2.736s] -- Installing: /home/qty/ros2_ws/install/tutorial_interfaces/share/tutorial_interfaces/environment/pythonpath.dsv
[2.736s] -- Installing: /home/qty/ros2_ws/install/tutorial_interfaces/lib/python3.8/site-packages/tutorial_interfaces/__init__.py
[2.765s] Compiling '/home/qty/ros2_ws/install/tutorial_interfaces/lib/python3.8/site-packages/tutorial_interfaces/__init__.py'...
[2.768s] -- Installing: /home/qty/ros2_ws/install/tutorial_interfaces/lib/python3.8/site-packages/tutorial_interfaces/msg
[2.768s] -- Installing: /home/qty/ros2_ws/install/tutorial_interfaces/lib/python3.8/site-packages/tutorial_interfaces/msg/_sonar_msg_s.c
[2.768s] -- Installing: /home/qty/ros2_ws/install/tutorial_interfaces/lib/python3.8/site-packages/tutorial_interfaces/msg/_temp_msg.py
[2.768s] -- Installing: /home/qty/ros2_ws/install/tutorial_interfaces/lib/python3.8/site-packages/tutorial_interfaces/msg/__init__.py
[2.768s] -- Installing: /home/qty/ros2_ws/install/tutorial_interfaces/lib/python3.8/site-packages/tutorial_interfaces/msg/_sonar_msg.py
[2.768s] -- Installing: /home/qty/ros2_ws/install/tutorial_interfaces/lib/python3.8/site-packages/tutorial_interfaces/msg/_temp_msg_s.c
[2.768s] -- Installing: /home/qty/ros2_ws/install/tutorial_interfaces/lib/python3.8/site-packages/tutorial_interfaces/tutorial_interfaces_s__rosidl_typesupport_fastrtps_c.cpython-38-x86_64-linux-gnu.so
[2.768s] -- Set runtime path of "/home/qty/ros2_ws/install/tutorial_interfaces/lib/python3.8/site-packages/tutorial_interfaces/tutorial_interfaces_s__rosidl_typesupport_fastrtps_c.cpython-38-x86_64-linux-gnu.so" to ""
[2.769s] -- Installing: /home/qty/ros2_ws/install/tutorial_interfaces/lib/python3.8/site-packages/tutorial_interfaces/tutorial_interfaces_s__rosidl_typesupport_introspection_c.cpython-38-x86_64-linux-gnu.so
[2.769s] -- Set runtime path of "/home/qty/ros2_ws/install/tutorial_interfaces/lib/python3.8/site-packages/tutorial_interfaces/tutorial_interfaces_s__rosidl_typesupport_introspection_c.cpython-38-x86_64-linux-gnu.so" to ""
[2.769s] -- Installing: /home/qty/ros2_ws/install/tutorial_interfaces/lib/python3.8/site-packages/tutorial_interfaces/tutorial_interfaces_s__rosidl_typesupport_c.cpython-38-x86_64-linux-gnu.so
[2.769s] -- Set runtime path of "/home/qty/ros2_ws/install/tutorial_interfaces/lib/python3.8/site-packages/tutorial_interfaces/tutorial_interfaces_s__rosidl_typesupport_c.cpython-38-x86_64-linux-gnu.so" to ""
[2.769s] -- Installing: /home/qty/ros2_ws/install/tutorial_interfaces/lib/libtutorial_interfaces__python.so
[2.769s] -- Set runtime path of "/home/qty/ros2_ws/install/tutorial_interfaces/lib/libtutorial_interfaces__python.so" to ""
[2.770s] -- Installing: /home/qty/ros2_ws/install/tutorial_interfaces/share/tutorial_interfaces/msg/TempMsg.idl
[2.770s] -- Installing: /home/qty/ros2_ws/install/tutorial_interfaces/share/tutorial_interfaces/msg/SonarMsg.idl
[2.770s] -- Installing: /home/qty/ros2_ws/install/tutorial_interfaces/share/tutorial_interfaces/msg/TempMsg.msg
[2.770s] -- Installing: /home/qty/ros2_ws/install/tutorial_interfaces/share/tutorial_interfaces/msg/SonarMsg.msg
[2.770s] -- Installing: /home/qty/ros2_ws/install/tutorial_interfaces/share/ament_index/resource_index/package_run_dependencies/tutorial_interfaces
[2.770s] -- Installing: /home/qty/ros2_ws/install/tutorial_interfaces/share/ament_index/resource_index/parent_prefix_path/tutorial_interfaces
[2.770s] -- Installing: /home/qty/ros2_ws/install/tutorial_interfaces/share/tutorial_interfaces/environment/ament_prefix_path.sh
[2.770s] -- Installing: /home/qty/ros2_ws/install/tutorial_interfaces/share/tutorial_interfaces/environment/ament_prefix_path.dsv
[2.770s] -- Installing: /home/qty/ros2_ws/install/tutorial_interfaces/share/tutorial_interfaces/environment/path.sh
[2.770s] -- Installing: /home/qty/ros2_ws/install/tutorial_interfaces/share/tutorial_interfaces/environment/path.dsv
[2.770s] -- Installing: /home/qty/ros2_ws/install/tutorial_interfaces/share/tutorial_interfaces/local_setup.bash
[2.770s] -- Installing: /home/qty/ros2_ws/install/tutorial_interfaces/share/tutorial_interfaces/local_setup.sh
[2.770s] -- Installing: /home/qty/ros2_ws/install/tutorial_interfaces/share/tutorial_interfaces/local_setup.zsh
[2.770s] -- Installing: /home/qty/ros2_ws/install/tutorial_interfaces/share/tutorial_interfaces/local_setup.dsv
[2.771s] -- Installing: /home/qty/ros2_ws/install/tutorial_interfaces/share/tutorial_interfaces/package.dsv
[2.771s] -- Installing: /home/qty/ros2_ws/install/tutorial_interfaces/share/ament_index/resource_index/packages/tutorial_interfaces
[2.771s] -- Installing: /home/qty/ros2_ws/install/tutorial_interfaces/share/tutorial_interfaces/cmake/tutorial_interfaces__rosidl_generator_cExport.cmake
[2.771s] -- Installing: /home/qty/ros2_ws/install/tutorial_interfaces/share/tutorial_interfaces/cmake/tutorial_interfaces__rosidl_generator_cExport-noconfig.cmake
[2.771s] -- Installing: /home/qty/ros2_ws/install/tutorial_interfaces/share/tutorial_interfaces/cmake/tutorial_interfaces__rosidl_typesupport_introspection_cExport.cmake
[2.771s] -- Installing: /home/qty/ros2_ws/install/tutorial_interfaces/share/tutorial_interfaces/cmake/tutorial_interfaces__rosidl_typesupport_introspection_cExport-noconfig.cmake
[2.771s] -- Installing: /home/qty/ros2_ws/install/tutorial_interfaces/share/tutorial_interfaces/cmake/tutorial_interfaces__rosidl_typesupport_cExport.cmake
[2.771s] -- Installing: /home/qty/ros2_ws/install/tutorial_interfaces/share/tutorial_interfaces/cmake/tutorial_interfaces__rosidl_typesupport_cExport-noconfig.cmake
[2.771s] -- Installing: /home/qty/ros2_ws/install/tutorial_interfaces/share/tutorial_interfaces/cmake/tutorial_interfaces__rosidl_generator_cppExport.cmake
[2.772s] -- Installing: /home/qty/ros2_ws/install/tutorial_interfaces/share/tutorial_interfaces/cmake/tutorial_interfaces__rosidl_typesupport_introspection_cppExport.cmake
[2.772s] -- Installing: /home/qty/ros2_ws/install/tutorial_interfaces/share/tutorial_interfaces/cmake/tutorial_interfaces__rosidl_typesupport_introspection_cppExport-noconfig.cmake
[2.772s] -- Installing: /home/qty/ros2_ws/install/tutorial_interfaces/share/tutorial_interfaces/cmake/tutorial_interfaces__rosidl_typesupport_cppExport.cmake
[2.772s] -- Installing: /home/qty/ros2_ws/install/tutorial_interfaces/share/tutorial_interfaces/cmake/tutorial_interfaces__rosidl_typesupport_cppExport-noconfig.cmake
[2.772s] -- Installing: /home/qty/ros2_ws/install/tutorial_interfaces/share/tutorial_interfaces/cmake/rosidl_cmake-extras.cmake
[2.772s] -- Installing: /home/qty/ros2_ws/install/tutorial_interfaces/share/tutorial_interfaces/cmake/ament_cmake_export_dependencies-extras.cmake
[2.772s] -- Installing: /home/qty/ros2_ws/install/tutorial_interfaces/share/tutorial_interfaces/cmake/ament_cmake_export_libraries-extras.cmake
[2.772s] -- Installing: /home/qty/ros2_ws/install/tutorial_interfaces/share/tutorial_interfaces/cmake/ament_cmake_export_targets-extras.cmake
[2.772s] -- Installing: /home/qty/ros2_ws/install/tutorial_interfaces/share/tutorial_interfaces/cmake/ament_cmake_export_include_directories-extras.cmake
[2.772s] -- Installing: /home/qty/ros2_ws/install/tutorial_interfaces/share/tutorial_interfaces/cmake/rosidl_cmake_export_typesupport_libraries-extras.cmake
[2.772s] -- Installing: /home/qty/ros2_ws/install/tutorial_interfaces/share/tutorial_interfaces/cmake/rosidl_cmake_export_typesupport_targets-extras.cmake
[2.772s] -- Installing: /home/qty/ros2_ws/install/tutorial_interfaces/share/tutorial_interfaces/cmake/tutorial_interfacesConfig.cmake
[2.772s] -- Installing: /home/qty/ros2_ws/install/tutorial_interfaces/share/tutorial_interfaces/cmake/tutorial_interfacesConfig-version.cmake
[2.773s] -- Installing: /home/qty/ros2_ws/install/tutorial_interfaces/share/tutorial_interfaces/package.xml
[2.774s] Invoked command in '/home/qty/ros2_ws/build/tutorial_interfaces' returned '0': CMAKE_PREFIX_PATH=${CMAKE_PREFIX_PATH}:/home/qty/ros2_ws/install/hoverboard_controller:/home/qty/ros2_ws/install/hoverBoardController:/home/qty/ros2_ws/install/examples_rclpy_minimal_subscriber:/home/qty/ros2_ws/install/examples_rclpy_minimal_service:/home/qty/ros2_ws/install/examples_rclpy_minimal_publisher:/home/qty/ros2_ws/install/examples_rclpy_minimal_client:/home/qty/ros2_ws/install/examples_rclpy_minimal_action_server:/home/qty/ros2_ws/install/examples_rclpy_minimal_action_client:/home/qty/ros2_ws/install/examples_rclpy_executors:/opt/ros/foxy /usr/bin/cmake --install /home/qty/ros2_ws/build/tutorial_interfaces
