[0.121s] Invoking command in '/home/qty/ros2_ws/build/articubot_one': CMAKE_PREFIX_PATH=${CMAKE_PREFIX_PATH}:/home/qty/ros2_ws/install/examples_rclpy_minimal_subscriber:/home/qty/ros2_ws/install/examples_rclpy_minimal_service:/home/qty/ros2_ws/install/examples_rclpy_minimal_publisher:/home/qty/ros2_ws/install/examples_rclpy_minimal_client:/home/qty/ros2_ws/install/examples_rclpy_minimal_action_server:/home/qty/ros2_ws/install/examples_rclpy_minimal_action_client:/home/qty/ros2_ws/install/examples_rclpy_executors:/opt/ros/foxy /usr/bin/cmake /home/qty/ros2_ws/src/articubot_one -DAMENT_CMAKE_SYMLINK_INSTALL=1 -DCMAKE_INSTALL_PREFIX=/home/qty/ros2_ws/install/articubot_one
[0.156s] -- The C compiler identification is GNU 9.4.0
[0.192s] -- The CXX compiler identification is GNU 9.4.0
[0.195s] -- Check for working C compiler: /usr/bin/cc
[0.241s] -- Check for working C compiler: /usr/bin/cc -- works
[0.241s] -- Detecting C compiler ABI info
[0.285s] -- Detecting C compiler ABI info - done
[0.293s] -- Detecting C compile features
[0.293s] -- Detecting C compile features - done
[0.295s] -- Check for working CXX compiler: /usr/bin/c++
[0.345s] -- Check for working CXX compiler: /usr/bin/c++ -- works
[0.345s] -- Detecting CXX compiler ABI info
[0.398s] -- Detecting CXX compiler ABI info - done
[0.407s] -- Detecting CXX compile features
[0.407s] -- Detecting CXX compile features - done
[0.408s] -- Found ament_cmake: 0.9.12 (/opt/ros/foxy/share/ament_cmake/cmake)
[0.433s] -- Found PythonInterp: /usr/bin/python3 (found suitable version "3.8.10", minimum required is "3") 
[0.433s] -- Using PYTHON_EXECUTABLE: /usr/bin/python3
[0.566s] -- Override CMake install command with custom implementation using symlinks instead of copying resources
[0.589s] -- Found ament_lint_auto: 0.9.8 (/opt/ros/foxy/share/ament_lint_auto/cmake)
[0.651s] -- Added test 'copyright' to check source files copyright and LICENSE
[0.654s] -- Added test 'flake8' to check Python code syntax and style conventions
[0.655s] -- Added test 'lint_cmake' to check CMake code style
[0.655s] -- Added test 'pep257' to check Python code against some of the style conventions in PEP 257
[0.657s] -- Added test 'xmllint' to check XML markup files
[0.659s] -- Configuring done
[0.660s] -- Generating done
[0.661s] -- Build files have been written to: /home/qty/ros2_ws/build/articubot_one
[0.665s] Invoked command in '/home/qty/ros2_ws/build/articubot_one' returned '0': CMAKE_PREFIX_PATH=${CMAKE_PREFIX_PATH}:/home/qty/ros2_ws/install/examples_rclpy_minimal_subscriber:/home/qty/ros2_ws/install/examples_rclpy_minimal_service:/home/qty/ros2_ws/install/examples_rclpy_minimal_publisher:/home/qty/ros2_ws/install/examples_rclpy_minimal_client:/home/qty/ros2_ws/install/examples_rclpy_minimal_action_server:/home/qty/ros2_ws/install/examples_rclpy_minimal_action_client:/home/qty/ros2_ws/install/examples_rclpy_executors:/opt/ros/foxy /usr/bin/cmake /home/qty/ros2_ws/src/articubot_one -DAMENT_CMAKE_SYMLINK_INSTALL=1 -DCMAKE_INSTALL_PREFIX=/home/qty/ros2_ws/install/articubot_one
[0.666s] Invoking command in '/home/qty/ros2_ws/build/articubot_one': CMAKE_PREFIX_PATH=${CMAKE_PREFIX_PATH}:/home/qty/ros2_ws/install/examples_rclpy_minimal_subscriber:/home/qty/ros2_ws/install/examples_rclpy_minimal_service:/home/qty/ros2_ws/install/examples_rclpy_minimal_publisher:/home/qty/ros2_ws/install/examples_rclpy_minimal_client:/home/qty/ros2_ws/install/examples_rclpy_minimal_action_server:/home/qty/ros2_ws/install/examples_rclpy_minimal_action_client:/home/qty/ros2_ws/install/examples_rclpy_executors:/opt/ros/foxy /usr/bin/cmake --build /home/qty/ros2_ws/build/articubot_one -- -j16 -l16
[0.692s] Invoked command in '/home/qty/ros2_ws/build/articubot_one' returned '0': CMAKE_PREFIX_PATH=${CMAKE_PREFIX_PATH}:/home/qty/ros2_ws/install/examples_rclpy_minimal_subscriber:/home/qty/ros2_ws/install/examples_rclpy_minimal_service:/home/qty/ros2_ws/install/examples_rclpy_minimal_publisher:/home/qty/ros2_ws/install/examples_rclpy_minimal_client:/home/qty/ros2_ws/install/examples_rclpy_minimal_action_server:/home/qty/ros2_ws/install/examples_rclpy_minimal_action_client:/home/qty/ros2_ws/install/examples_rclpy_executors:/opt/ros/foxy /usr/bin/cmake --build /home/qty/ros2_ws/build/articubot_one -- -j16 -l16
[0.705s] Invoking command in '/home/qty/ros2_ws/build/articubot_one': CMAKE_PREFIX_PATH=${CMAKE_PREFIX_PATH}:/home/qty/ros2_ws/install/examples_rclpy_minimal_subscriber:/home/qty/ros2_ws/install/examples_rclpy_minimal_service:/home/qty/ros2_ws/install/examples_rclpy_minimal_publisher:/home/qty/ros2_ws/install/examples_rclpy_minimal_client:/home/qty/ros2_ws/install/examples_rclpy_minimal_action_server:/home/qty/ros2_ws/install/examples_rclpy_minimal_action_client:/home/qty/ros2_ws/install/examples_rclpy_executors:/opt/ros/foxy /usr/bin/cmake --install /home/qty/ros2_ws/build/articubot_one
[0.710s] -- Install configuration: ""
[0.710s] -- Execute custom install script
[0.711s] -- Symlinking: /home/qty/ros2_ws/install/articubot_one/share/articubot_one/config/ball_tracker_params_robot.yaml
[0.716s] -- Symlinking: /home/qty/ros2_ws/install/articubot_one/share/articubot_one/config/ball_tracker_params_sim.yaml
[0.722s] -- Symlinking: /home/qty/ros2_ws/install/articubot_one/share/articubot_one/config/drive_bot.rviz
[0.727s] -- Symlinking: /home/qty/ros2_ws/install/articubot_one/share/articubot_one/config/empty.yaml
[0.733s] -- Symlinking: /home/qty/ros2_ws/install/articubot_one/share/articubot_one/config/gaz_ros2_ctl_use_sim.yaml
[0.738s] -- Symlinking: /home/qty/ros2_ws/install/articubot_one/share/articubot_one/config/gazebo_params.yaml
[0.744s] -- Symlinking: /home/qty/ros2_ws/install/articubot_one/share/articubot_one/config/joystick.yaml
[0.749s] -- Symlinking: /home/qty/ros2_ws/install/articubot_one/share/articubot_one/config/main.rviz
[0.755s] -- Symlinking: /home/qty/ros2_ws/install/articubot_one/share/articubot_one/config/map.rviz
[0.761s] -- Symlinking: /home/qty/ros2_ws/install/articubot_one/share/articubot_one/config/mapper_params_online_async.yaml
[0.766s] -- Symlinking: /home/qty/ros2_ws/install/articubot_one/share/articubot_one/config/my_controllers.yaml
[0.772s] -- Symlinking: /home/qty/ros2_ws/install/articubot_one/share/articubot_one/config/nav2_params.yaml
[0.776s] -- Symlinking: /home/qty/ros2_ws/install/articubot_one/share/articubot_one/config/twist_mux.yaml
[0.781s] -- Symlinking: /home/qty/ros2_ws/install/articubot_one/share/articubot_one/config/view_bot.rviz
[0.787s] -- Symlinking: /home/qty/ros2_ws/install/articubot_one/share/articubot_one/description/camera.xacro
[0.792s] -- Symlinking: /home/qty/ros2_ws/install/articubot_one/share/articubot_one/description/depth_camera.xacro
[0.797s] -- Symlinking: /home/qty/ros2_ws/install/articubot_one/share/articubot_one/description/face.xacro
[0.802s] -- Symlinking: /home/qty/ros2_ws/install/articubot_one/share/articubot_one/description/gazebo_control.xacro
[0.807s] -- Symlinking: /home/qty/ros2_ws/install/articubot_one/share/articubot_one/description/inertial_macros.xacro
[0.812s] -- Symlinking: /home/qty/ros2_ws/install/articubot_one/share/articubot_one/description/lidar.xacro
[0.818s] -- Symlinking: /home/qty/ros2_ws/install/articubot_one/share/articubot_one/description/robot.urdf.xacro
[0.824s] -- Symlinking: /home/qty/ros2_ws/install/articubot_one/share/articubot_one/description/robot_core.xacro
[0.828s] -- Symlinking: /home/qty/ros2_ws/install/articubot_one/share/articubot_one/description/ros2_control.xacro
[0.835s] -- Symlinking: /home/qty/ros2_ws/install/articubot_one/share/articubot_one/launch/ball_tracker.launch.py
[0.840s] -- Symlinking: /home/qty/ros2_ws/install/articubot_one/share/articubot_one/launch/camera.launch.py
[0.845s] -- Symlinking: /home/qty/ros2_ws/install/articubot_one/share/articubot_one/launch/joystick.launch.py
[0.850s] -- Symlinking: /home/qty/ros2_ws/install/articubot_one/share/articubot_one/launch/launch_robot.launch.py
[0.856s] -- Symlinking: /home/qty/ros2_ws/install/articubot_one/share/articubot_one/launch/launch_sim.launch.py
[0.861s] -- Symlinking: /home/qty/ros2_ws/install/articubot_one/share/articubot_one/launch/localization_launch.py
[0.867s] -- Symlinking: /home/qty/ros2_ws/install/articubot_one/share/articubot_one/launch/navigation_launch.py
[0.881s] -- Symlinking: /home/qty/ros2_ws/install/articubot_one/share/articubot_one/launch/online_async_launch.py
[0.881s] -- Symlinking: /home/qty/ros2_ws/install/articubot_one/share/articubot_one/launch/rplidar.launch.py
[0.884s] -- Symlinking: /home/qty/ros2_ws/install/articubot_one/share/articubot_one/launch/rsp.launch.py
[0.889s] -- Symlinking: /home/qty/ros2_ws/install/articubot_one/share/articubot_one/worlds/empty.world
[0.894s] -- Symlinking: /home/qty/ros2_ws/install/articubot_one/share/articubot_one/worlds/obstacles.world
[0.900s] -- Symlinking: /home/qty/ros2_ws/install/articubot_one/share/ament_index/resource_index/package_run_dependencies/articubot_one
[0.905s] -- Symlinking: /home/qty/ros2_ws/install/articubot_one/share/ament_index/resource_index/parent_prefix_path/articubot_one
[0.911s] -- Symlinking: /home/qty/ros2_ws/install/articubot_one/share/articubot_one/environment/ament_prefix_path.sh
[0.916s] -- Symlinking: /home/qty/ros2_ws/install/articubot_one/share/articubot_one/environment/ament_prefix_path.dsv
[0.921s] -- Symlinking: /home/qty/ros2_ws/install/articubot_one/share/articubot_one/environment/path.sh
[0.926s] -- Symlinking: /home/qty/ros2_ws/install/articubot_one/share/articubot_one/environment/path.dsv
[0.932s] -- Symlinking: /home/qty/ros2_ws/install/articubot_one/share/articubot_one/local_setup.bash
[0.937s] -- Symlinking: /home/qty/ros2_ws/install/articubot_one/share/articubot_one/local_setup.sh
[0.943s] -- Symlinking: /home/qty/ros2_ws/install/articubot_one/share/articubot_one/local_setup.zsh
[0.948s] -- Symlinking: /home/qty/ros2_ws/install/articubot_one/share/articubot_one/local_setup.dsv
[0.953s] -- Symlinking: /home/qty/ros2_ws/install/articubot_one/share/articubot_one/package.dsv
[0.958s] -- Symlinking: /home/qty/ros2_ws/install/articubot_one/share/ament_index/resource_index/packages/articubot_one
[0.964s] -- Symlinking: /home/qty/ros2_ws/install/articubot_one/share/articubot_one/cmake/articubot_oneConfig.cmake
[0.968s] -- Symlinking: /home/qty/ros2_ws/install/articubot_one/share/articubot_one/cmake/articubot_oneConfig-version.cmake
[0.974s] -- Symlinking: /home/qty/ros2_ws/install/articubot_one/share/articubot_one/package.xml
[0.988s] Invoked command in '/home/qty/ros2_ws/build/articubot_one' returned '0': CMAKE_PREFIX_PATH=${CMAKE_PREFIX_PATH}:/home/qty/ros2_ws/install/examples_rclpy_minimal_subscriber:/home/qty/ros2_ws/install/examples_rclpy_minimal_service:/home/qty/ros2_ws/install/examples_rclpy_minimal_publisher:/home/qty/ros2_ws/install/examples_rclpy_minimal_client:/home/qty/ros2_ws/install/examples_rclpy_minimal_action_server:/home/qty/ros2_ws/install/examples_rclpy_minimal_action_client:/home/qty/ros2_ws/install/examples_rclpy_executors:/opt/ros/foxy /usr/bin/cmake --install /home/qty/ros2_ws/build/articubot_one
