[11.123s] DEBUG:colcon:Command line arguments: ['/usr/bin/colcon', 'build']
[11.123s] DEBUG:colcon:Parsed command line arguments: Namespace(allow_overriding=[], ament_cmake_args=None, base_paths=['.'], build_base='build', catkin_cmake_args=None, catkin_skip_building_tests=False, cmake_args=None, cmake_clean_cache=False, cmake_clean_first=False, cmake_force_configure=False, cmake_target=None, cmake_target_skip_unavailable=False, continue_on_error=False, event_handlers=None, executor='parallel', ignore_user_meta=False, install_base='install', log_base=None, log_level=None, main=<bound method BuildVerb.main of <colcon_core.verb.build.BuildVerb object at 0x7f54f4557190>>, merge_install=False, metas=['./colcon.meta'], packages_above=None, packages_above_and_dependencies=None, packages_above_depth=None, packages_end=None, packages_ignore=None, packages_ignore_regex=None, packages_select=None, packages_select_build_failed=False, packages_select_by_dep=None, packages_select_regex=None, packages_select_test_failures=False, packages_skip=None, packages_skip_build_finished=False, packages_skip_by_dep=None, packages_skip_regex=None, packages_skip_test_passed=False, packages_skip_up_to=None, packages_start=None, packages_up_to=None, packages_up_to_regex=None, parallel_workers=16, paths=None, symlink_install=False, test_result_base=None, verb_extension=<colcon_core.verb.build.BuildVerb object at 0x7f54f4557190>, verb_name='build', verb_parser=<colcon_defaults.argument_parser.defaults.DefaultArgumentsDecorator object at 0x7f54f41e7a90>)
[11.635s] Level 1:colcon.colcon_core.package_discovery:discover_packages(colcon_meta) check parameters
[11.636s] Level 1:colcon.colcon_core.package_discovery:discover_packages(recursive) check parameters
[11.636s] Level 1:colcon.colcon_core.package_discovery:discover_packages(ignore) check parameters
[11.636s] Level 1:colcon.colcon_core.package_discovery:discover_packages(path) check parameters
[11.636s] Level 1:colcon.colcon_core.package_discovery:discover_packages(colcon_meta) discover
[11.636s] Level 1:colcon.colcon_core.package_discovery:discover_packages(recursive) discover
[11.637s] INFO:colcon.colcon_core.package_discovery:Crawling recursively for packages in '/home/qty/ros2_ws'
[11.637s] Level 1:colcon.colcon_core.package_identification:_identify(.) by extensions ['ignore', 'ignore_ament_install']
[11.637s] Level 1:colcon.colcon_core.package_identification:_identify(.) by extension 'ignore'
[11.637s] Level 1:colcon.colcon_core.package_identification:_identify(.) by extension 'ignore_ament_install'
[11.637s] Level 1:colcon.colcon_core.package_identification:_identify(.) by extensions ['colcon_pkg']
[11.637s] Level 1:colcon.colcon_core.package_identification:_identify(.) by extension 'colcon_pkg'
[11.637s] Level 1:colcon.colcon_core.package_identification:_identify(.) by extensions ['colcon_meta']
[11.638s] Level 1:colcon.colcon_core.package_identification:_identify(.) by extension 'colcon_meta'
[11.638s] Level 1:colcon.colcon_core.package_identification:_identify(.) by extensions ['ros']
[11.638s] Level 1:colcon.colcon_core.package_identification:_identify(.) by extension 'ros'
[11.686s] Level 1:colcon.colcon_core.package_identification:_identify(.) by extensions ['cmake', 'python']
[11.686s] Level 1:colcon.colcon_core.package_identification:_identify(.) by extension 'cmake'
[11.686s] Level 1:colcon.colcon_core.package_identification:_identify(.) by extension 'python'
[11.687s] Level 1:colcon.colcon_core.package_identification:_identify(.) by extensions ['python_setup_py']
[11.687s] Level 1:colcon.colcon_core.package_identification:_identify(.) by extension 'python_setup_py'
[11.688s] Level 1:colcon.colcon_core.package_identification:_identify(build) by extensions ['ignore', 'ignore_ament_install']
[11.690s] Level 1:colcon.colcon_core.package_identification:_identify(build) by extension 'ignore'
[11.691s] Level 1:colcon.colcon_core.package_identification:_identify(build) ignored
[11.691s] Level 1:colcon.colcon_core.package_identification:_identify(frontend) by extensions ['ignore', 'ignore_ament_install']
[11.692s] Level 1:colcon.colcon_core.package_identification:_identify(frontend) by extension 'ignore'
[11.692s] Level 1:colcon.colcon_core.package_identification:_identify(frontend) by extension 'ignore_ament_install'
[11.693s] Level 1:colcon.colcon_core.package_identification:_identify(frontend) by extensions ['colcon_pkg']
[11.693s] Level 1:colcon.colcon_core.package_identification:_identify(frontend) by extension 'colcon_pkg'
[11.693s] Level 1:colcon.colcon_core.package_identification:_identify(frontend) by extensions ['colcon_meta']
[11.694s] Level 1:colcon.colcon_core.package_identification:_identify(frontend) by extension 'colcon_meta'
[11.695s] Level 1:colcon.colcon_core.package_identification:_identify(frontend) by extensions ['ros']
[11.695s] Level 1:colcon.colcon_core.package_identification:_identify(frontend) by extension 'ros'
[11.696s] Level 1:colcon.colcon_core.package_identification:_identify(frontend) by extensions ['cmake', 'python']
[11.697s] Level 1:colcon.colcon_core.package_identification:_identify(frontend) by extension 'cmake'
[11.697s] Level 1:colcon.colcon_core.package_identification:_identify(frontend) by extension 'python'
[11.698s] Level 1:colcon.colcon_core.package_identification:_identify(frontend) by extensions ['python_setup_py']
[11.698s] Level 1:colcon.colcon_core.package_identification:_identify(frontend) by extension 'python_setup_py'
[11.699s] Level 1:colcon.colcon_core.package_identification:_identify(frontend/maps) by extensions ['ignore', 'ignore_ament_install']
[11.701s] Level 1:colcon.colcon_core.package_identification:_identify(frontend/maps) by extension 'ignore'
[11.702s] Level 1:colcon.colcon_core.package_identification:_identify(frontend/maps) by extension 'ignore_ament_install'
[11.702s] Level 1:colcon.colcon_core.package_identification:_identify(frontend/maps) by extensions ['colcon_pkg']
[11.702s] Level 1:colcon.colcon_core.package_identification:_identify(frontend/maps) by extension 'colcon_pkg'
[11.702s] Level 1:colcon.colcon_core.package_identification:_identify(frontend/maps) by extensions ['colcon_meta']
[11.702s] Level 1:colcon.colcon_core.package_identification:_identify(frontend/maps) by extension 'colcon_meta'
[11.703s] Level 1:colcon.colcon_core.package_identification:_identify(frontend/maps) by extensions ['ros']
[11.703s] Level 1:colcon.colcon_core.package_identification:_identify(frontend/maps) by extension 'ros'
[11.703s] Level 1:colcon.colcon_core.package_identification:_identify(frontend/maps) by extensions ['cmake', 'python']
[11.703s] Level 1:colcon.colcon_core.package_identification:_identify(frontend/maps) by extension 'cmake'
[11.703s] Level 1:colcon.colcon_core.package_identification:_identify(frontend/maps) by extension 'python'
[11.703s] Level 1:colcon.colcon_core.package_identification:_identify(frontend/maps) by extensions ['python_setup_py']
[11.704s] Level 1:colcon.colcon_core.package_identification:_identify(frontend/maps) by extension 'python_setup_py'
[11.704s] Level 1:colcon.colcon_core.package_identification:_identify(frontend/serialized_maps) by extensions ['ignore', 'ignore_ament_install']
[11.704s] Level 1:colcon.colcon_core.package_identification:_identify(frontend/serialized_maps) by extension 'ignore'
[11.704s] Level 1:colcon.colcon_core.package_identification:_identify(frontend/serialized_maps) by extension 'ignore_ament_install'
[11.704s] Level 1:colcon.colcon_core.package_identification:_identify(frontend/serialized_maps) by extensions ['colcon_pkg']
[11.705s] Level 1:colcon.colcon_core.package_identification:_identify(frontend/serialized_maps) by extension 'colcon_pkg'
[11.705s] Level 1:colcon.colcon_core.package_identification:_identify(frontend/serialized_maps) by extensions ['colcon_meta']
[11.705s] Level 1:colcon.colcon_core.package_identification:_identify(frontend/serialized_maps) by extension 'colcon_meta'
[11.705s] Level 1:colcon.colcon_core.package_identification:_identify(frontend/serialized_maps) by extensions ['ros']
[11.705s] Level 1:colcon.colcon_core.package_identification:_identify(frontend/serialized_maps) by extension 'ros'
[11.705s] Level 1:colcon.colcon_core.package_identification:_identify(frontend/serialized_maps) by extensions ['cmake', 'python']
[11.705s] Level 1:colcon.colcon_core.package_identification:_identify(frontend/serialized_maps) by extension 'cmake'
[11.706s] Level 1:colcon.colcon_core.package_identification:_identify(frontend/serialized_maps) by extension 'python'
[11.706s] Level 1:colcon.colcon_core.package_identification:_identify(frontend/serialized_maps) by extensions ['python_setup_py']
[11.706s] Level 1:colcon.colcon_core.package_identification:_identify(frontend/serialized_maps) by extension 'python_setup_py'
[11.706s] Level 1:colcon.colcon_core.package_identification:_identify(frontend/static) by extensions ['ignore', 'ignore_ament_install']
[11.706s] Level 1:colcon.colcon_core.package_identification:_identify(frontend/static) by extension 'ignore'
[11.707s] Level 1:colcon.colcon_core.package_identification:_identify(frontend/static) by extension 'ignore_ament_install'
[11.707s] Level 1:colcon.colcon_core.package_identification:_identify(frontend/static) by extensions ['colcon_pkg']
[11.707s] Level 1:colcon.colcon_core.package_identification:_identify(frontend/static) by extension 'colcon_pkg'
[11.707s] Level 1:colcon.colcon_core.package_identification:_identify(frontend/static) by extensions ['colcon_meta']
[11.708s] Level 1:colcon.colcon_core.package_identification:_identify(frontend/static) by extension 'colcon_meta'
[11.708s] Level 1:colcon.colcon_core.package_identification:_identify(frontend/static) by extensions ['ros']
[11.708s] Level 1:colcon.colcon_core.package_identification:_identify(frontend/static) by extension 'ros'
[11.709s] Level 1:colcon.colcon_core.package_identification:_identify(frontend/static) by extensions ['cmake', 'python']
[11.710s] Level 1:colcon.colcon_core.package_identification:_identify(frontend/static) by extension 'cmake'
[11.710s] Level 1:colcon.colcon_core.package_identification:_identify(frontend/static) by extension 'python'
[11.710s] Level 1:colcon.colcon_core.package_identification:_identify(frontend/static) by extensions ['python_setup_py']
[11.710s] Level 1:colcon.colcon_core.package_identification:_identify(frontend/static) by extension 'python_setup_py'
[11.711s] Level 1:colcon.colcon_core.package_identification:_identify(frontend/templates) by extensions ['ignore', 'ignore_ament_install']
[11.712s] Level 1:colcon.colcon_core.package_identification:_identify(frontend/templates) by extension 'ignore'
[11.713s] Level 1:colcon.colcon_core.package_identification:_identify(frontend/templates) by extension 'ignore_ament_install'
[11.714s] Level 1:colcon.colcon_core.package_identification:_identify(frontend/templates) by extensions ['colcon_pkg']
[11.714s] Level 1:colcon.colcon_core.package_identification:_identify(frontend/templates) by extension 'colcon_pkg'
[11.715s] Level 1:colcon.colcon_core.package_identification:_identify(frontend/templates) by extensions ['colcon_meta']
[11.715s] Level 1:colcon.colcon_core.package_identification:_identify(frontend/templates) by extension 'colcon_meta'
[11.715s] Level 1:colcon.colcon_core.package_identification:_identify(frontend/templates) by extensions ['ros']
[11.715s] Level 1:colcon.colcon_core.package_identification:_identify(frontend/templates) by extension 'ros'
[11.716s] Level 1:colcon.colcon_core.package_identification:_identify(frontend/templates) by extensions ['cmake', 'python']
[11.716s] Level 1:colcon.colcon_core.package_identification:_identify(frontend/templates) by extension 'cmake'
[11.716s] Level 1:colcon.colcon_core.package_identification:_identify(frontend/templates) by extension 'python'
[11.716s] Level 1:colcon.colcon_core.package_identification:_identify(frontend/templates) by extensions ['python_setup_py']
[11.716s] Level 1:colcon.colcon_core.package_identification:_identify(frontend/templates) by extension 'python_setup_py'
[11.716s] Level 1:colcon.colcon_core.package_identification:_identify(frontend/trial) by extensions ['ignore', 'ignore_ament_install']
[11.717s] Level 1:colcon.colcon_core.package_identification:_identify(frontend/trial) by extension 'ignore'
[11.717s] Level 1:colcon.colcon_core.package_identification:_identify(frontend/trial) by extension 'ignore_ament_install'
[11.717s] Level 1:colcon.colcon_core.package_identification:_identify(frontend/trial) by extensions ['colcon_pkg']
[11.717s] Level 1:colcon.colcon_core.package_identification:_identify(frontend/trial) by extension 'colcon_pkg'
[11.717s] Level 1:colcon.colcon_core.package_identification:_identify(frontend/trial) by extensions ['colcon_meta']
[11.717s] Level 1:colcon.colcon_core.package_identification:_identify(frontend/trial) by extension 'colcon_meta'
[11.717s] Level 1:colcon.colcon_core.package_identification:_identify(frontend/trial) by extensions ['ros']
[11.717s] Level 1:colcon.colcon_core.package_identification:_identify(frontend/trial) by extension 'ros'
[11.718s] Level 1:colcon.colcon_core.package_identification:_identify(frontend/trial) by extensions ['cmake', 'python']
[11.718s] Level 1:colcon.colcon_core.package_identification:_identify(frontend/trial) by extension 'cmake'
[11.718s] Level 1:colcon.colcon_core.package_identification:_identify(frontend/trial) by extension 'python'
[11.718s] Level 1:colcon.colcon_core.package_identification:_identify(frontend/trial) by extensions ['python_setup_py']
[11.718s] Level 1:colcon.colcon_core.package_identification:_identify(frontend/trial) by extension 'python_setup_py'
[11.719s] Level 1:colcon.colcon_core.package_identification:_identify(install) by extensions ['ignore', 'ignore_ament_install']
[11.719s] Level 1:colcon.colcon_core.package_identification:_identify(install) by extension 'ignore'
[11.719s] Level 1:colcon.colcon_core.package_identification:_identify(install) ignored
[11.720s] Level 1:colcon.colcon_core.package_identification:_identify(log) by extensions ['ignore', 'ignore_ament_install']
[11.720s] Level 1:colcon.colcon_core.package_identification:_identify(log) by extension 'ignore'
[11.720s] Level 1:colcon.colcon_core.package_identification:_identify(log) ignored
[11.720s] Level 1:colcon.colcon_core.package_identification:_identify(src) by extensions ['ignore', 'ignore_ament_install']
[11.721s] Level 1:colcon.colcon_core.package_identification:_identify(src) by extension 'ignore'
[11.721s] Level 1:colcon.colcon_core.package_identification:_identify(src) by extension 'ignore_ament_install'
[11.721s] Level 1:colcon.colcon_core.package_identification:_identify(src) by extensions ['colcon_pkg']
[11.721s] Level 1:colcon.colcon_core.package_identification:_identify(src) by extension 'colcon_pkg'
[11.721s] Level 1:colcon.colcon_core.package_identification:_identify(src) by extensions ['colcon_meta']
[11.721s] Level 1:colcon.colcon_core.package_identification:_identify(src) by extension 'colcon_meta'
[11.722s] Level 1:colcon.colcon_core.package_identification:_identify(src) by extensions ['ros']
[11.722s] Level 1:colcon.colcon_core.package_identification:_identify(src) by extension 'ros'
[11.722s] Level 1:colcon.colcon_core.package_identification:_identify(src) by extensions ['cmake', 'python']
[11.722s] Level 1:colcon.colcon_core.package_identification:_identify(src) by extension 'cmake'
[11.722s] Level 1:colcon.colcon_core.package_identification:_identify(src) by extension 'python'
[11.723s] Level 1:colcon.colcon_core.package_identification:_identify(src) by extensions ['python_setup_py']
[11.723s] Level 1:colcon.colcon_core.package_identification:_identify(src) by extension 'python_setup_py'
[11.723s] Level 1:colcon.colcon_core.package_identification:_identify(src/articubot_one) by extensions ['ignore', 'ignore_ament_install']
[11.723s] Level 1:colcon.colcon_core.package_identification:_identify(src/articubot_one) by extension 'ignore'
[11.724s] Level 1:colcon.colcon_core.package_identification:_identify(src/articubot_one) by extension 'ignore_ament_install'
[11.724s] Level 1:colcon.colcon_core.package_identification:_identify(src/articubot_one) by extensions ['colcon_pkg']
[11.724s] Level 1:colcon.colcon_core.package_identification:_identify(src/articubot_one) by extension 'colcon_pkg'
[11.724s] Level 1:colcon.colcon_core.package_identification:_identify(src/articubot_one) by extensions ['colcon_meta']
[11.724s] Level 1:colcon.colcon_core.package_identification:_identify(src/articubot_one) by extension 'colcon_meta'
[11.724s] Level 1:colcon.colcon_core.package_identification:_identify(src/articubot_one) by extensions ['ros']
[11.725s] Level 1:colcon.colcon_core.package_identification:_identify(src/articubot_one) by extension 'ros'
[11.735s] DEBUG:colcon.colcon_core.package_identification:Package 'src/articubot_one' with type 'ros.ament_cmake' and name 'articubot_one'
[11.735s] Level 1:colcon.colcon_core.package_identification:_identify(src/csm) by extensions ['ignore', 'ignore_ament_install']
[11.736s] Level 1:colcon.colcon_core.package_identification:_identify(src/csm) by extension 'ignore'
[11.736s] Level 1:colcon.colcon_core.package_identification:_identify(src/csm) by extension 'ignore_ament_install'
[11.736s] Level 1:colcon.colcon_core.package_identification:_identify(src/csm) by extensions ['colcon_pkg']
[11.736s] Level 1:colcon.colcon_core.package_identification:_identify(src/csm) by extension 'colcon_pkg'
[11.736s] Level 1:colcon.colcon_core.package_identification:_identify(src/csm) by extensions ['colcon_meta']
[11.736s] Level 1:colcon.colcon_core.package_identification:_identify(src/csm) by extension 'colcon_meta'
[11.737s] Level 1:colcon.colcon_core.package_identification:_identify(src/csm) by extensions ['ros']
[11.737s] Level 1:colcon.colcon_core.package_identification:_identify(src/csm) by extension 'ros'
[11.739s] DEBUG:colcon.colcon_core.package_identification:Package 'src/csm' with type 'ros.ament_cmake' and name 'csm'
[11.740s] Level 1:colcon.colcon_core.package_identification:_identify(src/hoverboard_controller) by extensions ['ignore', 'ignore_ament_install']
[11.740s] Level 1:colcon.colcon_core.package_identification:_identify(src/hoverboard_controller) by extension 'ignore'
[11.740s] Level 1:colcon.colcon_core.package_identification:_identify(src/hoverboard_controller) by extension 'ignore_ament_install'
[11.740s] Level 1:colcon.colcon_core.package_identification:_identify(src/hoverboard_controller) by extensions ['colcon_pkg']
[11.740s] Level 1:colcon.colcon_core.package_identification:_identify(src/hoverboard_controller) by extension 'colcon_pkg'
[11.740s] Level 1:colcon.colcon_core.package_identification:_identify(src/hoverboard_controller) by extensions ['colcon_meta']
[11.741s] Level 1:colcon.colcon_core.package_identification:_identify(src/hoverboard_controller) by extension 'colcon_meta'
[11.741s] Level 1:colcon.colcon_core.package_identification:_identify(src/hoverboard_controller) by extensions ['ros']
[11.741s] Level 1:colcon.colcon_core.package_identification:_identify(src/hoverboard_controller) by extension 'ros'
[11.744s] DEBUG:colcon.colcon_core.package_identification:Package 'src/hoverboard_controller' with type 'ros.ament_python' and name 'hoverboard_controller'
[11.746s] Level 1:colcon.colcon_core.package_identification:_identify(src/hoverboard_msgs) by extensions ['ignore', 'ignore_ament_install']
[11.747s] Level 1:colcon.colcon_core.package_identification:_identify(src/hoverboard_msgs) by extension 'ignore'
[11.749s] Level 1:colcon.colcon_core.package_identification:_identify(src/hoverboard_msgs) by extension 'ignore_ament_install'
[11.750s] Level 1:colcon.colcon_core.package_identification:_identify(src/hoverboard_msgs) by extensions ['colcon_pkg']
[11.750s] Level 1:colcon.colcon_core.package_identification:_identify(src/hoverboard_msgs) by extension 'colcon_pkg'
[11.751s] Level 1:colcon.colcon_core.package_identification:_identify(src/hoverboard_msgs) by extensions ['colcon_meta']
[11.751s] Level 1:colcon.colcon_core.package_identification:_identify(src/hoverboard_msgs) by extension 'colcon_meta'
[11.751s] Level 1:colcon.colcon_core.package_identification:_identify(src/hoverboard_msgs) by extensions ['ros']
[11.751s] Level 1:colcon.colcon_core.package_identification:_identify(src/hoverboard_msgs) by extension 'ros'
[11.753s] DEBUG:colcon.colcon_core.package_identification:Package 'src/hoverboard_msgs' with type 'ros.ament_cmake' and name 'hoverboard_msgs'
[11.753s] Level 1:colcon.colcon_core.package_identification:_identify(src/ros2_laser_scan_matcher) by extensions ['ignore', 'ignore_ament_install']
[11.754s] Level 1:colcon.colcon_core.package_identification:_identify(src/ros2_laser_scan_matcher) by extension 'ignore'
[11.754s] Level 1:colcon.colcon_core.package_identification:_identify(src/ros2_laser_scan_matcher) by extension 'ignore_ament_install'
[11.754s] Level 1:colcon.colcon_core.package_identification:_identify(src/ros2_laser_scan_matcher) by extensions ['colcon_pkg']
[11.754s] Level 1:colcon.colcon_core.package_identification:_identify(src/ros2_laser_scan_matcher) by extension 'colcon_pkg'
[11.754s] Level 1:colcon.colcon_core.package_identification:_identify(src/ros2_laser_scan_matcher) by extensions ['colcon_meta']
[11.754s] Level 1:colcon.colcon_core.package_identification:_identify(src/ros2_laser_scan_matcher) by extension 'colcon_meta'
[11.754s] Level 1:colcon.colcon_core.package_identification:_identify(src/ros2_laser_scan_matcher) by extensions ['ros']
[11.754s] Level 1:colcon.colcon_core.package_identification:_identify(src/ros2_laser_scan_matcher) by extension 'ros'
[11.756s] DEBUG:colcon.colcon_core.package_identification:Package 'src/ros2_laser_scan_matcher' with type 'ros.ament_cmake' and name 'ros2_laser_scan_matcher'
[11.757s] Level 1:colcon.colcon_core.package_identification:_identify(src/rplidar_ros2) by extensions ['ignore', 'ignore_ament_install']
[11.757s] Level 1:colcon.colcon_core.package_identification:_identify(src/rplidar_ros2) by extension 'ignore'
[11.757s] Level 1:colcon.colcon_core.package_identification:_identify(src/rplidar_ros2) by extension 'ignore_ament_install'
[11.758s] Level 1:colcon.colcon_core.package_identification:_identify(src/rplidar_ros2) by extensions ['colcon_pkg']
[11.758s] Level 1:colcon.colcon_core.package_identification:_identify(src/rplidar_ros2) by extension 'colcon_pkg'
[11.758s] Level 1:colcon.colcon_core.package_identification:_identify(src/rplidar_ros2) by extensions ['colcon_meta']
[11.758s] Level 1:colcon.colcon_core.package_identification:_identify(src/rplidar_ros2) by extension 'colcon_meta'
[11.759s] Level 1:colcon.colcon_core.package_identification:_identify(src/rplidar_ros2) by extensions ['ros']
[11.759s] Level 1:colcon.colcon_core.package_identification:_identify(src/rplidar_ros2) by extension 'ros'
[11.763s] DEBUG:colcon.colcon_core.package_identification:Package 'src/rplidar_ros2' with type 'ros.ament_cmake' and name 'rplidar_ros'
[11.765s] Level 1:colcon.colcon_core.package_identification:_identify(src/slam_gmapping) by extensions ['ignore', 'ignore_ament_install']
[11.766s] Level 1:colcon.colcon_core.package_identification:_identify(src/slam_gmapping) by extension 'ignore'
[11.767s] Level 1:colcon.colcon_core.package_identification:_identify(src/slam_gmapping) by extension 'ignore_ament_install'
[11.767s] Level 1:colcon.colcon_core.package_identification:_identify(src/slam_gmapping) by extensions ['colcon_pkg']
[11.767s] Level 1:colcon.colcon_core.package_identification:_identify(src/slam_gmapping) by extension 'colcon_pkg'
[11.767s] Level 1:colcon.colcon_core.package_identification:_identify(src/slam_gmapping) by extensions ['colcon_meta']
[11.767s] Level 1:colcon.colcon_core.package_identification:_identify(src/slam_gmapping) by extension 'colcon_meta'
[11.767s] Level 1:colcon.colcon_core.package_identification:_identify(src/slam_gmapping) by extensions ['ros']
[11.767s] Level 1:colcon.colcon_core.package_identification:_identify(src/slam_gmapping) by extension 'ros'
[11.767s] Level 1:colcon.colcon_core.package_identification:_identify(src/slam_gmapping) by extensions ['cmake', 'python']
[11.768s] Level 1:colcon.colcon_core.package_identification:_identify(src/slam_gmapping) by extension 'cmake'
[11.768s] Level 1:colcon.colcon_core.package_identification:_identify(src/slam_gmapping) by extension 'python'
[11.768s] Level 1:colcon.colcon_core.package_identification:_identify(src/slam_gmapping) by extensions ['python_setup_py']
[11.768s] Level 1:colcon.colcon_core.package_identification:_identify(src/slam_gmapping) by extension 'python_setup_py'
[11.768s] Level 1:colcon.colcon_core.package_identification:_identify(src/slam_gmapping/openslam_gmapping) by extensions ['ignore', 'ignore_ament_install']
[11.768s] Level 1:colcon.colcon_core.package_identification:_identify(src/slam_gmapping/openslam_gmapping) by extension 'ignore'
[11.768s] Level 1:colcon.colcon_core.package_identification:_identify(src/slam_gmapping/openslam_gmapping) by extension 'ignore_ament_install'
[11.768s] Level 1:colcon.colcon_core.package_identification:_identify(src/slam_gmapping/openslam_gmapping) by extensions ['colcon_pkg']
[11.769s] Level 1:colcon.colcon_core.package_identification:_identify(src/slam_gmapping/openslam_gmapping) by extension 'colcon_pkg'
[11.769s] Level 1:colcon.colcon_core.package_identification:_identify(src/slam_gmapping/openslam_gmapping) by extensions ['colcon_meta']
[11.769s] Level 1:colcon.colcon_core.package_identification:_identify(src/slam_gmapping/openslam_gmapping) by extension 'colcon_meta'
[11.769s] Level 1:colcon.colcon_core.package_identification:_identify(src/slam_gmapping/openslam_gmapping) by extensions ['ros']
[11.769s] Level 1:colcon.colcon_core.package_identification:_identify(src/slam_gmapping/openslam_gmapping) by extension 'ros'
[11.771s] DEBUG:colcon.colcon_core.package_identification:Package 'src/slam_gmapping/openslam_gmapping' with type 'ros.ament_cmake' and name 'openslam_gmapping'
[11.771s] Level 1:colcon.colcon_core.package_identification:_identify(src/slam_gmapping/slam_gmapping) by extensions ['ignore', 'ignore_ament_install']
[11.771s] Level 1:colcon.colcon_core.package_identification:_identify(src/slam_gmapping/slam_gmapping) by extension 'ignore'
[11.771s] Level 1:colcon.colcon_core.package_identification:_identify(src/slam_gmapping/slam_gmapping) by extension 'ignore_ament_install'
[11.772s] Level 1:colcon.colcon_core.package_identification:_identify(src/slam_gmapping/slam_gmapping) by extensions ['colcon_pkg']
[11.772s] Level 1:colcon.colcon_core.package_identification:_identify(src/slam_gmapping/slam_gmapping) by extension 'colcon_pkg'
[11.772s] Level 1:colcon.colcon_core.package_identification:_identify(src/slam_gmapping/slam_gmapping) by extensions ['colcon_meta']
[11.772s] Level 1:colcon.colcon_core.package_identification:_identify(src/slam_gmapping/slam_gmapping) by extension 'colcon_meta'
[11.772s] Level 1:colcon.colcon_core.package_identification:_identify(src/slam_gmapping/slam_gmapping) by extensions ['ros']
[11.772s] Level 1:colcon.colcon_core.package_identification:_identify(src/slam_gmapping/slam_gmapping) by extension 'ros'
[11.780s] DEBUG:colcon.colcon_core.package_identification:Package 'src/slam_gmapping/slam_gmapping' with type 'ros.ament_cmake' and name 'slam_gmapping'
[11.781s] Level 1:colcon.colcon_core.package_identification:_identify(src/slam_toolbox) by extensions ['ignore', 'ignore_ament_install']
[11.782s] Level 1:colcon.colcon_core.package_identification:_identify(src/slam_toolbox) by extension 'ignore'
[11.783s] Level 1:colcon.colcon_core.package_identification:_identify(src/slam_toolbox) by extension 'ignore_ament_install'
[11.783s] Level 1:colcon.colcon_core.package_identification:_identify(src/slam_toolbox) by extensions ['colcon_pkg']
[11.783s] Level 1:colcon.colcon_core.package_identification:_identify(src/slam_toolbox) by extension 'colcon_pkg'
[11.783s] Level 1:colcon.colcon_core.package_identification:_identify(src/slam_toolbox) by extensions ['colcon_meta']
[11.783s] Level 1:colcon.colcon_core.package_identification:_identify(src/slam_toolbox) by extension 'colcon_meta'
[11.783s] Level 1:colcon.colcon_core.package_identification:_identify(src/slam_toolbox) by extensions ['ros']
[11.783s] Level 1:colcon.colcon_core.package_identification:_identify(src/slam_toolbox) by extension 'ros'
[11.788s] DEBUG:colcon.colcon_core.package_identification:Package 'src/slam_toolbox' with type 'ros.ament_cmake' and name 'slam_toolbox'
[11.789s] Level 1:colcon.colcon_core.package_discovery:discover_packages(recursive) using defaults
[11.790s] Level 1:colcon.colcon_core.package_discovery:discover_packages(ignore) discover
[11.791s] Level 1:colcon.colcon_core.package_discovery:discover_packages(ignore) using defaults
[11.791s] Level 1:colcon.colcon_core.package_discovery:discover_packages(path) discover
[11.791s] Level 1:colcon.colcon_core.package_discovery:discover_packages(path) using defaults
[12.829s] Level 1:colcon.colcon_core.package_discovery:discover_packages(prefix_path) check parameters
[12.830s] Level 1:colcon.colcon_core.package_discovery:discover_packages(prefix_path) discover
[13.256s] DEBUG:colcon.colcon_installed_package_information.package_discovery:Found 9 installed packages in /home/qty/ros2_ws/install
