[0.820s] Invoking command in '/home/qty/ros2_ws/src/hoverboard_controller': CMAKE_PREFIX_PATH=/home/qty/ros2_ws/install/slam_toolbox:/home/qty/ros2_ws/install/rplidar_ros:/home/qty/ros2_ws/install/hoverboard_msgs:/home/qty/ros2_ws/install/slam_gmapping:/home/qty/ros2_ws/install/ros2_laser_scan_matcher:/home/qty/ros2_ws/install/openslam_gmapping:/home/qty/ros2_ws/install/csm:/home/qty/ros2_ws/install/articubot_one LD_LIBRARY_PATH=/home/qty/ros2_ws/install/slam_toolbox/lib:/home/qty/ros2_ws/install/rplidar_ros/lib:/home/qty/ros2_ws/install/hoverboard_msgs/lib:/home/qty/ros2_ws/install/openslam_gmapping/lib:/home/qty/ros2_ws/install/csm/lib:/usr/lib/x86_64-linux-gnu/gazebo-11/plugins:/opt/ros/foxy/opt/yaml_cpp_vendor/lib:/opt/ros/foxy/opt/rviz_ogre_vendor/lib:/opt/ros/foxy/lib/x86_64-linux-gnu:/opt/ros/foxy/lib PYTHONPATH=/home/qty/ros2_ws/build/hoverboard_controller/prefix_override:/home/qty/ros2_ws/install/hoverboard_controller/lib/python3.8/site-packages:/home/qty/ros2_ws/install/slam_toolbox/lib/python3.8/site-packages:/home/qty/ros2_ws/install/hoverboard_msgs/lib/python3.8/site-packages:/home/qty/ros2_ws/install/hoverboard_controller/lib/python3.8/site-packages:/opt/ros/foxy/lib/python3.8/site-packages /usr/bin/python3 setup.py egg_info --egg-base ../../build/hoverboard_controller build --build-base /home/qty/ros2_ws/build/hoverboard_controller/build install --record /home/qty/ros2_ws/build/hoverboard_controller/install.log --install-scripts $base/lib/hoverboard_controller --single-version-externally-managed
[0.908s] /home/qty/.local/lib/python3.8/site-packages/setuptools/dist.py:472: SetuptoolsDeprecationWarning: Invalid dash-separated options
[0.908s] !!
[0.908s] 
[0.908s]         ********************************************************************************
[0.908s]         Usage of dash-separated 'script-dir' will not be supported in future
[0.908s]         versions. Please use the underscore name 'script_dir' instead.
[0.908s] 
[0.909s]         By 2024-Sep-26, you need to update your project and remove deprecated calls
[0.909s]         or your builds will no longer be supported.
[0.909s] 
[0.909s]         See https://setuptools.pypa.io/en/latest/userguide/declarative_config.html for details.
[0.909s]         ********************************************************************************
[0.909s] 
[0.909s] !!
[0.909s]   opt = self.warn_dash_deprecation(opt, section)
[0.985s] running egg_info
[0.998s] writing ../../build/hoverboard_controller/hoverboard_controller.egg-info/PKG-INFO
[0.998s] writing dependency_links to ../../build/hoverboard_controller/hoverboard_controller.egg-info/dependency_links.txt
[0.998s] writing entry points to ../../build/hoverboard_controller/hoverboard_controller.egg-info/entry_points.txt
[0.999s] writing requirements to ../../build/hoverboard_controller/hoverboard_controller.egg-info/requires.txt
[0.999s] writing top-level names to ../../build/hoverboard_controller/hoverboard_controller.egg-info/top_level.txt
[1.100s] reading manifest file '../../build/hoverboard_controller/hoverboard_controller.egg-info/SOURCES.txt'
[1.101s] writing manifest file '../../build/hoverboard_controller/hoverboard_controller.egg-info/SOURCES.txt'
[1.101s] running build
[1.101s] running build_py
[1.102s] copying hoverboard_controller/mapping_controller_tester.py -> /home/qty/ros2_ws/build/hoverboard_controller/build/lib/hoverboard_controller
[1.102s] copying hoverboard_controller/save_map_tester.py -> /home/qty/ros2_ws/build/hoverboard_controller/build/lib/hoverboard_controller
[1.102s] copying hoverboard_controller/map_saver.py -> /home/qty/ros2_ws/build/hoverboard_controller/build/lib/hoverboard_controller
[1.102s] copying hoverboard_controller/mapping_controller.py -> /home/qty/ros2_ws/build/hoverboard_controller/build/lib/hoverboard_controller
[1.102s] copying hoverboard_controller/hoverboard_controller.py -> /home/qty/ros2_ws/build/hoverboard_controller/build/lib/hoverboard_controller
[1.102s] copying hoverboard_controller/__init__.py -> /home/qty/ros2_ws/build/hoverboard_controller/build/lib/hoverboard_controller
[1.102s] copying hoverboard_controller/receive_image.py -> /home/qty/ros2_ws/build/hoverboard_controller/build/lib/hoverboard_controller
[1.102s] copying hoverboard_controller/joystick_controller.py -> /home/qty/ros2_ws/build/hoverboard_controller/build/lib/hoverboard_controller
[1.102s] copying hoverboard_controller/heat_map_tester.py -> /home/qty/ros2_ws/build/hoverboard_controller/build/lib/hoverboard_controller
[1.102s] copying hoverboard_controller/old_joystickController.py -> /home/qty/ros2_ws/build/hoverboard_controller/build/lib/hoverboard_controller
[1.102s] copying hoverboard_controller/fire_detector.py -> /home/qty/ros2_ws/build/hoverboard_controller/build/lib/hoverboard_controller
[1.103s] copying hoverboard_controller/navigation_controller.py -> /home/qty/ros2_ws/build/hoverboard_controller/build/lib/hoverboard_controller
[1.103s] copying hoverboard_controller/heat_map_controller.py -> /home/qty/ros2_ws/build/hoverboard_controller/build/lib/hoverboard_controller
[1.103s] copying hoverboard_controller/navigation_controller_test.py -> /home/qty/ros2_ws/build/hoverboard_controller/build/lib/hoverboard_controller
[1.103s] copying hoverboard_controller/trial.py -> /home/qty/ros2_ws/build/hoverboard_controller/build/lib/hoverboard_controller
[1.103s] running install
[1.104s] /home/qty/.local/lib/python3.8/site-packages/setuptools/_distutils/cmd.py:66: SetuptoolsDeprecationWarning: setup.py install is deprecated.
[1.104s] !!
[1.104s] 
[1.104s]         ********************************************************************************
[1.104s]         Please avoid running ``setup.py`` directly.
[1.104s]         Instead, use pypa/build, pypa/installer or other
[1.104s]         standards-based tools.
[1.104s] 
[1.104s]         See https://blog.ganssle.io/articles/2021/10/setup-py-deprecated.html for details.
[1.104s]         ********************************************************************************
[1.104s] 
[1.104s] !!
[1.104s]   self.initialize_options()
[1.108s] running install_lib
[1.121s] copying /home/qty/ros2_ws/build/hoverboard_controller/build/lib/hoverboard_controller/map_saver.py -> /home/qty/ros2_ws/install/hoverboard_controller/lib/python3.8/site-packages/hoverboard_controller
[1.121s] copying /home/qty/ros2_ws/build/hoverboard_controller/build/lib/hoverboard_controller/mapping_controller.py -> /home/qty/ros2_ws/install/hoverboard_controller/lib/python3.8/site-packages/hoverboard_controller
[1.121s] copying /home/qty/ros2_ws/build/hoverboard_controller/build/lib/hoverboard_controller/heat_map_tester.py -> /home/qty/ros2_ws/install/hoverboard_controller/lib/python3.8/site-packages/hoverboard_controller
[1.121s] copying /home/qty/ros2_ws/build/hoverboard_controller/build/lib/hoverboard_controller/fire_detector.py -> /home/qty/ros2_ws/install/hoverboard_controller/lib/python3.8/site-packages/hoverboard_controller
[1.121s] copying /home/qty/ros2_ws/build/hoverboard_controller/build/lib/hoverboard_controller/heat_map_controller.py -> /home/qty/ros2_ws/install/hoverboard_controller/lib/python3.8/site-packages/hoverboard_controller
[1.122s] byte-compiling /home/qty/ros2_ws/install/hoverboard_controller/lib/python3.8/site-packages/hoverboard_controller/map_saver.py to map_saver.cpython-38.pyc
[1.123s] byte-compiling /home/qty/ros2_ws/install/hoverboard_controller/lib/python3.8/site-packages/hoverboard_controller/mapping_controller.py to mapping_controller.cpython-38.pyc
[1.123s] byte-compiling /home/qty/ros2_ws/install/hoverboard_controller/lib/python3.8/site-packages/hoverboard_controller/heat_map_tester.py to heat_map_tester.cpython-38.pyc
[1.124s] byte-compiling /home/qty/ros2_ws/install/hoverboard_controller/lib/python3.8/site-packages/hoverboard_controller/fire_detector.py to fire_detector.cpython-38.pyc
[1.125s] byte-compiling /home/qty/ros2_ws/install/hoverboard_controller/lib/python3.8/site-packages/hoverboard_controller/heat_map_controller.py to heat_map_controller.cpython-38.pyc
[1.126s] running install_data
[1.138s] copying resource/hoverboard_controller -> /home/qty/ros2_ws/install/hoverboard_controller/share/ament_index/resource_index/packages
[1.139s] copying package.xml -> /home/qty/ros2_ws/install/hoverboard_controller/share/hoverboard_controller
[1.139s] copying launch/hoverboard_joystick_control.launch.py -> /home/qty/ros2_ws/install/hoverboard_controller/share/hoverboard_controller
[1.139s] copying launch/rsp.launch.py -> /home/qty/ros2_ws/install/hoverboard_controller/share/hoverboard_controller
[1.139s] copying launch/mapper.launch.py -> /home/qty/ros2_ws/install/hoverboard_controller/share/hoverboard_controller
[1.139s] copying launch/localization.launch.py -> /home/qty/ros2_ws/install/hoverboard_controller/share/hoverboard_controller
[1.139s] running install_egg_info
[1.152s] removing '/home/qty/ros2_ws/install/hoverboard_controller/lib/python3.8/site-packages/hoverboard_controller-0.0.0-py3.8.egg-info' (and everything under it)
[1.152s] Copying ../../build/hoverboard_controller/hoverboard_controller.egg-info to /home/qty/ros2_ws/install/hoverboard_controller/lib/python3.8/site-packages/hoverboard_controller-0.0.0-py3.8.egg-info
[1.153s] running install_scripts
[1.190s] Installing fire_detector script to /home/qty/ros2_ws/install/hoverboard_controller/lib/hoverboard_controller
[1.191s] Installing heat_map_controller script to /home/qty/ros2_ws/install/hoverboard_controller/lib/hoverboard_controller
[1.191s] Installing heat_map_tester script to /home/qty/ros2_ws/install/hoverboard_controller/lib/hoverboard_controller
[1.191s] Installing hoverboard_controller script to /home/qty/ros2_ws/install/hoverboard_controller/lib/hoverboard_controller
[1.191s] Installing joystick_controller script to /home/qty/ros2_ws/install/hoverboard_controller/lib/hoverboard_controller
[1.191s] Installing map_saver script to /home/qty/ros2_ws/install/hoverboard_controller/lib/hoverboard_controller
[1.191s] Installing mapping_controller script to /home/qty/ros2_ws/install/hoverboard_controller/lib/hoverboard_controller
[1.191s] Installing navigation_controller script to /home/qty/ros2_ws/install/hoverboard_controller/lib/hoverboard_controller
[1.192s] Installing navigation_controller_tester script to /home/qty/ros2_ws/install/hoverboard_controller/lib/hoverboard_controller
[1.192s] writing list of installed files to '/home/qty/ros2_ws/build/hoverboard_controller/install.log'
[1.208s] Invoked command in '/home/qty/ros2_ws/src/hoverboard_controller' returned '0': CMAKE_PREFIX_PATH=/home/qty/ros2_ws/install/slam_toolbox:/home/qty/ros2_ws/install/rplidar_ros:/home/qty/ros2_ws/install/hoverboard_msgs:/home/qty/ros2_ws/install/slam_gmapping:/home/qty/ros2_ws/install/ros2_laser_scan_matcher:/home/qty/ros2_ws/install/openslam_gmapping:/home/qty/ros2_ws/install/csm:/home/qty/ros2_ws/install/articubot_one LD_LIBRARY_PATH=/home/qty/ros2_ws/install/slam_toolbox/lib:/home/qty/ros2_ws/install/rplidar_ros/lib:/home/qty/ros2_ws/install/hoverboard_msgs/lib:/home/qty/ros2_ws/install/openslam_gmapping/lib:/home/qty/ros2_ws/install/csm/lib:/usr/lib/x86_64-linux-gnu/gazebo-11/plugins:/opt/ros/foxy/opt/yaml_cpp_vendor/lib:/opt/ros/foxy/opt/rviz_ogre_vendor/lib:/opt/ros/foxy/lib/x86_64-linux-gnu:/opt/ros/foxy/lib PYTHONPATH=/home/qty/ros2_ws/build/hoverboard_controller/prefix_override:/home/qty/ros2_ws/install/hoverboard_controller/lib/python3.8/site-packages:/home/qty/ros2_ws/install/slam_toolbox/lib/python3.8/site-packages:/home/qty/ros2_ws/install/hoverboard_msgs/lib/python3.8/site-packages:/home/qty/ros2_ws/install/hoverboard_controller/lib/python3.8/site-packages:/opt/ros/foxy/lib/python3.8/site-packages /usr/bin/python3 setup.py egg_info --egg-base ../../build/hoverboard_controller build --build-base /home/qty/ros2_ws/build/hoverboard_controller/build install --record /home/qty/ros2_ws/build/hoverboard_controller/install.log --install-scripts $base/lib/hoverboard_controller --single-version-externally-managed
