[1.917s] DEBUG:colcon:Command line arguments: ['/usr/bin/colcon', 'list', '-p', '--base-paths', '/home/qty/ros2_ws']
[1.917s] DEBUG:colcon:Parsed command line arguments: Namespace(allow_overriding=[], base_paths=['/home/qty/ros2_ws'], build_base='build', ignore_user_meta=False, log_base=None, log_level=None, main=<bound method ListVerb.main of <colcon_package_information.verb.list.ListVerb object at 0x7f974e5dd5e0>>, metas=['./colcon.meta'], names_only=False, packages_above=None, packages_above_and_dependencies=None, packages_above_depth=None, packages_end=None, packages_ignore=None, packages_ignore_regex=None, packages_select=None, packages_select_build_failed=False, packages_select_by_dep=None, packages_select_regex=None, packages_select_test_failures=False, packages_skip=None, packages_skip_build_finished=False, packages_skip_by_dep=None, packages_skip_regex=None, packages_skip_test_passed=False, packages_skip_up_to=None, packages_start=None, packages_up_to=None, packages_up_to_regex=None, paths=None, paths_only=True, topological_graph=False, topological_graph_density=False, topological_graph_dot=False, topological_graph_dot_cluster=False, topological_graph_dot_include_skipped=False, topological_graph_legend=False, topological_order=False, verb_extension=<colcon_package_information.verb.list.ListVerb object at 0x7f974e5dd5e0>, verb_name='list', verb_parser=<colcon_defaults.argument_parser.defaults.DefaultArgumentsDecorator object at 0x7f974e303b20>)
[2.018s] Level 1:colcon.colcon_core.package_discovery:discover_packages(colcon_meta) check parameters
[2.018s] Level 1:colcon.colcon_core.package_discovery:discover_packages(recursive) check parameters
[2.018s] Level 1:colcon.colcon_core.package_discovery:discover_packages(ignore) check parameters
[2.018s] Level 1:colcon.colcon_core.package_discovery:discover_packages(path) check parameters
[2.018s] Level 1:colcon.colcon_core.package_discovery:discover_packages(recursive) discover
[2.018s] INFO:colcon.colcon_core.package_discovery:Crawling recursively for packages in '/home/qty/ros2_ws'
[2.018s] Level 1:colcon.colcon_core.package_identification:_identify(/home/qty/ros2_ws) by extensions ['ignore', 'ignore_ament_install']
[2.018s] Level 1:colcon.colcon_core.package_identification:_identify(/home/qty/ros2_ws) by extension 'ignore'
[2.018s] Level 1:colcon.colcon_core.package_identification:_identify(/home/qty/ros2_ws) by extension 'ignore_ament_install'
[2.018s] Level 1:colcon.colcon_core.package_identification:_identify(/home/qty/ros2_ws) by extensions ['colcon_pkg']
[2.018s] Level 1:colcon.colcon_core.package_identification:_identify(/home/qty/ros2_ws) by extension 'colcon_pkg'
[2.019s] Level 1:colcon.colcon_core.package_identification:_identify(/home/qty/ros2_ws) by extensions ['colcon_meta']
[2.019s] Level 1:colcon.colcon_core.package_identification:_identify(/home/qty/ros2_ws) by extension 'colcon_meta'
[2.019s] Level 1:colcon.colcon_core.package_identification:_identify(/home/qty/ros2_ws) by extensions ['ros']
[2.019s] Level 1:colcon.colcon_core.package_identification:_identify(/home/qty/ros2_ws) by extension 'ros'
[2.028s] Level 1:colcon.colcon_core.package_identification:_identify(/home/qty/ros2_ws) by extensions ['cmake', 'python']
[2.028s] Level 1:colcon.colcon_core.package_identification:_identify(/home/qty/ros2_ws) by extension 'cmake'
[2.028s] Level 1:colcon.colcon_core.package_identification:_identify(/home/qty/ros2_ws) by extension 'python'
[2.028s] Level 1:colcon.colcon_core.package_identification:_identify(/home/qty/ros2_ws) by extensions ['python_setup_py']
[2.028s] Level 1:colcon.colcon_core.package_identification:_identify(/home/qty/ros2_ws) by extension 'python_setup_py'
[2.028s] Level 1:colcon.colcon_core.package_identification:_identify(/home/qty/ros2_ws/build) by extensions ['ignore', 'ignore_ament_install']
[2.028s] Level 1:colcon.colcon_core.package_identification:_identify(/home/qty/ros2_ws/build) by extension 'ignore'
[2.029s] Level 1:colcon.colcon_core.package_identification:_identify(/home/qty/ros2_ws/build) ignored
[2.032s] Level 1:colcon.colcon_core.package_identification:_identify(/home/qty/ros2_ws/frontend) by extensions ['ignore', 'ignore_ament_install']
[2.032s] Level 1:colcon.colcon_core.package_identification:_identify(/home/qty/ros2_ws/frontend) by extension 'ignore'
[2.032s] Level 1:colcon.colcon_core.package_identification:_identify(/home/qty/ros2_ws/frontend) by extension 'ignore_ament_install'
[2.033s] Level 1:colcon.colcon_core.package_identification:_identify(/home/qty/ros2_ws/frontend) by extensions ['colcon_pkg']
[2.033s] Level 1:colcon.colcon_core.package_identification:_identify(/home/qty/ros2_ws/frontend) by extension 'colcon_pkg'
[2.033s] Level 1:colcon.colcon_core.package_identification:_identify(/home/qty/ros2_ws/frontend) by extensions ['colcon_meta']
[2.034s] Level 1:colcon.colcon_core.package_identification:_identify(/home/qty/ros2_ws/frontend) by extension 'colcon_meta'
[2.035s] Level 1:colcon.colcon_core.package_identification:_identify(/home/qty/ros2_ws/frontend) by extensions ['ros']
[2.035s] Level 1:colcon.colcon_core.package_identification:_identify(/home/qty/ros2_ws/frontend) by extension 'ros'
[2.035s] Level 1:colcon.colcon_core.package_identification:_identify(/home/qty/ros2_ws/frontend) by extensions ['cmake', 'python']
[2.035s] Level 1:colcon.colcon_core.package_identification:_identify(/home/qty/ros2_ws/frontend) by extension 'cmake'
[2.035s] Level 1:colcon.colcon_core.package_identification:_identify(/home/qty/ros2_ws/frontend) by extension 'python'
[2.035s] Level 1:colcon.colcon_core.package_identification:_identify(/home/qty/ros2_ws/frontend) by extensions ['python_setup_py']
[2.036s] Level 1:colcon.colcon_core.package_identification:_identify(/home/qty/ros2_ws/frontend) by extension 'python_setup_py'
[2.036s] Level 1:colcon.colcon_core.package_identification:_identify(/home/qty/ros2_ws/frontend/maps) by extensions ['ignore', 'ignore_ament_install']
[2.036s] Level 1:colcon.colcon_core.package_identification:_identify(/home/qty/ros2_ws/frontend/maps) by extension 'ignore'
[2.037s] Level 1:colcon.colcon_core.package_identification:_identify(/home/qty/ros2_ws/frontend/maps) by extension 'ignore_ament_install'
[2.037s] Level 1:colcon.colcon_core.package_identification:_identify(/home/qty/ros2_ws/frontend/maps) by extensions ['colcon_pkg']
[2.037s] Level 1:colcon.colcon_core.package_identification:_identify(/home/qty/ros2_ws/frontend/maps) by extension 'colcon_pkg'
[2.037s] Level 1:colcon.colcon_core.package_identification:_identify(/home/qty/ros2_ws/frontend/maps) by extensions ['colcon_meta']
[2.037s] Level 1:colcon.colcon_core.package_identification:_identify(/home/qty/ros2_ws/frontend/maps) by extension 'colcon_meta'
[2.037s] Level 1:colcon.colcon_core.package_identification:_identify(/home/qty/ros2_ws/frontend/maps) by extensions ['ros']
[2.037s] Level 1:colcon.colcon_core.package_identification:_identify(/home/qty/ros2_ws/frontend/maps) by extension 'ros'
[2.037s] Level 1:colcon.colcon_core.package_identification:_identify(/home/qty/ros2_ws/frontend/maps) by extensions ['cmake', 'python']
[2.037s] Level 1:colcon.colcon_core.package_identification:_identify(/home/qty/ros2_ws/frontend/maps) by extension 'cmake'
[2.037s] Level 1:colcon.colcon_core.package_identification:_identify(/home/qty/ros2_ws/frontend/maps) by extension 'python'
[2.037s] Level 1:colcon.colcon_core.package_identification:_identify(/home/qty/ros2_ws/frontend/maps) by extensions ['python_setup_py']
[2.037s] Level 1:colcon.colcon_core.package_identification:_identify(/home/qty/ros2_ws/frontend/maps) by extension 'python_setup_py'
[2.037s] Level 1:colcon.colcon_core.package_identification:_identify(/home/qty/ros2_ws/frontend/serialized_maps) by extensions ['ignore', 'ignore_ament_install']
[2.037s] Level 1:colcon.colcon_core.package_identification:_identify(/home/qty/ros2_ws/frontend/serialized_maps) by extension 'ignore'
[2.037s] Level 1:colcon.colcon_core.package_identification:_identify(/home/qty/ros2_ws/frontend/serialized_maps) by extension 'ignore_ament_install'
[2.037s] Level 1:colcon.colcon_core.package_identification:_identify(/home/qty/ros2_ws/frontend/serialized_maps) by extensions ['colcon_pkg']
[2.037s] Level 1:colcon.colcon_core.package_identification:_identify(/home/qty/ros2_ws/frontend/serialized_maps) by extension 'colcon_pkg'
[2.037s] Level 1:colcon.colcon_core.package_identification:_identify(/home/qty/ros2_ws/frontend/serialized_maps) by extensions ['colcon_meta']
[2.038s] Level 1:colcon.colcon_core.package_identification:_identify(/home/qty/ros2_ws/frontend/serialized_maps) by extension 'colcon_meta'
[2.038s] Level 1:colcon.colcon_core.package_identification:_identify(/home/qty/ros2_ws/frontend/serialized_maps) by extensions ['ros']
[2.038s] Level 1:colcon.colcon_core.package_identification:_identify(/home/qty/ros2_ws/frontend/serialized_maps) by extension 'ros'
[2.038s] Level 1:colcon.colcon_core.package_identification:_identify(/home/qty/ros2_ws/frontend/serialized_maps) by extensions ['cmake', 'python']
[2.038s] Level 1:colcon.colcon_core.package_identification:_identify(/home/qty/ros2_ws/frontend/serialized_maps) by extension 'cmake'
[2.038s] Level 1:colcon.colcon_core.package_identification:_identify(/home/qty/ros2_ws/frontend/serialized_maps) by extension 'python'
[2.038s] Level 1:colcon.colcon_core.package_identification:_identify(/home/qty/ros2_ws/frontend/serialized_maps) by extensions ['python_setup_py']
[2.038s] Level 1:colcon.colcon_core.package_identification:_identify(/home/qty/ros2_ws/frontend/serialized_maps) by extension 'python_setup_py'
[2.038s] Level 1:colcon.colcon_core.package_identification:_identify(/home/qty/ros2_ws/frontend/static) by extensions ['ignore', 'ignore_ament_install']
[2.038s] Level 1:colcon.colcon_core.package_identification:_identify(/home/qty/ros2_ws/frontend/static) by extension 'ignore'
[2.038s] Level 1:colcon.colcon_core.package_identification:_identify(/home/qty/ros2_ws/frontend/static) by extension 'ignore_ament_install'
[2.038s] Level 1:colcon.colcon_core.package_identification:_identify(/home/qty/ros2_ws/frontend/static) by extensions ['colcon_pkg']
[2.038s] Level 1:colcon.colcon_core.package_identification:_identify(/home/qty/ros2_ws/frontend/static) by extension 'colcon_pkg'
[2.038s] Level 1:colcon.colcon_core.package_identification:_identify(/home/qty/ros2_ws/frontend/static) by extensions ['colcon_meta']
[2.038s] Level 1:colcon.colcon_core.package_identification:_identify(/home/qty/ros2_ws/frontend/static) by extension 'colcon_meta'
[2.038s] Level 1:colcon.colcon_core.package_identification:_identify(/home/qty/ros2_ws/frontend/static) by extensions ['ros']
[2.038s] Level 1:colcon.colcon_core.package_identification:_identify(/home/qty/ros2_ws/frontend/static) by extension 'ros'
[2.038s] Level 1:colcon.colcon_core.package_identification:_identify(/home/qty/ros2_ws/frontend/static) by extensions ['cmake', 'python']
[2.038s] Level 1:colcon.colcon_core.package_identification:_identify(/home/qty/ros2_ws/frontend/static) by extension 'cmake'
[2.038s] Level 1:colcon.colcon_core.package_identification:_identify(/home/qty/ros2_ws/frontend/static) by extension 'python'
[2.039s] Level 1:colcon.colcon_core.package_identification:_identify(/home/qty/ros2_ws/frontend/static) by extensions ['python_setup_py']
[2.039s] Level 1:colcon.colcon_core.package_identification:_identify(/home/qty/ros2_ws/frontend/static) by extension 'python_setup_py'
[2.039s] Level 1:colcon.colcon_core.package_identification:_identify(/home/qty/ros2_ws/frontend/templates) by extensions ['ignore', 'ignore_ament_install']
[2.039s] Level 1:colcon.colcon_core.package_identification:_identify(/home/qty/ros2_ws/frontend/templates) by extension 'ignore'
[2.039s] Level 1:colcon.colcon_core.package_identification:_identify(/home/qty/ros2_ws/frontend/templates) by extension 'ignore_ament_install'
[2.039s] Level 1:colcon.colcon_core.package_identification:_identify(/home/qty/ros2_ws/frontend/templates) by extensions ['colcon_pkg']
[2.039s] Level 1:colcon.colcon_core.package_identification:_identify(/home/qty/ros2_ws/frontend/templates) by extension 'colcon_pkg'
[2.039s] Level 1:colcon.colcon_core.package_identification:_identify(/home/qty/ros2_ws/frontend/templates) by extensions ['colcon_meta']
[2.039s] Level 1:colcon.colcon_core.package_identification:_identify(/home/qty/ros2_ws/frontend/templates) by extension 'colcon_meta'
[2.039s] Level 1:colcon.colcon_core.package_identification:_identify(/home/qty/ros2_ws/frontend/templates) by extensions ['ros']
[2.039s] Level 1:colcon.colcon_core.package_identification:_identify(/home/qty/ros2_ws/frontend/templates) by extension 'ros'
[2.039s] Level 1:colcon.colcon_core.package_identification:_identify(/home/qty/ros2_ws/frontend/templates) by extensions ['cmake', 'python']
[2.039s] Level 1:colcon.colcon_core.package_identification:_identify(/home/qty/ros2_ws/frontend/templates) by extension 'cmake'
[2.039s] Level 1:colcon.colcon_core.package_identification:_identify(/home/qty/ros2_ws/frontend/templates) by extension 'python'
[2.039s] Level 1:colcon.colcon_core.package_identification:_identify(/home/qty/ros2_ws/frontend/templates) by extensions ['python_setup_py']
[2.039s] Level 1:colcon.colcon_core.package_identification:_identify(/home/qty/ros2_ws/frontend/templates) by extension 'python_setup_py'
[2.039s] Level 1:colcon.colcon_core.package_identification:_identify(/home/qty/ros2_ws/frontend/trial) by extensions ['ignore', 'ignore_ament_install']
[2.040s] Level 1:colcon.colcon_core.package_identification:_identify(/home/qty/ros2_ws/frontend/trial) by extension 'ignore'
[2.040s] Level 1:colcon.colcon_core.package_identification:_identify(/home/qty/ros2_ws/frontend/trial) by extension 'ignore_ament_install'
[2.040s] Level 1:colcon.colcon_core.package_identification:_identify(/home/qty/ros2_ws/frontend/trial) by extensions ['colcon_pkg']
[2.040s] Level 1:colcon.colcon_core.package_identification:_identify(/home/qty/ros2_ws/frontend/trial) by extension 'colcon_pkg'
[2.040s] Level 1:colcon.colcon_core.package_identification:_identify(/home/qty/ros2_ws/frontend/trial) by extensions ['colcon_meta']
[2.040s] Level 1:colcon.colcon_core.package_identification:_identify(/home/qty/ros2_ws/frontend/trial) by extension 'colcon_meta'
[2.040s] Level 1:colcon.colcon_core.package_identification:_identify(/home/qty/ros2_ws/frontend/trial) by extensions ['ros']
[2.040s] Level 1:colcon.colcon_core.package_identification:_identify(/home/qty/ros2_ws/frontend/trial) by extension 'ros'
[2.040s] Level 1:colcon.colcon_core.package_identification:_identify(/home/qty/ros2_ws/frontend/trial) by extensions ['cmake', 'python']
[2.040s] Level 1:colcon.colcon_core.package_identification:_identify(/home/qty/ros2_ws/frontend/trial) by extension 'cmake'
[2.040s] Level 1:colcon.colcon_core.package_identification:_identify(/home/qty/ros2_ws/frontend/trial) by extension 'python'
[2.040s] Level 1:colcon.colcon_core.package_identification:_identify(/home/qty/ros2_ws/frontend/trial) by extensions ['python_setup_py']
[2.040s] Level 1:colcon.colcon_core.package_identification:_identify(/home/qty/ros2_ws/frontend/trial) by extension 'python_setup_py'
[2.040s] Level 1:colcon.colcon_core.package_identification:_identify(/home/qty/ros2_ws/install) by extensions ['ignore', 'ignore_ament_install']
[2.040s] Level 1:colcon.colcon_core.package_identification:_identify(/home/qty/ros2_ws/install) by extension 'ignore'
[2.040s] Level 1:colcon.colcon_core.package_identification:_identify(/home/qty/ros2_ws/install) ignored
[2.040s] Level 1:colcon.colcon_core.package_identification:_identify(/home/qty/ros2_ws/log) by extensions ['ignore', 'ignore_ament_install']
[2.041s] Level 1:colcon.colcon_core.package_identification:_identify(/home/qty/ros2_ws/log) by extension 'ignore'
[2.041s] Level 1:colcon.colcon_core.package_identification:_identify(/home/qty/ros2_ws/log) ignored
[2.041s] Level 1:colcon.colcon_core.package_identification:_identify(/home/qty/ros2_ws/src) by extensions ['ignore', 'ignore_ament_install']
[2.041s] Level 1:colcon.colcon_core.package_identification:_identify(/home/qty/ros2_ws/src) by extension 'ignore'
[2.041s] Level 1:colcon.colcon_core.package_identification:_identify(/home/qty/ros2_ws/src) by extension 'ignore_ament_install'
[2.041s] Level 1:colcon.colcon_core.package_identification:_identify(/home/qty/ros2_ws/src) by extensions ['colcon_pkg']
[2.041s] Level 1:colcon.colcon_core.package_identification:_identify(/home/qty/ros2_ws/src) by extension 'colcon_pkg'
[2.041s] Level 1:colcon.colcon_core.package_identification:_identify(/home/qty/ros2_ws/src) by extensions ['colcon_meta']
[2.041s] Level 1:colcon.colcon_core.package_identification:_identify(/home/qty/ros2_ws/src) by extension 'colcon_meta'
[2.041s] Level 1:colcon.colcon_core.package_identification:_identify(/home/qty/ros2_ws/src) by extensions ['ros']
[2.041s] Level 1:colcon.colcon_core.package_identification:_identify(/home/qty/ros2_ws/src) by extension 'ros'
[2.041s] Level 1:colcon.colcon_core.package_identification:_identify(/home/qty/ros2_ws/src) by extensions ['cmake', 'python']
[2.041s] Level 1:colcon.colcon_core.package_identification:_identify(/home/qty/ros2_ws/src) by extension 'cmake'
[2.041s] Level 1:colcon.colcon_core.package_identification:_identify(/home/qty/ros2_ws/src) by extension 'python'
[2.041s] Level 1:colcon.colcon_core.package_identification:_identify(/home/qty/ros2_ws/src) by extensions ['python_setup_py']
[2.041s] Level 1:colcon.colcon_core.package_identification:_identify(/home/qty/ros2_ws/src) by extension 'python_setup_py'
[2.041s] Level 1:colcon.colcon_core.package_identification:_identify(/home/qty/ros2_ws/src/articubot_one) by extensions ['ignore', 'ignore_ament_install']
[2.042s] Level 1:colcon.colcon_core.package_identification:_identify(/home/qty/ros2_ws/src/articubot_one) by extension 'ignore'
[2.042s] Level 1:colcon.colcon_core.package_identification:_identify(/home/qty/ros2_ws/src/articubot_one) by extension 'ignore_ament_install'
[2.042s] Level 1:colcon.colcon_core.package_identification:_identify(/home/qty/ros2_ws/src/articubot_one) by extensions ['colcon_pkg']
[2.042s] Level 1:colcon.colcon_core.package_identification:_identify(/home/qty/ros2_ws/src/articubot_one) by extension 'colcon_pkg'
[2.042s] Level 1:colcon.colcon_core.package_identification:_identify(/home/qty/ros2_ws/src/articubot_one) by extensions ['colcon_meta']
[2.042s] Level 1:colcon.colcon_core.package_identification:_identify(/home/qty/ros2_ws/src/articubot_one) by extension 'colcon_meta'
[2.042s] Level 1:colcon.colcon_core.package_identification:_identify(/home/qty/ros2_ws/src/articubot_one) by extensions ['ros']
[2.042s] Level 1:colcon.colcon_core.package_identification:_identify(/home/qty/ros2_ws/src/articubot_one) by extension 'ros'
[2.044s] DEBUG:colcon.colcon_core.package_identification:Package '/home/qty/ros2_ws/src/articubot_one' with type 'ros.ament_cmake' and name 'articubot_one'
[2.044s] Level 1:colcon.colcon_core.package_identification:_identify(/home/qty/ros2_ws/src/csm) by extensions ['ignore', 'ignore_ament_install']
[2.044s] Level 1:colcon.colcon_core.package_identification:_identify(/home/qty/ros2_ws/src/csm) by extension 'ignore'
[2.044s] Level 1:colcon.colcon_core.package_identification:_identify(/home/qty/ros2_ws/src/csm) by extension 'ignore_ament_install'
[2.044s] Level 1:colcon.colcon_core.package_identification:_identify(/home/qty/ros2_ws/src/csm) by extensions ['colcon_pkg']
[2.044s] Level 1:colcon.colcon_core.package_identification:_identify(/home/qty/ros2_ws/src/csm) by extension 'colcon_pkg'
[2.044s] Level 1:colcon.colcon_core.package_identification:_identify(/home/qty/ros2_ws/src/csm) by extensions ['colcon_meta']
[2.044s] Level 1:colcon.colcon_core.package_identification:_identify(/home/qty/ros2_ws/src/csm) by extension 'colcon_meta'
[2.045s] Level 1:colcon.colcon_core.package_identification:_identify(/home/qty/ros2_ws/src/csm) by extensions ['ros']
[2.045s] Level 1:colcon.colcon_core.package_identification:_identify(/home/qty/ros2_ws/src/csm) by extension 'ros'
[2.045s] DEBUG:colcon.colcon_core.package_identification:Package '/home/qty/ros2_ws/src/csm' with type 'ros.ament_cmake' and name 'csm'
[2.045s] Level 1:colcon.colcon_core.package_identification:_identify(/home/qty/ros2_ws/src/hoverboard_controller) by extensions ['ignore', 'ignore_ament_install']
[2.045s] Level 1:colcon.colcon_core.package_identification:_identify(/home/qty/ros2_ws/src/hoverboard_controller) by extension 'ignore'
[2.045s] Level 1:colcon.colcon_core.package_identification:_identify(/home/qty/ros2_ws/src/hoverboard_controller) by extension 'ignore_ament_install'
[2.045s] Level 1:colcon.colcon_core.package_identification:_identify(/home/qty/ros2_ws/src/hoverboard_controller) by extensions ['colcon_pkg']
[2.045s] Level 1:colcon.colcon_core.package_identification:_identify(/home/qty/ros2_ws/src/hoverboard_controller) by extension 'colcon_pkg'
[2.046s] Level 1:colcon.colcon_core.package_identification:_identify(/home/qty/ros2_ws/src/hoverboard_controller) by extensions ['colcon_meta']
[2.046s] Level 1:colcon.colcon_core.package_identification:_identify(/home/qty/ros2_ws/src/hoverboard_controller) by extension 'colcon_meta'
[2.046s] Level 1:colcon.colcon_core.package_identification:_identify(/home/qty/ros2_ws/src/hoverboard_controller) by extensions ['ros']
[2.046s] Level 1:colcon.colcon_core.package_identification:_identify(/home/qty/ros2_ws/src/hoverboard_controller) by extension 'ros'
[2.046s] DEBUG:colcon.colcon_core.package_identification:Package '/home/qty/ros2_ws/src/hoverboard_controller' with type 'ros.ament_python' and name 'hoverboard_controller'
[2.046s] Level 1:colcon.colcon_core.package_identification:_identify(/home/qty/ros2_ws/src/hoverboard_msgs) by extensions ['ignore', 'ignore_ament_install']
[2.046s] Level 1:colcon.colcon_core.package_identification:_identify(/home/qty/ros2_ws/src/hoverboard_msgs) by extension 'ignore'
[2.046s] Level 1:colcon.colcon_core.package_identification:_identify(/home/qty/ros2_ws/src/hoverboard_msgs) by extension 'ignore_ament_install'
[2.046s] Level 1:colcon.colcon_core.package_identification:_identify(/home/qty/ros2_ws/src/hoverboard_msgs) by extensions ['colcon_pkg']
[2.046s] Level 1:colcon.colcon_core.package_identification:_identify(/home/qty/ros2_ws/src/hoverboard_msgs) by extension 'colcon_pkg'
[2.047s] Level 1:colcon.colcon_core.package_identification:_identify(/home/qty/ros2_ws/src/hoverboard_msgs) by extensions ['colcon_meta']
[2.047s] Level 1:colcon.colcon_core.package_identification:_identify(/home/qty/ros2_ws/src/hoverboard_msgs) by extension 'colcon_meta'
[2.047s] Level 1:colcon.colcon_core.package_identification:_identify(/home/qty/ros2_ws/src/hoverboard_msgs) by extensions ['ros']
[2.047s] Level 1:colcon.colcon_core.package_identification:_identify(/home/qty/ros2_ws/src/hoverboard_msgs) by extension 'ros'
[2.047s] DEBUG:colcon.colcon_core.package_identification:Package '/home/qty/ros2_ws/src/hoverboard_msgs' with type 'ros.ament_cmake' and name 'hoverboard_msgs'
[2.047s] Level 1:colcon.colcon_core.package_identification:_identify(/home/qty/ros2_ws/src/ros2_laser_scan_matcher) by extensions ['ignore', 'ignore_ament_install']
[2.047s] Level 1:colcon.colcon_core.package_identification:_identify(/home/qty/ros2_ws/src/ros2_laser_scan_matcher) by extension 'ignore'
[2.047s] Level 1:colcon.colcon_core.package_identification:_identify(/home/qty/ros2_ws/src/ros2_laser_scan_matcher) by extension 'ignore_ament_install'
[2.048s] Level 1:colcon.colcon_core.package_identification:_identify(/home/qty/ros2_ws/src/ros2_laser_scan_matcher) by extensions ['colcon_pkg']
[2.048s] Level 1:colcon.colcon_core.package_identification:_identify(/home/qty/ros2_ws/src/ros2_laser_scan_matcher) by extension 'colcon_pkg'
[2.048s] Level 1:colcon.colcon_core.package_identification:_identify(/home/qty/ros2_ws/src/ros2_laser_scan_matcher) by extensions ['colcon_meta']
[2.048s] Level 1:colcon.colcon_core.package_identification:_identify(/home/qty/ros2_ws/src/ros2_laser_scan_matcher) by extension 'colcon_meta'
[2.048s] Level 1:colcon.colcon_core.package_identification:_identify(/home/qty/ros2_ws/src/ros2_laser_scan_matcher) by extensions ['ros']
[2.048s] Level 1:colcon.colcon_core.package_identification:_identify(/home/qty/ros2_ws/src/ros2_laser_scan_matcher) by extension 'ros'
[2.048s] DEBUG:colcon.colcon_core.package_identification:Package '/home/qty/ros2_ws/src/ros2_laser_scan_matcher' with type 'ros.ament_cmake' and name 'ros2_laser_scan_matcher'
[2.049s] Level 1:colcon.colcon_core.package_identification:_identify(/home/qty/ros2_ws/src/rplidar_ros2) by extensions ['ignore', 'ignore_ament_install']
[2.049s] Level 1:colcon.colcon_core.package_identification:_identify(/home/qty/ros2_ws/src/rplidar_ros2) by extension 'ignore'
[2.049s] Level 1:colcon.colcon_core.package_identification:_identify(/home/qty/ros2_ws/src/rplidar_ros2) by extension 'ignore_ament_install'
[2.049s] Level 1:colcon.colcon_core.package_identification:_identify(/home/qty/ros2_ws/src/rplidar_ros2) by extensions ['colcon_pkg']
[2.049s] Level 1:colcon.colcon_core.package_identification:_identify(/home/qty/ros2_ws/src/rplidar_ros2) by extension 'colcon_pkg'
[2.049s] Level 1:colcon.colcon_core.package_identification:_identify(/home/qty/ros2_ws/src/rplidar_ros2) by extensions ['colcon_meta']
[2.049s] Level 1:colcon.colcon_core.package_identification:_identify(/home/qty/ros2_ws/src/rplidar_ros2) by extension 'colcon_meta'
[2.049s] Level 1:colcon.colcon_core.package_identification:_identify(/home/qty/ros2_ws/src/rplidar_ros2) by extensions ['ros']
[2.049s] Level 1:colcon.colcon_core.package_identification:_identify(/home/qty/ros2_ws/src/rplidar_ros2) by extension 'ros'
[2.049s] DEBUG:colcon.colcon_core.package_identification:Package '/home/qty/ros2_ws/src/rplidar_ros2' with type 'ros.ament_cmake' and name 'rplidar_ros'
[2.049s] Level 1:colcon.colcon_core.package_identification:_identify(/home/qty/ros2_ws/src/slam_toolbox) by extensions ['ignore', 'ignore_ament_install']
[2.050s] Level 1:colcon.colcon_core.package_identification:_identify(/home/qty/ros2_ws/src/slam_toolbox) by extension 'ignore'
[2.050s] Level 1:colcon.colcon_core.package_identification:_identify(/home/qty/ros2_ws/src/slam_toolbox) by extension 'ignore_ament_install'
[2.050s] Level 1:colcon.colcon_core.package_identification:_identify(/home/qty/ros2_ws/src/slam_toolbox) by extensions ['colcon_pkg']
[2.050s] Level 1:colcon.colcon_core.package_identification:_identify(/home/qty/ros2_ws/src/slam_toolbox) by extension 'colcon_pkg'
[2.050s] Level 1:colcon.colcon_core.package_identification:_identify(/home/qty/ros2_ws/src/slam_toolbox) by extensions ['colcon_meta']
[2.050s] Level 1:colcon.colcon_core.package_identification:_identify(/home/qty/ros2_ws/src/slam_toolbox) by extension 'colcon_meta'
[2.050s] Level 1:colcon.colcon_core.package_identification:_identify(/home/qty/ros2_ws/src/slam_toolbox) by extensions ['ros']
[2.050s] Level 1:colcon.colcon_core.package_identification:_identify(/home/qty/ros2_ws/src/slam_toolbox) by extension 'ros'
[2.051s] DEBUG:colcon.colcon_core.package_identification:Package '/home/qty/ros2_ws/src/slam_toolbox' with type 'ros.ament_cmake' and name 'slam_toolbox'
[2.051s] Level 1:colcon.colcon_core.package_discovery:discover_packages(recursive) using defaults
