[0.448s] Invoking command in '/home/qty/ros2_ws/build/slam_toolbox': CMAKE_PREFIX_PATH=${CMAKE_PREFIX_PATH}:/home/qty/ros2_ws/install/hoverBoardController:/home/qty/ros2_ws/install/examples_rclpy_minimal_subscriber:/home/qty/ros2_ws/install/examples_rclpy_minimal_service:/home/qty/ros2_ws/install/examples_rclpy_minimal_publisher:/home/qty/ros2_ws/install/examples_rclpy_minimal_client:/home/qty/ros2_ws/install/examples_rclpy_minimal_action_server:/home/qty/ros2_ws/install/examples_rclpy_minimal_action_client:/home/qty/ros2_ws/install/examples_rclpy_executors:/opt/ros/foxy /usr/bin/cmake /home/qty/ros2_ws/src/slam_toolbox -DAMENT_CMAKE_SYMLINK_INSTALL=1 -DCMAKE_INSTALL_PREFIX=/home/qty/ros2_ws/install/slam_toolbox
[0.514s] -- The C compiler identification is GNU 9.4.0
[0.566s] -- The CXX compiler identification is GNU 9.4.0
[0.572s] -- Check for working C compiler: /usr/bin/cc
[0.621s] -- Check for working C compiler: /usr/bin/cc -- works
[0.623s] -- Detecting C compiler ABI info
[0.670s] -- Detecting C compiler ABI info - done
[0.679s] -- Detecting C compile features
[0.679s] -- Detecting C compile features - done
[0.681s] -- Check for working CXX compiler: /usr/bin/c++
[0.737s] -- Check for working CXX compiler: /usr/bin/c++ -- works
[0.737s] -- Detecting CXX compiler ABI info
[0.798s] -- Detecting CXX compiler ABI info - done
[0.808s] -- Detecting CXX compile features
[0.808s] -- Detecting CXX compile features - done
[0.811s] -- Found ament_cmake: 0.9.12 (/opt/ros/foxy/share/ament_cmake/cmake)
[0.842s] -- Found PythonInterp: /usr/bin/python3 (found suitable version "3.8.10", minimum required is "3") 
[0.843s] -- Using PYTHON_EXECUTABLE: /usr/bin/python3
[0.994s] -- Override CMake install command with custom implementation using symlinks instead of copying resources
[1.026s] -- Found message_filters: 3.2.7 (/opt/ros/foxy/share/message_filters/cmake)
[1.030s] -- Found nav_msgs: 2.0.5 (/opt/ros/foxy/share/nav_msgs/cmake)
[1.060s] -- Using all available rosidl_typesupport_c: rosidl_typesupport_fastrtps_c;rosidl_typesupport_introspection_c
[1.069s] -- Found rosidl_adapter: 1.3.1 (/opt/ros/foxy/share/rosidl_adapter/cmake)
[1.134s] -- Found OpenSSL: /usr/lib/x86_64-linux-gnu/libcrypto.so (found version "1.1.1f")  
[1.156s] -- Found FastRTPS: /opt/ros/foxy/include  
[1.225s] -- Using all available rosidl_typesupport_cpp: rosidl_typesupport_fastrtps_cpp;rosidl_typesupport_introspection_cpp
[1.371s] -- Found rclcpp: 2.4.3 (/opt/ros/foxy/share/rclcpp/cmake)
[1.416s] -- Found rmw_implementation_cmake: 1.0.4 (/opt/ros/foxy/share/rmw_implementation_cmake/cmake)
[1.420s] -- Using RMW implementation 'rmw_fastrtps_cpp' as default
[1.420s] -- Looking for pthread.h
[1.473s] -- Looking for pthread.h - found
[1.473s] -- Performing Test CMAKE_HAVE_LIBC_PTHREAD
[1.524s] -- Performing Test CMAKE_HAVE_LIBC_PTHREAD - Failed
[1.524s] -- Looking for pthread_create in pthreads
[1.565s] -- Looking for pthread_create in pthreads - not found
[1.566s] -- Looking for pthread_create in pthread
[1.614s] -- Looking for pthread_create in pthread - found
[1.616s] -- Found Threads: TRUE  
[1.732s] -- Found sensor_msgs: 2.0.5 (/opt/ros/foxy/share/sensor_msgs/cmake)
[1.790s] -- Found tf2: 0.13.14 (/opt/ros/foxy/share/tf2/cmake)
[1.803s] -- Found tf2_ros: 0.13.14 (/opt/ros/foxy/share/tf2_ros/cmake)
[2.071s] -- Found visualization_msgs: 2.0.5 (/opt/ros/foxy/share/visualization_msgs/cmake)
[2.129s] -- Found pluginlib: 2.5.4 (/opt/ros/foxy/share/pluginlib/cmake)
[2.146s] -- Found tf2_geometry_msgs: 0.13.14 (/opt/ros/foxy/share/tf2_geometry_msgs/cmake)
[2.154s] -- Found eigen3_cmake_module: 0.1.1 (/opt/ros/foxy/share/eigen3_cmake_module/cmake)
[2.156s] -- Found Eigen3: TRUE (found version "3.3.7") 
[2.177s] -- Found tf2_sensor_msgs: 0.13.14 (/opt/ros/foxy/share/tf2_sensor_msgs/cmake)
[2.191s] -- Found std_srvs: 2.0.5 (/opt/ros/foxy/share/std_srvs/cmake)
[2.200s] -- Found rosidl_default_generators: 1.0.1 (/opt/ros/foxy/share/rosidl_default_generators/cmake)
[2.213s] -- Found rviz_common: 8.2.8 (/opt/ros/foxy/share/rviz_common/cmake)
[2.232s] -- Setting OGRE_DIR to: '/opt/ros/foxy/share/rviz_ogre_vendor/cmake/../../../opt/rviz_ogre_vendor/lib/OGRE/cmake'
[2.234s] -- Found OGRE
[2.234s] --   static     : OFF
[2.234s] --   components : HLMS;MeshLodGenerator;Overlay;Paging;Property;RTShaderSystem;Terrain;Volume
[2.234s] --   plugins    : Plugin_BSPSceneManager;Plugin_OctreeSceneManager;Plugin_PCZSceneManager;Plugin_ParticleFX;RenderSystem_GL;RenderSystem_GL3Plus;Codec_STBI
[2.234s] --   media      : /opt/ros/foxy/opt/rviz_ogre_vendor/share/OGRE/Media
[2.234s] -- OGRE_LIBRARIES: OgreHLMS;OgreMeshLodGenerator;OgreOverlay;OgrePaging;OgreProperty;OgreRTShaderSystem;OgreTerrain;OgreVolume;OgreMain
[2.234s] -- OGRE_LIBRARY_DIRS: /opt/ros/foxy/opt/rviz_ogre_vendor/lib
[2.234s] -- OGRE_PLUGINS: Plugin_BSPSceneManager;Plugin_OctreeSceneManager;Plugin_PCZSceneManager;Plugin_ParticleFX;RenderSystem_GL;RenderSystem_GL3Plus;Codec_STBI
[2.235s] -- OGRE_PLUGIN_DIR: /opt/ros/foxy/opt/rviz_ogre_vendor/lib/OGRE
[2.235s] -- rviz_ogre_vendor::OgreOverlay for IMPORTED_LOCATION_RELEASE: /opt/ros/foxy/opt/rviz_ogre_vendor/lib/libOgreOverlay.so
[2.235s] -- rviz_ogre_vendor::OgreOverlay for IMPORTED_LOCATION_DEBUG: /opt/ros/foxy/opt/rviz_ogre_vendor/lib/libOgreOverlay.so
[2.235s] -- rviz_ogre_vendor::OgreMain for IMPORTED_LOCATION_RELEASE: /opt/ros/foxy/opt/rviz_ogre_vendor/lib/libOgreMain.so
[2.235s] -- rviz_ogre_vendor::OgreMain for IMPORTED_LOCATION_DEBUG: /opt/ros/foxy/opt/rviz_ogre_vendor/lib/libOgreMain.so
[2.251s] -- Found ZLIB: /usr/lib/x86_64-linux-gnu/libz.so (found version "1.2.11") 
[2.256s] -- Found OpenGL: /usr/lib/x86_64-linux-gnu/libOpenGL.so   
[2.321s] -- Found X11: /usr/include   
[2.321s] -- Looking for XOpenDisplay in /usr/lib/x86_64-linux-gnu/libX11.so;/usr/lib/x86_64-linux-gnu/libXext.so
[2.372s] -- Looking for XOpenDisplay in /usr/lib/x86_64-linux-gnu/libX11.so;/usr/lib/x86_64-linux-gnu/libXext.so - found
[2.372s] -- Looking for gethostbyname
[2.418s] -- Looking for gethostbyname - found
[2.418s] -- Looking for connect
[2.465s] -- Looking for connect - found
[2.465s] -- Looking for remove
[2.510s] -- Looking for remove - found
[2.510s] -- Looking for shmat
[2.556s] -- Looking for shmat - found
[2.556s] -- Looking for IceConnectionNumber in ICE
[2.602s] -- Looking for IceConnectionNumber in ICE - found
[2.604s] -- rviz_ogre_vendor::RenderSystem_GL for IMPORTED_LOCATION_RELEASE: _render_system_gl_static_library_abs-NOTFOUND
[2.604s] -- rviz_ogre_vendor::RenderSystem_GL for IMPORTED_LOCATION_DEBUG: _render_system_gl_static_library_abs-NOTFOUND
[2.609s] -- library: libassimp.so.5
[2.658s] -- library: /usr/lib/x86_64-linux-gnu/libcurl.so
[2.722s] -- Setting yaml-cpp_DIR to: '/opt/ros/foxy/share/yaml_cpp_vendor/cmake/../../../opt/yaml_cpp_vendor/lib/cmake/yaml-cpp'
[2.726s] -- Found rviz_default_plugins: 8.2.8 (/opt/ros/foxy/share/rviz_default_plugins/cmake)
[3.009s] -- Found Boost: /usr/lib/x86_64-linux-gnu/cmake/Boost-1.71.0/BoostConfig.cmake (found version "1.71.0") found components: system serialization filesystem thread 
[3.017s] -- Found PkgConfig: /usr/bin/pkg-config (found version "0.29.1") 
[3.024s] -- Found CHOLMOD: /usr/include/suitesparse  
[3.025s] -- Found CSparse: /usr/include/suitesparse  
[3.057s] -- Looking for sgemm_
[3.102s] -- Looking for sgemm_ - not found
[3.129s] -- Looking for sgemm_
[3.178s] -- Looking for sgemm_ - found
[3.178s] -- Found BLAS: /usr/lib/x86_64-linux-gnu/libblas.so  
[3.180s] -- Looking for cheev_
[3.229s] -- Looking for cheev_ - not found
[3.236s] -- Looking for cheev_
[3.293s] -- Looking for cheev_ - found
[3.294s] -- A library with LAPACK API found.
[3.297s] -- Found installed version of Eigen: /usr/lib/cmake/eigen3
[3.297s] -- Found required Ceres dependency: Eigen version 3.3.7 in /usr/include/eigen3
[3.301s] -- Found required Ceres dependency: glog
[3.303s] -- Found installed version of gflags: /usr/lib/x86_64-linux-gnu/cmake/gflags
[3.303s] -- Detected gflags version: 2.2.2
[3.304s] -- Found required Ceres dependency: gflags
[3.305s] -- Found Ceres version: 1.14.0 installed in: /usr with components: [EigenSparse, SparseLinearAlgebraLibrary, LAPACK, SuiteSparse, CXSparse, SchurSpecializations, OpenMP, Multithreading]
[3.339s] -- Found PythonInterp: /usr/bin/python3 (found version "3.8.10") 
[3.563s] -- Found ament_cmake_ros: 0.9.2 (/opt/ros/foxy/share/ament_cmake_ros/cmake)
[3.810s] -- Using all available rosidl_typesupport_c: rosidl_typesupport_fastrtps_c;rosidl_typesupport_introspection_c
[3.929s] -- Using all available rosidl_typesupport_cpp: rosidl_typesupport_fastrtps_cpp;rosidl_typesupport_introspection_cpp
[3.960s] -- Found PythonInterp: /usr/bin/python3 (found suitable version "3.8.10", minimum required is "3.5") 
[3.962s] -- Found python_cmake_module: 0.8.1 (/opt/ros/foxy/share/python_cmake_module/cmake)
[3.989s] -- Found PythonLibs: /usr/lib/x86_64-linux-gnu/libpython3.8.so (found suitable version "3.8.10", minimum required is "3.5") 
[3.989s] -- Using PYTHON_EXECUTABLE: /usr/bin/python3
[3.989s] -- Using PYTHON_INCLUDE_DIRS: /usr/include/python3.8
[3.989s] -- Using PYTHON_LIBRARIES: /usr/lib/x86_64-linux-gnu/libpython3.8.so
[4.013s] -- Found PythonExtra: .so  
[4.122s] CMake Error at CMakeLists.txt:124 (rosidl_get_typesupport_target):
[4.122s]   Unknown CMake command "rosidl_get_typesupport_target".
[4.122s] 
[4.122s] 
[4.124s] -- Configuring incomplete, errors occurred!
[4.124s] See also "/home/qty/ros2_ws/build/slam_toolbox/CMakeFiles/CMakeOutput.log".
[4.124s] See also "/home/qty/ros2_ws/build/slam_toolbox/CMakeFiles/CMakeError.log".
[4.135s] Invoked command in '/home/qty/ros2_ws/build/slam_toolbox' returned '1': CMAKE_PREFIX_PATH=${CMAKE_PREFIX_PATH}:/home/qty/ros2_ws/install/hoverBoardController:/home/qty/ros2_ws/install/examples_rclpy_minimal_subscriber:/home/qty/ros2_ws/install/examples_rclpy_minimal_service:/home/qty/ros2_ws/install/examples_rclpy_minimal_publisher:/home/qty/ros2_ws/install/examples_rclpy_minimal_client:/home/qty/ros2_ws/install/examples_rclpy_minimal_action_server:/home/qty/ros2_ws/install/examples_rclpy_minimal_action_client:/home/qty/ros2_ws/install/examples_rclpy_executors:/opt/ros/foxy /usr/bin/cmake /home/qty/ros2_ws/src/slam_toolbox -DAMENT_CMAKE_SYMLINK_INSTALL=1 -DCMAKE_INSTALL_PREFIX=/home/qty/ros2_ws/install/slam_toolbox
