[0.271s] Invoking command in '/home/qty/ros2_ws/build/articubot_one': CMAKE_PREFIX_PATH=${CMAKE_PREFIX_PATH}:/home/qty/ros2_ws/install/hoverboard_controller:/home/qty/ros2_ws/install/hoverBoardController:/home/qty/ros2_ws/install/examples_rclpy_minimal_subscriber:/home/qty/ros2_ws/install/examples_rclpy_minimal_service:/home/qty/ros2_ws/install/examples_rclpy_minimal_publisher:/home/qty/ros2_ws/install/examples_rclpy_minimal_client:/home/qty/ros2_ws/install/examples_rclpy_minimal_action_server:/home/qty/ros2_ws/install/examples_rclpy_minimal_action_client:/home/qty/ros2_ws/install/examples_rclpy_executors:/opt/ros/foxy /usr/bin/cmake /home/qty/ros2_ws/src/articubot_one -DAMENT_CMAKE_SYMLINK_INSTALL=1 -DCMAKE_INSTALL_PREFIX=/home/qty/ros2_ws/install/articubot_one
[0.282s] -- Found ament_cmake: 0.9.12 (/opt/ros/foxy/share/ament_cmake/cmake)
[0.310s] -- Using PYTHON_EXECUTABLE: /usr/bin/python3
[0.472s] -- Override CMake install command with custom implementation using symlinks instead of copying resources
[0.482s] -- Found ament_lint_auto: 0.9.8 (/opt/ros/foxy/share/ament_lint_auto/cmake)
[0.546s] -- Added test 'copyright' to check source files copyright and LICENSE
[0.548s] -- Added test 'flake8' to check Python code syntax and style conventions
[0.549s] -- Added test 'lint_cmake' to check CMake code style
[0.549s] -- Added test 'pep257' to check Python code against some of the style conventions in PEP 257
[0.550s] -- Added test 'xmllint' to check XML markup files
[0.552s] -- Configuring done
[0.555s] -- Generating done
[0.556s] -- Build files have been written to: /home/qty/ros2_ws/build/articubot_one
[0.561s] Invoked command in '/home/qty/ros2_ws/build/articubot_one' returned '0': CMAKE_PREFIX_PATH=${CMAKE_PREFIX_PATH}:/home/qty/ros2_ws/install/hoverboard_controller:/home/qty/ros2_ws/install/hoverBoardController:/home/qty/ros2_ws/install/examples_rclpy_minimal_subscriber:/home/qty/ros2_ws/install/examples_rclpy_minimal_service:/home/qty/ros2_ws/install/examples_rclpy_minimal_publisher:/home/qty/ros2_ws/install/examples_rclpy_minimal_client:/home/qty/ros2_ws/install/examples_rclpy_minimal_action_server:/home/qty/ros2_ws/install/examples_rclpy_minimal_action_client:/home/qty/ros2_ws/install/examples_rclpy_executors:/opt/ros/foxy /usr/bin/cmake /home/qty/ros2_ws/src/articubot_one -DAMENT_CMAKE_SYMLINK_INSTALL=1 -DCMAKE_INSTALL_PREFIX=/home/qty/ros2_ws/install/articubot_one
[0.561s] Invoking command in '/home/qty/ros2_ws/build/articubot_one': CMAKE_PREFIX_PATH=${CMAKE_PREFIX_PATH}:/home/qty/ros2_ws/install/hoverboard_controller:/home/qty/ros2_ws/install/hoverBoardController:/home/qty/ros2_ws/install/examples_rclpy_minimal_subscriber:/home/qty/ros2_ws/install/examples_rclpy_minimal_service:/home/qty/ros2_ws/install/examples_rclpy_minimal_publisher:/home/qty/ros2_ws/install/examples_rclpy_minimal_client:/home/qty/ros2_ws/install/examples_rclpy_minimal_action_server:/home/qty/ros2_ws/install/examples_rclpy_minimal_action_client:/home/qty/ros2_ws/install/examples_rclpy_executors:/opt/ros/foxy /usr/bin/cmake --build /home/qty/ros2_ws/build/articubot_one -- -j16 -l16
[0.591s] Invoked command in '/home/qty/ros2_ws/build/articubot_one' returned '0': CMAKE_PREFIX_PATH=${CMAKE_PREFIX_PATH}:/home/qty/ros2_ws/install/hoverboard_controller:/home/qty/ros2_ws/install/hoverBoardController:/home/qty/ros2_ws/install/examples_rclpy_minimal_subscriber:/home/qty/ros2_ws/install/examples_rclpy_minimal_service:/home/qty/ros2_ws/install/examples_rclpy_minimal_publisher:/home/qty/ros2_ws/install/examples_rclpy_minimal_client:/home/qty/ros2_ws/install/examples_rclpy_minimal_action_server:/home/qty/ros2_ws/install/examples_rclpy_minimal_action_client:/home/qty/ros2_ws/install/examples_rclpy_executors:/opt/ros/foxy /usr/bin/cmake --build /home/qty/ros2_ws/build/articubot_one -- -j16 -l16
[0.615s] Invoking command in '/home/qty/ros2_ws/build/articubot_one': CMAKE_PREFIX_PATH=${CMAKE_PREFIX_PATH}:/home/qty/ros2_ws/install/hoverboard_controller:/home/qty/ros2_ws/install/hoverBoardController:/home/qty/ros2_ws/install/examples_rclpy_minimal_subscriber:/home/qty/ros2_ws/install/examples_rclpy_minimal_service:/home/qty/ros2_ws/install/examples_rclpy_minimal_publisher:/home/qty/ros2_ws/install/examples_rclpy_minimal_client:/home/qty/ros2_ws/install/examples_rclpy_minimal_action_server:/home/qty/ros2_ws/install/examples_rclpy_minimal_action_client:/home/qty/ros2_ws/install/examples_rclpy_executors:/opt/ros/foxy /usr/bin/cmake --install /home/qty/ros2_ws/build/articubot_one
[0.621s] -- Install configuration: ""
[0.621s] -- Execute custom install script
[0.622s] -- Up-to-date symlink: /home/qty/ros2_ws/install/articubot_one/share/articubot_one/config/ball_tracker_params_robot.yaml
[0.622s] -- Up-to-date symlink: /home/qty/ros2_ws/install/articubot_one/share/articubot_one/config/ball_tracker_params_sim.yaml
[0.622s] -- Up-to-date symlink: /home/qty/ros2_ws/install/articubot_one/share/articubot_one/config/drive_bot.rviz
[0.622s] -- Up-to-date symlink: /home/qty/ros2_ws/install/articubot_one/share/articubot_one/config/empty.yaml
[0.622s] -- Up-to-date symlink: /home/qty/ros2_ws/install/articubot_one/share/articubot_one/config/gaz_ros2_ctl_use_sim.yaml
[0.623s] -- Up-to-date symlink: /home/qty/ros2_ws/install/articubot_one/share/articubot_one/config/gazebo_params.yaml
[0.623s] -- Up-to-date symlink: /home/qty/ros2_ws/install/articubot_one/share/articubot_one/config/joystick.yaml
[0.623s] -- Up-to-date symlink: /home/qty/ros2_ws/install/articubot_one/share/articubot_one/config/main.rviz
[0.623s] -- Up-to-date symlink: /home/qty/ros2_ws/install/articubot_one/share/articubot_one/config/map.rviz
[0.623s] -- Up-to-date symlink: /home/qty/ros2_ws/install/articubot_one/share/articubot_one/config/mapper_params_online_async.yaml
[0.623s] -- Up-to-date symlink: /home/qty/ros2_ws/install/articubot_one/share/articubot_one/config/my_controllers.yaml
[0.623s] -- Up-to-date symlink: /home/qty/ros2_ws/install/articubot_one/share/articubot_one/config/nav2_params.yaml
[0.623s] -- Up-to-date symlink: /home/qty/ros2_ws/install/articubot_one/share/articubot_one/config/twist_mux.yaml
[0.624s] -- Up-to-date symlink: /home/qty/ros2_ws/install/articubot_one/share/articubot_one/config/view_bot.rviz
[0.624s] -- Up-to-date symlink: /home/qty/ros2_ws/install/articubot_one/share/articubot_one/description/camera.xacro
[0.624s] -- Up-to-date symlink: /home/qty/ros2_ws/install/articubot_one/share/articubot_one/description/depth_camera.xacro
[0.624s] -- Up-to-date symlink: /home/qty/ros2_ws/install/articubot_one/share/articubot_one/description/face.xacro
[0.624s] -- Up-to-date symlink: /home/qty/ros2_ws/install/articubot_one/share/articubot_one/description/gazebo_control.xacro
[0.625s] -- Up-to-date symlink: /home/qty/ros2_ws/install/articubot_one/share/articubot_one/description/inertial_macros.xacro
[0.625s] -- Up-to-date symlink: /home/qty/ros2_ws/install/articubot_one/share/articubot_one/description/lidar.xacro
[0.625s] -- Up-to-date symlink: /home/qty/ros2_ws/install/articubot_one/share/articubot_one/description/robot.urdf.xacro
[0.625s] -- Up-to-date symlink: /home/qty/ros2_ws/install/articubot_one/share/articubot_one/description/robot_core.xacro
[0.625s] -- Up-to-date symlink: /home/qty/ros2_ws/install/articubot_one/share/articubot_one/description/ros2_control.xacro
[0.625s] -- Up-to-date symlink: /home/qty/ros2_ws/install/articubot_one/share/articubot_one/launch/ball_tracker.launch.py
[0.625s] -- Up-to-date symlink: /home/qty/ros2_ws/install/articubot_one/share/articubot_one/launch/camera.launch.py
[0.625s] -- Up-to-date symlink: /home/qty/ros2_ws/install/articubot_one/share/articubot_one/launch/joystick.launch.py
[0.626s] -- Up-to-date symlink: /home/qty/ros2_ws/install/articubot_one/share/articubot_one/launch/launch_robot.launch.py
[0.626s] -- Up-to-date symlink: /home/qty/ros2_ws/install/articubot_one/share/articubot_one/launch/launch_sim.launch.py
[0.626s] -- Up-to-date symlink: /home/qty/ros2_ws/install/articubot_one/share/articubot_one/launch/localization_launch.py
[0.626s] -- Up-to-date symlink: /home/qty/ros2_ws/install/articubot_one/share/articubot_one/launch/navigation_launch.py
[0.626s] -- Up-to-date symlink: /home/qty/ros2_ws/install/articubot_one/share/articubot_one/launch/online_async_launch.py
[0.626s] -- Up-to-date symlink: /home/qty/ros2_ws/install/articubot_one/share/articubot_one/launch/rplidar.launch.py
[0.626s] -- Up-to-date symlink: /home/qty/ros2_ws/install/articubot_one/share/articubot_one/launch/rsp.launch.py
[0.626s] -- Up-to-date symlink: /home/qty/ros2_ws/install/articubot_one/share/articubot_one/worlds/empty.world
[0.627s] -- Up-to-date symlink: /home/qty/ros2_ws/install/articubot_one/share/articubot_one/worlds/obstacles.world
[0.627s] -- Up-to-date symlink: /home/qty/ros2_ws/install/articubot_one/share/ament_index/resource_index/package_run_dependencies/articubot_one
[0.627s] -- Up-to-date symlink: /home/qty/ros2_ws/install/articubot_one/share/ament_index/resource_index/parent_prefix_path/articubot_one
[0.627s] -- Up-to-date symlink: /home/qty/ros2_ws/install/articubot_one/share/articubot_one/environment/ament_prefix_path.sh
[0.628s] -- Up-to-date symlink: /home/qty/ros2_ws/install/articubot_one/share/articubot_one/environment/ament_prefix_path.dsv
[0.628s] -- Up-to-date symlink: /home/qty/ros2_ws/install/articubot_one/share/articubot_one/environment/path.sh
[0.628s] -- Up-to-date symlink: /home/qty/ros2_ws/install/articubot_one/share/articubot_one/environment/path.dsv
[0.628s] -- Up-to-date symlink: /home/qty/ros2_ws/install/articubot_one/share/articubot_one/local_setup.bash
[0.628s] -- Up-to-date symlink: /home/qty/ros2_ws/install/articubot_one/share/articubot_one/local_setup.sh
[0.629s] -- Up-to-date symlink: /home/qty/ros2_ws/install/articubot_one/share/articubot_one/local_setup.zsh
[0.629s] -- Up-to-date symlink: /home/qty/ros2_ws/install/articubot_one/share/articubot_one/local_setup.dsv
[0.629s] -- Symlinking: /home/qty/ros2_ws/install/articubot_one/share/articubot_one/package.dsv
[0.636s] -- Up-to-date symlink: /home/qty/ros2_ws/install/articubot_one/share/ament_index/resource_index/packages/articubot_one
[0.636s] -- Up-to-date symlink: /home/qty/ros2_ws/install/articubot_one/share/articubot_one/cmake/articubot_oneConfig.cmake
[0.636s] -- Up-to-date symlink: /home/qty/ros2_ws/install/articubot_one/share/articubot_one/cmake/articubot_oneConfig-version.cmake
[0.636s] -- Up-to-date symlink: /home/qty/ros2_ws/install/articubot_one/share/articubot_one/package.xml
[0.638s] Invoked command in '/home/qty/ros2_ws/build/articubot_one' returned '0': CMAKE_PREFIX_PATH=${CMAKE_PREFIX_PATH}:/home/qty/ros2_ws/install/hoverboard_controller:/home/qty/ros2_ws/install/hoverBoardController:/home/qty/ros2_ws/install/examples_rclpy_minimal_subscriber:/home/qty/ros2_ws/install/examples_rclpy_minimal_service:/home/qty/ros2_ws/install/examples_rclpy_minimal_publisher:/home/qty/ros2_ws/install/examples_rclpy_minimal_client:/home/qty/ros2_ws/install/examples_rclpy_minimal_action_server:/home/qty/ros2_ws/install/examples_rclpy_minimal_action_client:/home/qty/ros2_ws/install/examples_rclpy_executors:/opt/ros/foxy /usr/bin/cmake --install /home/qty/ros2_ws/build/articubot_one
