[0.538s] Invoking command in '/home/qty/ros2_ws/build/hoverboard_msgs': CMAKE_PREFIX_PATH=${CMAKE_PREFIX_PATH}:/home/qty/ros2_ws/install/hoverboard_controller:/home/qty/ros2_ws/install/hoverBoardController:/home/qty/ros2_ws/install/examples_rclpy_minimal_subscriber:/home/qty/ros2_ws/install/examples_rclpy_minimal_service:/home/qty/ros2_ws/install/examples_rclpy_minimal_publisher:/home/qty/ros2_ws/install/examples_rclpy_minimal_client:/home/qty/ros2_ws/install/examples_rclpy_minimal_action_server:/home/qty/ros2_ws/install/examples_rclpy_minimal_action_client:/home/qty/ros2_ws/install/examples_rclpy_executors:/opt/ros/foxy /usr/bin/cmake --build /home/qty/ros2_ws/build/hoverboard_msgs -- -j16 -l16
[0.558s] -- Found ament_cmake: 0.9.12 (/opt/ros/foxy/share/ament_cmake/cmake)
[0.593s] -- Found PythonInterp: /usr/bin/python3 (found suitable version "3.8.10", minimum required is "3") 
[0.593s] -- Using PYTHON_EXECUTABLE: /usr/bin/python3
[0.762s] -- Override CMake install command with custom implementation using symlinks instead of copying resources
[0.768s] -- Found ament_lint_auto: 0.9.8 (/opt/ros/foxy/share/ament_lint_auto/cmake)
[0.825s] -- Found rosidl_default_generators: 1.0.1 (/opt/ros/foxy/share/rosidl_default_generators/cmake)
[0.829s] -- Using all available rosidl_typesupport_c: rosidl_typesupport_fastrtps_c;rosidl_typesupport_introspection_c
[0.831s] -- Found rosidl_adapter: 1.3.1 (/opt/ros/foxy/share/rosidl_adapter/cmake)
[0.929s] -- Using all available rosidl_typesupport_cpp: rosidl_typesupport_fastrtps_cpp;rosidl_typesupport_introspection_cpp
[0.947s] -- Found builtin_interfaces: 1.0.0 (/opt/ros/foxy/share/builtin_interfaces/cmake)
[0.982s] -- Found PythonInterp: /usr/bin/python3 (found version "3.8.10") 
[1.044s] -- Found ament_cmake_ros: 0.9.2 (/opt/ros/foxy/share/ament_cmake_ros/cmake)
[1.118s] -- Using all available rosidl_typesupport_c: rosidl_typesupport_fastrtps_c;rosidl_typesupport_introspection_c
[1.125s] -- Using all available rosidl_typesupport_cpp: rosidl_typesupport_fastrtps_cpp;rosidl_typesupport_introspection_cpp
[1.151s] -- Found PythonInterp: /usr/bin/python3 (found suitable version "3.8.10", minimum required is "3.5") 
[1.151s] -- Found python_cmake_module: 0.8.1 (/opt/ros/foxy/share/python_cmake_module/cmake)
[1.178s] -- Using PYTHON_EXECUTABLE: /usr/bin/python3
[1.178s] -- Using PYTHON_INCLUDE_DIRS: /usr/include/python3.8
[1.178s] -- Using PYTHON_LIBRARIES: /usr/lib/x86_64-linux-gnu/libpython3.8.so
[1.198s] -- Added test 'copyright' to check source files copyright and LICENSE
[1.199s] -- Added test 'lint_cmake' to check CMake code style
[1.200s] -- Added test 'xmllint' to check XML markup files
[1.205s] -- Configuring done
[1.225s] -- Generating done
[1.228s] -- Build files have been written to: /home/qty/ros2_ws/build/hoverboard_msgs
[1.247s] [  2%] [34m[1mGenerating C code for ROS interfaces[0m
[1.254s] [  5%] [34m[1mGenerating C++ code for ROS interfaces[0m
[1.460s] [  5%] Built target hoverboard_msgs__cpp
[1.467s] [35m[1mScanning dependencies of target hoverboard_msgs__rosidl_generator_c[0m
[1.467s] [ 10%] [34m[1mGenerating C++ introspection for ROS interfaces[0m
[1.468s] [ 10%] [34m[1mGenerating C++ type support dispatch for ROS interfaces[0m
[1.468s] [ 12%] [34m[1mGenerating C++ type support for eProsima Fast-RTPS[0m
[1.476s] [ 17%] [32mBuilding C object CMakeFiles/hoverboard_msgs__rosidl_generator_c.dir/rosidl_generator_c/hoverboard_msgs/msg/detail/sonar_msg__functions.c.o[0m
[1.477s] [ 17%] [32mBuilding C object CMakeFiles/hoverboard_msgs__rosidl_generator_c.dir/rosidl_generator_c/hoverboard_msgs/msg/detail/temp_msg__functions.c.o[0m
[1.511s] [ 20%] [32m[1mLinking C shared library libhoverboard_msgs__rosidl_generator_c.so[0m
[1.537s] [ 20%] Built target hoverboard_msgs__rosidl_generator_c
[1.543s] [ 25%] [34m[1mGenerating C type support dispatch for ROS interfaces[0m
[1.544s] [ 25%] [34m[1mGenerating C introspection for ROS interfaces[0m
[1.652s] [35m[1mScanning dependencies of target hoverboard_msgs__rosidl_typesupport_cpp[0m
[1.662s] [ 30%] [32mBuilding CXX object CMakeFiles/hoverboard_msgs__rosidl_typesupport_cpp.dir/rosidl_typesupport_cpp/hoverboard_msgs/msg/temp_msg__type_support.cpp.o[0m
[1.663s] [ 30%] [32mBuilding CXX object CMakeFiles/hoverboard_msgs__rosidl_typesupport_cpp.dir/rosidl_typesupport_cpp/hoverboard_msgs/msg/sonar_msg__type_support.cpp.o[0m
[1.665s] [35m[1mScanning dependencies of target hoverboard_msgs__rosidl_typesupport_introspection_cpp[0m
[1.672s] [ 33%] [32mBuilding CXX object CMakeFiles/hoverboard_msgs__rosidl_typesupport_introspection_cpp.dir/rosidl_typesupport_introspection_cpp/hoverboard_msgs/msg/detail/temp_msg__type_support.cpp.o[0m
[1.674s] [ 35%] [32mBuilding CXX object CMakeFiles/hoverboard_msgs__rosidl_typesupport_introspection_cpp.dir/rosidl_typesupport_introspection_cpp/hoverboard_msgs/msg/detail/sonar_msg__type_support.cpp.o[0m
[1.679s] [35m[1mScanning dependencies of target hoverboard_msgs__rosidl_typesupport_fastrtps_cpp[0m
[1.693s] [ 41%] [32mBuilding CXX object CMakeFiles/hoverboard_msgs__rosidl_typesupport_fastrtps_cpp.dir/rosidl_typesupport_fastrtps_cpp/hoverboard_msgs/msg/detail/dds_fastrtps/temp_msg__type_support.cpp.o[0m
[1.693s] [ 41%] [32mBuilding CXX object CMakeFiles/hoverboard_msgs__rosidl_typesupport_fastrtps_cpp.dir/rosidl_typesupport_fastrtps_cpp/hoverboard_msgs/msg/detail/dds_fastrtps/sonar_msg__type_support.cpp.o[0m
[1.733s] [35m[1mScanning dependencies of target hoverboard_msgs__rosidl_typesupport_c[0m
[1.743s] [ 43%] [32mBuilding CXX object CMakeFiles/hoverboard_msgs__rosidl_typesupport_c.dir/rosidl_typesupport_c/hoverboard_msgs/msg/temp_msg__type_support.cpp.o[0m
[1.745s] [ 46%] [32mBuilding CXX object CMakeFiles/hoverboard_msgs__rosidl_typesupport_c.dir/rosidl_typesupport_c/hoverboard_msgs/msg/sonar_msg__type_support.cpp.o[0m
[1.758s] [35m[1mScanning dependencies of target hoverboard_msgs__rosidl_typesupport_introspection_c[0m
[1.767s] [ 48%] [32mBuilding C object CMakeFiles/hoverboard_msgs__rosidl_typesupport_introspection_c.dir/rosidl_typesupport_introspection_c/hoverboard_msgs/msg/detail/sonar_msg__type_support.c.o[0m
[1.770s] [ 51%] [32mBuilding C object CMakeFiles/hoverboard_msgs__rosidl_typesupport_introspection_c.dir/rosidl_typesupport_introspection_c/hoverboard_msgs/msg/detail/temp_msg__type_support.c.o[0m
[1.772s] [ 53%] [32m[1mLinking CXX shared library libhoverboard_msgs__rosidl_typesupport_c.so[0m
[1.796s] [ 56%] [32m[1mLinking C shared library libhoverboard_msgs__rosidl_typesupport_introspection_c.so[0m
[1.805s] [ 56%] Built target hoverboard_msgs__rosidl_typesupport_c
[1.819s] [ 56%] Built target hoverboard_msgs__rosidl_typesupport_introspection_c
[1.894s] [ 58%] [32m[1mLinking CXX shared library libhoverboard_msgs__rosidl_typesupport_introspection_cpp.so[0m
[1.934s] [ 58%] Built target hoverboard_msgs__rosidl_typesupport_introspection_cpp
[1.975s] [ 61%] [32m[1mLinking CXX shared library libhoverboard_msgs__rosidl_typesupport_cpp.so[0m
[2.007s] [ 61%] Built target hoverboard_msgs__rosidl_typesupport_cpp
[2.104s] [ 64%] [32m[1mLinking CXX shared library libhoverboard_msgs__rosidl_typesupport_fastrtps_cpp.so[0m
[2.159s] [ 64%] Built target hoverboard_msgs__rosidl_typesupport_fastrtps_cpp
[2.165s] [ 66%] [34m[1mGenerating C type support for eProsima Fast-RTPS[0m
[2.352s] [35m[1mScanning dependencies of target hoverboard_msgs__rosidl_typesupport_fastrtps_c[0m
[2.361s] [ 71%] [32mBuilding CXX object CMakeFiles/hoverboard_msgs__rosidl_typesupport_fastrtps_c.dir/rosidl_typesupport_fastrtps_c/hoverboard_msgs/msg/detail/sonar_msg__type_support_c.cpp.o[0m
[2.362s] [ 69%] [32mBuilding CXX object CMakeFiles/hoverboard_msgs__rosidl_typesupport_fastrtps_c.dir/rosidl_typesupport_fastrtps_c/hoverboard_msgs/msg/detail/temp_msg__type_support_c.cpp.o[0m
[2.604s] [ 74%] [32m[1mLinking CXX shared library libhoverboard_msgs__rosidl_typesupport_fastrtps_c.so[0m
[2.656s] [ 74%] Built target hoverboard_msgs__rosidl_typesupport_fastrtps_c
[2.669s] [ 74%] Built target hoverboard_msgs
[2.682s] [ 76%] [34m[1mGenerating Python code for ROS interfaces[0m
[3.016s] [ 76%] Built target hoverboard_msgs__py
[3.024s] [35m[1mScanning dependencies of target hoverboard_msgs__python[0m
[3.033s] [ 79%] [32mBuilding C object CMakeFiles/hoverboard_msgs__python.dir/rosidl_generator_py/hoverboard_msgs/msg/_sonar_msg_s.c.o[0m
[3.033s] [ 82%] [32mBuilding C object CMakeFiles/hoverboard_msgs__python.dir/rosidl_generator_py/hoverboard_msgs/msg/_temp_msg_s.c.o[0m
[3.091s] [ 84%] [32m[1mLinking C shared library rosidl_generator_py/hoverboard_msgs/libhoverboard_msgs__python.so[0m
[3.115s] [ 84%] Built target hoverboard_msgs__python
[3.123s] [35m[1mScanning dependencies of target hoverboard_msgs__rosidl_typesupport_fastrtps_c__pyext[0m
[3.123s] [35m[1mScanning dependencies of target hoverboard_msgs__rosidl_typesupport_introspection_c__pyext[0m
[3.123s] [35m[1mScanning dependencies of target hoverboard_msgs__rosidl_typesupport_c__pyext[0m
[3.133s] [ 92%] [32mBuilding C object CMakeFiles/hoverboard_msgs__rosidl_typesupport_fastrtps_c__pyext.dir/rosidl_generator_py/hoverboard_msgs/_hoverboard_msgs_s.ep.rosidl_typesupport_fastrtps_c.c.o[0m
[3.133s] [ 92%] [32mBuilding C object CMakeFiles/hoverboard_msgs__rosidl_typesupport_c__pyext.dir/rosidl_generator_py/hoverboard_msgs/_hoverboard_msgs_s.ep.rosidl_typesupport_c.c.o[0m
[3.133s] [ 92%] [32mBuilding C object CMakeFiles/hoverboard_msgs__rosidl_typesupport_introspection_c__pyext.dir/rosidl_generator_py/hoverboard_msgs/_hoverboard_msgs_s.ep.rosidl_typesupport_introspection_c.c.o[0m
[3.188s] [100%] [32m[1mLinking C shared library rosidl_generator_py/hoverboard_msgs/hoverboard_msgs_s__rosidl_typesupport_introspection_c.cpython-38-x86_64-linux-gnu.so[0m
[3.188s] [100%] [32m[1mLinking C shared library rosidl_generator_py/hoverboard_msgs/hoverboard_msgs_s__rosidl_typesupport_c.cpython-38-x86_64-linux-gnu.so[0m
[3.188s] [100%] [32m[1mLinking CXX shared library rosidl_generator_py/hoverboard_msgs/hoverboard_msgs_s__rosidl_typesupport_fastrtps_c.cpython-38-x86_64-linux-gnu.so[0m
[3.211s] [100%] Built target hoverboard_msgs__rosidl_typesupport_c__pyext
[3.211s] [100%] Built target hoverboard_msgs__rosidl_typesupport_introspection_c__pyext
[3.230s] [100%] Built target hoverboard_msgs__rosidl_typesupport_fastrtps_c__pyext
[3.237s] Invoked command in '/home/qty/ros2_ws/build/hoverboard_msgs' returned '0': CMAKE_PREFIX_PATH=${CMAKE_PREFIX_PATH}:/home/qty/ros2_ws/install/hoverboard_controller:/home/qty/ros2_ws/install/hoverBoardController:/home/qty/ros2_ws/install/examples_rclpy_minimal_subscriber:/home/qty/ros2_ws/install/examples_rclpy_minimal_service:/home/qty/ros2_ws/install/examples_rclpy_minimal_publisher:/home/qty/ros2_ws/install/examples_rclpy_minimal_client:/home/qty/ros2_ws/install/examples_rclpy_minimal_action_server:/home/qty/ros2_ws/install/examples_rclpy_minimal_action_client:/home/qty/ros2_ws/install/examples_rclpy_executors:/opt/ros/foxy /usr/bin/cmake --build /home/qty/ros2_ws/build/hoverboard_msgs -- -j16 -l16
[3.278s] Invoking command in '/home/qty/ros2_ws/build/hoverboard_msgs': CMAKE_PREFIX_PATH=${CMAKE_PREFIX_PATH}:/home/qty/ros2_ws/install/hoverboard_controller:/home/qty/ros2_ws/install/hoverBoardController:/home/qty/ros2_ws/install/examples_rclpy_minimal_subscriber:/home/qty/ros2_ws/install/examples_rclpy_minimal_service:/home/qty/ros2_ws/install/examples_rclpy_minimal_publisher:/home/qty/ros2_ws/install/examples_rclpy_minimal_client:/home/qty/ros2_ws/install/examples_rclpy_minimal_action_server:/home/qty/ros2_ws/install/examples_rclpy_minimal_action_client:/home/qty/ros2_ws/install/examples_rclpy_executors:/opt/ros/foxy /usr/bin/cmake --install /home/qty/ros2_ws/build/hoverboard_msgs
[3.284s] -- Install configuration: ""
[3.284s] -- Execute custom install script
[3.284s] -- Up-to-date symlink: /home/qty/ros2_ws/install/hoverboard_msgs/share/ament_index/resource_index/rosidl_interfaces/hoverboard_msgs
[3.285s] -- Up-to-date symlink: /home/qty/ros2_ws/install/hoverboard_msgs/include/hoverboard_msgs/msg/detail/sonar_msg__functions.h
[3.285s] -- Up-to-date symlink: /home/qty/ros2_ws/install/hoverboard_msgs/include/hoverboard_msgs/msg/detail/sonar_msg__struct.h
[3.285s] -- Up-to-date symlink: /home/qty/ros2_ws/install/hoverboard_msgs/include/hoverboard_msgs/msg/detail/sonar_msg__type_support.h
[3.285s] -- Up-to-date symlink: /home/qty/ros2_ws/install/hoverboard_msgs/include/hoverboard_msgs/msg/detail/temp_msg__functions.h
[3.285s] -- Up-to-date symlink: /home/qty/ros2_ws/install/hoverboard_msgs/include/hoverboard_msgs/msg/detail/temp_msg__struct.h
[3.285s] -- Up-to-date symlink: /home/qty/ros2_ws/install/hoverboard_msgs/include/hoverboard_msgs/msg/detail/temp_msg__type_support.h
[3.285s] -- Up-to-date symlink: /home/qty/ros2_ws/install/hoverboard_msgs/include/hoverboard_msgs/msg/rosidl_generator_c__visibility_control.h
[3.286s] -- Up-to-date symlink: /home/qty/ros2_ws/install/hoverboard_msgs/include/hoverboard_msgs/msg/sonar_msg.h
[3.286s] -- Up-to-date symlink: /home/qty/ros2_ws/install/hoverboard_msgs/include/hoverboard_msgs/msg/temp_msg.h
[3.286s] -- Up-to-date symlink: /home/qty/ros2_ws/install/hoverboard_msgs/share/hoverboard_msgs/environment/library_path.sh
[3.286s] -- Up-to-date symlink: /home/qty/ros2_ws/install/hoverboard_msgs/share/hoverboard_msgs/environment/library_path.dsv
[3.286s] -- Up-to-date symlink: /home/qty/ros2_ws/install/hoverboard_msgs/include/hoverboard_msgs/msg/detail/sonar_msg__rosidl_typesupport_fastrtps_c.h
[3.287s] -- Up-to-date symlink: /home/qty/ros2_ws/install/hoverboard_msgs/include/hoverboard_msgs/msg/detail/temp_msg__rosidl_typesupport_fastrtps_c.h
[3.287s] -- Up-to-date symlink: /home/qty/ros2_ws/install/hoverboard_msgs/include/hoverboard_msgs/msg/rosidl_typesupport_fastrtps_c__visibility_control.h
[3.287s] -- Up-to-date symlink: /home/qty/ros2_ws/install/hoverboard_msgs/lib/libhoverboard_msgs__rosidl_typesupport_fastrtps_c.so
[3.287s] -- Up-to-date symlink: /home/qty/ros2_ws/install/hoverboard_msgs/include/hoverboard_msgs/msg/detail/sonar_msg__rosidl_typesupport_fastrtps_cpp.hpp
[3.288s] -- Up-to-date symlink: /home/qty/ros2_ws/install/hoverboard_msgs/include/hoverboard_msgs/msg/detail/temp_msg__rosidl_typesupport_fastrtps_cpp.hpp
[3.288s] -- Up-to-date symlink: /home/qty/ros2_ws/install/hoverboard_msgs/include/hoverboard_msgs/msg/rosidl_typesupport_fastrtps_cpp__visibility_control.h
[3.288s] -- Up-to-date symlink: /home/qty/ros2_ws/install/hoverboard_msgs/lib/libhoverboard_msgs__rosidl_typesupport_fastrtps_cpp.so
[3.288s] -- Up-to-date symlink: /home/qty/ros2_ws/install/hoverboard_msgs/include/hoverboard_msgs/msg/detail/sonar_msg__rosidl_typesupport_introspection_c.h
[3.288s] -- Up-to-date symlink: /home/qty/ros2_ws/install/hoverboard_msgs/include/hoverboard_msgs/msg/detail/temp_msg__rosidl_typesupport_introspection_c.h
[3.289s] -- Up-to-date symlink: /home/qty/ros2_ws/install/hoverboard_msgs/include/hoverboard_msgs/msg/rosidl_typesupport_introspection_c__visibility_control.h
[3.289s] -- Up-to-date symlink: /home/qty/ros2_ws/install/hoverboard_msgs/include/hoverboard_msgs/msg/detail/sonar_msg__builder.hpp
[3.289s] -- Up-to-date symlink: /home/qty/ros2_ws/install/hoverboard_msgs/include/hoverboard_msgs/msg/detail/sonar_msg__struct.hpp
[3.289s] -- Up-to-date symlink: /home/qty/ros2_ws/install/hoverboard_msgs/include/hoverboard_msgs/msg/detail/sonar_msg__traits.hpp
[3.289s] -- Up-to-date symlink: /home/qty/ros2_ws/install/hoverboard_msgs/include/hoverboard_msgs/msg/detail/sonar_msg__type_support.hpp
[3.289s] -- Up-to-date symlink: /home/qty/ros2_ws/install/hoverboard_msgs/include/hoverboard_msgs/msg/detail/temp_msg__builder.hpp
[3.290s] -- Up-to-date symlink: /home/qty/ros2_ws/install/hoverboard_msgs/include/hoverboard_msgs/msg/detail/temp_msg__struct.hpp
[3.290s] -- Up-to-date symlink: /home/qty/ros2_ws/install/hoverboard_msgs/include/hoverboard_msgs/msg/detail/temp_msg__traits.hpp
[3.290s] -- Up-to-date symlink: /home/qty/ros2_ws/install/hoverboard_msgs/include/hoverboard_msgs/msg/detail/temp_msg__type_support.hpp
[3.290s] -- Up-to-date symlink: /home/qty/ros2_ws/install/hoverboard_msgs/include/hoverboard_msgs/msg/rosidl_generator_cpp__visibility_control.hpp
[3.290s] -- Up-to-date symlink: /home/qty/ros2_ws/install/hoverboard_msgs/include/hoverboard_msgs/msg/sonar_msg.hpp
[3.290s] -- Up-to-date symlink: /home/qty/ros2_ws/install/hoverboard_msgs/include/hoverboard_msgs/msg/temp_msg.hpp
[3.290s] -- Up-to-date symlink: /home/qty/ros2_ws/install/hoverboard_msgs/include/hoverboard_msgs/msg/detail/sonar_msg__rosidl_typesupport_introspection_cpp.hpp
[3.290s] -- Up-to-date symlink: /home/qty/ros2_ws/install/hoverboard_msgs/include/hoverboard_msgs/msg/detail/temp_msg__rosidl_typesupport_introspection_cpp.hpp
[3.291s] -- Up-to-date symlink: /home/qty/ros2_ws/install/hoverboard_msgs/share/hoverboard_msgs/environment/pythonpath.sh
[3.291s] -- Up-to-date symlink: /home/qty/ros2_ws/install/hoverboard_msgs/share/hoverboard_msgs/environment/pythonpath.dsv
[3.291s] -- Up-to-date symlink: /home/qty/ros2_ws/install/hoverboard_msgs/lib/python3.8/site-packages/hoverboard_msgs/__init__.py
[3.291s] -- Up-to-date symlink: /home/qty/ros2_ws/install/hoverboard_msgs/lib/python3.8/site-packages/hoverboard_msgs/msg/__init__.py
[3.291s] -- Up-to-date symlink: /home/qty/ros2_ws/install/hoverboard_msgs/lib/python3.8/site-packages/hoverboard_msgs/msg/_sonar_msg.py
[3.291s] -- Up-to-date symlink: /home/qty/ros2_ws/install/hoverboard_msgs/lib/python3.8/site-packages/hoverboard_msgs/msg/_temp_msg.py
[3.292s] -- Up-to-date symlink: /home/qty/ros2_ws/install/hoverboard_msgs/lib/python3.8/site-packages/hoverboard_msgs/hoverboard_msgs_s__rosidl_typesupport_fastrtps_c.cpython-38-x86_64-linux-gnu.so
[3.292s] -- Up-to-date symlink: /home/qty/ros2_ws/install/hoverboard_msgs/lib/python3.8/site-packages/hoverboard_msgs/hoverboard_msgs_s__rosidl_typesupport_introspection_c.cpython-38-x86_64-linux-gnu.so
[3.292s] -- Up-to-date symlink: /home/qty/ros2_ws/install/hoverboard_msgs/lib/python3.8/site-packages/hoverboard_msgs/hoverboard_msgs_s__rosidl_typesupport_c.cpython-38-x86_64-linux-gnu.so
[3.293s] -- Up-to-date symlink: /home/qty/ros2_ws/install/hoverboard_msgs/lib/libhoverboard_msgs__python.so
[3.293s] -- Up-to-date symlink: /home/qty/ros2_ws/install/hoverboard_msgs/share/hoverboard_msgs/msg/SonarMsg.idl
[3.293s] -- Up-to-date symlink: /home/qty/ros2_ws/install/hoverboard_msgs/share/hoverboard_msgs/msg/TempMsg.idl
[3.293s] -- Up-to-date symlink: /home/qty/ros2_ws/install/hoverboard_msgs/share/hoverboard_msgs/msg/SonarMsg.msg
[3.293s] -- Up-to-date symlink: /home/qty/ros2_ws/install/hoverboard_msgs/share/hoverboard_msgs/msg/TempMsg.msg
[3.293s] -- Up-to-date symlink: /home/qty/ros2_ws/install/hoverboard_msgs/share/ament_index/resource_index/package_run_dependencies/hoverboard_msgs
[3.293s] -- Up-to-date symlink: /home/qty/ros2_ws/install/hoverboard_msgs/share/ament_index/resource_index/parent_prefix_path/hoverboard_msgs
[3.294s] -- Up-to-date symlink: /home/qty/ros2_ws/install/hoverboard_msgs/share/hoverboard_msgs/environment/ament_prefix_path.sh
[3.294s] -- Up-to-date symlink: /home/qty/ros2_ws/install/hoverboard_msgs/share/hoverboard_msgs/environment/ament_prefix_path.dsv
[3.294s] -- Up-to-date symlink: /home/qty/ros2_ws/install/hoverboard_msgs/share/hoverboard_msgs/environment/path.sh
[3.294s] -- Up-to-date symlink: /home/qty/ros2_ws/install/hoverboard_msgs/share/hoverboard_msgs/environment/path.dsv
[3.294s] -- Up-to-date symlink: /home/qty/ros2_ws/install/hoverboard_msgs/share/hoverboard_msgs/local_setup.bash
[3.294s] -- Up-to-date symlink: /home/qty/ros2_ws/install/hoverboard_msgs/share/hoverboard_msgs/local_setup.sh
[3.295s] -- Up-to-date symlink: /home/qty/ros2_ws/install/hoverboard_msgs/share/hoverboard_msgs/local_setup.zsh
[3.295s] -- Up-to-date symlink: /home/qty/ros2_ws/install/hoverboard_msgs/share/hoverboard_msgs/local_setup.dsv
[3.295s] -- Symlinking: /home/qty/ros2_ws/install/hoverboard_msgs/share/hoverboard_msgs/package.dsv
[3.301s] -- Up-to-date symlink: /home/qty/ros2_ws/install/hoverboard_msgs/share/ament_index/resource_index/packages/hoverboard_msgs
[3.301s] -- Up-to-date symlink: /home/qty/ros2_ws/install/hoverboard_msgs/share/hoverboard_msgs/cmake/rosidl_cmake-extras.cmake
[3.302s] -- Up-to-date symlink: /home/qty/ros2_ws/install/hoverboard_msgs/share/hoverboard_msgs/cmake/ament_cmake_export_dependencies-extras.cmake
[3.302s] -- Up-to-date symlink: /home/qty/ros2_ws/install/hoverboard_msgs/share/hoverboard_msgs/cmake/ament_cmake_export_libraries-extras.cmake
[3.302s] -- Up-to-date symlink: /home/qty/ros2_ws/install/hoverboard_msgs/share/hoverboard_msgs/cmake/ament_cmake_export_targets-extras.cmake
[3.302s] -- Up-to-date symlink: /home/qty/ros2_ws/install/hoverboard_msgs/share/hoverboard_msgs/cmake/ament_cmake_export_include_directories-extras.cmake
[3.302s] -- Up-to-date symlink: /home/qty/ros2_ws/install/hoverboard_msgs/share/hoverboard_msgs/cmake/rosidl_cmake_export_typesupport_libraries-extras.cmake
[3.302s] -- Up-to-date symlink: /home/qty/ros2_ws/install/hoverboard_msgs/share/hoverboard_msgs/cmake/rosidl_cmake_export_typesupport_targets-extras.cmake
[3.303s] -- Up-to-date symlink: /home/qty/ros2_ws/install/hoverboard_msgs/share/hoverboard_msgs/cmake/hoverboard_msgsConfig.cmake
[3.303s] -- Up-to-date symlink: /home/qty/ros2_ws/install/hoverboard_msgs/share/hoverboard_msgs/cmake/hoverboard_msgsConfig-version.cmake
[3.303s] -- Up-to-date symlink: /home/qty/ros2_ws/install/hoverboard_msgs/share/hoverboard_msgs/package.xml
[3.303s] -- Installing: /home/qty/ros2_ws/install/hoverboard_msgs/lib/libhoverboard_msgs__rosidl_generator_c.so
[3.303s] -- Set runtime path of "/home/qty/ros2_ws/install/hoverboard_msgs/lib/libhoverboard_msgs__rosidl_generator_c.so" to ""
[3.303s] -- Installing: /home/qty/ros2_ws/install/hoverboard_msgs/lib/libhoverboard_msgs__rosidl_typesupport_introspection_c.so
[3.304s] -- Set runtime path of "/home/qty/ros2_ws/install/hoverboard_msgs/lib/libhoverboard_msgs__rosidl_typesupport_introspection_c.so" to ""
[3.304s] -- Installing: /home/qty/ros2_ws/install/hoverboard_msgs/lib/libhoverboard_msgs__rosidl_typesupport_c.so
[3.304s] -- Set runtime path of "/home/qty/ros2_ws/install/hoverboard_msgs/lib/libhoverboard_msgs__rosidl_typesupport_c.so" to ""
[3.304s] -- Installing: /home/qty/ros2_ws/install/hoverboard_msgs/lib/libhoverboard_msgs__rosidl_typesupport_introspection_cpp.so
[3.304s] -- Set runtime path of "/home/qty/ros2_ws/install/hoverboard_msgs/lib/libhoverboard_msgs__rosidl_typesupport_introspection_cpp.so" to ""
[3.304s] -- Installing: /home/qty/ros2_ws/install/hoverboard_msgs/lib/libhoverboard_msgs__rosidl_typesupport_cpp.so
[3.304s] -- Set runtime path of "/home/qty/ros2_ws/install/hoverboard_msgs/lib/libhoverboard_msgs__rosidl_typesupport_cpp.so" to ""
[3.335s] Compiling '/home/qty/ros2_ws/install/hoverboard_msgs/lib/python3.8/site-packages/hoverboard_msgs/__init__.py'...
[3.337s] -- Up-to-date: /home/qty/ros2_ws/install/hoverboard_msgs/share/hoverboard_msgs/cmake/hoverboard_msgs__rosidl_generator_cExport.cmake
[3.337s] -- Installing: /home/qty/ros2_ws/install/hoverboard_msgs/share/hoverboard_msgs/cmake/hoverboard_msgs__rosidl_generator_cExport-noconfig.cmake
[3.337s] -- Up-to-date: /home/qty/ros2_ws/install/hoverboard_msgs/share/hoverboard_msgs/cmake/hoverboard_msgs__rosidl_typesupport_introspection_cExport.cmake
[3.337s] -- Installing: /home/qty/ros2_ws/install/hoverboard_msgs/share/hoverboard_msgs/cmake/hoverboard_msgs__rosidl_typesupport_introspection_cExport-noconfig.cmake
[3.338s] -- Up-to-date: /home/qty/ros2_ws/install/hoverboard_msgs/share/hoverboard_msgs/cmake/hoverboard_msgs__rosidl_typesupport_cExport.cmake
[3.338s] -- Installing: /home/qty/ros2_ws/install/hoverboard_msgs/share/hoverboard_msgs/cmake/hoverboard_msgs__rosidl_typesupport_cExport-noconfig.cmake
[3.338s] -- Up-to-date: /home/qty/ros2_ws/install/hoverboard_msgs/share/hoverboard_msgs/cmake/hoverboard_msgs__rosidl_generator_cppExport.cmake
[3.338s] -- Up-to-date: /home/qty/ros2_ws/install/hoverboard_msgs/share/hoverboard_msgs/cmake/hoverboard_msgs__rosidl_typesupport_introspection_cppExport.cmake
[3.338s] -- Installing: /home/qty/ros2_ws/install/hoverboard_msgs/share/hoverboard_msgs/cmake/hoverboard_msgs__rosidl_typesupport_introspection_cppExport-noconfig.cmake
[3.338s] -- Up-to-date: /home/qty/ros2_ws/install/hoverboard_msgs/share/hoverboard_msgs/cmake/hoverboard_msgs__rosidl_typesupport_cppExport.cmake
[3.338s] -- Installing: /home/qty/ros2_ws/install/hoverboard_msgs/share/hoverboard_msgs/cmake/hoverboard_msgs__rosidl_typesupport_cppExport-noconfig.cmake
[3.340s] Invoked command in '/home/qty/ros2_ws/build/hoverboard_msgs' returned '0': CMAKE_PREFIX_PATH=${CMAKE_PREFIX_PATH}:/home/qty/ros2_ws/install/hoverboard_controller:/home/qty/ros2_ws/install/hoverBoardController:/home/qty/ros2_ws/install/examples_rclpy_minimal_subscriber:/home/qty/ros2_ws/install/examples_rclpy_minimal_service:/home/qty/ros2_ws/install/examples_rclpy_minimal_publisher:/home/qty/ros2_ws/install/examples_rclpy_minimal_client:/home/qty/ros2_ws/install/examples_rclpy_minimal_action_server:/home/qty/ros2_ws/install/examples_rclpy_minimal_action_client:/home/qty/ros2_ws/install/examples_rclpy_executors:/opt/ros/foxy /usr/bin/cmake --install /home/qty/ros2_ws/build/hoverboard_msgs
