[1.642s] DEBUG:colcon:Command line arguments: ['/usr/bin/colcon', 'build', '--symlink-install']
[1.642s] DEBUG:colcon:Parsed command line arguments: Namespace(allow_overriding=[], ament_cmake_args=None, base_paths=['.'], build_base='build', catkin_cmake_args=None, catkin_skip_building_tests=False, cmake_args=None, cmake_clean_cache=False, cmake_clean_first=False, cmake_force_configure=False, cmake_target=None, cmake_target_skip_unavailable=False, continue_on_error=False, event_handlers=None, executor='parallel', ignore_user_meta=False, install_base='install', log_base=None, log_level=None, main=<bound method BuildVerb.main of <colcon_core.verb.build.BuildVerb object at 0x7f24b24da190>>, merge_install=False, metas=['./colcon.meta'], packages_above=None, packages_above_and_dependencies=None, packages_above_depth=None, packages_end=None, packages_ignore=None, packages_ignore_regex=None, packages_select=None, packages_select_build_failed=False, packages_select_by_dep=None, packages_select_regex=None, packages_select_test_failures=False, packages_skip=None, packages_skip_build_finished=False, packages_skip_by_dep=None, packages_skip_regex=None, packages_skip_test_passed=False, packages_skip_up_to=None, packages_start=None, packages_up_to=None, packages_up_to_regex=None, parallel_workers=16, paths=None, symlink_install=True, test_result_base=None, verb_extension=<colcon_core.verb.build.BuildVerb object at 0x7f24b24da190>, verb_name='build', verb_parser=<colcon_defaults.argument_parser.defaults.DefaultArgumentsDecorator object at 0x7f24b210a040>)
[1.711s] Level 1:colcon.colcon_core.package_discovery:discover_packages(colcon_meta) check parameters
[1.711s] Level 1:colcon.colcon_core.package_discovery:discover_packages(recursive) check parameters
[1.711s] Level 1:colcon.colcon_core.package_discovery:discover_packages(ignore) check parameters
[1.711s] Level 1:colcon.colcon_core.package_discovery:discover_packages(path) check parameters
[1.711s] Level 1:colcon.colcon_core.package_discovery:discover_packages(colcon_meta) discover
[1.711s] Level 1:colcon.colcon_core.package_discovery:discover_packages(recursive) discover
[1.711s] INFO:colcon.colcon_core.package_discovery:Crawling recursively for packages in '/home/qty/ros2_ws'
[1.712s] Level 1:colcon.colcon_core.package_identification:_identify(.) by extensions ['ignore', 'ignore_ament_install']
[1.712s] Level 1:colcon.colcon_core.package_identification:_identify(.) by extension 'ignore'
[1.712s] Level 1:colcon.colcon_core.package_identification:_identify(.) by extension 'ignore_ament_install'
[1.712s] Level 1:colcon.colcon_core.package_identification:_identify(.) by extensions ['colcon_pkg']
[1.712s] Level 1:colcon.colcon_core.package_identification:_identify(.) by extension 'colcon_pkg'
[1.712s] Level 1:colcon.colcon_core.package_identification:_identify(.) by extensions ['colcon_meta']
[1.712s] Level 1:colcon.colcon_core.package_identification:_identify(.) by extension 'colcon_meta'
[1.712s] Level 1:colcon.colcon_core.package_identification:_identify(.) by extensions ['ros']
[1.712s] Level 1:colcon.colcon_core.package_identification:_identify(.) by extension 'ros'
[1.720s] Level 1:colcon.colcon_core.package_identification:_identify(.) by extensions ['cmake', 'python']
[1.720s] Level 1:colcon.colcon_core.package_identification:_identify(.) by extension 'cmake'
[1.720s] Level 1:colcon.colcon_core.package_identification:_identify(.) by extension 'python'
[1.720s] Level 1:colcon.colcon_core.package_identification:_identify(.) by extensions ['python_setup_py']
[1.720s] Level 1:colcon.colcon_core.package_identification:_identify(.) by extension 'python_setup_py'
[1.720s] Level 1:colcon.colcon_core.package_identification:_identify(build) by extensions ['ignore', 'ignore_ament_install']
[1.720s] Level 1:colcon.colcon_core.package_identification:_identify(build) by extension 'ignore'
[1.720s] Level 1:colcon.colcon_core.package_identification:_identify(build) ignored
[1.721s] Level 1:colcon.colcon_core.package_identification:_identify(install) by extensions ['ignore', 'ignore_ament_install']
[1.721s] Level 1:colcon.colcon_core.package_identification:_identify(install) by extension 'ignore'
[1.721s] Level 1:colcon.colcon_core.package_identification:_identify(install) ignored
[1.721s] Level 1:colcon.colcon_core.package_identification:_identify(log) by extensions ['ignore', 'ignore_ament_install']
[1.721s] Level 1:colcon.colcon_core.package_identification:_identify(log) by extension 'ignore'
[1.721s] Level 1:colcon.colcon_core.package_identification:_identify(log) ignored
[1.721s] Level 1:colcon.colcon_core.package_identification:_identify(src) by extensions ['ignore', 'ignore_ament_install']
[1.721s] Level 1:colcon.colcon_core.package_identification:_identify(src) by extension 'ignore'
[1.721s] Level 1:colcon.colcon_core.package_identification:_identify(src) by extension 'ignore_ament_install'
[1.721s] Level 1:colcon.colcon_core.package_identification:_identify(src) by extensions ['colcon_pkg']
[1.721s] Level 1:colcon.colcon_core.package_identification:_identify(src) by extension 'colcon_pkg'
[1.721s] Level 1:colcon.colcon_core.package_identification:_identify(src) by extensions ['colcon_meta']
[1.721s] Level 1:colcon.colcon_core.package_identification:_identify(src) by extension 'colcon_meta'
[1.721s] Level 1:colcon.colcon_core.package_identification:_identify(src) by extensions ['ros']
[1.721s] Level 1:colcon.colcon_core.package_identification:_identify(src) by extension 'ros'
[1.721s] Level 1:colcon.colcon_core.package_identification:_identify(src) by extensions ['cmake', 'python']
[1.721s] Level 1:colcon.colcon_core.package_identification:_identify(src) by extension 'cmake'
[1.721s] Level 1:colcon.colcon_core.package_identification:_identify(src) by extension 'python'
[1.721s] Level 1:colcon.colcon_core.package_identification:_identify(src) by extensions ['python_setup_py']
[1.721s] Level 1:colcon.colcon_core.package_identification:_identify(src) by extension 'python_setup_py'
[1.721s] Level 1:colcon.colcon_core.package_identification:_identify(src/articubot_one) by extensions ['ignore', 'ignore_ament_install']
[1.721s] Level 1:colcon.colcon_core.package_identification:_identify(src/articubot_one) by extension 'ignore'
[1.721s] Level 1:colcon.colcon_core.package_identification:_identify(src/articubot_one) by extension 'ignore_ament_install'
[1.721s] Level 1:colcon.colcon_core.package_identification:_identify(src/articubot_one) by extensions ['colcon_pkg']
[1.721s] Level 1:colcon.colcon_core.package_identification:_identify(src/articubot_one) by extension 'colcon_pkg'
[1.722s] Level 1:colcon.colcon_core.package_identification:_identify(src/articubot_one) by extensions ['colcon_meta']
[1.722s] Level 1:colcon.colcon_core.package_identification:_identify(src/articubot_one) by extension 'colcon_meta'
[1.722s] Level 1:colcon.colcon_core.package_identification:_identify(src/articubot_one) by extensions ['ros']
[1.722s] Level 1:colcon.colcon_core.package_identification:_identify(src/articubot_one) by extension 'ros'
[1.723s] DEBUG:colcon.colcon_core.package_identification:Package 'src/articubot_one' with type 'ros.ament_cmake' and name 'articubot_one'
[1.723s] Level 1:colcon.colcon_core.package_identification:_identify(src/csm) by extensions ['ignore', 'ignore_ament_install']
[1.723s] Level 1:colcon.colcon_core.package_identification:_identify(src/csm) by extension 'ignore'
[1.723s] Level 1:colcon.colcon_core.package_identification:_identify(src/csm) by extension 'ignore_ament_install'
[1.723s] Level 1:colcon.colcon_core.package_identification:_identify(src/csm) by extensions ['colcon_pkg']
[1.723s] Level 1:colcon.colcon_core.package_identification:_identify(src/csm) by extension 'colcon_pkg'
[1.723s] Level 1:colcon.colcon_core.package_identification:_identify(src/csm) by extensions ['colcon_meta']
[1.723s] Level 1:colcon.colcon_core.package_identification:_identify(src/csm) by extension 'colcon_meta'
[1.724s] Level 1:colcon.colcon_core.package_identification:_identify(src/csm) by extensions ['ros']
[1.724s] Level 1:colcon.colcon_core.package_identification:_identify(src/csm) by extension 'ros'
[1.724s] DEBUG:colcon.colcon_core.package_identification:Package 'src/csm' with type 'ros.ament_cmake' and name 'csm'
[1.724s] Level 1:colcon.colcon_core.package_identification:_identify(src/hoverBoardController) by extensions ['ignore', 'ignore_ament_install']
[1.724s] Level 1:colcon.colcon_core.package_identification:_identify(src/hoverBoardController) by extension 'ignore'
[1.724s] Level 1:colcon.colcon_core.package_identification:_identify(src/hoverBoardController) by extension 'ignore_ament_install'
[1.724s] Level 1:colcon.colcon_core.package_identification:_identify(src/hoverBoardController) by extensions ['colcon_pkg']
[1.724s] Level 1:colcon.colcon_core.package_identification:_identify(src/hoverBoardController) by extension 'colcon_pkg'
[1.724s] Level 1:colcon.colcon_core.package_identification:_identify(src/hoverBoardController) by extensions ['colcon_meta']
[1.724s] Level 1:colcon.colcon_core.package_identification:_identify(src/hoverBoardController) by extension 'colcon_meta'
[1.724s] Level 1:colcon.colcon_core.package_identification:_identify(src/hoverBoardController) by extensions ['ros']
[1.724s] Level 1:colcon.colcon_core.package_identification:_identify(src/hoverBoardController) by extension 'ros'
[1.725s] DEBUG:colcon.colcon_core.package_identification:Package 'src/hoverBoardController' with type 'ros.ament_python' and name 'hoverBoardController'
[1.725s] Level 1:colcon.colcon_core.package_identification:_identify(src/ros2_laser_scan_matcher) by extensions ['ignore', 'ignore_ament_install']
[1.725s] Level 1:colcon.colcon_core.package_identification:_identify(src/ros2_laser_scan_matcher) by extension 'ignore'
[1.725s] Level 1:colcon.colcon_core.package_identification:_identify(src/ros2_laser_scan_matcher) by extension 'ignore_ament_install'
[1.725s] Level 1:colcon.colcon_core.package_identification:_identify(src/ros2_laser_scan_matcher) by extensions ['colcon_pkg']
[1.725s] Level 1:colcon.colcon_core.package_identification:_identify(src/ros2_laser_scan_matcher) by extension 'colcon_pkg'
[1.725s] Level 1:colcon.colcon_core.package_identification:_identify(src/ros2_laser_scan_matcher) by extensions ['colcon_meta']
[1.725s] Level 1:colcon.colcon_core.package_identification:_identify(src/ros2_laser_scan_matcher) by extension 'colcon_meta'
[1.725s] Level 1:colcon.colcon_core.package_identification:_identify(src/ros2_laser_scan_matcher) by extensions ['ros']
[1.725s] Level 1:colcon.colcon_core.package_identification:_identify(src/ros2_laser_scan_matcher) by extension 'ros'
[1.725s] DEBUG:colcon.colcon_core.package_identification:Package 'src/ros2_laser_scan_matcher' with type 'ros.ament_cmake' and name 'ros2_laser_scan_matcher'
[1.725s] Level 1:colcon.colcon_core.package_identification:_identify(src/rplidar_ros2) by extensions ['ignore', 'ignore_ament_install']
[1.726s] Level 1:colcon.colcon_core.package_identification:_identify(src/rplidar_ros2) by extension 'ignore'
[1.726s] Level 1:colcon.colcon_core.package_identification:_identify(src/rplidar_ros2) by extension 'ignore_ament_install'
[1.726s] Level 1:colcon.colcon_core.package_identification:_identify(src/rplidar_ros2) by extensions ['colcon_pkg']
[1.726s] Level 1:colcon.colcon_core.package_identification:_identify(src/rplidar_ros2) by extension 'colcon_pkg'
[1.726s] Level 1:colcon.colcon_core.package_identification:_identify(src/rplidar_ros2) by extensions ['colcon_meta']
[1.726s] Level 1:colcon.colcon_core.package_identification:_identify(src/rplidar_ros2) by extension 'colcon_meta'
[1.726s] Level 1:colcon.colcon_core.package_identification:_identify(src/rplidar_ros2) by extensions ['ros']
[1.726s] Level 1:colcon.colcon_core.package_identification:_identify(src/rplidar_ros2) by extension 'ros'
[1.726s] DEBUG:colcon.colcon_core.package_identification:Package 'src/rplidar_ros2' with type 'ros.ament_cmake' and name 'rplidar_ros'
[1.726s] Level 1:colcon.colcon_core.package_identification:_identify(src/slam_toolbox) by extensions ['ignore', 'ignore_ament_install']
[1.726s] Level 1:colcon.colcon_core.package_identification:_identify(src/slam_toolbox) by extension 'ignore'
[1.726s] Level 1:colcon.colcon_core.package_identification:_identify(src/slam_toolbox) by extension 'ignore_ament_install'
[1.726s] Level 1:colcon.colcon_core.package_identification:_identify(src/slam_toolbox) by extensions ['colcon_pkg']
[1.726s] Level 1:colcon.colcon_core.package_identification:_identify(src/slam_toolbox) by extension 'colcon_pkg'
[1.726s] Level 1:colcon.colcon_core.package_identification:_identify(src/slam_toolbox) by extensions ['colcon_meta']
[1.726s] Level 1:colcon.colcon_core.package_identification:_identify(src/slam_toolbox) by extension 'colcon_meta'
[1.726s] Level 1:colcon.colcon_core.package_identification:_identify(src/slam_toolbox) by extensions ['ros']
[1.726s] Level 1:colcon.colcon_core.package_identification:_identify(src/slam_toolbox) by extension 'ros'
[1.728s] DEBUG:colcon.colcon_core.package_identification:Package 'src/slam_toolbox' with type 'ros.ament_cmake' and name 'slam_toolbox'
[1.728s] Level 1:colcon.colcon_core.package_discovery:discover_packages(recursive) using defaults
[1.728s] Level 1:colcon.colcon_core.package_discovery:discover_packages(ignore) discover
[1.728s] Level 1:colcon.colcon_core.package_discovery:discover_packages(ignore) using defaults
[1.728s] Level 1:colcon.colcon_core.package_discovery:discover_packages(path) discover
[1.728s] Level 1:colcon.colcon_core.package_discovery:discover_packages(path) using defaults
[1.879s] Level 1:colcon.colcon_core.package_discovery:discover_packages(prefix_path) check parameters
[1.879s] Level 1:colcon.colcon_core.package_discovery:discover_packages(prefix_path) discover
[1.942s] DEBUG:colcon.colcon_installed_package_information.package_discovery:Found 23 installed packages in /home/qty/ros2_ws/install
[1.970s] DEBUG:colcon.colcon_installed_package_information.package_discovery:Found 275 installed packages in /opt/ros/foxy
[1.972s] Level 1:colcon.colcon_core.package_discovery:discover_packages(prefix_path) using defaults
[2.080s] Level 5:colcon.colcon_core.verb:set package 'articubot_one' build argument 'cmake_args' from command line to 'None'
[2.080s] Level 5:colcon.colcon_core.verb:set package 'articubot_one' build argument 'cmake_target' from command line to 'None'
[2.080s] Level 5:colcon.colcon_core.verb:set package 'articubot_one' build argument 'cmake_target_skip_unavailable' from command line to 'False'
[2.080s] Level 5:colcon.colcon_core.verb:set package 'articubot_one' build argument 'cmake_clean_cache' from command line to 'False'
[2.081s] Level 5:colcon.colcon_core.verb:set package 'articubot_one' build argument 'cmake_clean_first' from command line to 'False'
[2.081s] Level 5:colcon.colcon_core.verb:set package 'articubot_one' build argument 'cmake_force_configure' from command line to 'False'
[2.081s] Level 5:colcon.colcon_core.verb:set package 'articubot_one' build argument 'ament_cmake_args' from command line to 'None'
[2.081s] Level 5:colcon.colcon_core.verb:set package 'articubot_one' build argument 'catkin_cmake_args' from command line to 'None'
[2.081s] Level 5:colcon.colcon_core.verb:set package 'articubot_one' build argument 'catkin_skip_building_tests' from command line to 'False'
[2.081s] DEBUG:colcon.colcon_core.verb:Building package 'articubot_one' with the following arguments: {'ament_cmake_args': None, 'build_base': '/home/qty/ros2_ws/build/articubot_one', 'catkin_cmake_args': None, 'catkin_skip_building_tests': False, 'cmake_args': None, 'cmake_clean_cache': False, 'cmake_clean_first': False, 'cmake_force_configure': False, 'cmake_target': None, 'cmake_target_skip_unavailable': False, 'install_base': '/home/qty/ros2_ws/install/articubot_one', 'merge_install': False, 'path': '/home/qty/ros2_ws/src/articubot_one', 'symlink_install': True, 'test_result_base': None}
[2.108s] Level 5:colcon.colcon_core.verb:set package 'csm' build argument 'cmake_args' from command line to 'None'
[2.108s] Level 5:colcon.colcon_core.verb:set package 'csm' build argument 'cmake_target' from command line to 'None'
[2.108s] Level 5:colcon.colcon_core.verb:set package 'csm' build argument 'cmake_target_skip_unavailable' from command line to 'False'
[2.108s] Level 5:colcon.colcon_core.verb:set package 'csm' build argument 'cmake_clean_cache' from command line to 'False'
[2.108s] Level 5:colcon.colcon_core.verb:set package 'csm' build argument 'cmake_clean_first' from command line to 'False'
[2.108s] Level 5:colcon.colcon_core.verb:set package 'csm' build argument 'cmake_force_configure' from command line to 'False'
[2.108s] Level 5:colcon.colcon_core.verb:set package 'csm' build argument 'ament_cmake_args' from command line to 'None'
[2.108s] Level 5:colcon.colcon_core.verb:set package 'csm' build argument 'catkin_cmake_args' from command line to 'None'
[2.108s] Level 5:colcon.colcon_core.verb:set package 'csm' build argument 'catkin_skip_building_tests' from command line to 'False'
[2.108s] DEBUG:colcon.colcon_core.verb:Building package 'csm' with the following arguments: {'ament_cmake_args': None, 'build_base': '/home/qty/ros2_ws/build/csm', 'catkin_cmake_args': None, 'catkin_skip_building_tests': False, 'cmake_args': None, 'cmake_clean_cache': False, 'cmake_clean_first': False, 'cmake_force_configure': False, 'cmake_target': None, 'cmake_target_skip_unavailable': False, 'install_base': '/home/qty/ros2_ws/install/csm', 'merge_install': False, 'path': '/home/qty/ros2_ws/src/csm', 'symlink_install': True, 'test_result_base': None}
[2.135s] Level 5:colcon.colcon_core.verb:set package 'hoverBoardController' build argument 'cmake_args' from command line to 'None'
[2.135s] Level 5:colcon.colcon_core.verb:set package 'hoverBoardController' build argument 'cmake_target' from command line to 'None'
[2.135s] Level 5:colcon.colcon_core.verb:set package 'hoverBoardController' build argument 'cmake_target_skip_unavailable' from command line to 'False'
[2.135s] Level 5:colcon.colcon_core.verb:set package 'hoverBoardController' build argument 'cmake_clean_cache' from command line to 'False'
[2.135s] Level 5:colcon.colcon_core.verb:set package 'hoverBoardController' build argument 'cmake_clean_first' from command line to 'False'
[2.135s] Level 5:colcon.colcon_core.verb:set package 'hoverBoardController' build argument 'cmake_force_configure' from command line to 'False'
[2.135s] Level 5:colcon.colcon_core.verb:set package 'hoverBoardController' build argument 'ament_cmake_args' from command line to 'None'
[2.135s] Level 5:colcon.colcon_core.verb:set package 'hoverBoardController' build argument 'catkin_cmake_args' from command line to 'None'
[2.135s] Level 5:colcon.colcon_core.verb:set package 'hoverBoardController' build argument 'catkin_skip_building_tests' from command line to 'False'
[2.135s] DEBUG:colcon.colcon_core.verb:Building package 'hoverBoardController' with the following arguments: {'ament_cmake_args': None, 'build_base': '/home/qty/ros2_ws/build/hoverBoardController', 'catkin_cmake_args': None, 'catkin_skip_building_tests': False, 'cmake_args': None, 'cmake_clean_cache': False, 'cmake_clean_first': False, 'cmake_force_configure': False, 'cmake_target': None, 'cmake_target_skip_unavailable': False, 'install_base': '/home/qty/ros2_ws/install/hoverBoardController', 'merge_install': False, 'path': '/home/qty/ros2_ws/src/hoverBoardController', 'symlink_install': True, 'test_result_base': None}
[2.162s] Level 5:colcon.colcon_core.verb:set package 'rplidar_ros' build argument 'cmake_args' from command line to 'None'
[2.162s] Level 5:colcon.colcon_core.verb:set package 'rplidar_ros' build argument 'cmake_target' from command line to 'None'
[2.162s] Level 5:colcon.colcon_core.verb:set package 'rplidar_ros' build argument 'cmake_target_skip_unavailable' from command line to 'False'
[2.162s] Level 5:colcon.colcon_core.verb:set package 'rplidar_ros' build argument 'cmake_clean_cache' from command line to 'False'
[2.162s] Level 5:colcon.colcon_core.verb:set package 'rplidar_ros' build argument 'cmake_clean_first' from command line to 'False'
[2.162s] Level 5:colcon.colcon_core.verb:set package 'rplidar_ros' build argument 'cmake_force_configure' from command line to 'False'
[2.162s] Level 5:colcon.colcon_core.verb:set package 'rplidar_ros' build argument 'ament_cmake_args' from command line to 'None'
[2.162s] Level 5:colcon.colcon_core.verb:set package 'rplidar_ros' build argument 'catkin_cmake_args' from command line to 'None'
[2.162s] Level 5:colcon.colcon_core.verb:set package 'rplidar_ros' build argument 'catkin_skip_building_tests' from command line to 'False'
[2.162s] DEBUG:colcon.colcon_core.verb:Building package 'rplidar_ros' with the following arguments: {'ament_cmake_args': None, 'build_base': '/home/qty/ros2_ws/build/rplidar_ros', 'catkin_cmake_args': None, 'catkin_skip_building_tests': False, 'cmake_args': None, 'cmake_clean_cache': False, 'cmake_clean_first': False, 'cmake_force_configure': False, 'cmake_target': None, 'cmake_target_skip_unavailable': False, 'install_base': '/home/qty/ros2_ws/install/rplidar_ros', 'merge_install': False, 'path': '/home/qty/ros2_ws/src/rplidar_ros2', 'symlink_install': True, 'test_result_base': None}
[2.189s] Level 5:colcon.colcon_core.verb:set package 'slam_toolbox' build argument 'cmake_args' from command line to 'None'
[2.189s] Level 5:colcon.colcon_core.verb:set package 'slam_toolbox' build argument 'cmake_target' from command line to 'None'
[2.189s] Level 5:colcon.colcon_core.verb:set package 'slam_toolbox' build argument 'cmake_target_skip_unavailable' from command line to 'False'
[2.189s] Level 5:colcon.colcon_core.verb:set package 'slam_toolbox' build argument 'cmake_clean_cache' from command line to 'False'
[2.189s] Level 5:colcon.colcon_core.verb:set package 'slam_toolbox' build argument 'cmake_clean_first' from command line to 'False'
[2.189s] Level 5:colcon.colcon_core.verb:set package 'slam_toolbox' build argument 'cmake_force_configure' from command line to 'False'
[2.189s] Level 5:colcon.colcon_core.verb:set package 'slam_toolbox' build argument 'ament_cmake_args' from command line to 'None'
[2.189s] Level 5:colcon.colcon_core.verb:set package 'slam_toolbox' build argument 'catkin_cmake_args' from command line to 'None'
[2.189s] Level 5:colcon.colcon_core.verb:set package 'slam_toolbox' build argument 'catkin_skip_building_tests' from command line to 'False'
[2.190s] DEBUG:colcon.colcon_core.verb:Building package 'slam_toolbox' with the following arguments: {'ament_cmake_args': None, 'build_base': '/home/qty/ros2_ws/build/slam_toolbox', 'catkin_cmake_args': None, 'catkin_skip_building_tests': False, 'cmake_args': None, 'cmake_clean_cache': False, 'cmake_clean_first': False, 'cmake_force_configure': False, 'cmake_target': None, 'cmake_target_skip_unavailable': False, 'install_base': '/home/qty/ros2_ws/install/slam_toolbox', 'merge_install': False, 'path': '/home/qty/ros2_ws/src/slam_toolbox', 'symlink_install': True, 'test_result_base': None}
[2.216s] Level 5:colcon.colcon_core.verb:set package 'ros2_laser_scan_matcher' build argument 'cmake_args' from command line to 'None'
[2.216s] Level 5:colcon.colcon_core.verb:set package 'ros2_laser_scan_matcher' build argument 'cmake_target' from command line to 'None'
[2.216s] Level 5:colcon.colcon_core.verb:set package 'ros2_laser_scan_matcher' build argument 'cmake_target_skip_unavailable' from command line to 'False'
[2.216s] Level 5:colcon.colcon_core.verb:set package 'ros2_laser_scan_matcher' build argument 'cmake_clean_cache' from command line to 'False'
[2.216s] Level 5:colcon.colcon_core.verb:set package 'ros2_laser_scan_matcher' build argument 'cmake_clean_first' from command line to 'False'
[2.216s] Level 5:colcon.colcon_core.verb:set package 'ros2_laser_scan_matcher' build argument 'cmake_force_configure' from command line to 'False'
[2.216s] Level 5:colcon.colcon_core.verb:set package 'ros2_laser_scan_matcher' build argument 'ament_cmake_args' from command line to 'None'
[2.216s] Level 5:colcon.colcon_core.verb:set package 'ros2_laser_scan_matcher' build argument 'catkin_cmake_args' from command line to 'None'
[2.216s] Level 5:colcon.colcon_core.verb:set package 'ros2_laser_scan_matcher' build argument 'catkin_skip_building_tests' from command line to 'False'
[2.216s] DEBUG:colcon.colcon_core.verb:Building package 'ros2_laser_scan_matcher' with the following arguments: {'ament_cmake_args': None, 'build_base': '/home/qty/ros2_ws/build/ros2_laser_scan_matcher', 'catkin_cmake_args': None, 'catkin_skip_building_tests': False, 'cmake_args': None, 'cmake_clean_cache': False, 'cmake_clean_first': False, 'cmake_force_configure': False, 'cmake_target': None, 'cmake_target_skip_unavailable': False, 'install_base': '/home/qty/ros2_ws/install/ros2_laser_scan_matcher', 'merge_install': False, 'path': '/home/qty/ros2_ws/src/ros2_laser_scan_matcher', 'symlink_install': True, 'test_result_base': None}
[2.243s] INFO:colcon.colcon_core.executor:Executing jobs using 'parallel' executor
[2.270s] DEBUG:colcon.colcon_parallel_executor.executor.parallel:run_until_complete
[2.270s] INFO:colcon.colcon_ros.task.ament_cmake.build:Building ROS package in '/home/qty/ros2_ws/src/csm' with build type 'ament_cmake'
[2.271s] INFO:colcon.colcon_cmake.task.cmake.build:Building CMake package in '/home/qty/ros2_ws/src/csm'
[2.300s] INFO:colcon.colcon_core.plugin_system:Skipping extension 'colcon_core.shell.bat': Not used on non-Windows systems
[2.300s] INFO:colcon.colcon_core.shell:Skip shell extension 'powershell' for command environment: Not usable outside of PowerShell
[2.301s] DEBUG:colcon.colcon_core.shell:Skip shell extension 'dsv' for command environment
[2.396s] INFO:colcon.colcon_ros.task.ament_cmake.build:Building ROS package in '/home/qty/ros2_ws/src/articubot_one' with build type 'ament_cmake'
[2.396s] INFO:colcon.colcon_cmake.task.cmake.build:Building CMake package in '/home/qty/ros2_ws/src/articubot_one'
[2.426s] INFO:colcon.colcon_core.shell:Skip shell extension 'powershell' for command environment: Not usable outside of PowerShell
[2.426s] DEBUG:colcon.colcon_core.shell:Skip shell extension 'dsv' for command environment
[2.515s] INFO:colcon.colcon_ros.task.ament_python.build:Building ROS package in '/home/qty/ros2_ws/src/hoverBoardController' with build type 'ament_python'
[2.515s] Level 1:colcon.colcon_core.shell:create_environment_hook('hoverBoardController', 'ament_prefix_path')
[2.543s] INFO:colcon.colcon_core.shell:Creating environment hook '/home/qty/ros2_ws/install/hoverBoardController/share/hoverBoardController/hook/ament_prefix_path.ps1'
[2.544s] INFO:colcon.colcon_core.shell:Creating environment descriptor '/home/qty/ros2_ws/install/hoverBoardController/share/hoverBoardController/hook/ament_prefix_path.dsv'
[2.544s] INFO:colcon.colcon_core.shell:Creating environment hook '/home/qty/ros2_ws/install/hoverBoardController/share/hoverBoardController/hook/ament_prefix_path.sh'
[2.573s] INFO:colcon.colcon_core.shell:Skip shell extension 'powershell' for command environment: Not usable outside of PowerShell
[2.573s] DEBUG:colcon.colcon_core.shell:Skip shell extension 'dsv' for command environment
[2.660s] INFO:colcon.colcon_ros.task.ament_cmake.build:Building ROS package in '/home/qty/ros2_ws/src/rplidar_ros2' with build type 'ament_cmake'
[2.660s] INFO:colcon.colcon_cmake.task.cmake.build:Building CMake package in '/home/qty/ros2_ws/src/rplidar_ros2'
[2.690s] INFO:colcon.colcon_core.shell:Skip shell extension 'powershell' for command environment: Not usable outside of PowerShell
[2.690s] DEBUG:colcon.colcon_core.shell:Skip shell extension 'dsv' for command environment
[2.778s] INFO:colcon.colcon_ros.task.ament_cmake.build:Building ROS package in '/home/qty/ros2_ws/src/slam_toolbox' with build type 'ament_cmake'
[2.779s] INFO:colcon.colcon_cmake.task.cmake.build:Building CMake package in '/home/qty/ros2_ws/src/slam_toolbox'
[2.810s] INFO:colcon.colcon_core.shell:Skip shell extension 'powershell' for command environment: Not usable outside of PowerShell
[2.810s] DEBUG:colcon.colcon_core.shell:Skip shell extension 'dsv' for command environment
[2.904s] DEBUG:colcon.colcon_core.event_handler.log_command:Invoking command in '/home/qty/ros2_ws/build/csm': CMAKE_PREFIX_PATH=${CMAKE_PREFIX_PATH}:/home/qty/ros2_ws/install/hoverBoardController:/home/qty/ros2_ws/install/examples_rclpy_minimal_subscriber:/home/qty/ros2_ws/install/examples_rclpy_minimal_service:/home/qty/ros2_ws/install/examples_rclpy_minimal_publisher:/home/qty/ros2_ws/install/examples_rclpy_minimal_client:/home/qty/ros2_ws/install/examples_rclpy_minimal_action_server:/home/qty/ros2_ws/install/examples_rclpy_minimal_action_client:/home/qty/ros2_ws/install/examples_rclpy_executors:/opt/ros/foxy /usr/bin/cmake --build /home/qty/ros2_ws/build/csm -- -j16 -l16
[2.907s] DEBUG:colcon.colcon_core.event_handler.log_command:Invoking command in '/home/qty/ros2_ws/build/articubot_one': CMAKE_PREFIX_PATH=${CMAKE_PREFIX_PATH}:/home/qty/ros2_ws/install/hoverBoardController:/home/qty/ros2_ws/install/examples_rclpy_minimal_subscriber:/home/qty/ros2_ws/install/examples_rclpy_minimal_service:/home/qty/ros2_ws/install/examples_rclpy_minimal_publisher:/home/qty/ros2_ws/install/examples_rclpy_minimal_client:/home/qty/ros2_ws/install/examples_rclpy_minimal_action_server:/home/qty/ros2_ws/install/examples_rclpy_minimal_action_client:/home/qty/ros2_ws/install/examples_rclpy_executors:/opt/ros/foxy /usr/bin/cmake --build /home/qty/ros2_ws/build/articubot_one -- -j16 -l16
[3.080s] INFO:colcon.colcon_core.task.python.build:Building Python package in '/home/qty/ros2_ws/src/hoverBoardController'
[3.108s] INFO:colcon.colcon_core.shell:Skip shell extension 'powershell' for command environment: Not usable outside of PowerShell
[3.108s] DEBUG:colcon.colcon_core.shell:Skip shell extension 'dsv' for command environment
[3.199s] DEBUG:colcon.colcon_core.event_handler.log_command:Invoking command in '/home/qty/ros2_ws/build/rplidar_ros': CMAKE_PREFIX_PATH=${CMAKE_PREFIX_PATH}:/home/qty/ros2_ws/install/hoverBoardController:/home/qty/ros2_ws/install/examples_rclpy_minimal_subscriber:/home/qty/ros2_ws/install/examples_rclpy_minimal_service:/home/qty/ros2_ws/install/examples_rclpy_minimal_publisher:/home/qty/ros2_ws/install/examples_rclpy_minimal_client:/home/qty/ros2_ws/install/examples_rclpy_minimal_action_server:/home/qty/ros2_ws/install/examples_rclpy_minimal_action_client:/home/qty/ros2_ws/install/examples_rclpy_executors:/opt/ros/foxy /usr/bin/cmake --build /home/qty/ros2_ws/build/rplidar_ros -- -j16 -l16
[3.205s] DEBUG:colcon.colcon_core.event_handler.log_command:Invoking command in '/home/qty/ros2_ws/build/slam_toolbox': CMAKE_PREFIX_PATH=${CMAKE_PREFIX_PATH}:/home/qty/ros2_ws/install/hoverBoardController:/home/qty/ros2_ws/install/examples_rclpy_minimal_subscriber:/home/qty/ros2_ws/install/examples_rclpy_minimal_service:/home/qty/ros2_ws/install/examples_rclpy_minimal_publisher:/home/qty/ros2_ws/install/examples_rclpy_minimal_client:/home/qty/ros2_ws/install/examples_rclpy_minimal_action_server:/home/qty/ros2_ws/install/examples_rclpy_minimal_action_client:/home/qty/ros2_ws/install/examples_rclpy_executors:/opt/ros/foxy /usr/bin/cmake --build /home/qty/ros2_ws/build/slam_toolbox -- -j16 -l16
[3.206s] DEBUG:colcon.colcon_core.event_handler.log_command:Invoked command in '/home/qty/ros2_ws/build/csm' returned '0': CMAKE_PREFIX_PATH=${CMAKE_PREFIX_PATH}:/home/qty/ros2_ws/install/hoverBoardController:/home/qty/ros2_ws/install/examples_rclpy_minimal_subscriber:/home/qty/ros2_ws/install/examples_rclpy_minimal_service:/home/qty/ros2_ws/install/examples_rclpy_minimal_publisher:/home/qty/ros2_ws/install/examples_rclpy_minimal_client:/home/qty/ros2_ws/install/examples_rclpy_minimal_action_server:/home/qty/ros2_ws/install/examples_rclpy_minimal_action_client:/home/qty/ros2_ws/install/examples_rclpy_executors:/opt/ros/foxy /usr/bin/cmake --build /home/qty/ros2_ws/build/csm -- -j16 -l16
[3.209s] DEBUG:colcon.colcon_core.event_handler.log_command:Invoked command in '/home/qty/ros2_ws/build/articubot_one' returned '0': CMAKE_PREFIX_PATH=${CMAKE_PREFIX_PATH}:/home/qty/ros2_ws/install/hoverBoardController:/home/qty/ros2_ws/install/examples_rclpy_minimal_subscriber:/home/qty/ros2_ws/install/examples_rclpy_minimal_service:/home/qty/ros2_ws/install/examples_rclpy_minimal_publisher:/home/qty/ros2_ws/install/examples_rclpy_minimal_client:/home/qty/ros2_ws/install/examples_rclpy_minimal_action_server:/home/qty/ros2_ws/install/examples_rclpy_minimal_action_client:/home/qty/ros2_ws/install/examples_rclpy_executors:/opt/ros/foxy /usr/bin/cmake --build /home/qty/ros2_ws/build/articubot_one -- -j16 -l16
[3.236s] DEBUG:colcon.colcon_core.event_handler.log_command:Invoking command in '/home/qty/ros2_ws/build/articubot_one': CMAKE_PREFIX_PATH=${CMAKE_PREFIX_PATH}:/home/qty/ros2_ws/install/hoverBoardController:/home/qty/ros2_ws/install/examples_rclpy_minimal_subscriber:/home/qty/ros2_ws/install/examples_rclpy_minimal_service:/home/qty/ros2_ws/install/examples_rclpy_minimal_publisher:/home/qty/ros2_ws/install/examples_rclpy_minimal_client:/home/qty/ros2_ws/install/examples_rclpy_minimal_action_server:/home/qty/ros2_ws/install/examples_rclpy_minimal_action_client:/home/qty/ros2_ws/install/examples_rclpy_executors:/opt/ros/foxy /usr/bin/cmake --install /home/qty/ros2_ws/build/articubot_one
[3.255s] DEBUG:colcon.colcon_core.event_handler.log_command:Invoking command in '/home/qty/ros2_ws/build/csm': CMAKE_PREFIX_PATH=${CMAKE_PREFIX_PATH}:/home/qty/ros2_ws/install/hoverBoardController:/home/qty/ros2_ws/install/examples_rclpy_minimal_subscriber:/home/qty/ros2_ws/install/examples_rclpy_minimal_service:/home/qty/ros2_ws/install/examples_rclpy_minimal_publisher:/home/qty/ros2_ws/install/examples_rclpy_minimal_client:/home/qty/ros2_ws/install/examples_rclpy_minimal_action_server:/home/qty/ros2_ws/install/examples_rclpy_minimal_action_client:/home/qty/ros2_ws/install/examples_rclpy_executors:/opt/ros/foxy /usr/bin/cmake --install /home/qty/ros2_ws/build/csm
[3.263s] Level 1:colcon.colcon_core.environment:create_environment_scripts_only(articubot_one)
[3.263s] DEBUG:colcon.colcon_core.event_handler.log_command:Invoked command in '/home/qty/ros2_ws/build/articubot_one' returned '0': CMAKE_PREFIX_PATH=${CMAKE_PREFIX_PATH}:/home/qty/ros2_ws/install/hoverBoardController:/home/qty/ros2_ws/install/examples_rclpy_minimal_subscriber:/home/qty/ros2_ws/install/examples_rclpy_minimal_service:/home/qty/ros2_ws/install/examples_rclpy_minimal_publisher:/home/qty/ros2_ws/install/examples_rclpy_minimal_client:/home/qty/ros2_ws/install/examples_rclpy_minimal_action_server:/home/qty/ros2_ws/install/examples_rclpy_minimal_action_client:/home/qty/ros2_ws/install/examples_rclpy_executors:/opt/ros/foxy /usr/bin/cmake --install /home/qty/ros2_ws/build/articubot_one
[3.322s] Level 1:colcon.colcon_core.environment:checking '/home/qty/ros2_ws/install/articubot_one' for CMake module files
[3.322s] Level 1:colcon.colcon_core.environment:checking '/home/qty/ros2_ws/install/articubot_one' for CMake config files
[3.323s] Level 1:colcon.colcon_core.shell:create_environment_hook('articubot_one', 'cmake_prefix_path')
[3.365s] INFO:colcon.colcon_core.shell:Creating environment hook '/home/qty/ros2_ws/install/articubot_one/share/articubot_one/hook/cmake_prefix_path.ps1'
[3.366s] INFO:colcon.colcon_core.shell:Creating environment descriptor '/home/qty/ros2_ws/install/articubot_one/share/articubot_one/hook/cmake_prefix_path.dsv'
[3.366s] INFO:colcon.colcon_core.shell:Creating environment hook '/home/qty/ros2_ws/install/articubot_one/share/articubot_one/hook/cmake_prefix_path.sh'
[3.367s] Level 1:colcon.colcon_core.environment:checking '/home/qty/ros2_ws/install/articubot_one/bin'
[3.367s] Level 1:colcon.colcon_core.environment:checking '/home/qty/ros2_ws/install/articubot_one/lib/pkgconfig/articubot_one.pc'
[3.367s] Level 1:colcon.colcon_core.environment:checking '/home/qty/ros2_ws/install/articubot_one/lib/python3.8/site-packages'
[3.367s] Level 1:colcon.colcon_core.environment:checking '/home/qty/ros2_ws/install/articubot_one/bin'
[3.425s] INFO:colcon.colcon_core.shell:Creating package script '/home/qty/ros2_ws/install/articubot_one/share/articubot_one/package.ps1'
[3.426s] INFO:colcon.colcon_core.shell:Creating package descriptor '/home/qty/ros2_ws/install/articubot_one/share/articubot_one/package.dsv'
[3.426s] INFO:colcon.colcon_core.shell:Creating package script '/home/qty/ros2_ws/install/articubot_one/share/articubot_one/package.sh'
[3.427s] INFO:colcon.colcon_core.shell:Creating package script '/home/qty/ros2_ws/install/articubot_one/share/articubot_one/package.bash'
[3.428s] INFO:colcon.colcon_core.shell:Creating package script '/home/qty/ros2_ws/install/articubot_one/share/articubot_one/package.zsh'
[3.429s] Level 1:colcon.colcon_core.environment:create_file_with_runtime_dependencies(/home/qty/ros2_ws/install/articubot_one/share/colcon-core/packages/articubot_one)
[3.433s] Level 1:colcon.colcon_core.environment:create_environment_scripts_only(csm)
[3.433s] DEBUG:colcon.colcon_core.event_handler.log_command:Invoked command in '/home/qty/ros2_ws/build/csm' returned '0': CMAKE_PREFIX_PATH=${CMAKE_PREFIX_PATH}:/home/qty/ros2_ws/install/hoverBoardController:/home/qty/ros2_ws/install/examples_rclpy_minimal_subscriber:/home/qty/ros2_ws/install/examples_rclpy_minimal_service:/home/qty/ros2_ws/install/examples_rclpy_minimal_publisher:/home/qty/ros2_ws/install/examples_rclpy_minimal_client:/home/qty/ros2_ws/install/examples_rclpy_minimal_action_server:/home/qty/ros2_ws/install/examples_rclpy_minimal_action_client:/home/qty/ros2_ws/install/examples_rclpy_executors:/opt/ros/foxy /usr/bin/cmake --install /home/qty/ros2_ws/build/csm
[3.482s] Level 1:colcon.colcon_core.environment:checking '/home/qty/ros2_ws/install/csm' for CMake module files
[3.482s] Level 1:colcon.colcon_core.environment:checking '/home/qty/ros2_ws/install/csm' for CMake config files
[3.482s] Level 1:colcon.colcon_core.shell:create_environment_hook('csm', 'cmake_prefix_path')
[3.522s] INFO:colcon.colcon_core.shell:Creating environment hook '/home/qty/ros2_ws/install/csm/share/csm/hook/cmake_prefix_path.ps1'
[3.522s] INFO:colcon.colcon_core.shell:Creating environment descriptor '/home/qty/ros2_ws/install/csm/share/csm/hook/cmake_prefix_path.dsv'
[3.522s] INFO:colcon.colcon_core.shell:Creating environment hook '/home/qty/ros2_ws/install/csm/share/csm/hook/cmake_prefix_path.sh'
[3.523s] Level 1:colcon.colcon_core.environment:checking '/home/qty/ros2_ws/install/csm/lib'
[3.523s] Level 1:colcon.colcon_core.shell:create_environment_hook('csm', 'ld_library_path_lib')
[3.553s] INFO:colcon.colcon_core.shell:Creating environment hook '/home/qty/ros2_ws/install/csm/share/csm/hook/ld_library_path_lib.ps1'
[3.553s] INFO:colcon.colcon_core.shell:Creating environment descriptor '/home/qty/ros2_ws/install/csm/share/csm/hook/ld_library_path_lib.dsv'
[3.553s] INFO:colcon.colcon_core.shell:Creating environment hook '/home/qty/ros2_ws/install/csm/share/csm/hook/ld_library_path_lib.sh'
[3.553s] Level 1:colcon.colcon_core.environment:checking '/home/qty/ros2_ws/install/csm/bin'
[3.553s] Level 1:colcon.colcon_core.environment:checking '/home/qty/ros2_ws/install/csm/lib/pkgconfig/csm.pc'
[3.554s] Level 1:colcon.colcon_core.environment:checking '/home/qty/ros2_ws/install/csm/lib/python3.8/site-packages'
[3.554s] Level 1:colcon.colcon_core.environment:checking '/home/qty/ros2_ws/install/csm/bin'
[3.584s] INFO:colcon.colcon_core.shell:Creating package script '/home/qty/ros2_ws/install/csm/share/csm/package.ps1'
[3.585s] INFO:colcon.colcon_core.shell:Creating package descriptor '/home/qty/ros2_ws/install/csm/share/csm/package.dsv'
[3.585s] INFO:colcon.colcon_core.shell:Creating package script '/home/qty/ros2_ws/install/csm/share/csm/package.sh'
[3.585s] INFO:colcon.colcon_core.shell:Creating package script '/home/qty/ros2_ws/install/csm/share/csm/package.bash'
[3.585s] INFO:colcon.colcon_core.shell:Creating package script '/home/qty/ros2_ws/install/csm/share/csm/package.zsh'
[3.586s] Level 1:colcon.colcon_core.environment:create_file_with_runtime_dependencies(/home/qty/ros2_ws/install/csm/share/colcon-core/packages/csm)
[3.620s] Level 1:colcon.colcon_core.environment:create_environment_scripts_only(articubot_one)
[3.650s] Level 1:colcon.colcon_core.environment:checking '/home/qty/ros2_ws/install/articubot_one' for CMake module files
[3.651s] Level 1:colcon.colcon_core.environment:checking '/home/qty/ros2_ws/install/articubot_one' for CMake config files
[3.651s] Level 1:colcon.colcon_core.shell:create_environment_hook('articubot_one', 'cmake_prefix_path')
[3.681s] INFO:colcon.colcon_core.shell:Creating environment hook '/home/qty/ros2_ws/install/articubot_one/share/articubot_one/hook/cmake_prefix_path.ps1'
[3.681s] INFO:colcon.colcon_core.shell:Creating environment descriptor '/home/qty/ros2_ws/install/articubot_one/share/articubot_one/hook/cmake_prefix_path.dsv'
[3.681s] INFO:colcon.colcon_core.shell:Creating environment hook '/home/qty/ros2_ws/install/articubot_one/share/articubot_one/hook/cmake_prefix_path.sh'
[3.682s] Level 1:colcon.colcon_core.environment:checking '/home/qty/ros2_ws/install/articubot_one/bin'
[3.682s] Level 1:colcon.colcon_core.environment:checking '/home/qty/ros2_ws/install/articubot_one/lib/pkgconfig/articubot_one.pc'
[3.682s] Level 1:colcon.colcon_core.environment:checking '/home/qty/ros2_ws/install/articubot_one/lib/python3.8/site-packages'
[3.682s] Level 1:colcon.colcon_core.environment:checking '/home/qty/ros2_ws/install/articubot_one/bin'
[3.712s] INFO:colcon.colcon_core.shell:Creating package script '/home/qty/ros2_ws/install/articubot_one/share/articubot_one/package.ps1'
[3.713s] INFO:colcon.colcon_core.shell:Creating package descriptor '/home/qty/ros2_ws/install/articubot_one/share/articubot_one/package.dsv'
[3.713s] INFO:colcon.colcon_core.shell:Creating package script '/home/qty/ros2_ws/install/articubot_one/share/articubot_one/package.sh'
[3.713s] INFO:colcon.colcon_core.shell:Creating package script '/home/qty/ros2_ws/install/articubot_one/share/articubot_one/package.bash'
[3.713s] INFO:colcon.colcon_core.shell:Creating package script '/home/qty/ros2_ws/install/articubot_one/share/articubot_one/package.zsh'
[3.714s] Level 1:colcon.colcon_core.environment:create_file_with_runtime_dependencies(/home/qty/ros2_ws/install/articubot_one/share/colcon-core/packages/articubot_one)
[3.716s] DEBUG:colcon.colcon_core.event_handler.log_command:Invoked command in '/home/qty/ros2_ws/build/slam_toolbox' returned '0': CMAKE_PREFIX_PATH=${CMAKE_PREFIX_PATH}:/home/qty/ros2_ws/install/hoverBoardController:/home/qty/ros2_ws/install/examples_rclpy_minimal_subscriber:/home/qty/ros2_ws/install/examples_rclpy_minimal_service:/home/qty/ros2_ws/install/examples_rclpy_minimal_publisher:/home/qty/ros2_ws/install/examples_rclpy_minimal_client:/home/qty/ros2_ws/install/examples_rclpy_minimal_action_server:/home/qty/ros2_ws/install/examples_rclpy_minimal_action_client:/home/qty/ros2_ws/install/examples_rclpy_executors:/opt/ros/foxy /usr/bin/cmake --build /home/qty/ros2_ws/build/slam_toolbox -- -j16 -l16
[3.719s] DEBUG:colcon.colcon_core.event_handler.log_command:Invoking command in '/home/qty/ros2_ws/build/hoverBoardController': PYTHONPATH=/home/qty/ros2_ws/build/hoverBoardController/prefix_override:/home/qty/ros2_ws/install/hoverBoardController/lib/python3.8/site-packages:${PYTHONPATH} /usr/bin/python3 setup.py develop --editable --build-directory /home/qty/ros2_ws/build/hoverBoardController/build --no-deps install_data
[3.752s] Level 1:colcon.colcon_core.environment:create_environment_scripts_only(csm)
[3.783s] Level 1:colcon.colcon_core.environment:checking '/home/qty/ros2_ws/install/csm' for CMake module files
[3.784s] Level 1:colcon.colcon_core.environment:checking '/home/qty/ros2_ws/install/csm' for CMake config files
[3.784s] Level 1:colcon.colcon_core.shell:create_environment_hook('csm', 'cmake_prefix_path')
[3.816s] INFO:colcon.colcon_core.shell:Creating environment hook '/home/qty/ros2_ws/install/csm/share/csm/hook/cmake_prefix_path.ps1'
[3.816s] INFO:colcon.colcon_core.shell:Creating environment descriptor '/home/qty/ros2_ws/install/csm/share/csm/hook/cmake_prefix_path.dsv'
[3.816s] INFO:colcon.colcon_core.shell:Creating environment hook '/home/qty/ros2_ws/install/csm/share/csm/hook/cmake_prefix_path.sh'
[3.817s] Level 1:colcon.colcon_core.environment:checking '/home/qty/ros2_ws/install/csm/lib'
[3.817s] Level 1:colcon.colcon_core.shell:create_environment_hook('csm', 'ld_library_path_lib')
[3.849s] INFO:colcon.colcon_core.shell:Creating environment hook '/home/qty/ros2_ws/install/csm/share/csm/hook/ld_library_path_lib.ps1'
[3.849s] INFO:colcon.colcon_core.shell:Creating environment descriptor '/home/qty/ros2_ws/install/csm/share/csm/hook/ld_library_path_lib.dsv'
[3.849s] INFO:colcon.colcon_core.shell:Creating environment hook '/home/qty/ros2_ws/install/csm/share/csm/hook/ld_library_path_lib.sh'
[3.850s] Level 1:colcon.colcon_core.environment:checking '/home/qty/ros2_ws/install/csm/bin'
[3.850s] Level 1:colcon.colcon_core.environment:checking '/home/qty/ros2_ws/install/csm/lib/pkgconfig/csm.pc'
[3.850s] Level 1:colcon.colcon_core.environment:checking '/home/qty/ros2_ws/install/csm/lib/python3.8/site-packages'
[3.850s] Level 1:colcon.colcon_core.environment:checking '/home/qty/ros2_ws/install/csm/bin'
[3.880s] INFO:colcon.colcon_core.shell:Creating package script '/home/qty/ros2_ws/install/csm/share/csm/package.ps1'
[3.881s] INFO:colcon.colcon_core.shell:Creating package descriptor '/home/qty/ros2_ws/install/csm/share/csm/package.dsv'
[3.881s] INFO:colcon.colcon_core.shell:Creating package script '/home/qty/ros2_ws/install/csm/share/csm/package.sh'
[3.881s] INFO:colcon.colcon_core.shell:Creating package script '/home/qty/ros2_ws/install/csm/share/csm/package.bash'
[3.882s] INFO:colcon.colcon_core.shell:Creating package script '/home/qty/ros2_ws/install/csm/share/csm/package.zsh'
[3.882s] Level 1:colcon.colcon_core.environment:create_file_with_runtime_dependencies(/home/qty/ros2_ws/install/csm/share/colcon-core/packages/csm)
[3.883s] INFO:colcon.colcon_ros.task.ament_cmake.build:Building ROS package in '/home/qty/ros2_ws/src/ros2_laser_scan_matcher' with build type 'ament_cmake'
[3.883s] INFO:colcon.colcon_cmake.task.cmake.build:Building CMake package in '/home/qty/ros2_ws/src/ros2_laser_scan_matcher'
[3.914s] INFO:colcon.colcon_core.shell:Skip shell extension 'powershell' for command environment: Not usable outside of PowerShell
[3.914s] DEBUG:colcon.colcon_core.shell:Skip shell extension 'dsv' for command environment
[4.009s] DEBUG:colcon.colcon_core.event_handler.log_command:Invoking command in '/home/qty/ros2_ws/build/slam_toolbox': CMAKE_PREFIX_PATH=${CMAKE_PREFIX_PATH}:/home/qty/ros2_ws/install/hoverBoardController:/home/qty/ros2_ws/install/examples_rclpy_minimal_subscriber:/home/qty/ros2_ws/install/examples_rclpy_minimal_service:/home/qty/ros2_ws/install/examples_rclpy_minimal_publisher:/home/qty/ros2_ws/install/examples_rclpy_minimal_client:/home/qty/ros2_ws/install/examples_rclpy_minimal_action_server:/home/qty/ros2_ws/install/examples_rclpy_minimal_action_client:/home/qty/ros2_ws/install/examples_rclpy_executors:/opt/ros/foxy /usr/bin/cmake --install /home/qty/ros2_ws/build/slam_toolbox
[4.014s] DEBUG:colcon.colcon_core.event_handler.log_command:Invoking command in '/home/qty/ros2_ws/build/ros2_laser_scan_matcher': CMAKE_PREFIX_PATH=/home/qty/ros2_ws/install/csm:/home/qty/ros2_ws/install/slam_toolbox:/home/qty/ros2_ws/install/turtlesim:/home/qty/ros2_ws/install/rplidar_ros:/home/qty/ros2_ws/install/ros2_laser_scan_matcher:/home/qty/ros2_ws/install/examples_rclcpp_multithreaded_executor:/home/qty/ros2_ws/install/examples_rclcpp_minimal_timer:/home/qty/ros2_ws/install/examples_rclcpp_minimal_subscriber:/home/qty/ros2_ws/install/examples_rclcpp_minimal_service:/home/qty/ros2_ws/install/examples_rclcpp_minimal_publisher:/home/qty/ros2_ws/install/examples_rclcpp_minimal_composition:/home/qty/ros2_ws/install/examples_rclcpp_minimal_client:/home/qty/ros2_ws/install/examples_rclcpp_minimal_action_server:/home/qty/ros2_ws/install/examples_rclcpp_minimal_action_client:/home/qty/ros2_ws/install/articubot_one:/home/qty/ros2_ws/install/hoverBoardController:/home/qty/ros2_ws/install/examples_rclpy_minimal_subscriber:/home/qty/ros2_ws/install/examples_rclpy_minimal_service:/home/qty/ros2_ws/install/examples_rclpy_minimal_publisher:/home/qty/ros2_ws/install/examples_rclpy_minimal_client:/home/qty/ros2_ws/install/examples_rclpy_minimal_action_server:/home/qty/ros2_ws/install/examples_rclpy_minimal_action_client:/home/qty/ros2_ws/install/examples_rclpy_executors:/opt/ros/foxy LD_LIBRARY_PATH=/home/qty/ros2_ws/install/csm/lib:/home/qty/ros2_ws/install/slam_toolbox/lib:/home/qty/ros2_ws/install/turtlesim/lib:/home/qty/ros2_ws/install/rplidar_ros/lib:/home/qty/ros2_ws/install/examples_rclcpp_minimal_composition/lib:/usr/lib/x86_64-linux-gnu/gazebo-11/plugins:/opt/ros/foxy/opt/yaml_cpp_vendor/lib:/opt/ros/foxy/opt/rviz_ogre_vendor/lib:/opt/ros/foxy/lib/x86_64-linux-gnu:/opt/ros/foxy/lib /usr/bin/cmake --build /home/qty/ros2_ws/build/ros2_laser_scan_matcher -- -j16 -l16
[4.076s] DEBUG:colcon.colcon_core.event_handler.log_command:Invoked command in '/home/qty/ros2_ws/build/ros2_laser_scan_matcher' returned '0': CMAKE_PREFIX_PATH=/home/qty/ros2_ws/install/csm:/home/qty/ros2_ws/install/slam_toolbox:/home/qty/ros2_ws/install/turtlesim:/home/qty/ros2_ws/install/rplidar_ros:/home/qty/ros2_ws/install/ros2_laser_scan_matcher:/home/qty/ros2_ws/install/examples_rclcpp_multithreaded_executor:/home/qty/ros2_ws/install/examples_rclcpp_minimal_timer:/home/qty/ros2_ws/install/examples_rclcpp_minimal_subscriber:/home/qty/ros2_ws/install/examples_rclcpp_minimal_service:/home/qty/ros2_ws/install/examples_rclcpp_minimal_publisher:/home/qty/ros2_ws/install/examples_rclcpp_minimal_composition:/home/qty/ros2_ws/install/examples_rclcpp_minimal_client:/home/qty/ros2_ws/install/examples_rclcpp_minimal_action_server:/home/qty/ros2_ws/install/examples_rclcpp_minimal_action_client:/home/qty/ros2_ws/install/articubot_one:/home/qty/ros2_ws/install/hoverBoardController:/home/qty/ros2_ws/install/examples_rclpy_minimal_subscriber:/home/qty/ros2_ws/install/examples_rclpy_minimal_service:/home/qty/ros2_ws/install/examples_rclpy_minimal_publisher:/home/qty/ros2_ws/install/examples_rclpy_minimal_client:/home/qty/ros2_ws/install/examples_rclpy_minimal_action_server:/home/qty/ros2_ws/install/examples_rclpy_minimal_action_client:/home/qty/ros2_ws/install/examples_rclpy_executors:/opt/ros/foxy LD_LIBRARY_PATH=/home/qty/ros2_ws/install/csm/lib:/home/qty/ros2_ws/install/slam_toolbox/lib:/home/qty/ros2_ws/install/turtlesim/lib:/home/qty/ros2_ws/install/rplidar_ros/lib:/home/qty/ros2_ws/install/examples_rclcpp_minimal_composition/lib:/usr/lib/x86_64-linux-gnu/gazebo-11/plugins:/opt/ros/foxy/opt/yaml_cpp_vendor/lib:/opt/ros/foxy/opt/rviz_ogre_vendor/lib:/opt/ros/foxy/lib/x86_64-linux-gnu:/opt/ros/foxy/lib /usr/bin/cmake --build /home/qty/ros2_ws/build/ros2_laser_scan_matcher -- -j16 -l16
[4.095s] DEBUG:colcon.colcon_core.event_handler.log_command:Invoking command in '/home/qty/ros2_ws/build/ros2_laser_scan_matcher': CMAKE_PREFIX_PATH=/home/qty/ros2_ws/install/csm:/home/qty/ros2_ws/install/slam_toolbox:/home/qty/ros2_ws/install/turtlesim:/home/qty/ros2_ws/install/rplidar_ros:/home/qty/ros2_ws/install/ros2_laser_scan_matcher:/home/qty/ros2_ws/install/examples_rclcpp_multithreaded_executor:/home/qty/ros2_ws/install/examples_rclcpp_minimal_timer:/home/qty/ros2_ws/install/examples_rclcpp_minimal_subscriber:/home/qty/ros2_ws/install/examples_rclcpp_minimal_service:/home/qty/ros2_ws/install/examples_rclcpp_minimal_publisher:/home/qty/ros2_ws/install/examples_rclcpp_minimal_composition:/home/qty/ros2_ws/install/examples_rclcpp_minimal_client:/home/qty/ros2_ws/install/examples_rclcpp_minimal_action_server:/home/qty/ros2_ws/install/examples_rclcpp_minimal_action_client:/home/qty/ros2_ws/install/articubot_one:/home/qty/ros2_ws/install/hoverBoardController:/home/qty/ros2_ws/install/examples_rclpy_minimal_subscriber:/home/qty/ros2_ws/install/examples_rclpy_minimal_service:/home/qty/ros2_ws/install/examples_rclpy_minimal_publisher:/home/qty/ros2_ws/install/examples_rclpy_minimal_client:/home/qty/ros2_ws/install/examples_rclpy_minimal_action_server:/home/qty/ros2_ws/install/examples_rclpy_minimal_action_client:/home/qty/ros2_ws/install/examples_rclpy_executors:/opt/ros/foxy LD_LIBRARY_PATH=/home/qty/ros2_ws/install/csm/lib:/home/qty/ros2_ws/install/slam_toolbox/lib:/home/qty/ros2_ws/install/turtlesim/lib:/home/qty/ros2_ws/install/rplidar_ros/lib:/home/qty/ros2_ws/install/examples_rclcpp_minimal_composition/lib:/usr/lib/x86_64-linux-gnu/gazebo-11/plugins:/opt/ros/foxy/opt/yaml_cpp_vendor/lib:/opt/ros/foxy/opt/rviz_ogre_vendor/lib:/opt/ros/foxy/lib/x86_64-linux-gnu:/opt/ros/foxy/lib /usr/bin/cmake --install /home/qty/ros2_ws/build/ros2_laser_scan_matcher
[4.100s] Level 1:colcon.colcon_core.shell:create_environment_hook('hoverBoardController', 'pythonpath_develop')
[4.100s] DEBUG:colcon.colcon_core.event_handler.log_command:Invoked command in '/home/qty/ros2_ws/build/hoverBoardController' returned '0': PYTHONPATH=/home/qty/ros2_ws/build/hoverBoardController/prefix_override:/home/qty/ros2_ws/install/hoverBoardController/lib/python3.8/site-packages:${PYTHONPATH} /usr/bin/python3 setup.py develop --editable --build-directory /home/qty/ros2_ws/build/hoverBoardController/build --no-deps install_data
[4.137s] INFO:colcon.colcon_core.shell:Creating environment hook '/home/qty/ros2_ws/build/hoverBoardController/share/hoverBoardController/hook/pythonpath_develop.ps1'
[4.137s] INFO:colcon.colcon_core.shell:Creating environment descriptor '/home/qty/ros2_ws/build/hoverBoardController/share/hoverBoardController/hook/pythonpath_develop.dsv'
[4.138s] INFO:colcon.colcon_core.shell:Creating environment hook '/home/qty/ros2_ws/build/hoverBoardController/share/hoverBoardController/hook/pythonpath_develop.sh'
[4.168s] Level 1:colcon.colcon_core.environment:checking '/home/qty/ros2_ws/install/hoverBoardController' for CMake module files
[4.168s] Level 1:colcon.colcon_core.environment:checking '/home/qty/ros2_ws/install/hoverBoardController' for CMake config files
[4.168s] Level 1:colcon.colcon_core.environment:checking '/home/qty/ros2_ws/install/hoverBoardController/lib'
[4.168s] Level 1:colcon.colcon_core.environment:checking '/home/qty/ros2_ws/install/hoverBoardController/bin'
[4.168s] Level 1:colcon.colcon_core.environment:checking '/home/qty/ros2_ws/install/hoverBoardController/lib/pkgconfig/hoverBoardController.pc'
[4.169s] Level 1:colcon.colcon_core.environment:checking '/home/qty/ros2_ws/install/hoverBoardController/lib/python3.8/site-packages'
[4.169s] Level 1:colcon.colcon_core.shell:create_environment_hook('hoverBoardController', 'pythonpath')
[4.199s] INFO:colcon.colcon_core.shell:Creating environment hook '/home/qty/ros2_ws/install/hoverBoardController/share/hoverBoardController/hook/pythonpath.ps1'
[4.199s] INFO:colcon.colcon_core.shell:Creating environment descriptor '/home/qty/ros2_ws/install/hoverBoardController/share/hoverBoardController/hook/pythonpath.dsv'
[4.199s] INFO:colcon.colcon_core.shell:Creating environment hook '/home/qty/ros2_ws/install/hoverBoardController/share/hoverBoardController/hook/pythonpath.sh'
[4.200s] Level 1:colcon.colcon_core.environment:checking '/home/qty/ros2_ws/install/hoverBoardController/bin'
[4.200s] Level 1:colcon.colcon_core.environment:create_environment_scripts_only(hoverBoardController)
[4.230s] INFO:colcon.colcon_core.shell:Creating package script '/home/qty/ros2_ws/install/hoverBoardController/share/hoverBoardController/package.ps1'
[4.230s] INFO:colcon.colcon_core.shell:Creating package descriptor '/home/qty/ros2_ws/install/hoverBoardController/share/hoverBoardController/package.dsv'
[4.231s] INFO:colcon.colcon_core.shell:Creating package script '/home/qty/ros2_ws/install/hoverBoardController/share/hoverBoardController/package.sh'
[4.231s] INFO:colcon.colcon_core.shell:Creating package script '/home/qty/ros2_ws/install/hoverBoardController/share/hoverBoardController/package.bash'
[4.231s] INFO:colcon.colcon_core.shell:Creating package script '/home/qty/ros2_ws/install/hoverBoardController/share/hoverBoardController/package.zsh'
[4.231s] Level 1:colcon.colcon_core.environment:create_file_with_runtime_dependencies(/home/qty/ros2_ws/install/hoverBoardController/share/colcon-core/packages/hoverBoardController)
[4.232s] Level 1:colcon.colcon_core.environment:create_environment_scripts_only(ros2_laser_scan_matcher)
[4.233s] DEBUG:colcon.colcon_core.event_handler.log_command:Invoked command in '/home/qty/ros2_ws/build/ros2_laser_scan_matcher' returned '0': CMAKE_PREFIX_PATH=/home/qty/ros2_ws/install/csm:/home/qty/ros2_ws/install/slam_toolbox:/home/qty/ros2_ws/install/turtlesim:/home/qty/ros2_ws/install/rplidar_ros:/home/qty/ros2_ws/install/ros2_laser_scan_matcher:/home/qty/ros2_ws/install/examples_rclcpp_multithreaded_executor:/home/qty/ros2_ws/install/examples_rclcpp_minimal_timer:/home/qty/ros2_ws/install/examples_rclcpp_minimal_subscriber:/home/qty/ros2_ws/install/examples_rclcpp_minimal_service:/home/qty/ros2_ws/install/examples_rclcpp_minimal_publisher:/home/qty/ros2_ws/install/examples_rclcpp_minimal_composition:/home/qty/ros2_ws/install/examples_rclcpp_minimal_client:/home/qty/ros2_ws/install/examples_rclcpp_minimal_action_server:/home/qty/ros2_ws/install/examples_rclcpp_minimal_action_client:/home/qty/ros2_ws/install/articubot_one:/home/qty/ros2_ws/install/hoverBoardController:/home/qty/ros2_ws/install/examples_rclpy_minimal_subscriber:/home/qty/ros2_ws/install/examples_rclpy_minimal_service:/home/qty/ros2_ws/install/examples_rclpy_minimal_publisher:/home/qty/ros2_ws/install/examples_rclpy_minimal_client:/home/qty/ros2_ws/install/examples_rclpy_minimal_action_server:/home/qty/ros2_ws/install/examples_rclpy_minimal_action_client:/home/qty/ros2_ws/install/examples_rclpy_executors:/opt/ros/foxy LD_LIBRARY_PATH=/home/qty/ros2_ws/install/csm/lib:/home/qty/ros2_ws/install/slam_toolbox/lib:/home/qty/ros2_ws/install/turtlesim/lib:/home/qty/ros2_ws/install/rplidar_ros/lib:/home/qty/ros2_ws/install/examples_rclcpp_minimal_composition/lib:/usr/lib/x86_64-linux-gnu/gazebo-11/plugins:/opt/ros/foxy/opt/yaml_cpp_vendor/lib:/opt/ros/foxy/opt/rviz_ogre_vendor/lib:/opt/ros/foxy/lib/x86_64-linux-gnu:/opt/ros/foxy/lib /usr/bin/cmake --install /home/qty/ros2_ws/build/ros2_laser_scan_matcher
[4.262s] Level 1:colcon.colcon_core.environment:checking '/home/qty/ros2_ws/install/ros2_laser_scan_matcher' for CMake module files
[4.263s] Level 1:colcon.colcon_core.environment:checking '/home/qty/ros2_ws/install/ros2_laser_scan_matcher' for CMake config files
[4.263s] Level 1:colcon.colcon_core.shell:create_environment_hook('ros2_laser_scan_matcher', 'cmake_prefix_path')
[4.292s] INFO:colcon.colcon_core.shell:Creating environment hook '/home/qty/ros2_ws/install/ros2_laser_scan_matcher/share/ros2_laser_scan_matcher/hook/cmake_prefix_path.ps1'
[4.292s] INFO:colcon.colcon_core.shell:Creating environment descriptor '/home/qty/ros2_ws/install/ros2_laser_scan_matcher/share/ros2_laser_scan_matcher/hook/cmake_prefix_path.dsv'
[4.292s] INFO:colcon.colcon_core.shell:Creating environment hook '/home/qty/ros2_ws/install/ros2_laser_scan_matcher/share/ros2_laser_scan_matcher/hook/cmake_prefix_path.sh'
[4.293s] Level 1:colcon.colcon_core.environment:checking '/home/qty/ros2_ws/install/ros2_laser_scan_matcher/lib'
[4.293s] Level 1:colcon.colcon_core.environment:checking '/home/qty/ros2_ws/install/ros2_laser_scan_matcher/bin'
[4.293s] Level 1:colcon.colcon_core.environment:checking '/home/qty/ros2_ws/install/ros2_laser_scan_matcher/lib/pkgconfig/ros2_laser_scan_matcher.pc'
[4.293s] Level 1:colcon.colcon_core.environment:checking '/home/qty/ros2_ws/install/ros2_laser_scan_matcher/lib/python3.8/site-packages'
[4.293s] Level 1:colcon.colcon_core.environment:checking '/home/qty/ros2_ws/install/ros2_laser_scan_matcher/bin'
[4.322s] INFO:colcon.colcon_core.shell:Creating package script '/home/qty/ros2_ws/install/ros2_laser_scan_matcher/share/ros2_laser_scan_matcher/package.ps1'
[4.322s] INFO:colcon.colcon_core.shell:Creating package descriptor '/home/qty/ros2_ws/install/ros2_laser_scan_matcher/share/ros2_laser_scan_matcher/package.dsv'
[4.323s] INFO:colcon.colcon_core.shell:Creating package script '/home/qty/ros2_ws/install/ros2_laser_scan_matcher/share/ros2_laser_scan_matcher/package.sh'
[4.323s] INFO:colcon.colcon_core.shell:Creating package script '/home/qty/ros2_ws/install/ros2_laser_scan_matcher/share/ros2_laser_scan_matcher/package.bash'
[4.323s] INFO:colcon.colcon_core.shell:Creating package script '/home/qty/ros2_ws/install/ros2_laser_scan_matcher/share/ros2_laser_scan_matcher/package.zsh'
[4.323s] Level 1:colcon.colcon_core.environment:create_file_with_runtime_dependencies(/home/qty/ros2_ws/install/ros2_laser_scan_matcher/share/colcon-core/packages/ros2_laser_scan_matcher)
[4.326s] Level 1:colcon.colcon_core.environment:create_environment_scripts_only(slam_toolbox)
[4.326s] DEBUG:colcon.colcon_core.event_handler.log_command:Invoked command in '/home/qty/ros2_ws/build/slam_toolbox' returned '0': CMAKE_PREFIX_PATH=${CMAKE_PREFIX_PATH}:/home/qty/ros2_ws/install/hoverBoardController:/home/qty/ros2_ws/install/examples_rclpy_minimal_subscriber:/home/qty/ros2_ws/install/examples_rclpy_minimal_service:/home/qty/ros2_ws/install/examples_rclpy_minimal_publisher:/home/qty/ros2_ws/install/examples_rclpy_minimal_client:/home/qty/ros2_ws/install/examples_rclpy_minimal_action_server:/home/qty/ros2_ws/install/examples_rclpy_minimal_action_client:/home/qty/ros2_ws/install/examples_rclpy_executors:/opt/ros/foxy /usr/bin/cmake --install /home/qty/ros2_ws/build/slam_toolbox
[4.357s] Level 1:colcon.colcon_core.environment:checking '/home/qty/ros2_ws/install/slam_toolbox' for CMake module files
[4.357s] Level 1:colcon.colcon_core.environment:checking '/home/qty/ros2_ws/install/slam_toolbox' for CMake config files
[4.358s] Level 1:colcon.colcon_core.shell:create_environment_hook('slam_toolbox', 'cmake_prefix_path')
[4.388s] INFO:colcon.colcon_core.shell:Creating environment hook '/home/qty/ros2_ws/install/slam_toolbox/share/slam_toolbox/hook/cmake_prefix_path.ps1'
[4.389s] INFO:colcon.colcon_core.shell:Creating environment descriptor '/home/qty/ros2_ws/install/slam_toolbox/share/slam_toolbox/hook/cmake_prefix_path.dsv'
[4.389s] INFO:colcon.colcon_core.shell:Creating environment hook '/home/qty/ros2_ws/install/slam_toolbox/share/slam_toolbox/hook/cmake_prefix_path.sh'
[4.389s] Level 1:colcon.colcon_core.environment:checking '/home/qty/ros2_ws/install/slam_toolbox/lib'
[4.390s] Level 1:colcon.colcon_core.shell:create_environment_hook('slam_toolbox', 'ld_library_path_lib')
[4.419s] INFO:colcon.colcon_core.shell:Creating environment hook '/home/qty/ros2_ws/install/slam_toolbox/share/slam_toolbox/hook/ld_library_path_lib.ps1'
[4.419s] INFO:colcon.colcon_core.shell:Creating environment descriptor '/home/qty/ros2_ws/install/slam_toolbox/share/slam_toolbox/hook/ld_library_path_lib.dsv'
[4.419s] INFO:colcon.colcon_core.shell:Creating environment hook '/home/qty/ros2_ws/install/slam_toolbox/share/slam_toolbox/hook/ld_library_path_lib.sh'
[4.420s] Level 1:colcon.colcon_core.environment:checking '/home/qty/ros2_ws/install/slam_toolbox/bin'
[4.420s] Level 1:colcon.colcon_core.environment:checking '/home/qty/ros2_ws/install/slam_toolbox/lib/pkgconfig/slam_toolbox.pc'
[4.420s] Level 1:colcon.colcon_core.environment:checking '/home/qty/ros2_ws/install/slam_toolbox/lib/python3.8/site-packages'
[4.420s] Level 1:colcon.colcon_core.shell:create_environment_hook('slam_toolbox', 'pythonpath')
[4.448s] INFO:colcon.colcon_core.shell:Creating environment hook '/home/qty/ros2_ws/install/slam_toolbox/share/slam_toolbox/hook/pythonpath.ps1'
[4.449s] INFO:colcon.colcon_core.shell:Creating environment descriptor '/home/qty/ros2_ws/install/slam_toolbox/share/slam_toolbox/hook/pythonpath.dsv'
[4.449s] INFO:colcon.colcon_core.shell:Creating environment hook '/home/qty/ros2_ws/install/slam_toolbox/share/slam_toolbox/hook/pythonpath.sh'
[4.449s] Level 1:colcon.colcon_core.environment:checking '/home/qty/ros2_ws/install/slam_toolbox/bin'
[4.478s] INFO:colcon.colcon_core.shell:Creating package script '/home/qty/ros2_ws/install/slam_toolbox/share/slam_toolbox/package.ps1'
[4.478s] INFO:colcon.colcon_core.shell:Creating package descriptor '/home/qty/ros2_ws/install/slam_toolbox/share/slam_toolbox/package.dsv'
[4.479s] INFO:colcon.colcon_core.shell:Creating package script '/home/qty/ros2_ws/install/slam_toolbox/share/slam_toolbox/package.sh'
[4.479s] INFO:colcon.colcon_core.shell:Creating package script '/home/qty/ros2_ws/install/slam_toolbox/share/slam_toolbox/package.bash'
[4.479s] INFO:colcon.colcon_core.shell:Creating package script '/home/qty/ros2_ws/install/slam_toolbox/share/slam_toolbox/package.zsh'
[4.480s] Level 1:colcon.colcon_core.environment:create_file_with_runtime_dependencies(/home/qty/ros2_ws/install/slam_toolbox/share/colcon-core/packages/slam_toolbox)
[4.513s] Level 1:colcon.colcon_core.environment:create_environment_scripts_only(ros2_laser_scan_matcher)
[4.543s] Level 1:colcon.colcon_core.environment:checking '/home/qty/ros2_ws/install/ros2_laser_scan_matcher' for CMake module files
[4.543s] Level 1:colcon.colcon_core.environment:checking '/home/qty/ros2_ws/install/ros2_laser_scan_matcher' for CMake config files
[4.544s] Level 1:colcon.colcon_core.shell:create_environment_hook('ros2_laser_scan_matcher', 'cmake_prefix_path')
[4.573s] INFO:colcon.colcon_core.shell:Creating environment hook '/home/qty/ros2_ws/install/ros2_laser_scan_matcher/share/ros2_laser_scan_matcher/hook/cmake_prefix_path.ps1'
[4.574s] INFO:colcon.colcon_core.shell:Creating environment descriptor '/home/qty/ros2_ws/install/ros2_laser_scan_matcher/share/ros2_laser_scan_matcher/hook/cmake_prefix_path.dsv'
[4.574s] INFO:colcon.colcon_core.shell:Creating environment hook '/home/qty/ros2_ws/install/ros2_laser_scan_matcher/share/ros2_laser_scan_matcher/hook/cmake_prefix_path.sh'
[4.574s] Level 1:colcon.colcon_core.environment:checking '/home/qty/ros2_ws/install/ros2_laser_scan_matcher/lib'
[4.574s] Level 1:colcon.colcon_core.environment:checking '/home/qty/ros2_ws/install/ros2_laser_scan_matcher/bin'
[4.575s] Level 1:colcon.colcon_core.environment:checking '/home/qty/ros2_ws/install/ros2_laser_scan_matcher/lib/pkgconfig/ros2_laser_scan_matcher.pc'
[4.575s] Level 1:colcon.colcon_core.environment:checking '/home/qty/ros2_ws/install/ros2_laser_scan_matcher/lib/python3.8/site-packages'
[4.575s] Level 1:colcon.colcon_core.environment:checking '/home/qty/ros2_ws/install/ros2_laser_scan_matcher/bin'
[4.617s] INFO:colcon.colcon_core.shell:Creating package script '/home/qty/ros2_ws/install/ros2_laser_scan_matcher/share/ros2_laser_scan_matcher/package.ps1'
[4.617s] INFO:colcon.colcon_core.shell:Creating package descriptor '/home/qty/ros2_ws/install/ros2_laser_scan_matcher/share/ros2_laser_scan_matcher/package.dsv'
[4.618s] INFO:colcon.colcon_core.shell:Creating package script '/home/qty/ros2_ws/install/ros2_laser_scan_matcher/share/ros2_laser_scan_matcher/package.sh'
[4.618s] INFO:colcon.colcon_core.shell:Creating package script '/home/qty/ros2_ws/install/ros2_laser_scan_matcher/share/ros2_laser_scan_matcher/package.bash'
[4.618s] INFO:colcon.colcon_core.shell:Creating package script '/home/qty/ros2_ws/install/ros2_laser_scan_matcher/share/ros2_laser_scan_matcher/package.zsh'
[4.618s] Level 1:colcon.colcon_core.environment:create_file_with_runtime_dependencies(/home/qty/ros2_ws/install/ros2_laser_scan_matcher/share/colcon-core/packages/ros2_laser_scan_matcher)
[4.649s] Level 1:colcon.colcon_core.environment:create_environment_scripts_only(slam_toolbox)
[4.678s] Level 1:colcon.colcon_core.environment:checking '/home/qty/ros2_ws/install/slam_toolbox' for CMake module files
[4.679s] Level 1:colcon.colcon_core.environment:checking '/home/qty/ros2_ws/install/slam_toolbox' for CMake config files
[4.679s] Level 1:colcon.colcon_core.shell:create_environment_hook('slam_toolbox', 'cmake_prefix_path')
[4.708s] INFO:colcon.colcon_core.shell:Creating environment hook '/home/qty/ros2_ws/install/slam_toolbox/share/slam_toolbox/hook/cmake_prefix_path.ps1'
[4.709s] INFO:colcon.colcon_core.shell:Creating environment descriptor '/home/qty/ros2_ws/install/slam_toolbox/share/slam_toolbox/hook/cmake_prefix_path.dsv'
[4.709s] INFO:colcon.colcon_core.shell:Creating environment hook '/home/qty/ros2_ws/install/slam_toolbox/share/slam_toolbox/hook/cmake_prefix_path.sh'
[4.709s] Level 1:colcon.colcon_core.environment:checking '/home/qty/ros2_ws/install/slam_toolbox/lib'
[4.709s] Level 1:colcon.colcon_core.shell:create_environment_hook('slam_toolbox', 'ld_library_path_lib')
[4.739s] INFO:colcon.colcon_core.shell:Creating environment hook '/home/qty/ros2_ws/install/slam_toolbox/share/slam_toolbox/hook/ld_library_path_lib.ps1'
[4.739s] INFO:colcon.colcon_core.shell:Creating environment descriptor '/home/qty/ros2_ws/install/slam_toolbox/share/slam_toolbox/hook/ld_library_path_lib.dsv'
[4.739s] INFO:colcon.colcon_core.shell:Creating environment hook '/home/qty/ros2_ws/install/slam_toolbox/share/slam_toolbox/hook/ld_library_path_lib.sh'
[4.739s] Level 1:colcon.colcon_core.environment:checking '/home/qty/ros2_ws/install/slam_toolbox/bin'
[4.739s] Level 1:colcon.colcon_core.environment:checking '/home/qty/ros2_ws/install/slam_toolbox/lib/pkgconfig/slam_toolbox.pc'
[4.740s] Level 1:colcon.colcon_core.environment:checking '/home/qty/ros2_ws/install/slam_toolbox/lib/python3.8/site-packages'
[4.740s] Level 1:colcon.colcon_core.shell:create_environment_hook('slam_toolbox', 'pythonpath')
[4.768s] INFO:colcon.colcon_core.shell:Creating environment hook '/home/qty/ros2_ws/install/slam_toolbox/share/slam_toolbox/hook/pythonpath.ps1'
[4.769s] INFO:colcon.colcon_core.shell:Creating environment descriptor '/home/qty/ros2_ws/install/slam_toolbox/share/slam_toolbox/hook/pythonpath.dsv'
[4.769s] INFO:colcon.colcon_core.shell:Creating environment hook '/home/qty/ros2_ws/install/slam_toolbox/share/slam_toolbox/hook/pythonpath.sh'
[4.769s] Level 1:colcon.colcon_core.environment:checking '/home/qty/ros2_ws/install/slam_toolbox/bin'
[4.798s] INFO:colcon.colcon_core.shell:Creating package script '/home/qty/ros2_ws/install/slam_toolbox/share/slam_toolbox/package.ps1'
[4.799s] INFO:colcon.colcon_core.shell:Creating package descriptor '/home/qty/ros2_ws/install/slam_toolbox/share/slam_toolbox/package.dsv'
[4.799s] INFO:colcon.colcon_core.shell:Creating package script '/home/qty/ros2_ws/install/slam_toolbox/share/slam_toolbox/package.sh'
[4.800s] INFO:colcon.colcon_core.shell:Creating package script '/home/qty/ros2_ws/install/slam_toolbox/share/slam_toolbox/package.bash'
[4.800s] INFO:colcon.colcon_core.shell:Creating package script '/home/qty/ros2_ws/install/slam_toolbox/share/slam_toolbox/package.zsh'
[4.800s] Level 1:colcon.colcon_core.environment:create_file_with_runtime_dependencies(/home/qty/ros2_ws/install/slam_toolbox/share/colcon-core/packages/slam_toolbox)
[6.280s] DEBUG:colcon.colcon_core.event_handler.log_command:Invoked command in '/home/qty/ros2_ws/build/rplidar_ros' returned '0': CMAKE_PREFIX_PATH=${CMAKE_PREFIX_PATH}:/home/qty/ros2_ws/install/hoverBoardController:/home/qty/ros2_ws/install/examples_rclpy_minimal_subscriber:/home/qty/ros2_ws/install/examples_rclpy_minimal_service:/home/qty/ros2_ws/install/examples_rclpy_minimal_publisher:/home/qty/ros2_ws/install/examples_rclpy_minimal_client:/home/qty/ros2_ws/install/examples_rclpy_minimal_action_server:/home/qty/ros2_ws/install/examples_rclpy_minimal_action_client:/home/qty/ros2_ws/install/examples_rclpy_executors:/opt/ros/foxy /usr/bin/cmake --build /home/qty/ros2_ws/build/rplidar_ros -- -j16 -l16
[6.306s] DEBUG:colcon.colcon_core.event_handler.log_command:Invoking command in '/home/qty/ros2_ws/build/rplidar_ros': CMAKE_PREFIX_PATH=${CMAKE_PREFIX_PATH}:/home/qty/ros2_ws/install/hoverBoardController:/home/qty/ros2_ws/install/examples_rclpy_minimal_subscriber:/home/qty/ros2_ws/install/examples_rclpy_minimal_service:/home/qty/ros2_ws/install/examples_rclpy_minimal_publisher:/home/qty/ros2_ws/install/examples_rclpy_minimal_client:/home/qty/ros2_ws/install/examples_rclpy_minimal_action_server:/home/qty/ros2_ws/install/examples_rclpy_minimal_action_client:/home/qty/ros2_ws/install/examples_rclpy_executors:/opt/ros/foxy /usr/bin/cmake --install /home/qty/ros2_ws/build/rplidar_ros
[6.327s] Level 1:colcon.colcon_core.environment:create_environment_scripts_only(rplidar_ros)
[6.327s] DEBUG:colcon.colcon_core.event_handler.log_command:Invoked command in '/home/qty/ros2_ws/build/rplidar_ros' returned '0': CMAKE_PREFIX_PATH=${CMAKE_PREFIX_PATH}:/home/qty/ros2_ws/install/hoverBoardController:/home/qty/ros2_ws/install/examples_rclpy_minimal_subscriber:/home/qty/ros2_ws/install/examples_rclpy_minimal_service:/home/qty/ros2_ws/install/examples_rclpy_minimal_publisher:/home/qty/ros2_ws/install/examples_rclpy_minimal_client:/home/qty/ros2_ws/install/examples_rclpy_minimal_action_server:/home/qty/ros2_ws/install/examples_rclpy_minimal_action_client:/home/qty/ros2_ws/install/examples_rclpy_executors:/opt/ros/foxy /usr/bin/cmake --install /home/qty/ros2_ws/build/rplidar_ros
[6.358s] Level 1:colcon.colcon_core.environment:checking '/home/qty/ros2_ws/install/rplidar_ros' for CMake module files
[6.358s] Level 1:colcon.colcon_core.environment:checking '/home/qty/ros2_ws/install/rplidar_ros' for CMake config files
[6.358s] Level 1:colcon.colcon_core.shell:create_environment_hook('rplidar_ros', 'cmake_prefix_path')
[6.387s] INFO:colcon.colcon_core.shell:Creating environment hook '/home/qty/ros2_ws/install/rplidar_ros/share/rplidar_ros/hook/cmake_prefix_path.ps1'
[6.388s] INFO:colcon.colcon_core.shell:Creating environment descriptor '/home/qty/ros2_ws/install/rplidar_ros/share/rplidar_ros/hook/cmake_prefix_path.dsv'
[6.388s] INFO:colcon.colcon_core.shell:Creating environment hook '/home/qty/ros2_ws/install/rplidar_ros/share/rplidar_ros/hook/cmake_prefix_path.sh'
[6.388s] Level 1:colcon.colcon_core.environment:checking '/home/qty/ros2_ws/install/rplidar_ros/lib'
[6.388s] Level 1:colcon.colcon_core.shell:create_environment_hook('rplidar_ros', 'ld_library_path_lib')
[6.417s] INFO:colcon.colcon_core.shell:Creating environment hook '/home/qty/ros2_ws/install/rplidar_ros/share/rplidar_ros/hook/ld_library_path_lib.ps1'
[6.417s] INFO:colcon.colcon_core.shell:Creating environment descriptor '/home/qty/ros2_ws/install/rplidar_ros/share/rplidar_ros/hook/ld_library_path_lib.dsv'
[6.417s] INFO:colcon.colcon_core.shell:Creating environment hook '/home/qty/ros2_ws/install/rplidar_ros/share/rplidar_ros/hook/ld_library_path_lib.sh'
[6.418s] Level 1:colcon.colcon_core.environment:checking '/home/qty/ros2_ws/install/rplidar_ros/bin'
[6.418s] Level 1:colcon.colcon_core.environment:checking '/home/qty/ros2_ws/install/rplidar_ros/lib/pkgconfig/rplidar_ros.pc'
[6.418s] Level 1:colcon.colcon_core.environment:checking '/home/qty/ros2_ws/install/rplidar_ros/lib/python3.8/site-packages'
[6.418s] Level 1:colcon.colcon_core.environment:checking '/home/qty/ros2_ws/install/rplidar_ros/bin'
[6.446s] INFO:colcon.colcon_core.shell:Creating package script '/home/qty/ros2_ws/install/rplidar_ros/share/rplidar_ros/package.ps1'
[6.446s] INFO:colcon.colcon_core.shell:Creating package descriptor '/home/qty/ros2_ws/install/rplidar_ros/share/rplidar_ros/package.dsv'
[6.446s] INFO:colcon.colcon_core.shell:Creating package script '/home/qty/ros2_ws/install/rplidar_ros/share/rplidar_ros/package.sh'
[6.447s] INFO:colcon.colcon_core.shell:Creating package script '/home/qty/ros2_ws/install/rplidar_ros/share/rplidar_ros/package.bash'
[6.447s] INFO:colcon.colcon_core.shell:Creating package script '/home/qty/ros2_ws/install/rplidar_ros/share/rplidar_ros/package.zsh'
[6.447s] Level 1:colcon.colcon_core.environment:create_file_with_runtime_dependencies(/home/qty/ros2_ws/install/rplidar_ros/share/colcon-core/packages/rplidar_ros)
[6.501s] Level 1:colcon.colcon_core.environment:create_environment_scripts_only(rplidar_ros)
[6.529s] Level 1:colcon.colcon_core.environment:checking '/home/qty/ros2_ws/install/rplidar_ros' for CMake module files
[6.529s] Level 1:colcon.colcon_core.environment:checking '/home/qty/ros2_ws/install/rplidar_ros' for CMake config files
[6.530s] Level 1:colcon.colcon_core.shell:create_environment_hook('rplidar_ros', 'cmake_prefix_path')
[6.558s] INFO:colcon.colcon_core.shell:Creating environment hook '/home/qty/ros2_ws/install/rplidar_ros/share/rplidar_ros/hook/cmake_prefix_path.ps1'
[6.558s] INFO:colcon.colcon_core.shell:Creating environment descriptor '/home/qty/ros2_ws/install/rplidar_ros/share/rplidar_ros/hook/cmake_prefix_path.dsv'
[6.558s] INFO:colcon.colcon_core.shell:Creating environment hook '/home/qty/ros2_ws/install/rplidar_ros/share/rplidar_ros/hook/cmake_prefix_path.sh'
[6.558s] Level 1:colcon.colcon_core.environment:checking '/home/qty/ros2_ws/install/rplidar_ros/lib'
[6.559s] Level 1:colcon.colcon_core.shell:create_environment_hook('rplidar_ros', 'ld_library_path_lib')
[6.587s] INFO:colcon.colcon_core.shell:Creating environment hook '/home/qty/ros2_ws/install/rplidar_ros/share/rplidar_ros/hook/ld_library_path_lib.ps1'
[6.588s] INFO:colcon.colcon_core.shell:Creating environment descriptor '/home/qty/ros2_ws/install/rplidar_ros/share/rplidar_ros/hook/ld_library_path_lib.dsv'
[6.588s] INFO:colcon.colcon_core.shell:Creating environment hook '/home/qty/ros2_ws/install/rplidar_ros/share/rplidar_ros/hook/ld_library_path_lib.sh'
[6.588s] Level 1:colcon.colcon_core.environment:checking '/home/qty/ros2_ws/install/rplidar_ros/bin'
[6.588s] Level 1:colcon.colcon_core.environment:checking '/home/qty/ros2_ws/install/rplidar_ros/lib/pkgconfig/rplidar_ros.pc'
[6.588s] Level 1:colcon.colcon_core.environment:checking '/home/qty/ros2_ws/install/rplidar_ros/lib/python3.8/site-packages'
[6.588s] Level 1:colcon.colcon_core.environment:checking '/home/qty/ros2_ws/install/rplidar_ros/bin'
[6.616s] INFO:colcon.colcon_core.shell:Creating package script '/home/qty/ros2_ws/install/rplidar_ros/share/rplidar_ros/package.ps1'
[6.617s] INFO:colcon.colcon_core.shell:Creating package descriptor '/home/qty/ros2_ws/install/rplidar_ros/share/rplidar_ros/package.dsv'
[6.617s] INFO:colcon.colcon_core.shell:Creating package script '/home/qty/ros2_ws/install/rplidar_ros/share/rplidar_ros/package.sh'
[6.617s] INFO:colcon.colcon_core.shell:Creating package script '/home/qty/ros2_ws/install/rplidar_ros/share/rplidar_ros/package.bash'
[6.618s] INFO:colcon.colcon_core.shell:Creating package script '/home/qty/ros2_ws/install/rplidar_ros/share/rplidar_ros/package.zsh'
[6.618s] Level 1:colcon.colcon_core.environment:create_file_with_runtime_dependencies(/home/qty/ros2_ws/install/rplidar_ros/share/colcon-core/packages/rplidar_ros)
[6.618s] DEBUG:colcon.colcon_parallel_executor.executor.parallel:closing loop
[6.618s] DEBUG:colcon.colcon_parallel_executor.executor.parallel:loop closed
[6.618s] DEBUG:colcon.colcon_parallel_executor.executor.parallel:run_until_complete finished with '0'
[6.618s] DEBUG:colcon.colcon_core.event_reactor:joining thread
[6.652s] INFO:colcon.colcon_core.plugin_system:Skipping extension 'colcon_notification.desktop_notification.terminal_notifier': Not used on non-Darwin systems
[6.652s] INFO:colcon.colcon_core.plugin_system:Skipping extension 'colcon_notification.desktop_notification.win32': Not used on non-Windows systems
[6.652s] INFO:colcon.colcon_notification.desktop_notification:Sending desktop notification using 'notify2'
[6.663s] DEBUG:colcon.colcon_core.event_reactor:joined thread
[6.693s] INFO:colcon.colcon_core.shell:Creating prefix script '/home/qty/ros2_ws/install/local_setup.ps1'
[6.693s] INFO:colcon.colcon_core.shell:Creating prefix util module '/home/qty/ros2_ws/install/_local_setup_util_ps1.py'
[6.694s] INFO:colcon.colcon_core.shell:Creating prefix chain script '/home/qty/ros2_ws/install/setup.ps1'
[6.724s] INFO:colcon.colcon_core.shell:Creating prefix script '/home/qty/ros2_ws/install/local_setup.sh'
[6.725s] INFO:colcon.colcon_core.shell:Creating prefix util module '/home/qty/ros2_ws/install/_local_setup_util_sh.py'
[6.725s] INFO:colcon.colcon_core.shell:Creating prefix chain script '/home/qty/ros2_ws/install/setup.sh'
[6.755s] INFO:colcon.colcon_core.shell:Creating prefix script '/home/qty/ros2_ws/install/local_setup.bash'
[6.755s] INFO:colcon.colcon_core.shell:Creating prefix chain script '/home/qty/ros2_ws/install/setup.bash'
[6.785s] INFO:colcon.colcon_core.shell:Creating prefix script '/home/qty/ros2_ws/install/local_setup.zsh'
[6.785s] INFO:colcon.colcon_core.shell:Creating prefix chain script '/home/qty/ros2_ws/install/setup.zsh'
