[0.466s] Invoking command in '/home/qty/ros2_ws/build/rplidar_ros': CMAKE_PREFIX_PATH=${CMAKE_PREFIX_PATH}:/home/qty/ros2_ws/install/hoverboard_controller:/opt/ros/foxy /usr/bin/cmake --build /home/qty/ros2_ws/build/rplidar_ros -- -j16 -l16
[0.564s] [ 11%] Built target rplidarNodeClient
[0.565s] [ 72%] Built target rplidarNode
[0.565s] [ 88%] Built target rplidar_composition_node
[0.607s] [100%] Built target rplidar_composition
[0.809s] Invoked command in '/home/qty/ros2_ws/build/rplidar_ros' returned '0': CMAKE_PREFIX_PATH=${CMAKE_PREFIX_PATH}:/home/qty/ros2_ws/install/hoverboard_controller:/opt/ros/foxy /usr/bin/cmake --build /home/qty/ros2_ws/build/rplidar_ros -- -j16 -l16
[1.010s] Invoking command in '/home/qty/ros2_ws/build/rplidar_ros': CMAKE_PREFIX_PATH=${CMAKE_PREFIX_PATH}:/home/qty/ros2_ws/install/hoverboard_controller:/opt/ros/foxy /usr/bin/cmake --install /home/qty/ros2_ws/build/rplidar_ros
[1.016s] -- Install configuration: ""
[1.016s] -- Execute custom install script
[1.019s] -- Up-to-date symlink: /home/qty/ros2_ws/install/rplidar_ros/lib/rplidar_ros/rplidarNode
[1.020s] -- Up-to-date symlink: /home/qty/ros2_ws/install/rplidar_ros/lib/rplidar_ros/rplidarNodeClient
[1.020s] -- Up-to-date symlink: /home/qty/ros2_ws/install/rplidar_ros/lib/rplidar_ros/rplidar_composition
[1.020s] -- Up-to-date symlink: /home/qty/ros2_ws/install/rplidar_ros/share/rplidar_ros/launch/rplidar.launch.py
[1.020s] -- Up-to-date symlink: /home/qty/ros2_ws/install/rplidar_ros/share/rplidar_ros/launch/rplidar_a3.launch.py
[1.020s] -- Up-to-date symlink: /home/qty/ros2_ws/install/rplidar_ros/share/rplidar_ros/launch/rplidar_s1.launch.py
[1.020s] -- Up-to-date symlink: /home/qty/ros2_ws/install/rplidar_ros/share/rplidar_ros/launch/rplidar_s1_tcp.launch.py
[1.021s] -- Up-to-date symlink: /home/qty/ros2_ws/install/rplidar_ros/share/rplidar_ros/launch/test_rplidar.launch.py
[1.021s] -- Up-to-date symlink: /home/qty/ros2_ws/install/rplidar_ros/share/rplidar_ros/launch/test_rplidar_a3.launch.py
[1.021s] -- Up-to-date symlink: /home/qty/ros2_ws/install/rplidar_ros/share/rplidar_ros/launch/view_rplidar.launch.py
[1.022s] -- Up-to-date symlink: /home/qty/ros2_ws/install/rplidar_ros/share/rplidar_ros/launch/view_rplidar_a3.launch.py
[1.022s] -- Up-to-date symlink: /home/qty/ros2_ws/install/rplidar_ros/share/rplidar_ros/launch/view_rplidar_s1.launch.py
[1.023s] -- Up-to-date symlink: /home/qty/ros2_ws/install/rplidar_ros/share/rplidar_ros/launch/view_rplidar_s1_tcp.launch.py
[1.024s] -- Up-to-date symlink: /home/qty/ros2_ws/install/rplidar_ros/share/rplidar_ros/rviz/rplidar.rviz
[1.027s] -- Up-to-date symlink: /home/qty/ros2_ws/install/rplidar_ros/lib/librplidar_composition_node.so
[1.027s] -- Up-to-date symlink: /home/qty/ros2_ws/install/rplidar_ros/include/rplidar_node.hpp
[1.027s] -- Up-to-date symlink: /home/qty/ros2_ws/install/rplidar_ros/include/visibility.h
[1.027s] -- Up-to-date symlink: /home/qty/ros2_ws/install/rplidar_ros/lib/rplidar_ros/rplidarNode
[1.028s] -- Up-to-date symlink: /home/qty/ros2_ws/install/rplidar_ros/lib/rplidar_ros/rplidarNodeClient
[1.030s] -- Up-to-date symlink: /home/qty/ros2_ws/install/rplidar_ros/lib/rplidar_ros/rplidar_composition
[1.030s] -- Up-to-date symlink: /home/qty/ros2_ws/install/rplidar_ros/share/ament_index/resource_index/package_run_dependencies/rplidar_ros
[1.031s] -- Up-to-date symlink: /home/qty/ros2_ws/install/rplidar_ros/share/ament_index/resource_index/parent_prefix_path/rplidar_ros
[1.031s] -- Up-to-date symlink: /home/qty/ros2_ws/install/rplidar_ros/share/rplidar_ros/environment/ament_prefix_path.sh
[1.031s] -- Up-to-date symlink: /home/qty/ros2_ws/install/rplidar_ros/share/rplidar_ros/environment/ament_prefix_path.dsv
[1.032s] -- Up-to-date symlink: /home/qty/ros2_ws/install/rplidar_ros/share/rplidar_ros/environment/path.sh
[1.032s] -- Up-to-date symlink: /home/qty/ros2_ws/install/rplidar_ros/share/rplidar_ros/environment/path.dsv
[1.032s] -- Up-to-date symlink: /home/qty/ros2_ws/install/rplidar_ros/share/rplidar_ros/local_setup.bash
[1.032s] -- Up-to-date symlink: /home/qty/ros2_ws/install/rplidar_ros/share/rplidar_ros/local_setup.sh
[1.033s] -- Up-to-date symlink: /home/qty/ros2_ws/install/rplidar_ros/share/rplidar_ros/local_setup.zsh
[1.033s] -- Up-to-date symlink: /home/qty/ros2_ws/install/rplidar_ros/share/rplidar_ros/local_setup.dsv
[1.033s] -- Symlinking: /home/qty/ros2_ws/install/rplidar_ros/share/rplidar_ros/package.dsv
[1.044s] -- Up-to-date symlink: /home/qty/ros2_ws/install/rplidar_ros/share/ament_index/resource_index/packages/rplidar_ros
[1.046s] -- Up-to-date symlink: /home/qty/ros2_ws/install/rplidar_ros/share/rplidar_ros/cmake/ament_cmake_export_dependencies-extras.cmake
[1.046s] -- Up-to-date symlink: /home/qty/ros2_ws/install/rplidar_ros/share/rplidar_ros/cmake/ament_cmake_export_include_directories-extras.cmake
[1.046s] -- Up-to-date symlink: /home/qty/ros2_ws/install/rplidar_ros/share/rplidar_ros/cmake/rplidar_rosConfig.cmake
[1.047s] -- Up-to-date symlink: /home/qty/ros2_ws/install/rplidar_ros/share/rplidar_ros/cmake/rplidar_rosConfig-version.cmake
[1.047s] -- Up-to-date symlink: /home/qty/ros2_ws/install/rplidar_ros/share/rplidar_ros/package.xml
[1.216s] Invoked command in '/home/qty/ros2_ws/build/rplidar_ros' returned '0': CMAKE_PREFIX_PATH=${CMAKE_PREFIX_PATH}:/home/qty/ros2_ws/install/hoverboard_controller:/opt/ros/foxy /usr/bin/cmake --install /home/qty/ros2_ws/build/rplidar_ros
