[0.078s] Invoking command in '/home/qty/ros2_ws/build/slam_gmapping': CMAKE_PREFIX_PATH=/home/qty/ros2_ws/install/openslam_gmapping:/home/qty/ros2_ws/install/slam_toolbox:/home/qty/ros2_ws/install/slam_gmapping:/home/qty/ros2_ws/install/rplidar_ros:/home/qty/ros2_ws/install/ros2_laser_scan_matcher:/home/qty/ros2_ws/install/hoverboard_msgs:/home/qty/ros2_ws/install/csm:/home/qty/ros2_ws/install/articubot_one:/home/qty/ros2_ws/install/hoverboard_controller:/opt/ros/foxy /usr/bin/cmake /home/qty/ros2_ws/src/slam_gmapping/slam_gmapping -DAMENT_CMAKE_SYMLINK_INSTALL=1 -DCMAKE_INSTALL_PREFIX=/home/qty/ros2_ws/install/slam_gmapping
[0.095s]  -fuse-ld=lld -Wl,--disable-new-dtags
[0.095s] -- Found ament_cmake: 0.9.12 (/opt/ros/foxy/share/ament_cmake/cmake)
[0.129s] -- Using PYTHON_EXECUTABLE: /usr/bin/python3
[0.370s] -- Override CMake install command with custom implementation using symlinks instead of copying resources
[0.380s] -- Found std_msgs: 2.0.5 (/opt/ros/foxy/share/std_msgs/cmake)
[0.410s] -- Using all available rosidl_typesupport_c: rosidl_typesupport_fastrtps_c;rosidl_typesupport_introspection_c
[0.414s] -- Found rosidl_adapter: 1.3.1 (/opt/ros/foxy/share/rosidl_adapter/cmake)
[0.590s] -- Using all available rosidl_typesupport_cpp: rosidl_typesupport_fastrtps_cpp;rosidl_typesupport_introspection_cpp
[0.643s] -- Found nav_msgs: 2.0.5 (/opt/ros/foxy/share/nav_msgs/cmake)
[0.804s] -- Found tf2: 0.13.14 (/opt/ros/foxy/share/tf2/cmake)
[0.816s] -- Found tf2_ros: 0.13.14 (/opt/ros/foxy/share/tf2_ros/cmake)
[0.896s] -- Found rmw_implementation_cmake: 1.0.4 (/opt/ros/foxy/share/rmw_implementation_cmake/cmake)
[0.899s] -- Using RMW implementation 'rmw_fastrtps_cpp' as default
[1.481s] -- Found tf2_geometry_msgs: 0.13.14 (/opt/ros/foxy/share/tf2_geometry_msgs/cmake)
[1.489s] -- Found eigen3_cmake_module: 0.1.1 (/opt/ros/foxy/share/eigen3_cmake_module/cmake)
[1.520s] -- Found sensor_msgs: 2.0.5 (/opt/ros/foxy/share/sensor_msgs/cmake)
[1.600s] -- Found visualization_msgs: 2.0.5 (/opt/ros/foxy/share/visualization_msgs/cmake)
[1.683s] -- Found openslam_gmapping: 0.1.2 (/home/qty/ros2_ws/install/openslam_gmapping/share/openslam_gmapping/cmake)
[1.685s] -- Found ament_lint_auto: 0.9.8 (/opt/ros/foxy/share/ament_lint_auto/cmake)
[1.764s] -- Added test 'cppcheck' to perform static code analysis on C / C++ code
[1.764s] -- Configured cppcheck include dirs: /home/qty/ros2_ws/src/slam_gmapping/slam_gmapping/include
[1.764s] -- Configured cppcheck exclude dirs and/or files: 
[1.765s] -- Added test 'flake8' to check Python code syntax and style conventions
[1.765s] -- Added test 'lint_cmake' to check CMake code style
[1.765s] -- Added test 'pep257' to check Python code against some of the style conventions in PEP 257
[1.766s] -- Added test 'uncrustify' to check C / C++ code style
[1.766s] -- Configured uncrustify additional arguments: 
[1.766s] -- Added test 'xmllint' to check XML markup files
[1.769s] -- Configuring done
[1.782s] -- Generating done
[1.783s] -- Build files have been written to: /home/qty/ros2_ws/build/slam_gmapping
[1.791s] Invoked command in '/home/qty/ros2_ws/build/slam_gmapping' returned '0': CMAKE_PREFIX_PATH=/home/qty/ros2_ws/install/openslam_gmapping:/home/qty/ros2_ws/install/slam_toolbox:/home/qty/ros2_ws/install/slam_gmapping:/home/qty/ros2_ws/install/rplidar_ros:/home/qty/ros2_ws/install/ros2_laser_scan_matcher:/home/qty/ros2_ws/install/hoverboard_msgs:/home/qty/ros2_ws/install/csm:/home/qty/ros2_ws/install/articubot_one:/home/qty/ros2_ws/install/hoverboard_controller:/opt/ros/foxy /usr/bin/cmake /home/qty/ros2_ws/src/slam_gmapping/slam_gmapping -DAMENT_CMAKE_SYMLINK_INSTALL=1 -DCMAKE_INSTALL_PREFIX=/home/qty/ros2_ws/install/slam_gmapping
[1.794s] Invoking command in '/home/qty/ros2_ws/build/slam_gmapping': CMAKE_PREFIX_PATH=/home/qty/ros2_ws/install/openslam_gmapping:/home/qty/ros2_ws/install/slam_toolbox:/home/qty/ros2_ws/install/slam_gmapping:/home/qty/ros2_ws/install/rplidar_ros:/home/qty/ros2_ws/install/ros2_laser_scan_matcher:/home/qty/ros2_ws/install/hoverboard_msgs:/home/qty/ros2_ws/install/csm:/home/qty/ros2_ws/install/articubot_one:/home/qty/ros2_ws/install/hoverboard_controller:/opt/ros/foxy /usr/bin/cmake --build /home/qty/ros2_ws/build/slam_gmapping -- -j16 -l16
[1.855s] [100%] Built target slam_gmapping
[1.865s] Invoked command in '/home/qty/ros2_ws/build/slam_gmapping' returned '0': CMAKE_PREFIX_PATH=/home/qty/ros2_ws/install/openslam_gmapping:/home/qty/ros2_ws/install/slam_toolbox:/home/qty/ros2_ws/install/slam_gmapping:/home/qty/ros2_ws/install/rplidar_ros:/home/qty/ros2_ws/install/ros2_laser_scan_matcher:/home/qty/ros2_ws/install/hoverboard_msgs:/home/qty/ros2_ws/install/csm:/home/qty/ros2_ws/install/articubot_one:/home/qty/ros2_ws/install/hoverboard_controller:/opt/ros/foxy /usr/bin/cmake --build /home/qty/ros2_ws/build/slam_gmapping -- -j16 -l16
[1.891s] Invoking command in '/home/qty/ros2_ws/build/slam_gmapping': CMAKE_PREFIX_PATH=/home/qty/ros2_ws/install/openslam_gmapping:/home/qty/ros2_ws/install/slam_toolbox:/home/qty/ros2_ws/install/slam_gmapping:/home/qty/ros2_ws/install/rplidar_ros:/home/qty/ros2_ws/install/ros2_laser_scan_matcher:/home/qty/ros2_ws/install/hoverboard_msgs:/home/qty/ros2_ws/install/csm:/home/qty/ros2_ws/install/articubot_one:/home/qty/ros2_ws/install/hoverboard_controller:/opt/ros/foxy /usr/bin/cmake --install /home/qty/ros2_ws/build/slam_gmapping
[1.899s] -- Install configuration: ""
[1.900s] -- Execute custom install script
[1.900s] -- Up-to-date symlink: /home/qty/ros2_ws/install/slam_gmapping/lib/slam_gmapping/slam_gmapping
[1.901s] -- Up-to-date symlink: /home/qty/ros2_ws/install/slam_gmapping/share/slam_gmapping/launch/slam_gmapping.launch.py
[1.901s] -- Up-to-date symlink: /home/qty/ros2_ws/install/slam_gmapping/share/ament_index/resource_index/package_run_dependencies/slam_gmapping
[1.902s] -- Up-to-date symlink: /home/qty/ros2_ws/install/slam_gmapping/share/ament_index/resource_index/parent_prefix_path/slam_gmapping
[1.902s] -- Up-to-date symlink: /home/qty/ros2_ws/install/slam_gmapping/share/slam_gmapping/environment/ament_prefix_path.sh
[1.902s] -- Up-to-date symlink: /home/qty/ros2_ws/install/slam_gmapping/share/slam_gmapping/environment/ament_prefix_path.dsv
[1.903s] -- Up-to-date symlink: /home/qty/ros2_ws/install/slam_gmapping/share/slam_gmapping/environment/path.sh
[1.903s] -- Up-to-date symlink: /home/qty/ros2_ws/install/slam_gmapping/share/slam_gmapping/environment/path.dsv
[1.903s] -- Up-to-date symlink: /home/qty/ros2_ws/install/slam_gmapping/share/slam_gmapping/local_setup.bash
[1.903s] -- Up-to-date symlink: /home/qty/ros2_ws/install/slam_gmapping/share/slam_gmapping/local_setup.sh
[1.904s] -- Up-to-date symlink: /home/qty/ros2_ws/install/slam_gmapping/share/slam_gmapping/local_setup.zsh
[1.904s] -- Up-to-date symlink: /home/qty/ros2_ws/install/slam_gmapping/share/slam_gmapping/local_setup.dsv
[1.904s] -- Symlinking: /home/qty/ros2_ws/install/slam_gmapping/share/slam_gmapping/package.dsv
[1.914s] -- Up-to-date symlink: /home/qty/ros2_ws/install/slam_gmapping/share/ament_index/resource_index/packages/slam_gmapping
[1.914s] -- Up-to-date symlink: /home/qty/ros2_ws/install/slam_gmapping/share/slam_gmapping/cmake/slam_gmappingConfig.cmake
[1.914s] -- Up-to-date symlink: /home/qty/ros2_ws/install/slam_gmapping/share/slam_gmapping/cmake/slam_gmappingConfig-version.cmake
[1.915s] -- Up-to-date symlink: /home/qty/ros2_ws/install/slam_gmapping/share/slam_gmapping/package.xml
[1.917s] Invoked command in '/home/qty/ros2_ws/build/slam_gmapping' returned '0': CMAKE_PREFIX_PATH=/home/qty/ros2_ws/install/openslam_gmapping:/home/qty/ros2_ws/install/slam_toolbox:/home/qty/ros2_ws/install/slam_gmapping:/home/qty/ros2_ws/install/rplidar_ros:/home/qty/ros2_ws/install/ros2_laser_scan_matcher:/home/qty/ros2_ws/install/hoverboard_msgs:/home/qty/ros2_ws/install/csm:/home/qty/ros2_ws/install/articubot_one:/home/qty/ros2_ws/install/hoverboard_controller:/opt/ros/foxy /usr/bin/cmake --install /home/qty/ros2_ws/build/slam_gmapping
