[1.207s] Invoking command in '/home/qty/ros2_ws/build/examples_rclcpp_minimal_publisher': CMAKE_PREFIX_PATH=/opt/ros/foxy /usr/bin/cmake /home/qty/ros2_ws/src/examples/rclcpp/topics/minimal_publisher -DAMENT_CMAKE_SYMLINK_INSTALL=1 -DCMAKE_INSTALL_PREFIX=/home/qty/ros2_ws/install/examples_rclcpp_minimal_publisher
[3.325s] -- The C compiler identification is GNU 9.4.0
[3.326s] -- The CXX compiler identification is GNU 9.4.0
[3.326s] -- Check for working C compiler: /usr/bin/cc
[3.326s] -- Check for working C compiler: /usr/bin/cc -- works
[3.326s] -- Detecting C compiler ABI info
[3.326s] -- Detecting C compiler ABI info - done
[3.326s] -- Detecting C compile features
[3.326s] -- Detecting C compile features - done
[3.326s] -- Check for working CXX compiler: /usr/bin/c++
[3.326s] -- Check for working CXX compiler: /usr/bin/c++ -- works
[3.326s] -- Detecting CXX compiler ABI info
[3.327s] -- Detecting CXX compiler ABI info - done
[3.327s] -- Detecting CXX compile features
[3.327s] -- Detecting CXX compile features - done
[3.327s] -- Found ament_cmake: 0.9.12 (/opt/ros/foxy/share/ament_cmake/cmake)
[3.327s] -- Found PythonInterp: /usr/bin/python3 (found suitable version "3.8.10", minimum required is "3") 
[3.327s] -- Using PYTHON_EXECUTABLE: /usr/bin/python3
[3.327s] -- Override CMake install command with custom implementation using symlinks instead of copying resources
[3.327s] -- Found rclcpp: 2.4.3 (/opt/ros/foxy/share/rclcpp/cmake)
[3.327s] -- Using all available rosidl_typesupport_c: rosidl_typesupport_fastrtps_c;rosidl_typesupport_introspection_c
[3.327s] -- Found rosidl_adapter: 1.3.1 (/opt/ros/foxy/share/rosidl_adapter/cmake)
[3.328s] -- Found OpenSSL: /usr/lib/x86_64-linux-gnu/libcrypto.so (found version "1.1.1f")  
[3.328s] -- Found FastRTPS: /opt/ros/foxy/include  
[3.328s] -- Using all available rosidl_typesupport_cpp: rosidl_typesupport_fastrtps_cpp;rosidl_typesupport_introspection_cpp
[3.328s] -- Found rmw_implementation_cmake: 1.0.4 (/opt/ros/foxy/share/rmw_implementation_cmake/cmake)
[3.328s] -- Using RMW implementation 'rmw_fastrtps_cpp' as default
[3.328s] -- Looking for pthread.h
[3.328s] -- Looking for pthread.h - found
[3.328s] -- Performing Test CMAKE_HAVE_LIBC_PTHREAD
[3.328s] -- Performing Test CMAKE_HAVE_LIBC_PTHREAD - Failed
[3.328s] -- Looking for pthread_create in pthreads
[3.328s] -- Looking for pthread_create in pthreads - not found
[3.328s] -- Looking for pthread_create in pthread
[3.328s] -- Looking for pthread_create in pthread - found
[3.328s] -- Found Threads: TRUE  
[3.328s] -- Found ament_lint_auto: 0.9.8 (/opt/ros/foxy/share/ament_lint_auto/cmake)
[3.328s] -- Added test 'copyright' to check source files copyright and LICENSE
[3.328s] -- Added test 'cppcheck' to perform static code analysis on C / C++ code
[3.329s] -- Configured cppcheck include dirs: 
[3.329s] -- Configured cppcheck exclude dirs and/or files: 
[3.329s] -- Added test 'cpplint' to check C / C++ code against the Google style
[3.329s] -- Configured cpplint exclude dirs and/or files: 
[3.329s] -- Added test 'lint_cmake' to check CMake code style
[3.329s] -- Added test 'uncrustify' to check C / C++ code style
[3.329s] -- Configured uncrustify additional arguments: 
[3.329s] -- Added test 'xmllint' to check XML markup files
[3.329s] -- Configuring done
[3.329s] -- Generating done
[3.329s] -- Build files have been written to: /home/qty/ros2_ws/build/examples_rclcpp_minimal_publisher
[3.363s] Invoked command in '/home/qty/ros2_ws/build/examples_rclcpp_minimal_publisher' returned '0': CMAKE_PREFIX_PATH=/opt/ros/foxy /usr/bin/cmake /home/qty/ros2_ws/src/examples/rclcpp/topics/minimal_publisher -DAMENT_CMAKE_SYMLINK_INSTALL=1 -DCMAKE_INSTALL_PREFIX=/home/qty/ros2_ws/install/examples_rclcpp_minimal_publisher
[3.363s] Invoking command in '/home/qty/ros2_ws/build/examples_rclcpp_minimal_publisher': CMAKE_PREFIX_PATH=/opt/ros/foxy /usr/bin/cmake --build /home/qty/ros2_ws/build/examples_rclcpp_minimal_publisher -- -j16 -l16
[3.376s] [35m[1mScanning dependencies of target publisher_member_function[0m
[3.376s] [35m[1mScanning dependencies of target publisher_not_composable[0m
[3.376s] [35m[1mScanning dependencies of target publisher_lambda[0m
[3.426s] [ 16%] [32mBuilding CXX object CMakeFiles/publisher_member_function.dir/member_function.cpp.o[0m
[3.433s] [ 33%] [32mBuilding CXX object CMakeFiles/publisher_lambda.dir/lambda.cpp.o[0m
[3.444s] [ 50%] [32mBuilding CXX object CMakeFiles/publisher_not_composable.dir/not_composable.cpp.o[0m
[8.654s] [ 66%] [32m[1mLinking CXX executable publisher_lambda[0m
[8.815s] [ 83%] [32m[1mLinking CXX executable publisher_not_composable[0m
[9.023s] [ 83%] Built target publisher_lambda
[9.065s] [100%] [32m[1mLinking CXX executable publisher_member_function[0m
[9.155s] [100%] Built target publisher_not_composable
[9.397s] [100%] Built target publisher_member_function
[9.690s] Invoked command in '/home/qty/ros2_ws/build/examples_rclcpp_minimal_publisher' returned '0': CMAKE_PREFIX_PATH=/opt/ros/foxy /usr/bin/cmake --build /home/qty/ros2_ws/build/examples_rclcpp_minimal_publisher -- -j16 -l16
[9.926s] Invoking command in '/home/qty/ros2_ws/build/examples_rclcpp_minimal_publisher': CMAKE_PREFIX_PATH=/opt/ros/foxy /usr/bin/cmake --install /home/qty/ros2_ws/build/examples_rclcpp_minimal_publisher
[9.938s] -- Install configuration: ""
[9.938s] -- Execute custom install script
[9.939s] -- Symlinking: /home/qty/ros2_ws/install/examples_rclcpp_minimal_publisher/lib/examples_rclcpp_minimal_publisher/publisher_lambda
[9.944s] -- Symlinking: /home/qty/ros2_ws/install/examples_rclcpp_minimal_publisher/lib/examples_rclcpp_minimal_publisher/publisher_member_function
[9.956s] -- Symlinking: /home/qty/ros2_ws/install/examples_rclcpp_minimal_publisher/lib/examples_rclcpp_minimal_publisher/publisher_not_composable
[9.961s] -- Symlinking: /home/qty/ros2_ws/install/examples_rclcpp_minimal_publisher/share/ament_index/resource_index/package_run_dependencies/examples_rclcpp_minimal_publisher
[9.970s] -- Symlinking: /home/qty/ros2_ws/install/examples_rclcpp_minimal_publisher/share/ament_index/resource_index/parent_prefix_path/examples_rclcpp_minimal_publisher
[9.977s] -- Symlinking: /home/qty/ros2_ws/install/examples_rclcpp_minimal_publisher/share/examples_rclcpp_minimal_publisher/environment/ament_prefix_path.sh
[9.986s] -- Symlinking: /home/qty/ros2_ws/install/examples_rclcpp_minimal_publisher/share/examples_rclcpp_minimal_publisher/environment/ament_prefix_path.dsv
[9.994s] -- Symlinking: /home/qty/ros2_ws/install/examples_rclcpp_minimal_publisher/share/examples_rclcpp_minimal_publisher/environment/path.sh
[10.002s] -- Symlinking: /home/qty/ros2_ws/install/examples_rclcpp_minimal_publisher/share/examples_rclcpp_minimal_publisher/environment/path.dsv
[10.010s] -- Symlinking: /home/qty/ros2_ws/install/examples_rclcpp_minimal_publisher/share/examples_rclcpp_minimal_publisher/local_setup.bash
[10.018s] -- Symlinking: /home/qty/ros2_ws/install/examples_rclcpp_minimal_publisher/share/examples_rclcpp_minimal_publisher/local_setup.sh
[10.026s] -- Symlinking: /home/qty/ros2_ws/install/examples_rclcpp_minimal_publisher/share/examples_rclcpp_minimal_publisher/local_setup.zsh
[10.034s] -- Symlinking: /home/qty/ros2_ws/install/examples_rclcpp_minimal_publisher/share/examples_rclcpp_minimal_publisher/local_setup.dsv
[10.043s] -- Symlinking: /home/qty/ros2_ws/install/examples_rclcpp_minimal_publisher/share/examples_rclcpp_minimal_publisher/package.dsv
[10.052s] -- Symlinking: /home/qty/ros2_ws/install/examples_rclcpp_minimal_publisher/share/ament_index/resource_index/packages/examples_rclcpp_minimal_publisher
[10.060s] -- Symlinking: /home/qty/ros2_ws/install/examples_rclcpp_minimal_publisher/share/examples_rclcpp_minimal_publisher/cmake/examples_rclcpp_minimal_publisherConfig.cmake
[10.068s] -- Symlinking: /home/qty/ros2_ws/install/examples_rclcpp_minimal_publisher/share/examples_rclcpp_minimal_publisher/cmake/examples_rclcpp_minimal_publisherConfig-version.cmake
[10.076s] -- Symlinking: /home/qty/ros2_ws/install/examples_rclcpp_minimal_publisher/share/examples_rclcpp_minimal_publisher/package.xml
[10.089s] Invoked command in '/home/qty/ros2_ws/build/examples_rclcpp_minimal_publisher' returned '0': CMAKE_PREFIX_PATH=/opt/ros/foxy /usr/bin/cmake --install /home/qty/ros2_ws/build/examples_rclcpp_minimal_publisher
