[0.091s] Invoking command in '/home/qty/ros2_ws/build/rplidar_ros': CMAKE_PREFIX_PATH=/opt/ros/foxy /usr/bin/cmake /home/qty/ros2_ws/src/rplidar_ros2 -DAMENT_CMAKE_SYMLINK_INSTALL=1 -DCMAKE_INSTALL_PREFIX=/home/qty/ros2_ws/install/rplidar_ros
[0.180s] -- The C compiler identification is GNU 9.4.0
[0.250s] -- The CXX compiler identification is GNU 9.4.0
[0.254s] -- Check for working C compiler: /usr/bin/cc
[0.299s] -- Check for working C compiler: /usr/bin/cc -- works
[0.299s] -- Detecting C compiler ABI info
[0.341s] -- Detecting C compiler ABI info - done
[0.356s] -- Detecting C compile features
[0.356s] -- Detecting C compile features - done
[0.360s] -- Check for working CXX compiler: /usr/bin/c++
[0.411s] -- Check for working CXX compiler: /usr/bin/c++ -- works
[0.413s] -- Detecting CXX compiler ABI info
[0.465s] -- Detecting CXX compiler ABI info - done
[0.483s] -- Detecting CXX compile features
[0.483s] -- Detecting CXX compile features - done
[0.483s] -- Found ament_cmake_auto: 0.9.12 (/opt/ros/foxy/share/ament_cmake_auto/cmake)
[0.504s] -- Found PythonInterp: /usr/bin/python3 (found suitable version "3.8.10", minimum required is "3") 
[0.504s] -- Using PYTHON_EXECUTABLE: /usr/bin/python3
[0.625s] -- Override CMake install command with custom implementation using symlinks instead of copying resources
[0.655s] -- Found ament_cmake_ros: 0.9.2 (/opt/ros/foxy/share/ament_cmake_ros/cmake)
[0.753s] -- Using all available rosidl_typesupport_c: rosidl_typesupport_fastrtps_c;rosidl_typesupport_introspection_c
[0.758s] -- Found rosidl_adapter: 1.3.1 (/opt/ros/foxy/share/rosidl_adapter/cmake)
[0.809s] -- Found OpenSSL: /usr/lib/x86_64-linux-gnu/libcrypto.so (found version "1.1.1f")  
[0.827s] -- Found FastRTPS: /opt/ros/foxy/include  
[0.884s] -- Using all available rosidl_typesupport_cpp: rosidl_typesupport_fastrtps_cpp;rosidl_typesupport_introspection_cpp
[0.930s] -- Found rmw_implementation_cmake: 1.0.4 (/opt/ros/foxy/share/rmw_implementation_cmake/cmake)
[0.932s] -- Using RMW implementation 'rmw_fastrtps_cpp' as default
[0.933s] -- Looking for pthread.h
[0.981s] -- Looking for pthread.h - found
[0.981s] -- Performing Test CMAKE_HAVE_LIBC_PTHREAD
[1.026s] -- Performing Test CMAKE_HAVE_LIBC_PTHREAD - Failed
[1.026s] -- Looking for pthread_create in pthreads
[1.064s] -- Looking for pthread_create in pthreads - not found
[1.064s] -- Looking for pthread_create in pthread
[1.105s] -- Looking for pthread_create in pthread - found
[1.106s] -- Found Threads: TRUE  
[1.378s] -- Configuring done
[1.396s] -- Generating done
[1.397s] -- Build files have been written to: /home/qty/ros2_ws/build/rplidar_ros
[1.401s] Invoked command in '/home/qty/ros2_ws/build/rplidar_ros' returned '0': CMAKE_PREFIX_PATH=/opt/ros/foxy /usr/bin/cmake /home/qty/ros2_ws/src/rplidar_ros2 -DAMENT_CMAKE_SYMLINK_INSTALL=1 -DCMAKE_INSTALL_PREFIX=/home/qty/ros2_ws/install/rplidar_ros
[1.403s] Invoking command in '/home/qty/ros2_ws/build/rplidar_ros': CMAKE_PREFIX_PATH=/opt/ros/foxy /usr/bin/cmake --build /home/qty/ros2_ws/build/rplidar_ros -- -j16 -l16
[1.427s] [35m[1mScanning dependencies of target rplidarNodeClient[0m
[1.427s] [35m[1mScanning dependencies of target rplidar_composition_node[0m
[1.427s] [35m[1mScanning dependencies of target rplidarNode[0m
[1.476s] [ 11%] [32mBuilding CXX object CMakeFiles/rplidar_composition_node.dir/sdk/src/rplidar_driver.cpp.o[0m
[1.476s] [ 11%] [32mBuilding CXX object CMakeFiles/rplidarNodeClient.dir/src/client.cpp.o[0m
[1.476s] [ 16%] [32mBuilding CXX object CMakeFiles/rplidarNode.dir/src/node.cpp.o[0m
[1.476s] [ 27%] [32mBuilding CXX object CMakeFiles/rplidarNode.dir/sdk/src/arch/linux/net_serial.cpp.o[0m
[1.476s] [ 27%] [32mBuilding CXX object CMakeFiles/rplidarNode.dir/sdk/src/hal/thread.cpp.o[0m
[1.476s] [ 38%] [32mBuilding CXX object CMakeFiles/rplidar_composition_node.dir/src/rplidar_node.cpp.o[0m
[1.477s] [ 38%] [32mBuilding CXX object CMakeFiles/rplidarNode.dir/sdk/src/arch/linux/net_socket.cpp.o[0m
[1.477s] [ 44%] [32mBuilding CXX object CMakeFiles/rplidarNode.dir/sdk/src/arch/linux/timer.cpp.o[0m
[1.477s] [ 50%] [32mBuilding CXX object CMakeFiles/rplidar_composition_node.dir/sdk/src/arch/linux/net_socket.cpp.o[0m
[1.477s] [ 55%] [32mBuilding CXX object CMakeFiles/rplidarNode.dir/sdk/src/rplidar_driver.cpp.o[0m
[1.477s] [ 61%] [32mBuilding CXX object CMakeFiles/rplidar_composition_node.dir/sdk/src/arch/linux/timer.cpp.o[0m
[1.477s] [ 66%] [32mBuilding CXX object CMakeFiles/rplidar_composition_node.dir/sdk/src/hal/thread.cpp.o[0m
[1.477s] [ 72%] [32mBuilding CXX object CMakeFiles/rplidar_composition_node.dir/sdk/src/arch/linux/net_serial.cpp.o[0m
[1.579s] In file included from [01m[K/home/qty/ros2_ws/src/rplidar_ros2/src/rplidar_node.cpp:36[m[K:
[1.579s] [01m[K/home/qty/ros2_ws/src/rplidar_ros2/include/rplidar_node.hpp:50:[m[K [01;35m[Kwarning: [m[K"M_PI" redefined
[1.579s]    50 | #define M_PI 3.1415926535897932384626433832795
[1.579s]       | 
[1.579s] In file included from [01m[K/usr/include/c++/9/cmath:45[m[K,
[1.580s]                  from [01m[K/opt/ros/foxy/include/libstatistics_collector/moving_average_statistics/types.hpp:18[m[K,
[1.580s]                  from [01m[K/opt/ros/foxy/include/libstatistics_collector/collector/generate_statistics_message.hpp:24[m[K,
[1.580s]                  from [01m[K/opt/ros/foxy/include/rclcpp/topic_statistics/subscription_topic_statistics.hpp:23[m[K,
[1.580s]                  from [01m[K/opt/ros/foxy/include/rclcpp/subscription.hpp:50[m[K,
[1.580s]                  from [01m[K/opt/ros/foxy/include/rclcpp/any_executable.hpp:25[m[K,
[1.580s]                  from [01m[K/opt/ros/foxy/include/rclcpp/memory_strategy.hpp:24[m[K,
[1.580s]                  from [01m[K/opt/ros/foxy/include/rclcpp/memory_strategies.hpp:18[m[K,
[1.580s]                  from [01m[K/opt/ros/foxy/include/rclcpp/executor_options.hpp:20[m[K,
[1.580s]                  from [01m[K/opt/ros/foxy/include/rclcpp/executor.hpp:33[m[K,
[1.580s]                  from [01m[K/opt/ros/foxy/include/rclcpp/executors/multi_threaded_executor.hpp:26[m[K,
[1.581s]                  from [01m[K/opt/ros/foxy/include/rclcpp/executors.hpp:21[m[K,
[1.581s]                  from [01m[K/opt/ros/foxy/include/rclcpp/rclcpp.hpp:146[m[K,
[1.581s]                  from [01m[K/home/qty/ros2_ws/src/rplidar_ros2/include/rplidar_node.hpp:34[m[K,
[1.581s]                  from [01m[K/home/qty/ros2_ws/src/rplidar_ros2/src/rplidar_node.cpp:36[m[K:
[1.581s] [01m[K/usr/include/math.h:1070:[m[K [01;36m[Knote: [m[Kthis is the location of the previous definition
[1.581s]  1070 | # define M_PI  3.14159265358979323846 /* pi */
[1.581s]       | 
[1.626s] [01m[K/home/qty/ros2_ws/src/rplidar_ros2/src/client.cpp:43:[m[K [01;35m[Kwarning: [m[K"M_PI" redefined
[1.627s]    43 | #define M_PI 3.1415926535897932384626433832795
[1.627s]       | 
[1.627s] In file included from [01m[K/usr/include/c++/9/cmath:45[m[K,
[1.627s]                  from [01m[K/opt/ros/foxy/include/libstatistics_collector/moving_average_statistics/types.hpp:18[m[K,
[1.627s]                  from [01m[K/opt/ros/foxy/include/libstatistics_collector/collector/generate_statistics_message.hpp:24[m[K,
[1.627s]                  from [01m[K/opt/ros/foxy/include/rclcpp/topic_statistics/subscription_topic_statistics.hpp:23[m[K,
[1.627s]                  from [01m[K/opt/ros/foxy/include/rclcpp/subscription.hpp:50[m[K,
[1.627s]                  from [01m[K/opt/ros/foxy/include/rclcpp/any_executable.hpp:25[m[K,
[1.627s]                  from [01m[K/opt/ros/foxy/include/rclcpp/memory_strategy.hpp:24[m[K,
[1.628s]                  from [01m[K/opt/ros/foxy/include/rclcpp/memory_strategies.hpp:18[m[K,
[1.628s]                  from [01m[K/opt/ros/foxy/include/rclcpp/executor_options.hpp:20[m[K,
[1.628s]                  from [01m[K/opt/ros/foxy/include/rclcpp/executor.hpp:33[m[K,
[1.628s]                  from [01m[K/opt/ros/foxy/include/rclcpp/executors/multi_threaded_executor.hpp:26[m[K,
[1.628s]                  from [01m[K/opt/ros/foxy/include/rclcpp/executors.hpp:21[m[K,
[1.628s]                  from [01m[K/opt/ros/foxy/include/rclcpp/rclcpp.hpp:146[m[K,
[1.628s]                  from [01m[K/home/qty/ros2_ws/src/rplidar_ros2/src/client.cpp:38[m[K:
[1.628s] [01m[K/usr/include/math.h:1070:[m[K [01;36m[Knote: [m[Kthis is the location of the previous definition
[1.628s]  1070 | # define M_PI  3.14159265358979323846 /* pi */
[1.629s]       | 
[1.629s] [01m[K/home/qty/ros2_ws/src/rplidar_ros2/src/node.cpp:51:[m[K [01;35m[Kwarning: [m[K"M_PI" redefined
[1.629s]    51 | #define M_PI 3.1415926535897932384626433832795
[1.629s]       | 
[1.629s] In file included from [01m[K/usr/include/c++/9/cmath:45[m[K,
[1.629s]                  from [01m[K/opt/ros/foxy/include/libstatistics_collector/moving_average_statistics/types.hpp:18[m[K,
[1.629s]                  from [01m[K/opt/ros/foxy/include/libstatistics_collector/collector/generate_statistics_message.hpp:24[m[K,
[1.629s]                  from [01m[K/opt/ros/foxy/include/rclcpp/topic_statistics/subscription_topic_statistics.hpp:23[m[K,
[1.629s]                  from [01m[K/opt/ros/foxy/include/rclcpp/subscription.hpp:50[m[K,
[1.629s]                  from [01m[K/opt/ros/foxy/include/rclcpp/any_executable.hpp:25[m[K,
[1.630s]                  from [01m[K/opt/ros/foxy/include/rclcpp/memory_strategy.hpp:24[m[K,
[1.630s]                  from [01m[K/opt/ros/foxy/include/rclcpp/memory_strategies.hpp:18[m[K,
[1.630s]                  from [01m[K/opt/ros/foxy/include/rclcpp/executor_options.hpp:20[m[K,
[1.630s]                  from [01m[K/opt/ros/foxy/include/rclcpp/executor.hpp:33[m[K,
[1.630s]                  from [01m[K/opt/ros/foxy/include/rclcpp/executors/multi_threaded_executor.hpp:26[m[K,
[1.630s]                  from [01m[K/opt/ros/foxy/include/rclcpp/executors.hpp:21[m[K,
[1.630s]                  from [01m[K/opt/ros/foxy/include/rclcpp/rclcpp.hpp:146[m[K,
[1.630s]                  from [01m[K/home/qty/ros2_ws/src/rplidar_ros2/src/node.cpp:36[m[K:
[1.630s] [01m[K/usr/include/math.h:1070:[m[K [01;36m[Knote: [m[Kthis is the location of the previous definition
[1.630s]  1070 | # define M_PI  3.14159265358979323846 /* pi */
[1.631s]       | 
[1.631s] [01m[K/home/qty/ros2_ws/src/rplidar_ros2/src/node.cpp:231:14:[m[K [01;35m[Kwarning: [m[Kinvalid suffix on literal; C++11 requires a space between literal and string macro [[01;35m[K-Wliteral-suffix[m[K]
[1.631s]   231 |     ROS_INFO([01;35m[K"[m[KRPLIDAR running on ROS package rplidar_ros. SDK Version:"RPLIDAR_SDK_VERSION"");
[1.631s]       |              [01;35m[K^[m[K
[1.858s] [01m[K/home/qty/ros2_ws/src/rplidar_ros2/sdk/src/arch/linux/net_serial.cpp:[m[K In member function ‘[01m[Kbool rp::arch::net::raw_serial::open(const char*, uint32_t, uint32_t)[m[K’:
[1.858s] [01m[K/home/qty/ros2_ws/src/rplidar_ros2/sdk/src/arch/linux/net_serial.cpp:97:74:[m[K [01;35m[Kwarning: [m[Kunused parameter ‘[01m[Kflags[m[K’ [[01;35m[K-Wunused-parameter[m[K]
[1.858s]    97 | bool raw_serial::open(const char * portname, uint32_t baudrate, [01;35m[Kuint32_t flags[m[K)
[1.858s]       |                                                                 [01;35m[K~~~~~~~~~^~~~~[m[K
[1.858s] [01m[K/home/qty/ros2_ws/src/rplidar_ros2/sdk/src/arch/linux/net_serial.cpp:[m[K In member function ‘[01m[Kvirtual void rp::arch::net::raw_serial::flush(_u32)[m[K’:
[1.858s] [01m[K/home/qty/ros2_ws/src/rplidar_ros2/sdk/src/arch/linux/net_serial.cpp:281:30:[m[K [01;35m[Kwarning: [m[Kunused parameter ‘[01m[Kflags[m[K’ [[01;35m[K-Wunused-parameter[m[K]
[1.858s]   281 | void raw_serial::flush( [01;35m[K_u32 flags[m[K)
[1.859s]       |                         [01;35m[K~~~~~^~~~~[m[K
[1.859s] [01m[K/home/qty/ros2_ws/src/rplidar_ros2/sdk/src/arch/linux/net_serial.cpp:[m[K In member function ‘[01m[Kvirtual int rp::arch::net::raw_serial::waitforsent(_u32, size_t*)[m[K’:
[1.859s] [01m[K/home/qty/ros2_ws/src/rplidar_ros2/sdk/src/arch/linux/net_serial.cpp:286:34:[m[K [01;35m[Kwarning: [m[Kunused parameter ‘[01m[Ktimeout[m[K’ [[01;35m[K-Wunused-parameter[m[K]
[1.859s]   286 | int raw_serial::waitforsent([01;35m[K_u32 timeout[m[K, size_t * returned_size)
[1.859s]       |                             [01;35m[K~~~~~^~~~~~~[m[K
[1.859s] [01m[K/home/qty/ros2_ws/src/rplidar_ros2/sdk/src/arch/linux/net_serial.cpp:[m[K In member function ‘[01m[Kvirtual int rp::arch::net::raw_serial::waitforrecv(_u32, size_t*)[m[K’:
[1.859s] [01m[K/home/qty/ros2_ws/src/rplidar_ros2/sdk/src/arch/linux/net_serial.cpp:292:34:[m[K [01;35m[Kwarning: [m[Kunused parameter ‘[01m[Ktimeout[m[K’ [[01;35m[K-Wunused-parameter[m[K]
[1.859s]   292 | int raw_serial::waitforrecv([01;35m[K_u32 timeout[m[K, size_t * returned_size)
[1.859s]       |                             [01;35m[K~~~~~^~~~~~~[m[K
[1.860s] [01m[K/home/qty/ros2_ws/src/rplidar_ros2/sdk/src/arch/linux/net_serial.cpp:[m[K In member function ‘[01m[Kbool rp::arch::net::raw_serial::open(const char*, uint32_t, uint32_t)[m[K’:
[1.860s] [01m[K/home/qty/ros2_ws/src/rplidar_ros2/sdk/src/arch/linux/net_serial.cpp:97:74:[m[K [01;35m[Kwarning: [m[Kunused parameter ‘[01m[Kflags[m[K’ [[01;35m[K-Wunused-parameter[m[K]
[1.861s]    97 | bool raw_serial::open(const char * portname, uint32_t baudrate, [01;35m[Kuint32_t flags[m[K)
[1.861s]       |                                                                 [01;35m[K~~~~~~~~~^~~~~[m[K
[1.861s] [01m[K/home/qty/ros2_ws/src/rplidar_ros2/sdk/src/arch/linux/net_serial.cpp:[m[K In member function ‘[01m[Kvirtual void rp::arch::net::raw_serial::flush(_u32)[m[K’:
[1.861s] [01m[K/home/qty/ros2_ws/src/rplidar_ros2/sdk/src/arch/linux/net_serial.cpp:281:30:[m[K [01;35m[Kwarning: [m[Kunused parameter ‘[01m[Kflags[m[K’ [[01;35m[K-Wunused-parameter[m[K]
[1.861s]   281 | void raw_serial::flush( [01;35m[K_u32 flags[m[K)
[1.861s]       |                         [01;35m[K~~~~~^~~~~[m[K
[1.862s] [01m[K/home/qty/ros2_ws/src/rplidar_ros2/sdk/src/arch/linux/net_serial.cpp:[m[K In member function ‘[01m[Kvirtual int rp::arch::net::raw_serial::waitforsent(_u32, size_t*)[m[K’:
[1.862s] [01m[K/home/qty/ros2_ws/src/rplidar_ros2/sdk/src/arch/linux/net_serial.cpp:286:34:[m[K [01;35m[Kwarning: [m[Kunused parameter ‘[01m[Ktimeout[m[K’ [[01;35m[K-Wunused-parameter[m[K]
[1.862s]   286 | int raw_serial::waitforsent([01;35m[K_u32 timeout[m[K, size_t * returned_size)
[1.862s]       |                             [01;35m[K~~~~~^~~~~~~[m[K
[1.862s] [01m[K/home/qty/ros2_ws/src/rplidar_ros2/sdk/src/arch/linux/net_serial.cpp:[m[K In member function ‘[01m[Kvirtual int rp::arch::net::raw_serial::waitforrecv(_u32, size_t*)[m[K’:
[1.862s] [01m[K/home/qty/ros2_ws/src/rplidar_ros2/sdk/src/arch/linux/net_serial.cpp:292:34:[m[K [01;35m[Kwarning: [m[Kunused parameter ‘[01m[Ktimeout[m[K’ [[01;35m[K-Wunused-parameter[m[K]
[1.862s]   292 | int raw_serial::waitforrecv([01;35m[K_u32 timeout[m[K, size_t * returned_size)
[1.862s]       |                             [01;35m[K~~~~~^~~~~~~[m[K
[1.894s] In file included from [01m[K/home/qty/ros2_ws/src/rplidar_ros2/./sdk/include/rplidar.h:39[m[K,
[1.894s]                  from [01m[K/home/qty/ros2_ws/src/rplidar_ros2/./sdk/src/sdkcommon.h:48[m[K,
[1.894s]                  from [01m[K/home/qty/ros2_ws/src/rplidar_ros2/sdk/src/hal/thread.cpp:35[m[K:
[1.894s] [01m[K/home/qty/ros2_ws/src/rplidar_ros2/./sdk/include/rplidar_protocol.h:59:14:[m[K [01;35m[Kwarning: [m[KISO C++ forbids zero-size array ‘[01m[Kdata[m[K’ [[01;35m[K-Wpedantic[m[K]
[1.894s]    59 |     _u8 data[[01;35m[K0[m[K];
[1.894s]       |              [01;35m[K^[m[K
[1.895s] In file included from [01m[K/home/qty/ros2_ws/src/rplidar_ros2/./sdk/include/rplidar.h:40[m[K,
[1.895s]                  from [01m[K/home/qty/ros2_ws/src/rplidar_ros2/./sdk/src/sdkcommon.h:48[m[K,
[1.895s]                  from [01m[K/home/qty/ros2_ws/src/rplidar_ros2/sdk/src/hal/thread.cpp:35[m[K:
[1.895s] [01m[K/home/qty/ros2_ws/src/rplidar_ros2/./sdk/include/rplidar_cmd.h:260:18:[m[K [01;35m[Kwarning: [m[KISO C++ forbids zero-size array ‘[01m[Kpayload[m[K’ [[01;35m[K-Wpedantic[m[K]
[1.895s]   260 |     _u8  payload[[01;35m[K0[m[K];
[1.895s]       |                  [01;35m[K^[m[K
[1.897s] In file included from [01m[K/home/qty/ros2_ws/src/rplidar_ros2/sdk/src/hal/thread.cpp:43[m[K:
[1.897s] [01m[K/home/qty/ros2_ws/src/rplidar_ros2/./sdk/src/arch/linux/thread.hpp:[m[K In static member function ‘[01m[Kstatic rp::hal::Thread rp::hal::Thread::create(thread_proc_t, void*)[m[K’:
[1.897s] [01m[K/home/qty/ros2_ws/src/rplidar_ros2/./sdk/src/arch/linux/thread.hpp:48:77:[m[K [01;35m[Kwarning: [m[Kcast between incompatible function types from ‘[01m[Kthread_proc_t[m[K’ {aka ‘[01m[Klong unsigned int (*)(void*)[m[K’} to ‘[01m[Kvoid* (*)(void*)[m[K’ [[01;35m[K-Wcast-function-type[m[K]
[1.897s]    48 |     pthread_create((pthread_t *)&newborn._handle, NULL, (void * (*)(void *))[01;35m[Kproc[m[K, data);
[1.897s]       |                                                                             [01;35m[K^~~~[m[K
[1.897s] [01m[K/home/qty/ros2_ws/src/rplidar_ros2/./sdk/src/arch/linux/thread.hpp:[m[K In member function ‘[01m[Ku_result rp::hal::Thread::join(long unsigned int)[m[K’:
[1.898s] [01m[K/home/qty/ros2_ws/src/rplidar_ros2/./sdk/src/arch/linux/thread.hpp:129:37:[m[K [01;35m[Kwarning: [m[Kunused parameter ‘[01m[Ktimeout[m[K’ [[01;35m[K-Wunused-parameter[m[K]
[1.898s]   129 | u_result Thread::join([01;35m[Kunsigned long timeout[m[K)
[1.898s]       |                       [01;35m[K~~~~~~~~~~~~~~^~~~~~~[m[K
[1.905s] In file included from [01m[K/home/qty/ros2_ws/src/rplidar_ros2/./sdk/include/rplidar.h:39[m[K,
[1.906s]                  from [01m[K/home/qty/ros2_ws/src/rplidar_ros2/./sdk/src/sdkcommon.h:48[m[K,
[1.906s]                  from [01m[K/home/qty/ros2_ws/src/rplidar_ros2/sdk/src/hal/thread.cpp:35[m[K:
[1.906s] [01m[K/home/qty/ros2_ws/src/rplidar_ros2/./sdk/include/rplidar_protocol.h:59:14:[m[K [01;35m[Kwarning: [m[KISO C++ forbids zero-size array ‘[01m[Kdata[m[K’ [[01;35m[K-Wpedantic[m[K]
[1.906s]    59 |     _u8 data[[01;35m[K0[m[K];
[1.906s]       |              [01;35m[K^[m[K
[1.906s] In file included from [01m[K/home/qty/ros2_ws/src/rplidar_ros2/./sdk/include/rplidar.h:40[m[K,
[1.906s]                  from [01m[K/home/qty/ros2_ws/src/rplidar_ros2/./sdk/src/sdkcommon.h:48[m[K,
[1.906s]                  from [01m[K/home/qty/ros2_ws/src/rplidar_ros2/sdk/src/hal/thread.cpp:35[m[K:
[1.906s] [01m[K/home/qty/ros2_ws/src/rplidar_ros2/./sdk/include/rplidar_cmd.h:260:18:[m[K [01;35m[Kwarning: [m[KISO C++ forbids zero-size array ‘[01m[Kpayload[m[K’ [[01;35m[K-Wpedantic[m[K]
[1.907s]   260 |     _u8  payload[[01;35m[K0[m[K];
[1.907s]       |                  [01;35m[K^[m[K
[1.907s] In file included from [01m[K/home/qty/ros2_ws/src/rplidar_ros2/./sdk/include/rplidar.h:39[m[K,
[1.907s]                  from [01m[K/home/qty/ros2_ws/src/rplidar_ros2/./sdk/src/sdkcommon.h:48[m[K,
[1.907s]                  from [01m[K/home/qty/ros2_ws/src/rplidar_ros2/sdk/src/arch/linux/net_socket.cpp:10[m[K:
[1.907s] [01m[K/home/qty/ros2_ws/src/rplidar_ros2/./sdk/include/rplidar_protocol.h:59:14:[m[K [01;35m[Kwarning: [m[KISO C++ forbids zero-size array ‘[01m[Kdata[m[K’ [[01;35m[K-Wpedantic[m[K]
[1.908s]    59 |     _u8 data[[01;35m[K0[m[K];
[1.908s]       |              [01;35m[K^[m[K
[1.908s] In file included from [01m[K/home/qty/ros2_ws/src/rplidar_ros2/./sdk/include/rplidar.h:40[m[K,
[1.908s]                  from [01m[K/home/qty/ros2_ws/src/rplidar_ros2/./sdk/src/sdkcommon.h:48[m[K,
[1.908s]                  from [01m[K/home/qty/ros2_ws/src/rplidar_ros2/sdk/src/arch/linux/net_socket.cpp:10[m[K:
[1.908s] [01m[K/home/qty/ros2_ws/src/rplidar_ros2/./sdk/include/rplidar_cmd.h:260:18:[m[K [01;35m[Kwarning: [m[KISO C++ forbids zero-size array ‘[01m[Kpayload[m[K’ [[01;35m[K-Wpedantic[m[K]
[1.908s]   260 |     _u8  payload[[01;35m[K0[m[K];
[1.908s]       |                  [01;35m[K^[m[K
[1.908s] In file included from [01m[K/home/qty/ros2_ws/src/rplidar_ros2/sdk/src/hal/thread.cpp:43[m[K:
[1.909s] [01m[K/home/qty/ros2_ws/src/rplidar_ros2/./sdk/src/arch/linux/thread.hpp:[m[K In static member function ‘[01m[Kstatic rp::hal::Thread rp::hal::Thread::create(thread_proc_t, void*)[m[K’:
[1.909s] [01m[K/home/qty/ros2_ws/src/rplidar_ros2/./sdk/src/arch/linux/thread.hpp:48:77:[m[K [01;35m[Kwarning: [m[Kcast between incompatible function types from ‘[01m[Kthread_proc_t[m[K’ {aka ‘[01m[Klong unsigned int (*)(void*)[m[K’} to ‘[01m[Kvoid* (*)(void*)[m[K’ [[01;35m[K-Wcast-function-type[m[K]
[1.909s]    48 |     pthread_create((pthread_t *)&newborn._handle, NULL, (void * (*)(void *))[01;35m[Kproc[m[K, data);
[1.909s]       |                                                                             [01;35m[K^~~~[m[K
[1.909s] [01m[K/home/qty/ros2_ws/src/rplidar_ros2/./sdk/src/arch/linux/thread.hpp:[m[K In member function ‘[01m[Ku_result rp::hal::Thread::join(long unsigned int)[m[K’:
[1.909s] [01m[K/home/qty/ros2_ws/src/rplidar_ros2/./sdk/src/arch/linux/thread.hpp:129:37:[m[K [01;35m[Kwarning: [m[Kunused parameter ‘[01m[Ktimeout[m[K’ [[01;35m[K-Wunused-parameter[m[K]
[1.909s]   129 | u_result Thread::join([01;35m[Kunsigned long timeout[m[K)
[1.909s]       |                       [01;35m[K~~~~~~~~~~~~~~^~~~~~~[m[K
[1.918s] [01m[K/home/qty/ros2_ws/src/rplidar_ros2/sdk/src/arch/linux/net_socket.cpp:[m[K In member function ‘[01m[Kvirtual u_result rp::net::SocketAddress::getAddressAsString(char*, size_t) const[m[K’:
[1.918s] [01m[K/home/qty/ros2_ws/src/rplidar_ros2/sdk/src/arch/linux/net_socket.cpp:170:17:[m[K [01;35m[Kwarning: [m[Kordered comparison of pointer with integer zero [[01;35m[K-Wextra[m[K]
[1.918s]   170 |     return ans<=[01;35m[K0[m[K?RESULT_OPERATION_FAIL:RESULT_OK;
[1.918s]       |                 [01;35m[K^[m[K
[1.918s] In file included from [01m[K/home/qty/ros2_ws/src/rplidar_ros2/./sdk/include/rplidar.h:39[m[K,
[1.918s]                  from [01m[K/home/qty/ros2_ws/src/rplidar_ros2/sdk/src/sdkcommon.h:48[m[K,
[1.919s]                  from [01m[K/home/qty/ros2_ws/src/rplidar_ros2/sdk/src/rplidar_driver.cpp:35[m[K:
[1.919s] [01m[K/home/qty/ros2_ws/src/rplidar_ros2/./sdk/include/rplidar_protocol.h:59:14:[m[K [01;35m[Kwarning: [m[KISO C++ forbids zero-size array ‘[01m[Kdata[m[K’ [[01;35m[K-Wpedantic[m[K]
[1.919s]    59 |     _u8 data[[01;35m[K0[m[K];
[1.919s]       |              [01;35m[K^[m[K
[1.919s] In file included from [01m[K/home/qty/ros2_ws/src/rplidar_ros2/./sdk/include/rplidar.h:39[m[K,
[1.919s]                  from [01m[K/home/qty/ros2_ws/src/rplidar_ros2/./sdk/src/sdkcommon.h:48[m[K,
[1.919s]                  from [01m[K/home/qty/ros2_ws/src/rplidar_ros2/sdk/src/arch/linux/net_socket.cpp:10[m[K:
[1.919s] [01m[K/home/qty/ros2_ws/src/rplidar_ros2/./sdk/include/rplidar_protocol.h:59:14:[m[K [01;35m[Kwarning: [m[KISO C++ forbids zero-size array ‘[01m[Kdata[m[K’ [[01;35m[K-Wpedantic[m[K]
[1.919s]    59 |     _u8 data[[01;35m[K0[m[K];
[1.920s]       |              [01;35m[K^[m[K
[1.920s] In file included from [01m[K/home/qty/ros2_ws/src/rplidar_ros2/./sdk/include/rplidar.h:40[m[K,
[1.920s]                  from [01m[K/home/qty/ros2_ws/src/rplidar_ros2/sdk/src/sdkcommon.h:48[m[K,
[1.920s]                  from [01m[K/home/qty/ros2_ws/src/rplidar_ros2/sdk/src/rplidar_driver.cpp:35[m[K:
[1.920s] [01m[K/home/qty/ros2_ws/src/rplidar_ros2/./sdk/include/rplidar_cmd.h:260:18:[m[K [01;35m[Kwarning: [m[KISO C++ forbids zero-size array ‘[01m[Kpayload[m[K’ [[01;35m[K-Wpedantic[m[K]
[1.920s]   260 |     _u8  payload[[01;35m[K0[m[K];
[1.920s]       |                  [01;35m[K^[m[K
[1.920s] In file included from [01m[K/home/qty/ros2_ws/src/rplidar_ros2/./sdk/include/rplidar.h:40[m[K,
[1.920s]                  from [01m[K/home/qty/ros2_ws/src/rplidar_ros2/./sdk/src/sdkcommon.h:48[m[K,
[1.920s]                  from [01m[K/home/qty/ros2_ws/src/rplidar_ros2/sdk/src/arch/linux/net_socket.cpp:10[m[K:
[1.920s] [01m[K/home/qty/ros2_ws/src/rplidar_ros2/./sdk/include/rplidar_cmd.h:260:18:[m[K [01;35m[Kwarning: [m[KISO C++ forbids zero-size array ‘[01m[Kpayload[m[K’ [[01;35m[K-Wpedantic[m[K]
[1.920s]   260 |     _u8  payload[[01;35m[K0[m[K];
[1.920s]       |                  [01;35m[K^[m[K
[1.925s] In file included from [01m[K/home/qty/ros2_ws/src/rplidar_ros2/./sdk/include/rplidar.h:39[m[K,
[1.925s]                  from [01m[K/home/qty/ros2_ws/src/rplidar_ros2/sdk/src/sdkcommon.h:48[m[K,
[1.925s]                  from [01m[K/home/qty/ros2_ws/src/rplidar_ros2/sdk/src/rplidar_driver.cpp:35[m[K:
[1.925s] [01m[K/home/qty/ros2_ws/src/rplidar_ros2/./sdk/include/rplidar_protocol.h:59:14:[m[K [01;35m[Kwarning: [m[KISO C++ forbids zero-size array ‘[01m[Kdata[m[K’ [[01;35m[K-Wpedantic[m[K]
[1.925s]    59 |     _u8 data[[01;35m[K0[m[K];
[1.925s]       |              [01;35m[K^[m[K
[1.926s] [01m[K/home/qty/ros2_ws/src/rplidar_ros2/sdk/src/arch/linux/net_socket.cpp:[m[K In member function ‘[01m[Kvirtual u_result rp::arch::net::StreamSocketImpl::send(const void*, size_t)[m[K’:
[1.926s] [01m[K/home/qty/ros2_ws/src/rplidar_ros2/sdk/src/arch/linux/net_socket.cpp:438:17:[m[K [01;35m[Kwarning: [m[Kcomparison of integer expressions of different signedness: ‘[01m[Ksize_t[m[K’ {aka ‘[01m[Klong unsigned int[m[K’} and ‘[01m[Kint[m[K’ [[01;35m[K-Wsign-compare[m[K]
[1.926s]   438 |         if ([01;35m[Kans == (int)len[m[K) {
[1.926s]       |             [01;35m[K~~~~^~~~~~~~~~~[m[K
[1.926s] In file included from [01m[K/home/qty/ros2_ws/src/rplidar_ros2/./sdk/include/rplidar.h:40[m[K,
[1.926s]                  from [01m[K/home/qty/ros2_ws/src/rplidar_ros2/sdk/src/sdkcommon.h:48[m[K,
[1.926s]                  from [01m[K/home/qty/ros2_ws/src/rplidar_ros2/sdk/src/rplidar_driver.cpp:35[m[K:
[1.926s] [01m[K/home/qty/ros2_ws/src/rplidar_ros2/./sdk/include/rplidar_cmd.h:260:18:[m[K [01;35m[Kwarning: [m[KISO C++ forbids zero-size array ‘[01m[Kpayload[m[K’ [[01;35m[K-Wpedantic[m[K]
[1.926s]   260 |     _u8  payload[[01;35m[K0[m[K];
[1.926s]       |                  [01;35m[K^[m[K
[1.929s] [01m[K/home/qty/ros2_ws/src/rplidar_ros2/sdk/src/arch/linux/net_socket.cpp:[m[K In member function ‘[01m[Kvirtual u_result rp::net::SocketAddress::getAddressAsString(char*, size_t) const[m[K’:
[1.929s] [01m[K/home/qty/ros2_ws/src/rplidar_ros2/sdk/src/arch/linux/net_socket.cpp:170:17:[m[K [01;35m[Kwarning: [m[Kordered comparison of pointer with integer zero [[01;35m[K-Wextra[m[K]
[1.929s]   170 |     return ans<=[01;35m[K0[m[K?RESULT_OPERATION_FAIL:RESULT_OK;
[1.929s]       |                 [01;35m[K^[m[K
[1.929s] In file included from [01m[K/home/qty/ros2_ws/src/rplidar_ros2/./sdk/src/arch/linux/arch_linux.h:42[m[K,
[1.930s]                  from [01m[K/home/qty/ros2_ws/src/rplidar_ros2/./sdk/src/sdkcommon.h:40[m[K,
[1.930s]                  from [01m[K/home/qty/ros2_ws/src/rplidar_ros2/sdk/src/arch/linux/net_socket.cpp:10[m[K:
[1.930s] [01m[K/home/qty/ros2_ws/src/rplidar_ros2/sdk/src/arch/linux/net_socket.cpp:[m[K In member function ‘[01m[Kvirtual u_result rp::arch::net::DGramSocketImpl::sendTo(const rp::net::SocketAddress&, const void*, size_t)[m[K’:
[1.930s] [01m[K/home/qty/ros2_ws/src/rplidar_ros2/sdk/src/arch/linux/net_socket.cpp:726:24:[m[K [01;35m[Kwarning: [m[Kcomparison of integer expressions of different signedness: ‘[01m[Ksize_t[m[K’ {aka ‘[01m[Klong unsigned int[m[K’} and ‘[01m[Kint[m[K’ [[01;35m[K-Wsign-compare[m[K]
[1.930s]   726 |             assert([01;35m[Kans == (int)len[m[K);
[1.930s]       |                    [01;35m[K~~~~^~~~~~~~~~~[m[K
[1.936s] [01m[K/home/qty/ros2_ws/src/rplidar_ros2/sdk/src/arch/linux/net_socket.cpp:[m[K In member function ‘[01m[Kvirtual u_result rp::arch::net::StreamSocketImpl::send(const void*, size_t)[m[K’:
[1.937s] [01m[K/home/qty/ros2_ws/src/rplidar_ros2/sdk/src/arch/linux/net_socket.cpp:438:17:[m[K [01;35m[Kwarning: [m[Kcomparison of integer expressions of different signedness: ‘[01m[Ksize_t[m[K’ {aka ‘[01m[Klong unsigned int[m[K’} and ‘[01m[Kint[m[K’ [[01;35m[K-Wsign-compare[m[K]
[1.937s]   438 |         if ([01;35m[Kans == (int)len[m[K) {
[1.937s]       |             [01;35m[K~~~~^~~~~~~~~~~[m[K
[1.941s] In file included from [01m[K/home/qty/ros2_ws/src/rplidar_ros2/./sdk/src/arch/linux/arch_linux.h:42[m[K,
[1.941s]                  from [01m[K/home/qty/ros2_ws/src/rplidar_ros2/./sdk/src/sdkcommon.h:40[m[K,
[1.941s]                  from [01m[K/home/qty/ros2_ws/src/rplidar_ros2/sdk/src/arch/linux/net_socket.cpp:10[m[K:
[1.941s] [01m[K/home/qty/ros2_ws/src/rplidar_ros2/sdk/src/arch/linux/net_socket.cpp:[m[K In member function ‘[01m[Kvirtual u_result rp::arch::net::DGramSocketImpl::sendTo(const rp::net::SocketAddress&, const void*, size_t)[m[K’:
[1.942s] [01m[K/home/qty/ros2_ws/src/rplidar_ros2/sdk/src/arch/linux/net_socket.cpp:726:24:[m[K [01;35m[Kwarning: [m[Kcomparison of integer expressions of different signedness: ‘[01m[Ksize_t[m[K’ {aka ‘[01m[Klong unsigned int[m[K’} and ‘[01m[Kint[m[K’ [[01;35m[K-Wsign-compare[m[K]
[1.942s]   726 |             assert([01;35m[Kans == (int)len[m[K);
[1.942s]       |                    [01;35m[K~~~~^~~~~~~~~~~[m[K
[2.062s] [01m[K/home/qty/ros2_ws/src/rplidar_ros2/sdk/src/rplidar_driver.cpp:[m[K In member function ‘[01m[Kvirtual u_result rp::standalone::rplidar::RPlidarDriverImplCommon::reset(_u32)[m[K’:
[2.062s] [01m[K/home/qty/ros2_ws/src/rplidar_ros2/sdk/src/rplidar_driver.cpp:121:46:[m[K [01;35m[Kwarning: [m[Kunused parameter ‘[01m[Ktimeout[m[K’ [[01;35m[K-Wunused-parameter[m[K]
[2.062s]   121 | u_result RPlidarDriverImplCommon::reset([01;35m[K_u32 timeout[m[K)
[2.062s]       |                                         [01;35m[K~~~~~^~~~~~~[m[K
[2.063s] [01m[K/home/qty/ros2_ws/src/rplidar_ros2/sdk/src/rplidar_driver.cpp:[m[K In member function ‘[01m[Kvirtual u_result rp::standalone::rplidar::RPlidarDriverImplCommon::checkIfTofLidar(bool&, _u32)[m[K’:
[2.063s] [01m[K/home/qty/ros2_ws/src/rplidar_ros2/sdk/src/rplidar_driver.cpp:274:75:[m[K [01;35m[Kwarning: [m[Kunused parameter ‘[01m[Ktimeout[m[K’ [[01;35m[K-Wunused-parameter[m[K]
[2.063s]   274 | u_result RPlidarDriverImplCommon::checkIfTofLidar(bool & isTofLidar, [01;35m[K_u32 timeout[m[K)
[2.063s]       |                                                                      [01;35m[K~~~~~^~~~~~~[m[K
[2.064s] [01m[K/home/qty/ros2_ws/src/rplidar_ros2/sdk/src/rplidar_driver.cpp:[m[K In member function ‘[01m[Kvirtual u_result rp::standalone::rplidar::RPlidarDriverImplCommon::reset(_u32)[m[K’:
[2.064s] [01m[K/home/qty/ros2_ws/src/rplidar_ros2/sdk/src/rplidar_driver.cpp:121:46:[m[K [01;35m[Kwarning: [m[Kunused parameter ‘[01m[Ktimeout[m[K’ [[01;35m[K-Wunused-parameter[m[K]
[2.064s]   121 | u_result RPlidarDriverImplCommon::reset([01;35m[K_u32 timeout[m[K)
[2.064s]       |                                         [01;35m[K~~~~~^~~~~~~[m[K
[2.066s] [01m[K/home/qty/ros2_ws/src/rplidar_ros2/sdk/src/rplidar_driver.cpp:[m[K In member function ‘[01m[Kvirtual u_result rp::standalone::rplidar::RPlidarDriverImplCommon::checkIfTofLidar(bool&, _u32)[m[K’:
[2.066s] [01m[K/home/qty/ros2_ws/src/rplidar_ros2/sdk/src/rplidar_driver.cpp:274:75:[m[K [01;35m[Kwarning: [m[Kunused parameter ‘[01m[Ktimeout[m[K’ [[01;35m[K-Wunused-parameter[m[K]
[2.066s]   274 | u_result RPlidarDriverImplCommon::checkIfTofLidar(bool & isTofLidar, [01;35m[K_u32 timeout[m[K)
[2.066s]       |                                                                      [01;35m[K~~~~~^~~~~~~[m[K
[2.068s] [01m[K/home/qty/ros2_ws/src/rplidar_ros2/sdk/src/rplidar_driver.cpp:[m[K In member function ‘[01m[Kvirtual void rp::standalone::rplidar::RPlidarDriverImplCommon::_dense_capsuleToNormal(const rplidar_response_capsule_measurement_nodes_t&, rplidar_response_measurement_node_hq_t*, size_t&)[m[K’:
[2.068s] [01m[K/home/qty/ros2_ws/src/rplidar_ros2/sdk/src/rplidar_driver.cpp:872:108:[m[K [01;35m[Kwarning: [m[Ktype qualifiers ignored on cast result type [[01;35m[K-Wignored-qualifiers[m[K]
[2.068s]   872 |             const int dist = static_cast<const int>(_cached_previous_dense_capsuledata.cabins[pos].distance[01;35m[K)[m[K;
[2.068s]       |                                                                                                            [01;35m[K^[m[K
[2.069s] [01m[K/home/qty/ros2_ws/src/rplidar_ros2/sdk/src/rplidar_driver.cpp:[m[K In function ‘[01m[K_u32 rp::standalone::rplidar::_crc32cal(_u32, void*, _u16)[m[K’:
[2.069s] [01m[K/home/qty/ros2_ws/src/rplidar_ros2/sdk/src/rplidar_driver.cpp:996:23:[m[K [01;35m[Kwarning: [m[Ksuggest parentheses around ‘[01m[K-[m[K’ in operand of ‘[01m[K&[m[K’ [[01;35m[K-Wparentheses[m[K]
[2.069s]   996 |     _u8 leftBytes = [01;35m[K4 - len[m[K & 0x3;
[2.069s]       |                     [01;35m[K~~^~~~~[m[K
[2.071s] [01m[K/home/qty/ros2_ws/src/rplidar_ros2/sdk/src/rplidar_driver.cpp:[m[K In member function ‘[01m[Kvirtual void rp::standalone::rplidar::RPlidarDriverImplCommon::_ultraCapsuleToNormal(const rplidar_response_ultra_capsule_measurement_nodes_t&, rplidar_response_measurement_node_hq_t*, size_t&)[m[K’:
[2.071s] [01m[K/home/qty/ros2_ws/src/rplidar_ros2/sdk/src/rplidar_driver.cpp:1207:32:[m[K [01;35m[Kwarning: [m[Kcomparison of integer expressions of different signedness: ‘[01m[Kint[m[K’ and ‘[01m[Kunsigned int[m[K’ [[01;35m[K-Wsign-compare[m[K]
[2.071s]  1207 |             if (([01;35m[Kdist_predict1 == 0xFFFFFE00[m[K) || (dist_predict1 == 0x1FF)) {
[2.071s]       |                  [01;35m[K~~~~~~~~~~~~~~^~~~~~~~~~~~~[m[K
[2.071s] [01m[K/home/qty/ros2_ws/src/rplidar_ros2/sdk/src/rplidar_driver.cpp:1215:32:[m[K [01;35m[Kwarning: [m[Kcomparison of integer expressions of different signedness: ‘[01m[Kint[m[K’ and ‘[01m[Kunsigned int[m[K’ [[01;35m[K-Wsign-compare[m[K]
[2.071s]  1215 |             if (([01;35m[Kdist_predict2 == 0xFFFFFE00[m[K) || (dist_predict2 == 0x1FF)) {
[2.071s]       |                  [01;35m[K~~~~~~~~~~~~~~^~~~~~~~~~~~~[m[K
[2.072s] [01m[K/home/qty/ros2_ws/src/rplidar_ros2/sdk/src/rplidar_driver.cpp:[m[K In member function ‘[01m[Kvirtual void rp::standalone::rplidar::RPlidarDriverImplCommon::_dense_capsuleToNormal(const rplidar_response_capsule_measurement_nodes_t&, rplidar_response_measurement_node_hq_t*, size_t&)[m[K’:
[2.072s] [01m[K/home/qty/ros2_ws/src/rplidar_ros2/sdk/src/rplidar_driver.cpp:872:108:[m[K [01;35m[Kwarning: [m[Ktype qualifiers ignored on cast result type [[01;35m[K-Wignored-qualifiers[m[K]
[2.072s]   872 |             const int dist = static_cast<const int>(_cached_previous_dense_capsuledata.cabins[pos].distance[01;35m[K)[m[K;
[2.072s]       |                                                                                                            [01;35m[K^[m[K
[2.073s] [01m[K/home/qty/ros2_ws/src/rplidar_ros2/sdk/src/rplidar_driver.cpp:[m[K In function ‘[01m[K_u32 rp::standalone::rplidar::_crc32cal(_u32, void*, _u16)[m[K’:
[2.073s] [01m[K/home/qty/ros2_ws/src/rplidar_ros2/sdk/src/rplidar_driver.cpp:996:23:[m[K [01;35m[Kwarning: [m[Ksuggest parentheses around ‘[01m[K-[m[K’ in operand of ‘[01m[K&[m[K’ [[01;35m[K-Wparentheses[m[K]
[2.073s]   996 |     _u8 leftBytes = [01;35m[K4 - len[m[K & 0x3;
[2.073s]       |                     [01;35m[K~~^~~~~[m[K
[2.075s] [01m[K/home/qty/ros2_ws/src/rplidar_ros2/sdk/src/rplidar_driver.cpp:[m[K In member function ‘[01m[Kvirtual void rp::standalone::rplidar::RPlidarDriverImplCommon::_ultraCapsuleToNormal(const rplidar_response_ultra_capsule_measurement_nodes_t&, rplidar_response_measurement_node_hq_t*, size_t&)[m[K’:
[2.075s] [01m[K/home/qty/ros2_ws/src/rplidar_ros2/sdk/src/rplidar_driver.cpp:1207:32:[m[K [01;35m[Kwarning: [m[Kcomparison of integer expressions of different signedness: ‘[01m[Kint[m[K’ and ‘[01m[Kunsigned int[m[K’ [[01;35m[K-Wsign-compare[m[K]
[2.075s]  1207 |             if (([01;35m[Kdist_predict1 == 0xFFFFFE00[m[K) || (dist_predict1 == 0x1FF)) {
[2.075s]       |                  [01;35m[K~~~~~~~~~~~~~~^~~~~~~~~~~~~[m[K
[2.075s] [01m[K/home/qty/ros2_ws/src/rplidar_ros2/sdk/src/rplidar_driver.cpp:1215:32:[m[K [01;35m[Kwarning: [m[Kcomparison of integer expressions of different signedness: ‘[01m[Kint[m[K’ and ‘[01m[Kunsigned int[m[K’ [[01;35m[K-Wsign-compare[m[K]
[2.075s]  1215 |             if (([01;35m[Kdist_predict2 == 0xFFFFFE00[m[K) || (dist_predict2 == 0x1FF)) {
[2.075s]       |                  [01;35m[K~~~~~~~~~~~~~~^~~~~~~~~~~~~[m[K
[2.076s] [01m[K/home/qty/ros2_ws/src/rplidar_ros2/sdk/src/rplidar_driver.cpp:[m[K In member function ‘[01m[Kvirtual u_result rp::standalone::rplidar::RPlidarDriverImplCommon::getAllSupportedScanModes(std::vector<rp::standalone::rplidar::RplidarScanMode>&, _u32)[m[K’:
[2.076s] [01m[K/home/qty/ros2_ws/src/rplidar_ros2/sdk/src/rplidar_driver.cpp:1453:105:[m[K [01;35m[Kwarning: [m[Kunused parameter ‘[01m[KtimeoutInMs[m[K’ [[01;35m[K-Wunused-parameter[m[K]
[2.076s]  1453 | u_result RPlidarDriverImplCommon::getAllSupportedScanModes(std::vector<RplidarScanMode>& outModes, [01;35m[K_u32 timeoutInMs[m[K)
[2.076s]       |                                                                                                    [01;35m[K~~~~~^~~~~~~~~~~[m[K
[2.077s] [01m[K/home/qty/ros2_ws/src/rplidar_ros2/sdk/src/rplidar_driver.cpp:[m[K In member function ‘[01m[Kvirtual u_result rp::standalone::rplidar::RPlidarDriverImplCommon::startScan(bool, bool, _u32, rp::standalone::rplidar::RplidarScanMode*)[m[K’:
[2.077s] [01m[K/home/qty/ros2_ws/src/rplidar_ros2/sdk/src/rplidar_driver.cpp:1550:83:[m[K [01;35m[Kwarning: [m[Kunused parameter ‘[01m[Koptions[m[K’ [[01;35m[K-Wunused-parameter[m[K]
[2.077s]  1550 | u_result RPlidarDriverImplCommon::startScan(bool force, bool useTypicalScan, [01;35m[K_u32 options[m[K, RplidarScanMode* outUsedScanMode)
[2.077s]       |                                                                              [01;35m[K~~~~~^~~~~~~[m[K
[2.078s] [01m[K/home/qty/ros2_ws/src/rplidar_ros2/sdk/src/rplidar_driver.cpp:[m[K In member function ‘[01m[Kvirtual u_result rp::standalone::rplidar::RPlidarDriverImplCommon::stop(_u32)[m[K’:
[2.078s] [01m[K/home/qty/ros2_ws/src/rplidar_ros2/sdk/src/rplidar_driver.cpp:1774:45:[m[K [01;35m[Kwarning: [m[Kunused parameter ‘[01m[Ktimeout[m[K’ [[01;35m[K-Wunused-parameter[m[K]
[2.078s]  1774 | u_result RPlidarDriverImplCommon::stop([01;35m[K_u32 timeout[m[K)
[2.078s]       |                                        [01;35m[K~~~~~^~~~~~~[m[K
[2.081s] [01m[K/home/qty/ros2_ws/src/rplidar_ros2/sdk/src/rplidar_driver.cpp:[m[K In member function ‘[01m[Kvirtual u_result rp::standalone::rplidar::RPlidarDriverImplCommon::getAllSupportedScanModes(std::vector<rp::standalone::rplidar::RplidarScanMode>&, _u32)[m[K’:
[2.081s] [01m[K/home/qty/ros2_ws/src/rplidar_ros2/sdk/src/rplidar_driver.cpp:1453:105:[m[K [01;35m[Kwarning: [m[Kunused parameter ‘[01m[KtimeoutInMs[m[K’ [[01;35m[K-Wunused-parameter[m[K]
[2.081s]  1453 | u_result RPlidarDriverImplCommon::getAllSupportedScanModes(std::vector<RplidarScanMode>& outModes, [01;35m[K_u32 timeoutInMs[m[K)
[2.081s]       |                                                                                                    [01;35m[K~~~~~^~~~~~~~~~~[m[K
[2.081s] [01m[K/home/qty/ros2_ws/src/rplidar_ros2/sdk/src/rplidar_driver.cpp:[m[K In member function ‘[01m[Kvirtual u_result rp::standalone::rplidar::RPlidarDriverImplCommon::setLidarSpinSpeed(_u16, _u32)[m[K’:
[2.082s] [01m[K/home/qty/ros2_ws/src/rplidar_ros2/sdk/src/rplidar_driver.cpp:2162:68:[m[K [01;35m[Kwarning: [m[Kunused parameter ‘[01m[Ktimeout[m[K’ [[01;35m[K-Wunused-parameter[m[K]
[2.082s]  2162 | u_result RPlidarDriverImplCommon::setLidarSpinSpeed(_u16 rpm, [01;35m[K_u32 timeout[m[K)
[2.082s]       |                                                               [01;35m[K~~~~~^~~~~~~[m[K
[2.082s] [01m[K/home/qty/ros2_ws/src/rplidar_ros2/sdk/src/rplidar_driver.cpp:[m[K In member function ‘[01m[Kvirtual u_result rp::standalone::rplidar::RPlidarDriverImplCommon::startScan(bool, bool, _u32, rp::standalone::rplidar::RplidarScanMode*)[m[K’:
[2.082s] [01m[K/home/qty/ros2_ws/src/rplidar_ros2/sdk/src/rplidar_driver.cpp:1550:83:[m[K [01;35m[Kwarning: [m[Kunused parameter ‘[01m[Koptions[m[K’ [[01;35m[K-Wunused-parameter[m[K]
[2.082s]  1550 | u_result RPlidarDriverImplCommon::startScan(bool force, bool useTypicalScan, [01;35m[K_u32 options[m[K, RplidarScanMode* outUsedScanMode)
[2.082s]       |                                                                              [01;35m[K~~~~~^~~~~~~[m[K
[2.082s] [01m[K/home/qty/ros2_ws/src/rplidar_ros2/sdk/src/rplidar_driver.cpp:[m[K In member function ‘[01m[Kvirtual u_result rp::standalone::rplidar::RPlidarDriverSerial::connect(const char*, _u32, _u32)[m[K’:
[2.083s] [01m[K/home/qty/ros2_ws/src/rplidar_ros2/sdk/src/rplidar_driver.cpp:2240:83:[m[K [01;35m[Kwarning: [m[Kunused parameter ‘[01m[Kflag[m[K’ [[01;35m[K-Wunused-parameter[m[K]
[2.083s]  2240 | u_result RPlidarDriverSerial::connect(const char * port_path, _u32 baudrate, [01;35m[K_u32 flag[m[K)
[2.083s]       |                                                                              [01;35m[K~~~~~^~~~[m[K
[2.083s] [01m[K/home/qty/ros2_ws/src/rplidar_ros2/sdk/src/rplidar_driver.cpp:[m[K In member function ‘[01m[Kvirtual u_result rp::standalone::rplidar::RPlidarDriverTCP::connect(const char*, _u32, _u32)[m[K’:
[2.083s] [01m[K/home/qty/ros2_ws/src/rplidar_ros2/sdk/src/rplidar_driver.cpp:2282:72:[m[K [01;35m[Kwarning: [m[Kunused parameter ‘[01m[Kflag[m[K’ [[01;35m[K-Wunused-parameter[m[K]
[2.083s]  2282 | u_result RPlidarDriverTCP::connect(const char * ipStr, _u32 port, [01;35m[K_u32 flag[m[K)
[2.083s]       |                                                                   [01;35m[K~~~~~^~~~[m[K
[2.083s] [01m[K/home/qty/ros2_ws/src/rplidar_ros2/sdk/src/rplidar_driver.cpp:[m[K In member function ‘[01m[Kvirtual u_result rp::standalone::rplidar::RPlidarDriverImplCommon::stop(_u32)[m[K’:
[2.084s] [01m[K/home/qty/ros2_ws/src/rplidar_ros2/sdk/src/rplidar_driver.cpp:1774:45:[m[K [01;35m[Kwarning: [m[Kunused parameter ‘[01m[Ktimeout[m[K’ [[01;35m[K-Wunused-parameter[m[K]
[2.084s]  1774 | u_result RPlidarDriverImplCommon::stop([01;35m[K_u32 timeout[m[K)
[2.084s]       |                                        [01;35m[K~~~~~^~~~~~~[m[K
[2.086s] [01m[K/home/qty/ros2_ws/src/rplidar_ros2/sdk/src/rplidar_driver.cpp:[m[K In member function ‘[01m[Kvirtual u_result rp::standalone::rplidar::RPlidarDriverImplCommon::setLidarSpinSpeed(_u16, _u32)[m[K’:
[2.086s] [01m[K/home/qty/ros2_ws/src/rplidar_ros2/sdk/src/rplidar_driver.cpp:2162:68:[m[K [01;35m[Kwarning: [m[Kunused parameter ‘[01m[Ktimeout[m[K’ [[01;35m[K-Wunused-parameter[m[K]
[2.086s]  2162 | u_result RPlidarDriverImplCommon::setLidarSpinSpeed(_u16 rpm, [01;35m[K_u32 timeout[m[K)
[2.086s]       |                                                               [01;35m[K~~~~~^~~~~~~[m[K
[2.087s] [01m[K/home/qty/ros2_ws/src/rplidar_ros2/sdk/src/rplidar_driver.cpp:[m[K In member function ‘[01m[Kvirtual u_result rp::standalone::rplidar::RPlidarDriverSerial::connect(const char*, _u32, _u32)[m[K’:
[2.087s] [01m[K/home/qty/ros2_ws/src/rplidar_ros2/sdk/src/rplidar_driver.cpp:2240:83:[m[K [01;35m[Kwarning: [m[Kunused parameter ‘[01m[Kflag[m[K’ [[01;35m[K-Wunused-parameter[m[K]
[2.087s]  2240 | u_result RPlidarDriverSerial::connect(const char * port_path, _u32 baudrate, [01;35m[K_u32 flag[m[K)
[2.087s]       |                                                                              [01;35m[K~~~~~^~~~[m[K
[2.087s] [01m[K/home/qty/ros2_ws/src/rplidar_ros2/sdk/src/rplidar_driver.cpp:[m[K In member function ‘[01m[Kvirtual u_result rp::standalone::rplidar::RPlidarDriverTCP::connect(const char*, _u32, _u32)[m[K’:
[2.088s] [01m[K/home/qty/ros2_ws/src/rplidar_ros2/sdk/src/rplidar_driver.cpp:2282:72:[m[K [01;35m[Kwarning: [m[Kunused parameter ‘[01m[Kflag[m[K’ [[01;35m[K-Wunused-parameter[m[K]
[2.088s]  2282 | u_result RPlidarDriverTCP::connect(const char * ipStr, _u32 port, [01;35m[K_u32 flag[m[K)
[2.088s]       |                                                                   [01;35m[K~~~~~^~~~[m[K
[2.579s] In file included from [01m[K/home/qty/ros2_ws/src/rplidar_ros2/./sdk/include/rplidar.h:39[m[K,
[2.579s]                  from [01m[K/home/qty/ros2_ws/src/rplidar_ros2/include/rplidar_node.hpp:41[m[K,
[2.579s]                  from [01m[K/home/qty/ros2_ws/src/rplidar_ros2/src/rplidar_node.cpp:36[m[K:
[2.579s] [01m[K/home/qty/ros2_ws/src/rplidar_ros2/./sdk/include/rplidar_protocol.h:59:14:[m[K [01;35m[Kwarning: [m[KISO C++ forbids zero-size array ‘[01m[Kdata[m[K’ [[01;35m[K-Wpedantic[m[K]
[2.579s]    59 |     _u8 data[[01;35m[K0[m[K];
[2.580s]       |              [01;35m[K^[m[K
[2.580s] In file included from [01m[K/home/qty/ros2_ws/src/rplidar_ros2/./sdk/include/rplidar.h:40[m[K,
[2.580s]                  from [01m[K/home/qty/ros2_ws/src/rplidar_ros2/include/rplidar_node.hpp:41[m[K,
[2.580s]                  from [01m[K/home/qty/ros2_ws/src/rplidar_ros2/src/rplidar_node.cpp:36[m[K:
[2.580s] [01m[K/home/qty/ros2_ws/src/rplidar_ros2/./sdk/include/rplidar_cmd.h:260:18:[m[K [01;35m[Kwarning: [m[KISO C++ forbids zero-size array ‘[01m[Kpayload[m[K’ [[01;35m[K-Wpedantic[m[K]
[2.580s]   260 |     _u8  payload[[01;35m[K0[m[K];
[2.580s]       |                  [01;35m[K^[m[K
[2.631s] [01m[K/home/qty/ros2_ws/src/rplidar_ros2/src/rplidar_node.cpp:[m[K In member function ‘[01m[Kvoid rplidar_ros::rplidar_node::stop_motor({anonymous}::EmptyRequest, {anonymous}::EmptyResponse)[m[K’:
[2.632s] [01m[K/home/qty/ros2_ws/src/rplidar_ros2/src/rplidar_node.cpp:245:50:[m[K [01;35m[Kwarning: [m[Kunused parameter ‘[01m[Kreq[m[K’ [[01;35m[K-Wunused-parameter[m[K]
[2.632s]   245 | void rplidar_node::stop_motor([01;35m[Kconst EmptyRequest req[m[K, EmptyResponse res)
[2.632s]       |                               [01;35m[K~~~~~~~~~~~~~~~~~~~^~~[m[K
[2.632s] [01m[K/home/qty/ros2_ws/src/rplidar_ros2/src/rplidar_node.cpp:245:69:[m[K [01;35m[Kwarning: [m[Kunused parameter ‘[01m[Kres[m[K’ [[01;35m[K-Wunused-parameter[m[K]
[2.632s]   245 | void rplidar_node::stop_motor(const EmptyRequest req, [01;35m[KEmptyResponse res[m[K)
[2.632s]       |                                                       [01;35m[K~~~~~~~~~~~~~~^~~[m[K
[2.632s] [01m[K/home/qty/ros2_ws/src/rplidar_ros2/src/rplidar_node.cpp:[m[K In member function ‘[01m[Kvoid rplidar_ros::rplidar_node::start_motor({anonymous}::EmptyRequest, {anonymous}::EmptyResponse)[m[K’:
[2.632s] [01m[K/home/qty/ros2_ws/src/rplidar_ros2/src/rplidar_node.cpp:256:51:[m[K [01;35m[Kwarning: [m[Kunused parameter ‘[01m[Kreq[m[K’ [[01;35m[K-Wunused-parameter[m[K]
[2.632s]   256 | void rplidar_node::start_motor([01;35m[Kconst EmptyRequest req[m[K, EmptyResponse res)
[2.632s]       |                                [01;35m[K~~~~~~~~~~~~~~~~~~~^~~[m[K
[2.632s] [01m[K/home/qty/ros2_ws/src/rplidar_ros2/src/rplidar_node.cpp:256:70:[m[K [01;35m[Kwarning: [m[Kunused parameter ‘[01m[Kres[m[K’ [[01;35m[K-Wunused-parameter[m[K]
[2.632s]   256 | void rplidar_node::start_motor(const EmptyRequest req, [01;35m[KEmptyResponse res[m[K)
[2.632s]       |                                                        [01;35m[K~~~~~~~~~~~~~~^~~[m[K
[2.637s] [01m[K/home/qty/ros2_ws/src/rplidar_ros2/src/rplidar_node.cpp:[m[K In member function ‘[01m[Kvoid rplidar_ros::rplidar_node::publish_loop()[m[K’:
[2.637s] [01m[K/home/qty/ros2_ws/src/rplidar_ros2/src/rplidar_node.cpp:343:46:[m[K [01;35m[Kwarning: [m[KISO C++ forbids variable length array ‘[01m[Kangle_compensate_nodes[m[K’ [[01;35m[K-Wvla[m[K]
[2.637s]   343 |       rplidar_response_measurement_node_hq_t [01;35m[Kangle_compensate_nodes[m[K[angle_compensate_nodes_count];
[2.637s]       |                                              [01;35m[K^~~~~~~~~~~~~~~~~~~~~~[m[K
[2.637s] [01m[K/home/qty/ros2_ws/src/rplidar_ros2/src/rplidar_node.cpp:353:25:[m[K [01;35m[Kwarning: [m[Kcomparison of integer expressions of different signedness: ‘[01m[Ksize_t[m[K’ {aka ‘[01m[Klong unsigned int[m[K’} and ‘[01m[Kint[m[K’ [[01;35m[K-Wsign-compare[m[K]
[2.637s]   353 |           for (j = 0; [01;35m[Kj < m_angle_compensate_multiple[m[K; j++) {
[2.637s]       |                       [01;35m[K~~^~~~~~~~~~~~~~~~~~~~~~~~~~~~~[m[K
[2.637s] [01m[K/home/qty/ros2_ws/src/rplidar_ros2/src/rplidar_node.cpp:374:44:[m[K [01;35m[Kwarning: [m[Kcomparison of integer expressions of different signedness: ‘[01m[Ksize_t[m[K’ {aka ‘[01m[Klong unsigned int[m[K’} and ‘[01m[Kint[m[K’ [[01;35m[K-Wsign-compare[m[K]
[2.638s]   374 |       for (size_t x = start_node, y = 0; [01;35m[Kx < end_node[m[K; ++x, ++y) {
[2.638s]       |                                          [01;35m[K~~^~~~~~~~~~[m[K
[2.638s] [01m[K/home/qty/ros2_ws/src/rplidar_ros2/src/rplidar_node.cpp:381:11:[m[K [01;35m[Kwarning: [m[Kunused variable ‘[01m[Kangle_min[m[K’ [[01;35m[K-Wunused-variable[m[K]
[2.638s]   381 |     float [01;35m[Kangle_min[m[K = deg_2_rad(0.0f);
[2.638s]       |           [01;35m[K^~~~~~~~~[m[K
[2.638s] [01m[K/home/qty/ros2_ws/src/rplidar_ros2/src/rplidar_node.cpp:382:11:[m[K [01;35m[Kwarning: [m[Kunused variable ‘[01m[Kangle_max[m[K’ [[01;35m[K-Wunused-variable[m[K]
[2.638s]   382 |     float [01;35m[Kangle_max[m[K = deg_2_rad(359.0f);
[2.638s]       |           [01;35m[K^~~~~~~~~[m[K
[2.716s] In file included from [01m[K/home/qty/ros2_ws/src/rplidar_ros2/./sdk/include/rplidar.h:39[m[K,
[2.716s]                  from [01m[K/home/qty/ros2_ws/src/rplidar_ros2/src/node.cpp:45[m[K:
[2.716s] [01m[K/home/qty/ros2_ws/src/rplidar_ros2/./sdk/include/rplidar_protocol.h:59:14:[m[K [01;35m[Kwarning: [m[KISO C++ forbids zero-size array ‘[01m[Kdata[m[K’ [[01;35m[K-Wpedantic[m[K]
[2.717s]    59 |     _u8 data[[01;35m[K0[m[K];
[2.717s]       |              [01;35m[K^[m[K
[2.717s] In file included from [01m[K/home/qty/ros2_ws/src/rplidar_ros2/./sdk/include/rplidar.h:40[m[K,
[2.717s]                  from [01m[K/home/qty/ros2_ws/src/rplidar_ros2/src/node.cpp:45[m[K:
[2.717s] [01m[K/home/qty/ros2_ws/src/rplidar_ros2/./sdk/include/rplidar_cmd.h:260:18:[m[K [01;35m[Kwarning: [m[KISO C++ forbids zero-size array ‘[01m[Kpayload[m[K’ [[01;35m[K-Wpedantic[m[K]
[2.717s]   260 |     _u8  payload[[01;35m[K0[m[K];
[2.717s]       |                  [01;35m[K^[m[K
[2.731s] [01m[K/home/qty/ros2_ws/src/rplidar_ros2/src/node.cpp:[m[K In function ‘[01m[Kbool stop_motor(std::shared_ptr<std_srvs::srv::Empty_Request_<std::allocator<void> > >, std::shared_ptr<std_srvs::srv::Empty_Response_<std::allocator<void> > >)[m[K’:
[2.731s] [01m[K/home/qty/ros2_ws/src/rplidar_ros2/src/node.cpp:166:70:[m[K [01;35m[Kwarning: [m[Kunused parameter ‘[01m[Kreq[m[K’ [[01;35m[K-Wunused-parameter[m[K]
[2.731s]   166 | bool stop_motor([01;35m[Kconst std::shared_ptr<std_srvs::srv::Empty::Request> req[m[K,
[2.731s]       |                 [01;35m[K~~~~~~~~~~~~~~~~~~~~~~~~~~~~~~~~~~~~~~~~~~~~~~~~~~~~~^~~[m[K
[2.731s] [01m[K/home/qty/ros2_ws/src/rplidar_ros2/src/node.cpp:167:65:[m[K [01;35m[Kwarning: [m[Kunused parameter ‘[01m[Kres[m[K’ [[01;35m[K-Wunused-parameter[m[K]
[2.731s]   167 |                 [01;35m[Kstd::shared_ptr<std_srvs::srv::Empty::Response> res[m[K)
[2.731s]       |                 [01;35m[K~~~~~~~~~~~~~~~~~~~~~~~~~~~~~~~~~~~~~~~~~~~~~~~~^~~[m[K
[2.731s] [01m[K/home/qty/ros2_ws/src/rplidar_ros2/src/node.cpp:[m[K In function ‘[01m[Kbool start_motor(std::shared_ptr<std_srvs::srv::Empty_Request_<std::allocator<void> > >, std::shared_ptr<std_srvs::srv::Empty_Response_<std::allocator<void> > >)[m[K’:
[2.731s] [01m[K/home/qty/ros2_ws/src/rplidar_ros2/src/node.cpp:178:71:[m[K [01;35m[Kwarning: [m[Kunused parameter ‘[01m[Kreq[m[K’ [[01;35m[K-Wunused-parameter[m[K]
[2.731s]   178 | bool start_motor([01;35m[Kconst std::shared_ptr<std_srvs::srv::Empty::Request> req[m[K,
[2.731s]       |                  [01;35m[K~~~~~~~~~~~~~~~~~~~~~~~~~~~~~~~~~~~~~~~~~~~~~~~~~~~~~^~~[m[K
[2.731s] [01m[K/home/qty/ros2_ws/src/rplidar_ros2/src/node.cpp:179:66:[m[K [01;35m[Kwarning: [m[Kunused parameter ‘[01m[Kres[m[K’ [[01;35m[K-Wunused-parameter[m[K]
[2.731s]   179 |                  [01;35m[Kstd::shared_ptr<std_srvs::srv::Empty::Response> res[m[K)
[2.731s]       |                  [01;35m[K~~~~~~~~~~~~~~~~~~~~~~~~~~~~~~~~~~~~~~~~~~~~~~~~^~~[m[K
[2.748s] [01m[K/home/qty/ros2_ws/src/rplidar_ros2/src/node.cpp:[m[K In function ‘[01m[Kint main(int, char**)[m[K’:
[2.749s] [01m[K/home/qty/ros2_ws/src/rplidar_ros2/src/node.cpp:356:60:[m[K [01;35m[Kwarning: [m[KISO C++ forbids variable length array ‘[01m[Kangle_compensate_nodes[m[K’ [[01;35m[K-Wvla[m[K]
[2.749s]   356 |                     rplidar_response_measurement_node_hq_t [01;35m[Kangle_compensate_nodes[m[K[angle_compensate_nodes_count];
[2.749s]       |                                                            [01;35m[K^~~~~~~~~~~~~~~~~~~~~~[m[K
[2.749s] [01m[K/home/qty/ros2_ws/src/rplidar_ros2/src/node.cpp:360:30:[m[K [01;35m[Kwarning: [m[Kcomparison of integer expressions of different signedness: ‘[01m[Kint[m[K’ and ‘[01m[Ksize_t[m[K’ {aka ‘[01m[Klong unsigned int[m[K’} [[01;35m[K-Wsign-compare[m[K]
[2.749s]   360 |                     for( ; [01;35m[Ki < count[m[K; i++ ) {
[2.749s]       |                            [01;35m[K~~^~~~~~~[m[K
[4.222s] [ 77%] [32m[1mLinking CXX executable rplidarNode[0m
[4.355s] [ 77%] Built target rplidarNode
[4.357s] [ 83%] [32m[1mLinking CXX shared library librplidar_composition_node.so[0m
[4.482s] [ 83%] Built target rplidar_composition_node
[4.488s] [35m[1mScanning dependencies of target rplidar_composition[0m
[4.511s] [ 88%] [32mBuilding CXX object CMakeFiles/rplidar_composition.dir/src/standalone_rplidar.cpp.o[0m
[4.584s] In file included from [01m[K/home/qty/ros2_ws/src/rplidar_ros2/src/standalone_rplidar.cpp:16[m[K:
[4.584s] [01m[K/home/qty/ros2_ws/src/rplidar_ros2/include/rplidar_node.hpp:50:[m[K [01;35m[Kwarning: [m[K"M_PI" redefined
[4.584s]    50 | #define M_PI 3.1415926535897932384626433832795
[4.584s]       | 
[4.584s] In file included from [01m[K/usr/include/c++/9/cmath:45[m[K,
[4.584s]                  from [01m[K/opt/ros/foxy/include/libstatistics_collector/moving_average_statistics/types.hpp:18[m[K,
[4.584s]                  from [01m[K/opt/ros/foxy/include/libstatistics_collector/collector/generate_statistics_message.hpp:24[m[K,
[4.584s]                  from [01m[K/opt/ros/foxy/include/rclcpp/topic_statistics/subscription_topic_statistics.hpp:23[m[K,
[4.585s]                  from [01m[K/opt/ros/foxy/include/rclcpp/subscription.hpp:50[m[K,
[4.585s]                  from [01m[K/opt/ros/foxy/include/rclcpp/any_executable.hpp:25[m[K,
[4.585s]                  from [01m[K/opt/ros/foxy/include/rclcpp/memory_strategy.hpp:24[m[K,
[4.585s]                  from [01m[K/opt/ros/foxy/include/rclcpp/memory_strategies.hpp:18[m[K,
[4.585s]                  from [01m[K/opt/ros/foxy/include/rclcpp/executor_options.hpp:20[m[K,
[4.585s]                  from [01m[K/opt/ros/foxy/include/rclcpp/executor.hpp:33[m[K,
[4.585s]                  from [01m[K/opt/ros/foxy/include/rclcpp/executors/multi_threaded_executor.hpp:26[m[K,
[4.585s]                  from [01m[K/opt/ros/foxy/include/rclcpp/executors.hpp:21[m[K,
[4.585s]                  from [01m[K/opt/ros/foxy/include/rclcpp/rclcpp.hpp:146[m[K,
[4.585s]                  from [01m[K/home/qty/ros2_ws/src/rplidar_ros2/include/rplidar_node.hpp:34[m[K,
[4.585s]                  from [01m[K/home/qty/ros2_ws/src/rplidar_ros2/src/standalone_rplidar.cpp:16[m[K:
[4.585s] [01m[K/usr/include/math.h:1070:[m[K [01;36m[Knote: [m[Kthis is the location of the previous definition
[4.585s]  1070 | # define M_PI  3.14159265358979323846 /* pi */
[4.585s]       | 
[5.061s] [ 94%] [32m[1mLinking CXX executable rplidarNodeClient[0m
[5.202s] [ 94%] Built target rplidarNodeClient
[5.426s] In file included from [01m[K/home/qty/ros2_ws/src/rplidar_ros2/./sdk/include/rplidar.h:39[m[K,
[5.426s]                  from [01m[K/home/qty/ros2_ws/src/rplidar_ros2/include/rplidar_node.hpp:41[m[K,
[5.426s]                  from [01m[K/home/qty/ros2_ws/src/rplidar_ros2/src/standalone_rplidar.cpp:16[m[K:
[5.426s] [01m[K/home/qty/ros2_ws/src/rplidar_ros2/./sdk/include/rplidar_protocol.h:59:14:[m[K [01;35m[Kwarning: [m[KISO C++ forbids zero-size array ‘[01m[Kdata[m[K’ [[01;35m[K-Wpedantic[m[K]
[5.426s]    59 |     _u8 data[[01;35m[K0[m[K];
[5.426s]       |              [01;35m[K^[m[K
[5.427s] In file included from [01m[K/home/qty/ros2_ws/src/rplidar_ros2/./sdk/include/rplidar.h:40[m[K,
[5.427s]                  from [01m[K/home/qty/ros2_ws/src/rplidar_ros2/include/rplidar_node.hpp:41[m[K,
[5.427s]                  from [01m[K/home/qty/ros2_ws/src/rplidar_ros2/src/standalone_rplidar.cpp:16[m[K:
[5.427s] [01m[K/home/qty/ros2_ws/src/rplidar_ros2/./sdk/include/rplidar_cmd.h:260:18:[m[K [01;35m[Kwarning: [m[KISO C++ forbids zero-size array ‘[01m[Kpayload[m[K’ [[01;35m[K-Wpedantic[m[K]
[5.427s]   260 |     _u8  payload[[01;35m[K0[m[K];
[5.427s]       |                  [01;35m[K^[m[K
[5.674s] In file included from [01m[K/home/qty/ros2_ws/src/rplidar_ros2/src/standalone_rplidar.cpp:16[m[K:
[5.674s] [01m[K/home/qty/ros2_ws/src/rplidar_ros2/include/rplidar_node.hpp:76:14:[m[K [01;35m[Kwarning: [m[K‘[01m[Kfloat rplidar_ros::getAngle(const rplidar_response_measurement_node_hq_t&)[m[K’ defined but not used [[01;35m[K-Wunused-function[m[K]
[5.674s]    76 | static float [01;35m[KgetAngle[m[K(const rplidar_response_measurement_node_hq_t& node)
[5.674s]       |              [01;35m[K^~~~~~~~[m[K
[5.750s] [100%] [32m[1mLinking CXX executable rplidar_composition[0m
[5.835s] [100%] Built target rplidar_composition
[5.841s] Invoked command in '/home/qty/ros2_ws/build/rplidar_ros' returned '0': CMAKE_PREFIX_PATH=/opt/ros/foxy /usr/bin/cmake --build /home/qty/ros2_ws/build/rplidar_ros -- -j16 -l16
[5.863s] Invoking command in '/home/qty/ros2_ws/build/rplidar_ros': CMAKE_PREFIX_PATH=/opt/ros/foxy /usr/bin/cmake --install /home/qty/ros2_ws/build/rplidar_ros
[5.868s] -- Install configuration: ""
[5.868s] -- Execute custom install script
[5.869s] -- Symlinking: /home/qty/ros2_ws/install/rplidar_ros/lib/rplidar_ros/rplidarNode
[5.874s] -- Symlinking: /home/qty/ros2_ws/install/rplidar_ros/lib/rplidar_ros/rplidarNodeClient
[5.879s] -- Symlinking: /home/qty/ros2_ws/install/rplidar_ros/lib/rplidar_ros/rplidar_composition
[5.884s] -- Symlinking: /home/qty/ros2_ws/install/rplidar_ros/share/rplidar_ros/launch/rplidar.launch.py
[5.889s] -- Symlinking: /home/qty/ros2_ws/install/rplidar_ros/share/rplidar_ros/launch/rplidar_a3.launch.py
[5.894s] -- Symlinking: /home/qty/ros2_ws/install/rplidar_ros/share/rplidar_ros/launch/rplidar_s1.launch.py
[5.899s] -- Symlinking: /home/qty/ros2_ws/install/rplidar_ros/share/rplidar_ros/launch/rplidar_s1_tcp.launch.py
[5.904s] -- Symlinking: /home/qty/ros2_ws/install/rplidar_ros/share/rplidar_ros/launch/test_rplidar.launch.py
[5.909s] -- Symlinking: /home/qty/ros2_ws/install/rplidar_ros/share/rplidar_ros/launch/test_rplidar_a3.launch.py
[5.913s] -- Symlinking: /home/qty/ros2_ws/install/rplidar_ros/share/rplidar_ros/launch/view_rplidar.launch.py
[5.918s] -- Symlinking: /home/qty/ros2_ws/install/rplidar_ros/share/rplidar_ros/launch/view_rplidar_a3.launch.py
[5.923s] -- Symlinking: /home/qty/ros2_ws/install/rplidar_ros/share/rplidar_ros/launch/view_rplidar_s1.launch.py
[5.928s] -- Symlinking: /home/qty/ros2_ws/install/rplidar_ros/share/rplidar_ros/launch/view_rplidar_s1_tcp.launch.py
[5.933s] -- Symlinking: /home/qty/ros2_ws/install/rplidar_ros/share/rplidar_ros/rviz/rplidar.rviz
[5.937s] -- Symlinking: /home/qty/ros2_ws/install/rplidar_ros/lib/librplidar_composition_node.so
[5.942s] -- Symlinking: /home/qty/ros2_ws/install/rplidar_ros/include/rplidar_node.hpp
[5.947s] -- Symlinking: /home/qty/ros2_ws/install/rplidar_ros/include/visibility.h
[5.952s] -- Up-to-date symlink: /home/qty/ros2_ws/install/rplidar_ros/lib/rplidar_ros/rplidarNode
[5.952s] -- Up-to-date symlink: /home/qty/ros2_ws/install/rplidar_ros/lib/rplidar_ros/rplidarNodeClient
[5.953s] -- Up-to-date symlink: /home/qty/ros2_ws/install/rplidar_ros/lib/rplidar_ros/rplidar_composition
[5.953s] -- Symlinking: /home/qty/ros2_ws/install/rplidar_ros/share/ament_index/resource_index/package_run_dependencies/rplidar_ros
[5.958s] -- Symlinking: /home/qty/ros2_ws/install/rplidar_ros/share/ament_index/resource_index/parent_prefix_path/rplidar_ros
[5.963s] -- Symlinking: /home/qty/ros2_ws/install/rplidar_ros/share/rplidar_ros/environment/ament_prefix_path.sh
[5.968s] -- Symlinking: /home/qty/ros2_ws/install/rplidar_ros/share/rplidar_ros/environment/ament_prefix_path.dsv
[5.972s] -- Symlinking: /home/qty/ros2_ws/install/rplidar_ros/share/rplidar_ros/environment/path.sh
[5.977s] -- Symlinking: /home/qty/ros2_ws/install/rplidar_ros/share/rplidar_ros/environment/path.dsv
[5.982s] -- Symlinking: /home/qty/ros2_ws/install/rplidar_ros/share/rplidar_ros/local_setup.bash
[5.987s] -- Symlinking: /home/qty/ros2_ws/install/rplidar_ros/share/rplidar_ros/local_setup.sh
[5.992s] -- Symlinking: /home/qty/ros2_ws/install/rplidar_ros/share/rplidar_ros/local_setup.zsh
[5.997s] -- Symlinking: /home/qty/ros2_ws/install/rplidar_ros/share/rplidar_ros/local_setup.dsv
[6.002s] -- Symlinking: /home/qty/ros2_ws/install/rplidar_ros/share/rplidar_ros/package.dsv
[6.007s] -- Symlinking: /home/qty/ros2_ws/install/rplidar_ros/share/ament_index/resource_index/packages/rplidar_ros
[6.012s] -- Symlinking: /home/qty/ros2_ws/install/rplidar_ros/share/rplidar_ros/cmake/ament_cmake_export_dependencies-extras.cmake
[6.017s] -- Symlinking: /home/qty/ros2_ws/install/rplidar_ros/share/rplidar_ros/cmake/ament_cmake_export_include_directories-extras.cmake
[6.021s] -- Symlinking: /home/qty/ros2_ws/install/rplidar_ros/share/rplidar_ros/cmake/rplidar_rosConfig.cmake
[6.026s] -- Symlinking: /home/qty/ros2_ws/install/rplidar_ros/share/rplidar_ros/cmake/rplidar_rosConfig-version.cmake
[6.031s] -- Symlinking: /home/qty/ros2_ws/install/rplidar_ros/share/rplidar_ros/package.xml
[6.037s] Invoked command in '/home/qty/ros2_ws/build/rplidar_ros' returned '0': CMAKE_PREFIX_PATH=/opt/ros/foxy /usr/bin/cmake --install /home/qty/ros2_ws/build/rplidar_ros
