[0.250s] Invoking command in '/home/qty/ros2_ws/build/articubot_one': CMAKE_PREFIX_PATH=${CMAKE_PREFIX_PATH}:/home/qty/ros2_ws/install/hoverboard_controller:/home/qty/ros2_ws/install/hoverBoardController:/home/qty/ros2_ws/install/examples_rclpy_minimal_subscriber:/home/qty/ros2_ws/install/examples_rclpy_minimal_service:/home/qty/ros2_ws/install/examples_rclpy_minimal_publisher:/home/qty/ros2_ws/install/examples_rclpy_minimal_client:/home/qty/ros2_ws/install/examples_rclpy_minimal_action_server:/home/qty/ros2_ws/install/examples_rclpy_minimal_action_client:/home/qty/ros2_ws/install/examples_rclpy_executors:/opt/ros/foxy /usr/bin/cmake /home/qty/ros2_ws/src/articubot_one -DAMENT_CMAKE_SYMLINK_INSTALL=1 -DCMAKE_INSTALL_PREFIX=/home/qty/ros2_ws/install/articubot_one
[0.303s] -- The C compiler identification is GNU 9.4.0
[0.357s] -- The CXX compiler identification is GNU 9.4.0
[0.364s] -- Check for working C compiler: /usr/bin/cc
[0.415s] -- Check for working C compiler: /usr/bin/cc -- works
[0.416s] -- Detecting C compiler ABI info
[0.467s] -- Detecting C compiler ABI info - done
[0.476s] -- Detecting C compile features
[0.476s] -- Detecting C compile features - done
[0.478s] -- Check for working CXX compiler: /usr/bin/c++
[0.535s] -- Check for working CXX compiler: /usr/bin/c++ -- works
[0.536s] -- Detecting CXX compiler ABI info
[0.593s] -- Detecting CXX compiler ABI info - done
[0.609s] -- Detecting CXX compile features
[0.610s] -- Detecting CXX compile features - done
[0.612s] -- Found ament_cmake: 0.9.12 (/opt/ros/foxy/share/ament_cmake/cmake)
[0.630s] -- Found PythonInterp: /usr/bin/python3 (found suitable version "3.8.10", minimum required is "3") 
[0.630s] -- Using PYTHON_EXECUTABLE: /usr/bin/python3
[0.766s] -- Override CMake install command with custom implementation using symlinks instead of copying resources
[0.790s] -- Found ament_lint_auto: 0.9.8 (/opt/ros/foxy/share/ament_lint_auto/cmake)
[0.850s] -- Added test 'copyright' to check source files copyright and LICENSE
[0.855s] -- Added test 'flake8' to check Python code syntax and style conventions
[0.856s] -- Added test 'lint_cmake' to check CMake code style
[0.856s] -- Added test 'pep257' to check Python code against some of the style conventions in PEP 257
[0.859s] -- Added test 'xmllint' to check XML markup files
[0.861s] -- Configuring done
[0.863s] -- Generating done
[0.864s] -- Build files have been written to: /home/qty/ros2_ws/build/articubot_one
[0.866s] Invoked command in '/home/qty/ros2_ws/build/articubot_one' returned '0': CMAKE_PREFIX_PATH=${CMAKE_PREFIX_PATH}:/home/qty/ros2_ws/install/hoverboard_controller:/home/qty/ros2_ws/install/hoverBoardController:/home/qty/ros2_ws/install/examples_rclpy_minimal_subscriber:/home/qty/ros2_ws/install/examples_rclpy_minimal_service:/home/qty/ros2_ws/install/examples_rclpy_minimal_publisher:/home/qty/ros2_ws/install/examples_rclpy_minimal_client:/home/qty/ros2_ws/install/examples_rclpy_minimal_action_server:/home/qty/ros2_ws/install/examples_rclpy_minimal_action_client:/home/qty/ros2_ws/install/examples_rclpy_executors:/opt/ros/foxy /usr/bin/cmake /home/qty/ros2_ws/src/articubot_one -DAMENT_CMAKE_SYMLINK_INSTALL=1 -DCMAKE_INSTALL_PREFIX=/home/qty/ros2_ws/install/articubot_one
[0.869s] Invoking command in '/home/qty/ros2_ws/build/articubot_one': CMAKE_PREFIX_PATH=${CMAKE_PREFIX_PATH}:/home/qty/ros2_ws/install/hoverboard_controller:/home/qty/ros2_ws/install/hoverBoardController:/home/qty/ros2_ws/install/examples_rclpy_minimal_subscriber:/home/qty/ros2_ws/install/examples_rclpy_minimal_service:/home/qty/ros2_ws/install/examples_rclpy_minimal_publisher:/home/qty/ros2_ws/install/examples_rclpy_minimal_client:/home/qty/ros2_ws/install/examples_rclpy_minimal_action_server:/home/qty/ros2_ws/install/examples_rclpy_minimal_action_client:/home/qty/ros2_ws/install/examples_rclpy_executors:/opt/ros/foxy /usr/bin/cmake --build /home/qty/ros2_ws/build/articubot_one -- -j16 -l16
[0.898s] Invoked command in '/home/qty/ros2_ws/build/articubot_one' returned '0': CMAKE_PREFIX_PATH=${CMAKE_PREFIX_PATH}:/home/qty/ros2_ws/install/hoverboard_controller:/home/qty/ros2_ws/install/hoverBoardController:/home/qty/ros2_ws/install/examples_rclpy_minimal_subscriber:/home/qty/ros2_ws/install/examples_rclpy_minimal_service:/home/qty/ros2_ws/install/examples_rclpy_minimal_publisher:/home/qty/ros2_ws/install/examples_rclpy_minimal_client:/home/qty/ros2_ws/install/examples_rclpy_minimal_action_server:/home/qty/ros2_ws/install/examples_rclpy_minimal_action_client:/home/qty/ros2_ws/install/examples_rclpy_executors:/opt/ros/foxy /usr/bin/cmake --build /home/qty/ros2_ws/build/articubot_one -- -j16 -l16
[0.923s] Invoking command in '/home/qty/ros2_ws/build/articubot_one': CMAKE_PREFIX_PATH=${CMAKE_PREFIX_PATH}:/home/qty/ros2_ws/install/hoverboard_controller:/home/qty/ros2_ws/install/hoverBoardController:/home/qty/ros2_ws/install/examples_rclpy_minimal_subscriber:/home/qty/ros2_ws/install/examples_rclpy_minimal_service:/home/qty/ros2_ws/install/examples_rclpy_minimal_publisher:/home/qty/ros2_ws/install/examples_rclpy_minimal_client:/home/qty/ros2_ws/install/examples_rclpy_minimal_action_server:/home/qty/ros2_ws/install/examples_rclpy_minimal_action_client:/home/qty/ros2_ws/install/examples_rclpy_executors:/opt/ros/foxy /usr/bin/cmake --install /home/qty/ros2_ws/build/articubot_one
[0.928s] -- Install configuration: ""
[0.929s] -- Execute custom install script
[0.929s] -- Symlinking: /home/qty/ros2_ws/install/articubot_one/share/articubot_one/config/ball_tracker_params_robot.yaml
[0.936s] -- Symlinking: /home/qty/ros2_ws/install/articubot_one/share/articubot_one/config/ball_tracker_params_sim.yaml
[0.942s] -- Symlinking: /home/qty/ros2_ws/install/articubot_one/share/articubot_one/config/drive_bot.rviz
[0.948s] -- Symlinking: /home/qty/ros2_ws/install/articubot_one/share/articubot_one/config/empty.yaml
[0.954s] -- Symlinking: /home/qty/ros2_ws/install/articubot_one/share/articubot_one/config/gaz_ros2_ctl_use_sim.yaml
[0.960s] -- Symlinking: /home/qty/ros2_ws/install/articubot_one/share/articubot_one/config/gazebo_params.yaml
[0.966s] -- Symlinking: /home/qty/ros2_ws/install/articubot_one/share/articubot_one/config/joystick.yaml
[0.972s] -- Symlinking: /home/qty/ros2_ws/install/articubot_one/share/articubot_one/config/main.rviz
[0.978s] -- Symlinking: /home/qty/ros2_ws/install/articubot_one/share/articubot_one/config/map.rviz
[0.984s] -- Symlinking: /home/qty/ros2_ws/install/articubot_one/share/articubot_one/config/mapper_params_online_async.yaml
[0.990s] -- Symlinking: /home/qty/ros2_ws/install/articubot_one/share/articubot_one/config/my_controllers.yaml
[0.996s] -- Symlinking: /home/qty/ros2_ws/install/articubot_one/share/articubot_one/config/nav2_params.yaml
[1.002s] -- Symlinking: /home/qty/ros2_ws/install/articubot_one/share/articubot_one/config/twist_mux.yaml
[1.008s] -- Symlinking: /home/qty/ros2_ws/install/articubot_one/share/articubot_one/config/view_bot.rviz
[1.014s] -- Symlinking: /home/qty/ros2_ws/install/articubot_one/share/articubot_one/description/camera.xacro
[1.020s] -- Symlinking: /home/qty/ros2_ws/install/articubot_one/share/articubot_one/description/depth_camera.xacro
[1.026s] -- Symlinking: /home/qty/ros2_ws/install/articubot_one/share/articubot_one/description/face.xacro
[1.033s] -- Symlinking: /home/qty/ros2_ws/install/articubot_one/share/articubot_one/description/gazebo_control.xacro
[1.039s] -- Symlinking: /home/qty/ros2_ws/install/articubot_one/share/articubot_one/description/inertial_macros.xacro
[1.045s] -- Symlinking: /home/qty/ros2_ws/install/articubot_one/share/articubot_one/description/lidar.xacro
[1.052s] -- Symlinking: /home/qty/ros2_ws/install/articubot_one/share/articubot_one/description/robot.urdf.xacro
[1.058s] -- Symlinking: /home/qty/ros2_ws/install/articubot_one/share/articubot_one/description/robot_core.xacro
[1.065s] -- Symlinking: /home/qty/ros2_ws/install/articubot_one/share/articubot_one/description/ros2_control.xacro
[1.072s] -- Symlinking: /home/qty/ros2_ws/install/articubot_one/share/articubot_one/launch/ball_tracker.launch.py
[1.079s] -- Symlinking: /home/qty/ros2_ws/install/articubot_one/share/articubot_one/launch/camera.launch.py
[1.086s] -- Symlinking: /home/qty/ros2_ws/install/articubot_one/share/articubot_one/launch/joystick.launch.py
[1.093s] -- Symlinking: /home/qty/ros2_ws/install/articubot_one/share/articubot_one/launch/launch_robot.launch.py
[1.100s] -- Symlinking: /home/qty/ros2_ws/install/articubot_one/share/articubot_one/launch/launch_sim.launch.py
[1.106s] -- Symlinking: /home/qty/ros2_ws/install/articubot_one/share/articubot_one/launch/localization_launch.py
[1.112s] -- Symlinking: /home/qty/ros2_ws/install/articubot_one/share/articubot_one/launch/navigation_launch.py
[1.119s] -- Symlinking: /home/qty/ros2_ws/install/articubot_one/share/articubot_one/launch/online_async_launch.py
[1.126s] -- Symlinking: /home/qty/ros2_ws/install/articubot_one/share/articubot_one/launch/rplidar.launch.py
[1.132s] -- Symlinking: /home/qty/ros2_ws/install/articubot_one/share/articubot_one/launch/rsp.launch.py
[1.139s] -- Symlinking: /home/qty/ros2_ws/install/articubot_one/share/articubot_one/worlds/empty.world
[1.145s] -- Symlinking: /home/qty/ros2_ws/install/articubot_one/share/articubot_one/worlds/obstacles.world
[1.152s] -- Symlinking: /home/qty/ros2_ws/install/articubot_one/share/ament_index/resource_index/package_run_dependencies/articubot_one
[1.158s] -- Symlinking: /home/qty/ros2_ws/install/articubot_one/share/ament_index/resource_index/parent_prefix_path/articubot_one
[1.165s] -- Symlinking: /home/qty/ros2_ws/install/articubot_one/share/articubot_one/environment/ament_prefix_path.sh
[1.172s] -- Symlinking: /home/qty/ros2_ws/install/articubot_one/share/articubot_one/environment/ament_prefix_path.dsv
[1.178s] -- Symlinking: /home/qty/ros2_ws/install/articubot_one/share/articubot_one/environment/path.sh
[1.185s] -- Symlinking: /home/qty/ros2_ws/install/articubot_one/share/articubot_one/environment/path.dsv
[1.192s] -- Symlinking: /home/qty/ros2_ws/install/articubot_one/share/articubot_one/local_setup.bash
[1.199s] -- Symlinking: /home/qty/ros2_ws/install/articubot_one/share/articubot_one/local_setup.sh
[1.205s] -- Symlinking: /home/qty/ros2_ws/install/articubot_one/share/articubot_one/local_setup.zsh
[1.212s] -- Symlinking: /home/qty/ros2_ws/install/articubot_one/share/articubot_one/local_setup.dsv
[1.218s] -- Symlinking: /home/qty/ros2_ws/install/articubot_one/share/articubot_one/package.dsv
[1.225s] -- Symlinking: /home/qty/ros2_ws/install/articubot_one/share/ament_index/resource_index/packages/articubot_one
[1.231s] -- Symlinking: /home/qty/ros2_ws/install/articubot_one/share/articubot_one/cmake/articubot_oneConfig.cmake
[1.237s] -- Symlinking: /home/qty/ros2_ws/install/articubot_one/share/articubot_one/cmake/articubot_oneConfig-version.cmake
[1.244s] -- Symlinking: /home/qty/ros2_ws/install/articubot_one/share/articubot_one/package.xml
[1.252s] Invoked command in '/home/qty/ros2_ws/build/articubot_one' returned '0': CMAKE_PREFIX_PATH=${CMAKE_PREFIX_PATH}:/home/qty/ros2_ws/install/hoverboard_controller:/home/qty/ros2_ws/install/hoverBoardController:/home/qty/ros2_ws/install/examples_rclpy_minimal_subscriber:/home/qty/ros2_ws/install/examples_rclpy_minimal_service:/home/qty/ros2_ws/install/examples_rclpy_minimal_publisher:/home/qty/ros2_ws/install/examples_rclpy_minimal_client:/home/qty/ros2_ws/install/examples_rclpy_minimal_action_server:/home/qty/ros2_ws/install/examples_rclpy_minimal_action_client:/home/qty/ros2_ws/install/examples_rclpy_executors:/opt/ros/foxy /usr/bin/cmake --install /home/qty/ros2_ws/build/articubot_one
