[0.557s] Invoking command in '/home/qty/ros2_ws/build/rplidar_ros': CMAKE_PREFIX_PATH=${CMAKE_PREFIX_PATH}:/home/qty/ros2_ws/install/hoverBoardController:/home/qty/ros2_ws/install/examples_rclpy_minimal_subscriber:/home/qty/ros2_ws/install/examples_rclpy_minimal_service:/home/qty/ros2_ws/install/examples_rclpy_minimal_publisher:/home/qty/ros2_ws/install/examples_rclpy_minimal_client:/home/qty/ros2_ws/install/examples_rclpy_minimal_action_server:/home/qty/ros2_ws/install/examples_rclpy_minimal_action_client:/home/qty/ros2_ws/install/examples_rclpy_executors:/opt/ros/foxy /usr/bin/cmake /home/qty/ros2_ws/src/rplidar_ros2 -DAMENT_CMAKE_SYMLINK_INSTALL=1 -DCMAKE_INSTALL_PREFIX=/home/qty/ros2_ws/install/rplidar_ros
[0.568s] -- Found ament_cmake_auto: 0.9.12 (/opt/ros/foxy/share/ament_cmake_auto/cmake)
[0.595s] -- Using PYTHON_EXECUTABLE: /usr/bin/python3
[0.752s] -- Override CMake install command with custom implementation using symlinks instead of copying resources
[0.758s] -- Found ament_cmake_ros: 0.9.2 (/opt/ros/foxy/share/ament_cmake_ros/cmake)
[0.838s] -- Using all available rosidl_typesupport_c: rosidl_typesupport_fastrtps_c;rosidl_typesupport_introspection_c
[0.840s] -- Found rosidl_adapter: 1.3.1 (/opt/ros/foxy/share/rosidl_adapter/cmake)
[0.933s] -- Using all available rosidl_typesupport_cpp: rosidl_typesupport_fastrtps_cpp;rosidl_typesupport_introspection_cpp
[0.974s] -- Found rmw_implementation_cmake: 1.0.4 (/opt/ros/foxy/share/rmw_implementation_cmake/cmake)
[0.976s] -- Using RMW implementation 'rmw_fastrtps_cpp' as default
[1.252s] -- Configuring done
[1.271s] -- Generating done
[1.272s] -- Build files have been written to: /home/qty/ros2_ws/build/rplidar_ros
[1.644s] Invoked command in '/home/qty/ros2_ws/build/rplidar_ros' returned '0': CMAKE_PREFIX_PATH=${CMAKE_PREFIX_PATH}:/home/qty/ros2_ws/install/hoverBoardController:/home/qty/ros2_ws/install/examples_rclpy_minimal_subscriber:/home/qty/ros2_ws/install/examples_rclpy_minimal_service:/home/qty/ros2_ws/install/examples_rclpy_minimal_publisher:/home/qty/ros2_ws/install/examples_rclpy_minimal_client:/home/qty/ros2_ws/install/examples_rclpy_minimal_action_server:/home/qty/ros2_ws/install/examples_rclpy_minimal_action_client:/home/qty/ros2_ws/install/examples_rclpy_executors:/opt/ros/foxy /usr/bin/cmake /home/qty/ros2_ws/src/rplidar_ros2 -DAMENT_CMAKE_SYMLINK_INSTALL=1 -DCMAKE_INSTALL_PREFIX=/home/qty/ros2_ws/install/rplidar_ros
[1.644s] Invoking command in '/home/qty/ros2_ws/build/rplidar_ros': CMAKE_PREFIX_PATH=${CMAKE_PREFIX_PATH}:/home/qty/ros2_ws/install/hoverBoardController:/home/qty/ros2_ws/install/examples_rclpy_minimal_subscriber:/home/qty/ros2_ws/install/examples_rclpy_minimal_service:/home/qty/ros2_ws/install/examples_rclpy_minimal_publisher:/home/qty/ros2_ws/install/examples_rclpy_minimal_client:/home/qty/ros2_ws/install/examples_rclpy_minimal_action_server:/home/qty/ros2_ws/install/examples_rclpy_minimal_action_client:/home/qty/ros2_ws/install/examples_rclpy_executors:/opt/ros/foxy /usr/bin/cmake --build /home/qty/ros2_ws/build/rplidar_ros -- -j16 -l16
[1.676s] [35m[1mScanning dependencies of target rplidar_composition_node[0m
[1.690s] [ 11%] Built target rplidarNodeClient
[1.691s] [ 50%] Built target rplidarNode
[1.697s] [ 55%] [32mBuilding CXX object CMakeFiles/rplidar_composition_node.dir/src/rplidar_node.cpp.o[0m
[1.776s] In file included from [01m[K/home/qty/ros2_ws/src/rplidar_ros2/src/rplidar_node.cpp:36[m[K:
[1.776s] [01m[K/home/qty/ros2_ws/src/rplidar_ros2/include/rplidar_node.hpp:50:[m[K [01;35m[Kwarning: [m[K"M_PI" redefined
[1.776s]    50 | #define M_PI 3.1415926535897932384626433832795
[1.776s]       | 
[1.776s] In file included from [01m[K/usr/include/c++/9/cmath:45[m[K,
[1.776s]                  from [01m[K/opt/ros/foxy/include/libstatistics_collector/moving_average_statistics/types.hpp:18[m[K,
[1.776s]                  from [01m[K/opt/ros/foxy/include/libstatistics_collector/collector/generate_statistics_message.hpp:24[m[K,
[1.776s]                  from [01m[K/opt/ros/foxy/include/rclcpp/topic_statistics/subscription_topic_statistics.hpp:23[m[K,
[1.776s]                  from [01m[K/opt/ros/foxy/include/rclcpp/subscription.hpp:50[m[K,
[1.776s]                  from [01m[K/opt/ros/foxy/include/rclcpp/any_executable.hpp:25[m[K,
[1.776s]                  from [01m[K/opt/ros/foxy/include/rclcpp/memory_strategy.hpp:24[m[K,
[1.776s]                  from [01m[K/opt/ros/foxy/include/rclcpp/memory_strategies.hpp:18[m[K,
[1.776s]                  from [01m[K/opt/ros/foxy/include/rclcpp/executor_options.hpp:20[m[K,
[1.776s]                  from [01m[K/opt/ros/foxy/include/rclcpp/executor.hpp:33[m[K,
[1.776s]                  from [01m[K/opt/ros/foxy/include/rclcpp/executors/multi_threaded_executor.hpp:26[m[K,
[1.776s]                  from [01m[K/opt/ros/foxy/include/rclcpp/executors.hpp:21[m[K,
[1.776s]                  from [01m[K/opt/ros/foxy/include/rclcpp/rclcpp.hpp:146[m[K,
[1.776s]                  from [01m[K/home/qty/ros2_ws/src/rplidar_ros2/include/rplidar_node.hpp:34[m[K,
[1.776s]                  from [01m[K/home/qty/ros2_ws/src/rplidar_ros2/src/rplidar_node.cpp:36[m[K:
[1.777s] [01m[K/usr/include/math.h:1070:[m[K [01;36m[Knote: [m[Kthis is the location of the previous definition
[1.777s]  1070 | # define M_PI  3.14159265358979323846 /* pi */
[1.777s]       | 
[2.677s] In file included from [01m[K/home/qty/ros2_ws/src/rplidar_ros2/./sdk/include/rplidar.h:39[m[K,
[2.677s]                  from [01m[K/home/qty/ros2_ws/src/rplidar_ros2/include/rplidar_node.hpp:41[m[K,
[2.678s]                  from [01m[K/home/qty/ros2_ws/src/rplidar_ros2/src/rplidar_node.cpp:36[m[K:
[2.678s] [01m[K/home/qty/ros2_ws/src/rplidar_ros2/./sdk/include/rplidar_protocol.h:59:14:[m[K [01;35m[Kwarning: [m[KISO C++ forbids zero-size array ‘[01m[Kdata[m[K’ [[01;35m[K-Wpedantic[m[K]
[2.678s]    59 |     _u8 data[[01;35m[K0[m[K];
[2.678s]       |              [01;35m[K^[m[K
[2.678s] In file included from [01m[K/home/qty/ros2_ws/src/rplidar_ros2/./sdk/include/rplidar.h:40[m[K,
[2.678s]                  from [01m[K/home/qty/ros2_ws/src/rplidar_ros2/include/rplidar_node.hpp:41[m[K,
[2.678s]                  from [01m[K/home/qty/ros2_ws/src/rplidar_ros2/src/rplidar_node.cpp:36[m[K:
[2.678s] [01m[K/home/qty/ros2_ws/src/rplidar_ros2/./sdk/include/rplidar_cmd.h:260:18:[m[K [01;35m[Kwarning: [m[KISO C++ forbids zero-size array ‘[01m[Kpayload[m[K’ [[01;35m[K-Wpedantic[m[K]
[2.678s]   260 |     _u8  payload[[01;35m[K0[m[K];
[2.678s]       |                  [01;35m[K^[m[K
[2.733s] [01m[K/home/qty/ros2_ws/src/rplidar_ros2/src/rplidar_node.cpp:[m[K In member function ‘[01m[Kvoid rplidar_ros::rplidar_node::publish_scan(double, {anonymous}::ResponseNodeArray, size_t)[m[K’:
[2.733s] [01m[K/home/qty/ros2_ws/src/rplidar_ros2/src/rplidar_node.cpp:192:24:[m[K [01;35m[Kwarning: [m[Kformat ‘[01m[K%d[m[K’ expects argument of type ‘[01m[Kint[m[K’, but argument 2 has type ‘[01m[Ksize_t[m[K’ {aka ‘[01m[Klong unsigned int[m[K’} [[01;35m[K-Wformat=[m[K]
[2.733s]   192 |   printf("node count: [01;35m[K%d[m[K\n",[32m[Knode_count[m[K);
[2.733s]       |                       [01;35m[K~^[m[K    [32m[K~~~~~~~~~~[m[K
[2.733s]       |                        [01;35m[K|[m[K    [32m[K|[m[K
[2.733s]       |                        [01;35m[Kint[m[K  [32m[Ksize_t {aka long unsigned int}[m[K
[2.733s]       |                       [32m[K%ld[m[K
[2.754s] [01m[K/home/qty/ros2_ws/src/rplidar_ros2/src/rplidar_node.cpp:[m[K In member function ‘[01m[Kvoid rplidar_ros::rplidar_node::stop_motor({anonymous}::EmptyRequest, {anonymous}::EmptyResponse)[m[K’:
[2.754s] [01m[K/home/qty/ros2_ws/src/rplidar_ros2/src/rplidar_node.cpp:246:50:[m[K [01;35m[Kwarning: [m[Kunused parameter ‘[01m[Kreq[m[K’ [[01;35m[K-Wunused-parameter[m[K]
[2.754s]   246 | void rplidar_node::stop_motor([01;35m[Kconst EmptyRequest req[m[K, EmptyResponse res)
[2.754s]       |                               [01;35m[K~~~~~~~~~~~~~~~~~~~^~~[m[K
[2.755s] [01m[K/home/qty/ros2_ws/src/rplidar_ros2/src/rplidar_node.cpp:246:69:[m[K [01;35m[Kwarning: [m[Kunused parameter ‘[01m[Kres[m[K’ [[01;35m[K-Wunused-parameter[m[K]
[2.755s]   246 | void rplidar_node::stop_motor(const EmptyRequest req, [01;35m[KEmptyResponse res[m[K)
[2.755s]       |                                                       [01;35m[K~~~~~~~~~~~~~~^~~[m[K
[2.755s] [01m[K/home/qty/ros2_ws/src/rplidar_ros2/src/rplidar_node.cpp:[m[K In member function ‘[01m[Kvoid rplidar_ros::rplidar_node::start_motor({anonymous}::EmptyRequest, {anonymous}::EmptyResponse)[m[K’:
[2.755s] [01m[K/home/qty/ros2_ws/src/rplidar_ros2/src/rplidar_node.cpp:257:51:[m[K [01;35m[Kwarning: [m[Kunused parameter ‘[01m[Kreq[m[K’ [[01;35m[K-Wunused-parameter[m[K]
[2.755s]   257 | void rplidar_node::start_motor([01;35m[Kconst EmptyRequest req[m[K, EmptyResponse res)
[2.755s]       |                                [01;35m[K~~~~~~~~~~~~~~~~~~~^~~[m[K
[2.755s] [01m[K/home/qty/ros2_ws/src/rplidar_ros2/src/rplidar_node.cpp:257:70:[m[K [01;35m[Kwarning: [m[Kunused parameter ‘[01m[Kres[m[K’ [[01;35m[K-Wunused-parameter[m[K]
[2.755s]   257 | void rplidar_node::start_motor(const EmptyRequest req, [01;35m[KEmptyResponse res[m[K)
[2.755s]       |                                                        [01;35m[K~~~~~~~~~~~~~~^~~[m[K
[2.763s] [01m[K/home/qty/ros2_ws/src/rplidar_ros2/src/rplidar_node.cpp:[m[K In member function ‘[01m[Kvoid rplidar_ros::rplidar_node::publish_loop()[m[K’:
[2.763s] [01m[K/home/qty/ros2_ws/src/rplidar_ros2/src/rplidar_node.cpp:344:46:[m[K [01;35m[Kwarning: [m[KISO C++ forbids variable length array ‘[01m[Kangle_compensate_nodes[m[K’ [[01;35m[K-Wvla[m[K]
[2.763s]   344 |       rplidar_response_measurement_node_hq_t [01;35m[Kangle_compensate_nodes[m[K[angle_compensate_nodes_count];
[2.763s]       |                                              [01;35m[K^~~~~~~~~~~~~~~~~~~~~~[m[K
[2.763s] [01m[K/home/qty/ros2_ws/src/rplidar_ros2/src/rplidar_node.cpp:354:25:[m[K [01;35m[Kwarning: [m[Kcomparison of integer expressions of different signedness: ‘[01m[Ksize_t[m[K’ {aka ‘[01m[Klong unsigned int[m[K’} and ‘[01m[Kint[m[K’ [[01;35m[K-Wsign-compare[m[K]
[2.763s]   354 |           for (j = 0; [01;35m[Kj < m_angle_compensate_multiple[m[K; j++) {
[2.764s]       |                       [01;35m[K~~^~~~~~~~~~~~~~~~~~~~~~~~~~~~~[m[K
[2.764s] [01m[K/home/qty/ros2_ws/src/rplidar_ros2/src/rplidar_node.cpp:375:44:[m[K [01;35m[Kwarning: [m[Kcomparison of integer expressions of different signedness: ‘[01m[Ksize_t[m[K’ {aka ‘[01m[Klong unsigned int[m[K’} and ‘[01m[Kint[m[K’ [[01;35m[K-Wsign-compare[m[K]
[2.764s]   375 |       for (size_t x = start_node, y = 0; [01;35m[Kx < end_node[m[K; ++x, ++y) {
[2.764s]       |                                          [01;35m[K~~^~~~~~~~~~[m[K
[2.764s] [01m[K/home/qty/ros2_ws/src/rplidar_ros2/src/rplidar_node.cpp:382:11:[m[K [01;35m[Kwarning: [m[Kunused variable ‘[01m[Kangle_min[m[K’ [[01;35m[K-Wunused-variable[m[K]
[2.764s]   382 |     float [01;35m[Kangle_min[m[K = deg_2_rad(0.0f);
[2.764s]       |           [01;35m[K^~~~~~~~~[m[K
[2.764s] [01m[K/home/qty/ros2_ws/src/rplidar_ros2/src/rplidar_node.cpp:383:11:[m[K [01;35m[Kwarning: [m[Kunused variable ‘[01m[Kangle_max[m[K’ [[01;35m[K-Wunused-variable[m[K]
[2.764s]   383 |     float [01;35m[Kangle_max[m[K = deg_2_rad(359.0f);
[2.764s]       |           [01;35m[K^~~~~~~~~[m[K
[4.481s] [ 61%] [32m[1mLinking CXX shared library librplidar_composition_node.so[0m
[4.606s] [ 88%] Built target rplidar_composition_node
[4.626s] [ 94%] [32m[1mLinking CXX executable rplidar_composition[0m
[4.713s] [100%] Built target rplidar_composition
[4.721s] Invoked command in '/home/qty/ros2_ws/build/rplidar_ros' returned '0': CMAKE_PREFIX_PATH=${CMAKE_PREFIX_PATH}:/home/qty/ros2_ws/install/hoverBoardController:/home/qty/ros2_ws/install/examples_rclpy_minimal_subscriber:/home/qty/ros2_ws/install/examples_rclpy_minimal_service:/home/qty/ros2_ws/install/examples_rclpy_minimal_publisher:/home/qty/ros2_ws/install/examples_rclpy_minimal_client:/home/qty/ros2_ws/install/examples_rclpy_minimal_action_server:/home/qty/ros2_ws/install/examples_rclpy_minimal_action_client:/home/qty/ros2_ws/install/examples_rclpy_executors:/opt/ros/foxy /usr/bin/cmake --build /home/qty/ros2_ws/build/rplidar_ros -- -j16 -l16
[4.745s] Invoking command in '/home/qty/ros2_ws/build/rplidar_ros': CMAKE_PREFIX_PATH=${CMAKE_PREFIX_PATH}:/home/qty/ros2_ws/install/hoverBoardController:/home/qty/ros2_ws/install/examples_rclpy_minimal_subscriber:/home/qty/ros2_ws/install/examples_rclpy_minimal_service:/home/qty/ros2_ws/install/examples_rclpy_minimal_publisher:/home/qty/ros2_ws/install/examples_rclpy_minimal_client:/home/qty/ros2_ws/install/examples_rclpy_minimal_action_server:/home/qty/ros2_ws/install/examples_rclpy_minimal_action_client:/home/qty/ros2_ws/install/examples_rclpy_executors:/opt/ros/foxy /usr/bin/cmake --install /home/qty/ros2_ws/build/rplidar_ros
[4.752s] -- Install configuration: ""
[4.752s] -- Execute custom install script
[4.752s] -- Up-to-date symlink: /home/qty/ros2_ws/install/rplidar_ros/lib/rplidar_ros/rplidarNode
[4.753s] -- Up-to-date symlink: /home/qty/ros2_ws/install/rplidar_ros/lib/rplidar_ros/rplidarNodeClient
[4.753s] -- Up-to-date symlink: /home/qty/ros2_ws/install/rplidar_ros/lib/rplidar_ros/rplidar_composition
[4.753s] -- Up-to-date symlink: /home/qty/ros2_ws/install/rplidar_ros/share/rplidar_ros/launch/rplidar.launch.py
[4.754s] -- Up-to-date symlink: /home/qty/ros2_ws/install/rplidar_ros/share/rplidar_ros/launch/rplidar_a3.launch.py
[4.754s] -- Up-to-date symlink: /home/qty/ros2_ws/install/rplidar_ros/share/rplidar_ros/launch/rplidar_s1.launch.py
[4.754s] -- Up-to-date symlink: /home/qty/ros2_ws/install/rplidar_ros/share/rplidar_ros/launch/rplidar_s1_tcp.launch.py
[4.754s] -- Up-to-date symlink: /home/qty/ros2_ws/install/rplidar_ros/share/rplidar_ros/launch/test_rplidar.launch.py
[4.754s] -- Up-to-date symlink: /home/qty/ros2_ws/install/rplidar_ros/share/rplidar_ros/launch/test_rplidar_a3.launch.py
[4.754s] -- Up-to-date symlink: /home/qty/ros2_ws/install/rplidar_ros/share/rplidar_ros/launch/view_rplidar.launch.py
[4.754s] -- Up-to-date symlink: /home/qty/ros2_ws/install/rplidar_ros/share/rplidar_ros/launch/view_rplidar_a3.launch.py
[4.754s] -- Up-to-date symlink: /home/qty/ros2_ws/install/rplidar_ros/share/rplidar_ros/launch/view_rplidar_s1.launch.py
[4.754s] -- Up-to-date symlink: /home/qty/ros2_ws/install/rplidar_ros/share/rplidar_ros/launch/view_rplidar_s1_tcp.launch.py
[4.754s] -- Up-to-date symlink: /home/qty/ros2_ws/install/rplidar_ros/share/rplidar_ros/rviz/rplidar.rviz
[4.755s] -- Up-to-date symlink: /home/qty/ros2_ws/install/rplidar_ros/lib/librplidar_composition_node.so
[4.755s] -- Up-to-date symlink: /home/qty/ros2_ws/install/rplidar_ros/include/rplidar_node.hpp
[4.755s] -- Up-to-date symlink: /home/qty/ros2_ws/install/rplidar_ros/include/visibility.h
[4.755s] -- Up-to-date symlink: /home/qty/ros2_ws/install/rplidar_ros/lib/rplidar_ros/rplidarNode
[4.756s] -- Up-to-date symlink: /home/qty/ros2_ws/install/rplidar_ros/lib/rplidar_ros/rplidarNodeClient
[4.756s] -- Up-to-date symlink: /home/qty/ros2_ws/install/rplidar_ros/lib/rplidar_ros/rplidar_composition
[4.756s] -- Up-to-date symlink: /home/qty/ros2_ws/install/rplidar_ros/share/ament_index/resource_index/package_run_dependencies/rplidar_ros
[4.756s] -- Up-to-date symlink: /home/qty/ros2_ws/install/rplidar_ros/share/ament_index/resource_index/parent_prefix_path/rplidar_ros
[4.756s] -- Up-to-date symlink: /home/qty/ros2_ws/install/rplidar_ros/share/rplidar_ros/environment/ament_prefix_path.sh
[4.757s] -- Up-to-date symlink: /home/qty/ros2_ws/install/rplidar_ros/share/rplidar_ros/environment/ament_prefix_path.dsv
[4.757s] -- Up-to-date symlink: /home/qty/ros2_ws/install/rplidar_ros/share/rplidar_ros/environment/path.sh
[4.757s] -- Up-to-date symlink: /home/qty/ros2_ws/install/rplidar_ros/share/rplidar_ros/environment/path.dsv
[4.757s] -- Up-to-date symlink: /home/qty/ros2_ws/install/rplidar_ros/share/rplidar_ros/local_setup.bash
[4.757s] -- Up-to-date symlink: /home/qty/ros2_ws/install/rplidar_ros/share/rplidar_ros/local_setup.sh
[4.757s] -- Up-to-date symlink: /home/qty/ros2_ws/install/rplidar_ros/share/rplidar_ros/local_setup.zsh
[4.758s] -- Up-to-date symlink: /home/qty/ros2_ws/install/rplidar_ros/share/rplidar_ros/local_setup.dsv
[4.758s] -- Symlinking: /home/qty/ros2_ws/install/rplidar_ros/share/rplidar_ros/package.dsv
[4.764s] -- Up-to-date symlink: /home/qty/ros2_ws/install/rplidar_ros/share/ament_index/resource_index/packages/rplidar_ros
[4.764s] -- Up-to-date symlink: /home/qty/ros2_ws/install/rplidar_ros/share/rplidar_ros/cmake/ament_cmake_export_dependencies-extras.cmake
[4.764s] -- Up-to-date symlink: /home/qty/ros2_ws/install/rplidar_ros/share/rplidar_ros/cmake/ament_cmake_export_include_directories-extras.cmake
[4.764s] -- Up-to-date symlink: /home/qty/ros2_ws/install/rplidar_ros/share/rplidar_ros/cmake/rplidar_rosConfig.cmake
[4.764s] -- Up-to-date symlink: /home/qty/ros2_ws/install/rplidar_ros/share/rplidar_ros/cmake/rplidar_rosConfig-version.cmake
[4.764s] -- Up-to-date symlink: /home/qty/ros2_ws/install/rplidar_ros/share/rplidar_ros/package.xml
[4.765s] Invoked command in '/home/qty/ros2_ws/build/rplidar_ros' returned '0': CMAKE_PREFIX_PATH=${CMAKE_PREFIX_PATH}:/home/qty/ros2_ws/install/hoverBoardController:/home/qty/ros2_ws/install/examples_rclpy_minimal_subscriber:/home/qty/ros2_ws/install/examples_rclpy_minimal_service:/home/qty/ros2_ws/install/examples_rclpy_minimal_publisher:/home/qty/ros2_ws/install/examples_rclpy_minimal_client:/home/qty/ros2_ws/install/examples_rclpy_minimal_action_server:/home/qty/ros2_ws/install/examples_rclpy_minimal_action_client:/home/qty/ros2_ws/install/examples_rclpy_executors:/opt/ros/foxy /usr/bin/cmake --install /home/qty/ros2_ws/build/rplidar_ros
